Running job on compute-0-01
Requested resources:
  - CPUs: 64
  - GPUs: 
  - Memory: 64000
Node counts to process: [70]
Removal percentages to process: [15, 20, 25, 30, 35, 40, 45, 50, 55, 60, 65, 70, 75, 80, 85]%
Number of iterations per combination: 50
Base directory: generated_graphs
Output directory: mis_results_grouped
Total tasks to process: 750
Using 384 processes for parallel computation.
Processed generated_graphs/nodes_70/removal_50percent/graph_35.edgelist: MIS size = 8
Processed generated_graphs/nodes_70/removal_15percent/graph_23.edgelist: MIS size = 4
Processed generated_graphs/nodes_70/removal_50percent/graph_43.edgelist: MIS size = 9
Processed generated_graphs/nodes_70/removal_25percent/graph_45.edgelist: MIS size = 5
Processed generated_graphs/nodes_70/removal_55percent/graph_25.edgelist: MIS size = 9
Processed generated_graphs/nodes_70/removal_15percent/graph_10.edgelist: MIS size = 4
Processed generated_graphs/nodes_70/removal_50percent/graph_26.edgelist: MIS size = 9
Processed generated_graphs/nodes_70/removal_15percent/graph_48.edgelist: MIS size = 4
Processed generated_graphs/nodes_70/removal_55percent/graph_44.edgelist: MIS size = 10
Processed generated_graphs/nodes_70/removal_15percent/graph_49.edgelist: MIS size = 4
Processed generated_graphs/nodes_70/removal_55percent/graph_29.edgelist: MIS size = 9
Processed generated_graphs/nodes_70/removal_15percent/graph_40.edgelist: MIS size = 4
Processed generated_graphs/nodes_70/removal_55percent/graph_34.edgelist: MIS size = 9
Processed generated_graphs/nodes_70/removal_20percent/graph_36.edgelist: MIS size = 4
Processed generated_graphs/nodes_70/removal_55percent/graph_30.edgelist: MIS size = 9
Processed generated_graphs/nodes_70/removal_50percent/graph_46.edgelist: MIS size = 8
Processed generated_graphs/nodes_70/removal_15percent/graph_2.edgelist: MIS size = 4
Processed generated_graphs/nodes_70/removal_55percent/graph_20.edgelist: MIS size = 9
Processed generated_graphs/nodes_70/removal_50percent/graph_39.edgelist: MIS size = 9
Processed generated_graphs/nodes_70/removal_15percent/graph_15.edgelist: MIS size = 5
Processed generated_graphs/nodes_70/removal_55percent/graph_40.edgelist: MIS size = 9
Processed generated_graphs/nodes_70/removal_25percent/graph_9.edgelist: MIS size = 5
Processed generated_graphs/nodes_70/removal_55percent/graph_9.edgelist: MIS size = 9
Processed generated_graphs/nodes_70/removal_20percent/graph_32.edgelist: MIS size = 5
Processed generated_graphs/nodes_70/removal_55percent/graph_28.edgelist: MIS size = 9
Processed generated_graphs/nodes_70/removal_40percent/graph_21.edgelist: MIS size = 7
Processed generated_graphs/nodes_70/removal_15percent/graph_12.edgelist: MIS size = 5
Processed generated_graphs/nodes_70/removal_55percent/graph_4.edgelist: MIS size = 9
Processed generated_graphs/nodes_70/removal_45percent/graph_37.edgelist: MIS size = 7
Processed generated_graphs/nodes_70/removal_20percent/graph_34.edgelist: MIS size = 5
Processed generated_graphs/nodes_70/removal_55percent/graph_23.edgelist: MIS size = 9
Processed generated_graphs/nodes_70/removal_40percent/graph_12.edgelist: MIS size = 6
Processed generated_graphs/nodes_70/removal_20percent/graph_3.edgelist: MIS size = 5
Processed generated_graphs/nodes_70/removal_55percent/graph_26.edgelist: MIS size = 9
Processed generated_graphs/nodes_70/removal_50percent/graph_13.edgelist: MIS size = 8
Processed generated_graphs/nodes_70/removal_20percent/graph_33.edgelist: MIS size = 5
Processed generated_graphs/nodes_70/removal_55percent/graph_27.edgelist: MIS size = 9
Processed generated_graphs/nodes_70/removal_50percent/graph_22.edgelist: MIS size = 8
Processed generated_graphs/nodes_70/removal_40percent/graph_36.edgelist: MIS size = 7
Processed generated_graphs/nodes_70/removal_30percent/graph_17.edgelist: MIS size = 6
Processed generated_graphs/nodes_70/removal_55percent/graph_50.edgelist: MIS size = 9
Processed generated_graphs/nodes_70/removal_30percent/graph_39.edgelist: MIS size = 6
Processed generated_graphs/nodes_70/removal_55percent/graph_38.edgelist: MIS size = 9
Processed generated_graphs/nodes_70/removal_15percent/graph_33.edgelist: MIS size = 4
Processed generated_graphs/nodes_70/removal_55percent/graph_15.edgelist: MIS size = 9
Processed generated_graphs/nodes_70/removal_15percent/graph_7.edgelist: MIS size = 4
Processed generated_graphs/nodes_70/removal_55percent/graph_14.edgelist: MIS size = 9
Processed generated_graphs/nodes_70/removal_15percent/graph_37.edgelist: MIS size = 4
Processed generated_graphs/nodes_70/removal_55percent/graph_7.edgelist: MIS size = 9
Processed generated_graphs/nodes_70/removal_20percent/graph_42.edgelist: MIS size = 4
Processed generated_graphs/nodes_70/removal_55percent/graph_8.edgelist: MIS size = 10
Processed generated_graphs/nodes_70/removal_45percent/graph_39.edgelist: MIS size = 8
Processed generated_graphs/nodes_70/removal_15percent/graph_24.edgelist: MIS size = 4
Processed generated_graphs/nodes_70/removal_55percent/graph_13.edgelist: MIS size = 10
Processed generated_graphs/nodes_70/removal_15percent/graph_21.edgelist: MIS size = 4
Processed generated_graphs/nodes_70/removal_50percent/graph_7.edgelist: MIS size = 8
Processed generated_graphs/nodes_70/removal_50percent/graph_11.edgelist: MIS size = 8
Processed generated_graphs/nodes_70/removal_50percent/graph_17.edgelist: MIS size = 9
Processed generated_graphs/nodes_70/removal_45percent/graph_2.edgelist: MIS size = 8
Processed generated_graphs/nodes_70/removal_45percent/graph_32.edgelist: MIS size = 7
Processed generated_graphs/nodes_70/removal_55percent/graph_3.edgelist: MIS size = 9
Processed generated_graphs/nodes_70/removal_50percent/graph_23.edgelist: MIS size = 9
Processed generated_graphs/nodes_70/removal_25percent/graph_14.edgelist: MIS size = 5
Processed generated_graphs/nodes_70/removal_55percent/graph_2.edgelist: MIS size = 9
Processed generated_graphs/nodes_70/removal_15percent/graph_14.edgelist: MIS size = 4
Processed generated_graphs/nodes_70/removal_50percent/graph_50.edgelist: MIS size = 8
Processed generated_graphs/nodes_70/removal_60percent/graph_21.edgelist: MIS size = 10
Processed generated_graphs/nodes_70/removal_25percent/graph_42.edgelist: MIS size = 5
Processed generated_graphs/nodes_70/removal_55percent/graph_24.edgelist: MIS size = 9
Processed generated_graphs/nodes_70/removal_15percent/graph_25.edgelist: MIS size = 4
Processed generated_graphs/nodes_70/removal_55percent/graph_12.edgelist: MIS size = 9
Processed generated_graphs/nodes_70/removal_15percent/graph_18.edgelist: MIS size = 4
Processed generated_graphs/nodes_70/removal_55percent/graph_47.edgelist: MIS size = 9
Processed generated_graphs/nodes_70/removal_25percent/graph_23.edgelist: MIS size = 5
Processed generated_graphs/nodes_70/removal_55percent/graph_46.edgelist: MIS size = 9
Processed generated_graphs/nodes_70/removal_50percent/graph_36.edgelist: MIS size = 9
Processed generated_graphs/nodes_70/removal_50percent/graph_28.edgelist: MIS size = 8
Processed generated_graphs/nodes_70/removal_25percent/graph_32.edgelist: MIS size = 5
Processed generated_graphs/nodes_70/removal_55percent/graph_36.edgelist: MIS size = 9
Processed generated_graphs/nodes_70/removal_40percent/graph_43.edgelist: MIS size = 7
Processed generated_graphs/nodes_70/removal_40percent/graph_7.edgelist: MIS size = 7
Processed generated_graphs/nodes_70/removal_25percent/graph_3.edgelist: MIS size = 6
Processed generated_graphs/nodes_70/removal_55percent/graph_49.edgelist: MIS size = 9
Processed generated_graphs/nodes_70/removal_40percent/graph_33.edgelist: MIS size = 7
Processed generated_graphs/nodes_70/removal_15percent/graph_16.edgelist: MIS size = 4
Processed generated_graphs/nodes_70/removal_55percent/graph_33.edgelist: MIS size = 9
Processed generated_graphs/nodes_70/removal_45percent/graph_13.edgelist: MIS size = 8
Processed generated_graphs/nodes_70/removal_15percent/graph_44.edgelist: MIS size = 4
Processed generated_graphs/nodes_70/removal_55percent/graph_16.edgelist: MIS size = 10
Processed generated_graphs/nodes_70/removal_25percent/graph_29.edgelist: MIS size = 5
Processed generated_graphs/nodes_70/removal_60percent/graph_28.edgelist: MIS size = 10
Processed generated_graphs/nodes_70/removal_40percent/graph_39.edgelist: MIS size = 7
Processed generated_graphs/nodes_70/removal_15percent/graph_46.edgelist: MIS size = 4
Processed generated_graphs/nodes_70/removal_55percent/graph_32.edgelist: MIS size = 9
Processed generated_graphs/nodes_70/removal_25percent/graph_41.edgelist: MIS size = 5
Processed generated_graphs/nodes_70/removal_60percent/graph_45.edgelist: MIS size = 10
Processed generated_graphs/nodes_70/removal_40percent/graph_8.edgelist: MIS size = 6
Processed generated_graphs/nodes_70/removal_40percent/graph_41.edgelist: MIS size = 7
Processed generated_graphs/nodes_70/removal_50percent/graph_40.edgelist: MIS size = 9
Processed generated_graphs/nodes_70/removal_15percent/graph_1.edgelist: MIS size = 4
Processed generated_graphs/nodes_70/removal_45percent/graph_9.edgelist: MIS size = 8
Processed generated_graphs/nodes_70/removal_20percent/graph_7.edgelist: MIS size = 5
Processed generated_graphs/nodes_70/removal_60percent/graph_34.edgelist: MIS size = 10
Processed generated_graphs/nodes_70/removal_35percent/graph_40.edgelist: MIS size = 6
Processed generated_graphs/nodes_70/removal_60percent/graph_24.edgelist: MIS size = 10
Processed generated_graphs/nodes_70/removal_25percent/graph_40.edgelist: MIS size = 5
Processed generated_graphs/nodes_70/removal_55percent/graph_35.edgelist: MIS size = 9
Processed generated_graphs/nodes_70/removal_50percent/graph_16.edgelist: MIS size = 8
Processed generated_graphs/nodes_70/removal_20percent/graph_37.edgelist: MIS size = 4
Processed generated_graphs/nodes_70/removal_55percent/graph_5.edgelist: MIS size = 10
Processed generated_graphs/nodes_70/removal_20percent/graph_28.edgelist: MIS size = 5
Processed generated_graphs/nodes_70/removal_55percent/graph_42.edgelist: MIS size = 10
Processed generated_graphs/nodes_70/removal_50percent/graph_15.edgelist: MIS size = 8
Processed generated_graphs/nodes_70/removal_50percent/graph_10.edgelist: MIS size = 8
Processed generated_graphs/nodes_70/removal_50percent/graph_2.edgelist: MIS size = 8
Processed generated_graphs/nodes_70/removal_50percent/graph_42.edgelist: MIS size = 8
Processed generated_graphs/nodes_70/removal_50percent/graph_1.edgelist: MIS size = 8
Processed generated_graphs/nodes_70/removal_40percent/graph_23.edgelist: MIS size = 7
Processed generated_graphs/nodes_70/removal_60percent/graph_49.edgelist: MIS size = 10
Processed generated_graphs/nodes_70/removal_15percent/graph_13.edgelist: MIS size = 4
Processed generated_graphs/nodes_70/removal_55percent/graph_31.edgelist: MIS size = 10
Processed generated_graphs/nodes_70/removal_20percent/graph_46.edgelist: MIS size = 4
Processed generated_graphs/nodes_70/removal_55percent/graph_39.edgelist: MIS size = 9
Processed generated_graphs/nodes_70/removal_50percent/graph_18.edgelist: MIS size = 8
Processed generated_graphs/nodes_70/removal_50percent/graph_25.edgelist: MIS size = 8
Processed generated_graphs/nodes_70/removal_20percent/graph_40.edgelist: MIS size = 4
Processed generated_graphs/nodes_70/removal_55percent/graph_43.edgelist: MIS size = 9
Processed generated_graphs/nodes_70/removal_25percent/graph_10.edgelist: MIS size = 5
Processed generated_graphs/nodes_70/removal_60percent/graph_13.edgelist: MIS size = 10
Processed generated_graphs/nodes_70/removal_40percent/graph_30.edgelist: MIS size = 7
Processed generated_graphs/nodes_70/removal_60percent/graph_4.edgelist: MIS size = 10
Processed generated_graphs/nodes_70/removal_20percent/graph_8.edgelist: MIS size = 5
Processed generated_graphs/nodes_70/removal_60percent/graph_37.edgelist: MIS size = 12
Processed generated_graphs/nodes_70/removal_20percent/graph_5.edgelist: MIS size = 4
Processed generated_graphs/nodes_70/removal_55percent/graph_37.edgelist: MIS size = 10
Processed generated_graphs/nodes_70/removal_35percent/graph_41.edgelist: MIS size = 7
Processed generated_graphs/nodes_70/removal_60percent/graph_23.edgelist: MIS size = 11
Processed generated_graphs/nodes_70/removal_40percent/graph_29.edgelist: MIS size = 7
Processed generated_graphs/nodes_70/removal_60percent/graph_5.edgelist: MIS size = 10
Processed generated_graphs/nodes_70/removal_20percent/graph_41.edgelist: MIS size = 4
Processed generated_graphs/nodes_70/removal_55percent/graph_41.edgelist: MIS size = 10
Processed generated_graphs/nodes_70/removal_15percent/graph_36.edgelist: MIS size = 5
Processed generated_graphs/nodes_70/removal_55percent/graph_17.edgelist: MIS size = 10
Processed generated_graphs/nodes_70/removal_30percent/graph_28.edgelist: MIS size = 6
Processed generated_graphs/nodes_70/removal_60percent/graph_18.edgelist: MIS size = 10
Processed generated_graphs/nodes_70/removal_35percent/graph_15.edgelist: MIS size = 7
Processed generated_graphs/nodes_70/removal_60percent/graph_31.edgelist: MIS size = 11
Processed generated_graphs/nodes_70/removal_25percent/graph_15.edgelist: MIS size = 5
Processed generated_graphs/nodes_70/removal_60percent/graph_10.edgelist: MIS size = 11
Processed generated_graphs/nodes_70/removal_15percent/graph_28.edgelist: MIS size = 4
Processed generated_graphs/nodes_70/removal_50percent/graph_4.edgelist: MIS size = 8
Processed generated_graphs/nodes_70/removal_60percent/graph_22.edgelist: MIS size = 11
Processed generated_graphs/nodes_70/removal_40percent/graph_3.edgelist: MIS size = 7
Processed generated_graphs/nodes_70/removal_60percent/graph_8.edgelist: MIS size = 10
Processed generated_graphs/nodes_70/removal_20percent/graph_19.edgelist: MIS size = 5
Processed generated_graphs/nodes_70/removal_60percent/graph_16.edgelist: MIS size = 10
Processed generated_graphs/nodes_70/removal_25percent/graph_50.edgelist: MIS size = 5
Processed generated_graphs/nodes_70/removal_60percent/graph_2.edgelist: MIS size = 11
Processed generated_graphs/nodes_70/removal_40percent/graph_26.edgelist: MIS size = 7
Processed generated_graphs/nodes_70/removal_60percent/graph_7.edgelist: MIS size = 11
Processed generated_graphs/nodes_70/removal_20percent/graph_23.edgelist: MIS size = 5
Processed generated_graphs/nodes_70/removal_60percent/graph_15.edgelist: MIS size = 11
Processed generated_graphs/nodes_70/removal_20percent/graph_15.edgelist: MIS size = 5
Processed generated_graphs/nodes_70/removal_60percent/graph_12.edgelist: MIS size = 11
Processed generated_graphs/nodes_70/removal_25percent/graph_13.edgelist: MIS size = 5
Processed generated_graphs/nodes_70/removal_60percent/graph_47.edgelist: MIS size = 10
Processed generated_graphs/nodes_70/removal_45percent/graph_19.edgelist: MIS size = 7
Processed generated_graphs/nodes_70/removal_60percent/graph_29.edgelist: MIS size = 10
Processed generated_graphs/nodes_70/removal_45percent/graph_23.edgelist: MIS size = 8
Processed generated_graphs/nodes_70/removal_60percent/graph_9.edgelist: MIS size = 10
Processed generated_graphs/nodes_70/removal_35percent/graph_33.edgelist: MIS size = 7
Processed generated_graphs/nodes_70/removal_60percent/graph_27.edgelist: MIS size = 10
Processed generated_graphs/nodes_70/removal_20percent/graph_9.edgelist: MIS size = 4
Processed generated_graphs/nodes_70/removal_60percent/graph_35.edgelist: MIS size = 10
Processed generated_graphs/nodes_70/removal_35percent/graph_1.edgelist: MIS size = 6
Processed generated_graphs/nodes_70/removal_60percent/graph_26.edgelist: MIS size = 10
Processed generated_graphs/nodes_70/removal_45percent/graph_8.edgelist: MIS size = 7
Processed generated_graphs/nodes_70/removal_60percent/graph_36.edgelist: MIS size = 10
Processed generated_graphs/nodes_70/removal_30percent/graph_3.edgelist: MIS size = 6
Processed generated_graphs/nodes_70/removal_60percent/graph_17.edgelist: MIS size = 9
Processed generated_graphs/nodes_70/removal_30percent/graph_37.edgelist: MIS size = 6
Processed generated_graphs/nodes_70/removal_60percent/graph_14.edgelist: MIS size = 11
Processed generated_graphs/nodes_70/removal_20percent/graph_43.edgelist: MIS size = 5
Processed generated_graphs/nodes_70/removal_60percent/graph_32.edgelist: MIS size = 10
Processed generated_graphs/nodes_70/removal_30percent/graph_5.edgelist: MIS size = 6
Processed generated_graphs/nodes_70/removal_60percent/graph_42.edgelist: MIS size = 10
Processed generated_graphs/nodes_70/removal_30percent/graph_41.edgelist: MIS size = 6
Processed generated_graphs/nodes_70/removal_60percent/graph_1.edgelist: MIS size = 10
Processed generated_graphs/nodes_70/removal_20percent/graph_38.edgelist: MIS size = 4
Processed generated_graphs/nodes_70/removal_60percent/graph_25.edgelist: MIS size = 10
Processed generated_graphs/nodes_70/removal_35percent/graph_44.edgelist: MIS size = 6
Processed generated_graphs/nodes_70/removal_60percent/graph_43.edgelist: MIS size = 11
Processed generated_graphs/nodes_70/removal_25percent/graph_26.edgelist: MIS size = 5
Processed generated_graphs/nodes_70/removal_60percent/graph_44.edgelist: MIS size = 12
Processed generated_graphs/nodes_70/removal_15percent/graph_43.edgelist: MIS size = 4
Processed generated_graphs/nodes_70/removal_55percent/graph_1.edgelist: MIS size = 9
Processed generated_graphs/nodes_70/removal_65percent/graph_30.edgelist: MIS size = 11
Processed generated_graphs/nodes_70/removal_45percent/graph_10.edgelist: MIS size = 7
Processed generated_graphs/nodes_70/removal_60percent/graph_30.edgelist: MIS size = 10
Processed generated_graphs/nodes_70/removal_40percent/graph_14.edgelist: MIS size = 7
Processed generated_graphs/nodes_70/removal_60percent/graph_48.edgelist: MIS size = 11
Processed generated_graphs/nodes_70/removal_30percent/graph_14.edgelist: MIS size = 6
Processed generated_graphs/nodes_70/removal_60percent/graph_50.edgelist: MIS size = 10
Processed generated_graphs/nodes_70/removal_25percent/graph_5.edgelist: MIS size = 5
Processed generated_graphs/nodes_70/removal_60percent/graph_40.edgelist: MIS size = 10
Processed generated_graphs/nodes_70/removal_25percent/graph_24.edgelist: MIS size = 5
Processed generated_graphs/nodes_70/removal_60percent/graph_39.edgelist: MIS size = 10
Processed generated_graphs/nodes_70/removal_25percent/graph_18.edgelist: MIS size = 5
Processed generated_graphs/nodes_70/removal_60percent/graph_38.edgelist: MIS size = 10
Processed generated_graphs/nodes_70/removal_50percent/graph_14.edgelist: MIS size = 8
Processed generated_graphs/nodes_70/removal_50percent/graph_20.edgelist: MIS size = 9
Processed generated_graphs/nodes_70/removal_25percent/graph_43.edgelist: MIS size = 5
Processed generated_graphs/nodes_70/removal_60percent/graph_46.edgelist: MIS size = 10
Processed generated_graphs/nodes_70/removal_25percent/graph_48.edgelist: MIS size = 6
Processed generated_graphs/nodes_70/removal_60percent/graph_33.edgelist: MIS size = 10
Processed generated_graphs/nodes_70/removal_30percent/graph_24.edgelist: MIS size = 6
Processed generated_graphs/nodes_70/removal_65percent/graph_15.edgelist: MIS size = 12
Processed generated_graphs/nodes_70/removal_50percent/graph_3.edgelist: MIS size = 8
Processed generated_graphs/nodes_70/removal_30percent/graph_1.edgelist: MIS size = 5
Processed generated_graphs/nodes_70/removal_60percent/graph_41.edgelist: MIS size = 10
Processed generated_graphs/nodes_70/removal_30percent/graph_8.edgelist: MIS size = 6
Processed generated_graphs/nodes_70/removal_60percent/graph_19.edgelist: MIS size = 10
Processed generated_graphs/nodes_70/removal_25percent/graph_28.edgelist: MIS size = 5
Processed generated_graphs/nodes_70/removal_60percent/graph_3.edgelist: MIS size = 11
Processed generated_graphs/nodes_70/removal_15percent/graph_17.edgelist: MIS size = 4
Processed generated_graphs/nodes_70/removal_50percent/graph_8.edgelist: MIS size = 8
Processed generated_graphs/nodes_70/removal_65percent/graph_16.edgelist: MIS size = 12
Processed generated_graphs/nodes_70/removal_15percent/graph_19.edgelist: MIS size = 4
Processed generated_graphs/nodes_70/removal_50percent/graph_6.edgelist: MIS size = 8
Processed generated_graphs/nodes_70/removal_65percent/graph_3.edgelist: MIS size = 11
Processed generated_graphs/nodes_70/removal_45percent/graph_24.edgelist: MIS size = 8
Processed generated_graphs/nodes_70/removal_65percent/graph_47.edgelist: MIS size = 12
Processed generated_graphs/nodes_70/removal_50percent/graph_34.edgelist: MIS size = 8
Processed generated_graphs/nodes_70/removal_20percent/graph_12.edgelist: MIS size = 4
Processed generated_graphs/nodes_70/removal_65percent/graph_17.edgelist: MIS size = 11
Processed generated_graphs/nodes_70/removal_30percent/graph_11.edgelist: MIS size = 5
Processed generated_graphs/nodes_70/removal_65percent/graph_44.edgelist: MIS size = 11
Processed generated_graphs/nodes_70/removal_45percent/graph_4.edgelist: MIS size = 8
Processed generated_graphs/nodes_70/removal_65percent/graph_13.edgelist: MIS size = 11
Processed generated_graphs/nodes_70/removal_30percent/graph_35.edgelist: MIS size = 5
Processed generated_graphs/nodes_70/removal_60percent/graph_20.edgelist: MIS size = 10
Processed generated_graphs/nodes_70/removal_50percent/graph_19.edgelist: MIS size = 8
Processed generated_graphs/nodes_70/removal_30percent/graph_9.edgelist: MIS size = 6
Processed generated_graphs/nodes_70/removal_60percent/graph_6.edgelist: MIS size = 10
Processed generated_graphs/nodes_70/removal_25percent/graph_20.edgelist: MIS size = 5
Processed generated_graphs/nodes_70/removal_60percent/graph_11.edgelist: MIS size = 10
Processed generated_graphs/nodes_70/removal_25percent/graph_8.edgelist: MIS size = 6
Processed generated_graphs/nodes_70/removal_65percent/graph_37.edgelist: MIS size = 11
Processed generated_graphs/nodes_70/removal_25percent/graph_22.edgelist: MIS size = 5
Processed generated_graphs/nodes_70/removal_65percent/graph_33.edgelist: MIS size = 12
Processed generated_graphs/nodes_70/removal_50percent/graph_29.edgelist: MIS size = 9
Processed generated_graphs/nodes_70/removal_50percent/graph_33.edgelist: MIS size = 8
Processed generated_graphs/nodes_70/removal_35percent/graph_29.edgelist: MIS size = 6
Processed generated_graphs/nodes_70/removal_65percent/graph_18.edgelist: MIS size = 12
Processed generated_graphs/nodes_70/removal_30percent/graph_20.edgelist: MIS size = 6
Processed generated_graphs/nodes_70/removal_65percent/graph_45.edgelist: MIS size = 11
Processed generated_graphs/nodes_70/removal_25percent/graph_33.edgelist: MIS size = 5
Processed generated_graphs/nodes_70/removal_65percent/graph_38.edgelist: MIS size = 12
Processed generated_graphs/nodes_70/removal_35percent/graph_38.edgelist: MIS size = 6
Processed generated_graphs/nodes_70/removal_65percent/graph_25.edgelist: MIS size = 11
Processed generated_graphs/nodes_70/removal_15percent/graph_5.edgelist: MIS size = 4
Processed generated_graphs/nodes_70/removal_65percent/graph_14.edgelist: MIS size = 11
Processed generated_graphs/nodes_70/removal_15percent/graph_41.edgelist: MIS size = 4
Processed generated_graphs/nodes_70/removal_65percent/graph_1.edgelist: MIS size = 11
Processed generated_graphs/nodes_70/removal_20percent/graph_11.edgelist: MIS size = 5
Processed generated_graphs/nodes_70/removal_65percent/graph_12.edgelist: MIS size = 11
Processed generated_graphs/nodes_70/removal_45percent/graph_47.edgelist: MIS size = 8
Processed generated_graphs/nodes_70/removal_65percent/graph_19.edgelist: MIS size = 11
Processed generated_graphs/nodes_70/removal_45percent/graph_41.edgelist: MIS size = 7
Processed generated_graphs/nodes_70/removal_65percent/graph_48.edgelist: MIS size = 11
Processed generated_graphs/nodes_70/removal_45percent/graph_27.edgelist: MIS size = 8
Processed generated_graphs/nodes_70/removal_65percent/graph_21.edgelist: MIS size = 11
Processed generated_graphs/nodes_70/removal_25percent/graph_25.edgelist: MIS size = 5
Processed generated_graphs/nodes_70/removal_70percent/graph_38.edgelist: MIS size = 13
Processed generated_graphs/nodes_70/removal_45percent/graph_34.edgelist: MIS size = 8
Processed generated_graphs/nodes_70/removal_65percent/graph_24.edgelist: MIS size = 12
Processed generated_graphs/nodes_70/removal_50percent/graph_24.edgelist: MIS size = 9
Processed generated_graphs/nodes_70/removal_35percent/graph_37.edgelist: MIS size = 7
Processed generated_graphs/nodes_70/removal_65percent/graph_41.edgelist: MIS size = 11
Processed generated_graphs/nodes_70/removal_20percent/graph_25.edgelist: MIS size = 5
Processed generated_graphs/nodes_70/removal_65percent/graph_7.edgelist: MIS size = 11
Processed generated_graphs/nodes_70/removal_20percent/graph_21.edgelist: MIS size = 4
Processed generated_graphs/nodes_70/removal_65percent/graph_29.edgelist: MIS size = 12
Processed generated_graphs/nodes_70/removal_20percent/graph_16.edgelist: MIS size = 4
Processed generated_graphs/nodes_70/removal_65percent/graph_26.edgelist: MIS size = 12
Processed generated_graphs/nodes_70/removal_25percent/graph_34.edgelist: MIS size = 5
Processed generated_graphs/nodes_70/removal_65percent/graph_43.edgelist: MIS size = 11
Processed generated_graphs/nodes_70/removal_20percent/graph_49.edgelist: MIS size = 5
Processed generated_graphs/nodes_70/removal_65percent/graph_6.edgelist: MIS size = 11
Processed generated_graphs/nodes_70/removal_45percent/graph_25.edgelist: MIS size = 8
Processed generated_graphs/nodes_70/removal_65percent/graph_31.edgelist: MIS size = 11
Processed generated_graphs/nodes_70/removal_20percent/graph_48.edgelist: MIS size = 4
Processed generated_graphs/nodes_70/removal_65percent/graph_28.edgelist: MIS size = 11
Processed generated_graphs/nodes_70/removal_45percent/graph_33.edgelist: MIS size = 7
Processed generated_graphs/nodes_70/removal_65percent/graph_34.edgelist: MIS size = 11
Processed generated_graphs/nodes_70/removal_15percent/graph_42.edgelist: MIS size = 4
Processed generated_graphs/nodes_70/removal_65percent/graph_46.edgelist: MIS size = 11
Processed generated_graphs/nodes_70/removal_35percent/graph_45.edgelist: MIS size = 6
Processed generated_graphs/nodes_70/removal_65percent/graph_35.edgelist: MIS size = 11
Processed generated_graphs/nodes_70/removal_45percent/graph_31.edgelist: MIS size = 8
Processed generated_graphs/nodes_70/removal_65percent/graph_2.edgelist: MIS size = 11
Processed generated_graphs/nodes_70/removal_30percent/graph_48.edgelist: MIS size = 6
Processed generated_graphs/nodes_70/removal_65percent/graph_4.edgelist: MIS size = 11
Processed generated_graphs/nodes_70/removal_35percent/graph_42.edgelist: MIS size = 6
Processed generated_graphs/nodes_70/removal_65percent/graph_49.edgelist: MIS size = 12
Processed generated_graphs/nodes_70/removal_20percent/graph_44.edgelist: MIS size = 5
Processed generated_graphs/nodes_70/removal_65percent/graph_36.edgelist: MIS size = 11
Processed generated_graphs/nodes_70/removal_40percent/graph_4.edgelist: MIS size = 7
Processed generated_graphs/nodes_70/removal_65percent/graph_8.edgelist: MIS size = 11
Processed generated_graphs/nodes_70/removal_45percent/graph_26.edgelist: MIS size = 7
Processed generated_graphs/nodes_70/removal_65percent/graph_5.edgelist: MIS size = 12
Processed generated_graphs/nodes_70/removal_20percent/graph_39.edgelist: MIS size = 5
Processed generated_graphs/nodes_70/removal_65percent/graph_42.edgelist: MIS size = 12
Processed generated_graphs/nodes_70/removal_15percent/graph_8.edgelist: MIS size = 4
Processed generated_graphs/nodes_70/removal_65percent/graph_22.edgelist: MIS size = 11
Processed generated_graphs/nodes_70/removal_45percent/graph_29.edgelist: MIS size = 7
Processed generated_graphs/nodes_70/removal_65percent/graph_32.edgelist: MIS size = 12
Processed generated_graphs/nodes_70/removal_30percent/graph_21.edgelist: MIS size = 6
Processed generated_graphs/nodes_70/removal_65percent/graph_40.edgelist: MIS size = 12
Processed generated_graphs/nodes_70/removal_15percent/graph_45.edgelist: MIS size = 4
Processed generated_graphs/nodes_70/removal_70percent/graph_23.edgelist: MIS size = 13
Processed generated_graphs/nodes_70/removal_25percent/graph_17.edgelist: MIS size = 5
Processed generated_graphs/nodes_70/removal_65percent/graph_39.edgelist: MIS size = 12
Processed generated_graphs/nodes_70/removal_15percent/graph_4.edgelist: MIS size = 4
Processed generated_graphs/nodes_70/removal_55percent/graph_10.edgelist: MIS size = 10
Processed generated_graphs/nodes_70/removal_65percent/graph_27.edgelist: MIS size = 12
Processed generated_graphs/nodes_70/removal_40percent/graph_27.edgelist: MIS size = 7
Processed generated_graphs/nodes_70/removal_65percent/graph_9.edgelist: MIS size = 12
Processed generated_graphs/nodes_70/removal_20percent/graph_6.edgelist: MIS size = 4
Processed generated_graphs/nodes_70/removal_65percent/graph_23.edgelist: MIS size = 12
Processed generated_graphs/nodes_70/removal_20percent/graph_35.edgelist: MIS size = 5
Processed generated_graphs/nodes_70/removal_65percent/graph_50.edgelist: MIS size = 12
Processed generated_graphs/nodes_70/removal_15percent/graph_11.edgelist: MIS size = 4
Processed generated_graphs/nodes_70/removal_65percent/graph_20.edgelist: MIS size = 12
Processed generated_graphs/nodes_70/removal_40percent/graph_6.edgelist: MIS size = 7
Processed generated_graphs/nodes_70/removal_65percent/graph_10.edgelist: MIS size = 12
Processed generated_graphs/nodes_70/removal_45percent/graph_42.edgelist: MIS size = 8
Processed generated_graphs/nodes_70/removal_65percent/graph_11.edgelist: MIS size = 12
Processed generated_graphs/nodes_70/removal_45percent/graph_11.edgelist: MIS size = 8
Processed generated_graphs/nodes_70/removal_70percent/graph_29.edgelist: MIS size = 13
Processed generated_graphs/nodes_70/removal_35percent/graph_17.edgelist: MIS size = 6
Processed generated_graphs/nodes_70/removal_70percent/graph_10.edgelist: MIS size = 13
Processed generated_graphs/nodes_70/removal_20percent/graph_26.edgelist: MIS size = 5
Processed generated_graphs/nodes_70/removal_70percent/graph_20.edgelist: MIS size = 12
Processed generated_graphs/nodes_70/removal_25percent/graph_19.edgelist: MIS size = 5
Processed generated_graphs/nodes_70/removal_70percent/graph_32.edgelist: MIS size = 13
Processed generated_graphs/nodes_70/removal_35percent/graph_32.edgelist: MIS size = 6
Processed generated_graphs/nodes_70/removal_70percent/graph_25.edgelist: MIS size = 13
Processed generated_graphs/nodes_70/removal_45percent/graph_14.edgelist: MIS size = 8
Processed generated_graphs/nodes_70/removal_70percent/graph_36.edgelist: MIS size = 12
Processed generated_graphs/nodes_70/removal_15percent/graph_50.edgelist: MIS size = 4
Processed generated_graphs/nodes_70/removal_70percent/graph_1.edgelist: MIS size = 12
Processed generated_graphs/nodes_70/removal_30percent/graph_18.edgelist: MIS size = 5
Processed generated_graphs/nodes_70/removal_70percent/graph_44.edgelist: MIS size = 12
Processed generated_graphs/nodes_70/removal_30percent/graph_15.edgelist: MIS size = 5
Processed generated_graphs/nodes_70/removal_70percent/graph_50.edgelist: MIS size = 13
Processed generated_graphs/nodes_70/removal_25percent/graph_31.edgelist: MIS size = 5
Processed generated_graphs/nodes_70/removal_70percent/graph_31.edgelist: MIS size = 13
Processed generated_graphs/nodes_70/removal_15percent/graph_38.edgelist: MIS size = 4
Processed generated_graphs/nodes_70/removal_70percent/graph_27.edgelist: MIS size = 12
Processed generated_graphs/nodes_70/removal_45percent/graph_15.edgelist: MIS size = 8
Processed generated_graphs/nodes_70/removal_70percent/graph_39.edgelist: MIS size = 13
Processed generated_graphs/nodes_70/removal_30percent/graph_26.edgelist: MIS size = 6
Processed generated_graphs/nodes_70/removal_70percent/graph_30.edgelist: MIS size = 13
Processed generated_graphs/nodes_70/removal_25percent/graph_44.edgelist: MIS size = 6
Processed generated_graphs/nodes_70/removal_70percent/graph_37.edgelist: MIS size = 13
Processed generated_graphs/nodes_70/removal_25percent/graph_38.edgelist: MIS size = 5
Processed generated_graphs/nodes_70/removal_70percent/graph_34.edgelist: MIS size = 13
Processed generated_graphs/nodes_70/removal_35percent/graph_31.edgelist: MIS size = 7
Processed generated_graphs/nodes_70/removal_70percent/graph_28.edgelist: MIS size = 14
Processed generated_graphs/nodes_70/removal_15percent/graph_31.edgelist: MIS size = 4
Processed generated_graphs/nodes_70/removal_70percent/graph_11.edgelist: MIS size = 13
Processed generated_graphs/nodes_70/removal_30percent/graph_2.edgelist: MIS size = 5
Processed generated_graphs/nodes_70/removal_70percent/graph_9.edgelist: MIS size = 13
Processed generated_graphs/nodes_70/removal_20percent/graph_45.edgelist: MIS size = 4
Processed generated_graphs/nodes_70/removal_70percent/graph_47.edgelist: MIS size = 12
Processed generated_graphs/nodes_70/removal_20percent/graph_4.edgelist: MIS size = 5
Processed generated_graphs/nodes_70/removal_70percent/graph_16.edgelist: MIS size = 12
Processed generated_graphs/nodes_70/removal_30percent/graph_6.edgelist: MIS size = 6
Processed generated_graphs/nodes_70/removal_70percent/graph_49.edgelist: MIS size = 13
Processed generated_graphs/nodes_70/removal_25percent/graph_11.edgelist: MIS size = 5
Processed generated_graphs/nodes_70/removal_70percent/graph_35.edgelist: MIS size = 13
Processed generated_graphs/nodes_70/removal_20percent/graph_24.edgelist: MIS size = 4
Processed generated_graphs/nodes_70/removal_70percent/graph_46.edgelist: MIS size = 12
Processed generated_graphs/nodes_70/removal_25percent/graph_47.edgelist: MIS size = 5
Processed generated_graphs/nodes_70/removal_70percent/graph_48.edgelist: MIS size = 12
Processed generated_graphs/nodes_70/removal_20percent/graph_50.edgelist: MIS size = 5
Processed generated_graphs/nodes_70/removal_70percent/graph_2.edgelist: MIS size = 14
Processed generated_graphs/nodes_70/removal_35percent/graph_3.edgelist: MIS size = 6
Processed generated_graphs/nodes_70/removal_70percent/graph_24.edgelist: MIS size = 13
Processed generated_graphs/nodes_70/removal_25percent/graph_37.edgelist: MIS size = 6
Processed generated_graphs/nodes_70/removal_70percent/graph_40.edgelist: MIS size = 12
Processed generated_graphs/nodes_70/removal_25percent/graph_2.edgelist: MIS size = 5
Processed generated_graphs/nodes_70/removal_70percent/graph_41.edgelist: MIS size = 13
Processed generated_graphs/nodes_70/removal_20percent/graph_14.edgelist: MIS size = 5
Processed generated_graphs/nodes_70/removal_70percent/graph_45.edgelist: MIS size = 13
Processed generated_graphs/nodes_70/removal_25percent/graph_46.edgelist: MIS size = 6
Processed generated_graphs/nodes_70/removal_70percent/graph_13.edgelist: MIS size = 12
Processed generated_graphs/nodes_70/removal_50percent/graph_45.edgelist: MIS size = 8
Processed generated_graphs/nodes_70/removal_70percent/graph_43.edgelist: MIS size = 13
Processed generated_graphs/nodes_70/removal_25percent/graph_36.edgelist: MIS size = 5
Processed generated_graphs/nodes_70/removal_70percent/graph_3.edgelist: MIS size = 13
Processed generated_graphs/nodes_70/removal_15percent/graph_35.edgelist: MIS size = 4
Processed generated_graphs/nodes_70/removal_70percent/graph_21.edgelist: MIS size = 12
Processed generated_graphs/nodes_70/removal_30percent/graph_13.edgelist: MIS size = 6
Processed generated_graphs/nodes_70/removal_70percent/graph_6.edgelist: MIS size = 13
Processed generated_graphs/nodes_70/removal_25percent/graph_16.edgelist: MIS size = 5
Processed generated_graphs/nodes_70/removal_70percent/graph_18.edgelist: MIS size = 13
Processed generated_graphs/nodes_70/removal_20percent/graph_18.edgelist: MIS size = 4
Processed generated_graphs/nodes_70/removal_70percent/graph_12.edgelist: MIS size = 13
Processed generated_graphs/nodes_70/removal_45percent/graph_30.edgelist: MIS size = 7
Processed generated_graphs/nodes_70/removal_70percent/graph_14.edgelist: MIS size = 13
Processed generated_graphs/nodes_70/removal_35percent/graph_28.edgelist: MIS size = 7
Processed generated_graphs/nodes_70/removal_70percent/graph_33.edgelist: MIS size = 13
Processed generated_graphs/nodes_70/removal_20percent/graph_47.edgelist: MIS size = 4
Processed generated_graphs/nodes_70/removal_70percent/graph_22.edgelist: MIS size = 12
Processed generated_graphs/nodes_70/removal_30percent/graph_29.edgelist: MIS size = 5
Processed generated_graphs/nodes_70/removal_70percent/graph_5.edgelist: MIS size = 13
Processed generated_graphs/nodes_70/removal_20percent/graph_2.edgelist: MIS size = 5
Processed generated_graphs/nodes_70/removal_70percent/graph_19.edgelist: MIS size = 13
Processed generated_graphs/nodes_70/removal_15percent/graph_39.edgelist: MIS size = 4
Processed generated_graphs/nodes_70/removal_70percent/graph_26.edgelist: MIS size = 13
Processed generated_graphs/nodes_70/removal_45percent/graph_48.edgelist: MIS size = 8
Processed generated_graphs/nodes_70/removal_55percent/graph_45.edgelist: MIS size = 9
Processed generated_graphs/nodes_70/removal_70percent/graph_42.edgelist: MIS size = 13
Processed generated_graphs/nodes_70/removal_45percent/graph_38.edgelist: MIS size = 8
Processed generated_graphs/nodes_70/removal_70percent/graph_17.edgelist: MIS size = 12
Processed generated_graphs/nodes_70/removal_45percent/graph_3.edgelist: MIS size = 8
Processed generated_graphs/nodes_70/removal_70percent/graph_15.edgelist: MIS size = 13
Processed generated_graphs/nodes_70/removal_35percent/graph_24.edgelist: MIS size = 7
Processed generated_graphs/nodes_70/removal_75percent/graph_47.edgelist: MIS size = 14
Processed generated_graphs/nodes_70/removal_30percent/graph_10.edgelist: MIS size = 5
Processed generated_graphs/nodes_70/removal_70percent/graph_7.edgelist: MIS size = 13
Processed generated_graphs/nodes_70/removal_40percent/graph_15.edgelist: MIS size = 6
Processed generated_graphs/nodes_70/removal_70percent/graph_4.edgelist: MIS size = 14
Processed generated_graphs/nodes_70/removal_30percent/graph_42.edgelist: MIS size = 6
Processed generated_graphs/nodes_70/removal_70percent/graph_8.edgelist: MIS size = 13
Processed generated_graphs/nodes_70/removal_35percent/graph_27.edgelist: MIS size = 7
Processed generated_graphs/nodes_70/removal_75percent/graph_45.edgelist: MIS size = 15
Processed generated_graphs/nodes_70/removal_20percent/graph_31.edgelist: MIS size = 4
Processed generated_graphs/nodes_70/removal_75percent/graph_4.edgelist: MIS size = 14
Processed generated_graphs/nodes_70/removal_35percent/graph_30.edgelist: MIS size = 7
Processed generated_graphs/nodes_70/removal_75percent/graph_44.edgelist: MIS size = 14
Processed generated_graphs/nodes_70/removal_40percent/graph_16.edgelist: MIS size = 7
Processed generated_graphs/nodes_70/removal_75percent/graph_36.edgelist: MIS size = 14
Processed generated_graphs/nodes_70/removal_30percent/graph_47.edgelist: MIS size = 6
Processed generated_graphs/nodes_70/removal_75percent/graph_11.edgelist: MIS size = 15
Processed generated_graphs/nodes_70/removal_30percent/graph_44.edgelist: MIS size = 6
Processed generated_graphs/nodes_70/removal_75percent/graph_22.edgelist: MIS size = 15
Processed generated_graphs/nodes_70/removal_15percent/graph_34.edgelist: MIS size = 4
Processed generated_graphs/nodes_70/removal_75percent/graph_3.edgelist: MIS size = 15
Processed generated_graphs/nodes_70/removal_40percent/graph_44.edgelist: MIS size = 7
Processed generated_graphs/nodes_70/removal_75percent/graph_16.edgelist: MIS size = 14
Processed generated_graphs/nodes_70/removal_45percent/graph_17.edgelist: MIS size = 7
Processed generated_graphs/nodes_70/removal_75percent/graph_6.edgelist: MIS size = 14
Processed generated_graphs/nodes_70/removal_15percent/graph_22.edgelist: MIS size = 4
Processed generated_graphs/nodes_70/removal_50percent/graph_44.edgelist: MIS size = 8
Processed generated_graphs/nodes_70/removal_75percent/graph_20.edgelist: MIS size = 14
Processed generated_graphs/nodes_70/removal_30percent/graph_33.edgelist: MIS size = 6
Processed generated_graphs/nodes_70/removal_75percent/graph_38.edgelist: MIS size = 15
Processed generated_graphs/nodes_70/removal_35percent/graph_48.edgelist: MIS size = 6
Processed generated_graphs/nodes_70/removal_75percent/graph_27.edgelist: MIS size = 14
Processed generated_graphs/nodes_70/removal_30percent/graph_23.edgelist: MIS size = 6
Processed generated_graphs/nodes_70/removal_75percent/graph_2.edgelist: MIS size = 15
Processed generated_graphs/nodes_70/removal_30percent/graph_50.edgelist: MIS size = 5
Processed generated_graphs/nodes_70/removal_75percent/graph_29.edgelist: MIS size = 14
Processed generated_graphs/nodes_70/removal_25percent/graph_6.edgelist: MIS size = 6
Processed generated_graphs/nodes_70/removal_75percent/graph_40.edgelist: MIS size = 15
Processed generated_graphs/nodes_70/removal_30percent/graph_22.edgelist: MIS size = 5
Processed generated_graphs/nodes_70/removal_75percent/graph_26.edgelist: MIS size = 15
Processed generated_graphs/nodes_70/removal_25percent/graph_27.edgelist: MIS size = 5
Processed generated_graphs/nodes_70/removal_75percent/graph_12.edgelist: MIS size = 15
Processed generated_graphs/nodes_70/removal_30percent/graph_36.edgelist: MIS size = 6
Processed generated_graphs/nodes_70/removal_75percent/graph_14.edgelist: MIS size = 14
Processed generated_graphs/nodes_70/removal_35percent/graph_9.edgelist: MIS size = 6
Processed generated_graphs/nodes_70/removal_75percent/graph_46.edgelist: MIS size = 15
Processed generated_graphs/nodes_70/removal_15percent/graph_32.edgelist: MIS size = 4
Processed generated_graphs/nodes_70/removal_75percent/graph_17.edgelist: MIS size = 15
Processed generated_graphs/nodes_70/removal_35percent/graph_12.edgelist: MIS size = 7
Processed generated_graphs/nodes_70/removal_75percent/graph_39.edgelist: MIS size = 15
Processed generated_graphs/nodes_70/removal_30percent/graph_46.edgelist: MIS size = 6
Processed generated_graphs/nodes_70/removal_75percent/graph_1.edgelist: MIS size = 14
Processed generated_graphs/nodes_70/removal_20percent/graph_20.edgelist: MIS size = 5
Processed generated_graphs/nodes_70/removal_75percent/graph_33.edgelist: MIS size = 15
Processed generated_graphs/nodes_70/removal_30percent/graph_31.edgelist: MIS size = 5
Processed generated_graphs/nodes_70/removal_75percent/graph_13.edgelist: MIS size = 15
Processed generated_graphs/nodes_70/removal_30percent/graph_16.edgelist: MIS size = 6
Processed generated_graphs/nodes_70/removal_75percent/graph_25.edgelist: MIS size = 15
Processed generated_graphs/nodes_70/removal_30percent/graph_30.edgelist: MIS size = 5
Processed generated_graphs/nodes_70/removal_75percent/graph_10.edgelist: MIS size = 15
Processed generated_graphs/nodes_70/removal_15percent/graph_27.edgelist: MIS size = 4
Processed generated_graphs/nodes_70/removal_50percent/graph_30.edgelist: MIS size = 8
Processed generated_graphs/nodes_70/removal_75percent/graph_37.edgelist: MIS size = 15
Processed generated_graphs/nodes_70/removal_30percent/graph_43.edgelist: MIS size = 6
Processed generated_graphs/nodes_70/removal_75percent/graph_24.edgelist: MIS size = 15
Processed generated_graphs/nodes_70/removal_35percent/graph_19.edgelist: MIS size = 6
Processed generated_graphs/nodes_70/removal_75percent/graph_7.edgelist: MIS size = 14
Processed generated_graphs/nodes_70/removal_30percent/graph_38.edgelist: MIS size = 5
Processed generated_graphs/nodes_70/removal_75percent/graph_35.edgelist: MIS size = 15
Processed generated_graphs/nodes_70/removal_40percent/graph_24.edgelist: MIS size = 8
Processed generated_graphs/nodes_70/removal_75percent/graph_41.edgelist: MIS size = 15
Processed generated_graphs/nodes_70/removal_30percent/graph_34.edgelist: MIS size = 6
Processed generated_graphs/nodes_70/removal_75percent/graph_42.edgelist: MIS size = 14
Processed generated_graphs/nodes_70/removal_50percent/graph_38.edgelist: MIS size = 8
Processed generated_graphs/nodes_70/removal_75percent/graph_49.edgelist: MIS size = 15
Processed generated_graphs/nodes_70/removal_25percent/graph_39.edgelist: MIS size = 5
Processed generated_graphs/nodes_70/removal_75percent/graph_31.edgelist: MIS size = 15
Processed generated_graphs/nodes_70/removal_45percent/graph_18.edgelist: MIS size = 7
Processed generated_graphs/nodes_70/removal_75percent/graph_50.edgelist: MIS size = 15
Processed generated_graphs/nodes_70/removal_15percent/graph_26.edgelist: MIS size = 4
Processed generated_graphs/nodes_70/removal_50percent/graph_32.edgelist: MIS size = 8
Processed generated_graphs/nodes_70/removal_75percent/graph_19.edgelist: MIS size = 15
Processed generated_graphs/nodes_70/removal_30percent/graph_12.edgelist: MIS size = 5
Processed generated_graphs/nodes_70/removal_75percent/graph_18.edgelist: MIS size = 14
Processed generated_graphs/nodes_70/removal_50percent/graph_31.edgelist: MIS size = 9
Processed generated_graphs/nodes_70/removal_75percent/graph_30.edgelist: MIS size = 14
Processed generated_graphs/nodes_70/removal_30percent/graph_4.edgelist: MIS size = 6
Processed generated_graphs/nodes_70/removal_75percent/graph_28.edgelist: MIS size = 15
Processed generated_graphs/nodes_70/removal_25percent/graph_4.edgelist: MIS size = 5
Processed generated_graphs/nodes_70/removal_75percent/graph_5.edgelist: MIS size = 14
Processed generated_graphs/nodes_70/removal_25percent/graph_7.edgelist: MIS size = 5
Processed generated_graphs/nodes_70/removal_75percent/graph_15.edgelist: MIS size = 14
Processed generated_graphs/nodes_70/removal_30percent/graph_45.edgelist: MIS size = 6
Processed generated_graphs/nodes_70/removal_75percent/graph_21.edgelist: MIS size = 15
Processed generated_graphs/nodes_70/removal_15percent/graph_30.edgelist: MIS size = 4
Processed generated_graphs/nodes_70/removal_50percent/graph_48.edgelist: MIS size = 8
Processed generated_graphs/nodes_70/removal_75percent/graph_32.edgelist: MIS size = 14
Processed generated_graphs/nodes_70/removal_15percent/graph_6.edgelist: MIS size = 4
Processed generated_graphs/nodes_70/removal_55percent/graph_18.edgelist: MIS size = 10
Processed generated_graphs/nodes_70/removal_75percent/graph_48.edgelist: MIS size = 15
Processed generated_graphs/nodes_70/removal_30percent/graph_49.edgelist: MIS size = 6
Processed generated_graphs/nodes_70/removal_75percent/graph_34.edgelist: MIS size = 15
Processed generated_graphs/nodes_70/removal_35percent/graph_13.edgelist: MIS size = 7
Processed generated_graphs/nodes_70/removal_75percent/graph_9.edgelist: MIS size = 15
Processed generated_graphs/nodes_70/removal_30percent/graph_7.edgelist: MIS size = 6
Processed generated_graphs/nodes_70/removal_75percent/graph_23.edgelist: MIS size = 16
Processed generated_graphs/nodes_70/removal_35percent/graph_8.edgelist: MIS size = 6
Processed generated_graphs/nodes_70/removal_75percent/graph_43.edgelist: MIS size = 15
Processed generated_graphs/nodes_70/removal_25percent/graph_30.edgelist: MIS size = 5
Processed generated_graphs/nodes_70/removal_75percent/graph_8.edgelist: MIS size = 15
Processed generated_graphs/nodes_70/removal_35percent/graph_4.edgelist: MIS size = 6
Processed generated_graphs/nodes_70/removal_80percent/graph_43.edgelist: MIS size = 17
Processed generated_graphs/nodes_70/removal_45percent/graph_50.edgelist: MIS size = 7
Processed generated_graphs/nodes_70/removal_80percent/graph_44.edgelist: MIS size = 16
Processed generated_graphs/nodes_70/removal_40percent/graph_48.edgelist: MIS size = 7
Processed generated_graphs/nodes_70/removal_80percent/graph_36.edgelist: MIS size = 16
Processed generated_graphs/nodes_70/removal_40percent/graph_11.edgelist: MIS size = 7
Processed generated_graphs/nodes_70/removal_80percent/graph_35.edgelist: MIS size = 16
Processed generated_graphs/nodes_70/removal_45percent/graph_45.edgelist: MIS size = 7
Processed generated_graphs/nodes_70/removal_80percent/graph_19.edgelist: MIS size = 16
Processed generated_graphs/nodes_70/removal_20percent/graph_17.edgelist: MIS size = 4
Processed generated_graphs/nodes_70/removal_80percent/graph_1.edgelist: MIS size = 17
Processed generated_graphs/nodes_70/removal_20percent/graph_27.edgelist: MIS size = 4
Processed generated_graphs/nodes_70/removal_80percent/graph_22.edgelist: MIS size = 16
Processed generated_graphs/nodes_70/removal_40percent/graph_28.edgelist: MIS size = 7
Processed generated_graphs/nodes_70/removal_80percent/graph_26.edgelist: MIS size = 16
Processed generated_graphs/nodes_70/removal_20percent/graph_13.edgelist: MIS size = 4
Processed generated_graphs/nodes_70/removal_80percent/graph_28.edgelist: MIS size = 17
Processed generated_graphs/nodes_70/removal_35percent/graph_20.edgelist: MIS size = 6
Processed generated_graphs/nodes_70/removal_80percent/graph_29.edgelist: MIS size = 17
Processed generated_graphs/nodes_70/removal_30percent/graph_25.edgelist: MIS size = 5
Processed generated_graphs/nodes_70/removal_80percent/graph_23.edgelist: MIS size = 17
Processed generated_graphs/nodes_70/removal_35percent/graph_34.edgelist: MIS size = 6
Processed generated_graphs/nodes_70/removal_80percent/graph_4.edgelist: MIS size = 17
Processed generated_graphs/nodes_70/removal_40percent/graph_42.edgelist: MIS size = 7
Processed generated_graphs/nodes_70/removal_80percent/graph_30.edgelist: MIS size = 16
Processed generated_graphs/nodes_70/removal_20percent/graph_29.edgelist: MIS size = 5
Processed generated_graphs/nodes_70/removal_80percent/graph_14.edgelist: MIS size = 17
Processed generated_graphs/nodes_70/removal_35percent/graph_23.edgelist: MIS size = 6
Processed generated_graphs/nodes_70/removal_80percent/graph_11.edgelist: MIS size = 17
Processed generated_graphs/nodes_70/removal_40percent/graph_38.edgelist: MIS size = 7
Processed generated_graphs/nodes_70/removal_80percent/graph_48.edgelist: MIS size = 17
Processed generated_graphs/nodes_70/removal_45percent/graph_49.edgelist: MIS size = 7
Processed generated_graphs/nodes_70/removal_80percent/graph_15.edgelist: MIS size = 17
Processed generated_graphs/nodes_70/removal_45percent/graph_12.edgelist: MIS size = 7
Processed generated_graphs/nodes_70/removal_80percent/graph_21.edgelist: MIS size = 17
Processed generated_graphs/nodes_70/removal_30percent/graph_40.edgelist: MIS size = 6
Processed generated_graphs/nodes_70/removal_80percent/graph_12.edgelist: MIS size = 17
Processed generated_graphs/nodes_70/removal_20percent/graph_30.edgelist: MIS size = 5
Processed generated_graphs/nodes_70/removal_80percent/graph_17.edgelist: MIS size = 17
Processed generated_graphs/nodes_70/removal_40percent/graph_46.edgelist: MIS size = 7
Processed generated_graphs/nodes_70/removal_80percent/graph_25.edgelist: MIS size = 18
Processed generated_graphs/nodes_70/removal_45percent/graph_5.edgelist: MIS size = 8
Processed generated_graphs/nodes_70/removal_80percent/graph_39.edgelist: MIS size = 17
Processed generated_graphs/nodes_70/removal_45percent/graph_46.edgelist: MIS size = 7
Processed generated_graphs/nodes_70/removal_80percent/graph_46.edgelist: MIS size = 17
Processed generated_graphs/nodes_70/removal_40percent/graph_35.edgelist: MIS size = 7
Processed generated_graphs/nodes_70/removal_80percent/graph_50.edgelist: MIS size = 16
Processed generated_graphs/nodes_70/removal_25percent/graph_1.edgelist: MIS size = 5
Processed generated_graphs/nodes_70/removal_80percent/graph_40.edgelist: MIS size = 17
Processed generated_graphs/nodes_70/removal_35percent/graph_47.edgelist: MIS size = 6
Processed generated_graphs/nodes_70/removal_80percent/graph_42.edgelist: MIS size = 17
Processed generated_graphs/nodes_70/removal_35percent/graph_18.edgelist: MIS size = 6
Processed generated_graphs/nodes_70/removal_80percent/graph_2.edgelist: MIS size = 18
Processed generated_graphs/nodes_70/removal_35percent/graph_39.edgelist: MIS size = 6
Processed generated_graphs/nodes_70/removal_80percent/graph_10.edgelist: MIS size = 17
Processed generated_graphs/nodes_70/removal_45percent/graph_7.edgelist: MIS size = 8
Processed generated_graphs/nodes_70/removal_80percent/graph_20.edgelist: MIS size = 17
Processed generated_graphs/nodes_70/removal_20percent/graph_22.edgelist: MIS size = 4
Processed generated_graphs/nodes_70/removal_80percent/graph_16.edgelist: MIS size = 17
Processed generated_graphs/nodes_70/removal_35percent/graph_26.edgelist: MIS size = 6
Processed generated_graphs/nodes_70/removal_80percent/graph_27.edgelist: MIS size = 18
Processed generated_graphs/nodes_70/removal_35percent/graph_11.edgelist: MIS size = 6
Processed generated_graphs/nodes_70/removal_80percent/graph_49.edgelist: MIS size = 19
Processed generated_graphs/nodes_70/removal_30percent/graph_32.edgelist: MIS size = 5
Processed generated_graphs/nodes_70/removal_80percent/graph_18.edgelist: MIS size = 18
Processed generated_graphs/nodes_70/removal_15percent/graph_9.edgelist: MIS size = 4
Processed generated_graphs/nodes_70/removal_55percent/graph_11.edgelist: MIS size = 9
Processed generated_graphs/nodes_70/removal_80percent/graph_34.edgelist: MIS size = 17
Processed generated_graphs/nodes_70/removal_35percent/graph_2.edgelist: MIS size = 6
Processed generated_graphs/nodes_70/removal_80percent/graph_37.edgelist: MIS size = 18
Processed generated_graphs/nodes_70/removal_40percent/graph_37.edgelist: MIS size = 7
Processed generated_graphs/nodes_70/removal_80percent/graph_9.edgelist: MIS size = 18
Processed generated_graphs/nodes_70/removal_25percent/graph_35.edgelist: MIS size = 5
Processed generated_graphs/nodes_70/removal_80percent/graph_6.edgelist: MIS size = 17
Processed generated_graphs/nodes_70/removal_25percent/graph_49.edgelist: MIS size = 5
Processed generated_graphs/nodes_70/removal_80percent/graph_32.edgelist: MIS size = 18
Processed generated_graphs/nodes_70/removal_35percent/graph_50.edgelist: MIS size = 6
Processed generated_graphs/nodes_70/removal_80percent/graph_38.edgelist: MIS size = 18
Processed generated_graphs/nodes_70/removal_35percent/graph_5.edgelist: MIS size = 6
Processed generated_graphs/nodes_70/removal_80percent/graph_8.edgelist: MIS size = 18
Processed generated_graphs/nodes_70/removal_40percent/graph_49.edgelist: MIS size = 7
Processed generated_graphs/nodes_70/removal_80percent/graph_45.edgelist: MIS size = 17
Processed generated_graphs/nodes_70/removal_45percent/graph_28.edgelist: MIS size = 8
Processed generated_graphs/nodes_70/removal_80percent/graph_13.edgelist: MIS size = 17
Processed generated_graphs/nodes_70/removal_15percent/graph_29.edgelist: MIS size = 4
Processed generated_graphs/nodes_70/removal_50percent/graph_49.edgelist: MIS size = 8
Processed generated_graphs/nodes_70/removal_80percent/graph_7.edgelist: MIS size = 18
Processed generated_graphs/nodes_70/removal_45percent/graph_22.edgelist: MIS size = 8
Processed generated_graphs/nodes_70/removal_80percent/graph_47.edgelist: MIS size = 17
Processed generated_graphs/nodes_70/removal_15percent/graph_3.edgelist: MIS size = 4
Processed generated_graphs/nodes_70/removal_50percent/graph_47.edgelist: MIS size = 8
Processed generated_graphs/nodes_70/removal_80percent/graph_33.edgelist: MIS size = 17
Processed generated_graphs/nodes_70/removal_20percent/graph_10.edgelist: MIS size = 5
Processed generated_graphs/nodes_70/removal_80percent/graph_31.edgelist: MIS size = 18
Processed generated_graphs/nodes_70/removal_35percent/graph_35.edgelist: MIS size = 6
Processed generated_graphs/nodes_70/removal_80percent/graph_5.edgelist: MIS size = 18
Processed generated_graphs/nodes_70/removal_45percent/graph_44.edgelist: MIS size = 8
Processed generated_graphs/nodes_70/removal_80percent/graph_3.edgelist: MIS size = 18
Processed generated_graphs/nodes_70/removal_35percent/graph_46.edgelist: MIS size = 7
Processed generated_graphs/nodes_70/removal_80percent/graph_24.edgelist: MIS size = 17
Processed generated_graphs/nodes_70/removal_40percent/graph_34.edgelist: MIS size = 7
Processed generated_graphs/nodes_70/removal_85percent/graph_8.edgelist: MIS size = 21
Processed generated_graphs/nodes_70/removal_45percent/graph_16.edgelist: MIS size = 8
Processed generated_graphs/nodes_70/removal_80percent/graph_41.edgelist: MIS size = 17
Processed generated_graphs/nodes_70/removal_40percent/graph_45.edgelist: MIS size = 7
Processed generated_graphs/nodes_70/removal_85percent/graph_47.edgelist: MIS size = 22
Processed generated_graphs/nodes_70/removal_35percent/graph_16.edgelist: MIS size = 6
Processed generated_graphs/nodes_70/removal_85percent/graph_10.edgelist: MIS size = 19
Processed generated_graphs/nodes_70/removal_35percent/graph_43.edgelist: MIS size = 6
Processed generated_graphs/nodes_70/removal_55percent/graph_22.edgelist: MIS size = 9
Processed generated_graphs/nodes_70/removal_85percent/graph_2.edgelist: MIS size = 20
Processed generated_graphs/nodes_70/removal_40percent/graph_31.edgelist: MIS size = 7
Processed generated_graphs/nodes_70/removal_85percent/graph_23.edgelist: MIS size = 20
Processed generated_graphs/nodes_70/removal_30percent/graph_27.edgelist: MIS size = 5
Processed generated_graphs/nodes_70/removal_85percent/graph_22.edgelist: MIS size = 20
Processed generated_graphs/nodes_70/removal_40percent/graph_20.edgelist: MIS size = 7
Processed generated_graphs/nodes_70/removal_85percent/graph_35.edgelist: MIS size = 21
Processed generated_graphs/nodes_70/removal_45percent/graph_6.edgelist: MIS size = 8
Processed generated_graphs/nodes_70/removal_85percent/graph_34.edgelist: MIS size = 19
Processed generated_graphs/nodes_70/removal_45percent/graph_1.edgelist: MIS size = 7
Processed generated_graphs/nodes_70/removal_85percent/graph_45.edgelist: MIS size = 19
Processed generated_graphs/nodes_70/removal_40percent/graph_25.edgelist: MIS size = 7
Processed generated_graphs/nodes_70/removal_85percent/graph_20.edgelist: MIS size = 21
Processed generated_graphs/nodes_70/removal_50percent/graph_21.edgelist: MIS size = 8
Processed generated_graphs/nodes_70/removal_85percent/graph_7.edgelist: MIS size = 20
Processed generated_graphs/nodes_70/removal_35percent/graph_10.edgelist: MIS size = 6
Processed generated_graphs/nodes_70/removal_55percent/graph_21.edgelist: MIS size = 10
Processed generated_graphs/nodes_70/removal_85percent/graph_39.edgelist: MIS size = 20
Processed generated_graphs/nodes_70/removal_50percent/graph_41.edgelist: MIS size = 8
Processed generated_graphs/nodes_70/removal_85percent/graph_32.edgelist: MIS size = 20
Processed generated_graphs/nodes_70/removal_45percent/graph_43.edgelist: MIS size = 8
Processed generated_graphs/nodes_70/removal_85percent/graph_41.edgelist: MIS size = 21
Processed generated_graphs/nodes_70/removal_40percent/graph_2.edgelist: MIS size = 7
Processed generated_graphs/nodes_70/removal_85percent/graph_43.edgelist: MIS size = 21
Processed generated_graphs/nodes_70/removal_35percent/graph_25.edgelist: MIS size = 7
Processed generated_graphs/nodes_70/removal_85percent/graph_12.edgelist: MIS size = 21
Processed generated_graphs/nodes_70/removal_40percent/graph_47.edgelist: MIS size = 8
Processed generated_graphs/nodes_70/removal_85percent/graph_21.edgelist: MIS size = 20
Processed generated_graphs/nodes_70/removal_35percent/graph_21.edgelist: MIS size = 6
Processed generated_graphs/nodes_70/removal_85percent/graph_17.edgelist: MIS size = 21
Processed generated_graphs/nodes_70/removal_40percent/graph_22.edgelist: MIS size = 7
Processed generated_graphs/nodes_70/removal_85percent/graph_38.edgelist: MIS size = 19
Processed generated_graphs/nodes_70/removal_40percent/graph_10.edgelist: MIS size = 7
Processed generated_graphs/nodes_70/removal_85percent/graph_14.edgelist: MIS size = 19
Processed generated_graphs/nodes_70/removal_40percent/graph_50.edgelist: MIS size = 7
Processed generated_graphs/nodes_70/removal_85percent/graph_50.edgelist: MIS size = 21
Processed generated_graphs/nodes_70/removal_45percent/graph_40.edgelist: MIS size = 8
Processed generated_graphs/nodes_70/removal_85percent/graph_29.edgelist: MIS size = 20
Processed generated_graphs/nodes_70/removal_45percent/graph_36.edgelist: MIS size = 7
Processed generated_graphs/nodes_70/removal_85percent/graph_49.edgelist: MIS size = 20
Processed generated_graphs/nodes_70/removal_45percent/graph_21.edgelist: MIS size = 7
Processed generated_graphs/nodes_70/removal_85percent/graph_9.edgelist: MIS size = 21
Processed generated_graphs/nodes_70/removal_45percent/graph_35.edgelist: MIS size = 8
Processed generated_graphs/nodes_70/removal_85percent/graph_30.edgelist: MIS size = 21
Processed generated_graphs/nodes_70/removal_35percent/graph_36.edgelist: MIS size = 6
Processed generated_graphs/nodes_70/removal_85percent/graph_1.edgelist: MIS size = 21
Processed generated_graphs/nodes_70/removal_40percent/graph_5.edgelist: MIS size = 7
Processed generated_graphs/nodes_70/removal_85percent/graph_4.edgelist: MIS size = 20
Processed generated_graphs/nodes_70/removal_35percent/graph_6.edgelist: MIS size = 6
Processed generated_graphs/nodes_70/removal_85percent/graph_44.edgelist: MIS size = 20
Processed generated_graphs/nodes_70/removal_30percent/graph_19.edgelist: MIS size = 6
Processed generated_graphs/nodes_70/removal_85percent/graph_25.edgelist: MIS size = 22
Processed generated_graphs/nodes_70/removal_35percent/graph_49.edgelist: MIS size = 6
Processed generated_graphs/nodes_70/removal_85percent/graph_13.edgelist: MIS size = 21
Processed generated_graphs/nodes_70/removal_50percent/graph_27.edgelist: MIS size = 8
Processed generated_graphs/nodes_70/removal_85percent/graph_40.edgelist: MIS size = 21
Processed generated_graphs/nodes_70/removal_40percent/graph_13.edgelist: MIS size = 7
Processed generated_graphs/nodes_70/removal_85percent/graph_31.edgelist: MIS size = 20
Processed generated_graphs/nodes_70/removal_40percent/graph_17.edgelist: MIS size = 7
Processed generated_graphs/nodes_70/removal_85percent/graph_6.edgelist: MIS size = 21
Processed generated_graphs/nodes_70/removal_45percent/graph_20.edgelist: MIS size = 7
Processed generated_graphs/nodes_70/removal_85percent/graph_46.edgelist: MIS size = 21
Processed generated_graphs/nodes_70/removal_40percent/graph_18.edgelist: MIS size = 7
Processed generated_graphs/nodes_70/removal_85percent/graph_19.edgelist: MIS size = 21
Processed generated_graphs/nodes_70/removal_40percent/graph_32.edgelist: MIS size = 7
Processed generated_graphs/nodes_70/removal_85percent/graph_11.edgelist: MIS size = 21
Processed generated_graphs/nodes_70/removal_50percent/graph_12.edgelist: MIS size = 8
Processed generated_graphs/nodes_70/removal_85percent/graph_48.edgelist: MIS size = 22
Processed generated_graphs/nodes_70/removal_40percent/graph_9.edgelist: MIS size = 6
Processed generated_graphs/nodes_70/removal_85percent/graph_37.edgelist: MIS size = 21
Processed generated_graphs/nodes_70/removal_35percent/graph_14.edgelist: MIS size = 6
Processed generated_graphs/nodes_70/removal_85percent/graph_18.edgelist: MIS size = 21
Processed generated_graphs/nodes_70/removal_35percent/graph_22.edgelist: MIS size = 6
Processed generated_graphs/nodes_70/removal_85percent/graph_15.edgelist: MIS size = 21
Processed generated_graphs/nodes_70/removal_40percent/graph_40.edgelist: MIS size = 7
Processed generated_graphs/nodes_70/removal_85percent/graph_33.edgelist: MIS size = 22
Processed generated_graphs/nodes_70/removal_50percent/graph_37.edgelist: MIS size = 8
Processed generated_graphs/nodes_70/removal_85percent/graph_3.edgelist: MIS size = 21
Processed generated_graphs/nodes_70/removal_35percent/graph_7.edgelist: MIS size = 7
Processed generated_graphs/nodes_70/removal_85percent/graph_36.edgelist: MIS size = 23
Processed generated_graphs/nodes_70/removal_40percent/graph_19.edgelist: MIS size = 7
Processed generated_graphs/nodes_70/removal_85percent/graph_28.edgelist: MIS size = 23
Processed generated_graphs/nodes_70/removal_40percent/graph_1.edgelist: MIS size = 7
Processed generated_graphs/nodes_70/removal_85percent/graph_42.edgelist: MIS size = 22
All tasks processed. Total results collected: 750
Saved results for Nodes=70, Removal=15% to mis_results_grouped/nodes_70_removal_15percent.json
Saved results for Nodes=70, Removal=25% to mis_results_grouped/nodes_70_removal_25percent.json
Saved results for Nodes=70, Removal=35% to mis_results_grouped/nodes_70_removal_35percent.json
Saved results for Nodes=70, Removal=20% to mis_results_grouped/nodes_70_removal_20percent.json
Saved results for Nodes=70, Removal=45% to mis_results_grouped/nodes_70_removal_45percent.json
Saved results for Nodes=70, Removal=30% to mis_results_grouped/nodes_70_removal_30percent.json
Saved results for Nodes=70, Removal=50% to mis_results_grouped/nodes_70_removal_50percent.json
Saved results for Nodes=70, Removal=40% to mis_results_grouped/nodes_70_removal_40percent.json
Saved results for Nodes=70, Removal=55% to mis_results_grouped/nodes_70_removal_55percent.json
Saved results for Nodes=70, Removal=60% to mis_results_grouped/nodes_70_removal_60percent.json
Saved results for Nodes=70, Removal=65% to mis_results_grouped/nodes_70_removal_65percent.json
Saved results for Nodes=70, Removal=70% to mis_results_grouped/nodes_70_removal_70percent.json
Saved results for Nodes=70, Removal=75% to mis_results_grouped/nodes_70_removal_75percent.json
Saved results for Nodes=70, Removal=80% to mis_results_grouped/nodes_70_removal_80percent.json
Saved results for Nodes=70, Removal=85% to mis_results_grouped/nodes_70_removal_85percent.json
All grouped results have been saved.
