Running job on gpu-5-12
Requested resources:
  - CPUs: 48
  - GPUs: 
  - Memory: 64000
Processing node counts: [65]
Processing removal percentages: [15, 20, 25, 30, 35, 40, 45, 50, 55, 60, 65, 70, 75, 80, 85]
Iterations per combination: 50
Base directory: 'test_generated_graphs', Output directory: 'test_mis_results_grouped_v3'
Total tasks to process: 450
Using 128 parallel processes.
Processed test_generated_graphs/nodes_65/removal_20percent/graph_19.edgelist: MIS size = 5, # of MIS sets = 1
Processed test_generated_graphs/nodes_65/removal_45percent/graph_3.edgelist: MIS size = 7, # of MIS sets = 23
Processed test_generated_graphs/nodes_65/removal_65percent/graph_19.edgelist: MIS size = 12, # of MIS sets = 16
Processed test_generated_graphs/nodes_65/removal_20percent/graph_17.edgelist: MIS size = 4, # of MIS sets = 46
Processed test_generated_graphs/nodes_65/removal_40percent/graph_6.edgelist: MIS size = 7, # of MIS sets = 8
Processed test_generated_graphs/nodes_65/removal_65percent/graph_2.edgelist: MIS size = 11, # of MIS sets = 3
Processed test_generated_graphs/nodes_65/removal_25percent/graph_7.edgelist: MIS size = 5, # of MIS sets = 5
Processed test_generated_graphs/nodes_65/removal_45percent/graph_19.edgelist: MIS size = 7, # of MIS sets = 36
Processed test_generated_graphs/nodes_65/removal_65percent/graph_18.edgelist: MIS size = 12, # of MIS sets = 6
Processed test_generated_graphs/nodes_65/removal_15percent/graph_29.edgelist: MIS size = 4, # of MIS sets = 4
Processed test_generated_graphs/nodes_65/removal_35percent/graph_2.edgelist: MIS size = 6, # of MIS sets = 4
Processed test_generated_graphs/nodes_65/removal_55percent/graph_20.edgelist: MIS size = 9, # of MIS sets = 4
Processed test_generated_graphs/nodes_65/removal_70percent/graph_21.edgelist: MIS size = 12, # of MIS sets = 23
Processed test_generated_graphs/nodes_65/removal_15percent/graph_8.edgelist: MIS size = 4, # of MIS sets = 5
Processed test_generated_graphs/nodes_65/removal_40percent/graph_2.edgelist: MIS size = 7, # of MIS sets = 1
Processed test_generated_graphs/nodes_65/removal_65percent/graph_15.edgelist: MIS size = 11, # of MIS sets = 17
Processed test_generated_graphs/nodes_65/removal_25percent/graph_23.edgelist: MIS size = 5, # of MIS sets = 3
Processed test_generated_graphs/nodes_65/removal_45percent/graph_6.edgelist: MIS size = 7, # of MIS sets = 18
Processed test_generated_graphs/nodes_65/removal_65percent/graph_5.edgelist: MIS size = 11, # of MIS sets = 44
Processed test_generated_graphs/nodes_65/removal_20percent/graph_20.edgelist: MIS size = 4, # of MIS sets = 40
Processed test_generated_graphs/nodes_65/removal_45percent/graph_5.edgelist: MIS size = 7, # of MIS sets = 15
Processed test_generated_graphs/nodes_65/removal_65percent/graph_30.edgelist: MIS size = 12, # of MIS sets = 1
Processed test_generated_graphs/nodes_65/removal_25percent/graph_12.edgelist: MIS size = 6, # of MIS sets = 1
Processed test_generated_graphs/nodes_65/removal_50percent/graph_8.edgelist: MIS size = 8, # of MIS sets = 13
Processed test_generated_graphs/nodes_65/removal_70percent/graph_15.edgelist: MIS size = 12, # of MIS sets = 22
Processed test_generated_graphs/nodes_65/removal_25percent/graph_21.edgelist: MIS size = 5, # of MIS sets = 8
Processed test_generated_graphs/nodes_65/removal_45percent/graph_20.edgelist: MIS size = 8, # of MIS sets = 1
Processed test_generated_graphs/nodes_65/removal_65percent/graph_3.edgelist: MIS size = 12, # of MIS sets = 2
Processed test_generated_graphs/nodes_65/removal_25percent/graph_6.edgelist: MIS size = 5, # of MIS sets = 6
Processed test_generated_graphs/nodes_65/removal_50percent/graph_14.edgelist: MIS size = 8, # of MIS sets = 16
Processed test_generated_graphs/nodes_65/removal_70percent/graph_9.edgelist: MIS size = 12, # of MIS sets = 101
Processed test_generated_graphs/nodes_65/removal_20percent/graph_28.edgelist: MIS size = 4, # of MIS sets = 32
Processed test_generated_graphs/nodes_65/removal_40percent/graph_30.edgelist: MIS size = 7, # of MIS sets = 1
Processed test_generated_graphs/nodes_65/removal_65percent/graph_21.edgelist: MIS size = 11, # of MIS sets = 1
Processed test_generated_graphs/nodes_65/removal_30percent/graph_9.edgelist: MIS size = 6, # of MIS sets = 3
Processed test_generated_graphs/nodes_65/removal_50percent/graph_2.edgelist: MIS size = 8, # of MIS sets = 15
Processed test_generated_graphs/nodes_65/removal_70percent/graph_27.edgelist: MIS size = 13, # of MIS sets = 2
Processed test_generated_graphs/nodes_65/removal_20percent/graph_22.edgelist: MIS size = 5, # of MIS sets = 2
Processed test_generated_graphs/nodes_65/removal_45percent/graph_7.edgelist: MIS size = 7, # of MIS sets = 9
Processed test_generated_graphs/nodes_65/removal_70percent/graph_13.edgelist: MIS size = 13, # of MIS sets = 4
Processed test_generated_graphs/nodes_65/removal_30percent/graph_5.edgelist: MIS size = 5, # of MIS sets = 29
Processed test_generated_graphs/nodes_65/removal_50percent/graph_28.edgelist: MIS size = 8, # of MIS sets = 19
Processed test_generated_graphs/nodes_65/removal_70percent/graph_7.edgelist: MIS size = 13, # of MIS sets = 1
Processed test_generated_graphs/nodes_65/removal_30percent/graph_23.edgelist: MIS size = 6, # of MIS sets = 9
Processed test_generated_graphs/nodes_65/removal_45percent/graph_18.edgelist: MIS size = 8, # of MIS sets = 1
Processed test_generated_graphs/nodes_65/removal_70percent/graph_11.edgelist: MIS size = 12, # of MIS sets = 50
Processed test_generated_graphs/nodes_65/removal_15percent/graph_14.edgelist: MIS size = 4, # of MIS sets = 9
Processed test_generated_graphs/nodes_65/removal_35percent/graph_9.edgelist: MIS size = 6, # of MIS sets = 2
Processed test_generated_graphs/nodes_65/removal_55percent/graph_27.edgelist: MIS size = 9, # of MIS sets = 6
Processed test_generated_graphs/nodes_65/removal_70percent/graph_5.edgelist: MIS size = 13, # of MIS sets = 3
Processed test_generated_graphs/nodes_65/removal_20percent/graph_7.edgelist: MIS size = 4, # of MIS sets = 39
Processed test_generated_graphs/nodes_65/removal_45percent/graph_10.edgelist: MIS size = 8, # of MIS sets = 2
Processed test_generated_graphs/nodes_65/removal_70percent/graph_3.edgelist: MIS size = 12, # of MIS sets = 38
Processed test_generated_graphs/nodes_65/removal_25percent/graph_26.edgelist: MIS size = 5, # of MIS sets = 11
Processed test_generated_graphs/nodes_65/removal_45percent/graph_30.edgelist: MIS size = 7, # of MIS sets = 18
Processed test_generated_graphs/nodes_65/removal_70percent/graph_19.edgelist: MIS size = 13, # of MIS sets = 1
Processed test_generated_graphs/nodes_65/removal_15percent/graph_13.edgelist: MIS size = 4, # of MIS sets = 2
Processed test_generated_graphs/nodes_65/removal_35percent/graph_8.edgelist: MIS size = 6, # of MIS sets = 13
Processed test_generated_graphs/nodes_65/removal_50percent/graph_7.edgelist: MIS size = 8, # of MIS sets = 10
Processed test_generated_graphs/nodes_65/removal_70percent/graph_18.edgelist: MIS size = 12, # of MIS sets = 32
Processed test_generated_graphs/nodes_65/removal_30percent/graph_28.edgelist: MIS size = 5, # of MIS sets = 36
Processed test_generated_graphs/nodes_65/removal_50percent/graph_6.edgelist: MIS size = 8, # of MIS sets = 3
Processed test_generated_graphs/nodes_65/removal_70percent/graph_22.edgelist: MIS size = 12, # of MIS sets = 17
Processed test_generated_graphs/nodes_65/removal_30percent/graph_16.edgelist: MIS size = 6, # of MIS sets = 1
Processed test_generated_graphs/nodes_65/removal_50percent/graph_5.edgelist: MIS size = 8, # of MIS sets = 14
Processed test_generated_graphs/nodes_65/removal_70percent/graph_29.edgelist: MIS size = 13, # of MIS sets = 9
Processed test_generated_graphs/nodes_65/removal_25percent/graph_8.edgelist: MIS size = 5, # of MIS sets = 11
Processed test_generated_graphs/nodes_65/removal_50percent/graph_15.edgelist: MIS size = 8, # of MIS sets = 2
Processed test_generated_graphs/nodes_65/removal_70percent/graph_26.edgelist: MIS size = 13, # of MIS sets = 20
Processed test_generated_graphs/nodes_65/removal_30percent/graph_4.edgelist: MIS size = 5, # of MIS sets = 44
Processed test_generated_graphs/nodes_65/removal_50percent/graph_20.edgelist: MIS size = 8, # of MIS sets = 19
Processed test_generated_graphs/nodes_65/removal_70percent/graph_10.edgelist: MIS size = 12, # of MIS sets = 43
Processed test_generated_graphs/nodes_65/removal_25percent/graph_15.edgelist: MIS size = 5, # of MIS sets = 6
Processed test_generated_graphs/nodes_65/removal_50percent/graph_17.edgelist: MIS size = 8, # of MIS sets = 17
Processed test_generated_graphs/nodes_65/removal_70percent/graph_4.edgelist: MIS size = 13, # of MIS sets = 1
Processed test_generated_graphs/nodes_65/removal_20percent/graph_23.edgelist: MIS size = 4, # of MIS sets = 36
Processed test_generated_graphs/nodes_65/removal_45percent/graph_21.edgelist: MIS size = 7, # of MIS sets = 47
Processed test_generated_graphs/nodes_65/removal_70percent/graph_23.edgelist: MIS size = 13, # of MIS sets = 6
Processed test_generated_graphs/nodes_65/removal_20percent/graph_18.edgelist: MIS size = 5, # of MIS sets = 1
Processed test_generated_graphs/nodes_65/removal_45percent/graph_22.edgelist: MIS size = 8, # of MIS sets = 4
Processed test_generated_graphs/nodes_65/removal_70percent/graph_1.edgelist: MIS size = 13, # of MIS sets = 1
Processed test_generated_graphs/nodes_65/removal_25percent/graph_18.edgelist: MIS size = 5, # of MIS sets = 10
Processed test_generated_graphs/nodes_65/removal_45percent/graph_28.edgelist: MIS size = 8, # of MIS sets = 2
Processed test_generated_graphs/nodes_65/removal_70percent/graph_14.edgelist: MIS size = 13, # of MIS sets = 7
Processed test_generated_graphs/nodes_65/removal_30percent/graph_13.edgelist: MIS size = 6, # of MIS sets = 2
Processed test_generated_graphs/nodes_65/removal_50percent/graph_13.edgelist: MIS size = 8, # of MIS sets = 23
Processed test_generated_graphs/nodes_65/removal_70percent/graph_2.edgelist: MIS size = 12, # of MIS sets = 6
Processed test_generated_graphs/nodes_65/removal_30percent/graph_11.edgelist: MIS size = 5, # of MIS sets = 43
Processed test_generated_graphs/nodes_65/removal_50percent/graph_22.edgelist: MIS size = 8, # of MIS sets = 13
Processed test_generated_graphs/nodes_65/removal_70percent/graph_20.edgelist: MIS size = 13, # of MIS sets = 1
Processed test_generated_graphs/nodes_65/removal_15percent/graph_9.edgelist: MIS size = 4, # of MIS sets = 7
Processed test_generated_graphs/nodes_65/removal_35percent/graph_4.edgelist: MIS size = 6, # of MIS sets = 4
Processed test_generated_graphs/nodes_65/removal_55percent/graph_25.edgelist: MIS size = 9, # of MIS sets = 5
Processed test_generated_graphs/nodes_65/removal_70percent/graph_8.edgelist: MIS size = 14, # of MIS sets = 8
Processed test_generated_graphs/nodes_65/removal_30percent/graph_2.edgelist: MIS size = 5, # of MIS sets = 32
Processed test_generated_graphs/nodes_65/removal_50percent/graph_30.edgelist: MIS size = 8, # of MIS sets = 10
Processed test_generated_graphs/nodes_65/removal_70percent/graph_24.edgelist: MIS size = 13, # of MIS sets = 22
Processed test_generated_graphs/nodes_65/removal_30percent/graph_22.edgelist: MIS size = 5, # of MIS sets = 42
Processed test_generated_graphs/nodes_65/removal_50percent/graph_9.edgelist: MIS size = 8, # of MIS sets = 17
Processed test_generated_graphs/nodes_65/removal_70percent/graph_28.edgelist: MIS size = 13, # of MIS sets = 4
Processed test_generated_graphs/nodes_65/removal_15percent/graph_18.edgelist: MIS size = 4, # of MIS sets = 7
Processed test_generated_graphs/nodes_65/removal_35percent/graph_29.edgelist: MIS size = 6, # of MIS sets = 7
Processed test_generated_graphs/nodes_65/removal_50percent/graph_25.edgelist: MIS size = 8, # of MIS sets = 4
Processed test_generated_graphs/nodes_65/removal_70percent/graph_30.edgelist: MIS size = 13, # of MIS sets = 12
Processed test_generated_graphs/nodes_65/removal_20percent/graph_21.edgelist: MIS size = 4, # of MIS sets = 38
Processed test_generated_graphs/nodes_65/removal_45percent/graph_14.edgelist: MIS size = 8, # of MIS sets = 1
Processed test_generated_graphs/nodes_65/removal_70percent/graph_16.edgelist: MIS size = 13, # of MIS sets = 4
Processed test_generated_graphs/nodes_65/removal_20percent/graph_6.edgelist: MIS size = 4, # of MIS sets = 23
Processed test_generated_graphs/nodes_65/removal_45percent/graph_27.edgelist: MIS size = 7, # of MIS sets = 18
Processed test_generated_graphs/nodes_65/removal_70percent/graph_17.edgelist: MIS size = 13, # of MIS sets = 2
Processed test_generated_graphs/nodes_65/removal_25percent/graph_4.edgelist: MIS size = 5, # of MIS sets = 10
Processed test_generated_graphs/nodes_65/removal_45percent/graph_12.edgelist: MIS size = 8, # of MIS sets = 4
Processed test_generated_graphs/nodes_65/removal_70percent/graph_12.edgelist: MIS size = 13, # of MIS sets = 8
Processed test_generated_graphs/nodes_65/removal_30percent/graph_19.edgelist: MIS size = 5, # of MIS sets = 15
Processed test_generated_graphs/nodes_65/removal_50percent/graph_1.edgelist: MIS size = 9, # of MIS sets = 1
Processed test_generated_graphs/nodes_65/removal_70percent/graph_25.edgelist: MIS size = 14, # of MIS sets = 1
Processed test_generated_graphs/nodes_65/removal_15percent/graph_7.edgelist: MIS size = 4, # of MIS sets = 7
Processed test_generated_graphs/nodes_65/removal_35percent/graph_25.edgelist: MIS size = 6, # of MIS sets = 5
Processed test_generated_graphs/nodes_65/removal_55percent/graph_4.edgelist: MIS size = 9, # of MIS sets = 27
Processed test_generated_graphs/nodes_65/removal_75percent/graph_2.edgelist: MIS size = 14, # of MIS sets = 58
Processed test_generated_graphs/nodes_65/removal_25percent/graph_25.edgelist: MIS size = 6, # of MIS sets = 2
Processed test_generated_graphs/nodes_65/removal_55percent/graph_5.edgelist: MIS size = 9, # of MIS sets = 4
Processed test_generated_graphs/nodes_65/removal_75percent/graph_23.edgelist: MIS size = 13, # of MIS sets = 16
Processed test_generated_graphs/nodes_65/removal_30percent/graph_3.edgelist: MIS size = 5, # of MIS sets = 56
Processed test_generated_graphs/nodes_65/removal_50percent/graph_26.edgelist: MIS size = 8, # of MIS sets = 3
Processed test_generated_graphs/nodes_65/removal_70percent/graph_6.edgelist: MIS size = 13, # of MIS sets = 1
Processed test_generated_graphs/nodes_65/removal_15percent/graph_25.edgelist: MIS size = 4, # of MIS sets = 7
Processed test_generated_graphs/nodes_65/removal_35percent/graph_17.edgelist: MIS size = 6, # of MIS sets = 9
Processed test_generated_graphs/nodes_65/removal_55percent/graph_26.edgelist: MIS size = 9, # of MIS sets = 4
Processed test_generated_graphs/nodes_65/removal_75percent/graph_9.edgelist: MIS size = 14, # of MIS sets = 42
Processed test_generated_graphs/nodes_65/removal_35percent/graph_11.edgelist: MIS size = 6, # of MIS sets = 4
Processed test_generated_graphs/nodes_65/removal_55percent/graph_21.edgelist: MIS size = 9, # of MIS sets = 2
Processed test_generated_graphs/nodes_65/removal_75percent/graph_24.edgelist: MIS size = 14, # of MIS sets = 4
Processed test_generated_graphs/nodes_65/removal_30percent/graph_29.edgelist: MIS size = 6, # of MIS sets = 2
Processed test_generated_graphs/nodes_65/removal_55percent/graph_17.edgelist: MIS size = 9, # of MIS sets = 2
Processed test_generated_graphs/nodes_65/removal_75percent/graph_4.edgelist: MIS size = 16, # of MIS sets = 1
Processed test_generated_graphs/nodes_65/removal_15percent/graph_12.edgelist: MIS size = 4, # of MIS sets = 12
Processed test_generated_graphs/nodes_65/removal_35percent/graph_5.edgelist: MIS size = 6, # of MIS sets = 9
Processed test_generated_graphs/nodes_65/removal_50percent/graph_10.edgelist: MIS size = 8, # of MIS sets = 4
Processed test_generated_graphs/nodes_65/removal_75percent/graph_13.edgelist: MIS size = 15, # of MIS sets = 7
Processed test_generated_graphs/nodes_65/removal_30percent/graph_10.edgelist: MIS size = 6, # of MIS sets = 2
Processed test_generated_graphs/nodes_65/removal_50percent/graph_29.edgelist: MIS size = 8, # of MIS sets = 5
Processed test_generated_graphs/nodes_65/removal_75percent/graph_12.edgelist: MIS size = 14, # of MIS sets = 24
Processed test_generated_graphs/nodes_65/removal_25percent/graph_22.edgelist: MIS size = 5, # of MIS sets = 10
Processed test_generated_graphs/nodes_65/removal_50percent/graph_12.edgelist: MIS size = 8, # of MIS sets = 7
Processed test_generated_graphs/nodes_65/removal_75percent/graph_11.edgelist: MIS size = 13, # of MIS sets = 76
Processed test_generated_graphs/nodes_65/removal_25percent/graph_20.edgelist: MIS size = 5, # of MIS sets = 6
Processed test_generated_graphs/nodes_65/removal_55percent/graph_18.edgelist: MIS size = 9, # of MIS sets = 5
Processed test_generated_graphs/nodes_65/removal_75percent/graph_6.edgelist: MIS size = 14, # of MIS sets = 53
Processed test_generated_graphs/nodes_65/removal_25percent/graph_13.edgelist: MIS size = 5, # of MIS sets = 5
Processed test_generated_graphs/nodes_65/removal_50percent/graph_18.edgelist: MIS size = 8, # of MIS sets = 1
Processed test_generated_graphs/nodes_65/removal_75percent/graph_21.edgelist: MIS size = 14, # of MIS sets = 21
Processed test_generated_graphs/nodes_65/removal_25percent/graph_30.edgelist: MIS size = 5, # of MIS sets = 5
Processed test_generated_graphs/nodes_65/removal_50percent/graph_27.edgelist: MIS size = 8, # of MIS sets = 6
Processed test_generated_graphs/nodes_65/removal_75percent/graph_19.edgelist: MIS size = 14, # of MIS sets = 9
Processed test_generated_graphs/nodes_65/removal_20percent/graph_30.edgelist: MIS size = 5, # of MIS sets = 1
Processed test_generated_graphs/nodes_65/removal_45percent/graph_16.edgelist: MIS size = 7, # of MIS sets = 23
Processed test_generated_graphs/nodes_65/removal_65percent/graph_12.edgelist: MIS size = 12, # of MIS sets = 5
Processed test_generated_graphs/nodes_65/removal_85percent/graph_24.edgelist: MIS size = 20, # of MIS sets = 31
All tasks processed. Total results collected: 450
Saved results for Nodes=65, Removal=15% to 'test_mis_results_grouped_v3/nodes_65_removal_15percent.json'
Saved results for Nodes=65, Removal=20% to 'test_mis_results_grouped_v3/nodes_65_removal_20percent.json'
Saved results for Nodes=65, Removal=30% to 'test_mis_results_grouped_v3/nodes_65_removal_30percent.json'
Saved results for Nodes=65, Removal=25% to 'test_mis_results_grouped_v3/nodes_65_removal_25percent.json'
Saved results for Nodes=65, Removal=35% to 'test_mis_results_grouped_v3/nodes_65_removal_35percent.json'
Saved results for Nodes=65, Removal=40% to 'test_mis_results_grouped_v3/nodes_65_removal_40percent.json'
Saved results for Nodes=65, Removal=45% to 'test_mis_results_grouped_v3/nodes_65_removal_45percent.json'
Saved results for Nodes=65, Removal=50% to 'test_mis_results_grouped_v3/nodes_65_removal_50percent.json'
Saved results for Nodes=65, Removal=55% to 'test_mis_results_grouped_v3/nodes_65_removal_55percent.json'
Saved results for Nodes=65, Removal=60% to 'test_mis_results_grouped_v3/nodes_65_removal_60percent.json'
Saved results for Nodes=65, Removal=65% to 'test_mis_results_grouped_v3/nodes_65_removal_65percent.json'
Saved results for Nodes=65, Removal=70% to 'test_mis_results_grouped_v3/nodes_65_removal_70percent.json'
Saved results for Nodes=65, Removal=75% to 'test_mis_results_grouped_v3/nodes_65_removal_75percent.json'
Saved results for Nodes=65, Removal=80% to 'test_mis_results_grouped_v3/nodes_65_removal_80percent.json'
Saved results for Nodes=65, Removal=85% to 'test_mis_results_grouped_v3/nodes_65_removal_85percent.json'
All grouped results have been saved.
