Running job on gpu-5-21
Requested resources:
  - CPUs: 64
  - GPUs: 
  - Memory: 64000
[I 2025-02-07 12:27:30,689] A new study created in memory with name: no-name-16b950b1-9391-4373-ab0c-ba612109781e
/home/sprice/MIS/nodeCreator/lib/python3.8/site-packages/optuna/distributions.py:699: UserWarning: The distribution is specified by [4, 64] and step=8, but the range is not divisible by `step`. It will be replaced by [4, 60].
  warnings.warn(
optuna_mis_train.py:161: FutureWarning: You are using `torch.load` with `weights_only=False` (the current default value), which uses the default pickle module implicitly. It is possible to construct malicious pickle data which will execute arbitrary code during unpickling (See https://github.com/pytorch/pytorch/blob/main/SECURITY.md#untrusted-models for more details). In a future release, the default value for `weights_only` will be flipped to `True`. This limits the functions that could be executed during unpickling. Arbitrary objects will no longer be allowed to be loaded via this mode unless they are explicitly allowlisted by the user via `torch.serialization.add_safe_globals`. We recommend you start setting `weights_only=True` for any use case where you don't have full control of the loaded file. Please open an issue on GitHub for any issues related to this experimental feature.
  model.load_state_dict(torch.load(model_save_path, map_location=device))
[I 2025-02-07 14:18:23,309] Trial 0 finished with value: 0.14593060844549646 and parameters: {'batch_size': 32, 'hidden_channels': 72, 'num_layers': 12, 'learning_rate': 0.00022253040921031057}. Best is trial 0 with value: 0.14593060844549646.
[I 2025-02-07 18:01:07,161] Trial 1 finished with value: 0.14176164722199064 and parameters: {'batch_size': 32, 'hidden_channels': 180, 'num_layers': 60, 'learning_rate': 0.0001922507178692653}. Best is trial 1 with value: 0.14176164722199064.
[I 2025-02-07 19:22:36,158] Trial 2 finished with value: 0.14632420383680447 and parameters: {'batch_size': 64, 'hidden_channels': 256, 'num_layers': 4, 'learning_rate': 0.0006150354833460099}. Best is trial 1 with value: 0.14176164722199064.
[I 2025-02-07 20:31:42,032] Trial 3 finished with value: 0.14324651394118956 and parameters: {'batch_size': 32, 'hidden_channels': 124, 'num_layers': 36, 'learning_rate': 0.0008116434330402329}. Best is trial 1 with value: 0.14176164722199064.
[I 2025-02-07 21:53:50,074] Trial 4 finished with value: 0.1495136989537727 and parameters: {'batch_size': 64, 'hidden_channels': 100, 'num_layers': 60, 'learning_rate': 0.0003531235812023467}. Best is trial 1 with value: 0.14176164722199064.
[I 2025-02-07 21:58:15,480] Trial 5 pruned. 
[I 2025-02-07 22:52:15,787] Trial 6 finished with value: 0.14644712481469677 and parameters: {'batch_size': 64, 'hidden_channels': 224, 'num_layers': 4, 'learning_rate': 0.006125645599031383}. Best is trial 1 with value: 0.14176164722199064.
[I 2025-02-07 22:52:33,690] Trial 7 pruned. 
[I 2025-02-07 23:16:22,947] Trial 8 finished with value: 0.15148306860509841 and parameters: {'batch_size': 32, 'hidden_channels': 92, 'num_layers': 12, 'learning_rate': 0.0052398438581811}. Best is trial 1 with value: 0.14176164722199064.
[I 2025-02-07 23:28:29,424] Trial 9 pruned. 
[I 2025-02-07 23:43:03,514] Trial 10 pruned. 
[I 2025-02-07 23:43:39,473] Trial 11 pruned. 
[I 2025-02-08 01:26:41,464] Trial 12 finished with value: 0.1406167374455903 and parameters: {'batch_size': 32, 'hidden_channels': 160, 'num_layers': 44, 'learning_rate': 0.0012315444589136547}. Best is trial 12 with value: 0.1406167374455903.
[I 2025-02-08 01:29:13,399] Trial 13 pruned. 
[I 2025-02-08 01:37:05,104] Trial 14 pruned. 
[I 2025-02-08 01:37:52,234] Trial 15 pruned. 
[I 2025-02-08 02:35:00,526] Trial 16 finished with value: 0.1514415449225054 and parameters: {'batch_size': 32, 'hidden_channels': 212, 'num_layers': 52, 'learning_rate': 0.003102257588463795}. Best is trial 12 with value: 0.1406167374455903.
[I 2025-02-08 07:31:36,907] Trial 17 finished with value: 0.13178420214979417 and parameters: {'batch_size': 32, 'hidden_channels': 176, 'num_layers': 28, 'learning_rate': 0.0010221252698628714}. Best is trial 17 with value: 0.13178420214979417.
[I 2025-02-08 07:33:10,785] Trial 18 pruned. 
[I 2025-02-08 08:23:54,284] Trial 19 finished with value: 0.15036287919326308 and parameters: {'batch_size': 16, 'hidden_channels': 236, 'num_layers': 20, 'learning_rate': 0.002205647463794979}. Best is trial 17 with value: 0.13178420214979417.
[I 2025-02-08 08:30:13,820] Trial 20 pruned. 
[I 2025-02-08 08:30:43,679] Trial 21 pruned. 
[I 2025-02-08 08:31:10,205] Trial 22 pruned. 
[I 2025-02-08 08:31:41,522] Trial 23 pruned. 
[I 2025-02-08 08:33:44,302] Trial 24 pruned. 
Warning: JSON file 'mis_results_grouped_v3/nodes_5_removal_15percent.json' does not exist. Skipping.
Warning: JSON file 'mis_results_grouped_v3/nodes_5_removal_20percent.json' does not exist. Skipping.
Warning: JSON file 'mis_results_grouped_v3/nodes_5_removal_25percent.json' does not exist. Skipping.
Warning: JSON file 'mis_results_grouped_v3/nodes_5_removal_30percent.json' does not exist. Skipping.
Warning: JSON file 'mis_results_grouped_v3/nodes_5_removal_35percent.json' does not exist. Skipping.
Warning: JSON file 'mis_results_grouped_v3/nodes_5_removal_40percent.json' does not exist. Skipping.
Warning: JSON file 'mis_results_grouped_v3/nodes_5_removal_45percent.json' does not exist. Skipping.
Warning: JSON file 'mis_results_grouped_v3/nodes_5_removal_50percent.json' does not exist. Skipping.
Warning: JSON file 'mis_results_grouped_v3/nodes_5_removal_55percent.json' does not exist. Skipping.
Warning: JSON file 'mis_results_grouped_v3/nodes_5_removal_60percent.json' does not exist. Skipping.
Warning: JSON file 'mis_results_grouped_v3/nodes_5_removal_65percent.json' does not exist. Skipping.
Warning: JSON file 'mis_results_grouped_v3/nodes_5_removal_70percent.json' does not exist. Skipping.
Warning: JSON file 'mis_results_grouped_v3/nodes_5_removal_75percent.json' does not exist. Skipping.
Warning: JSON file 'mis_results_grouped_v3/nodes_5_removal_80percent.json' does not exist. Skipping.
Warning: JSON file 'mis_results_grouped_v3/nodes_5_removal_85percent.json' does not exist. Skipping.
Warning: JSON file 'mis_results_grouped_v3/nodes_5_removal_15percent.json' does not exist. Skipping.
Warning: JSON file 'mis_results_grouped_v3/nodes_5_removal_20percent.json' does not exist. Skipping.
Warning: JSON file 'mis_results_grouped_v3/nodes_5_removal_25percent.json' does not exist. Skipping.
Warning: JSON file 'mis_results_grouped_v3/nodes_5_removal_30percent.json' does not exist. Skipping.
Warning: JSON file 'mis_results_grouped_v3/nodes_5_removal_35percent.json' does not exist. Skipping.
Warning: JSON file 'mis_results_grouped_v3/nodes_5_removal_40percent.json' does not exist. Skipping.
Warning: JSON file 'mis_results_grouped_v3/nodes_5_removal_45percent.json' does not exist. Skipping.
Warning: JSON file 'mis_results_grouped_v3/nodes_5_removal_50percent.json' does not exist. Skipping.
Warning: JSON file 'mis_results_grouped_v3/nodes_5_removal_55percent.json' does not exist. Skipping.
Warning: JSON file 'mis_results_grouped_v3/nodes_5_removal_60percent.json' does not exist. Skipping.
Warning: JSON file 'mis_results_grouped_v3/nodes_5_removal_65percent.json' does not exist. Skipping.
Warning: JSON file 'mis_results_grouped_v3/nodes_5_removal_70percent.json' does not exist. Skipping.
Warning: JSON file 'mis_results_grouped_v3/nodes_5_removal_75percent.json' does not exist. Skipping.
Warning: JSON file 'mis_results_grouped_v3/nodes_5_removal_80percent.json' does not exist. Skipping.
Warning: JSON file 'mis_results_grouped_v3/nodes_5_removal_85percent.json' does not exist. Skipping.
Warning: JSON file 'mis_results_grouped_v3/nodes_5_removal_15percent.json' does not exist. Skipping.
Warning: JSON file 'mis_results_grouped_v3/nodes_5_removal_20percent.json' does not exist. Skipping.
Warning: JSON file 'mis_results_grouped_v3/nodes_5_removal_25percent.json' does not exist. Skipping.
Warning: JSON file 'mis_results_grouped_v3/nodes_5_removal_30percent.json' does not exist. Skipping.
Warning: JSON file 'mis_results_grouped_v3/nodes_5_removal_35percent.json' does not exist. Skipping.
Warning: JSON file 'mis_results_grouped_v3/nodes_5_removal_40percent.json' does not exist. Skipping.
Warning: JSON file 'mis_results_grouped_v3/nodes_5_removal_45percent.json' does not exist. Skipping.
Warning: JSON file 'mis_results_grouped_v3/nodes_5_removal_50percent.json' does not exist. Skipping.
Warning: JSON file 'mis_results_grouped_v3/nodes_5_removal_55percent.json' does not exist. Skipping.
Warning: JSON file 'mis_results_grouped_v3/nodes_5_removal_60percent.json' does not exist. Skipping.
Warning: JSON file 'mis_results_grouped_v3/nodes_5_removal_65percent.json' does not exist. Skipping.
Warning: JSON file 'mis_results_grouped_v3/nodes_5_removal_70percent.json' does not exist. Skipping.
Warning: JSON file 'mis_results_grouped_v3/nodes_5_removal_75percent.json' does not exist. Skipping.
Warning: JSON file 'mis_results_grouped_v3/nodes_5_removal_80percent.json' does not exist. Skipping.
Warning: JSON file 'mis_results_grouped_v3/nodes_5_removal_85percent.json' does not exist. Skipping.
Warning: JSON file 'mis_results_grouped_v3/nodes_5_removal_15percent.json' does not exist. Skipping.
Warning: JSON file 'mis_results_grouped_v3/nodes_5_removal_20percent.json' does not exist. Skipping.
Warning: JSON file 'mis_results_grouped_v3/nodes_5_removal_25percent.json' does not exist. Skipping.
Warning: JSON file 'mis_results_grouped_v3/nodes_5_removal_30percent.json' does not exist. Skipping.
Warning: JSON file 'mis_results_grouped_v3/nodes_5_removal_35percent.json' does not exist. Skipping.
Warning: JSON file 'mis_results_grouped_v3/nodes_5_removal_40percent.json' does not exist. Skipping.
Warning: JSON file 'mis_results_grouped_v3/nodes_5_removal_45percent.json' does not exist. Skipping.
Warning: JSON file 'mis_results_grouped_v3/nodes_5_removal_50percent.json' does not exist. Skipping.
Warning: JSON file 'mis_results_grouped_v3/nodes_5_removal_55percent.json' does not exist. Skipping.
Warning: JSON file 'mis_results_grouped_v3/nodes_5_removal_60percent.json' does not exist. Skipping.
Warning: JSON file 'mis_results_grouped_v3/nodes_5_removal_65percent.json' does not exist. Skipping.
Warning: JSON file 'mis_results_grouped_v3/nodes_5_removal_70percent.json' does not exist. Skipping.
Warning: JSON file 'mis_results_grouped_v3/nodes_5_removal_75percent.json' does not exist. Skipping.
Warning: JSON file 'mis_results_grouped_v3/nodes_5_removal_80percent.json' does not exist. Skipping.
Warning: JSON file 'mis_results_grouped_v3/nodes_5_removal_85percent.json' does not exist. Skipping.
Warning: JSON file 'mis_results_grouped_v3/nodes_5_removal_15percent.json' does not exist. Skipping.
Warning: JSON file 'mis_results_grouped_v3/nodes_5_removal_20percent.json' does not exist. Skipping.
Warning: JSON file 'mis_results_grouped_v3/nodes_5_removal_25percent.json' does not exist. Skipping.
Warning: JSON file 'mis_results_grouped_v3/nodes_5_removal_30percent.json' does not exist. Skipping.
Warning: JSON file 'mis_results_grouped_v3/nodes_5_removal_35percent.json' does not exist. Skipping.
Warning: JSON file 'mis_results_grouped_v3/nodes_5_removal_40percent.json' does not exist. Skipping.
Warning: JSON file 'mis_results_grouped_v3/nodes_5_removal_45percent.json' does not exist. Skipping.
Warning: JSON file 'mis_results_grouped_v3/nodes_5_removal_50percent.json' does not exist. Skipping.
Warning: JSON file 'mis_results_grouped_v3/nodes_5_removal_55percent.json' does not exist. Skipping.
Warning: JSON file 'mis_results_grouped_v3/nodes_5_removal_60percent.json' does not exist. Skipping.
Warning: JSON file 'mis_results_grouped_v3/nodes_5_removal_65percent.json' does not exist. Skipping.
Warning: JSON file 'mis_results_grouped_v3/nodes_5_removal_70percent.json' does not exist. Skipping.
Warning: JSON file 'mis_results_grouped_v3/nodes_5_removal_75percent.json' does not exist. Skipping.
Warning: JSON file 'mis_results_grouped_v3/nodes_5_removal_80percent.json' does not exist. Skipping.
Warning: JSON file 'mis_results_grouped_v3/nodes_5_removal_85percent.json' does not exist. Skipping.
Warning: JSON file 'mis_results_grouped_v3/nodes_5_removal_15percent.json' does not exist. Skipping.
Warning: JSON file 'mis_results_grouped_v3/nodes_5_removal_20percent.json' does not exist. Skipping.
Warning: JSON file 'mis_results_grouped_v3/nodes_5_removal_25percent.json' does not exist. Skipping.
Warning: JSON file 'mis_results_grouped_v3/nodes_5_removal_30percent.json' does not exist. Skipping.
Warning: JSON file 'mis_results_grouped_v3/nodes_5_removal_35percent.json' does not exist. Skipping.
Warning: JSON file 'mis_results_grouped_v3/nodes_5_removal_40percent.json' does not exist. Skipping.
Warning: JSON file 'mis_results_grouped_v3/nodes_5_removal_45percent.json' does not exist. Skipping.
Warning: JSON file 'mis_results_grouped_v3/nodes_5_removal_50percent.json' does not exist. Skipping.
Warning: JSON file 'mis_results_grouped_v3/nodes_5_removal_55percent.json' does not exist. Skipping.
Warning: JSON file 'mis_results_grouped_v3/nodes_5_removal_60percent.json' does not exist. Skipping.
Warning: JSON file 'mis_results_grouped_v3/nodes_5_removal_65percent.json' does not exist. Skipping.
Warning: JSON file 'mis_results_grouped_v3/nodes_5_removal_70percent.json' does not exist. Skipping.
Warning: JSON file 'mis_results_grouped_v3/nodes_5_removal_75percent.json' does not exist. Skipping.
Warning: JSON file 'mis_results_grouped_v3/nodes_5_removal_80percent.json' does not exist. Skipping.
Warning: JSON file 'mis_results_grouped_v3/nodes_5_removal_85percent.json' does not exist. Skipping.
Warning: JSON file 'mis_results_grouped_v3/nodes_5_removal_15percent.json' does not exist. Skipping.
Warning: JSON file 'mis_results_grouped_v3/nodes_5_removal_20percent.json' does not exist. Skipping.
Warning: JSON file 'mis_results_grouped_v3/nodes_5_removal_25percent.json' does not exist. Skipping.
Warning: JSON file 'mis_results_grouped_v3/nodes_5_removal_30percent.json' does not exist. Skipping.
Warning: JSON file 'mis_results_grouped_v3/nodes_5_removal_35percent.json' does not exist. Skipping.
Warning: JSON file 'mis_results_grouped_v3/nodes_5_removal_40percent.json' does not exist. Skipping.
Warning: JSON file 'mis_results_grouped_v3/nodes_5_removal_45percent.json' does not exist. Skipping.
Warning: JSON file 'mis_results_grouped_v3/nodes_5_removal_50percent.json' does not exist. Skipping.
Warning: JSON file 'mis_results_grouped_v3/nodes_5_removal_55percent.json' does not exist. Skipping.
Warning: JSON file 'mis_results_grouped_v3/nodes_5_removal_60percent.json' does not exist. Skipping.
Warning: JSON file 'mis_results_grouped_v3/nodes_5_removal_65percent.json' does not exist. Skipping.
Warning: JSON file 'mis_results_grouped_v3/nodes_5_removal_70percent.json' does not exist. Skipping.
Warning: JSON file 'mis_results_grouped_v3/nodes_5_removal_75percent.json' does not exist. Skipping.
Warning: JSON file 'mis_results_grouped_v3/nodes_5_removal_80percent.json' does not exist. Skipping.
Warning: JSON file 'mis_results_grouped_v3/nodes_5_removal_85percent.json' does not exist. Skipping.
Warning: JSON file 'mis_results_grouped_v3/nodes_5_removal_15percent.json' does not exist. Skipping.
Warning: JSON file 'mis_results_grouped_v3/nodes_5_removal_20percent.json' does not exist. Skipping.
Warning: JSON file 'mis_results_grouped_v3/nodes_5_removal_25percent.json' does not exist. Skipping.
Warning: JSON file 'mis_results_grouped_v3/nodes_5_removal_30percent.json' does not exist. Skipping.
Warning: JSON file 'mis_results_grouped_v3/nodes_5_removal_35percent.json' does not exist. Skipping.
Warning: JSON file 'mis_results_grouped_v3/nodes_5_removal_40percent.json' does not exist. Skipping.
Warning: JSON file 'mis_results_grouped_v3/nodes_5_removal_45percent.json' does not exist. Skipping.
Warning: JSON file 'mis_results_grouped_v3/nodes_5_removal_50percent.json' does not exist. Skipping.
Warning: JSON file 'mis_results_grouped_v3/nodes_5_removal_55percent.json' does not exist. Skipping.
Warning: JSON file 'mis_results_grouped_v3/nodes_5_removal_60percent.json' does not exist. Skipping.
Warning: JSON file 'mis_results_grouped_v3/nodes_5_removal_65percent.json' does not exist. Skipping.
Warning: JSON file 'mis_results_grouped_v3/nodes_5_removal_70percent.json' does not exist. Skipping.
Warning: JSON file 'mis_results_grouped_v3/nodes_5_removal_75percent.json' does not exist. Skipping.
Warning: JSON file 'mis_results_grouped_v3/nodes_5_removal_80percent.json' does not exist. Skipping.
Warning: JSON file 'mis_results_grouped_v3/nodes_5_removal_85percent.json' does not exist. Skipping.
Warning: JSON file 'mis_results_grouped_v3/nodes_5_removal_15percent.json' does not exist. Skipping.
Warning: JSON file 'mis_results_grouped_v3/nodes_5_removal_20percent.json' does not exist. Skipping.
Warning: JSON file 'mis_results_grouped_v3/nodes_5_removal_25percent.json' does not exist. Skipping.
Warning: JSON file 'mis_results_grouped_v3/nodes_5_removal_30percent.json' does not exist. Skipping.
Warning: JSON file 'mis_results_grouped_v3/nodes_5_removal_35percent.json' does not exist. Skipping.
Warning: JSON file 'mis_results_grouped_v3/nodes_5_removal_40percent.json' does not exist. Skipping.
Warning: JSON file 'mis_results_grouped_v3/nodes_5_removal_45percent.json' does not exist. Skipping.
Warning: JSON file 'mis_results_grouped_v3/nodes_5_removal_50percent.json' does not exist. Skipping.
Warning: JSON file 'mis_results_grouped_v3/nodes_5_removal_55percent.json' does not exist. Skipping.
Warning: JSON file 'mis_results_grouped_v3/nodes_5_removal_60percent.json' does not exist. Skipping.
Warning: JSON file 'mis_results_grouped_v3/nodes_5_removal_65percent.json' does not exist. Skipping.
Warning: JSON file 'mis_results_grouped_v3/nodes_5_removal_70percent.json' does not exist. Skipping.
Warning: JSON file 'mis_results_grouped_v3/nodes_5_removal_75percent.json' does not exist. Skipping.
Warning: JSON file 'mis_results_grouped_v3/nodes_5_removal_80percent.json' does not exist. Skipping.
Warning: JSON file 'mis_results_grouped_v3/nodes_5_removal_85percent.json' does not exist. Skipping.
Warning: JSON file 'mis_results_grouped_v3/nodes_5_removal_15percent.json' does not exist. Skipping.
Warning: JSON file 'mis_results_grouped_v3/nodes_5_removal_20percent.json' does not exist. Skipping.
Warning: JSON file 'mis_results_grouped_v3/nodes_5_removal_25percent.json' does not exist. Skipping.
Warning: JSON file 'mis_results_grouped_v3/nodes_5_removal_30percent.json' does not exist. Skipping.
Warning: JSON file 'mis_results_grouped_v3/nodes_5_removal_35percent.json' does not exist. Skipping.
Warning: JSON file 'mis_results_grouped_v3/nodes_5_removal_40percent.json' does not exist. Skipping.
Warning: JSON file 'mis_results_grouped_v3/nodes_5_removal_45percent.json' does not exist. Skipping.
Warning: JSON file 'mis_results_grouped_v3/nodes_5_removal_50percent.json' does not exist. Skipping.
Warning: JSON file 'mis_results_grouped_v3/nodes_5_removal_55percent.json' does not exist. Skipping.
Warning: JSON file 'mis_results_grouped_v3/nodes_5_removal_60percent.json' does not exist. Skipping.
Warning: JSON file 'mis_results_grouped_v3/nodes_5_removal_65percent.json' does not exist. Skipping.
Warning: JSON file 'mis_results_grouped_v3/nodes_5_removal_70percent.json' does not exist. Skipping.
Warning: JSON file 'mis_results_grouped_v3/nodes_5_removal_75percent.json' does not exist. Skipping.
Warning: JSON file 'mis_results_grouped_v3/nodes_5_removal_80percent.json' does not exist. Skipping.
Warning: JSON file 'mis_results_grouped_v3/nodes_5_removal_85percent.json' does not exist. Skipping.
Warning: JSON file 'mis_results_grouped_v3/nodes_5_removal_15percent.json' does not exist. Skipping.
Warning: JSON file 'mis_results_grouped_v3/nodes_5_removal_20percent.json' does not exist. Skipping.
Warning: JSON file 'mis_results_grouped_v3/nodes_5_removal_25percent.json' does not exist. Skipping.
Warning: JSON file 'mis_results_grouped_v3/nodes_5_removal_30percent.json' does not exist. Skipping.
Warning: JSON file 'mis_results_grouped_v3/nodes_5_removal_35percent.json' does not exist. Skipping.
Warning: JSON file 'mis_results_grouped_v3/nodes_5_removal_40percent.json' does not exist. Skipping.
Warning: JSON file 'mis_results_grouped_v3/nodes_5_removal_45percent.json' does not exist. Skipping.
Warning: JSON file 'mis_results_grouped_v3/nodes_5_removal_50percent.json' does not exist. Skipping.
Warning: JSON file 'mis_results_grouped_v3/nodes_5_removal_55percent.json' does not exist. Skipping.
Warning: JSON file 'mis_results_grouped_v3/nodes_5_removal_60percent.json' does not exist. Skipping.
Warning: JSON file 'mis_results_grouped_v3/nodes_5_removal_65percent.json' does not exist. Skipping.
Warning: JSON file 'mis_results_grouped_v3/nodes_5_removal_70percent.json' does not exist. Skipping.
Warning: JSON file 'mis_results_grouped_v3/nodes_5_removal_75percent.json' does not exist. Skipping.
Warning: JSON file 'mis_results_grouped_v3/nodes_5_removal_80percent.json' does not exist. Skipping.
Warning: JSON file 'mis_results_grouped_v3/nodes_5_removal_85percent.json' does not exist. Skipping.
Warning: JSON file 'mis_results_grouped_v3/nodes_5_removal_15percent.json' does not exist. Skipping.
Warning: JSON file 'mis_results_grouped_v3/nodes_5_removal_20percent.json' does not exist. Skipping.
Warning: JSON file 'mis_results_grouped_v3/nodes_5_removal_25percent.json' does not exist. Skipping.
Warning: JSON file 'mis_results_grouped_v3/nodes_5_removal_30percent.json' does not exist. Skipping.
Warning: JSON file 'mis_results_grouped_v3/nodes_5_removal_35percent.json' does not exist. Skipping.
Warning: JSON file 'mis_results_grouped_v3/nodes_5_removal_40percent.json' does not exist. Skipping.
Warning: JSON file 'mis_results_grouped_v3/nodes_5_removal_45percent.json' does not exist. Skipping.
Warning: JSON file 'mis_results_grouped_v3/nodes_5_removal_50percent.json' does not exist. Skipping.
Warning: JSON file 'mis_results_grouped_v3/nodes_5_removal_55percent.json' does not exist. Skipping.
Warning: JSON file 'mis_results_grouped_v3/nodes_5_removal_60percent.json' does not exist. Skipping.
Warning: JSON file 'mis_results_grouped_v3/nodes_5_removal_65percent.json' does not exist. Skipping.
Warning: JSON file 'mis_results_grouped_v3/nodes_5_removal_70percent.json' does not exist. Skipping.
Warning: JSON file 'mis_results_grouped_v3/nodes_5_removal_75percent.json' does not exist. Skipping.
Warning: JSON file 'mis_results_grouped_v3/nodes_5_removal_80percent.json' does not exist. Skipping.
Warning: JSON file 'mis_results_grouped_v3/nodes_5_removal_85percent.json' does not exist. Skipping.
Warning: JSON file 'mis_results_grouped_v3/nodes_5_removal_15percent.json' does not exist. Skipping.
Warning: JSON file 'mis_results_grouped_v3/nodes_5_removal_20percent.json' does not exist. Skipping.
Warning: JSON file 'mis_results_grouped_v3/nodes_5_removal_25percent.json' does not exist. Skipping.
Warning: JSON file 'mis_results_grouped_v3/nodes_5_removal_30percent.json' does not exist. Skipping.
Warning: JSON file 'mis_results_grouped_v3/nodes_5_removal_35percent.json' does not exist. Skipping.
Warning: JSON file 'mis_results_grouped_v3/nodes_5_removal_40percent.json' does not exist. Skipping.
Warning: JSON file 'mis_results_grouped_v3/nodes_5_removal_45percent.json' does not exist. Skipping.
Warning: JSON file 'mis_results_grouped_v3/nodes_5_removal_50percent.json' does not exist. Skipping.
Warning: JSON file 'mis_results_grouped_v3/nodes_5_removal_55percent.json' does not exist. Skipping.
Warning: JSON file 'mis_results_grouped_v3/nodes_5_removal_60percent.json' does not exist. Skipping.
Warning: JSON file 'mis_results_grouped_v3/nodes_5_removal_65percent.json' does not exist. Skipping.
Warning: JSON file 'mis_results_grouped_v3/nodes_5_removal_70percent.json' does not exist. Skipping.
Warning: JSON file 'mis_results_grouped_v3/nodes_5_removal_75percent.json' does not exist. Skipping.
Warning: JSON file 'mis_results_grouped_v3/nodes_5_removal_80percent.json' does not exist. Skipping.
Warning: JSON file 'mis_results_grouped_v3/nodes_5_removal_85percent.json' does not exist. Skipping.
Warning: JSON file 'mis_results_grouped_v3/nodes_5_removal_15percent.json' does not exist. Skipping.
Warning: JSON file 'mis_results_grouped_v3/nodes_5_removal_20percent.json' does not exist. Skipping.
Warning: JSON file 'mis_results_grouped_v3/nodes_5_removal_25percent.json' does not exist. Skipping.
Warning: JSON file 'mis_results_grouped_v3/nodes_5_removal_30percent.json' does not exist. Skipping.
Warning: JSON file 'mis_results_grouped_v3/nodes_5_removal_35percent.json' does not exist. Skipping.
Warning: JSON file 'mis_results_grouped_v3/nodes_5_removal_40percent.json' does not exist. Skipping.
Warning: JSON file 'mis_results_grouped_v3/nodes_5_removal_45percent.json' does not exist. Skipping.
Warning: JSON file 'mis_results_grouped_v3/nodes_5_removal_50percent.json' does not exist. Skipping.
Warning: JSON file 'mis_results_grouped_v3/nodes_5_removal_55percent.json' does not exist. Skipping.
Warning: JSON file 'mis_results_grouped_v3/nodes_5_removal_60percent.json' does not exist. Skipping.
Warning: JSON file 'mis_results_grouped_v3/nodes_5_removal_65percent.json' does not exist. Skipping.
Warning: JSON file 'mis_results_grouped_v3/nodes_5_removal_70percent.json' does not exist. Skipping.
Warning: JSON file 'mis_results_grouped_v3/nodes_5_removal_75percent.json' does not exist. Skipping.
Warning: JSON file 'mis_results_grouped_v3/nodes_5_removal_80percent.json' does not exist. Skipping.
Warning: JSON file 'mis_results_grouped_v3/nodes_5_removal_85percent.json' does not exist. Skipping.
Warning: JSON file 'mis_results_grouped_v3/nodes_5_removal_15percent.json' does not exist. Skipping.
Warning: JSON file 'mis_results_grouped_v3/nodes_5_removal_20percent.json' does not exist. Skipping.
Warning: JSON file 'mis_results_grouped_v3/nodes_5_removal_25percent.json' does not exist. Skipping.
Warning: JSON file 'mis_results_grouped_v3/nodes_5_removal_30percent.json' does not exist. Skipping.
Warning: JSON file 'mis_results_grouped_v3/nodes_5_removal_35percent.json' does not exist. Skipping.
Warning: JSON file 'mis_results_grouped_v3/nodes_5_removal_40percent.json' does not exist. Skipping.
Warning: JSON file 'mis_results_grouped_v3/nodes_5_removal_45percent.json' does not exist. Skipping.
Warning: JSON file 'mis_results_grouped_v3/nodes_5_removal_50percent.json' does not exist. Skipping.
Warning: JSON file 'mis_results_grouped_v3/nodes_5_removal_55percent.json' does not exist. Skipping.
Warning: JSON file 'mis_results_grouped_v3/nodes_5_removal_60percent.json' does not exist. Skipping.
Warning: JSON file 'mis_results_grouped_v3/nodes_5_removal_65percent.json' does not exist. Skipping.
Warning: JSON file 'mis_results_grouped_v3/nodes_5_removal_70percent.json' does not exist. Skipping.
Warning: JSON file 'mis_results_grouped_v3/nodes_5_removal_75percent.json' does not exist. Skipping.
Warning: JSON file 'mis_results_grouped_v3/nodes_5_removal_80percent.json' does not exist. Skipping.
Warning: JSON file 'mis_results_grouped_v3/nodes_5_removal_85percent.json' does not exist. Skipping.
Warning: JSON file 'mis_results_grouped_v3/nodes_5_removal_15percent.json' does not exist. Skipping.
Warning: JSON file 'mis_results_grouped_v3/nodes_5_removal_20percent.json' does not exist. Skipping.
Warning: JSON file 'mis_results_grouped_v3/nodes_5_removal_25percent.json' does not exist. Skipping.
Warning: JSON file 'mis_results_grouped_v3/nodes_5_removal_30percent.json' does not exist. Skipping.
Warning: JSON file 'mis_results_grouped_v3/nodes_5_removal_35percent.json' does not exist. Skipping.
Warning: JSON file 'mis_results_grouped_v3/nodes_5_removal_40percent.json' does not exist. Skipping.
Warning: JSON file 'mis_results_grouped_v3/nodes_5_removal_45percent.json' does not exist. Skipping.
Warning: JSON file 'mis_results_grouped_v3/nodes_5_removal_50percent.json' does not exist. Skipping.
Warning: JSON file 'mis_results_grouped_v3/nodes_5_removal_55percent.json' does not exist. Skipping.
Warning: JSON file 'mis_results_grouped_v3/nodes_5_removal_60percent.json' does not exist. Skipping.
Warning: JSON file 'mis_results_grouped_v3/nodes_5_removal_65percent.json' does not exist. Skipping.
Warning: JSON file 'mis_results_grouped_v3/nodes_5_removal_70percent.json' does not exist. Skipping.
Warning: JSON file 'mis_results_grouped_v3/nodes_5_removal_75percent.json' does not exist. Skipping.
Warning: JSON file 'mis_results_grouped_v3/nodes_5_removal_80percent.json' does not exist. Skipping.
Warning: JSON file 'mis_results_grouped_v3/nodes_5_removal_85percent.json' does not exist. Skipping.
Warning: JSON file 'mis_results_grouped_v3/nodes_5_removal_15percent.json' does not exist. Skipping.
Warning: JSON file 'mis_results_grouped_v3/nodes_5_removal_20percent.json' does not exist. Skipping.
Warning: JSON file 'mis_results_grouped_v3/nodes_5_removal_25percent.json' does not exist. Skipping.
Warning: JSON file 'mis_results_grouped_v3/nodes_5_removal_30percent.json' does not exist. Skipping.
Warning: JSON file 'mis_results_grouped_v3/nodes_5_removal_35percent.json' does not exist. Skipping.
Warning: JSON file 'mis_results_grouped_v3/nodes_5_removal_40percent.json' does not exist. Skipping.
Warning: JSON file 'mis_results_grouped_v3/nodes_5_removal_45percent.json' does not exist. Skipping.
Warning: JSON file 'mis_results_grouped_v3/nodes_5_removal_50percent.json' does not exist. Skipping.
Warning: JSON file 'mis_results_grouped_v3/nodes_5_removal_55percent.json' does not exist. Skipping.
Warning: JSON file 'mis_results_grouped_v3/nodes_5_removal_60percent.json' does not exist. Skipping.
Warning: JSON file 'mis_results_grouped_v3/nodes_5_removal_65percent.json' does not exist. Skipping.
Warning: JSON file 'mis_results_grouped_v3/nodes_5_removal_70percent.json' does not exist. Skipping.
Warning: JSON file 'mis_results_grouped_v3/nodes_5_removal_75percent.json' does not exist. Skipping.
Warning: JSON file 'mis_results_grouped_v3/nodes_5_removal_80percent.json' does not exist. Skipping.
Warning: JSON file 'mis_results_grouped_v3/nodes_5_removal_85percent.json' does not exist. Skipping.
Warning: JSON file 'mis_results_grouped_v3/nodes_5_removal_15percent.json' does not exist. Skipping.
Warning: JSON file 'mis_results_grouped_v3/nodes_5_removal_20percent.json' does not exist. Skipping.
Warning: JSON file 'mis_results_grouped_v3/nodes_5_removal_25percent.json' does not exist. Skipping.
Warning: JSON file 'mis_results_grouped_v3/nodes_5_removal_30percent.json' does not exist. Skipping.
Warning: JSON file 'mis_results_grouped_v3/nodes_5_removal_35percent.json' does not exist. Skipping.
Warning: JSON file 'mis_results_grouped_v3/nodes_5_removal_40percent.json' does not exist. Skipping.
Warning: JSON file 'mis_results_grouped_v3/nodes_5_removal_45percent.json' does not exist. Skipping.
Warning: JSON file 'mis_results_grouped_v3/nodes_5_removal_50percent.json' does not exist. Skipping.
Warning: JSON file 'mis_results_grouped_v3/nodes_5_removal_55percent.json' does not exist. Skipping.
Warning: JSON file 'mis_results_grouped_v3/nodes_5_removal_60percent.json' does not exist. Skipping.
Warning: JSON file 'mis_results_grouped_v3/nodes_5_removal_65percent.json' does not exist. Skipping.
Warning: JSON file 'mis_results_grouped_v3/nodes_5_removal_70percent.json' does not exist. Skipping.
Warning: JSON file 'mis_results_grouped_v3/nodes_5_removal_75percent.json' does not exist. Skipping.
Warning: JSON file 'mis_results_grouped_v3/nodes_5_removal_80percent.json' does not exist. Skipping.
Warning: JSON file 'mis_results_grouped_v3/nodes_5_removal_85percent.json' does not exist. Skipping.
Warning: JSON file 'mis_results_grouped_v3/nodes_5_removal_15percent.json' does not exist. Skipping.
Warning: JSON file 'mis_results_grouped_v3/nodes_5_removal_20percent.json' does not exist. Skipping.
Warning: JSON file 'mis_results_grouped_v3/nodes_5_removal_25percent.json' does not exist. Skipping.
Warning: JSON file 'mis_results_grouped_v3/nodes_5_removal_30percent.json' does not exist. Skipping.
Warning: JSON file 'mis_results_grouped_v3/nodes_5_removal_35percent.json' does not exist. Skipping.
Warning: JSON file 'mis_results_grouped_v3/nodes_5_removal_40percent.json' does not exist. Skipping.
Warning: JSON file 'mis_results_grouped_v3/nodes_5_removal_45percent.json' does not exist. Skipping.
Warning: JSON file 'mis_results_grouped_v3/nodes_5_removal_50percent.json' does not exist. Skipping.
Warning: JSON file 'mis_results_grouped_v3/nodes_5_removal_55percent.json' does not exist. Skipping.
Warning: JSON file 'mis_results_grouped_v3/nodes_5_removal_60percent.json' does not exist. Skipping.
Warning: JSON file 'mis_results_grouped_v3/nodes_5_removal_65percent.json' does not exist. Skipping.
Warning: JSON file 'mis_results_grouped_v3/nodes_5_removal_70percent.json' does not exist. Skipping.
Warning: JSON file 'mis_results_grouped_v3/nodes_5_removal_75percent.json' does not exist. Skipping.
Warning: JSON file 'mis_results_grouped_v3/nodes_5_removal_80percent.json' does not exist. Skipping.
Warning: JSON file 'mis_results_grouped_v3/nodes_5_removal_85percent.json' does not exist. Skipping.
Warning: JSON file 'mis_results_grouped_v3/nodes_5_removal_15percent.json' does not exist. Skipping.
Warning: JSON file 'mis_results_grouped_v3/nodes_5_removal_20percent.json' does not exist. Skipping.
Warning: JSON file 'mis_results_grouped_v3/nodes_5_removal_25percent.json' does not exist. Skipping.
Warning: JSON file 'mis_results_grouped_v3/nodes_5_removal_30percent.json' does not exist. Skipping.
Warning: JSON file 'mis_results_grouped_v3/nodes_5_removal_35percent.json' does not exist. Skipping.
Warning: JSON file 'mis_results_grouped_v3/nodes_5_removal_40percent.json' does not exist. Skipping.
Warning: JSON file 'mis_results_grouped_v3/nodes_5_removal_45percent.json' does not exist. Skipping.
Warning: JSON file 'mis_results_grouped_v3/nodes_5_removal_50percent.json' does not exist. Skipping.
Warning: JSON file 'mis_results_grouped_v3/nodes_5_removal_55percent.json' does not exist. Skipping.
Warning: JSON file 'mis_results_grouped_v3/nodes_5_removal_60percent.json' does not exist. Skipping.
Warning: JSON file 'mis_results_grouped_v3/nodes_5_removal_65percent.json' does not exist. Skipping.
Warning: JSON file 'mis_results_grouped_v3/nodes_5_removal_70percent.json' does not exist. Skipping.
Warning: JSON file 'mis_results_grouped_v3/nodes_5_removal_75percent.json' does not exist. Skipping.
Warning: JSON file 'mis_results_grouped_v3/nodes_5_removal_80percent.json' does not exist. Skipping.
Warning: JSON file 'mis_results_grouped_v3/nodes_5_removal_85percent.json' does not exist. Skipping.
Warning: JSON file 'mis_results_grouped_v3/nodes_5_removal_15percent.json' does not exist. Skipping.
Warning: JSON file 'mis_results_grouped_v3/nodes_5_removal_20percent.json' does not exist. Skipping.
Warning: JSON file 'mis_results_grouped_v3/nodes_5_removal_25percent.json' does not exist. Skipping.
Warning: JSON file 'mis_results_grouped_v3/nodes_5_removal_30percent.json' does not exist. Skipping.
Warning: JSON file 'mis_results_grouped_v3/nodes_5_removal_35percent.json' does not exist. Skipping.
Warning: JSON file 'mis_results_grouped_v3/nodes_5_removal_40percent.json' does not exist. Skipping.
Warning: JSON file 'mis_results_grouped_v3/nodes_5_removal_45percent.json' does not exist. Skipping.
Warning: JSON file 'mis_results_grouped_v3/nodes_5_removal_50percent.json' does not exist. Skipping.
Warning: JSON file 'mis_results_grouped_v3/nodes_5_removal_55percent.json' does not exist. Skipping.
Warning: JSON file 'mis_results_grouped_v3/nodes_5_removal_60percent.json' does not exist. Skipping.
Warning: JSON file 'mis_results_grouped_v3/nodes_5_removal_65percent.json' does not exist. Skipping.
Warning: JSON file 'mis_results_grouped_v3/nodes_5_removal_70percent.json' does not exist. Skipping.
Warning: JSON file 'mis_results_grouped_v3/nodes_5_removal_75percent.json' does not exist. Skipping.
Warning: JSON file 'mis_results_grouped_v3/nodes_5_removal_80percent.json' does not exist. Skipping.
Warning: JSON file 'mis_results_grouped_v3/nodes_5_removal_85percent.json' does not exist. Skipping.
Warning: JSON file 'mis_results_grouped_v3/nodes_5_removal_15percent.json' does not exist. Skipping.
Warning: JSON file 'mis_results_grouped_v3/nodes_5_removal_20percent.json' does not exist. Skipping.
Warning: JSON file 'mis_results_grouped_v3/nodes_5_removal_25percent.json' does not exist. Skipping.
Warning: JSON file 'mis_results_grouped_v3/nodes_5_removal_30percent.json' does not exist. Skipping.
Warning: JSON file 'mis_results_grouped_v3/nodes_5_removal_35percent.json' does not exist. Skipping.
Warning: JSON file 'mis_results_grouped_v3/nodes_5_removal_40percent.json' does not exist. Skipping.
Warning: JSON file 'mis_results_grouped_v3/nodes_5_removal_45percent.json' does not exist. Skipping.
Warning: JSON file 'mis_results_grouped_v3/nodes_5_removal_50percent.json' does not exist. Skipping.
Warning: JSON file 'mis_results_grouped_v3/nodes_5_removal_55percent.json' does not exist. Skipping.
Warning: JSON file 'mis_results_grouped_v3/nodes_5_removal_60percent.json' does not exist. Skipping.
Warning: JSON file 'mis_results_grouped_v3/nodes_5_removal_65percent.json' does not exist. Skipping.
Warning: JSON file 'mis_results_grouped_v3/nodes_5_removal_70percent.json' does not exist. Skipping.
Warning: JSON file 'mis_results_grouped_v3/nodes_5_removal_75percent.json' does not exist. Skipping.
Warning: JSON file 'mis_results_grouped_v3/nodes_5_removal_80percent.json' does not exist. Skipping.
Warning: JSON file 'mis_results_grouped_v3/nodes_5_removal_85percent.json' does not exist. Skipping.
Warning: JSON file 'mis_results_grouped_v3/nodes_5_removal_15percent.json' does not exist. Skipping.
Warning: JSON file 'mis_results_grouped_v3/nodes_5_removal_20percent.json' does not exist. Skipping.
Warning: JSON file 'mis_results_grouped_v3/nodes_5_removal_25percent.json' does not exist. Skipping.
Warning: JSON file 'mis_results_grouped_v3/nodes_5_removal_30percent.json' does not exist. Skipping.
Warning: JSON file 'mis_results_grouped_v3/nodes_5_removal_35percent.json' does not exist. Skipping.
Warning: JSON file 'mis_results_grouped_v3/nodes_5_removal_40percent.json' does not exist. Skipping.
Warning: JSON file 'mis_results_grouped_v3/nodes_5_removal_45percent.json' does not exist. Skipping.
Warning: JSON file 'mis_results_grouped_v3/nodes_5_removal_50percent.json' does not exist. Skipping.
Warning: JSON file 'mis_results_grouped_v3/nodes_5_removal_55percent.json' does not exist. Skipping.
Warning: JSON file 'mis_results_grouped_v3/nodes_5_removal_60percent.json' does not exist. Skipping.
Warning: JSON file 'mis_results_grouped_v3/nodes_5_removal_65percent.json' does not exist. Skipping.
Warning: JSON file 'mis_results_grouped_v3/nodes_5_removal_70percent.json' does not exist. Skipping.
Warning: JSON file 'mis_results_grouped_v3/nodes_5_removal_75percent.json' does not exist. Skipping.
Warning: JSON file 'mis_results_grouped_v3/nodes_5_removal_80percent.json' does not exist. Skipping.
Warning: JSON file 'mis_results_grouped_v3/nodes_5_removal_85percent.json' does not exist. Skipping.
Warning: JSON file 'mis_results_grouped_v3/nodes_5_removal_15percent.json' does not exist. Skipping.
Warning: JSON file 'mis_results_grouped_v3/nodes_5_removal_20percent.json' does not exist. Skipping.
Warning: JSON file 'mis_results_grouped_v3/nodes_5_removal_25percent.json' does not exist. Skipping.
Warning: JSON file 'mis_results_grouped_v3/nodes_5_removal_30percent.json' does not exist. Skipping.
Warning: JSON file 'mis_results_grouped_v3/nodes_5_removal_35percent.json' does not exist. Skipping.
Warning: JSON file 'mis_results_grouped_v3/nodes_5_removal_40percent.json' does not exist. Skipping.
Warning: JSON file 'mis_results_grouped_v3/nodes_5_removal_45percent.json' does not exist. Skipping.
Warning: JSON file 'mis_results_grouped_v3/nodes_5_removal_50percent.json' does not exist. Skipping.
Warning: JSON file 'mis_results_grouped_v3/nodes_5_removal_55percent.json' does not exist. Skipping.
Warning: JSON file 'mis_results_grouped_v3/nodes_5_removal_60percent.json' does not exist. Skipping.
Warning: JSON file 'mis_results_grouped_v3/nodes_5_removal_65percent.json' does not exist. Skipping.
Warning: JSON file 'mis_results_grouped_v3/nodes_5_removal_70percent.json' does not exist. Skipping.
Warning: JSON file 'mis_results_grouped_v3/nodes_5_removal_75percent.json' does not exist. Skipping.
Warning: JSON file 'mis_results_grouped_v3/nodes_5_removal_80percent.json' does not exist. Skipping.
Warning: JSON file 'mis_results_grouped_v3/nodes_5_removal_85percent.json' does not exist. Skipping.
Warning: JSON file 'mis_results_grouped_v3/nodes_5_removal_15percent.json' does not exist. Skipping.
Warning: JSON file 'mis_results_grouped_v3/nodes_5_removal_20percent.json' does not exist. Skipping.
Warning: JSON file 'mis_results_grouped_v3/nodes_5_removal_25percent.json' does not exist. Skipping.
Warning: JSON file 'mis_results_grouped_v3/nodes_5_removal_30percent.json' does not exist. Skipping.
Warning: JSON file 'mis_results_grouped_v3/nodes_5_removal_35percent.json' does not exist. Skipping.
Warning: JSON file 'mis_results_grouped_v3/nodes_5_removal_40percent.json' does not exist. Skipping.
Warning: JSON file 'mis_results_grouped_v3/nodes_5_removal_45percent.json' does not exist. Skipping.
Warning: JSON file 'mis_results_grouped_v3/nodes_5_removal_50percent.json' does not exist. Skipping.
Warning: JSON file 'mis_results_grouped_v3/nodes_5_removal_55percent.json' does not exist. Skipping.
Warning: JSON file 'mis_results_grouped_v3/nodes_5_removal_60percent.json' does not exist. Skipping.
Warning: JSON file 'mis_results_grouped_v3/nodes_5_removal_65percent.json' does not exist. Skipping.
Warning: JSON file 'mis_results_grouped_v3/nodes_5_removal_70percent.json' does not exist. Skipping.
Warning: JSON file 'mis_results_grouped_v3/nodes_5_removal_75percent.json' does not exist. Skipping.
Warning: JSON file 'mis_results_grouped_v3/nodes_5_removal_80percent.json' does not exist. Skipping.
Warning: JSON file 'mis_results_grouped_v3/nodes_5_removal_85percent.json' does not exist. Skipping.
Study statistics: 
  Number of finished trials:  25
  Best trial:
    Value (Validation MAE):  0.13178420214979417
    Params: 
    batch_size: 32
    hidden_channels: 176
    num_layers: 28
    learning_rate: 0.0010221252698628714
