Running job on gpu-3-01
Requested resources:
  - CPUs: 32
  - GPUs: 
  - Memory: 64000
modelTrain_prob.py:229: FutureWarning: You are using `torch.load` with `weights_only=False` (the current default value), which uses the default pickle module implicitly. It is possible to construct malicious pickle data which will execute arbitrary code during unpickling (See https://github.com/pytorch/pytorch/blob/main/SECURITY.md#untrusted-models for more details). In a future release, the default value for `weights_only` will be flipped to `True`. This limits the functions that could be executed during unpickling. Arbitrary objects will no longer be allowed to be loaded via this mode unless they are explicitly allowlisted by the user via `torch.serialization.add_safe_globals`. We recommend you start setting `weights_only=True` for any use case where you don't have full control of the loaded file. Please open an issue on GitHub for any issues related to this experimental feature.
  model.load_state_dict(torch.load(MODEL_SAVE_PATH))
Warning: JSON file 'mis_results_grouped_v3/nodes_80_removal_85percent.json' does not exist. Skipping.
Warning: JSON file 'mis_results_grouped_v3/nodes_85_removal_85percent.json' does not exist. Skipping.
Warning: JSON file 'mis_results_grouped_v3/nodes_90_removal_80percent.json' does not exist. Skipping.
Warning: JSON file 'mis_results_grouped_v3/nodes_90_removal_85percent.json' does not exist. Skipping.
Total JSON files found: 251
Total edgelist directories found: 251
Total graphs in dataset: 39900
Train Dataset Size: 31920
Validation Dataset Size: 7980

Calculating baseline MAE (predicting 0.5 for every node):
Baseline Training MAE: 0.4161
Baseline Validation MAE: 0.4170
Epoch 001 | Train Loss: 0.4481 | Validation Loss: 0.4462 | Validation MAE: 0.2042
Epoch 002 | Train Loss: 0.4430 | Validation Loss: 0.4412 | Validation MAE: 0.2106
Epoch 003 | Train Loss: 0.4378 | Validation Loss: 0.4355 | Validation MAE: 0.2068
Epoch 004 | Train Loss: 0.4312 | Validation Loss: 0.4329 | Validation MAE: 0.2190
Epoch 005 | Train Loss: 0.4232 | Validation Loss: 0.4183 | Validation MAE: 0.1966
Epoch 006 | Train Loss: 0.4124 | Validation Loss: 0.4060 | Validation MAE: 0.1839
Epoch 007 | Train Loss: 0.3948 | Validation Loss: 0.3845 | Validation MAE: 0.1722
Epoch 008 | Train Loss: 0.3796 | Validation Loss: 0.3746 | Validation MAE: 0.1714
Epoch 009 | Train Loss: 0.3731 | Validation Loss: 0.3700 | Validation MAE: 0.1613
Epoch 010 | Train Loss: 0.3701 | Validation Loss: 0.3669 | Validation MAE: 0.1607
Epoch 011 | Train Loss: 0.3668 | Validation Loss: 0.3664 | Validation MAE: 0.1540
Epoch 012 | Train Loss: 0.3645 | Validation Loss: 0.3612 | Validation MAE: 0.1561
Epoch 013 | Train Loss: 0.3622 | Validation Loss: 0.3599 | Validation MAE: 0.1605
Epoch 014 | Train Loss: 0.3601 | Validation Loss: 0.3602 | Validation MAE: 0.1482
Epoch 015 | Train Loss: 0.3589 | Validation Loss: 0.3613 | Validation MAE: 0.1459
Epoch 016 | Train Loss: 0.3585 | Validation Loss: 0.3555 | Validation MAE: 0.1519
Epoch 017 | Train Loss: 0.3570 | Validation Loss: 0.3549 | Validation MAE: 0.1534
Epoch 018 | Train Loss: 0.3563 | Validation Loss: 0.3542 | Validation MAE: 0.1483
Epoch 019 | Train Loss: 0.3557 | Validation Loss: 0.3534 | Validation MAE: 0.1519
Epoch 020 | Train Loss: 0.3551 | Validation Loss: 0.3541 | Validation MAE: 0.1447
Epoch 021 | Train Loss: 0.3544 | Validation Loss: 0.3531 | Validation MAE: 0.1451
Epoch 022 | Train Loss: 0.3537 | Validation Loss: 0.3523 | Validation MAE: 0.1450
Epoch 023 | Train Loss: 0.3532 | Validation Loss: 0.3542 | Validation MAE: 0.1570
Epoch 024 | Train Loss: 0.3525 | Validation Loss: 0.3517 | Validation MAE: 0.1530
Epoch 025 | Train Loss: 0.3525 | Validation Loss: 0.3498 | Validation MAE: 0.1471
Epoch 026 | Train Loss: 0.3517 | Validation Loss: 0.3495 | Validation MAE: 0.1449
Epoch 027 | Train Loss: 0.3517 | Validation Loss: 0.3505 | Validation MAE: 0.1518
Epoch 028 | Train Loss: 0.3513 | Validation Loss: 0.3509 | Validation MAE: 0.1533
Epoch 029 | Train Loss: 0.3503 | Validation Loss: 0.3558 | Validation MAE: 0.1379
Epoch 030 | Train Loss: 0.3503 | Validation Loss: 0.3515 | Validation MAE: 0.1391
Epoch 031 | Train Loss: 0.3502 | Validation Loss: 0.3482 | Validation MAE: 0.1478
Epoch 032 | Train Loss: 0.3499 | Validation Loss: 0.3491 | Validation MAE: 0.1402
Epoch 033 | Train Loss: 0.3499 | Validation Loss: 0.3479 | Validation MAE: 0.1416
Epoch 034 | Train Loss: 0.3491 | Validation Loss: 0.3486 | Validation MAE: 0.1498
Epoch 035 | Train Loss: 0.3492 | Validation Loss: 0.3593 | Validation MAE: 0.1654
Epoch 036 | Train Loss: 0.3490 | Validation Loss: 0.3531 | Validation MAE: 0.1577
Epoch 037 | Train Loss: 0.3491 | Validation Loss: 0.3483 | Validation MAE: 0.1503
Epoch 038 | Train Loss: 0.3487 | Validation Loss: 0.3463 | Validation MAE: 0.1419
Epoch 039 | Train Loss: 0.3482 | Validation Loss: 0.3468 | Validation MAE: 0.1398
Epoch 040 | Train Loss: 0.3480 | Validation Loss: 0.3471 | Validation MAE: 0.1482
Epoch 041 | Train Loss: 0.3481 | Validation Loss: 0.3491 | Validation MAE: 0.1370
Epoch 042 | Train Loss: 0.3474 | Validation Loss: 0.3512 | Validation MAE: 0.1557
Epoch 043 | Train Loss: 0.3478 | Validation Loss: 0.3575 | Validation MAE: 0.1344
Epoch 044 | Train Loss: 0.3476 | Validation Loss: 0.3455 | Validation MAE: 0.1401
Epoch 045 | Train Loss: 0.3474 | Validation Loss: 0.3483 | Validation MAE: 0.1513
Epoch 046 | Train Loss: 0.3470 | Validation Loss: 0.3497 | Validation MAE: 0.1532
Epoch 047 | Train Loss: 0.3472 | Validation Loss: 0.3487 | Validation MAE: 0.1524
Epoch 048 | Train Loss: 0.3472 | Validation Loss: 0.3453 | Validation MAE: 0.1453
Epoch 049 | Train Loss: 0.3467 | Validation Loss: 0.3497 | Validation MAE: 0.1537
Epoch 050 | Train Loss: 0.3466 | Validation Loss: 0.3492 | Validation MAE: 0.1533
Epoch 051 | Train Loss: 0.3467 | Validation Loss: 0.3445 | Validation MAE: 0.1401
Epoch 052 | Train Loss: 0.3468 | Validation Loss: 0.3470 | Validation MAE: 0.1368
Epoch 053 | Train Loss: 0.3463 | Validation Loss: 0.3446 | Validation MAE: 0.1393
Epoch 054 | Train Loss: 0.3462 | Validation Loss: 0.3450 | Validation MAE: 0.1384
Epoch 055 | Train Loss: 0.3459 | Validation Loss: 0.3440 | Validation MAE: 0.1410
Epoch 056 | Train Loss: 0.3459 | Validation Loss: 0.3485 | Validation MAE: 0.1524
Epoch 057 | Train Loss: 0.3457 | Validation Loss: 0.3441 | Validation MAE: 0.1388
Epoch 058 | Train Loss: 0.3463 | Validation Loss: 0.3486 | Validation MAE: 0.1349
Epoch 059 | Train Loss: 0.3457 | Validation Loss: 0.3437 | Validation MAE: 0.1395
Epoch 060 | Train Loss: 0.3458 | Validation Loss: 0.3569 | Validation MAE: 0.1331
Epoch 061 | Train Loss: 0.3453 | Validation Loss: 0.3435 | Validation MAE: 0.1410
Epoch 062 | Train Loss: 0.3452 | Validation Loss: 0.3450 | Validation MAE: 0.1364
Epoch 063 | Train Loss: 0.3456 | Validation Loss: 0.3433 | Validation MAE: 0.1413
Epoch 064 | Train Loss: 0.3457 | Validation Loss: 0.3435 | Validation MAE: 0.1401
Epoch 065 | Train Loss: 0.3449 | Validation Loss: 0.3436 | Validation MAE: 0.1383
Epoch 066 | Train Loss: 0.3451 | Validation Loss: 0.3437 | Validation MAE: 0.1439
Epoch 067 | Train Loss: 0.3453 | Validation Loss: 0.3431 | Validation MAE: 0.1400
Epoch 068 | Train Loss: 0.3448 | Validation Loss: 0.3436 | Validation MAE: 0.1377
Epoch 069 | Train Loss: 0.3446 | Validation Loss: 0.3436 | Validation MAE: 0.1375
Epoch 070 | Train Loss: 0.3449 | Validation Loss: 0.3449 | Validation MAE: 0.1358
Epoch 071 | Train Loss: 0.3450 | Validation Loss: 0.3455 | Validation MAE: 0.1355
Epoch 072 | Train Loss: 0.3448 | Validation Loss: 0.3428 | Validation MAE: 0.1409
Epoch 073 | Train Loss: 0.3445 | Validation Loss: 0.3447 | Validation MAE: 0.1353
Epoch 074 | Train Loss: 0.3442 | Validation Loss: 0.3432 | Validation MAE: 0.1431
Epoch 075 | Train Loss: 0.3444 | Validation Loss: 0.3441 | Validation MAE: 0.1357
Epoch 076 | Train Loss: 0.3443 | Validation Loss: 0.3507 | Validation MAE: 0.1565
Epoch 077 | Train Loss: 0.3445 | Validation Loss: 0.3477 | Validation MAE: 0.1339
Epoch 078 | Train Loss: 0.3444 | Validation Loss: 0.3427 | Validation MAE: 0.1381
Epoch 079 | Train Loss: 0.3445 | Validation Loss: 0.3424 | Validation MAE: 0.1404
Epoch 080 | Train Loss: 0.3442 | Validation Loss: 0.3424 | Validation MAE: 0.1401
Epoch 081 | Train Loss: 0.3439 | Validation Loss: 0.3454 | Validation MAE: 0.1485
Epoch 082 | Train Loss: 0.3440 | Validation Loss: 0.3430 | Validation MAE: 0.1365
Epoch 083 | Train Loss: 0.3439 | Validation Loss: 0.3465 | Validation MAE: 0.1503
Epoch 084 | Train Loss: 0.3443 | Validation Loss: 0.3460 | Validation MAE: 0.1337
Epoch 085 | Train Loss: 0.3438 | Validation Loss: 0.3504 | Validation MAE: 0.1563
Epoch 086 | Train Loss: 0.3440 | Validation Loss: 0.3450 | Validation MAE: 0.1344
Epoch 087 | Train Loss: 0.3435 | Validation Loss: 0.3420 | Validation MAE: 0.1389
Epoch 088 | Train Loss: 0.3436 | Validation Loss: 0.3452 | Validation MAE: 0.1345
Epoch 089 | Train Loss: 0.3440 | Validation Loss: 0.3428 | Validation MAE: 0.1363
Epoch 090 | Train Loss: 0.3437 | Validation Loss: 0.3425 | Validation MAE: 0.1427
Epoch 091 | Train Loss: 0.3435 | Validation Loss: 0.3418 | Validation MAE: 0.1386
Epoch 092 | Train Loss: 0.3434 | Validation Loss: 0.3430 | Validation MAE: 0.1352
Epoch 093 | Train Loss: 0.3433 | Validation Loss: 0.3423 | Validation MAE: 0.1427
Epoch 094 | Train Loss: 0.3434 | Validation Loss: 0.3417 | Validation MAE: 0.1385
Epoch 095 | Train Loss: 0.3432 | Validation Loss: 0.3441 | Validation MAE: 0.1468
Epoch 096 | Train Loss: 0.3431 | Validation Loss: 0.3416 | Validation MAE: 0.1379
Epoch 097 | Train Loss: 0.3429 | Validation Loss: 0.3484 | Validation MAE: 0.1326
Epoch 098 | Train Loss: 0.3432 | Validation Loss: 0.3423 | Validation MAE: 0.1356
Epoch 099 | Train Loss: 0.3431 | Validation Loss: 0.3418 | Validation MAE: 0.1421
Epoch 100 | Train Loss: 0.3431 | Validation Loss: 0.3413 | Validation MAE: 0.1378
Epoch 101 | Train Loss: 0.3432 | Validation Loss: 0.3414 | Validation MAE: 0.1370
Epoch 102 | Train Loss: 0.3428 | Validation Loss: 0.3476 | Validation MAE: 0.1528
Epoch 103 | Train Loss: 0.3428 | Validation Loss: 0.3471 | Validation MAE: 0.1520
Epoch 104 | Train Loss: 0.3428 | Validation Loss: 0.3419 | Validation MAE: 0.1428
Epoch 105 | Train Loss: 0.3430 | Validation Loss: 0.3418 | Validation MAE: 0.1427
Epoch 106 | Train Loss: 0.3423 | Validation Loss: 0.3417 | Validation MAE: 0.1352
Epoch 107 | Train Loss: 0.3426 | Validation Loss: 0.3411 | Validation MAE: 0.1369
Epoch 108 | Train Loss: 0.3425 | Validation Loss: 0.3423 | Validation MAE: 0.1347
Epoch 109 | Train Loss: 0.3426 | Validation Loss: 0.3457 | Validation MAE: 0.1320
Epoch 110 | Train Loss: 0.3423 | Validation Loss: 0.3414 | Validation MAE: 0.1420
Epoch 111 | Train Loss: 0.3422 | Validation Loss: 0.3408 | Validation MAE: 0.1381
Epoch 112 | Train Loss: 0.3426 | Validation Loss: 0.3415 | Validation MAE: 0.1351
Epoch 113 | Train Loss: 0.3424 | Validation Loss: 0.3418 | Validation MAE: 0.1432
Epoch 114 | Train Loss: 0.3423 | Validation Loss: 0.3406 | Validation MAE: 0.1382
Epoch 115 | Train Loss: 0.3427 | Validation Loss: 0.3411 | Validation MAE: 0.1362
Epoch 116 | Train Loss: 0.3420 | Validation Loss: 0.3406 | Validation MAE: 0.1390
Epoch 117 | Train Loss: 0.3421 | Validation Loss: 0.3422 | Validation MAE: 0.1337
Epoch 118 | Train Loss: 0.3424 | Validation Loss: 0.3406 | Validation MAE: 0.1372
Epoch 119 | Train Loss: 0.3420 | Validation Loss: 0.3406 | Validation MAE: 0.1379
Epoch 120 | Train Loss: 0.3419 | Validation Loss: 0.3407 | Validation MAE: 0.1396
Epoch 121 | Train Loss: 0.3422 | Validation Loss: 0.3408 | Validation MAE: 0.1361
Epoch 122 | Train Loss: 0.3419 | Validation Loss: 0.3404 | Validation MAE: 0.1389
Epoch 123 | Train Loss: 0.3420 | Validation Loss: 0.3405 | Validation MAE: 0.1392
Epoch 124 | Train Loss: 0.3419 | Validation Loss: 0.3412 | Validation MAE: 0.1420
Epoch 125 | Train Loss: 0.3420 | Validation Loss: 0.3403 | Validation MAE: 0.1382
Epoch 126 | Train Loss: 0.3419 | Validation Loss: 0.3403 | Validation MAE: 0.1384
Epoch 127 | Train Loss: 0.3418 | Validation Loss: 0.3433 | Validation MAE: 0.1332
Epoch 128 | Train Loss: 0.3419 | Validation Loss: 0.3403 | Validation MAE: 0.1379
Epoch 129 | Train Loss: 0.3416 | Validation Loss: 0.3473 | Validation MAE: 0.1314
Epoch 130 | Train Loss: 0.3420 | Validation Loss: 0.3412 | Validation MAE: 0.1345
Epoch 131 | Train Loss: 0.3418 | Validation Loss: 0.3450 | Validation MAE: 0.1314
Epoch 132 | Train Loss: 0.3420 | Validation Loss: 0.3404 | Validation MAE: 0.1393
Epoch 133 | Train Loss: 0.3418 | Validation Loss: 0.3434 | Validation MAE: 0.1470
Epoch 134 | Train Loss: 0.3414 | Validation Loss: 0.3403 | Validation MAE: 0.1397
Epoch 135 | Train Loss: 0.3417 | Validation Loss: 0.3418 | Validation MAE: 0.1335
Epoch 136 | Train Loss: 0.3416 | Validation Loss: 0.3403 | Validation MAE: 0.1392
Epoch 137 | Train Loss: 0.3417 | Validation Loss: 0.3403 | Validation MAE: 0.1353
Epoch 138 | Train Loss: 0.3411 | Validation Loss: 0.3454 | Validation MAE: 0.1502
Epoch 139 | Train Loss: 0.3414 | Validation Loss: 0.3413 | Validation MAE: 0.1340
Epoch 140 | Train Loss: 0.3415 | Validation Loss: 0.3400 | Validation MAE: 0.1374
Epoch 141 | Train Loss: 0.3416 | Validation Loss: 0.3401 | Validation MAE: 0.1361
Epoch 142 | Train Loss: 0.3414 | Validation Loss: 0.3402 | Validation MAE: 0.1351
Epoch 143 | Train Loss: 0.3416 | Validation Loss: 0.3399 | Validation MAE: 0.1363
Epoch 144 | Train Loss: 0.3412 | Validation Loss: 0.3398 | Validation MAE: 0.1376
Epoch 145 | Train Loss: 0.3413 | Validation Loss: 0.3433 | Validation MAE: 0.1469
Epoch 146 | Train Loss: 0.3417 | Validation Loss: 0.3398 | Validation MAE: 0.1382
Epoch 147 | Train Loss: 0.3410 | Validation Loss: 0.3435 | Validation MAE: 0.1475
Epoch 148 | Train Loss: 0.3412 | Validation Loss: 0.3417 | Validation MAE: 0.1444
Epoch 149 | Train Loss: 0.3413 | Validation Loss: 0.3407 | Validation MAE: 0.1356
Epoch 150 | Train Loss: 0.3411 | Validation Loss: 0.3397 | Validation MAE: 0.1365
Epoch 151 | Train Loss: 0.3414 | Validation Loss: 0.3608 | Validation MAE: 0.1297
Epoch 152 | Train Loss: 0.3412 | Validation Loss: 0.3415 | Validation MAE: 0.1437
Epoch 153 | Train Loss: 0.3409 | Validation Loss: 0.3412 | Validation MAE: 0.1429
Epoch 154 | Train Loss: 0.3411 | Validation Loss: 0.3396 | Validation MAE: 0.1375
Epoch 155 | Train Loss: 0.3412 | Validation Loss: 0.3433 | Validation MAE: 0.1472
Epoch 156 | Train Loss: 0.3414 | Validation Loss: 0.3405 | Validation MAE: 0.1413
Epoch 157 | Train Loss: 0.3410 | Validation Loss: 0.3396 | Validation MAE: 0.1358
Epoch 158 | Train Loss: 0.3411 | Validation Loss: 0.3421 | Validation MAE: 0.1325
Epoch 159 | Train Loss: 0.3411 | Validation Loss: 0.3438 | Validation MAE: 0.1480
Epoch 160 | Train Loss: 0.3409 | Validation Loss: 0.3395 | Validation MAE: 0.1376
Epoch 161 | Train Loss: 0.3413 | Validation Loss: 0.3401 | Validation MAE: 0.1346
Epoch 162 | Train Loss: 0.3408 | Validation Loss: 0.3476 | Validation MAE: 0.1298
Epoch 163 | Train Loss: 0.3409 | Validation Loss: 0.3412 | Validation MAE: 0.1436
Epoch 164 | Train Loss: 0.3412 | Validation Loss: 0.3428 | Validation MAE: 0.1321
Epoch 165 | Train Loss: 0.3411 | Validation Loss: 0.3395 | Validation MAE: 0.1376
Epoch 166 | Train Loss: 0.3411 | Validation Loss: 0.3415 | Validation MAE: 0.1436
Epoch 167 | Train Loss: 0.3409 | Validation Loss: 0.3400 | Validation MAE: 0.1341
Epoch 168 | Train Loss: 0.3409 | Validation Loss: 0.3393 | Validation MAE: 0.1380
Epoch 169 | Train Loss: 0.3409 | Validation Loss: 0.3402 | Validation MAE: 0.1342
Epoch 170 | Train Loss: 0.3406 | Validation Loss: 0.3401 | Validation MAE: 0.1357
Epoch 171 | Train Loss: 0.3409 | Validation Loss: 0.3421 | Validation MAE: 0.1454
Epoch 172 | Train Loss: 0.3409 | Validation Loss: 0.3394 | Validation MAE: 0.1368
Epoch 173 | Train Loss: 0.3410 | Validation Loss: 0.3395 | Validation MAE: 0.1392
Epoch 174 | Train Loss: 0.3409 | Validation Loss: 0.3457 | Validation MAE: 0.1513
Epoch 175 | Train Loss: 0.3410 | Validation Loss: 0.3440 | Validation MAE: 0.1487
Epoch 176 | Train Loss: 0.3408 | Validation Loss: 0.3396 | Validation MAE: 0.1356
Epoch 177 | Train Loss: 0.3408 | Validation Loss: 0.3395 | Validation MAE: 0.1393
Epoch 178 | Train Loss: 0.3406 | Validation Loss: 0.3394 | Validation MAE: 0.1388
Epoch 179 | Train Loss: 0.3407 | Validation Loss: 0.3412 | Validation MAE: 0.1440
Epoch 180 | Train Loss: 0.3411 | Validation Loss: 0.3481 | Validation MAE: 0.1306
Epoch 181 | Train Loss: 0.3405 | Validation Loss: 0.3396 | Validation MAE: 0.1350
Epoch 182 | Train Loss: 0.3408 | Validation Loss: 0.3408 | Validation MAE: 0.1430
Epoch 183 | Train Loss: 0.3407 | Validation Loss: 0.3442 | Validation MAE: 0.1491
Epoch 184 | Train Loss: 0.3405 | Validation Loss: 0.3392 | Validation MAE: 0.1366
Epoch 185 | Train Loss: 0.3407 | Validation Loss: 0.3479 | Validation MAE: 0.1302
Epoch 186 | Train Loss: 0.3408 | Validation Loss: 0.3399 | Validation MAE: 0.1338
Epoch 187 | Train Loss: 0.3406 | Validation Loss: 0.3462 | Validation MAE: 0.1301
Epoch 188 | Train Loss: 0.3405 | Validation Loss: 0.3394 | Validation MAE: 0.1395
Epoch 189 | Train Loss: 0.3409 | Validation Loss: 0.3410 | Validation MAE: 0.1324
Epoch 190 | Train Loss: 0.3404 | Validation Loss: 0.3430 | Validation MAE: 0.1312
Epoch 191 | Train Loss: 0.3404 | Validation Loss: 0.3391 | Validation MAE: 0.1384
Epoch 192 | Train Loss: 0.3406 | Validation Loss: 0.3418 | Validation MAE: 0.1445
Epoch 193 | Train Loss: 0.3406 | Validation Loss: 0.3423 | Validation MAE: 0.1459
Epoch 194 | Train Loss: 0.3407 | Validation Loss: 0.3409 | Validation MAE: 0.1436
Epoch 195 | Train Loss: 0.3405 | Validation Loss: 0.3393 | Validation MAE: 0.1385
Epoch 196 | Train Loss: 0.3404 | Validation Loss: 0.3391 | Validation MAE: 0.1352
Epoch 197 | Train Loss: 0.3406 | Validation Loss: 0.3424 | Validation MAE: 0.1313
Epoch 198 | Train Loss: 0.3402 | Validation Loss: 0.3412 | Validation MAE: 0.1437
Epoch 199 | Train Loss: 0.3407 | Validation Loss: 0.3389 | Validation MAE: 0.1382
Epoch 200 | Train Loss: 0.3402 | Validation Loss: 0.3389 | Validation MAE: 0.1367
Epoch 201 | Train Loss: 0.3404 | Validation Loss: 0.3412 | Validation MAE: 0.1442
Epoch 202 | Train Loss: 0.3404 | Validation Loss: 0.3389 | Validation MAE: 0.1376
Epoch 203 | Train Loss: 0.3406 | Validation Loss: 0.3401 | Validation MAE: 0.1334
Epoch 204 | Train Loss: 0.3407 | Validation Loss: 0.3407 | Validation MAE: 0.1430
Epoch 205 | Train Loss: 0.3400 | Validation Loss: 0.3389 | Validation MAE: 0.1378
Epoch 206 | Train Loss: 0.3403 | Validation Loss: 0.3422 | Validation MAE: 0.1310
Epoch 207 | Train Loss: 0.3406 | Validation Loss: 0.3417 | Validation MAE: 0.1314
Epoch 208 | Train Loss: 0.3405 | Validation Loss: 0.3402 | Validation MAE: 0.1340
Epoch 209 | Train Loss: 0.3401 | Validation Loss: 0.3442 | Validation MAE: 0.1492
Epoch 210 | Train Loss: 0.3402 | Validation Loss: 0.3398 | Validation MAE: 0.1413
Epoch 211 | Train Loss: 0.3399 | Validation Loss: 0.3396 | Validation MAE: 0.1410
Epoch 212 | Train Loss: 0.3402 | Validation Loss: 0.3395 | Validation MAE: 0.1404
Epoch 213 | Train Loss: 0.3402 | Validation Loss: 0.3398 | Validation MAE: 0.1340
Epoch 214 | Train Loss: 0.3400 | Validation Loss: 0.3386 | Validation MAE: 0.1372
Epoch 215 | Train Loss: 0.3400 | Validation Loss: 0.3402 | Validation MAE: 0.1419
Epoch 216 | Train Loss: 0.3401 | Validation Loss: 0.3387 | Validation MAE: 0.1363
Epoch 217 | Train Loss: 0.3404 | Validation Loss: 0.3389 | Validation MAE: 0.1374
Epoch 218 | Train Loss: 0.3405 | Validation Loss: 0.3410 | Validation MAE: 0.1439
Epoch 219 | Train Loss: 0.3401 | Validation Loss: 0.3403 | Validation MAE: 0.1324
Epoch 220 | Train Loss: 0.3406 | Validation Loss: 0.3392 | Validation MAE: 0.1399
Epoch 221 | Train Loss: 0.3405 | Validation Loss: 0.3392 | Validation MAE: 0.1340
Epoch 222 | Train Loss: 0.3403 | Validation Loss: 0.3392 | Validation MAE: 0.1386
Epoch 223 | Train Loss: 0.3399 | Validation Loss: 0.3385 | Validation MAE: 0.1372
Epoch 224 | Train Loss: 0.3399 | Validation Loss: 0.3389 | Validation MAE: 0.1390
Epoch 225 | Train Loss: 0.3400 | Validation Loss: 0.3384 | Validation MAE: 0.1356
Epoch 226 | Train Loss: 0.3403 | Validation Loss: 0.3388 | Validation MAE: 0.1345
Epoch 227 | Train Loss: 0.3403 | Validation Loss: 0.3384 | Validation MAE: 0.1368
Epoch 228 | Train Loss: 0.3402 | Validation Loss: 0.3419 | Validation MAE: 0.1312
Epoch 229 | Train Loss: 0.3398 | Validation Loss: 0.3392 | Validation MAE: 0.1333
Epoch 230 | Train Loss: 0.3398 | Validation Loss: 0.3391 | Validation MAE: 0.1404
Epoch 231 | Train Loss: 0.3400 | Validation Loss: 0.3395 | Validation MAE: 0.1331
Epoch 232 | Train Loss: 0.3399 | Validation Loss: 0.3387 | Validation MAE: 0.1340
Epoch 233 | Train Loss: 0.3397 | Validation Loss: 0.3408 | Validation MAE: 0.1441
Epoch 234 | Train Loss: 0.3401 | Validation Loss: 0.3385 | Validation MAE: 0.1367
Epoch 235 | Train Loss: 0.3399 | Validation Loss: 0.3384 | Validation MAE: 0.1381
Epoch 236 | Train Loss: 0.3398 | Validation Loss: 0.3392 | Validation MAE: 0.1338
Epoch 237 | Train Loss: 0.3398 | Validation Loss: 0.3396 | Validation MAE: 0.1416
Epoch 238 | Train Loss: 0.3398 | Validation Loss: 0.3382 | Validation MAE: 0.1361
Epoch 239 | Train Loss: 0.3399 | Validation Loss: 0.3386 | Validation MAE: 0.1385
Epoch 240 | Train Loss: 0.3398 | Validation Loss: 0.3404 | Validation MAE: 0.1321
Epoch 241 | Train Loss: 0.3397 | Validation Loss: 0.3384 | Validation MAE: 0.1383
Epoch 242 | Train Loss: 0.3396 | Validation Loss: 0.3381 | Validation MAE: 0.1357
Epoch 243 | Train Loss: 0.3398 | Validation Loss: 0.3384 | Validation MAE: 0.1348
Epoch 244 | Train Loss: 0.3396 | Validation Loss: 0.3383 | Validation MAE: 0.1383
Epoch 245 | Train Loss: 0.3399 | Validation Loss: 0.3383 | Validation MAE: 0.1356
Epoch 246 | Train Loss: 0.3395 | Validation Loss: 0.3382 | Validation MAE: 0.1356
Epoch 247 | Train Loss: 0.3398 | Validation Loss: 0.3382 | Validation MAE: 0.1366
Epoch 248 | Train Loss: 0.3392 | Validation Loss: 0.3383 | Validation MAE: 0.1384
Epoch 249 | Train Loss: 0.3396 | Validation Loss: 0.3402 | Validation MAE: 0.1319
Epoch 250 | Train Loss: 0.3398 | Validation Loss: 0.3387 | Validation MAE: 0.1330
Epoch 251 | Train Loss: 0.3394 | Validation Loss: 0.3427 | Validation MAE: 0.1476
Epoch 252 | Train Loss: 0.3396 | Validation Loss: 0.3446 | Validation MAE: 0.1293
Epoch 253 | Train Loss: 0.3395 | Validation Loss: 0.3445 | Validation MAE: 0.1504
Epoch 254 | Train Loss: 0.3397 | Validation Loss: 0.3401 | Validation MAE: 0.1319
Epoch 255 | Train Loss: 0.3397 | Validation Loss: 0.3385 | Validation MAE: 0.1333
Epoch 256 | Train Loss: 0.3396 | Validation Loss: 0.3395 | Validation MAE: 0.1419
Epoch 257 | Train Loss: 0.3392 | Validation Loss: 0.3384 | Validation MAE: 0.1339
Epoch 258 | Train Loss: 0.3389 | Validation Loss: 0.3395 | Validation MAE: 0.1316
Epoch 259 | Train Loss: 0.3396 | Validation Loss: 0.3378 | Validation MAE: 0.1370
Epoch 260 | Train Loss: 0.3398 | Validation Loss: 0.3409 | Validation MAE: 0.1449
Epoch 261 | Train Loss: 0.3396 | Validation Loss: 0.3380 | Validation MAE: 0.1359
Epoch 262 | Train Loss: 0.3394 | Validation Loss: 0.3381 | Validation MAE: 0.1341
Epoch 263 | Train Loss: 0.3392 | Validation Loss: 0.3381 | Validation MAE: 0.1338
Epoch 264 | Train Loss: 0.3393 | Validation Loss: 0.3383 | Validation MAE: 0.1336
Epoch 265 | Train Loss: 0.3395 | Validation Loss: 0.3393 | Validation MAE: 0.1407
Epoch 266 | Train Loss: 0.3392 | Validation Loss: 0.3377 | Validation MAE: 0.1354
Epoch 267 | Train Loss: 0.3393 | Validation Loss: 0.3386 | Validation MAE: 0.1330
Epoch 268 | Train Loss: 0.3391 | Validation Loss: 0.3378 | Validation MAE: 0.1364
Epoch 269 | Train Loss: 0.3391 | Validation Loss: 0.3384 | Validation MAE: 0.1326
Epoch 270 | Train Loss: 0.3395 | Validation Loss: 0.3385 | Validation MAE: 0.1333
Epoch 271 | Train Loss: 0.3392 | Validation Loss: 0.3433 | Validation MAE: 0.1295
Epoch 272 | Train Loss: 0.3392 | Validation Loss: 0.3382 | Validation MAE: 0.1335
Epoch 273 | Train Loss: 0.3393 | Validation Loss: 0.3431 | Validation MAE: 0.1295
Epoch 274 | Train Loss: 0.3392 | Validation Loss: 0.3376 | Validation MAE: 0.1365
Epoch 275 | Train Loss: 0.3389 | Validation Loss: 0.3376 | Validation MAE: 0.1363
Epoch 276 | Train Loss: 0.3392 | Validation Loss: 0.3380 | Validation MAE: 0.1383
Epoch 277 | Train Loss: 0.3395 | Validation Loss: 0.3376 | Validation MAE: 0.1356
Epoch 278 | Train Loss: 0.3393 | Validation Loss: 0.3375 | Validation MAE: 0.1356
Epoch 279 | Train Loss: 0.3391 | Validation Loss: 0.3384 | Validation MAE: 0.1326
Epoch 280 | Train Loss: 0.3391 | Validation Loss: 0.3410 | Validation MAE: 0.1307
Epoch 281 | Train Loss: 0.3394 | Validation Loss: 0.3378 | Validation MAE: 0.1374
Epoch 282 | Train Loss: 0.3391 | Validation Loss: 0.3378 | Validation MAE: 0.1341
Epoch 283 | Train Loss: 0.3392 | Validation Loss: 0.3509 | Validation MAE: 0.1290
Epoch 284 | Train Loss: 0.3388 | Validation Loss: 0.3378 | Validation MAE: 0.1371
Epoch 285 | Train Loss: 0.3391 | Validation Loss: 0.3396 | Validation MAE: 0.1311
Epoch 286 | Train Loss: 0.3389 | Validation Loss: 0.3391 | Validation MAE: 0.1420
Epoch 287 | Train Loss: 0.3390 | Validation Loss: 0.3380 | Validation MAE: 0.1333
Epoch 288 | Train Loss: 0.3389 | Validation Loss: 0.3376 | Validation MAE: 0.1356
Epoch 289 | Train Loss: 0.3392 | Validation Loss: 0.3391 | Validation MAE: 0.1415
Epoch 290 | Train Loss: 0.3388 | Validation Loss: 0.3437 | Validation MAE: 0.1292
Epoch 291 | Train Loss: 0.3389 | Validation Loss: 0.3485 | Validation MAE: 0.1287
Epoch 292 | Train Loss: 0.3391 | Validation Loss: 0.3387 | Validation MAE: 0.1409
Epoch 293 | Train Loss: 0.3391 | Validation Loss: 0.3374 | Validation MAE: 0.1350
Epoch 294 | Train Loss: 0.3391 | Validation Loss: 0.3375 | Validation MAE: 0.1373
Epoch 295 | Train Loss: 0.3389 | Validation Loss: 0.3387 | Validation MAE: 0.1409
Epoch 296 | Train Loss: 0.3389 | Validation Loss: 0.3376 | Validation MAE: 0.1376
Epoch 297 | Train Loss: 0.3391 | Validation Loss: 0.3375 | Validation MAE: 0.1349
Epoch 298 | Train Loss: 0.3388 | Validation Loss: 0.3379 | Validation MAE: 0.1372
Epoch 299 | Train Loss: 0.3389 | Validation Loss: 0.3383 | Validation MAE: 0.1329
Epoch 300 | Train Loss: 0.3389 | Validation Loss: 0.3391 | Validation MAE: 0.1326
Epoch 301 | Train Loss: 0.3391 | Validation Loss: 0.3402 | Validation MAE: 0.1442
Epoch 302 | Train Loss: 0.3386 | Validation Loss: 0.3412 | Validation MAE: 0.1299
Epoch 303 | Train Loss: 0.3389 | Validation Loss: 0.3377 | Validation MAE: 0.1338
Epoch 304 | Train Loss: 0.3390 | Validation Loss: 0.3406 | Validation MAE: 0.1449
Epoch 305 | Train Loss: 0.3391 | Validation Loss: 0.3432 | Validation MAE: 0.1300
Epoch 306 | Train Loss: 0.3390 | Validation Loss: 0.3379 | Validation MAE: 0.1381
Epoch 307 | Train Loss: 0.3390 | Validation Loss: 0.3382 | Validation MAE: 0.1328
Epoch 308 | Train Loss: 0.3390 | Validation Loss: 0.3380 | Validation MAE: 0.1392
Epoch 309 | Train Loss: 0.3388 | Validation Loss: 0.3379 | Validation MAE: 0.1328
Epoch 310 | Train Loss: 0.3389 | Validation Loss: 0.3379 | Validation MAE: 0.1388
Epoch 311 | Train Loss: 0.3390 | Validation Loss: 0.3391 | Validation MAE: 0.1419
Epoch 312 | Train Loss: 0.3386 | Validation Loss: 0.3379 | Validation MAE: 0.1394
Epoch 313 | Train Loss: 0.3389 | Validation Loss: 0.3431 | Validation MAE: 0.1295
Epoch 314 | Train Loss: 0.3388 | Validation Loss: 0.3389 | Validation MAE: 0.1313
Epoch 315 | Train Loss: 0.3387 | Validation Loss: 0.3389 | Validation MAE: 0.1314
Epoch 316 | Train Loss: 0.3386 | Validation Loss: 0.3378 | Validation MAE: 0.1389
Epoch 317 | Train Loss: 0.3388 | Validation Loss: 0.3370 | Validation MAE: 0.1360
Epoch 318 | Train Loss: 0.3386 | Validation Loss: 0.3444 | Validation MAE: 0.1504
Epoch 319 | Train Loss: 0.3394 | Validation Loss: 0.3393 | Validation MAE: 0.1389
Epoch 320 | Train Loss: 0.3386 | Validation Loss: 0.3379 | Validation MAE: 0.1326
Epoch 321 | Train Loss: 0.3389 | Validation Loss: 0.3374 | Validation MAE: 0.1336
Epoch 322 | Train Loss: 0.3387 | Validation Loss: 0.3375 | Validation MAE: 0.1337
Epoch 323 | Train Loss: 0.3388 | Validation Loss: 0.3464 | Validation MAE: 0.1534
Epoch 324 | Train Loss: 0.3388 | Validation Loss: 0.3426 | Validation MAE: 0.1292
Epoch 325 | Train Loss: 0.3390 | Validation Loss: 0.3375 | Validation MAE: 0.1386
Epoch 326 | Train Loss: 0.3389 | Validation Loss: 0.3383 | Validation MAE: 0.1321
Epoch 327 | Train Loss: 0.3387 | Validation Loss: 0.3379 | Validation MAE: 0.1396
Epoch 328 | Train Loss: 0.3385 | Validation Loss: 0.3376 | Validation MAE: 0.1331
Epoch 329 | Train Loss: 0.3384 | Validation Loss: 0.3382 | Validation MAE: 0.1318
Epoch 330 | Train Loss: 0.3384 | Validation Loss: 0.3372 | Validation MAE: 0.1348
Epoch 331 | Train Loss: 0.3386 | Validation Loss: 0.3379 | Validation MAE: 0.1382
Epoch 332 | Train Loss: 0.3384 | Validation Loss: 0.3413 | Validation MAE: 0.1464
Epoch 333 | Train Loss: 0.3388 | Validation Loss: 0.3383 | Validation MAE: 0.1323
Epoch 334 | Train Loss: 0.3385 | Validation Loss: 0.3377 | Validation MAE: 0.1386
Epoch 335 | Train Loss: 0.3385 | Validation Loss: 0.3382 | Validation MAE: 0.1318
Epoch 336 | Train Loss: 0.3384 | Validation Loss: 0.3380 | Validation MAE: 0.1401
Epoch 337 | Train Loss: 0.3387 | Validation Loss: 0.3374 | Validation MAE: 0.1359
Epoch 338 | Train Loss: 0.3387 | Validation Loss: 0.3382 | Validation MAE: 0.1405
Epoch 339 | Train Loss: 0.3385 | Validation Loss: 0.3378 | Validation MAE: 0.1395
Epoch 340 | Train Loss: 0.3385 | Validation Loss: 0.3380 | Validation MAE: 0.1401
Epoch 341 | Train Loss: 0.3390 | Validation Loss: 0.3406 | Validation MAE: 0.1301
Epoch 342 | Train Loss: 0.3386 | Validation Loss: 0.3371 | Validation MAE: 0.1371
Epoch 343 | Train Loss: 0.3384 | Validation Loss: 0.3399 | Validation MAE: 0.1439
Epoch 344 | Train Loss: 0.3387 | Validation Loss: 0.3373 | Validation MAE: 0.1341
Epoch 345 | Train Loss: 0.3385 | Validation Loss: 0.3372 | Validation MAE: 0.1337
Epoch 346 | Train Loss: 0.3386 | Validation Loss: 0.3372 | Validation MAE: 0.1336
Epoch 347 | Train Loss: 0.3383 | Validation Loss: 0.3374 | Validation MAE: 0.1385
Epoch 348 | Train Loss: 0.3388 | Validation Loss: 0.3372 | Validation MAE: 0.1335
Epoch 349 | Train Loss: 0.3388 | Validation Loss: 0.3412 | Validation MAE: 0.1460
Epoch 350 | Train Loss: 0.3386 | Validation Loss: 0.3374 | Validation MAE: 0.1374
Epoch 351 | Train Loss: 0.3382 | Validation Loss: 0.3371 | Validation MAE: 0.1332
Epoch 352 | Train Loss: 0.3384 | Validation Loss: 0.3372 | Validation MAE: 0.1362
Early stopping triggered. Stopping training.
Loaded the best model from 'best_model_prob_32_176_28_0.001_v6.pth'.

Test Loss: 0.3370 | Test MAE: 0.1360

Confusion Matrix and F1 Score for Different Thresholds:

Threshold: 0.1360
Confusion Matrix:
[[207356  84186]
 [  6346  46187]]
Precision: 0.3543, Recall: 0.8792, F1 Score: 0.5050

Threshold: 0.1000
Confusion Matrix:
[[177271 114271]
 [  3908  48625]]
Precision: 0.2985, Recall: 0.9256, F1 Score: 0.4514

Threshold: 0.2000
Confusion Matrix:
[[237567  53975]
 [ 10311  42222]]
Precision: 0.4389, Recall: 0.8037, F1 Score: 0.5678

Threshold: 0.3000
Confusion Matrix:
[[261925  29617]
 [ 16461  36072]]
Precision: 0.5491, Recall: 0.6867, F1 Score: 0.6102

Threshold: 0.4000
Confusion Matrix:
[[275047  16495]
 [ 21989  30544]]
Precision: 0.6493, Recall: 0.5814, F1 Score: 0.6135

Threshold: 0.5000
Confusion Matrix:
[[282818   8724]
 [ 27613  24920]]
Precision: 0.7407, Recall: 0.4744, F1 Score: 0.5783
