Running job on compute-0-01
Requested resources:
  - CPUs: 128
  - GPUs: 
  - Memory: 128000
Total graphs to generate: 1500
Using 384 processes for parallel graph generation.
Saved graph: Nodes=80, Removal=15%, Iteration=2
Saved graph: Nodes=80, Removal=15%, Iteration=26
Saved graph: Nodes=80, Removal=15%, Iteration=17
Saved graph: Nodes=80, Removal=15%, Iteration=48
Saved graph: Nodes=80, Removal=15%, Iteration=14
Saved graph: Nodes=80, Removal=15%, Iteration=16
Saved graph: Nodes=80, Removal=20%, Iteration=21
Saved graph: Nodes=80, Removal=15%, Iteration=25
Saved graph: Nodes=80, Removal=20%, Iteration=14
Saved graph: Nodes=80, Removal=15%, Iteration=7
Saved graph: Nodes=80, Removal=20%, Iteration=1
Saved graph: Nodes=80, Removal=20%, Iteration=23
Saved graph: Nodes=80, Removal=15%, Iteration=4
Saved graph: Nodes=80, Removal=20%, Iteration=19
Saved graph: Nodes=80, Removal=15%, Iteration=18
Saved graph: Nodes=80, Removal=20%, Iteration=27
Saved graph: Nodes=80, Removal=20%, Iteration=29
Saved graph: Nodes=80, Removal=15%, Iteration=5
Saved graph: Nodes=80, Removal=15%, Iteration=6
Saved graph: Nodes=80, Removal=20%, Iteration=24
Saved graph: Nodes=80, Removal=15%, Iteration=19
Saved graph: Nodes=80, Removal=15%, Iteration=20
Saved graph: Nodes=80, Removal=20%, Iteration=35
Saved graph: Nodes=80, Removal=20%, Iteration=54
Saved graph: Nodes=80, Removal=15%, Iteration=1
Saved graph: Nodes=80, Removal=20%, Iteration=41
Saved graph: Nodes=80, Removal=15%, Iteration=9
Saved graph: Nodes=80, Removal=20%, Iteration=46
Saved graph: Nodes=80, Removal=15%, Iteration=29
Saved graph: Nodes=80, Removal=20%, Iteration=67
Saved graph: Nodes=80, Removal=15%, Iteration=22
Saved graph: Nodes=80, Removal=20%, Iteration=32
Saved graph: Nodes=80, Removal=15%, Iteration=28
Saved graph: Nodes=80, Removal=20%, Iteration=36
Saved graph: Nodes=80, Removal=15%, Iteration=3
Saved graph: Nodes=80, Removal=15%, Iteration=21
Saved graph: Nodes=80, Removal=15%, Iteration=8
Saved graph: Nodes=80, Removal=15%, Iteration=24
Saved graph: Nodes=80, Removal=15%, Iteration=30
Saved graph: Nodes=80, Removal=15%, Iteration=69
Saved graph: Nodes=80, Removal=15%, Iteration=31
Saved graph: Nodes=80, Removal=15%, Iteration=34
Saved graph: Nodes=80, Removal=15%, Iteration=37
Saved graph: Nodes=80, Removal=15%, Iteration=71
Saved graph: Nodes=80, Removal=15%, Iteration=23
Saved graph: Nodes=80, Removal=15%, Iteration=77
Saved graph: Nodes=80, Removal=15%, Iteration=94
Saved graph: Nodes=80, Removal=15%, Iteration=10
Saved graph: Nodes=80, Removal=15%, Iteration=87
Saved graph: Nodes=80, Removal=15%, Iteration=41
Saved graph: Nodes=80, Removal=15%, Iteration=27
Saved graph: Nodes=80, Removal=20%, Iteration=12
Saved graph: Nodes=80, Removal=15%, Iteration=13
Saved graph: Nodes=80, Removal=15%, Iteration=33
Saved graph: Nodes=80, Removal=20%, Iteration=9
Saved graph: Nodes=80, Removal=15%, Iteration=42
Saved graph: Nodes=80, Removal=15%, Iteration=90
Saved graph: Nodes=80, Removal=20%, Iteration=2
Saved graph: Nodes=80, Removal=20%, Iteration=8
Saved graph: Nodes=80, Removal=15%, Iteration=75
Saved graph: Nodes=80, Removal=20%, Iteration=5
Saved graph: Nodes=80, Removal=20%, Iteration=11
Saved graph: Nodes=80, Removal=20%, Iteration=4
Saved graph: Nodes=80, Removal=15%, Iteration=36
Saved graph: Nodes=80, Removal=15%, Iteration=45
Saved graph: Nodes=80, Removal=20%, Iteration=17
Saved graph: Nodes=80, Removal=15%, Iteration=32
Saved graph: Nodes=80, Removal=20%, Iteration=28
Saved graph: Nodes=80, Removal=15%, Iteration=12
Saved graph: Nodes=80, Removal=35%, Iteration=35
Saved graph: Nodes=80, Removal=15%, Iteration=35
Saved graph: Nodes=80, Removal=20%, Iteration=10
Saved graph: Nodes=80, Removal=15%, Iteration=40
Saved graph: Nodes=80, Removal=20%, Iteration=20
Saved graph: Nodes=80, Removal=20%, Iteration=13
Saved graph: Nodes=80, Removal=35%, Iteration=39
Saved graph: Nodes=80, Removal=15%, Iteration=38
Saved graph: Nodes=80, Removal=35%, Iteration=40
Saved graph: Nodes=80, Removal=20%, Iteration=6
Saved graph: Nodes=80, Removal=15%, Iteration=11
Saved graph: Nodes=80, Removal=15%, Iteration=39
Saved graph: Nodes=80, Removal=20%, Iteration=16
Saved graph: Nodes=80, Removal=35%, Iteration=44
Saved graph: Nodes=80, Removal=20%, Iteration=18
Saved graph: Nodes=80, Removal=15%, Iteration=43
Saved graph: Nodes=80, Removal=15%, Iteration=15
Saved graph: Nodes=80, Removal=35%, Iteration=30
Saved graph: Nodes=80, Removal=20%, Iteration=22
Saved graph: Nodes=80, Removal=20%, Iteration=82
Saved graph: Nodes=80, Removal=15%, Iteration=44
Saved graph: Nodes=80, Removal=20%, Iteration=3
Saved graph: Nodes=80, Removal=15%, Iteration=50
Saved graph: Nodes=80, Removal=20%, Iteration=31
Saved graph: Nodes=80, Removal=35%, Iteration=59
Saved graph: Nodes=80, Removal=15%, Iteration=53
Saved graph: Nodes=80, Removal=15%, Iteration=56
Saved graph: Nodes=80, Removal=20%, Iteration=26
Saved graph: Nodes=80, Removal=35%, Iteration=51
Saved graph: Nodes=80, Removal=20%, Iteration=7
Saved graph: Nodes=80, Removal=20%, Iteration=30
Saved graph: Nodes=80, Removal=15%, Iteration=59
Saved graph: Nodes=80, Removal=20%, Iteration=93
Saved graph: Nodes=80, Removal=15%, Iteration=46
Saved graph: Nodes=80, Removal=15%, Iteration=57
Saved graph: Nodes=80, Removal=25%, Iteration=6
Saved graph: Nodes=80, Removal=20%, Iteration=44
Saved graph: Nodes=80, Removal=25%, Iteration=1
Saved graph: Nodes=80, Removal=20%, Iteration=15
Saved graph: Nodes=80, Removal=15%, Iteration=49
Saved graph: Nodes=80, Removal=15%, Iteration=47
Saved graph: Nodes=80, Removal=20%, Iteration=50
Saved graph: Nodes=80, Removal=25%, Iteration=5
Saved graph: Nodes=80, Removal=25%, Iteration=2
Saved graph: Nodes=80, Removal=15%, Iteration=66
Saved graph: Nodes=80, Removal=15%, Iteration=51
Saved graph: Nodes=80, Removal=25%, Iteration=14
Saved graph: Nodes=80, Removal=20%, Iteration=51
Saved graph: Nodes=80, Removal=25%, Iteration=13
Saved graph: Nodes=80, Removal=20%, Iteration=45
Saved graph: Nodes=80, Removal=15%, Iteration=58
Saved graph: Nodes=80, Removal=20%, Iteration=25
Saved graph: Nodes=80, Removal=25%, Iteration=7
Saved graph: Nodes=80, Removal=15%, Iteration=52
Saved graph: Nodes=80, Removal=20%, Iteration=47
Saved graph: Nodes=80, Removal=15%, Iteration=54
Saved graph: Nodes=80, Removal=25%, Iteration=9
Saved graph: Nodes=80, Removal=20%, Iteration=39
Saved graph: Nodes=80, Removal=25%, Iteration=15
Saved graph: Nodes=80, Removal=15%, Iteration=55
Saved graph: Nodes=80, Removal=25%, Iteration=12
Saved graph: Nodes=80, Removal=15%, Iteration=62
Saved graph: Nodes=80, Removal=20%, Iteration=48
Saved graph: Nodes=80, Removal=25%, Iteration=3
Saved graph: Nodes=80, Removal=20%, Iteration=42
Saved graph: Nodes=80, Removal=20%, Iteration=43
Saved graph: Nodes=80, Removal=15%, Iteration=60
Saved graph: Nodes=80, Removal=15%, Iteration=61
Saved graph: Nodes=80, Removal=25%, Iteration=8
Saved graph: Nodes=80, Removal=35%, Iteration=93
Saved graph: Nodes=80, Removal=15%, Iteration=65
Saved graph: Nodes=80, Removal=20%, Iteration=49
Saved graph: Nodes=80, Removal=20%, Iteration=38
Saved graph: Nodes=80, Removal=25%, Iteration=37
Saved graph: Nodes=80, Removal=15%, Iteration=64
Saved graph: Nodes=80, Removal=35%, Iteration=100
Saved graph: Nodes=80, Removal=20%, Iteration=60
Saved graph: Nodes=80, Removal=25%, Iteration=4
Saved graph: Nodes=80, Removal=35%, Iteration=96
Saved graph: Nodes=80, Removal=15%, Iteration=63
Saved graph: Nodes=80, Removal=25%, Iteration=58
Saved graph: Nodes=80, Removal=15%, Iteration=72
Saved graph: Nodes=80, Removal=20%, Iteration=65
Saved graph: Nodes=80, Removal=40%, Iteration=4
Saved graph: Nodes=80, Removal=25%, Iteration=20
Saved graph: Nodes=80, Removal=15%, Iteration=78
Saved graph: Nodes=80, Removal=25%, Iteration=11
Saved graph: Nodes=80, Removal=20%, Iteration=40
Saved graph: Nodes=80, Removal=20%, Iteration=37
Saved graph: Nodes=80, Removal=40%, Iteration=14
Saved graph: Nodes=80, Removal=25%, Iteration=10
Saved graph: Nodes=80, Removal=15%, Iteration=74
Saved graph: Nodes=80, Removal=15%, Iteration=68
Saved graph: Nodes=80, Removal=20%, Iteration=33
Saved graph: Nodes=80, Removal=25%, Iteration=18
Saved graph: Nodes=80, Removal=15%, Iteration=70
Saved graph: Nodes=80, Removal=20%, Iteration=59
Saved graph: Nodes=80, Removal=25%, Iteration=73
Saved graph: Nodes=80, Removal=15%, Iteration=67
Saved graph: Nodes=80, Removal=25%, Iteration=16
Saved graph: Nodes=80, Removal=20%, Iteration=57
Saved graph: Nodes=80, Removal=20%, Iteration=34
Saved graph: Nodes=80, Removal=25%, Iteration=17
Saved graph: Nodes=80, Removal=20%, Iteration=53
Saved graph: Nodes=80, Removal=15%, Iteration=76
Saved graph: Nodes=80, Removal=20%, Iteration=58
Saved graph: Nodes=80, Removal=25%, Iteration=28
Saved graph: Nodes=80, Removal=20%, Iteration=69
Saved graph: Nodes=80, Removal=25%, Iteration=19
Saved graph: Nodes=80, Removal=15%, Iteration=73
Saved graph: Nodes=80, Removal=25%, Iteration=75
Saved graph: Nodes=80, Removal=15%, Iteration=79
Saved graph: Nodes=80, Removal=25%, Iteration=25
Saved graph: Nodes=80, Removal=15%, Iteration=81
Saved graph: Nodes=80, Removal=20%, Iteration=55
Saved graph: Nodes=80, Removal=15%, Iteration=85
Saved graph: Nodes=80, Removal=25%, Iteration=22
Saved graph: Nodes=80, Removal=20%, Iteration=52
Saved graph: Nodes=80, Removal=30%, Iteration=4
Saved graph: Nodes=80, Removal=20%, Iteration=61
Saved graph: Nodes=80, Removal=15%, Iteration=80
Saved graph: Nodes=80, Removal=25%, Iteration=29
Saved graph: Nodes=80, Removal=15%, Iteration=83
Saved graph: Nodes=80, Removal=20%, Iteration=62
Saved graph: Nodes=80, Removal=30%, Iteration=6
Saved graph: Nodes=80, Removal=40%, Iteration=46
Saved graph: Nodes=80, Removal=25%, Iteration=21
Saved graph: Nodes=80, Removal=40%, Iteration=39
Saved graph: Nodes=80, Removal=15%, Iteration=89
Saved graph: Nodes=80, Removal=30%, Iteration=3
Saved graph: Nodes=80, Removal=20%, Iteration=56
Saved graph: Nodes=80, Removal=25%, Iteration=45
Saved graph: Nodes=80, Removal=30%, Iteration=13
Saved graph: Nodes=80, Removal=30%, Iteration=1
Saved graph: Nodes=80, Removal=25%, Iteration=23
Saved graph: Nodes=80, Removal=20%, Iteration=63
Saved graph: Nodes=80, Removal=15%, Iteration=86
Saved graph: Nodes=80, Removal=25%, Iteration=41
Saved graph: Nodes=80, Removal=15%, Iteration=95
Saved graph: Nodes=80, Removal=20%, Iteration=66
Saved graph: Nodes=80, Removal=30%, Iteration=2
Saved graph: Nodes=80, Removal=30%, Iteration=14
Saved graph: Nodes=80, Removal=25%, Iteration=26
Saved graph: Nodes=80, Removal=15%, Iteration=82
Saved graph: Nodes=80, Removal=30%, Iteration=5
Saved graph: Nodes=80, Removal=20%, Iteration=64
Saved graph: Nodes=80, Removal=15%, Iteration=98
Saved graph: Nodes=80, Removal=20%, Iteration=80
Saved graph: Nodes=80, Removal=25%, Iteration=30
Saved graph: Nodes=80, Removal=25%, Iteration=33
Saved graph: Nodes=80, Removal=15%, Iteration=93
Saved graph: Nodes=80, Removal=30%, Iteration=21
Saved graph: Nodes=80, Removal=25%, Iteration=24
Saved graph: Nodes=80, Removal=20%, Iteration=77
Saved graph: Nodes=80, Removal=15%, Iteration=84
Saved graph: Nodes=80, Removal=30%, Iteration=7
Saved graph: Nodes=80, Removal=25%, Iteration=35
Saved graph: Nodes=80, Removal=20%, Iteration=84
Saved graph: Nodes=80, Removal=40%, Iteration=74
Saved graph: Nodes=80, Removal=15%, Iteration=88
Saved graph: Nodes=80, Removal=30%, Iteration=20
Saved graph: Nodes=80, Removal=15%, Iteration=91
Saved graph: Nodes=80, Removal=40%, Iteration=61
Saved graph: Nodes=80, Removal=20%, Iteration=79
Saved graph: Nodes=80, Removal=25%, Iteration=36
Saved graph: Nodes=80, Removal=30%, Iteration=10
Saved graph: Nodes=80, Removal=25%, Iteration=31
Saved graph: Nodes=80, Removal=20%, Iteration=81
Saved graph: Nodes=80, Removal=15%, Iteration=96
Saved graph: Nodes=80, Removal=40%, Iteration=71
Saved graph: Nodes=80, Removal=25%, Iteration=38
Saved graph: Nodes=80, Removal=30%, Iteration=9
Saved graph: Nodes=80, Removal=20%, Iteration=71
Saved graph: Nodes=80, Removal=30%, Iteration=25
Saved graph: Nodes=80, Removal=40%, Iteration=69
Saved graph: Nodes=80, Removal=20%, Iteration=73
Saved graph: Nodes=80, Removal=15%, Iteration=92
Saved graph: Nodes=80, Removal=40%, Iteration=98
Saved graph: Nodes=80, Removal=25%, Iteration=53
Saved graph: Nodes=80, Removal=30%, Iteration=11
Saved graph: Nodes=80, Removal=20%, Iteration=74
Saved graph: Nodes=80, Removal=15%, Iteration=99
Saved graph: Nodes=80, Removal=40%, Iteration=88
Saved graph: Nodes=80, Removal=30%, Iteration=8
Saved graph: Nodes=80, Removal=25%, Iteration=40
Saved graph: Nodes=80, Removal=30%, Iteration=16
Saved graph: Nodes=80, Removal=20%, Iteration=72
Saved graph: Nodes=80, Removal=25%, Iteration=52
Saved graph: Nodes=80, Removal=40%, Iteration=96
Saved graph: Nodes=80, Removal=15%, Iteration=100
Saved graph: Nodes=80, Removal=20%, Iteration=76
Saved graph: Nodes=80, Removal=15%, Iteration=97
Saved graph: Nodes=80, Removal=20%, Iteration=75
Saved graph: Nodes=80, Removal=25%, Iteration=39
Saved graph: Nodes=80, Removal=30%, Iteration=28
Saved graph: Nodes=80, Removal=30%, Iteration=18
Saved graph: Nodes=80, Removal=25%, Iteration=32
Saved graph: Nodes=80, Removal=30%, Iteration=82
Saved graph: Nodes=80, Removal=25%, Iteration=48
Saved graph: Nodes=80, Removal=20%, Iteration=85
Saved graph: Nodes=80, Removal=20%, Iteration=86
Saved graph: Nodes=80, Removal=25%, Iteration=27
Saved graph: Nodes=80, Removal=30%, Iteration=12
Saved graph: Nodes=80, Removal=25%, Iteration=42
Saved graph: Nodes=80, Removal=20%, Iteration=78
Saved graph: Nodes=80, Removal=30%, Iteration=19
Saved graph: Nodes=80, Removal=20%, Iteration=87
Saved graph: Nodes=80, Removal=30%, Iteration=22
Saved graph: Nodes=80, Removal=25%, Iteration=55
Saved graph: Nodes=80, Removal=35%, Iteration=2
Saved graph: Nodes=80, Removal=20%, Iteration=70
Saved graph: Nodes=80, Removal=30%, Iteration=17
Saved graph: Nodes=80, Removal=25%, Iteration=44
Saved graph: Nodes=80, Removal=35%, Iteration=4
Saved graph: Nodes=80, Removal=20%, Iteration=68
Saved graph: Nodes=80, Removal=30%, Iteration=15
Saved graph: Nodes=80, Removal=20%, Iteration=83
Saved graph: Nodes=80, Removal=25%, Iteration=34
Saved graph: Nodes=80, Removal=30%, Iteration=23
Saved graph: Nodes=80, Removal=35%, Iteration=3
Saved graph: Nodes=80, Removal=35%, Iteration=11
Saved graph: Nodes=80, Removal=20%, Iteration=94
Saved graph: Nodes=80, Removal=25%, Iteration=59
Saved graph: Nodes=80, Removal=30%, Iteration=24
Saved graph: Nodes=80, Removal=45%, Iteration=40
Saved graph: Nodes=80, Removal=35%, Iteration=5
Saved graph: Nodes=80, Removal=25%, Iteration=47
Saved graph: Nodes=80, Removal=20%, Iteration=89
Saved graph: Nodes=80, Removal=30%, Iteration=26
Saved graph: Nodes=80, Removal=20%, Iteration=100
Saved graph: Nodes=80, Removal=35%, Iteration=18
Saved graph: Nodes=80, Removal=35%, Iteration=7
Saved graph: Nodes=80, Removal=30%, Iteration=41
Saved graph: Nodes=80, Removal=25%, Iteration=43
Saved graph: Nodes=80, Removal=20%, Iteration=96
Saved graph: Nodes=80, Removal=25%, Iteration=46
Saved graph: Nodes=80, Removal=30%, Iteration=36
Saved graph: Nodes=80, Removal=25%, Iteration=49
Saved graph: Nodes=80, Removal=35%, Iteration=10
Saved graph: Nodes=80, Removal=45%, Iteration=60
Saved graph: Nodes=80, Removal=30%, Iteration=29
Saved graph: Nodes=80, Removal=35%, Iteration=1
Saved graph: Nodes=80, Removal=20%, Iteration=98
Saved graph: Nodes=80, Removal=35%, Iteration=12
Saved graph: Nodes=80, Removal=30%, Iteration=35
Saved graph: Nodes=80, Removal=45%, Iteration=51
Saved graph: Nodes=80, Removal=20%, Iteration=88
Saved graph: Nodes=80, Removal=25%, Iteration=57
Saved graph: Nodes=80, Removal=25%, Iteration=50
Saved graph: Nodes=80, Removal=20%, Iteration=92
Saved graph: Nodes=80, Removal=35%, Iteration=9
Saved graph: Nodes=80, Removal=30%, Iteration=27
Saved graph: Nodes=80, Removal=30%, Iteration=33
Saved graph: Nodes=80, Removal=20%, Iteration=90
Saved graph: Nodes=80, Removal=45%, Iteration=76
Saved graph: Nodes=80, Removal=35%, Iteration=32
Saved graph: Nodes=80, Removal=20%, Iteration=91
Saved graph: Nodes=80, Removal=25%, Iteration=51
Saved graph: Nodes=80, Removal=25%, Iteration=54
Saved graph: Nodes=80, Removal=35%, Iteration=14
Saved graph: Nodes=80, Removal=30%, Iteration=30
Saved graph: Nodes=80, Removal=20%, Iteration=95
Saved graph: Nodes=80, Removal=30%, Iteration=31
Saved graph: Nodes=80, Removal=20%, Iteration=97
Saved graph: Nodes=80, Removal=35%, Iteration=17
Saved graph: Nodes=80, Removal=35%, Iteration=13
Saved graph: Nodes=80, Removal=25%, Iteration=56
Saved graph: Nodes=80, Removal=25%, Iteration=60
Saved graph: Nodes=80, Removal=20%, Iteration=99
Saved graph: Nodes=80, Removal=30%, Iteration=32
Saved graph: Nodes=80, Removal=35%, Iteration=6
Saved graph: Nodes=80, Removal=25%, Iteration=71
Saved graph: Nodes=80, Removal=35%, Iteration=8
Saved graph: Nodes=80, Removal=30%, Iteration=37
Saved graph: Nodes=80, Removal=25%, Iteration=72
Saved graph: Nodes=80, Removal=30%, Iteration=34
Saved graph: Nodes=80, Removal=25%, Iteration=61
Saved graph: Nodes=80, Removal=35%, Iteration=20
Saved graph: Nodes=80, Removal=30%, Iteration=38
Saved graph: Nodes=80, Removal=30%, Iteration=40
Saved graph: Nodes=80, Removal=25%, Iteration=62
Saved graph: Nodes=80, Removal=35%, Iteration=23
Saved graph: Nodes=80, Removal=35%, Iteration=25
Saved graph: Nodes=80, Removal=25%, Iteration=64
Saved graph: Nodes=80, Removal=30%, Iteration=53
Saved graph: Nodes=80, Removal=25%, Iteration=67
Saved graph: Nodes=80, Removal=30%, Iteration=39
Saved graph: Nodes=80, Removal=35%, Iteration=27
Saved graph: Nodes=80, Removal=25%, Iteration=63
Saved graph: Nodes=80, Removal=35%, Iteration=80
Saved graph: Nodes=80, Removal=30%, Iteration=44
Saved graph: Nodes=80, Removal=30%, Iteration=48
Saved graph: Nodes=80, Removal=25%, Iteration=65
Saved graph: Nodes=80, Removal=35%, Iteration=16
Saved graph: Nodes=80, Removal=30%, Iteration=47
Saved graph: Nodes=80, Removal=35%, Iteration=15
Saved graph: Nodes=80, Removal=25%, Iteration=66
Saved graph: Nodes=80, Removal=25%, Iteration=85
Saved graph: Nodes=80, Removal=30%, Iteration=43
Saved graph: Nodes=80, Removal=30%, Iteration=57
Saved graph: Nodes=80, Removal=35%, Iteration=28
Saved graph: Nodes=80, Removal=40%, Iteration=3
Saved graph: Nodes=80, Removal=35%, Iteration=26
Saved graph: Nodes=80, Removal=30%, Iteration=42
Saved graph: Nodes=80, Removal=25%, Iteration=69
Saved graph: Nodes=80, Removal=25%, Iteration=84
Saved graph: Nodes=80, Removal=40%, Iteration=1
Saved graph: Nodes=80, Removal=35%, Iteration=29
Saved graph: Nodes=80, Removal=30%, Iteration=46
Saved graph: Nodes=80, Removal=35%, Iteration=41
Saved graph: Nodes=80, Removal=25%, Iteration=68
Saved graph: Nodes=80, Removal=40%, Iteration=8
Saved graph: Nodes=80, Removal=35%, Iteration=21
Saved graph: Nodes=80, Removal=30%, Iteration=45
Saved graph: Nodes=80, Removal=40%, Iteration=2
Saved graph: Nodes=80, Removal=35%, Iteration=24
Saved graph: Nodes=80, Removal=25%, Iteration=86
Saved graph: Nodes=80, Removal=35%, Iteration=22
Saved graph: Nodes=80, Removal=40%, Iteration=12
Saved graph: Nodes=80, Removal=25%, Iteration=87
Saved graph: Nodes=80, Removal=40%, Iteration=9
Saved graph: Nodes=80, Removal=30%, Iteration=60
Saved graph: Nodes=80, Removal=35%, Iteration=19
Saved graph: Nodes=80, Removal=25%, Iteration=70
Saved graph: Nodes=80, Removal=40%, Iteration=7
Saved graph: Nodes=80, Removal=50%, Iteration=39
Saved graph: Nodes=80, Removal=25%, Iteration=79
Saved graph: Nodes=80, Removal=30%, Iteration=50
Saved graph: Nodes=80, Removal=30%, Iteration=49
Saved graph: Nodes=80, Removal=35%, Iteration=43
Saved graph: Nodes=80, Removal=25%, Iteration=78
Saved graph: Nodes=80, Removal=40%, Iteration=18
Saved graph: Nodes=80, Removal=30%, Iteration=56
Saved graph: Nodes=80, Removal=35%, Iteration=34
Saved graph: Nodes=80, Removal=40%, Iteration=6
Saved graph: Nodes=80, Removal=30%, Iteration=51
Saved graph: Nodes=80, Removal=35%, Iteration=37
Saved graph: Nodes=80, Removal=35%, Iteration=45
Saved graph: Nodes=80, Removal=40%, Iteration=11
Saved graph: Nodes=80, Removal=25%, Iteration=74
Saved graph: Nodes=80, Removal=25%, Iteration=76
Saved graph: Nodes=80, Removal=30%, Iteration=67
Saved graph: Nodes=80, Removal=50%, Iteration=54
Saved graph: Nodes=80, Removal=40%, Iteration=17
Saved graph: Nodes=80, Removal=40%, Iteration=16
Saved graph: Nodes=80, Removal=30%, Iteration=55
Saved graph: Nodes=80, Removal=35%, Iteration=47
Saved graph: Nodes=80, Removal=25%, Iteration=77
Saved graph: Nodes=80, Removal=50%, Iteration=51
Saved graph: Nodes=80, Removal=35%, Iteration=36
Saved graph: Nodes=80, Removal=40%, Iteration=5
Saved graph: Nodes=80, Removal=30%, Iteration=62
Saved graph: Nodes=80, Removal=25%, Iteration=88
Saved graph: Nodes=80, Removal=35%, Iteration=42
Saved graph: Nodes=80, Removal=30%, Iteration=63
Saved graph: Nodes=80, Removal=40%, Iteration=13
Saved graph: Nodes=80, Removal=40%, Iteration=10
Saved graph: Nodes=80, Removal=50%, Iteration=71
Saved graph: Nodes=80, Removal=25%, Iteration=80
Saved graph: Nodes=80, Removal=35%, Iteration=31
Saved graph: Nodes=80, Removal=30%, Iteration=54
Saved graph: Nodes=80, Removal=35%, Iteration=50
Saved graph: Nodes=80, Removal=25%, Iteration=83
Saved graph: Nodes=80, Removal=30%, Iteration=52
Saved graph: Nodes=80, Removal=50%, Iteration=70
Saved graph: Nodes=80, Removal=40%, Iteration=26
Saved graph: Nodes=80, Removal=30%, Iteration=65
Saved graph: Nodes=80, Removal=25%, Iteration=81
Saved graph: Nodes=80, Removal=40%, Iteration=24
Saved graph: Nodes=80, Removal=35%, Iteration=46
Saved graph: Nodes=80, Removal=50%, Iteration=78
Saved graph: Nodes=80, Removal=35%, Iteration=33
Saved graph: Nodes=80, Removal=40%, Iteration=28
Saved graph: Nodes=80, Removal=25%, Iteration=100
Saved graph: Nodes=80, Removal=50%, Iteration=86
Saved graph: Nodes=80, Removal=30%, Iteration=58
Saved graph: Nodes=80, Removal=35%, Iteration=56
Saved graph: Nodes=80, Removal=40%, Iteration=29
Saved graph: Nodes=80, Removal=25%, Iteration=82
Saved graph: Nodes=80, Removal=30%, Iteration=61
Saved graph: Nodes=80, Removal=35%, Iteration=38
Saved graph: Nodes=80, Removal=25%, Iteration=99
Saved graph: Nodes=80, Removal=50%, Iteration=97
Saved graph: Nodes=80, Removal=30%, Iteration=59
Saved graph: Nodes=80, Removal=35%, Iteration=49
Saved graph: Nodes=80, Removal=25%, Iteration=91
Saved graph: Nodes=80, Removal=35%, Iteration=52
Saved graph: Nodes=80, Removal=40%, Iteration=27
Saved graph: Nodes=80, Removal=30%, Iteration=70
Saved graph: Nodes=80, Removal=30%, Iteration=76
Saved graph: Nodes=80, Removal=40%, Iteration=20
Saved graph: Nodes=80, Removal=25%, Iteration=90
Saved graph: Nodes=80, Removal=35%, Iteration=62
Saved graph: Nodes=80, Removal=30%, Iteration=73
Saved graph: Nodes=80, Removal=25%, Iteration=92
Saved graph: Nodes=80, Removal=35%, Iteration=48
Saved graph: Nodes=80, Removal=55%, Iteration=11
Saved graph: Nodes=80, Removal=40%, Iteration=15
Saved graph: Nodes=80, Removal=40%, Iteration=36
Saved graph: Nodes=80, Removal=35%, Iteration=60
Saved graph: Nodes=80, Removal=25%, Iteration=89
Saved graph: Nodes=80, Removal=30%, Iteration=74
Saved graph: Nodes=80, Removal=45%, Iteration=1
Saved graph: Nodes=80, Removal=25%, Iteration=94
Saved graph: Nodes=80, Removal=30%, Iteration=80
Saved graph: Nodes=80, Removal=30%, Iteration=66
Saved graph: Nodes=80, Removal=45%, Iteration=3
Saved graph: Nodes=80, Removal=40%, Iteration=25
Saved graph: Nodes=80, Removal=25%, Iteration=93
Saved graph: Nodes=80, Removal=35%, Iteration=63
Saved graph: Nodes=80, Removal=35%, Iteration=64
Saved graph: Nodes=80, Removal=40%, Iteration=37
Saved graph: Nodes=80, Removal=45%, Iteration=5
Saved graph: Nodes=80, Removal=25%, Iteration=95
Saved graph: Nodes=80, Removal=40%, Iteration=40
Saved graph: Nodes=80, Removal=30%, Iteration=79
Saved graph: Nodes=80, Removal=35%, Iteration=55
Saved graph: Nodes=80, Removal=45%, Iteration=2
Saved graph: Nodes=80, Removal=30%, Iteration=64
Saved graph: Nodes=80, Removal=25%, Iteration=98
Saved graph: Nodes=80, Removal=35%, Iteration=53
Saved graph: Nodes=80, Removal=45%, Iteration=11
Saved graph: Nodes=80, Removal=25%, Iteration=97
Saved graph: Nodes=80, Removal=40%, Iteration=19
Saved graph: Nodes=80, Removal=30%, Iteration=83
Saved graph: Nodes=80, Removal=35%, Iteration=69
Saved graph: Nodes=80, Removal=45%, Iteration=10
Saved graph: Nodes=80, Removal=25%, Iteration=96
Saved graph: Nodes=80, Removal=40%, Iteration=38
Saved graph: Nodes=80, Removal=30%, Iteration=69
Saved graph: Nodes=80, Removal=35%, Iteration=68
Saved graph: Nodes=80, Removal=45%, Iteration=8
Saved graph: Nodes=80, Removal=40%, Iteration=23
Saved graph: Nodes=80, Removal=45%, Iteration=14
Saved graph: Nodes=80, Removal=40%, Iteration=21
Saved graph: Nodes=80, Removal=35%, Iteration=54
Saved graph: Nodes=80, Removal=45%, Iteration=4
Saved graph: Nodes=80, Removal=30%, Iteration=68
Saved graph: Nodes=80, Removal=40%, Iteration=30
Saved graph: Nodes=80, Removal=30%, Iteration=71
Saved graph: Nodes=80, Removal=45%, Iteration=18
Saved graph: Nodes=80, Removal=35%, Iteration=57
Saved graph: Nodes=80, Removal=35%, Iteration=67
Saved graph: Nodes=80, Removal=30%, Iteration=88
Saved graph: Nodes=80, Removal=40%, Iteration=50
Saved graph: Nodes=80, Removal=45%, Iteration=13
Saved graph: Nodes=80, Removal=55%, Iteration=64
Saved graph: Nodes=80, Removal=35%, Iteration=58
Saved graph: Nodes=80, Removal=30%, Iteration=72
Saved graph: Nodes=80, Removal=40%, Iteration=48
Saved graph: Nodes=80, Removal=45%, Iteration=17
Saved graph: Nodes=80, Removal=35%, Iteration=76
Saved graph: Nodes=80, Removal=40%, Iteration=34
Saved graph: Nodes=80, Removal=30%, Iteration=84
Saved graph: Nodes=80, Removal=55%, Iteration=54
Saved graph: Nodes=80, Removal=45%, Iteration=6
Saved graph: Nodes=80, Removal=35%, Iteration=65
Saved graph: Nodes=80, Removal=30%, Iteration=90
Saved graph: Nodes=80, Removal=40%, Iteration=32
Saved graph: Nodes=80, Removal=55%, Iteration=77
Saved graph: Nodes=80, Removal=40%, Iteration=49
Saved graph: Nodes=80, Removal=45%, Iteration=7
Saved graph: Nodes=80, Removal=35%, Iteration=73
Saved graph: Nodes=80, Removal=35%, Iteration=61
Saved graph: Nodes=80, Removal=45%, Iteration=21
Saved graph: Nodes=80, Removal=30%, Iteration=89
Saved graph: Nodes=80, Removal=45%, Iteration=9
Saved graph: Nodes=80, Removal=35%, Iteration=71
Saved graph: Nodes=80, Removal=40%, Iteration=44
Saved graph: Nodes=80, Removal=30%, Iteration=93
Saved graph: Nodes=80, Removal=35%, Iteration=66
Saved graph: Nodes=80, Removal=45%, Iteration=22
Saved graph: Nodes=80, Removal=30%, Iteration=78
Saved graph: Nodes=80, Removal=55%, Iteration=83
Saved graph: Nodes=80, Removal=40%, Iteration=33
Saved graph: Nodes=80, Removal=35%, Iteration=78
Saved graph: Nodes=80, Removal=45%, Iteration=12
Saved graph: Nodes=80, Removal=30%, Iteration=92
Saved graph: Nodes=80, Removal=40%, Iteration=51
Saved graph: Nodes=80, Removal=35%, Iteration=79
Saved graph: Nodes=80, Removal=45%, Iteration=26
Saved graph: Nodes=80, Removal=40%, Iteration=22
Saved graph: Nodes=80, Removal=30%, Iteration=75
Saved graph: Nodes=80, Removal=45%, Iteration=23
Saved graph: Nodes=80, Removal=35%, Iteration=70
Saved graph: Nodes=80, Removal=45%, Iteration=30
Saved graph: Nodes=80, Removal=30%, Iteration=81
Saved graph: Nodes=80, Removal=40%, Iteration=35
Saved graph: Nodes=80, Removal=35%, Iteration=74
Saved graph: Nodes=80, Removal=40%, Iteration=31
Saved graph: Nodes=80, Removal=30%, Iteration=86
Saved graph: Nodes=80, Removal=45%, Iteration=20
Saved graph: Nodes=80, Removal=55%, Iteration=100
Saved graph: Nodes=80, Removal=40%, Iteration=47
Saved graph: Nodes=80, Removal=35%, Iteration=82
Saved graph: Nodes=80, Removal=45%, Iteration=27
Saved graph: Nodes=80, Removal=30%, Iteration=77
Saved graph: Nodes=80, Removal=35%, Iteration=75
Saved graph: Nodes=80, Removal=45%, Iteration=33
Saved graph: Nodes=80, Removal=30%, Iteration=87
Saved graph: Nodes=80, Removal=40%, Iteration=43
Saved graph: Nodes=80, Removal=45%, Iteration=88
Saved graph: Nodes=80, Removal=30%, Iteration=85
Saved graph: Nodes=80, Removal=40%, Iteration=53
Saved graph: Nodes=80, Removal=35%, Iteration=77
Saved graph: Nodes=80, Removal=45%, Iteration=28
Saved graph: Nodes=80, Removal=35%, Iteration=85
Saved graph: Nodes=80, Removal=30%, Iteration=94
Saved graph: Nodes=80, Removal=40%, Iteration=52
Saved graph: Nodes=80, Removal=45%, Iteration=19
Saved graph: Nodes=80, Removal=40%, Iteration=42
Saved graph: Nodes=80, Removal=35%, Iteration=72
Saved graph: Nodes=80, Removal=45%, Iteration=25
Saved graph: Nodes=80, Removal=60%, Iteration=32
Saved graph: Nodes=80, Removal=30%, Iteration=99
Saved graph: Nodes=80, Removal=40%, Iteration=45
Saved graph: Nodes=80, Removal=35%, Iteration=88
Saved graph: Nodes=80, Removal=45%, Iteration=34
Saved graph: Nodes=80, Removal=35%, Iteration=83
Saved graph: Nodes=80, Removal=30%, Iteration=95
Saved graph: Nodes=80, Removal=50%, Iteration=1
Saved graph: Nodes=80, Removal=40%, Iteration=55
Saved graph: Nodes=80, Removal=50%, Iteration=8
Saved graph: Nodes=80, Removal=45%, Iteration=15
Saved graph: Nodes=80, Removal=30%, Iteration=97
Saved graph: Nodes=80, Removal=40%, Iteration=41
Saved graph: Nodes=80, Removal=35%, Iteration=81
Saved graph: Nodes=80, Removal=40%, Iteration=54
Saved graph: Nodes=80, Removal=30%, Iteration=91
Saved graph: Nodes=80, Removal=50%, Iteration=4
Saved graph: Nodes=80, Removal=40%, Iteration=58
Saved graph: Nodes=80, Removal=35%, Iteration=89
Saved graph: Nodes=80, Removal=45%, Iteration=16
Saved graph: Nodes=80, Removal=50%, Iteration=14
Saved graph: Nodes=80, Removal=30%, Iteration=100
Saved graph: Nodes=80, Removal=45%, Iteration=43
Saved graph: Nodes=80, Removal=35%, Iteration=90
Saved graph: Nodes=80, Removal=60%, Iteration=55
Saved graph: Nodes=80, Removal=50%, Iteration=10
Saved graph: Nodes=80, Removal=30%, Iteration=96
Saved graph: Nodes=80, Removal=40%, Iteration=59
Saved graph: Nodes=80, Removal=45%, Iteration=24
Saved graph: Nodes=80, Removal=30%, Iteration=98
Saved graph: Nodes=80, Removal=45%, Iteration=31
Saved graph: Nodes=80, Removal=35%, Iteration=86
Saved graph: Nodes=80, Removal=50%, Iteration=5
Saved graph: Nodes=80, Removal=40%, Iteration=62
Saved graph: Nodes=80, Removal=45%, Iteration=41
Saved graph: Nodes=80, Removal=35%, Iteration=84
Saved graph: Nodes=80, Removal=50%, Iteration=13
Saved graph: Nodes=80, Removal=40%, Iteration=72
Saved graph: Nodes=80, Removal=45%, Iteration=42
Saved graph: Nodes=80, Removal=40%, Iteration=63
Saved graph: Nodes=80, Removal=50%, Iteration=9
Saved graph: Nodes=80, Removal=60%, Iteration=63
Saved graph: Nodes=80, Removal=35%, Iteration=87
Saved graph: Nodes=80, Removal=40%, Iteration=68
Saved graph: Nodes=80, Removal=45%, Iteration=29
Saved graph: Nodes=80, Removal=50%, Iteration=6
Saved graph: Nodes=80, Removal=50%, Iteration=34
Saved graph: Nodes=80, Removal=35%, Iteration=97
Saved graph: Nodes=80, Removal=35%, Iteration=91
Saved graph: Nodes=80, Removal=50%, Iteration=11
Saved graph: Nodes=80, Removal=45%, Iteration=37
Saved graph: Nodes=80, Removal=40%, Iteration=57
Saved graph: Nodes=80, Removal=45%, Iteration=44
Saved graph: Nodes=80, Removal=50%, Iteration=2
Saved graph: Nodes=80, Removal=35%, Iteration=95
Saved graph: Nodes=80, Removal=35%, Iteration=92
Saved graph: Nodes=80, Removal=50%, Iteration=7
Saved graph: Nodes=80, Removal=45%, Iteration=47
Saved graph: Nodes=80, Removal=40%, Iteration=73
Saved graph: Nodes=80, Removal=40%, Iteration=75
Saved graph: Nodes=80, Removal=40%, Iteration=76
Saved graph: Nodes=80, Removal=50%, Iteration=15
Saved graph: Nodes=80, Removal=35%, Iteration=99
Saved graph: Nodes=80, Removal=50%, Iteration=3
Saved graph: Nodes=80, Removal=45%, Iteration=32
Saved graph: Nodes=80, Removal=40%, Iteration=79
Saved graph: Nodes=80, Removal=60%, Iteration=98
Saved graph: Nodes=80, Removal=35%, Iteration=94
Saved graph: Nodes=80, Removal=40%, Iteration=64
Saved graph: Nodes=80, Removal=45%, Iteration=46
Saved graph: Nodes=80, Removal=35%, Iteration=98
Saved graph: Nodes=80, Removal=40%, Iteration=67
Saved graph: Nodes=80, Removal=50%, Iteration=17
Saved graph: Nodes=80, Removal=45%, Iteration=48
Saved graph: Nodes=80, Removal=50%, Iteration=12
Saved graph: Nodes=80, Removal=45%, Iteration=52
Saved graph: Nodes=80, Removal=50%, Iteration=26
Saved graph: Nodes=80, Removal=40%, Iteration=66
Saved graph: Nodes=80, Removal=45%, Iteration=55
Saved graph: Nodes=80, Removal=40%, Iteration=70
Saved graph: Nodes=80, Removal=50%, Iteration=80
Saved graph: Nodes=80, Removal=40%, Iteration=83
Saved graph: Nodes=80, Removal=45%, Iteration=39
Saved graph: Nodes=80, Removal=45%, Iteration=45
Saved graph: Nodes=80, Removal=40%, Iteration=65
Saved graph: Nodes=80, Removal=50%, Iteration=27
Saved graph: Nodes=80, Removal=45%, Iteration=53
Saved graph: Nodes=80, Removal=50%, Iteration=18
Saved graph: Nodes=80, Removal=40%, Iteration=56
Saved graph: Nodes=80, Removal=45%, Iteration=35
Saved graph: Nodes=80, Removal=40%, Iteration=84
Saved graph: Nodes=80, Removal=55%, Iteration=1
Saved graph: Nodes=80, Removal=55%, Iteration=2
Saved graph: Nodes=80, Removal=45%, Iteration=61
Saved graph: Nodes=80, Removal=40%, Iteration=60
Saved graph: Nodes=80, Removal=50%, Iteration=23
Saved graph: Nodes=80, Removal=45%, Iteration=38
Saved graph: Nodes=80, Removal=40%, Iteration=82
Saved graph: Nodes=80, Removal=40%, Iteration=77
Saved graph: Nodes=80, Removal=55%, Iteration=5
Saved graph: Nodes=80, Removal=45%, Iteration=59
Saved graph: Nodes=80, Removal=50%, Iteration=22
Saved graph: Nodes=80, Removal=50%, Iteration=20
Saved graph: Nodes=80, Removal=45%, Iteration=54
Saved graph: Nodes=80, Removal=55%, Iteration=16
Saved graph: Nodes=80, Removal=40%, Iteration=78
Saved graph: Nodes=80, Removal=55%, Iteration=8
Saved graph: Nodes=80, Removal=50%, Iteration=16
Saved graph: Nodes=80, Removal=40%, Iteration=85
Saved graph: Nodes=80, Removal=55%, Iteration=17
Saved graph: Nodes=80, Removal=45%, Iteration=63
Saved graph: Nodes=80, Removal=55%, Iteration=19
Saved graph: Nodes=80, Removal=40%, Iteration=87
Saved graph: Nodes=80, Removal=50%, Iteration=19
Saved graph: Nodes=80, Removal=40%, Iteration=80
Saved graph: Nodes=80, Removal=45%, Iteration=62
Saved graph: Nodes=80, Removal=50%, Iteration=28
Saved graph: Nodes=80, Removal=55%, Iteration=18
Saved graph: Nodes=80, Removal=40%, Iteration=89
Saved graph: Nodes=80, Removal=45%, Iteration=65
Saved graph: Nodes=80, Removal=55%, Iteration=3
Saved graph: Nodes=80, Removal=45%, Iteration=58
Saved graph: Nodes=80, Removal=50%, Iteration=29
Saved graph: Nodes=80, Removal=55%, Iteration=6
Saved graph: Nodes=80, Removal=40%, Iteration=86
Saved graph: Nodes=80, Removal=50%, Iteration=21
Saved graph: Nodes=80, Removal=45%, Iteration=36
Saved graph: Nodes=80, Removal=55%, Iteration=21
Saved graph: Nodes=80, Removal=40%, Iteration=81
Saved graph: Nodes=80, Removal=50%, Iteration=24
Saved graph: Nodes=80, Removal=40%, Iteration=91
Saved graph: Nodes=80, Removal=55%, Iteration=25
Saved graph: Nodes=80, Removal=45%, Iteration=67
Saved graph: Nodes=80, Removal=45%, Iteration=57
Saved graph: Nodes=80, Removal=50%, Iteration=25
Saved graph: Nodes=80, Removal=55%, Iteration=13
Saved graph: Nodes=80, Removal=55%, Iteration=48
Saved graph: Nodes=80, Removal=50%, Iteration=30
Saved graph: Nodes=80, Removal=40%, Iteration=90
Saved graph: Nodes=80, Removal=45%, Iteration=66
Saved graph: Nodes=80, Removal=50%, Iteration=32
Saved graph: Nodes=80, Removal=55%, Iteration=7
Saved graph: Nodes=80, Removal=50%, Iteration=38
Saved graph: Nodes=80, Removal=40%, Iteration=93
Saved graph: Nodes=80, Removal=55%, Iteration=29
Saved graph: Nodes=80, Removal=40%, Iteration=92
Saved graph: Nodes=80, Removal=45%, Iteration=56
Saved graph: Nodes=80, Removal=55%, Iteration=61
Saved graph: Nodes=80, Removal=50%, Iteration=33
Saved graph: Nodes=80, Removal=45%, Iteration=49
Saved graph: Nodes=80, Removal=50%, Iteration=45
Saved graph: Nodes=80, Removal=55%, Iteration=26
Saved graph: Nodes=80, Removal=40%, Iteration=100
Saved graph: Nodes=80, Removal=50%, Iteration=35
Saved graph: Nodes=80, Removal=45%, Iteration=50
Saved graph: Nodes=80, Removal=45%, Iteration=64
Saved graph: Nodes=80, Removal=55%, Iteration=30
Saved graph: Nodes=80, Removal=40%, Iteration=95
Saved graph: Nodes=80, Removal=55%, Iteration=27
Saved graph: Nodes=80, Removal=45%, Iteration=70
Saved graph: Nodes=80, Removal=50%, Iteration=43
Saved graph: Nodes=80, Removal=40%, Iteration=94
Saved graph: Nodes=80, Removal=40%, Iteration=97
Saved graph: Nodes=80, Removal=55%, Iteration=12
Saved graph: Nodes=80, Removal=50%, Iteration=46
Saved graph: Nodes=80, Removal=40%, Iteration=99
Saved graph: Nodes=80, Removal=55%, Iteration=91
Saved graph: Nodes=80, Removal=45%, Iteration=68
Saved graph: Nodes=80, Removal=45%, Iteration=78
Saved graph: Nodes=80, Removal=50%, Iteration=37
Saved graph: Nodes=80, Removal=60%, Iteration=2
Saved graph: Nodes=80, Removal=55%, Iteration=15
Saved graph: Nodes=80, Removal=45%, Iteration=77
Saved graph: Nodes=80, Removal=50%, Iteration=31
Saved graph: Nodes=80, Removal=50%, Iteration=36
Saved graph: Nodes=80, Removal=45%, Iteration=75
Saved graph: Nodes=80, Removal=55%, Iteration=32
Saved graph: Nodes=80, Removal=60%, Iteration=4
Saved graph: Nodes=80, Removal=55%, Iteration=14
Saved graph: Nodes=80, Removal=50%, Iteration=40
Saved graph: Nodes=80, Removal=45%, Iteration=69
Saved graph: Nodes=80, Removal=60%, Iteration=1
Saved graph: Nodes=80, Removal=45%, Iteration=74
Saved graph: Nodes=80, Removal=50%, Iteration=57
Saved graph: Nodes=80, Removal=60%, Iteration=5
Saved graph: Nodes=80, Removal=55%, Iteration=20
Saved graph: Nodes=80, Removal=70%, Iteration=24
Saved graph: Nodes=80, Removal=50%, Iteration=42
Saved graph: Nodes=80, Removal=45%, Iteration=73
Saved graph: Nodes=80, Removal=70%, Iteration=19
Saved graph: Nodes=80, Removal=60%, Iteration=6
Saved graph: Nodes=80, Removal=45%, Iteration=84
Saved graph: Nodes=80, Removal=55%, Iteration=34
Saved graph: Nodes=80, Removal=50%, Iteration=44
Saved graph: Nodes=80, Removal=60%, Iteration=10
Saved graph: Nodes=80, Removal=55%, Iteration=4
Saved graph: Nodes=80, Removal=45%, Iteration=85
Saved graph: Nodes=80, Removal=60%, Iteration=17
Saved graph: Nodes=80, Removal=70%, Iteration=26
Saved graph: Nodes=80, Removal=55%, Iteration=35
Saved graph: Nodes=80, Removal=45%, Iteration=72
Saved graph: Nodes=80, Removal=50%, Iteration=59
Saved graph: Nodes=80, Removal=45%, Iteration=87
Saved graph: Nodes=80, Removal=50%, Iteration=53
Saved graph: Nodes=80, Removal=60%, Iteration=12
Saved graph: Nodes=80, Removal=55%, Iteration=33
Saved graph: Nodes=80, Removal=60%, Iteration=20
Saved graph: Nodes=80, Removal=70%, Iteration=10
Saved graph: Nodes=80, Removal=55%, Iteration=24
Saved graph: Nodes=80, Removal=45%, Iteration=80
Saved graph: Nodes=80, Removal=50%, Iteration=61
Saved graph: Nodes=80, Removal=45%, Iteration=81
Saved graph: Nodes=80, Removal=60%, Iteration=3
Saved graph: Nodes=80, Removal=55%, Iteration=22
Saved graph: Nodes=80, Removal=50%, Iteration=55
Saved graph: Nodes=80, Removal=45%, Iteration=92
Saved graph: Nodes=80, Removal=50%, Iteration=41
Saved graph: Nodes=80, Removal=60%, Iteration=19
Saved graph: Nodes=80, Removal=45%, Iteration=83
Saved graph: Nodes=80, Removal=55%, Iteration=37
Saved graph: Nodes=80, Removal=50%, Iteration=48
Saved graph: Nodes=80, Removal=60%, Iteration=11
Saved graph: Nodes=80, Removal=55%, Iteration=10
Saved graph: Nodes=80, Removal=45%, Iteration=86
Saved graph: Nodes=80, Removal=60%, Iteration=24
Saved graph: Nodes=80, Removal=55%, Iteration=23
Saved graph: Nodes=80, Removal=45%, Iteration=82
Saved graph: Nodes=80, Removal=50%, Iteration=64
Saved graph: Nodes=80, Removal=60%, Iteration=23
Saved graph: Nodes=80, Removal=55%, Iteration=9
Saved graph: Nodes=80, Removal=45%, Iteration=94
Saved graph: Nodes=80, Removal=60%, Iteration=16
Saved graph: Nodes=80, Removal=55%, Iteration=38
Saved graph: Nodes=80, Removal=60%, Iteration=7
Saved graph: Nodes=80, Removal=50%, Iteration=47
Saved graph: Nodes=80, Removal=55%, Iteration=41
Saved graph: Nodes=80, Removal=45%, Iteration=90
Saved graph: Nodes=80, Removal=50%, Iteration=49
Saved graph: Nodes=80, Removal=45%, Iteration=71
Saved graph: Nodes=80, Removal=60%, Iteration=8
Saved graph: Nodes=80, Removal=50%, Iteration=58
Saved graph: Nodes=80, Removal=45%, Iteration=93
Saved graph: Nodes=80, Removal=55%, Iteration=28
Saved graph: Nodes=80, Removal=60%, Iteration=26
Saved graph: Nodes=80, Removal=50%, Iteration=50
Saved graph: Nodes=80, Removal=55%, Iteration=36
Saved graph: Nodes=80, Removal=60%, Iteration=29
Saved graph: Nodes=80, Removal=45%, Iteration=91
Saved graph: Nodes=80, Removal=55%, Iteration=40
Saved graph: Nodes=80, Removal=60%, Iteration=13
Saved graph: Nodes=80, Removal=50%, Iteration=52
Saved graph: Nodes=80, Removal=60%, Iteration=31
Saved graph: Nodes=80, Removal=45%, Iteration=95
Saved graph: Nodes=80, Removal=50%, Iteration=56
Saved graph: Nodes=80, Removal=60%, Iteration=27
Saved graph: Nodes=80, Removal=55%, Iteration=42
Saved graph: Nodes=80, Removal=50%, Iteration=60
Saved graph: Nodes=80, Removal=45%, Iteration=79
Saved graph: Nodes=80, Removal=45%, Iteration=89
Saved graph: Nodes=80, Removal=55%, Iteration=31
Saved graph: Nodes=80, Removal=60%, Iteration=15
Saved graph: Nodes=80, Removal=50%, Iteration=74
Saved graph: Nodes=80, Removal=60%, Iteration=14
Saved graph: Nodes=80, Removal=55%, Iteration=39
Saved graph: Nodes=80, Removal=45%, Iteration=100
Saved graph: Nodes=80, Removal=45%, Iteration=96
Saved graph: Nodes=80, Removal=50%, Iteration=65
Saved graph: Nodes=80, Removal=60%, Iteration=22
Saved graph: Nodes=80, Removal=55%, Iteration=44
Saved graph: Nodes=80, Removal=50%, Iteration=77
Saved graph: Nodes=80, Removal=45%, Iteration=97
Saved graph: Nodes=80, Removal=60%, Iteration=33
Saved graph: Nodes=80, Removal=50%, Iteration=82
Saved graph: Nodes=80, Removal=55%, Iteration=43
Saved graph: Nodes=80, Removal=45%, Iteration=99
Saved graph: Nodes=80, Removal=65%, Iteration=5
Saved graph: Nodes=80, Removal=55%, Iteration=52
Saved graph: Nodes=80, Removal=60%, Iteration=21
Saved graph: Nodes=80, Removal=45%, Iteration=98
Saved graph: Nodes=80, Removal=50%, Iteration=63
Saved graph: Nodes=80, Removal=60%, Iteration=9
Saved graph: Nodes=80, Removal=65%, Iteration=6
Saved graph: Nodes=80, Removal=75%, Iteration=18
Saved graph: Nodes=80, Removal=55%, Iteration=51
Saved graph: Nodes=80, Removal=50%, Iteration=79
Saved graph: Nodes=80, Removal=60%, Iteration=40
Saved graph: Nodes=80, Removal=70%, Iteration=99
Saved graph: Nodes=80, Removal=75%, Iteration=8
Saved graph: Nodes=80, Removal=65%, Iteration=1
Saved graph: Nodes=80, Removal=55%, Iteration=55
Saved graph: Nodes=80, Removal=65%, Iteration=8
Saved graph: Nodes=80, Removal=50%, Iteration=83
Saved graph: Nodes=80, Removal=50%, Iteration=87
Saved graph: Nodes=80, Removal=55%, Iteration=50
Saved graph: Nodes=80, Removal=60%, Iteration=30
Saved graph: Nodes=80, Removal=65%, Iteration=3
Saved graph: Nodes=80, Removal=60%, Iteration=28
Saved graph: Nodes=80, Removal=55%, Iteration=56
Saved graph: Nodes=80, Removal=50%, Iteration=66
Saved graph: Nodes=80, Removal=60%, Iteration=42
Saved graph: Nodes=80, Removal=65%, Iteration=10
Saved graph: Nodes=80, Removal=50%, Iteration=67
Saved graph: Nodes=80, Removal=55%, Iteration=49
Saved graph: Nodes=80, Removal=65%, Iteration=12
Saved graph: Nodes=80, Removal=60%, Iteration=43
Saved graph: Nodes=80, Removal=55%, Iteration=58
Saved graph: Nodes=80, Removal=60%, Iteration=45
Saved graph: Nodes=80, Removal=50%, Iteration=73
Saved graph: Nodes=80, Removal=65%, Iteration=7
Saved graph: Nodes=80, Removal=65%, Iteration=17
Saved graph: Nodes=80, Removal=55%, Iteration=62
Saved graph: Nodes=80, Removal=75%, Iteration=27
Saved graph: Nodes=80, Removal=50%, Iteration=89
Saved graph: Nodes=80, Removal=60%, Iteration=38
Saved graph: Nodes=80, Removal=65%, Iteration=13
Saved graph: Nodes=80, Removal=60%, Iteration=18
Saved graph: Nodes=80, Removal=55%, Iteration=47
Saved graph: Nodes=80, Removal=55%, Iteration=45
Saved graph: Nodes=80, Removal=65%, Iteration=2
Saved graph: Nodes=80, Removal=60%, Iteration=35
Saved graph: Nodes=80, Removal=50%, Iteration=69
Saved graph: Nodes=80, Removal=50%, Iteration=68
Saved graph: Nodes=80, Removal=60%, Iteration=44
Saved graph: Nodes=80, Removal=65%, Iteration=4
Saved graph: Nodes=80, Removal=55%, Iteration=46
Saved graph: Nodes=80, Removal=65%, Iteration=20
Saved graph: Nodes=80, Removal=55%, Iteration=60
Saved graph: Nodes=80, Removal=60%, Iteration=25
Saved graph: Nodes=80, Removal=50%, Iteration=62
Saved graph: Nodes=80, Removal=50%, Iteration=75
Saved graph: Nodes=80, Removal=65%, Iteration=14
Saved graph: Nodes=80, Removal=65%, Iteration=16
Saved graph: Nodes=80, Removal=50%, Iteration=88
Saved graph: Nodes=80, Removal=60%, Iteration=39
Saved graph: Nodes=80, Removal=75%, Iteration=66
Saved graph: Nodes=80, Removal=55%, Iteration=69
Saved graph: Nodes=80, Removal=60%, Iteration=34
Saved graph: Nodes=80, Removal=55%, Iteration=53
Saved graph: Nodes=80, Removal=65%, Iteration=9
Saved graph: Nodes=80, Removal=75%, Iteration=71
Saved graph: Nodes=80, Removal=60%, Iteration=46
Saved graph: Nodes=80, Removal=50%, Iteration=72
Saved graph: Nodes=80, Removal=50%, Iteration=76
Saved graph: Nodes=80, Removal=75%, Iteration=46
Saved graph: Nodes=80, Removal=65%, Iteration=22
Saved graph: Nodes=80, Removal=50%, Iteration=81
Saved graph: Nodes=80, Removal=60%, Iteration=51
Saved graph: Nodes=80, Removal=65%, Iteration=21
Saved graph: Nodes=80, Removal=60%, Iteration=36
Saved graph: Nodes=80, Removal=65%, Iteration=11
Saved graph: Nodes=80, Removal=55%, Iteration=65
Saved graph: Nodes=80, Removal=50%, Iteration=92
Saved graph: Nodes=80, Removal=55%, Iteration=72
Saved graph: Nodes=80, Removal=50%, Iteration=94
Saved graph: Nodes=80, Removal=60%, Iteration=49
Saved graph: Nodes=80, Removal=65%, Iteration=15
Saved graph: Nodes=80, Removal=55%, Iteration=57
Saved graph: Nodes=80, Removal=75%, Iteration=92
Saved graph: Nodes=80, Removal=65%, Iteration=30
Saved graph: Nodes=80, Removal=60%, Iteration=50
Saved graph: Nodes=80, Removal=55%, Iteration=59
Saved graph: Nodes=80, Removal=50%, Iteration=90
Saved graph: Nodes=80, Removal=50%, Iteration=99
Saved graph: Nodes=80, Removal=65%, Iteration=70
Saved graph: Nodes=80, Removal=60%, Iteration=52
Saved graph: Nodes=80, Removal=55%, Iteration=70
Saved graph: Nodes=80, Removal=50%, Iteration=84
Saved graph: Nodes=80, Removal=60%, Iteration=58
Saved graph: Nodes=80, Removal=65%, Iteration=19
Saved graph: Nodes=80, Removal=55%, Iteration=66
Saved graph: Nodes=80, Removal=50%, Iteration=91
Saved graph: Nodes=80, Removal=65%, Iteration=29
Saved graph: Nodes=80, Removal=55%, Iteration=73
Saved graph: Nodes=80, Removal=60%, Iteration=56
Saved graph: Nodes=80, Removal=75%, Iteration=94
Saved graph: Nodes=80, Removal=60%, Iteration=37
Saved graph: Nodes=80, Removal=65%, Iteration=31
Saved graph: Nodes=80, Removal=50%, Iteration=85
Saved graph: Nodes=80, Removal=55%, Iteration=74
Saved graph: Nodes=80, Removal=50%, Iteration=93
Saved graph: Nodes=80, Removal=60%, Iteration=41
Saved graph: Nodes=80, Removal=55%, Iteration=75
Saved graph: Nodes=80, Removal=65%, Iteration=23
Saved graph: Nodes=80, Removal=60%, Iteration=47
Saved graph: Nodes=80, Removal=80%, Iteration=14
Saved graph: Nodes=80, Removal=50%, Iteration=96
Saved graph: Nodes=80, Removal=75%, Iteration=100
Saved graph: Nodes=80, Removal=65%, Iteration=18
Saved graph: Nodes=80, Removal=55%, Iteration=63
Saved graph: Nodes=80, Removal=60%, Iteration=53
Saved graph: Nodes=80, Removal=55%, Iteration=67
Saved graph: Nodes=80, Removal=70%, Iteration=1
Saved graph: Nodes=80, Removal=50%, Iteration=100
Saved graph: Nodes=80, Removal=65%, Iteration=34
Saved graph: Nodes=80, Removal=60%, Iteration=64
Saved graph: Nodes=80, Removal=55%, Iteration=79
Saved graph: Nodes=80, Removal=70%, Iteration=7
Saved graph: Nodes=80, Removal=65%, Iteration=24
Saved graph: Nodes=80, Removal=50%, Iteration=95
Saved graph: Nodes=80, Removal=70%, Iteration=6
Saved graph: Nodes=80, Removal=60%, Iteration=59
Saved graph: Nodes=80, Removal=55%, Iteration=71
Saved graph: Nodes=80, Removal=50%, Iteration=98
Saved graph: Nodes=80, Removal=65%, Iteration=33
Saved graph: Nodes=80, Removal=55%, Iteration=80
Saved graph: Nodes=80, Removal=65%, Iteration=26
Saved graph: Nodes=80, Removal=70%, Iteration=3
Saved graph: Nodes=80, Removal=60%, Iteration=65
Saved graph: Nodes=80, Removal=55%, Iteration=87
Saved graph: Nodes=80, Removal=70%, Iteration=2
Saved graph: Nodes=80, Removal=60%, Iteration=48
Saved graph: Nodes=80, Removal=65%, Iteration=41
Saved graph: Nodes=80, Removal=70%, Iteration=11
Saved graph: Nodes=80, Removal=60%, Iteration=74
Saved graph: Nodes=80, Removal=55%, Iteration=68
Saved graph: Nodes=80, Removal=70%, Iteration=8
Saved graph: Nodes=80, Removal=65%, Iteration=35
Saved graph: Nodes=80, Removal=60%, Iteration=67
Saved graph: Nodes=80, Removal=65%, Iteration=25
Saved graph: Nodes=80, Removal=55%, Iteration=76
Saved graph: Nodes=80, Removal=70%, Iteration=4
Saved graph: Nodes=80, Removal=60%, Iteration=57
Saved graph: Nodes=80, Removal=65%, Iteration=42
Saved graph: Nodes=80, Removal=55%, Iteration=78
Saved graph: Nodes=80, Removal=60%, Iteration=69
Saved graph: Nodes=80, Removal=70%, Iteration=15
Saved graph: Nodes=80, Removal=65%, Iteration=32
Saved graph: Nodes=80, Removal=60%, Iteration=54
Saved graph: Nodes=80, Removal=55%, Iteration=84
Saved graph: Nodes=80, Removal=70%, Iteration=17
Saved graph: Nodes=80, Removal=65%, Iteration=39
Saved graph: Nodes=80, Removal=60%, Iteration=62
Saved graph: Nodes=80, Removal=55%, Iteration=92
Saved graph: Nodes=80, Removal=70%, Iteration=23
Saved graph: Nodes=80, Removal=65%, Iteration=40
Saved graph: Nodes=80, Removal=60%, Iteration=73
Saved graph: Nodes=80, Removal=70%, Iteration=48
Saved graph: Nodes=80, Removal=55%, Iteration=89
Saved graph: Nodes=80, Removal=60%, Iteration=60
Saved graph: Nodes=80, Removal=65%, Iteration=38
Saved graph: Nodes=80, Removal=55%, Iteration=81
Saved graph: Nodes=80, Removal=70%, Iteration=18
Saved graph: Nodes=80, Removal=55%, Iteration=90
Saved graph: Nodes=80, Removal=65%, Iteration=36
Saved graph: Nodes=80, Removal=60%, Iteration=78
Saved graph: Nodes=80, Removal=70%, Iteration=21
Saved graph: Nodes=80, Removal=60%, Iteration=72
Saved graph: Nodes=80, Removal=55%, Iteration=95
Saved graph: Nodes=80, Removal=70%, Iteration=22
Saved graph: Nodes=80, Removal=65%, Iteration=37
Saved graph: Nodes=80, Removal=60%, Iteration=77
Saved graph: Nodes=80, Removal=55%, Iteration=82
Saved graph: Nodes=80, Removal=70%, Iteration=20
Saved graph: Nodes=80, Removal=65%, Iteration=28
Saved graph: Nodes=80, Removal=60%, Iteration=68
Saved graph: Nodes=80, Removal=55%, Iteration=98
Saved graph: Nodes=80, Removal=70%, Iteration=28
Saved graph: Nodes=80, Removal=80%, Iteration=89
Saved graph: Nodes=80, Removal=60%, Iteration=66
Saved graph: Nodes=80, Removal=65%, Iteration=27
Saved graph: Nodes=80, Removal=70%, Iteration=25
Saved graph: Nodes=80, Removal=65%, Iteration=47
Saved graph: Nodes=80, Removal=60%, Iteration=83
Saved graph: Nodes=80, Removal=55%, Iteration=96
Saved graph: Nodes=80, Removal=70%, Iteration=16
Saved graph: Nodes=80, Removal=55%, Iteration=88
Saved graph: Nodes=80, Removal=60%, Iteration=76
Saved graph: Nodes=80, Removal=65%, Iteration=49
Saved graph: Nodes=80, Removal=80%, Iteration=86
Saved graph: Nodes=80, Removal=55%, Iteration=85
Saved graph: Nodes=80, Removal=70%, Iteration=14
Saved graph: Nodes=80, Removal=65%, Iteration=46
Saved graph: Nodes=80, Removal=60%, Iteration=71
Saved graph: Nodes=80, Removal=70%, Iteration=31
Saved graph: Nodes=80, Removal=55%, Iteration=86
Saved graph: Nodes=80, Removal=65%, Iteration=54
Saved graph: Nodes=80, Removal=60%, Iteration=82
Saved graph: Nodes=80, Removal=80%, Iteration=93
Saved graph: Nodes=80, Removal=70%, Iteration=33
Saved graph: Nodes=80, Removal=60%, Iteration=61
Saved graph: Nodes=80, Removal=55%, Iteration=94
Saved graph: Nodes=80, Removal=65%, Iteration=45
Saved graph: Nodes=80, Removal=55%, Iteration=93
Saved graph: Nodes=80, Removal=70%, Iteration=84
Saved graph: Nodes=80, Removal=65%, Iteration=43
Saved graph: Nodes=80, Removal=75%, Iteration=2
Saved graph: Nodes=80, Removal=55%, Iteration=99
Saved graph: Nodes=80, Removal=60%, Iteration=75
Saved graph: Nodes=80, Removal=75%, Iteration=3
Saved graph: Nodes=80, Removal=60%, Iteration=91
Saved graph: Nodes=80, Removal=70%, Iteration=13
Saved graph: Nodes=80, Removal=65%, Iteration=44
Saved graph: Nodes=80, Removal=70%, Iteration=12
Saved graph: Nodes=80, Removal=60%, Iteration=70
Saved graph: Nodes=80, Removal=55%, Iteration=97
Saved graph: Nodes=80, Removal=75%, Iteration=15
Saved graph: Nodes=80, Removal=65%, Iteration=56
Saved graph: Nodes=80, Removal=60%, Iteration=89
Saved graph: Nodes=80, Removal=70%, Iteration=32
Saved graph: Nodes=80, Removal=75%, Iteration=7
Saved graph: Nodes=80, Removal=65%, Iteration=53
Saved graph: Nodes=80, Removal=70%, Iteration=37
Saved graph: Nodes=80, Removal=75%, Iteration=1
Saved graph: Nodes=80, Removal=60%, Iteration=86
Saved graph: Nodes=80, Removal=65%, Iteration=50
Saved graph: Nodes=80, Removal=70%, Iteration=36
Saved graph: Nodes=80, Removal=75%, Iteration=17
Saved graph: Nodes=80, Removal=65%, Iteration=48
Saved graph: Nodes=80, Removal=70%, Iteration=34
Saved graph: Nodes=80, Removal=65%, Iteration=52
Saved graph: Nodes=80, Removal=75%, Iteration=14
Saved graph: Nodes=80, Removal=60%, Iteration=90
Saved graph: Nodes=80, Removal=70%, Iteration=29
Saved graph: Nodes=80, Removal=75%, Iteration=16
Saved graph: Nodes=80, Removal=65%, Iteration=59
Saved graph: Nodes=80, Removal=60%, Iteration=81
Saved graph: Nodes=80, Removal=70%, Iteration=43
Saved graph: Nodes=80, Removal=75%, Iteration=48
Saved graph: Nodes=80, Removal=65%, Iteration=51
Saved graph: Nodes=80, Removal=60%, Iteration=88
Saved graph: Nodes=80, Removal=70%, Iteration=9
Saved graph: Nodes=80, Removal=75%, Iteration=6
Saved graph: Nodes=80, Removal=60%, Iteration=94
Saved graph: Nodes=80, Removal=75%, Iteration=4
Saved graph: Nodes=80, Removal=70%, Iteration=27
Saved graph: Nodes=80, Removal=65%, Iteration=64
Saved graph: Nodes=80, Removal=70%, Iteration=44
Saved graph: Nodes=80, Removal=75%, Iteration=23
Saved graph: Nodes=80, Removal=65%, Iteration=58
Saved graph: Nodes=80, Removal=60%, Iteration=79
Saved graph: Nodes=80, Removal=60%, Iteration=95
Saved graph: Nodes=80, Removal=70%, Iteration=45
Saved graph: Nodes=80, Removal=75%, Iteration=21
Saved graph: Nodes=80, Removal=65%, Iteration=63
Saved graph: Nodes=80, Removal=60%, Iteration=93
Saved graph: Nodes=80, Removal=70%, Iteration=41
Saved graph: Nodes=80, Removal=65%, Iteration=65
Saved graph: Nodes=80, Removal=75%, Iteration=9
Saved graph: Nodes=80, Removal=60%, Iteration=87
Saved graph: Nodes=80, Removal=65%, Iteration=69
Saved graph: Nodes=80, Removal=70%, Iteration=5
Saved graph: Nodes=80, Removal=75%, Iteration=22
Saved graph: Nodes=80, Removal=65%, Iteration=57
Saved graph: Nodes=80, Removal=60%, Iteration=84
Saved graph: Nodes=80, Removal=70%, Iteration=30
Saved graph: Nodes=80, Removal=75%, Iteration=30
Saved graph: Nodes=80, Removal=65%, Iteration=67
Saved graph: Nodes=80, Removal=70%, Iteration=49
Saved graph: Nodes=80, Removal=60%, Iteration=80
Saved graph: Nodes=80, Removal=75%, Iteration=5
Saved graph: Nodes=80, Removal=70%, Iteration=52
Saved graph: Nodes=80, Removal=65%, Iteration=68
Saved graph: Nodes=80, Removal=75%, Iteration=20
Saved graph: Nodes=80, Removal=60%, Iteration=97
Saved graph: Nodes=80, Removal=75%, Iteration=32
Saved graph: Nodes=80, Removal=65%, Iteration=62
Saved graph: Nodes=80, Removal=60%, Iteration=96
Saved graph: Nodes=80, Removal=70%, Iteration=38
Saved graph: Nodes=80, Removal=75%, Iteration=13
Saved graph: Nodes=80, Removal=60%, Iteration=100
Saved graph: Nodes=80, Removal=65%, Iteration=66
Saved graph: Nodes=80, Removal=70%, Iteration=47
Saved graph: Nodes=80, Removal=65%, Iteration=75
Saved graph: Nodes=80, Removal=85%, Iteration=93
Saved graph: Nodes=80, Removal=75%, Iteration=19
Saved graph: Nodes=80, Removal=70%, Iteration=54
Saved graph: Nodes=80, Removal=65%, Iteration=55
Saved graph: Nodes=80, Removal=60%, Iteration=85
Saved graph: Nodes=80, Removal=70%, Iteration=46
Saved graph: Nodes=80, Removal=75%, Iteration=11
Saved graph: Nodes=80, Removal=65%, Iteration=78
Saved graph: Nodes=80, Removal=60%, Iteration=92
Saved graph: Nodes=80, Removal=75%, Iteration=36
Saved graph: Nodes=80, Removal=70%, Iteration=51
Saved graph: Nodes=80, Removal=80%, Iteration=4
Saved graph: Nodes=80, Removal=60%, Iteration=99
Saved graph: Nodes=80, Removal=65%, Iteration=60
Saved graph: Nodes=80, Removal=75%, Iteration=12
Saved graph: Nodes=80, Removal=70%, Iteration=53
Saved graph: Nodes=80, Removal=65%, Iteration=72
Saved graph: Nodes=80, Removal=80%, Iteration=11
Saved graph: Nodes=80, Removal=75%, Iteration=96
Saved graph: Nodes=80, Removal=70%, Iteration=40
Saved graph: Nodes=80, Removal=75%, Iteration=26
Saved graph: Nodes=80, Removal=65%, Iteration=61
Saved graph: Nodes=80, Removal=70%, Iteration=42
Saved graph: Nodes=80, Removal=80%, Iteration=1
Saved graph: Nodes=80, Removal=70%, Iteration=60
Saved graph: Nodes=80, Removal=75%, Iteration=34
Saved graph: Nodes=80, Removal=80%, Iteration=16
Saved graph: Nodes=80, Removal=65%, Iteration=74
Saved graph: Nodes=80, Removal=75%, Iteration=37
Saved graph: Nodes=80, Removal=80%, Iteration=13
Saved graph: Nodes=80, Removal=65%, Iteration=71
Saved graph: Nodes=80, Removal=70%, Iteration=56
Saved graph: Nodes=80, Removal=75%, Iteration=33
Saved graph: Nodes=80, Removal=80%, Iteration=2
Saved graph: Nodes=80, Removal=70%, Iteration=35
Saved graph: Nodes=80, Removal=80%, Iteration=23
Saved graph: Nodes=80, Removal=65%, Iteration=81
Saved graph: Nodes=80, Removal=65%, Iteration=73
Saved graph: Nodes=80, Removal=75%, Iteration=25
Saved graph: Nodes=80, Removal=70%, Iteration=50
Saved graph: Nodes=80, Removal=75%, Iteration=45
Saved graph: Nodes=80, Removal=80%, Iteration=3
Saved graph: Nodes=80, Removal=65%, Iteration=79
Saved graph: Nodes=80, Removal=80%, Iteration=15
Saved graph: Nodes=80, Removal=70%, Iteration=39
Saved graph: Nodes=80, Removal=75%, Iteration=39
Saved graph: Nodes=80, Removal=65%, Iteration=84
Saved graph: Nodes=80, Removal=80%, Iteration=57
Saved graph: Nodes=80, Removal=75%, Iteration=31
Saved graph: Nodes=80, Removal=70%, Iteration=57
Saved graph: Nodes=80, Removal=65%, Iteration=85
Saved graph: Nodes=80, Removal=75%, Iteration=28
Saved graph: Nodes=80, Removal=80%, Iteration=8
Saved graph: Nodes=80, Removal=70%, Iteration=61
Saved graph: Nodes=80, Removal=65%, Iteration=89
Saved graph: Nodes=80, Removal=70%, Iteration=64
Saved graph: Nodes=80, Removal=75%, Iteration=35
Saved graph: Nodes=80, Removal=80%, Iteration=50
Saved graph: Nodes=80, Removal=65%, Iteration=90
Saved graph: Nodes=80, Removal=70%, Iteration=59
Saved graph: Nodes=80, Removal=75%, Iteration=29
Saved graph: Nodes=80, Removal=65%, Iteration=76
Saved graph: Nodes=80, Removal=75%, Iteration=49
Saved graph: Nodes=80, Removal=80%, Iteration=9
Saved graph: Nodes=80, Removal=70%, Iteration=62
Saved graph: Nodes=80, Removal=80%, Iteration=24
Saved graph: Nodes=80, Removal=75%, Iteration=10
Saved graph: Nodes=80, Removal=70%, Iteration=55
Saved graph: Nodes=80, Removal=65%, Iteration=91
Saved graph: Nodes=80, Removal=75%, Iteration=50
Saved graph: Nodes=80, Removal=70%, Iteration=66
Saved graph: Nodes=80, Removal=80%, Iteration=27
Saved graph: Nodes=80, Removal=65%, Iteration=93
Saved graph: Nodes=80, Removal=80%, Iteration=10
Saved graph: Nodes=80, Removal=75%, Iteration=47
Saved graph: Nodes=80, Removal=70%, Iteration=69
Saved graph: Nodes=80, Removal=65%, Iteration=83
Saved graph: Nodes=80, Removal=70%, Iteration=65
Saved graph: Nodes=80, Removal=75%, Iteration=38
Saved graph: Nodes=80, Removal=80%, Iteration=81
Saved graph: Nodes=80, Removal=65%, Iteration=77
Saved graph: Nodes=80, Removal=80%, Iteration=6
Saved graph: Nodes=80, Removal=75%, Iteration=41
Saved graph: Nodes=80, Removal=65%, Iteration=96
Saved graph: Nodes=80, Removal=80%, Iteration=95
Saved graph: Nodes=80, Removal=70%, Iteration=58
Saved graph: Nodes=80, Removal=75%, Iteration=40
Saved graph: Nodes=80, Removal=85%, Iteration=2
Saved graph: Nodes=80, Removal=65%, Iteration=82
Saved graph: Nodes=80, Removal=80%, Iteration=5
Saved graph: Nodes=80, Removal=75%, Iteration=42
Saved graph: Nodes=80, Removal=70%, Iteration=73
Saved graph: Nodes=80, Removal=85%, Iteration=3
Saved graph: Nodes=80, Removal=80%, Iteration=19
Saved graph: Nodes=80, Removal=65%, Iteration=97
Saved graph: Nodes=80, Removal=75%, Iteration=24
Saved graph: Nodes=80, Removal=70%, Iteration=67
Saved graph: Nodes=80, Removal=85%, Iteration=6
Saved graph: Nodes=80, Removal=80%, Iteration=98
Saved graph: Nodes=80, Removal=75%, Iteration=56
Saved graph: Nodes=80, Removal=85%, Iteration=5
Saved graph: Nodes=80, Removal=65%, Iteration=87
Saved graph: Nodes=80, Removal=80%, Iteration=33
Saved graph: Nodes=80, Removal=65%, Iteration=92
Saved graph: Nodes=80, Removal=70%, Iteration=63
Saved graph: Nodes=80, Removal=85%, Iteration=1
Saved graph: Nodes=80, Removal=75%, Iteration=54
Saved graph: Nodes=80, Removal=80%, Iteration=12
Saved graph: Nodes=80, Removal=65%, Iteration=86
Saved graph: Nodes=80, Removal=75%, Iteration=53
Saved graph: Nodes=80, Removal=70%, Iteration=74
Saved graph: Nodes=80, Removal=85%, Iteration=11
Saved graph: Nodes=80, Removal=80%, Iteration=28
Saved graph: Nodes=80, Removal=70%, Iteration=68
Saved graph: Nodes=80, Removal=65%, Iteration=95
Saved graph: Nodes=80, Removal=75%, Iteration=61
Saved graph: Nodes=80, Removal=70%, Iteration=72
Saved graph: Nodes=80, Removal=80%, Iteration=29
Saved graph: Nodes=80, Removal=65%, Iteration=98
Saved graph: Nodes=80, Removal=85%, Iteration=9
Saved graph: Nodes=80, Removal=75%, Iteration=55
Saved graph: Nodes=80, Removal=70%, Iteration=75
Saved graph: Nodes=80, Removal=80%, Iteration=22
Saved graph: Nodes=80, Removal=75%, Iteration=52
Saved graph: Nodes=80, Removal=85%, Iteration=23
Saved graph: Nodes=80, Removal=65%, Iteration=80
Saved graph: Nodes=80, Removal=80%, Iteration=30
Saved graph: Nodes=80, Removal=70%, Iteration=79
Saved graph: Nodes=80, Removal=65%, Iteration=88
Saved graph: Nodes=80, Removal=85%, Iteration=16
Saved graph: Nodes=80, Removal=80%, Iteration=17
Saved graph: Nodes=80, Removal=75%, Iteration=51
Saved graph: Nodes=80, Removal=65%, Iteration=99
Saved graph: Nodes=80, Removal=70%, Iteration=76
Saved graph: Nodes=80, Removal=85%, Iteration=28
Saved graph: Nodes=80, Removal=75%, Iteration=59
Saved graph: Nodes=80, Removal=65%, Iteration=100
Saved graph: Nodes=80, Removal=70%, Iteration=87
Saved graph: Nodes=80, Removal=80%, Iteration=38
Saved graph: Nodes=80, Removal=85%, Iteration=13
Saved graph: Nodes=80, Removal=65%, Iteration=94
Saved graph: Nodes=80, Removal=85%, Iteration=36
Saved graph: Nodes=80, Removal=75%, Iteration=63
Saved graph: Nodes=80, Removal=80%, Iteration=41
Saved graph: Nodes=80, Removal=70%, Iteration=70
Saved graph: Nodes=80, Removal=85%, Iteration=8
Saved graph: Nodes=80, Removal=75%, Iteration=68
Saved graph: Nodes=80, Removal=80%, Iteration=18
Saved graph: Nodes=80, Removal=70%, Iteration=88
Saved graph: Nodes=80, Removal=85%, Iteration=18
Saved graph: Nodes=80, Removal=75%, Iteration=62
Saved graph: Nodes=80, Removal=80%, Iteration=21
Saved graph: Nodes=80, Removal=85%, Iteration=25
Saved graph: Nodes=80, Removal=80%, Iteration=35
Saved graph: Nodes=80, Removal=70%, Iteration=83
Saved graph: Nodes=80, Removal=75%, Iteration=70
Saved graph: Nodes=80, Removal=85%, Iteration=22
Saved graph: Nodes=80, Removal=70%, Iteration=82
Saved graph: Nodes=80, Removal=75%, Iteration=64
Saved graph: Nodes=80, Removal=80%, Iteration=20
Saved graph: Nodes=80, Removal=70%, Iteration=90
Saved graph: Nodes=80, Removal=85%, Iteration=4
Saved graph: Nodes=80, Removal=80%, Iteration=26
Saved graph: Nodes=80, Removal=75%, Iteration=69
Saved graph: Nodes=80, Removal=70%, Iteration=77
Saved graph: Nodes=80, Removal=75%, Iteration=43
Saved graph: Nodes=80, Removal=85%, Iteration=17
Saved graph: Nodes=80, Removal=70%, Iteration=71
Saved graph: Nodes=80, Removal=80%, Iteration=32
Saved graph: Nodes=80, Removal=80%, Iteration=45
Saved graph: Nodes=80, Removal=75%, Iteration=65
Saved graph: Nodes=80, Removal=85%, Iteration=14
Saved graph: Nodes=80, Removal=70%, Iteration=81
Saved graph: Nodes=80, Removal=70%, Iteration=92
Saved graph: Nodes=80, Removal=75%, Iteration=44
Saved graph: Nodes=80, Removal=85%, Iteration=12
Saved graph: Nodes=80, Removal=80%, Iteration=31
Saved graph: Nodes=80, Removal=75%, Iteration=67
Saved graph: Nodes=80, Removal=85%, Iteration=31
Saved graph: Nodes=80, Removal=70%, Iteration=78
Saved graph: Nodes=80, Removal=80%, Iteration=25
Saved graph: Nodes=80, Removal=70%, Iteration=85
Saved graph: Nodes=80, Removal=85%, Iteration=15
Saved graph: Nodes=80, Removal=75%, Iteration=74
Saved graph: Nodes=80, Removal=80%, Iteration=43
Saved graph: Nodes=80, Removal=85%, Iteration=19
Saved graph: Nodes=80, Removal=70%, Iteration=91
Saved graph: Nodes=80, Removal=75%, Iteration=79
Saved graph: Nodes=80, Removal=80%, Iteration=34
Saved graph: Nodes=80, Removal=85%, Iteration=32
Saved graph: Nodes=80, Removal=70%, Iteration=95
Saved graph: Nodes=80, Removal=85%, Iteration=29
Saved graph: Nodes=80, Removal=75%, Iteration=58
Saved graph: Nodes=80, Removal=80%, Iteration=46
Saved graph: Nodes=80, Removal=70%, Iteration=96
Saved graph: Nodes=80, Removal=80%, Iteration=47
Saved graph: Nodes=80, Removal=85%, Iteration=10
Saved graph: Nodes=80, Removal=75%, Iteration=84
Saved graph: Nodes=80, Removal=70%, Iteration=80
Saved graph: Nodes=80, Removal=85%, Iteration=7
Saved graph: Nodes=80, Removal=75%, Iteration=57
Saved graph: Nodes=80, Removal=80%, Iteration=39
Saved graph: Nodes=80, Removal=70%, Iteration=98
Saved graph: Nodes=80, Removal=85%, Iteration=30
Saved graph: Nodes=80, Removal=75%, Iteration=76
Saved graph: Nodes=80, Removal=70%, Iteration=86
Saved graph: Nodes=80, Removal=80%, Iteration=37
Saved graph: Nodes=80, Removal=85%, Iteration=20
Saved graph: Nodes=80, Removal=80%, Iteration=54
Saved graph: Nodes=80, Removal=85%, Iteration=21
Saved graph: Nodes=80, Removal=75%, Iteration=75
Saved graph: Nodes=80, Removal=70%, Iteration=89
Saved graph: Nodes=80, Removal=75%, Iteration=72
Saved graph: Nodes=80, Removal=80%, Iteration=36
Saved graph: Nodes=80, Removal=85%, Iteration=43
Saved graph: Nodes=80, Removal=70%, Iteration=100
Saved graph: Nodes=80, Removal=80%, Iteration=53
Saved graph: Nodes=80, Removal=75%, Iteration=86
Saved graph: Nodes=80, Removal=85%, Iteration=24
Saved graph: Nodes=80, Removal=80%, Iteration=7
Saved graph: Nodes=80, Removal=70%, Iteration=93
Saved graph: Nodes=80, Removal=85%, Iteration=40
Saved graph: Nodes=80, Removal=70%, Iteration=94
Saved graph: Nodes=80, Removal=75%, Iteration=89
Saved graph: Nodes=80, Removal=80%, Iteration=48
Saved graph: Nodes=80, Removal=85%, Iteration=27
Saved graph: Nodes=80, Removal=75%, Iteration=83
Saved graph: Nodes=80, Removal=80%, Iteration=42
Saved graph: Nodes=80, Removal=70%, Iteration=97
Saved graph: Nodes=80, Removal=85%, Iteration=33
Saved graph: Nodes=80, Removal=80%, Iteration=44
Saved graph: Nodes=80, Removal=75%, Iteration=77
Saved graph: Nodes=80, Removal=85%, Iteration=26
Saved graph: Nodes=80, Removal=75%, Iteration=73
Saved graph: Nodes=80, Removal=80%, Iteration=51
Saved graph: Nodes=80, Removal=85%, Iteration=41
Saved graph: Nodes=80, Removal=75%, Iteration=85
Saved graph: Nodes=80, Removal=85%, Iteration=46
Saved graph: Nodes=80, Removal=80%, Iteration=55
Saved graph: Nodes=80, Removal=75%, Iteration=60
Saved graph: Nodes=80, Removal=80%, Iteration=63
Saved graph: Nodes=80, Removal=85%, Iteration=49
Saved graph: Nodes=80, Removal=75%, Iteration=78
Saved graph: Nodes=80, Removal=80%, Iteration=52
Saved graph: Nodes=80, Removal=85%, Iteration=35
Saved graph: Nodes=80, Removal=75%, Iteration=81
Saved graph: Nodes=80, Removal=80%, Iteration=40
Saved graph: Nodes=80, Removal=85%, Iteration=34
Saved graph: Nodes=80, Removal=75%, Iteration=88
Saved graph: Nodes=80, Removal=80%, Iteration=61
Saved graph: Nodes=80, Removal=85%, Iteration=53
Saved graph: Nodes=80, Removal=75%, Iteration=98
Saved graph: Nodes=80, Removal=80%, Iteration=71
Saved graph: Nodes=80, Removal=85%, Iteration=45
Saved graph: Nodes=80, Removal=75%, Iteration=80
Saved graph: Nodes=80, Removal=85%, Iteration=52
Saved graph: Nodes=80, Removal=75%, Iteration=97
Saved graph: Nodes=80, Removal=80%, Iteration=60
Saved graph: Nodes=80, Removal=75%, Iteration=82
Saved graph: Nodes=80, Removal=85%, Iteration=55
Saved graph: Nodes=80, Removal=80%, Iteration=49
Saved graph: Nodes=80, Removal=75%, Iteration=91
Saved graph: Nodes=80, Removal=85%, Iteration=54
Saved graph: Nodes=80, Removal=75%, Iteration=93
Saved graph: Nodes=80, Removal=80%, Iteration=59
Saved graph: Nodes=80, Removal=85%, Iteration=39
Saved graph: Nodes=80, Removal=75%, Iteration=90
Saved graph: Nodes=80, Removal=80%, Iteration=58
Saved graph: Nodes=80, Removal=85%, Iteration=37
Saved graph: Nodes=80, Removal=75%, Iteration=95
Saved graph: Nodes=80, Removal=85%, Iteration=59
Saved graph: Nodes=80, Removal=80%, Iteration=72
Saved graph: Nodes=80, Removal=75%, Iteration=99
Saved graph: Nodes=80, Removal=85%, Iteration=42
Saved graph: Nodes=80, Removal=75%, Iteration=87
Saved graph: Nodes=80, Removal=80%, Iteration=64
Saved graph: Nodes=80, Removal=85%, Iteration=56
Saved graph: Nodes=80, Removal=80%, Iteration=67
Saved graph: Nodes=80, Removal=80%, Iteration=66
Saved graph: Nodes=80, Removal=80%, Iteration=65
Saved graph: Nodes=80, Removal=85%, Iteration=51
Saved graph: Nodes=80, Removal=80%, Iteration=56
Saved graph: Nodes=80, Removal=85%, Iteration=50
Saved graph: Nodes=80, Removal=80%, Iteration=70
Saved graph: Nodes=80, Removal=85%, Iteration=47
Saved graph: Nodes=80, Removal=80%, Iteration=62
Saved graph: Nodes=80, Removal=85%, Iteration=60
Saved graph: Nodes=80, Removal=80%, Iteration=69
Saved graph: Nodes=80, Removal=85%, Iteration=38
Saved graph: Nodes=80, Removal=80%, Iteration=68
Saved graph: Nodes=80, Removal=85%, Iteration=61
Saved graph: Nodes=80, Removal=80%, Iteration=74
Saved graph: Nodes=80, Removal=80%, Iteration=92
Saved graph: Nodes=80, Removal=85%, Iteration=48
Saved graph: Nodes=80, Removal=80%, Iteration=73
Saved graph: Nodes=80, Removal=85%, Iteration=64
Saved graph: Nodes=80, Removal=80%, Iteration=79
Saved graph: Nodes=80, Removal=80%, Iteration=75
Saved graph: Nodes=80, Removal=85%, Iteration=62
Saved graph: Nodes=80, Removal=80%, Iteration=88
Saved graph: Nodes=80, Removal=85%, Iteration=57
Saved graph: Nodes=80, Removal=80%, Iteration=91
Saved graph: Nodes=80, Removal=85%, Iteration=67
Saved graph: Nodes=80, Removal=80%, Iteration=85
Saved graph: Nodes=80, Removal=85%, Iteration=71
Saved graph: Nodes=80, Removal=80%, Iteration=90
Saved graph: Nodes=80, Removal=85%, Iteration=58
Saved graph: Nodes=80, Removal=80%, Iteration=83
Saved graph: Nodes=80, Removal=85%, Iteration=76
Saved graph: Nodes=80, Removal=80%, Iteration=97
Saved graph: Nodes=80, Removal=80%, Iteration=99
Saved graph: Nodes=80, Removal=85%, Iteration=75
Saved graph: Nodes=80, Removal=80%, Iteration=80
Saved graph: Nodes=80, Removal=85%, Iteration=79
Saved graph: Nodes=80, Removal=80%, Iteration=87
Saved graph: Nodes=80, Removal=85%, Iteration=69
Saved graph: Nodes=80, Removal=80%, Iteration=82
Saved graph: Nodes=80, Removal=80%, Iteration=96
Saved graph: Nodes=80, Removal=85%, Iteration=78
Saved graph: Nodes=80, Removal=85%, Iteration=63
Saved graph: Nodes=80, Removal=80%, Iteration=94
Saved graph: Nodes=80, Removal=85%, Iteration=70
Saved graph: Nodes=80, Removal=80%, Iteration=100
Saved graph: Nodes=80, Removal=80%, Iteration=78
Saved graph: Nodes=80, Removal=85%, Iteration=77
Saved graph: Nodes=80, Removal=80%, Iteration=77
Saved graph: Nodes=80, Removal=80%, Iteration=84
Saved graph: Nodes=80, Removal=85%, Iteration=65
Saved graph: Nodes=80, Removal=80%, Iteration=76
Saved graph: Nodes=80, Removal=85%, Iteration=68
Saved graph: Nodes=80, Removal=85%, Iteration=84
Saved graph: Nodes=80, Removal=85%, Iteration=87
Saved graph: Nodes=80, Removal=85%, Iteration=89
Saved graph: Nodes=80, Removal=85%, Iteration=73
Saved graph: Nodes=80, Removal=85%, Iteration=85
Saved graph: Nodes=80, Removal=85%, Iteration=81
Saved graph: Nodes=80, Removal=85%, Iteration=74
Saved graph: Nodes=80, Removal=85%, Iteration=66
Saved graph: Nodes=80, Removal=85%, Iteration=96
Saved graph: Nodes=80, Removal=85%, Iteration=88
Saved graph: Nodes=80, Removal=85%, Iteration=90
Saved graph: Nodes=80, Removal=85%, Iteration=82
Saved graph: Nodes=80, Removal=85%, Iteration=44
Saved graph: Nodes=80, Removal=85%, Iteration=72
Saved graph: Nodes=80, Removal=85%, Iteration=91
Saved graph: Nodes=80, Removal=85%, Iteration=92
Saved graph: Nodes=80, Removal=85%, Iteration=97
Saved graph: Nodes=80, Removal=85%, Iteration=98
Saved graph: Nodes=80, Removal=85%, Iteration=83
Saved graph: Nodes=80, Removal=85%, Iteration=86
Saved graph: Nodes=80, Removal=85%, Iteration=99
Saved graph: Nodes=80, Removal=85%, Iteration=100
Saved graph: Nodes=80, Removal=85%, Iteration=94
Saved graph: Nodes=80, Removal=85%, Iteration=95
Saved graph: Nodes=80, Removal=85%, Iteration=80
Graph generation complete.
Processing node counts: [80]
Processing removal percentages: [15, 20, 25, 30, 35, 40, 45, 50, 55, 60, 65, 70, 75, 80, 85]
Iterations per combination: 50
Base directory: 'generated_graphs', Output directory: 'mis_results_grouped_v3'
Total tasks to process: 1500
Using 384 parallel processes.
slurmstepd: error: *** JOB 1160894 ON compute-0-01 CANCELLED AT 2025-02-06T23:00:16 ***
