Running job on gpu-5-25
Requested resources:
  - CPUs: 32
  - GPUs: 
  - Memory: 32000
modelTrain_prob.py:229: FutureWarning: You are using `torch.load` with `weights_only=False` (the current default value), which uses the default pickle module implicitly. It is possible to construct malicious pickle data which will execute arbitrary code during unpickling (See https://github.com/pytorch/pytorch/blob/main/SECURITY.md#untrusted-models for more details). In a future release, the default value for `weights_only` will be flipped to `True`. This limits the functions that could be executed during unpickling. Arbitrary objects will no longer be allowed to be loaded via this mode unless they are explicitly allowlisted by the user via `torch.serialization.add_safe_globals`. We recommend you start setting `weights_only=True` for any use case where you don't have full control of the loaded file. Please open an issue on GitHub for any issues related to this experimental feature.
  model.load_state_dict(torch.load(MODEL_SAVE_PATH))
Warning: JSON file 'mis_results_grouped_v3/nodes_80_removal_80percent.json' does not exist. Skipping.
Warning: JSON file 'mis_results_grouped_v3/nodes_80_removal_85percent.json' does not exist. Skipping.
Warning: JSON file 'mis_results_grouped_v3/nodes_85_removal_80percent.json' does not exist. Skipping.
Warning: JSON file 'mis_results_grouped_v3/nodes_85_removal_85percent.json' does not exist. Skipping.
Warning: JSON file 'mis_results_grouped_v3/nodes_90_removal_70percent.json' does not exist. Skipping.
Warning: JSON file 'mis_results_grouped_v3/nodes_90_removal_75percent.json' does not exist. Skipping.
Warning: JSON file 'mis_results_grouped_v3/nodes_90_removal_80percent.json' does not exist. Skipping.
Warning: JSON file 'mis_results_grouped_v3/nodes_90_removal_85percent.json' does not exist. Skipping.
Total JSON files found: 247
Total edgelist directories found: 247
Total graphs in dataset: 24700
Train Dataset Size: 19760
Validation Dataset Size: 4940

Calculating baseline MAE (predicting 0.5 for every node):
Baseline Training MAE: 0.4214
Baseline Validation MAE: 0.4210
Epoch 001 | Train Loss: 0.4280 | Validation Loss: 0.4271 | Validation MAE: 0.1808
Epoch 002 | Train Loss: 0.4233 | Validation Loss: 0.4200 | Validation MAE: 0.1967
Epoch 003 | Train Loss: 0.4214 | Validation Loss: 0.4181 | Validation MAE: 0.1918
Epoch 004 | Train Loss: 0.4189 | Validation Loss: 0.4161 | Validation MAE: 0.1885
Epoch 005 | Train Loss: 0.4161 | Validation Loss: 0.4122 | Validation MAE: 0.1921
Epoch 006 | Train Loss: 0.4130 | Validation Loss: 0.4123 | Validation MAE: 0.1912
Epoch 007 | Train Loss: 0.4130 | Validation Loss: 0.4099 | Validation MAE: 0.1910
Epoch 008 | Train Loss: 0.4103 | Validation Loss: 0.4075 | Validation MAE: 0.1862
Epoch 009 | Train Loss: 0.4076 | Validation Loss: 0.4046 | Validation MAE: 0.1883
Epoch 010 | Train Loss: 0.4045 | Validation Loss: 0.4013 | Validation MAE: 0.1824
Epoch 011 | Train Loss: 0.4005 | Validation Loss: 0.3953 | Validation MAE: 0.1843
Epoch 012 | Train Loss: 0.3922 | Validation Loss: 0.3858 | Validation MAE: 0.1856
Epoch 013 | Train Loss: 0.3795 | Validation Loss: 0.3715 | Validation MAE: 0.1728
Epoch 014 | Train Loss: 0.3674 | Validation Loss: 0.3616 | Validation MAE: 0.1609
Epoch 015 | Train Loss: 0.3611 | Validation Loss: 0.3575 | Validation MAE: 0.1601
Epoch 016 | Train Loss: 0.3571 | Validation Loss: 0.3547 | Validation MAE: 0.1599
Epoch 017 | Train Loss: 0.3542 | Validation Loss: 0.3509 | Validation MAE: 0.1513
Epoch 018 | Train Loss: 0.3514 | Validation Loss: 0.3491 | Validation MAE: 0.1467
Epoch 019 | Train Loss: 0.3496 | Validation Loss: 0.3476 | Validation MAE: 0.1442
Epoch 020 | Train Loss: 0.3477 | Validation Loss: 0.3450 | Validation MAE: 0.1512
Epoch 021 | Train Loss: 0.3461 | Validation Loss: 0.3431 | Validation MAE: 0.1450
Epoch 022 | Train Loss: 0.3445 | Validation Loss: 0.3466 | Validation MAE: 0.1585
Epoch 023 | Train Loss: 0.3437 | Validation Loss: 0.3424 | Validation MAE: 0.1392
Epoch 024 | Train Loss: 0.3426 | Validation Loss: 0.3468 | Validation MAE: 0.1352
Epoch 025 | Train Loss: 0.3416 | Validation Loss: 0.3391 | Validation MAE: 0.1462
Epoch 026 | Train Loss: 0.3407 | Validation Loss: 0.3388 | Validation MAE: 0.1385
Epoch 027 | Train Loss: 0.3403 | Validation Loss: 0.3373 | Validation MAE: 0.1409
Epoch 028 | Train Loss: 0.3398 | Validation Loss: 0.3415 | Validation MAE: 0.1536
Epoch 029 | Train Loss: 0.3383 | Validation Loss: 0.3365 | Validation MAE: 0.1384
Epoch 030 | Train Loss: 0.3386 | Validation Loss: 0.3380 | Validation MAE: 0.1350
Epoch 031 | Train Loss: 0.3381 | Validation Loss: 0.3408 | Validation MAE: 0.1327
Epoch 032 | Train Loss: 0.3384 | Validation Loss: 0.3351 | Validation MAE: 0.1414
Epoch 033 | Train Loss: 0.3371 | Validation Loss: 0.3348 | Validation MAE: 0.1379
Epoch 034 | Train Loss: 0.3372 | Validation Loss: 0.3373 | Validation MAE: 0.1331
Epoch 035 | Train Loss: 0.3366 | Validation Loss: 0.3408 | Validation MAE: 0.1309
Epoch 036 | Train Loss: 0.3365 | Validation Loss: 0.3366 | Validation MAE: 0.1329
Epoch 037 | Train Loss: 0.3362 | Validation Loss: 0.3343 | Validation MAE: 0.1350
Epoch 038 | Train Loss: 0.3360 | Validation Loss: 0.3358 | Validation MAE: 0.1460
Epoch 039 | Train Loss: 0.3357 | Validation Loss: 0.3340 | Validation MAE: 0.1420
Epoch 040 | Train Loss: 0.3357 | Validation Loss: 0.3330 | Validation MAE: 0.1383
Epoch 041 | Train Loss: 0.3357 | Validation Loss: 0.3353 | Validation MAE: 0.1457
Epoch 042 | Train Loss: 0.3356 | Validation Loss: 0.3376 | Validation MAE: 0.1304
Epoch 043 | Train Loss: 0.3347 | Validation Loss: 0.3330 | Validation MAE: 0.1342
Epoch 044 | Train Loss: 0.3349 | Validation Loss: 0.3323 | Validation MAE: 0.1374
Epoch 045 | Train Loss: 0.3356 | Validation Loss: 0.3331 | Validation MAE: 0.1340
Epoch 046 | Train Loss: 0.3350 | Validation Loss: 0.3323 | Validation MAE: 0.1355
Epoch 047 | Train Loss: 0.3343 | Validation Loss: 0.3323 | Validation MAE: 0.1394
Epoch 048 | Train Loss: 0.3342 | Validation Loss: 0.3319 | Validation MAE: 0.1377
Epoch 049 | Train Loss: 0.3347 | Validation Loss: 0.3320 | Validation MAE: 0.1374
Epoch 050 | Train Loss: 0.3339 | Validation Loss: 0.3464 | Validation MAE: 0.1618
Epoch 051 | Train Loss: 0.3339 | Validation Loss: 0.3357 | Validation MAE: 0.1473
Epoch 052 | Train Loss: 0.3341 | Validation Loss: 0.3319 | Validation MAE: 0.1332
Epoch 053 | Train Loss: 0.3337 | Validation Loss: 0.3316 | Validation MAE: 0.1356
Epoch 054 | Train Loss: 0.3338 | Validation Loss: 0.3318 | Validation MAE: 0.1395
Epoch 055 | Train Loss: 0.3341 | Validation Loss: 0.3313 | Validation MAE: 0.1356
Epoch 056 | Train Loss: 0.3336 | Validation Loss: 0.3317 | Validation MAE: 0.1325
Epoch 057 | Train Loss: 0.3335 | Validation Loss: 0.3322 | Validation MAE: 0.1411
Epoch 058 | Train Loss: 0.3335 | Validation Loss: 0.3311 | Validation MAE: 0.1379
Epoch 059 | Train Loss: 0.3331 | Validation Loss: 0.3320 | Validation MAE: 0.1317
Epoch 060 | Train Loss: 0.3335 | Validation Loss: 0.3340 | Validation MAE: 0.1298
Epoch 061 | Train Loss: 0.3327 | Validation Loss: 0.3309 | Validation MAE: 0.1375
Epoch 062 | Train Loss: 0.3336 | Validation Loss: 0.3432 | Validation MAE: 0.1578
Epoch 063 | Train Loss: 0.3324 | Validation Loss: 0.3313 | Validation MAE: 0.1396
Epoch 064 | Train Loss: 0.3328 | Validation Loss: 0.3335 | Validation MAE: 0.1440
Epoch 065 | Train Loss: 0.3327 | Validation Loss: 0.3306 | Validation MAE: 0.1330
Epoch 066 | Train Loss: 0.3328 | Validation Loss: 0.3317 | Validation MAE: 0.1407
Epoch 067 | Train Loss: 0.3331 | Validation Loss: 0.3304 | Validation MAE: 0.1339
Epoch 068 | Train Loss: 0.3322 | Validation Loss: 0.3313 | Validation MAE: 0.1308
Epoch 069 | Train Loss: 0.3331 | Validation Loss: 0.3305 | Validation MAE: 0.1329
Epoch 070 | Train Loss: 0.3328 | Validation Loss: 0.3303 | Validation MAE: 0.1330
Epoch 071 | Train Loss: 0.3325 | Validation Loss: 0.3413 | Validation MAE: 0.1555
Epoch 072 | Train Loss: 0.3323 | Validation Loss: 0.3307 | Validation MAE: 0.1311
Epoch 073 | Train Loss: 0.3323 | Validation Loss: 0.3322 | Validation MAE: 0.1293
Epoch 074 | Train Loss: 0.3327 | Validation Loss: 0.3309 | Validation MAE: 0.1310
Epoch 075 | Train Loss: 0.3318 | Validation Loss: 0.3298 | Validation MAE: 0.1336
Epoch 076 | Train Loss: 0.3322 | Validation Loss: 0.3307 | Validation MAE: 0.1317
Epoch 077 | Train Loss: 0.3321 | Validation Loss: 0.3297 | Validation MAE: 0.1355
Epoch 078 | Train Loss: 0.3321 | Validation Loss: 0.3296 | Validation MAE: 0.1341
Epoch 079 | Train Loss: 0.3320 | Validation Loss: 0.3324 | Validation MAE: 0.1429
Epoch 080 | Train Loss: 0.3321 | Validation Loss: 0.3303 | Validation MAE: 0.1385
Epoch 081 | Train Loss: 0.3313 | Validation Loss: 0.3316 | Validation MAE: 0.1413
Epoch 082 | Train Loss: 0.3319 | Validation Loss: 0.3313 | Validation MAE: 0.1292
Epoch 083 | Train Loss: 0.3316 | Validation Loss: 0.3325 | Validation MAE: 0.1434
Epoch 084 | Train Loss: 0.3316 | Validation Loss: 0.3302 | Validation MAE: 0.1306
Epoch 085 | Train Loss: 0.3314 | Validation Loss: 0.3298 | Validation MAE: 0.1313
Epoch 086 | Train Loss: 0.3322 | Validation Loss: 0.3293 | Validation MAE: 0.1348
Epoch 087 | Train Loss: 0.3317 | Validation Loss: 0.3331 | Validation MAE: 0.1447
Epoch 088 | Train Loss: 0.3312 | Validation Loss: 0.3398 | Validation MAE: 0.1536
Epoch 089 | Train Loss: 0.3313 | Validation Loss: 0.3312 | Validation MAE: 0.1289
Epoch 090 | Train Loss: 0.3314 | Validation Loss: 0.3309 | Validation MAE: 0.1405
Epoch 091 | Train Loss: 0.3314 | Validation Loss: 0.3328 | Validation MAE: 0.1277
Epoch 092 | Train Loss: 0.3311 | Validation Loss: 0.3301 | Validation MAE: 0.1298
Epoch 093 | Train Loss: 0.3316 | Validation Loss: 0.3300 | Validation MAE: 0.1316
Epoch 094 | Train Loss: 0.3315 | Validation Loss: 0.3291 | Validation MAE: 0.1318
Epoch 095 | Train Loss: 0.3312 | Validation Loss: 0.3293 | Validation MAE: 0.1364
Epoch 096 | Train Loss: 0.3311 | Validation Loss: 0.3339 | Validation MAE: 0.1458
Epoch 097 | Train Loss: 0.3306 | Validation Loss: 0.3307 | Validation MAE: 0.1286
Epoch 098 | Train Loss: 0.3310 | Validation Loss: 0.3302 | Validation MAE: 0.1291
Epoch 099 | Train Loss: 0.3307 | Validation Loss: 0.3292 | Validation MAE: 0.1309
Epoch 100 | Train Loss: 0.3311 | Validation Loss: 0.3400 | Validation MAE: 0.1543
Epoch 101 | Train Loss: 0.3313 | Validation Loss: 0.3289 | Validation MAE: 0.1323
Epoch 102 | Train Loss: 0.3306 | Validation Loss: 0.3289 | Validation MAE: 0.1316
Epoch 103 | Train Loss: 0.3311 | Validation Loss: 0.3288 | Validation MAE: 0.1319
Epoch 104 | Train Loss: 0.3309 | Validation Loss: 0.3295 | Validation MAE: 0.1375
Epoch 105 | Train Loss: 0.3313 | Validation Loss: 0.3292 | Validation MAE: 0.1366
Epoch 106 | Train Loss: 0.3308 | Validation Loss: 0.3313 | Validation MAE: 0.1278
Epoch 107 | Train Loss: 0.3309 | Validation Loss: 0.3306 | Validation MAE: 0.1284
Epoch 108 | Train Loss: 0.3304 | Validation Loss: 0.3297 | Validation MAE: 0.1385
Epoch 109 | Train Loss: 0.3309 | Validation Loss: 0.3291 | Validation MAE: 0.1367
Epoch 110 | Train Loss: 0.3307 | Validation Loss: 0.3294 | Validation MAE: 0.1376
Epoch 111 | Train Loss: 0.3312 | Validation Loss: 0.3303 | Validation MAE: 0.1287
Epoch 112 | Train Loss: 0.3304 | Validation Loss: 0.3349 | Validation MAE: 0.1476
Epoch 113 | Train Loss: 0.3303 | Validation Loss: 0.3296 | Validation MAE: 0.1384
Epoch 114 | Train Loss: 0.3307 | Validation Loss: 0.3310 | Validation MAE: 0.1286
Epoch 115 | Train Loss: 0.3306 | Validation Loss: 0.3299 | Validation MAE: 0.1390
Epoch 116 | Train Loss: 0.3308 | Validation Loss: 0.3318 | Validation MAE: 0.1272
Epoch 117 | Train Loss: 0.3306 | Validation Loss: 0.3287 | Validation MAE: 0.1350
Epoch 118 | Train Loss: 0.3304 | Validation Loss: 0.3282 | Validation MAE: 0.1336
Epoch 119 | Train Loss: 0.3307 | Validation Loss: 0.3283 | Validation MAE: 0.1316
Epoch 120 | Train Loss: 0.3302 | Validation Loss: 0.3286 | Validation MAE: 0.1355
Epoch 121 | Train Loss: 0.3302 | Validation Loss: 0.3295 | Validation MAE: 0.1285
Epoch 122 | Train Loss: 0.3304 | Validation Loss: 0.3324 | Validation MAE: 0.1438
Epoch 123 | Train Loss: 0.3302 | Validation Loss: 0.3349 | Validation MAE: 0.1252
Epoch 124 | Train Loss: 0.3307 | Validation Loss: 0.3293 | Validation MAE: 0.1288
Epoch 125 | Train Loss: 0.3307 | Validation Loss: 0.3292 | Validation MAE: 0.1377
Epoch 126 | Train Loss: 0.3304 | Validation Loss: 0.3287 | Validation MAE: 0.1362
Epoch 127 | Train Loss: 0.3301 | Validation Loss: 0.3410 | Validation MAE: 0.1556
Epoch 128 | Train Loss: 0.3311 | Validation Loss: 0.3297 | Validation MAE: 0.1289
Epoch 129 | Train Loss: 0.3303 | Validation Loss: 0.3286 | Validation MAE: 0.1356
Epoch 130 | Train Loss: 0.3303 | Validation Loss: 0.3281 | Validation MAE: 0.1333
Epoch 131 | Train Loss: 0.3311 | Validation Loss: 0.3286 | Validation MAE: 0.1306
Epoch 132 | Train Loss: 0.3304 | Validation Loss: 0.3285 | Validation MAE: 0.1306
Epoch 133 | Train Loss: 0.3304 | Validation Loss: 0.3283 | Validation MAE: 0.1308
Epoch 134 | Train Loss: 0.3303 | Validation Loss: 0.3319 | Validation MAE: 0.1431
Epoch 135 | Train Loss: 0.3304 | Validation Loss: 0.3282 | Validation MAE: 0.1306
Epoch 136 | Train Loss: 0.3302 | Validation Loss: 0.3282 | Validation MAE: 0.1309
Epoch 137 | Train Loss: 0.3305 | Validation Loss: 0.3282 | Validation MAE: 0.1312
Epoch 138 | Train Loss: 0.3301 | Validation Loss: 0.3283 | Validation MAE: 0.1306
Epoch 139 | Train Loss: 0.3304 | Validation Loss: 0.3297 | Validation MAE: 0.1388
Epoch 140 | Train Loss: 0.3298 | Validation Loss: 0.3285 | Validation MAE: 0.1295
Epoch 141 | Train Loss: 0.3302 | Validation Loss: 0.3288 | Validation MAE: 0.1290
Epoch 142 | Train Loss: 0.3303 | Validation Loss: 0.3281 | Validation MAE: 0.1335
Epoch 143 | Train Loss: 0.3304 | Validation Loss: 0.3306 | Validation MAE: 0.1405
Epoch 144 | Train Loss: 0.3302 | Validation Loss: 0.3286 | Validation MAE: 0.1361
Epoch 145 | Train Loss: 0.3298 | Validation Loss: 0.3318 | Validation MAE: 0.1429
Epoch 146 | Train Loss: 0.3305 | Validation Loss: 0.3340 | Validation MAE: 0.1463
Epoch 147 | Train Loss: 0.3303 | Validation Loss: 0.3285 | Validation MAE: 0.1359
Epoch 148 | Train Loss: 0.3299 | Validation Loss: 0.3283 | Validation MAE: 0.1301
Epoch 149 | Train Loss: 0.3304 | Validation Loss: 0.3308 | Validation MAE: 0.1412
Epoch 150 | Train Loss: 0.3298 | Validation Loss: 0.3282 | Validation MAE: 0.1345
Epoch 151 | Train Loss: 0.3298 | Validation Loss: 0.3324 | Validation MAE: 0.1438
Epoch 152 | Train Loss: 0.3297 | Validation Loss: 0.3282 | Validation MAE: 0.1296
Epoch 153 | Train Loss: 0.3302 | Validation Loss: 0.3310 | Validation MAE: 0.1415
Epoch 154 | Train Loss: 0.3301 | Validation Loss: 0.3286 | Validation MAE: 0.1290
Epoch 155 | Train Loss: 0.3299 | Validation Loss: 0.3342 | Validation MAE: 0.1468
Epoch 156 | Train Loss: 0.3301 | Validation Loss: 0.3277 | Validation MAE: 0.1314
Epoch 157 | Train Loss: 0.3302 | Validation Loss: 0.3303 | Validation MAE: 0.1274
Epoch 158 | Train Loss: 0.3301 | Validation Loss: 0.3315 | Validation MAE: 0.1422
Epoch 159 | Train Loss: 0.3298 | Validation Loss: 0.3278 | Validation MAE: 0.1317
Epoch 160 | Train Loss: 0.3297 | Validation Loss: 0.3282 | Validation MAE: 0.1307
Epoch 161 | Train Loss: 0.3302 | Validation Loss: 0.3286 | Validation MAE: 0.1294
Epoch 162 | Train Loss: 0.3301 | Validation Loss: 0.3281 | Validation MAE: 0.1348
Epoch 163 | Train Loss: 0.3301 | Validation Loss: 0.3281 | Validation MAE: 0.1345
Epoch 164 | Train Loss: 0.3299 | Validation Loss: 0.3290 | Validation MAE: 0.1374
Epoch 165 | Train Loss: 0.3297 | Validation Loss: 0.3286 | Validation MAE: 0.1288
Epoch 166 | Train Loss: 0.3300 | Validation Loss: 0.3308 | Validation MAE: 0.1410
Epoch 167 | Train Loss: 0.3298 | Validation Loss: 0.3307 | Validation MAE: 0.1410
Epoch 168 | Train Loss: 0.3302 | Validation Loss: 0.3279 | Validation MAE: 0.1301
Epoch 169 | Train Loss: 0.3298 | Validation Loss: 0.3278 | Validation MAE: 0.1315
Epoch 170 | Train Loss: 0.3300 | Validation Loss: 0.3307 | Validation MAE: 0.1409
Epoch 171 | Train Loss: 0.3297 | Validation Loss: 0.3285 | Validation MAE: 0.1363
Epoch 172 | Train Loss: 0.3298 | Validation Loss: 0.3298 | Validation MAE: 0.1392
Epoch 173 | Train Loss: 0.3297 | Validation Loss: 0.3277 | Validation MAE: 0.1307
Epoch 174 | Train Loss: 0.3301 | Validation Loss: 0.3292 | Validation MAE: 0.1283
Epoch 175 | Train Loss: 0.3298 | Validation Loss: 0.3306 | Validation MAE: 0.1409
Epoch 176 | Train Loss: 0.3299 | Validation Loss: 0.3306 | Validation MAE: 0.1260
Epoch 177 | Train Loss: 0.3303 | Validation Loss: 0.3307 | Validation MAE: 0.1266
Epoch 178 | Train Loss: 0.3303 | Validation Loss: 0.3296 | Validation MAE: 0.1277
Epoch 179 | Train Loss: 0.3299 | Validation Loss: 0.3278 | Validation MAE: 0.1323
Epoch 180 | Train Loss: 0.3300 | Validation Loss: 0.3284 | Validation MAE: 0.1360
Epoch 181 | Train Loss: 0.3298 | Validation Loss: 0.3297 | Validation MAE: 0.1272
Epoch 182 | Train Loss: 0.3299 | Validation Loss: 0.3282 | Validation MAE: 0.1308
Epoch 183 | Train Loss: 0.3301 | Validation Loss: 0.3294 | Validation MAE: 0.1383
Epoch 184 | Train Loss: 0.3297 | Validation Loss: 0.3306 | Validation MAE: 0.1407
Epoch 185 | Train Loss: 0.3298 | Validation Loss: 0.3278 | Validation MAE: 0.1332
Epoch 186 | Train Loss: 0.3298 | Validation Loss: 0.3361 | Validation MAE: 0.1490
Epoch 187 | Train Loss: 0.3294 | Validation Loss: 0.3280 | Validation MAE: 0.1339
Epoch 188 | Train Loss: 0.3297 | Validation Loss: 0.3280 | Validation MAE: 0.1347
Epoch 189 | Train Loss: 0.3301 | Validation Loss: 0.3300 | Validation MAE: 0.1387
Epoch 190 | Train Loss: 0.3294 | Validation Loss: 0.3316 | Validation MAE: 0.1256
Epoch 191 | Train Loss: 0.3297 | Validation Loss: 0.3278 | Validation MAE: 0.1297
Epoch 192 | Train Loss: 0.3304 | Validation Loss: 0.3354 | Validation MAE: 0.1480
Epoch 193 | Train Loss: 0.3295 | Validation Loss: 0.3275 | Validation MAE: 0.1311
Epoch 194 | Train Loss: 0.3295 | Validation Loss: 0.3279 | Validation MAE: 0.1299
Epoch 195 | Train Loss: 0.3295 | Validation Loss: 0.3283 | Validation MAE: 0.1283
Epoch 196 | Train Loss: 0.3298 | Validation Loss: 0.3275 | Validation MAE: 0.1315
Epoch 197 | Train Loss: 0.3297 | Validation Loss: 0.3281 | Validation MAE: 0.1304
Epoch 198 | Train Loss: 0.3298 | Validation Loss: 0.3352 | Validation MAE: 0.1475
Epoch 199 | Train Loss: 0.3299 | Validation Loss: 0.3281 | Validation MAE: 0.1289
Epoch 200 | Train Loss: 0.3299 | Validation Loss: 0.3283 | Validation MAE: 0.1291
Epoch 201 | Train Loss: 0.3294 | Validation Loss: 0.3275 | Validation MAE: 0.1329
Epoch 202 | Train Loss: 0.3297 | Validation Loss: 0.3405 | Validation MAE: 0.1229
Epoch 203 | Train Loss: 0.3295 | Validation Loss: 0.3305 | Validation MAE: 0.1260
Epoch 204 | Train Loss: 0.3298 | Validation Loss: 0.3279 | Validation MAE: 0.1349
Epoch 205 | Train Loss: 0.3293 | Validation Loss: 0.3515 | Validation MAE: 0.1672
Epoch 206 | Train Loss: 0.3297 | Validation Loss: 0.3279 | Validation MAE: 0.1290
Epoch 207 | Train Loss: 0.3296 | Validation Loss: 0.3358 | Validation MAE: 0.1238
Epoch 208 | Train Loss: 0.3291 | Validation Loss: 0.3273 | Validation MAE: 0.1302
Epoch 209 | Train Loss: 0.3294 | Validation Loss: 0.3309 | Validation MAE: 0.1413
Epoch 210 | Train Loss: 0.3295 | Validation Loss: 0.3285 | Validation MAE: 0.1370
Epoch 211 | Train Loss: 0.3299 | Validation Loss: 0.3291 | Validation MAE: 0.1380
Epoch 212 | Train Loss: 0.3296 | Validation Loss: 0.3275 | Validation MAE: 0.1322
Epoch 213 | Train Loss: 0.3297 | Validation Loss: 0.3274 | Validation MAE: 0.1304
Epoch 214 | Train Loss: 0.3295 | Validation Loss: 0.3272 | Validation MAE: 0.1320
Epoch 215 | Train Loss: 0.3292 | Validation Loss: 0.3273 | Validation MAE: 0.1296
Epoch 216 | Train Loss: 0.3291 | Validation Loss: 0.3282 | Validation MAE: 0.1278
Epoch 217 | Train Loss: 0.3293 | Validation Loss: 0.3271 | Validation MAE: 0.1318
Epoch 218 | Train Loss: 0.3290 | Validation Loss: 0.3274 | Validation MAE: 0.1333
Epoch 219 | Train Loss: 0.3292 | Validation Loss: 0.3277 | Validation MAE: 0.1348
Epoch 220 | Train Loss: 0.3292 | Validation Loss: 0.3286 | Validation MAE: 0.1277
Epoch 221 | Train Loss: 0.3293 | Validation Loss: 0.3280 | Validation MAE: 0.1280
Epoch 222 | Train Loss: 0.3290 | Validation Loss: 0.3271 | Validation MAE: 0.1319
Epoch 223 | Train Loss: 0.3292 | Validation Loss: 0.3271 | Validation MAE: 0.1298
Epoch 224 | Train Loss: 0.3293 | Validation Loss: 0.3340 | Validation MAE: 0.1241
Epoch 225 | Train Loss: 0.3295 | Validation Loss: 0.3272 | Validation MAE: 0.1326
Epoch 226 | Train Loss: 0.3290 | Validation Loss: 0.3272 | Validation MAE: 0.1329
Epoch 227 | Train Loss: 0.3289 | Validation Loss: 0.3283 | Validation MAE: 0.1276
Epoch 228 | Train Loss: 0.3293 | Validation Loss: 0.3274 | Validation MAE: 0.1341
Epoch 229 | Train Loss: 0.3295 | Validation Loss: 0.3277 | Validation MAE: 0.1344
Epoch 230 | Train Loss: 0.3289 | Validation Loss: 0.3309 | Validation MAE: 0.1255
Epoch 231 | Train Loss: 0.3293 | Validation Loss: 0.3269 | Validation MAE: 0.1309
Epoch 232 | Train Loss: 0.3287 | Validation Loss: 0.3283 | Validation MAE: 0.1366
Epoch 233 | Train Loss: 0.3293 | Validation Loss: 0.3280 | Validation MAE: 0.1362
Epoch 234 | Train Loss: 0.3291 | Validation Loss: 0.3305 | Validation MAE: 0.1404
Epoch 235 | Train Loss: 0.3289 | Validation Loss: 0.3299 | Validation MAE: 0.1256
Epoch 236 | Train Loss: 0.3290 | Validation Loss: 0.3271 | Validation MAE: 0.1325
Epoch 237 | Train Loss: 0.3290 | Validation Loss: 0.3276 | Validation MAE: 0.1278
Epoch 238 | Train Loss: 0.3288 | Validation Loss: 0.3288 | Validation MAE: 0.1263
Epoch 239 | Train Loss: 0.3288 | Validation Loss: 0.3279 | Validation MAE: 0.1273
Epoch 240 | Train Loss: 0.3288 | Validation Loss: 0.3328 | Validation MAE: 0.1448
Epoch 241 | Train Loss: 0.3288 | Validation Loss: 0.3272 | Validation MAE: 0.1336
Epoch 242 | Train Loss: 0.3290 | Validation Loss: 0.3271 | Validation MAE: 0.1323
Epoch 243 | Train Loss: 0.3286 | Validation Loss: 0.3306 | Validation MAE: 0.1254
Epoch 244 | Train Loss: 0.3290 | Validation Loss: 0.3271 | Validation MAE: 0.1336
Epoch 245 | Train Loss: 0.3287 | Validation Loss: 0.3290 | Validation MAE: 0.1264
Epoch 246 | Train Loss: 0.3287 | Validation Loss: 0.3298 | Validation MAE: 0.1401
Epoch 247 | Train Loss: 0.3288 | Validation Loss: 0.3269 | Validation MAE: 0.1309
Epoch 248 | Train Loss: 0.3288 | Validation Loss: 0.3288 | Validation MAE: 0.1267
Epoch 249 | Train Loss: 0.3286 | Validation Loss: 0.3276 | Validation MAE: 0.1277
Epoch 250 | Train Loss: 0.3285 | Validation Loss: 0.3266 | Validation MAE: 0.1314
Epoch 251 | Train Loss: 0.3289 | Validation Loss: 0.3287 | Validation MAE: 0.1265
Epoch 252 | Train Loss: 0.3287 | Validation Loss: 0.3269 | Validation MAE: 0.1301
Epoch 253 | Train Loss: 0.3291 | Validation Loss: 0.3276 | Validation MAE: 0.1274
Epoch 254 | Train Loss: 0.3288 | Validation Loss: 0.3267 | Validation MAE: 0.1315
Epoch 255 | Train Loss: 0.3289 | Validation Loss: 0.3267 | Validation MAE: 0.1320
Epoch 256 | Train Loss: 0.3287 | Validation Loss: 0.3266 | Validation MAE: 0.1300
Epoch 257 | Train Loss: 0.3290 | Validation Loss: 0.3270 | Validation MAE: 0.1337
Epoch 258 | Train Loss: 0.3284 | Validation Loss: 0.3274 | Validation MAE: 0.1279
Epoch 259 | Train Loss: 0.3284 | Validation Loss: 0.3267 | Validation MAE: 0.1293
Epoch 260 | Train Loss: 0.3285 | Validation Loss: 0.3310 | Validation MAE: 0.1247
Epoch 261 | Train Loss: 0.3284 | Validation Loss: 0.3265 | Validation MAE: 0.1313
Epoch 262 | Train Loss: 0.3290 | Validation Loss: 0.3267 | Validation MAE: 0.1323
Epoch 263 | Train Loss: 0.3286 | Validation Loss: 0.3326 | Validation MAE: 0.1247
Epoch 264 | Train Loss: 0.3284 | Validation Loss: 0.3306 | Validation MAE: 0.1256
Epoch 265 | Train Loss: 0.3283 | Validation Loss: 0.3275 | Validation MAE: 0.1358
Epoch 266 | Train Loss: 0.3284 | Validation Loss: 0.3332 | Validation MAE: 0.1240
Epoch 267 | Train Loss: 0.3285 | Validation Loss: 0.3322 | Validation MAE: 0.1241
Epoch 268 | Train Loss: 0.3284 | Validation Loss: 0.3335 | Validation MAE: 0.1461
Epoch 269 | Train Loss: 0.3287 | Validation Loss: 0.3281 | Validation MAE: 0.1270
Epoch 270 | Train Loss: 0.3287 | Validation Loss: 0.3268 | Validation MAE: 0.1292
Epoch 271 | Train Loss: 0.3287 | Validation Loss: 0.3265 | Validation MAE: 0.1304
Epoch 272 | Train Loss: 0.3288 | Validation Loss: 0.3266 | Validation MAE: 0.1303
Epoch 273 | Train Loss: 0.3283 | Validation Loss: 0.3330 | Validation MAE: 0.1236
Epoch 274 | Train Loss: 0.3293 | Validation Loss: 0.3270 | Validation MAE: 0.1282
Epoch 275 | Train Loss: 0.3283 | Validation Loss: 0.3265 | Validation MAE: 0.1299
Epoch 276 | Train Loss: 0.3285 | Validation Loss: 0.3307 | Validation MAE: 0.1420
Epoch 277 | Train Loss: 0.3291 | Validation Loss: 0.3284 | Validation MAE: 0.1379
Epoch 278 | Train Loss: 0.3283 | Validation Loss: 0.3277 | Validation MAE: 0.1362
Epoch 279 | Train Loss: 0.3284 | Validation Loss: 0.3270 | Validation MAE: 0.1283
Epoch 280 | Train Loss: 0.3282 | Validation Loss: 0.3264 | Validation MAE: 0.1308
Epoch 281 | Train Loss: 0.3283 | Validation Loss: 0.3277 | Validation MAE: 0.1362
Epoch 282 | Train Loss: 0.3285 | Validation Loss: 0.3277 | Validation MAE: 0.1268
Epoch 283 | Train Loss: 0.3285 | Validation Loss: 0.3267 | Validation MAE: 0.1331
Epoch 284 | Train Loss: 0.3282 | Validation Loss: 0.3335 | Validation MAE: 0.1234
Epoch 285 | Train Loss: 0.3284 | Validation Loss: 0.3264 | Validation MAE: 0.1315
Epoch 286 | Train Loss: 0.3289 | Validation Loss: 0.3273 | Validation MAE: 0.1349
Epoch 287 | Train Loss: 0.3282 | Validation Loss: 0.3264 | Validation MAE: 0.1314
Epoch 288 | Train Loss: 0.3284 | Validation Loss: 0.3278 | Validation MAE: 0.1364
Epoch 289 | Train Loss: 0.3280 | Validation Loss: 0.3265 | Validation MAE: 0.1290
Epoch 290 | Train Loss: 0.3283 | Validation Loss: 0.3285 | Validation MAE: 0.1379
Epoch 291 | Train Loss: 0.3287 | Validation Loss: 0.3266 | Validation MAE: 0.1330
Epoch 292 | Train Loss: 0.3284 | Validation Loss: 0.3263 | Validation MAE: 0.1310
Epoch 293 | Train Loss: 0.3280 | Validation Loss: 0.3263 | Validation MAE: 0.1314
Epoch 294 | Train Loss: 0.3281 | Validation Loss: 0.3264 | Validation MAE: 0.1320
Epoch 295 | Train Loss: 0.3284 | Validation Loss: 0.3280 | Validation MAE: 0.1372
Epoch 296 | Train Loss: 0.3277 | Validation Loss: 0.3302 | Validation MAE: 0.1247
Epoch 297 | Train Loss: 0.3288 | Validation Loss: 0.3269 | Validation MAE: 0.1327
Epoch 298 | Train Loss: 0.3284 | Validation Loss: 0.3277 | Validation MAE: 0.1361
Epoch 299 | Train Loss: 0.3282 | Validation Loss: 0.3264 | Validation MAE: 0.1306
Epoch 300 | Train Loss: 0.3282 | Validation Loss: 0.3264 | Validation MAE: 0.1287
Epoch 301 | Train Loss: 0.3283 | Validation Loss: 0.3265 | Validation MAE: 0.1286
Epoch 302 | Train Loss: 0.3286 | Validation Loss: 0.3278 | Validation MAE: 0.1269
Epoch 303 | Train Loss: 0.3280 | Validation Loss: 0.3265 | Validation MAE: 0.1327
Epoch 304 | Train Loss: 0.3279 | Validation Loss: 0.3268 | Validation MAE: 0.1340
Epoch 305 | Train Loss: 0.3280 | Validation Loss: 0.3266 | Validation MAE: 0.1337
Epoch 306 | Train Loss: 0.3282 | Validation Loss: 0.3263 | Validation MAE: 0.1299
Epoch 307 | Train Loss: 0.3287 | Validation Loss: 0.3265 | Validation MAE: 0.1325
Epoch 308 | Train Loss: 0.3278 | Validation Loss: 0.3361 | Validation MAE: 0.1225
Epoch 309 | Train Loss: 0.3280 | Validation Loss: 0.3263 | Validation MAE: 0.1303
Epoch 310 | Train Loss: 0.3280 | Validation Loss: 0.3266 | Validation MAE: 0.1337
Epoch 311 | Train Loss: 0.3286 | Validation Loss: 0.3263 | Validation MAE: 0.1290
Epoch 312 | Train Loss: 0.3278 | Validation Loss: 0.3339 | Validation MAE: 0.1467
Epoch 313 | Train Loss: 0.3277 | Validation Loss: 0.3263 | Validation MAE: 0.1296
Epoch 314 | Train Loss: 0.3283 | Validation Loss: 0.3266 | Validation MAE: 0.1337
Epoch 315 | Train Loss: 0.3284 | Validation Loss: 0.3288 | Validation MAE: 0.1384
Epoch 316 | Train Loss: 0.3284 | Validation Loss: 0.3266 | Validation MAE: 0.1292
Epoch 317 | Train Loss: 0.3276 | Validation Loss: 0.3262 | Validation MAE: 0.1314
Epoch 318 | Train Loss: 0.3280 | Validation Loss: 0.3296 | Validation MAE: 0.1404
Epoch 319 | Train Loss: 0.3282 | Validation Loss: 0.3285 | Validation MAE: 0.1381
Epoch 320 | Train Loss: 0.3282 | Validation Loss: 0.3267 | Validation MAE: 0.1331
Epoch 321 | Train Loss: 0.3279 | Validation Loss: 0.3263 | Validation MAE: 0.1322
Epoch 322 | Train Loss: 0.3287 | Validation Loss: 0.3266 | Validation MAE: 0.1284
Epoch 323 | Train Loss: 0.3278 | Validation Loss: 0.3270 | Validation MAE: 0.1270
Epoch 324 | Train Loss: 0.3283 | Validation Loss: 0.3290 | Validation MAE: 0.1394
Epoch 325 | Train Loss: 0.3278 | Validation Loss: 0.3269 | Validation MAE: 0.1348
Epoch 326 | Train Loss: 0.3281 | Validation Loss: 0.3264 | Validation MAE: 0.1285
Epoch 327 | Train Loss: 0.3281 | Validation Loss: 0.3302 | Validation MAE: 0.1241
Epoch 328 | Train Loss: 0.3280 | Validation Loss: 0.3263 | Validation MAE: 0.1325
Epoch 329 | Train Loss: 0.3281 | Validation Loss: 0.3263 | Validation MAE: 0.1316
Epoch 330 | Train Loss: 0.3281 | Validation Loss: 0.3285 | Validation MAE: 0.1385
Epoch 331 | Train Loss: 0.3282 | Validation Loss: 0.3263 | Validation MAE: 0.1328
Epoch 332 | Train Loss: 0.3281 | Validation Loss: 0.3263 | Validation MAE: 0.1287
Epoch 333 | Train Loss: 0.3278 | Validation Loss: 0.3289 | Validation MAE: 0.1391
Epoch 334 | Train Loss: 0.3280 | Validation Loss: 0.3264 | Validation MAE: 0.1283
Epoch 335 | Train Loss: 0.3284 | Validation Loss: 0.3266 | Validation MAE: 0.1284
Epoch 336 | Train Loss: 0.3281 | Validation Loss: 0.3261 | Validation MAE: 0.1288
Epoch 337 | Train Loss: 0.3277 | Validation Loss: 0.3265 | Validation MAE: 0.1316
Epoch 338 | Train Loss: 0.3279 | Validation Loss: 0.3275 | Validation MAE: 0.1265
Epoch 339 | Train Loss: 0.3278 | Validation Loss: 0.3319 | Validation MAE: 0.1441
Epoch 340 | Train Loss: 0.3279 | Validation Loss: 0.3266 | Validation MAE: 0.1338
Epoch 341 | Train Loss: 0.3282 | Validation Loss: 0.3282 | Validation MAE: 0.1256
Epoch 342 | Train Loss: 0.3282 | Validation Loss: 0.3261 | Validation MAE: 0.1309
Epoch 343 | Train Loss: 0.3276 | Validation Loss: 0.3270 | Validation MAE: 0.1273
Epoch 344 | Train Loss: 0.3281 | Validation Loss: 0.3264 | Validation MAE: 0.1338
Epoch 345 | Train Loss: 0.3278 | Validation Loss: 0.3272 | Validation MAE: 0.1268
Epoch 346 | Train Loss: 0.3281 | Validation Loss: 0.3275 | Validation MAE: 0.1367
Epoch 347 | Train Loss: 0.3279 | Validation Loss: 0.3280 | Validation MAE: 0.1376
Epoch 348 | Train Loss: 0.3277 | Validation Loss: 0.3292 | Validation MAE: 0.1249
Epoch 349 | Train Loss: 0.3281 | Validation Loss: 0.3262 | Validation MAE: 0.1325
Epoch 350 | Train Loss: 0.3275 | Validation Loss: 0.3273 | Validation MAE: 0.1267
Epoch 351 | Train Loss: 0.3278 | Validation Loss: 0.3260 | Validation MAE: 0.1313
Epoch 352 | Train Loss: 0.3283 | Validation Loss: 0.3280 | Validation MAE: 0.1376
Epoch 353 | Train Loss: 0.3277 | Validation Loss: 0.3273 | Validation MAE: 0.1263
Epoch 354 | Train Loss: 0.3279 | Validation Loss: 0.3262 | Validation MAE: 0.1317
Epoch 355 | Train Loss: 0.3281 | Validation Loss: 0.3275 | Validation MAE: 0.1275
Epoch 356 | Train Loss: 0.3279 | Validation Loss: 0.3290 | Validation MAE: 0.1396
Epoch 357 | Train Loss: 0.3278 | Validation Loss: 0.3280 | Validation MAE: 0.1376
Epoch 358 | Train Loss: 0.3278 | Validation Loss: 0.3300 | Validation MAE: 0.1413
Epoch 359 | Train Loss: 0.3276 | Validation Loss: 0.3268 | Validation MAE: 0.1349
Epoch 360 | Train Loss: 0.3277 | Validation Loss: 0.3264 | Validation MAE: 0.1337
Epoch 361 | Train Loss: 0.3281 | Validation Loss: 0.3278 | Validation MAE: 0.1370
Epoch 362 | Train Loss: 0.3280 | Validation Loss: 0.3267 | Validation MAE: 0.1346
Epoch 363 | Train Loss: 0.3280 | Validation Loss: 0.3259 | Validation MAE: 0.1297
Epoch 364 | Train Loss: 0.3277 | Validation Loss: 0.3289 | Validation MAE: 0.1395
Epoch 365 | Train Loss: 0.3274 | Validation Loss: 0.3269 | Validation MAE: 0.1268
Epoch 366 | Train Loss: 0.3279 | Validation Loss: 0.3260 | Validation MAE: 0.1293
Epoch 367 | Train Loss: 0.3281 | Validation Loss: 0.3262 | Validation MAE: 0.1310
Epoch 368 | Train Loss: 0.3275 | Validation Loss: 0.3259 | Validation MAE: 0.1316
Epoch 369 | Train Loss: 0.3278 | Validation Loss: 0.3271 | Validation MAE: 0.1358
Epoch 370 | Train Loss: 0.3276 | Validation Loss: 0.3265 | Validation MAE: 0.1297
Epoch 371 | Train Loss: 0.3278 | Validation Loss: 0.3267 | Validation MAE: 0.1346
Epoch 372 | Train Loss: 0.3277 | Validation Loss: 0.3263 | Validation MAE: 0.1335
Epoch 373 | Train Loss: 0.3276 | Validation Loss: 0.3258 | Validation MAE: 0.1298
Epoch 374 | Train Loss: 0.3282 | Validation Loss: 0.3268 | Validation MAE: 0.1275
Epoch 375 | Train Loss: 0.3271 | Validation Loss: 0.3263 | Validation MAE: 0.1338
Epoch 376 | Train Loss: 0.3278 | Validation Loss: 0.3281 | Validation MAE: 0.1375
Epoch 377 | Train Loss: 0.3274 | Validation Loss: 0.3277 | Validation MAE: 0.1256
Epoch 378 | Train Loss: 0.3276 | Validation Loss: 0.3271 | Validation MAE: 0.1358
Epoch 379 | Train Loss: 0.3274 | Validation Loss: 0.3259 | Validation MAE: 0.1298
Epoch 380 | Train Loss: 0.3276 | Validation Loss: 0.3259 | Validation MAE: 0.1319
Epoch 381 | Train Loss: 0.3281 | Validation Loss: 0.3258 | Validation MAE: 0.1304
Epoch 382 | Train Loss: 0.3279 | Validation Loss: 0.3260 | Validation MAE: 0.1316
Epoch 383 | Train Loss: 0.3273 | Validation Loss: 0.3268 | Validation MAE: 0.1268
Epoch 384 | Train Loss: 0.3280 | Validation Loss: 0.3261 | Validation MAE: 0.1280
Epoch 385 | Train Loss: 0.3273 | Validation Loss: 0.3257 | Validation MAE: 0.1311
Epoch 386 | Train Loss: 0.3275 | Validation Loss: 0.3261 | Validation MAE: 0.1329
Epoch 387 | Train Loss: 0.3276 | Validation Loss: 0.3260 | Validation MAE: 0.1325
Epoch 388 | Train Loss: 0.3275 | Validation Loss: 0.3258 | Validation MAE: 0.1319
Epoch 389 | Train Loss: 0.3273 | Validation Loss: 0.3258 | Validation MAE: 0.1292
Epoch 390 | Train Loss: 0.3282 | Validation Loss: 0.3269 | Validation MAE: 0.1271
Epoch 391 | Train Loss: 0.3274 | Validation Loss: 0.3260 | Validation MAE: 0.1288
Epoch 392 | Train Loss: 0.3278 | Validation Loss: 0.3279 | Validation MAE: 0.1256
Epoch 393 | Train Loss: 0.3274 | Validation Loss: 0.3261 | Validation MAE: 0.1332
Epoch 394 | Train Loss: 0.3275 | Validation Loss: 0.3262 | Validation MAE: 0.1338
Epoch 395 | Train Loss: 0.3275 | Validation Loss: 0.3260 | Validation MAE: 0.1326
Epoch 396 | Train Loss: 0.3275 | Validation Loss: 0.3260 | Validation MAE: 0.1325
Epoch 397 | Train Loss: 0.3275 | Validation Loss: 0.3262 | Validation MAE: 0.1314
Epoch 398 | Train Loss: 0.3276 | Validation Loss: 0.3267 | Validation MAE: 0.1268
Epoch 399 | Train Loss: 0.3277 | Validation Loss: 0.3273 | Validation MAE: 0.1260
Epoch 400 | Train Loss: 0.3274 | Validation Loss: 0.3259 | Validation MAE: 0.1290
Epoch 401 | Train Loss: 0.3273 | Validation Loss: 0.3261 | Validation MAE: 0.1278
Epoch 402 | Train Loss: 0.3275 | Validation Loss: 0.3318 | Validation MAE: 0.1231
Epoch 403 | Train Loss: 0.3276 | Validation Loss: 0.3257 | Validation MAE: 0.1319
Epoch 404 | Train Loss: 0.3281 | Validation Loss: 0.3283 | Validation MAE: 0.1387
Epoch 405 | Train Loss: 0.3273 | Validation Loss: 0.3276 | Validation MAE: 0.1368
Epoch 406 | Train Loss: 0.3276 | Validation Loss: 0.3276 | Validation MAE: 0.1261
Epoch 407 | Train Loss: 0.3271 | Validation Loss: 0.3263 | Validation MAE: 0.1273
Epoch 408 | Train Loss: 0.3272 | Validation Loss: 0.3256 | Validation MAE: 0.1310
Epoch 409 | Train Loss: 0.3276 | Validation Loss: 0.3262 | Validation MAE: 0.1271
Epoch 410 | Train Loss: 0.3277 | Validation Loss: 0.3257 | Validation MAE: 0.1294
Epoch 411 | Train Loss: 0.3272 | Validation Loss: 0.3258 | Validation MAE: 0.1289
Epoch 412 | Train Loss: 0.3276 | Validation Loss: 0.3256 | Validation MAE: 0.1316
Epoch 413 | Train Loss: 0.3277 | Validation Loss: 0.3306 | Validation MAE: 0.1240
Epoch 414 | Train Loss: 0.3273 | Validation Loss: 0.3334 | Validation MAE: 0.1466
Epoch 415 | Train Loss: 0.3275 | Validation Loss: 0.3282 | Validation MAE: 0.1384
Epoch 416 | Train Loss: 0.3274 | Validation Loss: 0.3267 | Validation MAE: 0.1264
Epoch 417 | Train Loss: 0.3276 | Validation Loss: 0.3297 | Validation MAE: 0.1239
Epoch 418 | Train Loss: 0.3275 | Validation Loss: 0.3286 | Validation MAE: 0.1249
Epoch 419 | Train Loss: 0.3270 | Validation Loss: 0.3290 | Validation MAE: 0.1246
Epoch 420 | Train Loss: 0.3275 | Validation Loss: 0.3264 | Validation MAE: 0.1344
Epoch 421 | Train Loss: 0.3272 | Validation Loss: 0.3296 | Validation MAE: 0.1243
Epoch 422 | Train Loss: 0.3273 | Validation Loss: 0.3259 | Validation MAE: 0.1294
Epoch 423 | Train Loss: 0.3273 | Validation Loss: 0.3255 | Validation MAE: 0.1306
Epoch 424 | Train Loss: 0.3275 | Validation Loss: 0.3265 | Validation MAE: 0.1349
Epoch 425 | Train Loss: 0.3273 | Validation Loss: 0.3256 | Validation MAE: 0.1305
Epoch 426 | Train Loss: 0.3273 | Validation Loss: 0.3255 | Validation MAE: 0.1296
Epoch 427 | Train Loss: 0.3276 | Validation Loss: 0.3257 | Validation MAE: 0.1323
Epoch 428 | Train Loss: 0.3270 | Validation Loss: 0.3266 | Validation MAE: 0.1349
Epoch 429 | Train Loss: 0.3272 | Validation Loss: 0.3256 | Validation MAE: 0.1321
Epoch 430 | Train Loss: 0.3272 | Validation Loss: 0.3263 | Validation MAE: 0.1267
Epoch 431 | Train Loss: 0.3272 | Validation Loss: 0.3299 | Validation MAE: 0.1414
Epoch 432 | Train Loss: 0.3273 | Validation Loss: 0.3299 | Validation MAE: 0.1412
Epoch 433 | Train Loss: 0.3271 | Validation Loss: 0.3253 | Validation MAE: 0.1310
Epoch 434 | Train Loss: 0.3272 | Validation Loss: 0.3262 | Validation MAE: 0.1337
Epoch 435 | Train Loss: 0.3274 | Validation Loss: 0.3266 | Validation MAE: 0.1264
Epoch 436 | Train Loss: 0.3270 | Validation Loss: 0.3257 | Validation MAE: 0.1279
Epoch 437 | Train Loss: 0.3273 | Validation Loss: 0.3271 | Validation MAE: 0.1365
Epoch 438 | Train Loss: 0.3272 | Validation Loss: 0.3255 | Validation MAE: 0.1286
Epoch 439 | Train Loss: 0.3274 | Validation Loss: 0.3254 | Validation MAE: 0.1309
Epoch 440 | Train Loss: 0.3274 | Validation Loss: 0.3261 | Validation MAE: 0.1345
Epoch 441 | Train Loss: 0.3269 | Validation Loss: 0.3253 | Validation MAE: 0.1288
Epoch 442 | Train Loss: 0.3272 | Validation Loss: 0.3266 | Validation MAE: 0.1260
Epoch 443 | Train Loss: 0.3270 | Validation Loss: 0.3378 | Validation MAE: 0.1215
Epoch 444 | Train Loss: 0.3272 | Validation Loss: 0.3352 | Validation MAE: 0.1490
Epoch 445 | Train Loss: 0.3270 | Validation Loss: 0.3256 | Validation MAE: 0.1333
Epoch 446 | Train Loss: 0.3272 | Validation Loss: 0.3255 | Validation MAE: 0.1310
Epoch 447 | Train Loss: 0.3273 | Validation Loss: 0.3260 | Validation MAE: 0.1286
Epoch 448 | Train Loss: 0.3267 | Validation Loss: 0.3261 | Validation MAE: 0.1346
Epoch 449 | Train Loss: 0.3272 | Validation Loss: 0.3288 | Validation MAE: 0.1399
Epoch 450 | Train Loss: 0.3272 | Validation Loss: 0.3255 | Validation MAE: 0.1282
Epoch 451 | Train Loss: 0.3274 | Validation Loss: 0.3270 | Validation MAE: 0.1364
Epoch 452 | Train Loss: 0.3269 | Validation Loss: 0.3276 | Validation MAE: 0.1377
Epoch 453 | Train Loss: 0.3271 | Validation Loss: 0.3262 | Validation MAE: 0.1348
Epoch 454 | Train Loss: 0.3270 | Validation Loss: 0.3373 | Validation MAE: 0.1218
Epoch 455 | Train Loss: 0.3269 | Validation Loss: 0.3281 | Validation MAE: 0.1255
Epoch 456 | Train Loss: 0.3266 | Validation Loss: 0.3261 | Validation MAE: 0.1264
Epoch 457 | Train Loss: 0.3271 | Validation Loss: 0.3322 | Validation MAE: 0.1230
Epoch 458 | Train Loss: 0.3275 | Validation Loss: 0.3254 | Validation MAE: 0.1327
Epoch 459 | Train Loss: 0.3270 | Validation Loss: 0.3252 | Validation MAE: 0.1289
Epoch 460 | Train Loss: 0.3272 | Validation Loss: 0.3263 | Validation MAE: 0.1341
Epoch 461 | Train Loss: 0.3269 | Validation Loss: 0.3254 | Validation MAE: 0.1323
Epoch 462 | Train Loss: 0.3267 | Validation Loss: 0.3258 | Validation MAE: 0.1339
Epoch 463 | Train Loss: 0.3275 | Validation Loss: 0.3325 | Validation MAE: 0.1457
Epoch 464 | Train Loss: 0.3268 | Validation Loss: 0.3252 | Validation MAE: 0.1302
Epoch 465 | Train Loss: 0.3267 | Validation Loss: 0.3251 | Validation MAE: 0.1283
Epoch 466 | Train Loss: 0.3269 | Validation Loss: 0.3252 | Validation MAE: 0.1283
Epoch 467 | Train Loss: 0.3271 | Validation Loss: 0.3257 | Validation MAE: 0.1295
Epoch 468 | Train Loss: 0.3269 | Validation Loss: 0.3265 | Validation MAE: 0.1355
Epoch 469 | Train Loss: 0.3272 | Validation Loss: 0.3253 | Validation MAE: 0.1325
Epoch 470 | Train Loss: 0.3267 | Validation Loss: 0.3257 | Validation MAE: 0.1339
Epoch 471 | Train Loss: 0.3269 | Validation Loss: 0.3257 | Validation MAE: 0.1329
Epoch 472 | Train Loss: 0.3267 | Validation Loss: 0.3252 | Validation MAE: 0.1282
Epoch 473 | Train Loss: 0.3267 | Validation Loss: 0.3257 | Validation MAE: 0.1278
Epoch 474 | Train Loss: 0.3268 | Validation Loss: 0.3263 | Validation MAE: 0.1355
Epoch 475 | Train Loss: 0.3268 | Validation Loss: 0.3255 | Validation MAE: 0.1330
Epoch 476 | Train Loss: 0.3271 | Validation Loss: 0.3251 | Validation MAE: 0.1286
Epoch 477 | Train Loss: 0.3267 | Validation Loss: 0.3270 | Validation MAE: 0.1251
Epoch 478 | Train Loss: 0.3268 | Validation Loss: 0.3332 | Validation MAE: 0.1224
Epoch 479 | Train Loss: 0.3266 | Validation Loss: 0.3248 | Validation MAE: 0.1301
Epoch 480 | Train Loss: 0.3270 | Validation Loss: 0.3248 | Validation MAE: 0.1309
Epoch 481 | Train Loss: 0.3270 | Validation Loss: 0.3259 | Validation MAE: 0.1264
Epoch 482 | Train Loss: 0.3270 | Validation Loss: 0.3303 | Validation MAE: 0.1236
Epoch 483 | Train Loss: 0.3268 | Validation Loss: 0.3271 | Validation MAE: 0.1372
Epoch 484 | Train Loss: 0.3268 | Validation Loss: 0.3327 | Validation MAE: 0.1460
Epoch 485 | Train Loss: 0.3268 | Validation Loss: 0.3251 | Validation MAE: 0.1282
Epoch 486 | Train Loss: 0.3266 | Validation Loss: 0.3282 | Validation MAE: 0.1251
Epoch 487 | Train Loss: 0.3263 | Validation Loss: 0.3268 | Validation MAE: 0.1250
Epoch 488 | Train Loss: 0.3269 | Validation Loss: 0.3260 | Validation MAE: 0.1259
Epoch 489 | Train Loss: 0.3269 | Validation Loss: 0.3322 | Validation MAE: 0.1455
Epoch 490 | Train Loss: 0.3266 | Validation Loss: 0.3249 | Validation MAE: 0.1302
Epoch 491 | Train Loss: 0.3269 | Validation Loss: 0.3249 | Validation MAE: 0.1286
Epoch 492 | Train Loss: 0.3264 | Validation Loss: 0.3251 | Validation MAE: 0.1324
Epoch 493 | Train Loss: 0.3266 | Validation Loss: 0.3275 | Validation MAE: 0.1246
Epoch 494 | Train Loss: 0.3269 | Validation Loss: 0.3252 | Validation MAE: 0.1272
Epoch 495 | Train Loss: 0.3267 | Validation Loss: 0.3250 | Validation MAE: 0.1318
Epoch 496 | Train Loss: 0.3267 | Validation Loss: 0.3385 | Validation MAE: 0.1535
Epoch 497 | Train Loss: 0.3271 | Validation Loss: 0.3267 | Validation MAE: 0.1361
Epoch 498 | Train Loss: 0.3269 | Validation Loss: 0.3250 | Validation MAE: 0.1318
Epoch 499 | Train Loss: 0.3266 | Validation Loss: 0.3254 | Validation MAE: 0.1334
Epoch 500 | Train Loss: 0.3263 | Validation Loss: 0.3250 | Validation MAE: 0.1274
Epoch 501 | Train Loss: 0.3265 | Validation Loss: 0.3249 | Validation MAE: 0.1318
Epoch 502 | Train Loss: 0.3263 | Validation Loss: 0.3248 | Validation MAE: 0.1282
Epoch 503 | Train Loss: 0.3263 | Validation Loss: 0.3252 | Validation MAE: 0.1277
Epoch 504 | Train Loss: 0.3267 | Validation Loss: 0.3249 | Validation MAE: 0.1320
Epoch 505 | Train Loss: 0.3268 | Validation Loss: 0.3274 | Validation MAE: 0.1246
Epoch 506 | Train Loss: 0.3269 | Validation Loss: 0.3249 | Validation MAE: 0.1280
Epoch 507 | Train Loss: 0.3268 | Validation Loss: 0.3272 | Validation MAE: 0.1287
Epoch 508 | Train Loss: 0.3265 | Validation Loss: 0.3248 | Validation MAE: 0.1316
Epoch 509 | Train Loss: 0.3267 | Validation Loss: 0.3282 | Validation MAE: 0.1242
Epoch 510 | Train Loss: 0.3264 | Validation Loss: 0.3254 | Validation MAE: 0.1264
Epoch 511 | Train Loss: 0.3270 | Validation Loss: 0.3249 | Validation MAE: 0.1311
Epoch 512 | Train Loss: 0.3264 | Validation Loss: 0.3285 | Validation MAE: 0.1240
Epoch 513 | Train Loss: 0.3266 | Validation Loss: 0.3254 | Validation MAE: 0.1267
Epoch 514 | Train Loss: 0.3270 | Validation Loss: 0.3262 | Validation MAE: 0.1259
Epoch 515 | Train Loss: 0.3265 | Validation Loss: 0.3256 | Validation MAE: 0.1267
Epoch 516 | Train Loss: 0.3269 | Validation Loss: 0.3251 | Validation MAE: 0.1328
Epoch 517 | Train Loss: 0.3262 | Validation Loss: 0.3256 | Validation MAE: 0.1266
Epoch 518 | Train Loss: 0.3262 | Validation Loss: 0.3280 | Validation MAE: 0.1243
Epoch 519 | Train Loss: 0.3264 | Validation Loss: 0.3248 | Validation MAE: 0.1286
Epoch 520 | Train Loss: 0.3266 | Validation Loss: 0.3263 | Validation MAE: 0.1251
Epoch 521 | Train Loss: 0.3263 | Validation Loss: 0.3276 | Validation MAE: 0.1238
Epoch 522 | Train Loss: 0.3264 | Validation Loss: 0.3251 | Validation MAE: 0.1268
Epoch 523 | Train Loss: 0.3268 | Validation Loss: 0.3254 | Validation MAE: 0.1337
Epoch 524 | Train Loss: 0.3264 | Validation Loss: 0.3250 | Validation MAE: 0.1269
Epoch 525 | Train Loss: 0.3264 | Validation Loss: 0.3293 | Validation MAE: 0.1233
Epoch 526 | Train Loss: 0.3267 | Validation Loss: 0.3261 | Validation MAE: 0.1253
Epoch 527 | Train Loss: 0.3267 | Validation Loss: 0.3270 | Validation MAE: 0.1244
Epoch 528 | Train Loss: 0.3262 | Validation Loss: 0.3247 | Validation MAE: 0.1311
Epoch 529 | Train Loss: 0.3264 | Validation Loss: 0.3265 | Validation MAE: 0.1362
Epoch 530 | Train Loss: 0.3262 | Validation Loss: 0.3246 | Validation MAE: 0.1278
Epoch 531 | Train Loss: 0.3263 | Validation Loss: 0.3254 | Validation MAE: 0.1263
Epoch 532 | Train Loss: 0.3265 | Validation Loss: 0.3247 | Validation MAE: 0.1309
Epoch 533 | Train Loss: 0.3265 | Validation Loss: 0.3248 | Validation MAE: 0.1273
Epoch 534 | Train Loss: 0.3259 | Validation Loss: 0.3264 | Validation MAE: 0.1362
Epoch 535 | Train Loss: 0.3264 | Validation Loss: 0.3247 | Validation MAE: 0.1273
Epoch 536 | Train Loss: 0.3259 | Validation Loss: 0.3246 | Validation MAE: 0.1283
Epoch 537 | Train Loss: 0.3262 | Validation Loss: 0.3264 | Validation MAE: 0.1249
Epoch 538 | Train Loss: 0.3267 | Validation Loss: 0.3253 | Validation MAE: 0.1332
Epoch 539 | Train Loss: 0.3259 | Validation Loss: 0.3253 | Validation MAE: 0.1332
Epoch 540 | Train Loss: 0.3268 | Validation Loss: 0.3270 | Validation MAE: 0.1259
Epoch 541 | Train Loss: 0.3259 | Validation Loss: 0.3244 | Validation MAE: 0.1292
Epoch 542 | Train Loss: 0.3265 | Validation Loss: 0.3252 | Validation MAE: 0.1337
Epoch 543 | Train Loss: 0.3260 | Validation Loss: 0.3250 | Validation MAE: 0.1327
Epoch 544 | Train Loss: 0.3261 | Validation Loss: 0.3275 | Validation MAE: 0.1257
Epoch 545 | Train Loss: 0.3263 | Validation Loss: 0.3249 | Validation MAE: 0.1269
Epoch 546 | Train Loss: 0.3260 | Validation Loss: 0.3245 | Validation MAE: 0.1304
Epoch 547 | Train Loss: 0.3261 | Validation Loss: 0.3258 | Validation MAE: 0.1349
Epoch 548 | Train Loss: 0.3266 | Validation Loss: 0.3247 | Validation MAE: 0.1309
Epoch 549 | Train Loss: 0.3265 | Validation Loss: 0.3248 | Validation MAE: 0.1324
Epoch 550 | Train Loss: 0.3265 | Validation Loss: 0.3258 | Validation MAE: 0.1254
Epoch 551 | Train Loss: 0.3261 | Validation Loss: 0.3251 | Validation MAE: 0.1300
Epoch 552 | Train Loss: 0.3267 | Validation Loss: 0.3249 | Validation MAE: 0.1323
Epoch 553 | Train Loss: 0.3260 | Validation Loss: 0.3247 | Validation MAE: 0.1280
Epoch 554 | Train Loss: 0.3263 | Validation Loss: 0.3266 | Validation MAE: 0.1250
Epoch 555 | Train Loss: 0.3263 | Validation Loss: 0.3310 | Validation MAE: 0.1225
Epoch 556 | Train Loss: 0.3259 | Validation Loss: 0.3246 | Validation MAE: 0.1315
Epoch 557 | Train Loss: 0.3263 | Validation Loss: 0.3244 | Validation MAE: 0.1301
Epoch 558 | Train Loss: 0.3267 | Validation Loss: 0.3246 | Validation MAE: 0.1284
Epoch 559 | Train Loss: 0.3260 | Validation Loss: 0.3244 | Validation MAE: 0.1282
Epoch 560 | Train Loss: 0.3259 | Validation Loss: 0.3253 | Validation MAE: 0.1261
Epoch 561 | Train Loss: 0.3263 | Validation Loss: 0.3245 | Validation MAE: 0.1291
Epoch 562 | Train Loss: 0.3263 | Validation Loss: 0.3244 | Validation MAE: 0.1295
Epoch 563 | Train Loss: 0.3262 | Validation Loss: 0.3285 | Validation MAE: 0.1401
Epoch 564 | Train Loss: 0.3262 | Validation Loss: 0.3258 | Validation MAE: 0.1255
Epoch 565 | Train Loss: 0.3261 | Validation Loss: 0.3259 | Validation MAE: 0.1354
Epoch 566 | Train Loss: 0.3263 | Validation Loss: 0.3243 | Validation MAE: 0.1287
Epoch 567 | Train Loss: 0.3261 | Validation Loss: 0.3246 | Validation MAE: 0.1287
Epoch 568 | Train Loss: 0.3265 | Validation Loss: 0.3246 | Validation MAE: 0.1275
Epoch 569 | Train Loss: 0.3263 | Validation Loss: 0.3244 | Validation MAE: 0.1303
Epoch 570 | Train Loss: 0.3259 | Validation Loss: 0.3275 | Validation MAE: 0.1241
Epoch 571 | Train Loss: 0.3259 | Validation Loss: 0.3259 | Validation MAE: 0.1342
Epoch 572 | Train Loss: 0.3264 | Validation Loss: 0.3246 | Validation MAE: 0.1320
Epoch 573 | Train Loss: 0.3263 | Validation Loss: 0.3260 | Validation MAE: 0.1354
Epoch 574 | Train Loss: 0.3266 | Validation Loss: 0.3248 | Validation MAE: 0.1324
Epoch 575 | Train Loss: 0.3260 | Validation Loss: 0.3243 | Validation MAE: 0.1289
Epoch 576 | Train Loss: 0.3262 | Validation Loss: 0.3245 | Validation MAE: 0.1286
Epoch 577 | Train Loss: 0.3259 | Validation Loss: 0.3250 | Validation MAE: 0.1264
Epoch 578 | Train Loss: 0.3261 | Validation Loss: 0.3244 | Validation MAE: 0.1299
Epoch 579 | Train Loss: 0.3262 | Validation Loss: 0.3300 | Validation MAE: 0.1226
Epoch 580 | Train Loss: 0.3263 | Validation Loss: 0.3260 | Validation MAE: 0.1351
Epoch 581 | Train Loss: 0.3263 | Validation Loss: 0.3250 | Validation MAE: 0.1332
Epoch 582 | Train Loss: 0.3263 | Validation Loss: 0.3252 | Validation MAE: 0.1259
Epoch 583 | Train Loss: 0.3258 | Validation Loss: 0.3258 | Validation MAE: 0.1353
Epoch 584 | Train Loss: 0.3264 | Validation Loss: 0.3250 | Validation MAE: 0.1263
Epoch 585 | Train Loss: 0.3261 | Validation Loss: 0.3248 | Validation MAE: 0.1329
Epoch 586 | Train Loss: 0.3257 | Validation Loss: 0.3243 | Validation MAE: 0.1295
Epoch 587 | Train Loss: 0.3264 | Validation Loss: 0.3273 | Validation MAE: 0.1384
Epoch 588 | Train Loss: 0.3262 | Validation Loss: 0.3272 | Validation MAE: 0.1372
Epoch 589 | Train Loss: 0.3264 | Validation Loss: 0.3273 | Validation MAE: 0.1374
Epoch 590 | Train Loss: 0.3257 | Validation Loss: 0.3286 | Validation MAE: 0.1236
Epoch 591 | Train Loss: 0.3262 | Validation Loss: 0.3243 | Validation MAE: 0.1288
Epoch 592 | Train Loss: 0.3265 | Validation Loss: 0.3247 | Validation MAE: 0.1322
Epoch 593 | Train Loss: 0.3259 | Validation Loss: 0.3261 | Validation MAE: 0.1249
Epoch 594 | Train Loss: 0.3263 | Validation Loss: 0.3318 | Validation MAE: 0.1223
Epoch 595 | Train Loss: 0.3261 | Validation Loss: 0.3268 | Validation MAE: 0.1370
Epoch 596 | Train Loss: 0.3262 | Validation Loss: 0.3261 | Validation MAE: 0.1361
Epoch 597 | Train Loss: 0.3260 | Validation Loss: 0.3260 | Validation MAE: 0.1357
Epoch 598 | Train Loss: 0.3260 | Validation Loss: 0.3245 | Validation MAE: 0.1309
Epoch 599 | Train Loss: 0.3259 | Validation Loss: 0.3242 | Validation MAE: 0.1298
Epoch 600 | Train Loss: 0.3261 | Validation Loss: 0.3243 | Validation MAE: 0.1287
Epoch 601 | Train Loss: 0.3258 | Validation Loss: 0.3252 | Validation MAE: 0.1259
Epoch 602 | Train Loss: 0.3261 | Validation Loss: 0.3244 | Validation MAE: 0.1313
Epoch 603 | Train Loss: 0.3264 | Validation Loss: 0.3242 | Validation MAE: 0.1281
Epoch 604 | Train Loss: 0.3258 | Validation Loss: 0.3243 | Validation MAE: 0.1302
Epoch 605 | Train Loss: 0.3260 | Validation Loss: 0.3245 | Validation MAE: 0.1308
Epoch 606 | Train Loss: 0.3259 | Validation Loss: 0.3243 | Validation MAE: 0.1286
Epoch 607 | Train Loss: 0.3256 | Validation Loss: 0.3304 | Validation MAE: 0.1434
Epoch 608 | Train Loss: 0.3259 | Validation Loss: 0.3248 | Validation MAE: 0.1326
Epoch 609 | Train Loss: 0.3264 | Validation Loss: 0.3250 | Validation MAE: 0.1265
Epoch 610 | Train Loss: 0.3264 | Validation Loss: 0.3241 | Validation MAE: 0.1292
Epoch 611 | Train Loss: 0.3260 | Validation Loss: 0.3248 | Validation MAE: 0.1331
Epoch 612 | Train Loss: 0.3260 | Validation Loss: 0.3244 | Validation MAE: 0.1320
Epoch 613 | Train Loss: 0.3261 | Validation Loss: 0.3246 | Validation MAE: 0.1321
Epoch 614 | Train Loss: 0.3259 | Validation Loss: 0.3243 | Validation MAE: 0.1280
Epoch 615 | Train Loss: 0.3265 | Validation Loss: 0.3245 | Validation MAE: 0.1316
Epoch 616 | Train Loss: 0.3258 | Validation Loss: 0.3256 | Validation MAE: 0.1249
Epoch 617 | Train Loss: 0.3258 | Validation Loss: 0.3258 | Validation MAE: 0.1356
Epoch 618 | Train Loss: 0.3258 | Validation Loss: 0.3245 | Validation MAE: 0.1275
Epoch 619 | Train Loss: 0.3258 | Validation Loss: 0.3245 | Validation MAE: 0.1267
Epoch 620 | Train Loss: 0.3260 | Validation Loss: 0.3242 | Validation MAE: 0.1280
Epoch 621 | Train Loss: 0.3265 | Validation Loss: 0.3275 | Validation MAE: 0.1390
Epoch 622 | Train Loss: 0.3260 | Validation Loss: 0.3274 | Validation MAE: 0.1387
Epoch 623 | Train Loss: 0.3261 | Validation Loss: 0.3248 | Validation MAE: 0.1330
Epoch 624 | Train Loss: 0.3261 | Validation Loss: 0.3246 | Validation MAE: 0.1323
Epoch 625 | Train Loss: 0.3258 | Validation Loss: 0.3241 | Validation MAE: 0.1306
Epoch 626 | Train Loss: 0.3263 | Validation Loss: 0.3281 | Validation MAE: 0.1239
Epoch 627 | Train Loss: 0.3255 | Validation Loss: 0.3244 | Validation MAE: 0.1268
Epoch 628 | Train Loss: 0.3262 | Validation Loss: 0.3251 | Validation MAE: 0.1340
Epoch 629 | Train Loss: 0.3261 | Validation Loss: 0.3253 | Validation MAE: 0.1341
Epoch 630 | Train Loss: 0.3257 | Validation Loss: 0.3241 | Validation MAE: 0.1279
Epoch 631 | Train Loss: 0.3257 | Validation Loss: 0.3248 | Validation MAE: 0.1258
Epoch 632 | Train Loss: 0.3263 | Validation Loss: 0.3241 | Validation MAE: 0.1295
Epoch 633 | Train Loss: 0.3258 | Validation Loss: 0.3243 | Validation MAE: 0.1270
Epoch 634 | Train Loss: 0.3259 | Validation Loss: 0.3241 | Validation MAE: 0.1294
Epoch 635 | Train Loss: 0.3259 | Validation Loss: 0.3279 | Validation MAE: 0.1395
Epoch 636 | Train Loss: 0.3261 | Validation Loss: 0.3251 | Validation MAE: 0.1261
Epoch 637 | Train Loss: 0.3257 | Validation Loss: 0.3244 | Validation MAE: 0.1322
Epoch 638 | Train Loss: 0.3262 | Validation Loss: 0.3243 | Validation MAE: 0.1309
Epoch 639 | Train Loss: 0.3261 | Validation Loss: 0.3261 | Validation MAE: 0.1247
Epoch 640 | Train Loss: 0.3261 | Validation Loss: 0.3241 | Validation MAE: 0.1303
Epoch 641 | Train Loss: 0.3256 | Validation Loss: 0.3240 | Validation MAE: 0.1293
Epoch 642 | Train Loss: 0.3261 | Validation Loss: 0.3246 | Validation MAE: 0.1322
Epoch 643 | Train Loss: 0.3260 | Validation Loss: 0.3241 | Validation MAE: 0.1280
Epoch 644 | Train Loss: 0.3257 | Validation Loss: 0.3249 | Validation MAE: 0.1337
Epoch 645 | Train Loss: 0.3262 | Validation Loss: 0.3278 | Validation MAE: 0.1234
Epoch 646 | Train Loss: 0.3262 | Validation Loss: 0.3243 | Validation MAE: 0.1277
Epoch 647 | Train Loss: 0.3260 | Validation Loss: 0.3242 | Validation MAE: 0.1281
Epoch 648 | Train Loss: 0.3260 | Validation Loss: 0.3241 | Validation MAE: 0.1276
Epoch 649 | Train Loss: 0.3260 | Validation Loss: 0.3241 | Validation MAE: 0.1281
Epoch 650 | Train Loss: 0.3260 | Validation Loss: 0.3250 | Validation MAE: 0.1337
Epoch 651 | Train Loss: 0.3258 | Validation Loss: 0.3242 | Validation MAE: 0.1311
Epoch 652 | Train Loss: 0.3258 | Validation Loss: 0.3253 | Validation MAE: 0.1253
Epoch 653 | Train Loss: 0.3262 | Validation Loss: 0.3294 | Validation MAE: 0.1248
Epoch 654 | Train Loss: 0.3259 | Validation Loss: 0.3250 | Validation MAE: 0.1337
Epoch 655 | Train Loss: 0.3262 | Validation Loss: 0.3249 | Validation MAE: 0.1258
Epoch 656 | Train Loss: 0.3258 | Validation Loss: 0.3261 | Validation MAE: 0.1243
Epoch 657 | Train Loss: 0.3260 | Validation Loss: 0.3241 | Validation MAE: 0.1300
Epoch 658 | Train Loss: 0.3253 | Validation Loss: 0.3276 | Validation MAE: 0.1391
Epoch 659 | Train Loss: 0.3257 | Validation Loss: 0.3275 | Validation MAE: 0.1387
Epoch 660 | Train Loss: 0.3265 | Validation Loss: 0.3240 | Validation MAE: 0.1298
Epoch 661 | Train Loss: 0.3259 | Validation Loss: 0.3245 | Validation MAE: 0.1325
Epoch 662 | Train Loss: 0.3260 | Validation Loss: 0.3240 | Validation MAE: 0.1287
Epoch 663 | Train Loss: 0.3261 | Validation Loss: 0.3243 | Validation MAE: 0.1281
Epoch 664 | Train Loss: 0.3261 | Validation Loss: 0.3259 | Validation MAE: 0.1360
Epoch 665 | Train Loss: 0.3255 | Validation Loss: 0.3245 | Validation MAE: 0.1270
Epoch 666 | Train Loss: 0.3257 | Validation Loss: 0.3248 | Validation MAE: 0.1260
Epoch 667 | Train Loss: 0.3258 | Validation Loss: 0.3241 | Validation MAE: 0.1282
Epoch 668 | Train Loss: 0.3258 | Validation Loss: 0.3249 | Validation MAE: 0.1263
Epoch 669 | Train Loss: 0.3259 | Validation Loss: 0.3246 | Validation MAE: 0.1264
Epoch 670 | Train Loss: 0.3260 | Validation Loss: 0.3256 | Validation MAE: 0.1356
Epoch 671 | Train Loss: 0.3260 | Validation Loss: 0.3254 | Validation MAE: 0.1263
Epoch 672 | Train Loss: 0.3260 | Validation Loss: 0.3251 | Validation MAE: 0.1268
Epoch 673 | Train Loss: 0.3256 | Validation Loss: 0.3242 | Validation MAE: 0.1273
Epoch 674 | Train Loss: 0.3258 | Validation Loss: 0.3270 | Validation MAE: 0.1373
Epoch 675 | Train Loss: 0.3256 | Validation Loss: 0.3243 | Validation MAE: 0.1312
Epoch 676 | Train Loss: 0.3258 | Validation Loss: 0.3241 | Validation MAE: 0.1276
Epoch 677 | Train Loss: 0.3258 | Validation Loss: 0.3241 | Validation MAE: 0.1282
Epoch 678 | Train Loss: 0.3256 | Validation Loss: 0.3240 | Validation MAE: 0.1299
Epoch 679 | Train Loss: 0.3259 | Validation Loss: 0.3317 | Validation MAE: 0.1453
Epoch 680 | Train Loss: 0.3259 | Validation Loss: 0.3247 | Validation MAE: 0.1266
Epoch 681 | Train Loss: 0.3260 | Validation Loss: 0.3281 | Validation MAE: 0.1230
Epoch 682 | Train Loss: 0.3256 | Validation Loss: 0.3253 | Validation MAE: 0.1258
Epoch 683 | Train Loss: 0.3259 | Validation Loss: 0.3286 | Validation MAE: 0.1231
Epoch 684 | Train Loss: 0.3255 | Validation Loss: 0.3238 | Validation MAE: 0.1298
Epoch 685 | Train Loss: 0.3254 | Validation Loss: 0.3239 | Validation MAE: 0.1280
Epoch 686 | Train Loss: 0.3260 | Validation Loss: 0.3244 | Validation MAE: 0.1263
Epoch 687 | Train Loss: 0.3267 | Validation Loss: 0.3239 | Validation MAE: 0.1301
Epoch 688 | Train Loss: 0.3255 | Validation Loss: 0.3246 | Validation MAE: 0.1260
Epoch 689 | Train Loss: 0.3255 | Validation Loss: 0.3246 | Validation MAE: 0.1288
Epoch 690 | Train Loss: 0.3261 | Validation Loss: 0.3243 | Validation MAE: 0.1319
Epoch 691 | Train Loss: 0.3259 | Validation Loss: 0.3251 | Validation MAE: 0.1259
Epoch 692 | Train Loss: 0.3257 | Validation Loss: 0.3273 | Validation MAE: 0.1387
Epoch 693 | Train Loss: 0.3255 | Validation Loss: 0.3250 | Validation MAE: 0.1255
Epoch 694 | Train Loss: 0.3255 | Validation Loss: 0.3260 | Validation MAE: 0.1243
Epoch 695 | Train Loss: 0.3257 | Validation Loss: 0.3246 | Validation MAE: 0.1262
Epoch 696 | Train Loss: 0.3254 | Validation Loss: 0.3240 | Validation MAE: 0.1278
Epoch 697 | Train Loss: 0.3258 | Validation Loss: 0.3245 | Validation MAE: 0.1260
Epoch 698 | Train Loss: 0.3258 | Validation Loss: 0.3258 | Validation MAE: 0.1359
Epoch 699 | Train Loss: 0.3255 | Validation Loss: 0.3242 | Validation MAE: 0.1270
Epoch 700 | Train Loss: 0.3262 | Validation Loss: 0.3263 | Validation MAE: 0.1370
Epoch 701 | Train Loss: 0.3261 | Validation Loss: 0.3246 | Validation MAE: 0.1259
Epoch 702 | Train Loss: 0.3252 | Validation Loss: 0.3237 | Validation MAE: 0.1293
Epoch 703 | Train Loss: 0.3258 | Validation Loss: 0.3368 | Validation MAE: 0.1521
Epoch 704 | Train Loss: 0.3258 | Validation Loss: 0.3239 | Validation MAE: 0.1284
Epoch 705 | Train Loss: 0.3256 | Validation Loss: 0.3237 | Validation MAE: 0.1287
Epoch 706 | Train Loss: 0.3258 | Validation Loss: 0.3315 | Validation MAE: 0.1452
Epoch 707 | Train Loss: 0.3253 | Validation Loss: 0.3249 | Validation MAE: 0.1250
Epoch 708 | Train Loss: 0.3261 | Validation Loss: 0.3241 | Validation MAE: 0.1268
Epoch 709 | Train Loss: 0.3256 | Validation Loss: 0.3254 | Validation MAE: 0.1352
Epoch 710 | Train Loss: 0.3258 | Validation Loss: 0.3269 | Validation MAE: 0.1234
Epoch 711 | Train Loss: 0.3255 | Validation Loss: 0.3251 | Validation MAE: 0.1337
Epoch 712 | Train Loss: 0.3260 | Validation Loss: 0.3255 | Validation MAE: 0.1254
Epoch 713 | Train Loss: 0.3255 | Validation Loss: 0.3242 | Validation MAE: 0.1303
Epoch 714 | Train Loss: 0.3260 | Validation Loss: 0.3257 | Validation MAE: 0.1263
Epoch 715 | Train Loss: 0.3255 | Validation Loss: 0.3272 | Validation MAE: 0.1230
Epoch 716 | Train Loss: 0.3256 | Validation Loss: 0.3244 | Validation MAE: 0.1264
Epoch 717 | Train Loss: 0.3257 | Validation Loss: 0.3254 | Validation MAE: 0.1351
Epoch 718 | Train Loss: 0.3253 | Validation Loss: 0.3239 | Validation MAE: 0.1310
Epoch 719 | Train Loss: 0.3256 | Validation Loss: 0.3240 | Validation MAE: 0.1313
Epoch 720 | Train Loss: 0.3255 | Validation Loss: 0.3245 | Validation MAE: 0.1329
Epoch 721 | Train Loss: 0.3258 | Validation Loss: 0.3239 | Validation MAE: 0.1290
Epoch 722 | Train Loss: 0.3256 | Validation Loss: 0.3312 | Validation MAE: 0.1233
Epoch 723 | Train Loss: 0.3255 | Validation Loss: 0.3242 | Validation MAE: 0.1269
Epoch 724 | Train Loss: 0.3256 | Validation Loss: 0.3254 | Validation MAE: 0.1354
Epoch 725 | Train Loss: 0.3258 | Validation Loss: 0.3247 | Validation MAE: 0.1254
Epoch 726 | Train Loss: 0.3255 | Validation Loss: 0.3255 | Validation MAE: 0.1357
Epoch 727 | Train Loss: 0.3260 | Validation Loss: 0.3256 | Validation MAE: 0.1358
Epoch 728 | Train Loss: 0.3255 | Validation Loss: 0.3245 | Validation MAE: 0.1256
Epoch 729 | Train Loss: 0.3250 | Validation Loss: 0.3266 | Validation MAE: 0.1236
Epoch 730 | Train Loss: 0.3252 | Validation Loss: 0.3242 | Validation MAE: 0.1322
Epoch 731 | Train Loss: 0.3255 | Validation Loss: 0.3300 | Validation MAE: 0.1222
Epoch 732 | Train Loss: 0.3257 | Validation Loss: 0.3256 | Validation MAE: 0.1246
Epoch 733 | Train Loss: 0.3253 | Validation Loss: 0.3240 | Validation MAE: 0.1273
Epoch 734 | Train Loss: 0.3254 | Validation Loss: 0.3246 | Validation MAE: 0.1254
Epoch 735 | Train Loss: 0.3255 | Validation Loss: 0.3237 | Validation MAE: 0.1278
Epoch 736 | Train Loss: 0.3256 | Validation Loss: 0.3243 | Validation MAE: 0.1308
Epoch 737 | Train Loss: 0.3253 | Validation Loss: 0.3237 | Validation MAE: 0.1280
Early stopping triggered. Stopping training.
Loaded the best model from 'best_model_prob_32_176_28_0.001_v5.pth'.

Test Loss: 0.3237 | Test MAE: 0.1293

Confusion Matrix and F1 Score for Different Thresholds:

Threshold: 0.1293
Confusion Matrix:
[[149728  58781]
 [  4305  28066]]
Precision: 0.3232, Recall: 0.8670, F1 Score: 0.4708

Threshold: 0.1000
Confusion Matrix:
[[131702  76807]
 [  2919  29452]]
Precision: 0.2772, Recall: 0.9098, F1 Score: 0.4249

Threshold: 0.2000
Confusion Matrix:
[[174116  34393]
 [  7475  24896]]
Precision: 0.4199, Recall: 0.7691, F1 Score: 0.5432

Threshold: 0.3000
Confusion Matrix:
[[190570  17939]
 [ 11432  20939]]
Precision: 0.5386, Recall: 0.6468, F1 Score: 0.5878

Threshold: 0.4000
Confusion Matrix:
[[199007   9502]
 [ 15180  17191]]
Precision: 0.6440, Recall: 0.5311, F1 Score: 0.5821

Threshold: 0.5000
Confusion Matrix:
[[203732   4777]
 [ 18753  13618]]
Precision: 0.7403, Recall: 0.4207, F1 Score: 0.5365
