Running job on gpu-5-25
Requested resources:
  - CPUs: 64
  - GPUs: 
  - Memory: 85000
modelTrain_binary.py:167: FutureWarning: You are using `torch.load` with `weights_only=False` (the current default value), which uses the default pickle module implicitly. It is possible to construct malicious pickle data which will execute arbitrary code during unpickling (See https://github.com/pytorch/pytorch/blob/main/SECURITY.md#untrusted-models for more details). In a future release, the default value for `weights_only` will be flipped to `True`. This limits the functions that could be executed during unpickling. Arbitrary objects will no longer be allowed to be loaded via this mode unless they are explicitly allowlisted by the user via `torch.serialization.add_safe_globals`. We recommend you start setting `weights_only=True` for any use case where you don't have full control of the loaded file. Please open an issue on GitHub for any issues related to this experimental feature.
  model.load_state_dict(torch.load(MODEL_SAVE_PATH))
Total JSON files found: 195
Total edgelist directories found: 195
Total graphs in dataset: 34300
Train Dataset Size: 27440
Validation Dataset Size: 6860

Calculating baseline MAE (predicting 0.5 for every node):
Baseline Training MAE: 0.5000
Baseline Validation MAE: 0.5000
Epoch 001 | Train Loss: 0.6769 | Validation Loss: 0.6509 | Validation MAE: 0.4735
Epoch 002 | Train Loss: 0.6394 | Validation Loss: 0.6236 | Validation MAE: 0.4559
Epoch 003 | Train Loss: 0.6179 | Validation Loss: 0.6079 | Validation MAE: 0.4432
Epoch 004 | Train Loss: 0.6058 | Validation Loss: 0.5991 | Validation MAE: 0.4342
Epoch 005 | Train Loss: 0.5985 | Validation Loss: 0.5934 | Validation MAE: 0.4230
Epoch 006 | Train Loss: 0.5949 | Validation Loss: 0.5890 | Validation MAE: 0.4196
Epoch 007 | Train Loss: 0.5924 | Validation Loss: 0.5868 | Validation MAE: 0.4165
Epoch 008 | Train Loss: 0.5903 | Validation Loss: 0.5855 | Validation MAE: 0.4141
Epoch 009 | Train Loss: 0.5906 | Validation Loss: 0.5859 | Validation MAE: 0.4087
Epoch 010 | Train Loss: 0.5883 | Validation Loss: 0.5854 | Validation MAE: 0.4067
Epoch 011 | Train Loss: 0.5881 | Validation Loss: 0.5858 | Validation MAE: 0.4112
Epoch 012 | Train Loss: 0.5874 | Validation Loss: 0.5866 | Validation MAE: 0.4030
Epoch 013 | Train Loss: 0.5875 | Validation Loss: 0.5833 | Validation MAE: 0.4070
Epoch 014 | Train Loss: 0.5866 | Validation Loss: 0.5837 | Validation MAE: 0.4068
Epoch 015 | Train Loss: 0.5876 | Validation Loss: 0.5912 | Validation MAE: 0.3991
Epoch 016 | Train Loss: 0.5863 | Validation Loss: 0.5826 | Validation MAE: 0.4045
Epoch 017 | Train Loss: 0.5864 | Validation Loss: 0.5844 | Validation MAE: 0.4059
Epoch 018 | Train Loss: 0.5868 | Validation Loss: 0.5821 | Validation MAE: 0.4025
Epoch 019 | Train Loss: 0.5858 | Validation Loss: 0.5842 | Validation MAE: 0.3993
Epoch 020 | Train Loss: 0.5872 | Validation Loss: 0.5829 | Validation MAE: 0.4036
Epoch 021 | Train Loss: 0.5867 | Validation Loss: 0.5885 | Validation MAE: 0.3973
Epoch 022 | Train Loss: 0.5863 | Validation Loss: 0.5882 | Validation MAE: 0.4071
Epoch 023 | Train Loss: 0.5869 | Validation Loss: 0.5822 | Validation MAE: 0.4002
Epoch 024 | Train Loss: 0.5861 | Validation Loss: 0.5957 | Validation MAE: 0.3955
Epoch 025 | Train Loss: 0.5871 | Validation Loss: 0.5887 | Validation MAE: 0.3967
Epoch 026 | Train Loss: 0.5866 | Validation Loss: 0.5834 | Validation MAE: 0.4034
Epoch 027 | Train Loss: 0.5859 | Validation Loss: 0.5823 | Validation MAE: 0.4018
Epoch 028 | Train Loss: 0.5860 | Validation Loss: 0.5885 | Validation MAE: 0.3964
Epoch 029 | Train Loss: 0.5865 | Validation Loss: 0.5828 | Validation MAE: 0.3988
Epoch 030 | Train Loss: 0.5859 | Validation Loss: 0.5876 | Validation MAE: 0.3965
Epoch 031 | Train Loss: 0.5862 | Validation Loss: 0.5820 | Validation MAE: 0.4009
Epoch 032 | Train Loss: 0.5867 | Validation Loss: 0.5898 | Validation MAE: 0.3959
Epoch 033 | Train Loss: 0.5860 | Validation Loss: 0.5898 | Validation MAE: 0.3959
Epoch 034 | Train Loss: 0.5857 | Validation Loss: 0.5834 | Validation MAE: 0.4029
Epoch 035 | Train Loss: 0.5861 | Validation Loss: 0.5828 | Validation MAE: 0.3986
Epoch 036 | Train Loss: 0.5857 | Validation Loss: 0.5827 | Validation MAE: 0.3986
Epoch 037 | Train Loss: 0.5857 | Validation Loss: 0.5820 | Validation MAE: 0.3996
Epoch 038 | Train Loss: 0.5862 | Validation Loss: 0.5821 | Validation MAE: 0.4011
Epoch 039 | Train Loss: 0.5858 | Validation Loss: 0.5820 | Validation MAE: 0.3999
Epoch 040 | Train Loss: 0.5862 | Validation Loss: 0.5992 | Validation MAE: 0.4107
Epoch 041 | Train Loss: 0.5861 | Validation Loss: 0.5820 | Validation MAE: 0.4004
Epoch 042 | Train Loss: 0.5852 | Validation Loss: 0.5820 | Validation MAE: 0.3996
Epoch 043 | Train Loss: 0.5858 | Validation Loss: 0.5850 | Validation MAE: 0.3971
Epoch 044 | Train Loss: 0.5858 | Validation Loss: 0.5892 | Validation MAE: 0.3957
Epoch 045 | Train Loss: 0.5863 | Validation Loss: 0.5829 | Validation MAE: 0.3982
Epoch 046 | Train Loss: 0.5859 | Validation Loss: 0.5841 | Validation MAE: 0.4033
Epoch 047 | Train Loss: 0.5859 | Validation Loss: 0.5922 | Validation MAE: 0.4078
Epoch 048 | Train Loss: 0.5860 | Validation Loss: 0.5819 | Validation MAE: 0.3999
Epoch 049 | Train Loss: 0.5858 | Validation Loss: 0.5876 | Validation MAE: 0.3961
Epoch 050 | Train Loss: 0.5857 | Validation Loss: 0.5821 | Validation MAE: 0.4008
Epoch 051 | Train Loss: 0.5858 | Validation Loss: 0.5880 | Validation MAE: 0.4057
Epoch 052 | Train Loss: 0.5858 | Validation Loss: 0.5844 | Validation MAE: 0.4034
Epoch 053 | Train Loss: 0.5851 | Validation Loss: 0.5848 | Validation MAE: 0.3970
Epoch 054 | Train Loss: 0.5861 | Validation Loss: 0.5828 | Validation MAE: 0.3983
Epoch 055 | Train Loss: 0.5853 | Validation Loss: 0.5820 | Validation MAE: 0.3994
Epoch 056 | Train Loss: 0.5865 | Validation Loss: 0.5824 | Validation MAE: 0.3987
Epoch 057 | Train Loss: 0.5852 | Validation Loss: 0.5867 | Validation MAE: 0.4049
Epoch 058 | Train Loss: 0.5856 | Validation Loss: 0.5907 | Validation MAE: 0.4070
Epoch 059 | Train Loss: 0.5852 | Validation Loss: 0.5853 | Validation MAE: 0.3968
Epoch 060 | Train Loss: 0.5848 | Validation Loss: 0.5841 | Validation MAE: 0.3973
Epoch 061 | Train Loss: 0.5866 | Validation Loss: 0.5828 | Validation MAE: 0.4019
Epoch 062 | Train Loss: 0.5859 | Validation Loss: 0.5828 | Validation MAE: 0.4019
Epoch 063 | Train Loss: 0.5852 | Validation Loss: 0.5825 | Validation MAE: 0.3986
Epoch 064 | Train Loss: 0.5855 | Validation Loss: 0.5831 | Validation MAE: 0.3980
Epoch 065 | Train Loss: 0.5855 | Validation Loss: 0.5820 | Validation MAE: 0.3994
Epoch 066 | Train Loss: 0.5859 | Validation Loss: 0.5819 | Validation MAE: 0.3999
Epoch 067 | Train Loss: 0.5856 | Validation Loss: 0.5938 | Validation MAE: 0.4084
Epoch 068 | Train Loss: 0.5856 | Validation Loss: 0.5820 | Validation MAE: 0.4005
Epoch 069 | Train Loss: 0.5856 | Validation Loss: 0.5820 | Validation MAE: 0.3996
Epoch 070 | Train Loss: 0.5856 | Validation Loss: 0.5820 | Validation MAE: 0.3996
Epoch 071 | Train Loss: 0.5854 | Validation Loss: 0.5822 | Validation MAE: 0.4010
Epoch 072 | Train Loss: 0.5855 | Validation Loss: 0.5820 | Validation MAE: 0.3994
Epoch 073 | Train Loss: 0.5850 | Validation Loss: 0.5848 | Validation MAE: 0.3970
Epoch 074 | Train Loss: 0.5855 | Validation Loss: 0.5822 | Validation MAE: 0.4010
Epoch 075 | Train Loss: 0.5859 | Validation Loss: 0.5819 | Validation MAE: 0.3998
Epoch 076 | Train Loss: 0.5849 | Validation Loss: 0.5836 | Validation MAE: 0.3976
Epoch 077 | Train Loss: 0.5858 | Validation Loss: 0.5854 | Validation MAE: 0.4041
Epoch 078 | Train Loss: 0.5859 | Validation Loss: 0.5828 | Validation MAE: 0.3982
Epoch 079 | Train Loss: 0.5854 | Validation Loss: 0.5826 | Validation MAE: 0.4017
Epoch 080 | Train Loss: 0.5852 | Validation Loss: 0.5820 | Validation MAE: 0.4006
Epoch 081 | Train Loss: 0.5858 | Validation Loss: 0.5827 | Validation MAE: 0.4017
Epoch 082 | Train Loss: 0.5852 | Validation Loss: 0.5860 | Validation MAE: 0.4044
Epoch 083 | Train Loss: 0.5852 | Validation Loss: 0.5844 | Validation MAE: 0.3971
Epoch 084 | Train Loss: 0.5856 | Validation Loss: 0.5848 | Validation MAE: 0.3970
Epoch 085 | Train Loss: 0.5854 | Validation Loss: 0.5871 | Validation MAE: 0.4051
Epoch 086 | Train Loss: 0.5851 | Validation Loss: 0.5868 | Validation MAE: 0.4049
Epoch 087 | Train Loss: 0.5850 | Validation Loss: 0.5838 | Validation MAE: 0.4028
Epoch 088 | Train Loss: 0.5853 | Validation Loss: 0.5825 | Validation MAE: 0.3985
Epoch 089 | Train Loss: 0.5857 | Validation Loss: 0.5826 | Validation MAE: 0.4016
Epoch 090 | Train Loss: 0.5857 | Validation Loss: 0.5820 | Validation MAE: 0.3994
Epoch 091 | Train Loss: 0.5854 | Validation Loss: 0.5893 | Validation MAE: 0.4063
Epoch 092 | Train Loss: 0.5851 | Validation Loss: 0.5819 | Validation MAE: 0.3996
Epoch 093 | Train Loss: 0.5853 | Validation Loss: 0.5822 | Validation MAE: 0.4009
Epoch 094 | Train Loss: 0.5848 | Validation Loss: 0.5836 | Validation MAE: 0.4026
Epoch 095 | Train Loss: 0.5853 | Validation Loss: 0.5822 | Validation MAE: 0.3989
Epoch 096 | Train Loss: 0.5852 | Validation Loss: 0.5843 | Validation MAE: 0.3971
Epoch 097 | Train Loss: 0.5848 | Validation Loss: 0.5883 | Validation MAE: 0.3957
Epoch 098 | Train Loss: 0.5849 | Validation Loss: 0.5900 | Validation MAE: 0.3953
Epoch 099 | Train Loss: 0.5851 | Validation Loss: 0.5872 | Validation MAE: 0.4050
Epoch 100 | Train Loss: 0.5856 | Validation Loss: 0.5824 | Validation MAE: 0.4012
Epoch 101 | Train Loss: 0.5848 | Validation Loss: 0.5837 | Validation MAE: 0.3974
Early stopping triggered. Stopping training.
Loaded the best model from 'best_model_binary_32_176_28_0.001_v1.pth'.

Test Loss: 0.5819 | Test Accuracy: 0.3999

Confusion Matrix and F1 Score for Different Thresholds:

Threshold: 0.3999
Confusion Matrix:
[[80134 55193]
 [26415 88348]]
Precision: 0.6155, Recall: 0.7698, F1 Score: 0.6841

Threshold: 0.1000
Confusion Matrix:
[[  8906 126421]
 [  1065 113698]]
Precision: 0.4735, Recall: 0.9907, F1 Score: 0.6408

Threshold: 0.2000
Confusion Matrix:
[[ 24917 110410]
 [  4548 110215]]
Precision: 0.4996, Recall: 0.9604, F1 Score: 0.6572

Threshold: 0.3000
Confusion Matrix:
[[ 49782  85545]
 [ 12098 102665]]
Precision: 0.5455, Recall: 0.8946, F1 Score: 0.6777

Threshold: 0.4000
Confusion Matrix:
[[80185 55142]
 [26442 88321]]
Precision: 0.6156, Recall: 0.7696, F1 Score: 0.6841

Threshold: 0.5000
Confusion Matrix:
[[105057  30270]
 [ 46378  68385]]
Precision: 0.6932, Recall: 0.5959, F1 Score: 0.6409
