Running job on gpu-5-31
Requested resources:
  - CPUs: 32
  - GPUs: 
  - Memory: 32000
/home/sprice/MIS/nodeCreator/lib/python3.8/site-packages/torch/__config__.py:10: UserWarning: CUDA initialization: Unexpected error from cudaGetDeviceCount(). Did you run some cuda functions before calling NumCudaDevices() that might have already set an error? Error 802: system not yet initialized (Triggered internally at ../c10/cuda/CUDAFunctions.cpp:108.)
  return torch._C._show_config()
modelTrain_prob.py:229: FutureWarning: You are using `torch.load` with `weights_only=False` (the current default value), which uses the default pickle module implicitly. It is possible to construct malicious pickle data which will execute arbitrary code during unpickling (See https://github.com/pytorch/pytorch/blob/main/SECURITY.md#untrusted-models for more details). In a future release, the default value for `weights_only` will be flipped to `True`. This limits the functions that could be executed during unpickling. Arbitrary objects will no longer be allowed to be loaded via this mode unless they are explicitly allowlisted by the user via `torch.serialization.add_safe_globals`. We recommend you start setting `weights_only=True` for any use case where you don't have full control of the loaded file. Please open an issue on GitHub for any issues related to this experimental feature.
  model.load_state_dict(torch.load(MODEL_SAVE_PATH))
Total JSON files found: 210
Total edgelist directories found: 210
Total graphs in dataset: 21000
Train Dataset Size: 16800
Validation Dataset Size: 4200

Calculating baseline MAE (predicting 0.5 for every node):
Baseline Training MAE: 0.4144
Baseline Validation MAE: 0.4146
Epoch 001 | Train Loss: 0.4590 | Validation Loss: 0.4540 | Validation MAE: 0.2170
Epoch 002 | Train Loss: 0.4547 | Validation Loss: 0.4521 | Validation MAE: 0.2134
Epoch 003 | Train Loss: 0.4522 | Validation Loss: 0.4505 | Validation MAE: 0.2083
Epoch 004 | Train Loss: 0.4495 | Validation Loss: 0.4472 | Validation MAE: 0.2145
Epoch 005 | Train Loss: 0.4460 | Validation Loss: 0.4464 | Validation MAE: 0.2060
Epoch 006 | Train Loss: 0.4455 | Validation Loss: 0.4435 | Validation MAE: 0.2136
Epoch 007 | Train Loss: 0.4419 | Validation Loss: 0.4394 | Validation MAE: 0.2093
Epoch 008 | Train Loss: 0.4339 | Validation Loss: 0.4263 | Validation MAE: 0.2010
Epoch 009 | Train Loss: 0.4189 | Validation Loss: 0.4112 | Validation MAE: 0.1955
Epoch 010 | Train Loss: 0.4055 | Validation Loss: 0.4016 | Validation MAE: 0.1822
Epoch 011 | Train Loss: 0.3973 | Validation Loss: 0.3950 | Validation MAE: 0.1844
Epoch 012 | Train Loss: 0.3922 | Validation Loss: 0.3938 | Validation MAE: 0.1880
Epoch 013 | Train Loss: 0.3880 | Validation Loss: 0.3918 | Validation MAE: 0.1876
Epoch 014 | Train Loss: 0.3847 | Validation Loss: 0.3826 | Validation MAE: 0.1717
Epoch 015 | Train Loss: 0.3817 | Validation Loss: 0.3817 | Validation MAE: 0.1760
Epoch 016 | Train Loss: 0.3783 | Validation Loss: 0.3775 | Validation MAE: 0.1639
Epoch 017 | Train Loss: 0.3771 | Validation Loss: 0.3750 | Validation MAE: 0.1638
Epoch 018 | Train Loss: 0.3740 | Validation Loss: 0.3741 | Validation MAE: 0.1589
Epoch 019 | Train Loss: 0.3721 | Validation Loss: 0.3748 | Validation MAE: 0.1550
Epoch 020 | Train Loss: 0.3713 | Validation Loss: 0.3696 | Validation MAE: 0.1621
Epoch 021 | Train Loss: 0.3693 | Validation Loss: 0.3682 | Validation MAE: 0.1565
Epoch 022 | Train Loss: 0.3679 | Validation Loss: 0.3789 | Validation MAE: 0.1812
Epoch 023 | Train Loss: 0.3665 | Validation Loss: 0.3658 | Validation MAE: 0.1537
Epoch 024 | Train Loss: 0.3649 | Validation Loss: 0.3636 | Validation MAE: 0.1564
Epoch 025 | Train Loss: 0.3633 | Validation Loss: 0.3638 | Validation MAE: 0.1513
Epoch 026 | Train Loss: 0.3630 | Validation Loss: 0.3632 | Validation MAE: 0.1503
Epoch 027 | Train Loss: 0.3617 | Validation Loss: 0.3608 | Validation MAE: 0.1527
Epoch 028 | Train Loss: 0.3606 | Validation Loss: 0.3599 | Validation MAE: 0.1537
Epoch 029 | Train Loss: 0.3610 | Validation Loss: 0.3603 | Validation MAE: 0.1493
Epoch 030 | Train Loss: 0.3595 | Validation Loss: 0.3692 | Validation MAE: 0.1704
Epoch 031 | Train Loss: 0.3594 | Validation Loss: 0.3585 | Validation MAE: 0.1502
Epoch 032 | Train Loss: 0.3588 | Validation Loss: 0.3580 | Validation MAE: 0.1533
Epoch 033 | Train Loss: 0.3578 | Validation Loss: 0.3578 | Validation MAE: 0.1484
Epoch 034 | Train Loss: 0.3578 | Validation Loss: 0.3658 | Validation MAE: 0.1430
Epoch 035 | Train Loss: 0.3573 | Validation Loss: 0.3565 | Validation MAE: 0.1498
Epoch 036 | Train Loss: 0.3573 | Validation Loss: 0.3567 | Validation MAE: 0.1474
Epoch 037 | Train Loss: 0.3563 | Validation Loss: 0.3559 | Validation MAE: 0.1497
Epoch 038 | Train Loss: 0.3570 | Validation Loss: 0.3561 | Validation MAE: 0.1468
Epoch 039 | Train Loss: 0.3562 | Validation Loss: 0.3638 | Validation MAE: 0.1417
Epoch 040 | Train Loss: 0.3561 | Validation Loss: 0.3556 | Validation MAE: 0.1517
Epoch 041 | Train Loss: 0.3558 | Validation Loss: 0.3587 | Validation MAE: 0.1584
Epoch 042 | Train Loss: 0.3554 | Validation Loss: 0.3584 | Validation MAE: 0.1428
Epoch 043 | Train Loss: 0.3551 | Validation Loss: 0.3546 | Validation MAE: 0.1486
Epoch 044 | Train Loss: 0.3555 | Validation Loss: 0.3548 | Validation MAE: 0.1456
Epoch 045 | Train Loss: 0.3546 | Validation Loss: 0.3545 | Validation MAE: 0.1505
Epoch 046 | Train Loss: 0.3547 | Validation Loss: 0.3569 | Validation MAE: 0.1548
Epoch 047 | Train Loss: 0.3544 | Validation Loss: 0.3545 | Validation MAE: 0.1448
Epoch 048 | Train Loss: 0.3547 | Validation Loss: 0.3572 | Validation MAE: 0.1420
Epoch 049 | Train Loss: 0.3546 | Validation Loss: 0.3549 | Validation MAE: 0.1523
Epoch 050 | Train Loss: 0.3539 | Validation Loss: 0.3534 | Validation MAE: 0.1479
Epoch 051 | Train Loss: 0.3535 | Validation Loss: 0.3537 | Validation MAE: 0.1442
Epoch 052 | Train Loss: 0.3541 | Validation Loss: 0.3543 | Validation MAE: 0.1515
Epoch 053 | Train Loss: 0.3539 | Validation Loss: 0.3531 | Validation MAE: 0.1479
Epoch 054 | Train Loss: 0.3541 | Validation Loss: 0.3545 | Validation MAE: 0.1425
Epoch 055 | Train Loss: 0.3539 | Validation Loss: 0.3539 | Validation MAE: 0.1427
Epoch 056 | Train Loss: 0.3533 | Validation Loss: 0.3529 | Validation MAE: 0.1451
Epoch 057 | Train Loss: 0.3534 | Validation Loss: 0.3546 | Validation MAE: 0.1525
Epoch 058 | Train Loss: 0.3530 | Validation Loss: 0.3533 | Validation MAE: 0.1437
Epoch 059 | Train Loss: 0.3534 | Validation Loss: 0.3540 | Validation MAE: 0.1423
Epoch 060 | Train Loss: 0.3527 | Validation Loss: 0.3523 | Validation MAE: 0.1458
Epoch 061 | Train Loss: 0.3526 | Validation Loss: 0.3561 | Validation MAE: 0.1400
Epoch 062 | Train Loss: 0.3527 | Validation Loss: 0.3541 | Validation MAE: 0.1414
Epoch 063 | Train Loss: 0.3532 | Validation Loss: 0.3547 | Validation MAE: 0.1410
Epoch 064 | Train Loss: 0.3525 | Validation Loss: 0.3519 | Validation MAE: 0.1452
Epoch 065 | Train Loss: 0.3522 | Validation Loss: 0.3519 | Validation MAE: 0.1448
Epoch 066 | Train Loss: 0.3522 | Validation Loss: 0.3519 | Validation MAE: 0.1467
Epoch 067 | Train Loss: 0.3523 | Validation Loss: 0.3539 | Validation MAE: 0.1405
Epoch 068 | Train Loss: 0.3527 | Validation Loss: 0.3521 | Validation MAE: 0.1433
Epoch 069 | Train Loss: 0.3523 | Validation Loss: 0.3546 | Validation MAE: 0.1400
Epoch 070 | Train Loss: 0.3520 | Validation Loss: 0.3518 | Validation MAE: 0.1475
Epoch 071 | Train Loss: 0.3524 | Validation Loss: 0.3518 | Validation MAE: 0.1432
Epoch 072 | Train Loss: 0.3518 | Validation Loss: 0.3560 | Validation MAE: 0.1388
Epoch 073 | Train Loss: 0.3516 | Validation Loss: 0.3529 | Validation MAE: 0.1405
Epoch 074 | Train Loss: 0.3519 | Validation Loss: 0.3533 | Validation MAE: 0.1513
Epoch 075 | Train Loss: 0.3516 | Validation Loss: 0.3607 | Validation MAE: 0.1622
Epoch 076 | Train Loss: 0.3516 | Validation Loss: 0.3513 | Validation MAE: 0.1436
Epoch 077 | Train Loss: 0.3512 | Validation Loss: 0.3528 | Validation MAE: 0.1401
Epoch 078 | Train Loss: 0.3512 | Validation Loss: 0.3509 | Validation MAE: 0.1433
Epoch 079 | Train Loss: 0.3511 | Validation Loss: 0.3508 | Validation MAE: 0.1442
Epoch 080 | Train Loss: 0.3512 | Validation Loss: 0.3512 | Validation MAE: 0.1472
Epoch 081 | Train Loss: 0.3511 | Validation Loss: 0.3525 | Validation MAE: 0.1398
Epoch 082 | Train Loss: 0.3517 | Validation Loss: 0.3510 | Validation MAE: 0.1468
Epoch 083 | Train Loss: 0.3513 | Validation Loss: 0.3507 | Validation MAE: 0.1437
Epoch 084 | Train Loss: 0.3511 | Validation Loss: 0.3505 | Validation MAE: 0.1447
Epoch 085 | Train Loss: 0.3507 | Validation Loss: 0.3508 | Validation MAE: 0.1419
Epoch 086 | Train Loss: 0.3507 | Validation Loss: 0.3547 | Validation MAE: 0.1388
Epoch 087 | Train Loss: 0.3511 | Validation Loss: 0.3578 | Validation MAE: 0.1372
Epoch 088 | Train Loss: 0.3504 | Validation Loss: 0.3512 | Validation MAE: 0.1483
Epoch 089 | Train Loss: 0.3508 | Validation Loss: 0.3507 | Validation MAE: 0.1468
Epoch 090 | Train Loss: 0.3505 | Validation Loss: 0.3512 | Validation MAE: 0.1478
Epoch 091 | Train Loss: 0.3508 | Validation Loss: 0.3506 | Validation MAE: 0.1429
Epoch 092 | Train Loss: 0.3508 | Validation Loss: 0.3510 | Validation MAE: 0.1401
Epoch 093 | Train Loss: 0.3503 | Validation Loss: 0.3500 | Validation MAE: 0.1440
Epoch 094 | Train Loss: 0.3502 | Validation Loss: 0.3499 | Validation MAE: 0.1430
Epoch 095 | Train Loss: 0.3508 | Validation Loss: 0.3499 | Validation MAE: 0.1443
Epoch 096 | Train Loss: 0.3501 | Validation Loss: 0.3509 | Validation MAE: 0.1477
Epoch 097 | Train Loss: 0.3502 | Validation Loss: 0.3530 | Validation MAE: 0.1383
Epoch 098 | Train Loss: 0.3503 | Validation Loss: 0.3506 | Validation MAE: 0.1475
Epoch 099 | Train Loss: 0.3506 | Validation Loss: 0.3497 | Validation MAE: 0.1426
Epoch 100 | Train Loss: 0.3500 | Validation Loss: 0.3501 | Validation MAE: 0.1406
Epoch 101 | Train Loss: 0.3502 | Validation Loss: 0.3497 | Validation MAE: 0.1417
Epoch 102 | Train Loss: 0.3496 | Validation Loss: 0.3497 | Validation MAE: 0.1432
Epoch 103 | Train Loss: 0.3497 | Validation Loss: 0.3504 | Validation MAE: 0.1470
Epoch 104 | Train Loss: 0.3499 | Validation Loss: 0.3513 | Validation MAE: 0.1387
Epoch 105 | Train Loss: 0.3495 | Validation Loss: 0.3495 | Validation MAE: 0.1441
Epoch 106 | Train Loss: 0.3501 | Validation Loss: 0.3524 | Validation MAE: 0.1379
Epoch 107 | Train Loss: 0.3497 | Validation Loss: 0.3493 | Validation MAE: 0.1418
Epoch 108 | Train Loss: 0.3502 | Validation Loss: 0.3496 | Validation MAE: 0.1411
Epoch 109 | Train Loss: 0.3494 | Validation Loss: 0.3500 | Validation MAE: 0.1407
Epoch 110 | Train Loss: 0.3493 | Validation Loss: 0.3540 | Validation MAE: 0.1368
Epoch 111 | Train Loss: 0.3494 | Validation Loss: 0.3497 | Validation MAE: 0.1412
Epoch 112 | Train Loss: 0.3494 | Validation Loss: 0.3498 | Validation MAE: 0.1462
Epoch 113 | Train Loss: 0.3504 | Validation Loss: 0.3525 | Validation MAE: 0.1517
Epoch 114 | Train Loss: 0.3493 | Validation Loss: 0.3494 | Validation MAE: 0.1418
Epoch 115 | Train Loss: 0.3494 | Validation Loss: 0.3493 | Validation MAE: 0.1435
Epoch 116 | Train Loss: 0.3496 | Validation Loss: 0.3509 | Validation MAE: 0.1488
Epoch 117 | Train Loss: 0.3493 | Validation Loss: 0.3490 | Validation MAE: 0.1429
Epoch 118 | Train Loss: 0.3495 | Validation Loss: 0.3492 | Validation MAE: 0.1409
Epoch 119 | Train Loss: 0.3496 | Validation Loss: 0.3493 | Validation MAE: 0.1447
Epoch 120 | Train Loss: 0.3493 | Validation Loss: 0.3495 | Validation MAE: 0.1405
Epoch 121 | Train Loss: 0.3493 | Validation Loss: 0.3493 | Validation MAE: 0.1443
Epoch 122 | Train Loss: 0.3496 | Validation Loss: 0.3510 | Validation MAE: 0.1478
Epoch 123 | Train Loss: 0.3502 | Validation Loss: 0.3490 | Validation MAE: 0.1417
Epoch 124 | Train Loss: 0.3494 | Validation Loss: 0.3490 | Validation MAE: 0.1426
Epoch 125 | Train Loss: 0.3491 | Validation Loss: 0.3509 | Validation MAE: 0.1476
Epoch 126 | Train Loss: 0.3490 | Validation Loss: 0.3489 | Validation MAE: 0.1409
Epoch 127 | Train Loss: 0.3494 | Validation Loss: 0.3491 | Validation MAE: 0.1404
Epoch 128 | Train Loss: 0.3491 | Validation Loss: 0.3553 | Validation MAE: 0.1560
Epoch 129 | Train Loss: 0.3490 | Validation Loss: 0.3487 | Validation MAE: 0.1417
Epoch 130 | Train Loss: 0.3486 | Validation Loss: 0.3491 | Validation MAE: 0.1409
Epoch 131 | Train Loss: 0.3493 | Validation Loss: 0.3491 | Validation MAE: 0.1448
Epoch 132 | Train Loss: 0.3487 | Validation Loss: 0.3492 | Validation MAE: 0.1451
Epoch 133 | Train Loss: 0.3493 | Validation Loss: 0.3486 | Validation MAE: 0.1431
Epoch 134 | Train Loss: 0.3495 | Validation Loss: 0.3532 | Validation MAE: 0.1532
Epoch 135 | Train Loss: 0.3486 | Validation Loss: 0.3487 | Validation MAE: 0.1429
Epoch 136 | Train Loss: 0.3493 | Validation Loss: 0.3494 | Validation MAE: 0.1461
Epoch 137 | Train Loss: 0.3486 | Validation Loss: 0.3545 | Validation MAE: 0.1357
Epoch 138 | Train Loss: 0.3491 | Validation Loss: 0.3503 | Validation MAE: 0.1484
Epoch 139 | Train Loss: 0.3486 | Validation Loss: 0.3504 | Validation MAE: 0.1378
Epoch 140 | Train Loss: 0.3493 | Validation Loss: 0.3494 | Validation MAE: 0.1391
Epoch 141 | Train Loss: 0.3489 | Validation Loss: 0.3494 | Validation MAE: 0.1390
Epoch 142 | Train Loss: 0.3484 | Validation Loss: 0.3488 | Validation MAE: 0.1397
Epoch 143 | Train Loss: 0.3490 | Validation Loss: 0.3576 | Validation MAE: 0.1581
Epoch 144 | Train Loss: 0.3490 | Validation Loss: 0.3486 | Validation MAE: 0.1414
Epoch 145 | Train Loss: 0.3490 | Validation Loss: 0.3489 | Validation MAE: 0.1389
Epoch 146 | Train Loss: 0.3487 | Validation Loss: 0.3484 | Validation MAE: 0.1418
Epoch 147 | Train Loss: 0.3488 | Validation Loss: 0.3489 | Validation MAE: 0.1391
Epoch 148 | Train Loss: 0.3484 | Validation Loss: 0.3489 | Validation MAE: 0.1449
Epoch 149 | Train Loss: 0.3489 | Validation Loss: 0.3489 | Validation MAE: 0.1386
Epoch 150 | Train Loss: 0.3487 | Validation Loss: 0.3483 | Validation MAE: 0.1413
Epoch 151 | Train Loss: 0.3485 | Validation Loss: 0.3490 | Validation MAE: 0.1452
Epoch 152 | Train Loss: 0.3483 | Validation Loss: 0.3507 | Validation MAE: 0.1490
Epoch 153 | Train Loss: 0.3494 | Validation Loss: 0.3485 | Validation MAE: 0.1396
Epoch 154 | Train Loss: 0.3485 | Validation Loss: 0.3483 | Validation MAE: 0.1421
Epoch 155 | Train Loss: 0.3486 | Validation Loss: 0.3484 | Validation MAE: 0.1431
Epoch 156 | Train Loss: 0.3482 | Validation Loss: 0.3501 | Validation MAE: 0.1478
Epoch 157 | Train Loss: 0.3485 | Validation Loss: 0.3493 | Validation MAE: 0.1381
Epoch 158 | Train Loss: 0.3487 | Validation Loss: 0.3497 | Validation MAE: 0.1374
Epoch 159 | Train Loss: 0.3490 | Validation Loss: 0.3485 | Validation MAE: 0.1394
Epoch 160 | Train Loss: 0.3487 | Validation Loss: 0.3500 | Validation MAE: 0.1384
Epoch 161 | Train Loss: 0.3485 | Validation Loss: 0.3484 | Validation MAE: 0.1412
Epoch 162 | Train Loss: 0.3484 | Validation Loss: 0.3484 | Validation MAE: 0.1409
Epoch 163 | Train Loss: 0.3485 | Validation Loss: 0.3484 | Validation MAE: 0.1434
Epoch 164 | Train Loss: 0.3482 | Validation Loss: 0.3505 | Validation MAE: 0.1367
Epoch 165 | Train Loss: 0.3489 | Validation Loss: 0.3512 | Validation MAE: 0.1366
Epoch 166 | Train Loss: 0.3484 | Validation Loss: 0.3517 | Validation MAE: 0.1361
Epoch 167 | Train Loss: 0.3486 | Validation Loss: 0.3501 | Validation MAE: 0.1369
Epoch 168 | Train Loss: 0.3492 | Validation Loss: 0.3481 | Validation MAE: 0.1419
Epoch 169 | Train Loss: 0.3482 | Validation Loss: 0.3481 | Validation MAE: 0.1408
Epoch 170 | Train Loss: 0.3488 | Validation Loss: 0.3486 | Validation MAE: 0.1435
Epoch 171 | Train Loss: 0.3487 | Validation Loss: 0.3483 | Validation MAE: 0.1433
Epoch 172 | Train Loss: 0.3481 | Validation Loss: 0.3531 | Validation MAE: 0.1529
Epoch 173 | Train Loss: 0.3489 | Validation Loss: 0.3480 | Validation MAE: 0.1405
Epoch 174 | Train Loss: 0.3482 | Validation Loss: 0.3497 | Validation MAE: 0.1370
Epoch 175 | Train Loss: 0.3481 | Validation Loss: 0.3497 | Validation MAE: 0.1467
Epoch 176 | Train Loss: 0.3483 | Validation Loss: 0.3481 | Validation MAE: 0.1409
Epoch 177 | Train Loss: 0.3490 | Validation Loss: 0.3480 | Validation MAE: 0.1407
Epoch 178 | Train Loss: 0.3487 | Validation Loss: 0.3485 | Validation MAE: 0.1398
Epoch 179 | Train Loss: 0.3487 | Validation Loss: 0.3498 | Validation MAE: 0.1470
Epoch 180 | Train Loss: 0.3484 | Validation Loss: 0.3480 | Validation MAE: 0.1400
Epoch 181 | Train Loss: 0.3483 | Validation Loss: 0.3480 | Validation MAE: 0.1417
Epoch 182 | Train Loss: 0.3483 | Validation Loss: 0.3494 | Validation MAE: 0.1375
Epoch 183 | Train Loss: 0.3478 | Validation Loss: 0.3490 | Validation MAE: 0.1458
Epoch 184 | Train Loss: 0.3484 | Validation Loss: 0.3488 | Validation MAE: 0.1413
Epoch 185 | Train Loss: 0.3486 | Validation Loss: 0.3496 | Validation MAE: 0.1469
Epoch 186 | Train Loss: 0.3482 | Validation Loss: 0.3601 | Validation MAE: 0.1620
Epoch 187 | Train Loss: 0.3481 | Validation Loss: 0.3480 | Validation MAE: 0.1395
Epoch 188 | Train Loss: 0.3488 | Validation Loss: 0.3482 | Validation MAE: 0.1394
Epoch 189 | Train Loss: 0.3482 | Validation Loss: 0.3500 | Validation MAE: 0.1370
Epoch 190 | Train Loss: 0.3483 | Validation Loss: 0.3479 | Validation MAE: 0.1410
Epoch 191 | Train Loss: 0.3478 | Validation Loss: 0.3480 | Validation MAE: 0.1400
Epoch 192 | Train Loss: 0.3483 | Validation Loss: 0.3480 | Validation MAE: 0.1414
Epoch 193 | Train Loss: 0.3480 | Validation Loss: 0.3479 | Validation MAE: 0.1396
Epoch 194 | Train Loss: 0.3483 | Validation Loss: 0.3555 | Validation MAE: 0.1343
Epoch 195 | Train Loss: 0.3483 | Validation Loss: 0.3500 | Validation MAE: 0.1362
Epoch 196 | Train Loss: 0.3487 | Validation Loss: 0.3479 | Validation MAE: 0.1410
Epoch 197 | Train Loss: 0.3484 | Validation Loss: 0.3481 | Validation MAE: 0.1387
Epoch 198 | Train Loss: 0.3481 | Validation Loss: 0.3487 | Validation MAE: 0.1377
Epoch 199 | Train Loss: 0.3485 | Validation Loss: 0.3487 | Validation MAE: 0.1382
Epoch 200 | Train Loss: 0.3482 | Validation Loss: 0.3527 | Validation MAE: 0.1350
Epoch 201 | Train Loss: 0.3483 | Validation Loss: 0.3478 | Validation MAE: 0.1391
Epoch 202 | Train Loss: 0.3483 | Validation Loss: 0.3488 | Validation MAE: 0.1376
Epoch 203 | Train Loss: 0.3482 | Validation Loss: 0.3485 | Validation MAE: 0.1403
Epoch 204 | Train Loss: 0.3479 | Validation Loss: 0.3558 | Validation MAE: 0.1563
Epoch 205 | Train Loss: 0.3480 | Validation Loss: 0.3482 | Validation MAE: 0.1438
Epoch 206 | Train Loss: 0.3478 | Validation Loss: 0.3483 | Validation MAE: 0.1381
Epoch 207 | Train Loss: 0.3486 | Validation Loss: 0.3556 | Validation MAE: 0.1344
Epoch 208 | Train Loss: 0.3478 | Validation Loss: 0.3488 | Validation MAE: 0.1373
Epoch 209 | Train Loss: 0.3481 | Validation Loss: 0.3479 | Validation MAE: 0.1424
Epoch 210 | Train Loss: 0.3482 | Validation Loss: 0.3501 | Validation MAE: 0.1361
Epoch 211 | Train Loss: 0.3479 | Validation Loss: 0.3482 | Validation MAE: 0.1382
Epoch 212 | Train Loss: 0.3484 | Validation Loss: 0.3480 | Validation MAE: 0.1393
Epoch 213 | Train Loss: 0.3483 | Validation Loss: 0.3487 | Validation MAE: 0.1448
Epoch 214 | Train Loss: 0.3484 | Validation Loss: 0.3526 | Validation MAE: 0.1521
Epoch 215 | Train Loss: 0.3481 | Validation Loss: 0.3477 | Validation MAE: 0.1401
Epoch 216 | Train Loss: 0.3476 | Validation Loss: 0.3586 | Validation MAE: 0.1599
Epoch 217 | Train Loss: 0.3482 | Validation Loss: 0.3497 | Validation MAE: 0.1365
Epoch 218 | Train Loss: 0.3483 | Validation Loss: 0.3535 | Validation MAE: 0.1348
Epoch 219 | Train Loss: 0.3481 | Validation Loss: 0.3488 | Validation MAE: 0.1452
Epoch 220 | Train Loss: 0.3481 | Validation Loss: 0.3481 | Validation MAE: 0.1416
Epoch 221 | Train Loss: 0.3482 | Validation Loss: 0.3550 | Validation MAE: 0.1554
Epoch 222 | Train Loss: 0.3481 | Validation Loss: 0.3492 | Validation MAE: 0.1454
Epoch 223 | Train Loss: 0.3477 | Validation Loss: 0.3476 | Validation MAE: 0.1394
Epoch 224 | Train Loss: 0.3480 | Validation Loss: 0.3477 | Validation MAE: 0.1416
Epoch 225 | Train Loss: 0.3481 | Validation Loss: 0.3493 | Validation MAE: 0.1463
Epoch 226 | Train Loss: 0.3483 | Validation Loss: 0.3478 | Validation MAE: 0.1390
Epoch 227 | Train Loss: 0.3480 | Validation Loss: 0.3479 | Validation MAE: 0.1387
Epoch 228 | Train Loss: 0.3485 | Validation Loss: 0.3483 | Validation MAE: 0.1384
Epoch 229 | Train Loss: 0.3482 | Validation Loss: 0.3478 | Validation MAE: 0.1420
Epoch 230 | Train Loss: 0.3477 | Validation Loss: 0.3479 | Validation MAE: 0.1398
Epoch 231 | Train Loss: 0.3477 | Validation Loss: 0.3479 | Validation MAE: 0.1425
Epoch 232 | Train Loss: 0.3480 | Validation Loss: 0.3609 | Validation MAE: 0.1623
Epoch 233 | Train Loss: 0.3487 | Validation Loss: 0.3477 | Validation MAE: 0.1406
Epoch 234 | Train Loss: 0.3479 | Validation Loss: 0.3482 | Validation MAE: 0.1438
Epoch 235 | Train Loss: 0.3478 | Validation Loss: 0.3480 | Validation MAE: 0.1392
Epoch 236 | Train Loss: 0.3479 | Validation Loss: 0.3487 | Validation MAE: 0.1371
Epoch 237 | Train Loss: 0.3484 | Validation Loss: 0.3486 | Validation MAE: 0.1374
Epoch 238 | Train Loss: 0.3480 | Validation Loss: 0.3515 | Validation MAE: 0.1504
Epoch 239 | Train Loss: 0.3486 | Validation Loss: 0.3595 | Validation MAE: 0.1611
Epoch 240 | Train Loss: 0.3480 | Validation Loss: 0.3495 | Validation MAE: 0.1468
Epoch 241 | Train Loss: 0.3474 | Validation Loss: 0.3486 | Validation MAE: 0.1370
Epoch 242 | Train Loss: 0.3487 | Validation Loss: 0.3557 | Validation MAE: 0.1340
Epoch 243 | Train Loss: 0.3479 | Validation Loss: 0.3478 | Validation MAE: 0.1390
Epoch 244 | Train Loss: 0.3476 | Validation Loss: 0.3516 | Validation MAE: 0.1349
Epoch 245 | Train Loss: 0.3480 | Validation Loss: 0.3475 | Validation MAE: 0.1406
Epoch 246 | Train Loss: 0.3486 | Validation Loss: 0.3524 | Validation MAE: 0.1348
Epoch 247 | Train Loss: 0.3474 | Validation Loss: 0.3480 | Validation MAE: 0.1395
Epoch 248 | Train Loss: 0.3479 | Validation Loss: 0.3476 | Validation MAE: 0.1395
Epoch 249 | Train Loss: 0.3477 | Validation Loss: 0.3564 | Validation MAE: 0.1570
Epoch 250 | Train Loss: 0.3476 | Validation Loss: 0.3484 | Validation MAE: 0.1439
Epoch 251 | Train Loss: 0.3476 | Validation Loss: 0.3527 | Validation MAE: 0.1519
Epoch 252 | Train Loss: 0.3486 | Validation Loss: 0.3481 | Validation MAE: 0.1381
Epoch 253 | Train Loss: 0.3484 | Validation Loss: 0.3479 | Validation MAE: 0.1382
Epoch 254 | Train Loss: 0.3475 | Validation Loss: 0.3506 | Validation MAE: 0.1488
Epoch 255 | Train Loss: 0.3481 | Validation Loss: 0.3480 | Validation MAE: 0.1390
Epoch 256 | Train Loss: 0.3475 | Validation Loss: 0.3475 | Validation MAE: 0.1391
Epoch 257 | Train Loss: 0.3478 | Validation Loss: 0.3478 | Validation MAE: 0.1419
Epoch 258 | Train Loss: 0.3475 | Validation Loss: 0.3477 | Validation MAE: 0.1381
Epoch 259 | Train Loss: 0.3476 | Validation Loss: 0.3481 | Validation MAE: 0.1432
Epoch 260 | Train Loss: 0.3480 | Validation Loss: 0.3489 | Validation MAE: 0.1456
Epoch 261 | Train Loss: 0.3481 | Validation Loss: 0.3476 | Validation MAE: 0.1407
Epoch 262 | Train Loss: 0.3478 | Validation Loss: 0.3480 | Validation MAE: 0.1430
Epoch 263 | Train Loss: 0.3478 | Validation Loss: 0.3491 | Validation MAE: 0.1461
Epoch 264 | Train Loss: 0.3483 | Validation Loss: 0.3477 | Validation MAE: 0.1396
Epoch 265 | Train Loss: 0.3479 | Validation Loss: 0.3521 | Validation MAE: 0.1512
Epoch 266 | Train Loss: 0.3475 | Validation Loss: 0.3489 | Validation MAE: 0.1365
Epoch 267 | Train Loss: 0.3481 | Validation Loss: 0.3503 | Validation MAE: 0.1482
Epoch 268 | Train Loss: 0.3475 | Validation Loss: 0.3524 | Validation MAE: 0.1516
Epoch 269 | Train Loss: 0.3481 | Validation Loss: 0.3506 | Validation MAE: 0.1490
Epoch 270 | Train Loss: 0.3473 | Validation Loss: 0.3555 | Validation MAE: 0.1337
Epoch 271 | Train Loss: 0.3479 | Validation Loss: 0.3570 | Validation MAE: 0.1580
Epoch 272 | Train Loss: 0.3477 | Validation Loss: 0.3497 | Validation MAE: 0.1472
Epoch 273 | Train Loss: 0.3475 | Validation Loss: 0.3485 | Validation MAE: 0.1367
Epoch 274 | Train Loss: 0.3473 | Validation Loss: 0.3476 | Validation MAE: 0.1422
Epoch 275 | Train Loss: 0.3478 | Validation Loss: 0.3510 | Validation MAE: 0.1352
Epoch 276 | Train Loss: 0.3477 | Validation Loss: 0.3491 | Validation MAE: 0.1359
Epoch 277 | Train Loss: 0.3475 | Validation Loss: 0.3474 | Validation MAE: 0.1406
Epoch 278 | Train Loss: 0.3475 | Validation Loss: 0.3477 | Validation MAE: 0.1424
Epoch 279 | Train Loss: 0.3475 | Validation Loss: 0.3485 | Validation MAE: 0.1374
Epoch 280 | Train Loss: 0.3477 | Validation Loss: 0.3489 | Validation MAE: 0.1457
Epoch 281 | Train Loss: 0.3482 | Validation Loss: 0.3476 | Validation MAE: 0.1402
Epoch 282 | Train Loss: 0.3482 | Validation Loss: 0.3504 | Validation MAE: 0.1364
Epoch 283 | Train Loss: 0.3481 | Validation Loss: 0.3475 | Validation MAE: 0.1417
Epoch 284 | Train Loss: 0.3481 | Validation Loss: 0.3492 | Validation MAE: 0.1362
Epoch 285 | Train Loss: 0.3478 | Validation Loss: 0.3475 | Validation MAE: 0.1402
Epoch 286 | Train Loss: 0.3482 | Validation Loss: 0.3475 | Validation MAE: 0.1418
Epoch 287 | Train Loss: 0.3477 | Validation Loss: 0.3479 | Validation MAE: 0.1375
Epoch 288 | Train Loss: 0.3478 | Validation Loss: 0.3487 | Validation MAE: 0.1451
Epoch 289 | Train Loss: 0.3473 | Validation Loss: 0.3481 | Validation MAE: 0.1431
Epoch 290 | Train Loss: 0.3477 | Validation Loss: 0.3499 | Validation MAE: 0.1473
Epoch 291 | Train Loss: 0.3479 | Validation Loss: 0.3490 | Validation MAE: 0.1365
Epoch 292 | Train Loss: 0.3480 | Validation Loss: 0.3475 | Validation MAE: 0.1391
Epoch 293 | Train Loss: 0.3473 | Validation Loss: 0.3481 | Validation MAE: 0.1369
Epoch 294 | Train Loss: 0.3479 | Validation Loss: 0.3481 | Validation MAE: 0.1427
Epoch 295 | Train Loss: 0.3472 | Validation Loss: 0.3473 | Validation MAE: 0.1398
Epoch 296 | Train Loss: 0.3477 | Validation Loss: 0.3490 | Validation MAE: 0.1363
Epoch 297 | Train Loss: 0.3476 | Validation Loss: 0.3476 | Validation MAE: 0.1423
Epoch 298 | Train Loss: 0.3475 | Validation Loss: 0.3476 | Validation MAE: 0.1381
Epoch 299 | Train Loss: 0.3475 | Validation Loss: 0.3518 | Validation MAE: 0.1508
Epoch 300 | Train Loss: 0.3481 | Validation Loss: 0.3545 | Validation MAE: 0.1337
Epoch 301 | Train Loss: 0.3478 | Validation Loss: 0.3482 | Validation MAE: 0.1368
Epoch 302 | Train Loss: 0.3475 | Validation Loss: 0.3477 | Validation MAE: 0.1427
Epoch 303 | Train Loss: 0.3478 | Validation Loss: 0.3492 | Validation MAE: 0.1465
Epoch 304 | Train Loss: 0.3475 | Validation Loss: 0.3473 | Validation MAE: 0.1397
Epoch 305 | Train Loss: 0.3475 | Validation Loss: 0.3485 | Validation MAE: 0.1366
Epoch 306 | Train Loss: 0.3478 | Validation Loss: 0.3511 | Validation MAE: 0.1498
Epoch 307 | Train Loss: 0.3475 | Validation Loss: 0.3479 | Validation MAE: 0.1375
Epoch 308 | Train Loss: 0.3483 | Validation Loss: 0.3480 | Validation MAE: 0.1427
Epoch 309 | Train Loss: 0.3477 | Validation Loss: 0.3501 | Validation MAE: 0.1354
Epoch 310 | Train Loss: 0.3478 | Validation Loss: 0.3478 | Validation MAE: 0.1391
Epoch 311 | Train Loss: 0.3476 | Validation Loss: 0.3474 | Validation MAE: 0.1384
Epoch 312 | Train Loss: 0.3480 | Validation Loss: 0.3490 | Validation MAE: 0.1461
Epoch 313 | Train Loss: 0.3478 | Validation Loss: 0.3505 | Validation MAE: 0.1483
Epoch 314 | Train Loss: 0.3476 | Validation Loss: 0.3480 | Validation MAE: 0.1436
Epoch 315 | Train Loss: 0.3475 | Validation Loss: 0.3502 | Validation MAE: 0.1481
Epoch 316 | Train Loss: 0.3479 | Validation Loss: 0.3476 | Validation MAE: 0.1377
Epoch 317 | Train Loss: 0.3474 | Validation Loss: 0.3472 | Validation MAE: 0.1393
Epoch 318 | Train Loss: 0.3478 | Validation Loss: 0.3511 | Validation MAE: 0.1498
Epoch 319 | Train Loss: 0.3475 | Validation Loss: 0.3477 | Validation MAE: 0.1376
Epoch 320 | Train Loss: 0.3476 | Validation Loss: 0.3474 | Validation MAE: 0.1411
Epoch 321 | Train Loss: 0.3476 | Validation Loss: 0.3483 | Validation MAE: 0.1366
Epoch 322 | Train Loss: 0.3470 | Validation Loss: 0.3497 | Validation MAE: 0.1472
Epoch 323 | Train Loss: 0.3475 | Validation Loss: 0.3485 | Validation MAE: 0.1362
Epoch 324 | Train Loss: 0.3478 | Validation Loss: 0.3472 | Validation MAE: 0.1396
Epoch 325 | Train Loss: 0.3479 | Validation Loss: 0.3500 | Validation MAE: 0.1356
Epoch 326 | Train Loss: 0.3472 | Validation Loss: 0.3480 | Validation MAE: 0.1371
Epoch 327 | Train Loss: 0.3471 | Validation Loss: 0.3490 | Validation MAE: 0.1462
Epoch 328 | Train Loss: 0.3476 | Validation Loss: 0.3476 | Validation MAE: 0.1380
Epoch 329 | Train Loss: 0.3476 | Validation Loss: 0.3483 | Validation MAE: 0.1441
Epoch 330 | Train Loss: 0.3475 | Validation Loss: 0.3487 | Validation MAE: 0.1366
Epoch 331 | Train Loss: 0.3475 | Validation Loss: 0.3484 | Validation MAE: 0.1364
Epoch 332 | Train Loss: 0.3476 | Validation Loss: 0.3478 | Validation MAE: 0.1427
Epoch 333 | Train Loss: 0.3476 | Validation Loss: 0.3482 | Validation MAE: 0.1440
Epoch 334 | Train Loss: 0.3480 | Validation Loss: 0.3474 | Validation MAE: 0.1402
Epoch 335 | Train Loss: 0.3474 | Validation Loss: 0.3473 | Validation MAE: 0.1409
Epoch 336 | Train Loss: 0.3476 | Validation Loss: 0.3474 | Validation MAE: 0.1397
Epoch 337 | Train Loss: 0.3472 | Validation Loss: 0.3471 | Validation MAE: 0.1395
Epoch 338 | Train Loss: 0.3476 | Validation Loss: 0.3475 | Validation MAE: 0.1384
Epoch 339 | Train Loss: 0.3468 | Validation Loss: 0.3473 | Validation MAE: 0.1380
Epoch 340 | Train Loss: 0.3475 | Validation Loss: 0.3471 | Validation MAE: 0.1394
Epoch 341 | Train Loss: 0.3473 | Validation Loss: 0.3479 | Validation MAE: 0.1372
Epoch 342 | Train Loss: 0.3475 | Validation Loss: 0.3486 | Validation MAE: 0.1359
Epoch 343 | Train Loss: 0.3475 | Validation Loss: 0.3473 | Validation MAE: 0.1399
Epoch 344 | Train Loss: 0.3478 | Validation Loss: 0.3480 | Validation MAE: 0.1414
Epoch 345 | Train Loss: 0.3475 | Validation Loss: 0.3495 | Validation MAE: 0.1470
Epoch 346 | Train Loss: 0.3480 | Validation Loss: 0.3475 | Validation MAE: 0.1421
Epoch 347 | Train Loss: 0.3471 | Validation Loss: 0.3483 | Validation MAE: 0.1363
Epoch 348 | Train Loss: 0.3475 | Validation Loss: 0.3475 | Validation MAE: 0.1422
Epoch 349 | Train Loss: 0.3472 | Validation Loss: 0.3490 | Validation MAE: 0.1359
Epoch 350 | Train Loss: 0.3479 | Validation Loss: 0.3475 | Validation MAE: 0.1385
Epoch 351 | Train Loss: 0.3476 | Validation Loss: 0.3477 | Validation MAE: 0.1430
Epoch 352 | Train Loss: 0.3481 | Validation Loss: 0.3476 | Validation MAE: 0.1392
Epoch 353 | Train Loss: 0.3472 | Validation Loss: 0.3475 | Validation MAE: 0.1411
Epoch 354 | Train Loss: 0.3474 | Validation Loss: 0.3482 | Validation MAE: 0.1370
Epoch 355 | Train Loss: 0.3472 | Validation Loss: 0.3474 | Validation MAE: 0.1421
Epoch 356 | Train Loss: 0.3471 | Validation Loss: 0.3490 | Validation MAE: 0.1359
Epoch 357 | Train Loss: 0.3477 | Validation Loss: 0.3501 | Validation MAE: 0.1352
Epoch 358 | Train Loss: 0.3471 | Validation Loss: 0.3490 | Validation MAE: 0.1356
Epoch 359 | Train Loss: 0.3479 | Validation Loss: 0.3473 | Validation MAE: 0.1404
Epoch 360 | Train Loss: 0.3477 | Validation Loss: 0.3481 | Validation MAE: 0.1377
Epoch 361 | Train Loss: 0.3472 | Validation Loss: 0.3474 | Validation MAE: 0.1409
Epoch 362 | Train Loss: 0.3474 | Validation Loss: 0.3487 | Validation MAE: 0.1448
Epoch 363 | Train Loss: 0.3478 | Validation Loss: 0.3477 | Validation MAE: 0.1391
Epoch 364 | Train Loss: 0.3473 | Validation Loss: 0.3492 | Validation MAE: 0.1463
Epoch 365 | Train Loss: 0.3475 | Validation Loss: 0.3492 | Validation MAE: 0.1467
Epoch 366 | Train Loss: 0.3478 | Validation Loss: 0.3489 | Validation MAE: 0.1459
Epoch 367 | Train Loss: 0.3470 | Validation Loss: 0.3475 | Validation MAE: 0.1374
Epoch 368 | Train Loss: 0.3474 | Validation Loss: 0.3533 | Validation MAE: 0.1530
Epoch 369 | Train Loss: 0.3472 | Validation Loss: 0.3478 | Validation MAE: 0.1379
Epoch 370 | Train Loss: 0.3479 | Validation Loss: 0.3515 | Validation MAE: 0.1346
Epoch 371 | Train Loss: 0.3475 | Validation Loss: 0.3471 | Validation MAE: 0.1397
Epoch 372 | Train Loss: 0.3473 | Validation Loss: 0.3530 | Validation MAE: 0.1340
Early stopping triggered. Stopping training.
Loaded the best model from 'best_model_prob_32_176_28_0.001_v4.pth'.

Test Loss: 0.3471 | Test MAE: 0.1395

Confusion Matrix and F1 Score for Different Thresholds:

Threshold: 0.1395
Confusion Matrix:
[[106875  42677]
 [  3401  24202]]
Precision: 0.3619, Recall: 0.8768, F1 Score: 0.5123

Threshold: 0.1000
Confusion Matrix:
[[88986 60566]
 [ 2059 25544]]
Precision: 0.2966, Recall: 0.9254, F1 Score: 0.4493

Threshold: 0.2000
Confusion Matrix:
[[121720  27832]
 [  5507  22096]]
Precision: 0.4426, Recall: 0.8005, F1 Score: 0.5700

Threshold: 0.3000
Confusion Matrix:
[[134329  15223]
 [  8650  18953]]
Precision: 0.5546, Recall: 0.6866, F1 Score: 0.6136

Threshold: 0.4000
Confusion Matrix:
[[140893   8659]
 [ 11664  15939]]
Precision: 0.6480, Recall: 0.5774, F1 Score: 0.6107

Threshold: 0.5000
Confusion Matrix:
[[144744   4808]
 [ 14655  12948]]
Precision: 0.7292, Recall: 0.4691, F1 Score: 0.5709
