Running job on gpu-5-11
Requested resources:
  - CPUs: 64
  - GPUs: 
  - Memory: 64000
Node counts to process: [15, 20, 25]
Removal percentages to process: [15, 20, 25, 30, 35, 40, 45, 50, 55, 60, 65, 70, 75, 80, 85]%
Base directory: generated_graphs
Output directory: greedy_mis_results_grouped
Total tasks to process: 2250
Using 128 processes for parallel computation.
Processed generated_graphs/nodes_15/removal_20percent/graph_49.edgelist: Greedy MIS size = 3
Processed generated_graphs/nodes_15/removal_35percent/graph_17.edgelist: Greedy MIS size = 3
Processed generated_graphs/nodes_15/removal_50percent/graph_43.edgelist: Greedy MIS size = 5
Processed generated_graphs/nodes_15/removal_65percent/graph_39.edgelist: Greedy MIS size = 6
Processed generated_graphs/nodes_15/removal_80percent/graph_40.edgelist: Greedy MIS size = 9
Processed generated_graphs/nodes_20/removal_20percent/graph_45.edgelist: Greedy MIS size = 3
Processed generated_graphs/nodes_20/removal_40percent/graph_13.edgelist: Greedy MIS size = 4
Processed generated_graphs/nodes_20/removal_50percent/graph_20.edgelist: Greedy MIS size = 5
Processed generated_graphs/nodes_20/removal_60percent/graph_42.edgelist: Greedy MIS size = 5
Processed generated_graphs/nodes_20/removal_70percent/graph_47.edgelist: Greedy MIS size = 7
Processed generated_graphs/nodes_20/removal_85percent/graph_27.edgelist: Greedy MIS size = 10
Processed generated_graphs/nodes_25/removal_20percent/graph_18.edgelist: Greedy MIS size = 3
Processed generated_graphs/nodes_25/removal_30percent/graph_32.edgelist: Greedy MIS size = 4
Processed generated_graphs/nodes_25/removal_45percent/graph_32.edgelist: Greedy MIS size = 5
Processed generated_graphs/nodes_25/removal_60percent/graph_47.edgelist: Greedy MIS size = 7
Processed generated_graphs/nodes_25/removal_70percent/graph_5.edgelist: Greedy MIS size = 8
Processed generated_graphs/nodes_15/removal_20percent/graph_36.edgelist: Greedy MIS size = 2
Processed generated_graphs/nodes_15/removal_35percent/graph_36.edgelist: Greedy MIS size = 4
Processed generated_graphs/nodes_15/removal_45percent/graph_49.edgelist: Greedy MIS size = 4
Processed generated_graphs/nodes_15/removal_60percent/graph_15.edgelist: Greedy MIS size = 5
Processed generated_graphs/nodes_15/removal_70percent/graph_40.edgelist: Greedy MIS size = 6
Processed generated_graphs/nodes_15/removal_85percent/graph_21.edgelist: Greedy MIS size = 6
Processed generated_graphs/nodes_20/removal_25percent/graph_41.edgelist: Greedy MIS size = 3
Processed generated_graphs/nodes_20/removal_40percent/graph_34.edgelist: Greedy MIS size = 5
Processed generated_graphs/nodes_20/removal_55percent/graph_27.edgelist: Greedy MIS size = 6
Processed generated_graphs/nodes_20/removal_65percent/graph_45.edgelist: Greedy MIS size = 6
Processed generated_graphs/nodes_20/removal_75percent/graph_33.edgelist: Greedy MIS size = 8
Processed generated_graphs/nodes_25/removal_15percent/graph_29.edgelist: Greedy MIS size = 3
Processed generated_graphs/nodes_25/removal_30percent/graph_35.edgelist: Greedy MIS size = 4
Processed generated_graphs/nodes_25/removal_40percent/graph_14.edgelist: Greedy MIS size = 5
Processed generated_graphs/nodes_25/removal_50percent/graph_14.edgelist: Greedy MIS size = 6
Processed generated_graphs/nodes_25/removal_60percent/graph_22.edgelist: Greedy MIS size = 6
Processed generated_graphs/nodes_25/removal_75percent/graph_22.edgelist: Greedy MIS size = 9
Processed generated_graphs/nodes_15/removal_15percent/graph_49.edgelist: Greedy MIS size = 3
Processed generated_graphs/nodes_15/removal_30percent/graph_3.edgelist: Greedy MIS size = 3
Processed generated_graphs/nodes_15/removal_40percent/graph_16.edgelist: Greedy MIS size = 3
Processed generated_graphs/nodes_15/removal_45percent/graph_6.edgelist: Greedy MIS size = 4
Processed generated_graphs/nodes_15/removal_60percent/graph_4.edgelist: Greedy MIS size = 6
Processed generated_graphs/nodes_15/removal_75percent/graph_43.edgelist: Greedy MIS size = 7
Processed generated_graphs/nodes_20/removal_15percent/graph_33.edgelist: Greedy MIS size = 2
Processed generated_graphs/nodes_20/removal_25percent/graph_8.edgelist: Greedy MIS size = 3
Processed generated_graphs/nodes_20/removal_40percent/graph_42.edgelist: Greedy MIS size = 5
Processed generated_graphs/nodes_20/removal_55percent/graph_19.edgelist: Greedy MIS size = 5
Processed generated_graphs/nodes_20/removal_65percent/graph_32.edgelist: Greedy MIS size = 6
Processed generated_graphs/nodes_20/removal_75percent/graph_32.edgelist: Greedy MIS size = 6
Processed generated_graphs/nodes_25/removal_15percent/graph_49.edgelist: Greedy MIS size = 3
Processed generated_graphs/nodes_25/removal_30percent/graph_33.edgelist: Greedy MIS size = 4
Processed generated_graphs/nodes_25/removal_45percent/graph_7.edgelist: Greedy MIS size = 5
Processed generated_graphs/nodes_25/removal_60percent/graph_8.edgelist: Greedy MIS size = 6
Processed generated_graphs/nodes_25/removal_75percent/graph_28.edgelist: Greedy MIS size = 9
Processed generated_graphs/nodes_15/removal_20percent/graph_28.edgelist: Greedy MIS size = 3
Processed generated_graphs/nodes_15/removal_50percent/graph_2.edgelist: Greedy MIS size = 5
Processed generated_graphs/nodes_15/removal_60percent/graph_13.edgelist: Greedy MIS size = 5
Processed generated_graphs/nodes_15/removal_75percent/graph_42.edgelist: Greedy MIS size = 9
Processed generated_graphs/nodes_20/removal_15percent/graph_18.edgelist: Greedy MIS size = 3
Processed generated_graphs/nodes_20/removal_30percent/graph_15.edgelist: Greedy MIS size = 4
Processed generated_graphs/nodes_20/removal_40percent/graph_46.edgelist: Greedy MIS size = 4
Processed generated_graphs/nodes_20/removal_50percent/graph_26.edgelist: Greedy MIS size = 6
Processed generated_graphs/nodes_20/removal_65percent/graph_33.edgelist: Greedy MIS size = 7
Processed generated_graphs/nodes_20/removal_75percent/graph_14.edgelist: Greedy MIS size = 7
Processed generated_graphs/nodes_25/removal_15percent/graph_22.edgelist: Greedy MIS size = 3
Processed generated_graphs/nodes_25/removal_25percent/graph_48.edgelist: Greedy MIS size = 3
Processed generated_graphs/nodes_25/removal_40percent/graph_39.edgelist: Greedy MIS size = 4
Processed generated_graphs/nodes_25/removal_50percent/graph_46.edgelist: Greedy MIS size = 6
Processed generated_graphs/nodes_25/removal_65percent/graph_43.edgelist: Greedy MIS size = 8
Processed generated_graphs/nodes_25/removal_75percent/graph_9.edgelist: Greedy MIS size = 9
Processed generated_graphs/nodes_15/removal_15percent/graph_27.edgelist: Greedy MIS size = 2
Processed generated_graphs/nodes_15/removal_30percent/graph_17.edgelist: Greedy MIS size = 3
Processed generated_graphs/nodes_15/removal_45percent/graph_26.edgelist: Greedy MIS size = 4
Processed generated_graphs/nodes_15/removal_55percent/graph_45.edgelist: Greedy MIS size = 5
Processed generated_graphs/nodes_15/removal_70percent/graph_32.edgelist: Greedy MIS size = 6
Processed generated_graphs/nodes_15/removal_85percent/graph_15.edgelist: Greedy MIS size = 6
Processed generated_graphs/nodes_20/removal_20percent/graph_18.edgelist: Greedy MIS size = 3
Processed generated_graphs/nodes_20/removal_30percent/graph_35.edgelist: Greedy MIS size = 5
Processed generated_graphs/nodes_20/removal_40percent/graph_7.edgelist: Greedy MIS size = 4
Processed generated_graphs/nodes_20/removal_55percent/graph_25.edgelist: Greedy MIS size = 6
Processed generated_graphs/nodes_20/removal_65percent/graph_19.edgelist: Greedy MIS size = 8
Processed generated_graphs/nodes_20/removal_80percent/graph_12.edgelist: Greedy MIS size = 8
Processed generated_graphs/nodes_20/removal_85percent/graph_44.edgelist: Greedy MIS size = 10
Processed generated_graphs/nodes_25/removal_20percent/graph_33.edgelist: Greedy MIS size = 3
Processed generated_graphs/nodes_25/removal_35percent/graph_23.edgelist: Greedy MIS size = 4
Processed generated_graphs/nodes_25/removal_45percent/graph_42.edgelist: Greedy MIS size = 5
Processed generated_graphs/nodes_25/removal_55percent/graph_9.edgelist: Greedy MIS size = 7
Processed generated_graphs/nodes_25/removal_65percent/graph_34.edgelist: Greedy MIS size = 8
Processed generated_graphs/nodes_25/removal_75percent/graph_18.edgelist: Greedy MIS size = 9
Processed generated_graphs/nodes_15/removal_20percent/graph_42.edgelist: Greedy MIS size = 3
Processed generated_graphs/nodes_15/removal_35percent/graph_11.edgelist: Greedy MIS size = 4
Processed generated_graphs/nodes_15/removal_45percent/graph_14.edgelist: Greedy MIS size = 5
Processed generated_graphs/nodes_15/removal_55percent/graph_9.edgelist: Greedy MIS size = 5
Processed generated_graphs/nodes_15/removal_65percent/graph_6.edgelist: Greedy MIS size = 5
Processed generated_graphs/nodes_15/removal_85percent/graph_11.edgelist: Greedy MIS size = 6
Processed generated_graphs/nodes_20/removal_25percent/graph_12.edgelist: Greedy MIS size = 4
Processed generated_graphs/nodes_20/removal_35percent/graph_21.edgelist: Greedy MIS size = 4
Processed generated_graphs/nodes_20/removal_45percent/graph_6.edgelist: Greedy MIS size = 4
Processed generated_graphs/nodes_20/removal_65percent/graph_37.edgelist: Greedy MIS size = 7
Processed generated_graphs/nodes_20/removal_80percent/graph_6.edgelist: Greedy MIS size = 10
Processed generated_graphs/nodes_25/removal_20percent/graph_31.edgelist: Greedy MIS size = 3
Processed generated_graphs/nodes_25/removal_35percent/graph_26.edgelist: Greedy MIS size = 4
Processed generated_graphs/nodes_25/removal_45percent/graph_9.edgelist: Greedy MIS size = 5
Processed generated_graphs/nodes_25/removal_65percent/graph_13.edgelist: Greedy MIS size = 7
Processed generated_graphs/nodes_25/removal_75percent/graph_39.edgelist: Greedy MIS size = 9
Processed generated_graphs/nodes_15/removal_20percent/graph_31.edgelist: Greedy MIS size = 3
Processed generated_graphs/nodes_15/removal_35percent/graph_2.edgelist: Greedy MIS size = 4
Processed generated_graphs/nodes_15/removal_45percent/graph_37.edgelist: Greedy MIS size = 4
Processed generated_graphs/nodes_15/removal_55percent/graph_47.edgelist: Greedy MIS size = 5
Processed generated_graphs/nodes_15/removal_75percent/graph_48.edgelist: Greedy MIS size = 7
Processed generated_graphs/nodes_20/removal_15percent/graph_48.edgelist: Greedy MIS size = 2
Processed generated_graphs/nodes_20/removal_25percent/graph_47.edgelist: Greedy MIS size = 4
Processed generated_graphs/nodes_20/removal_40percent/graph_29.edgelist: Greedy MIS size = 5
Processed generated_graphs/nodes_20/removal_50percent/graph_45.edgelist: Greedy MIS size = 5
Processed generated_graphs/nodes_20/removal_65percent/graph_8.edgelist: Greedy MIS size = 6
Processed generated_graphs/nodes_20/removal_75percent/graph_7.edgelist: Greedy MIS size = 8
Processed generated_graphs/nodes_20/removal_85percent/graph_7.edgelist: Greedy MIS size = 8
Processed generated_graphs/nodes_25/removal_25percent/graph_15.edgelist: Greedy MIS size = 3
Processed generated_graphs/nodes_25/removal_35percent/graph_37.edgelist: Greedy MIS size = 5
Processed generated_graphs/nodes_25/removal_50percent/graph_12.edgelist: Greedy MIS size = 6
Processed generated_graphs/nodes_25/removal_60percent/graph_5.edgelist: Greedy MIS size = 8
Processed generated_graphs/nodes_25/removal_70percent/graph_45.edgelist: Greedy MIS size = 9
Processed generated_graphs/nodes_15/removal_25percent/graph_23.edgelist: Greedy MIS size = 4
Processed generated_graphs/nodes_15/removal_40percent/graph_1.edgelist: Greedy MIS size = 4
Processed generated_graphs/nodes_15/removal_45percent/graph_46.edgelist: Greedy MIS size = 4
Processed generated_graphs/nodes_15/removal_55percent/graph_20.edgelist: Greedy MIS size = 5
Processed generated_graphs/nodes_15/removal_65percent/graph_42.edgelist: Greedy MIS size = 6
Processed generated_graphs/nodes_15/removal_80percent/graph_41.edgelist: Greedy MIS size = 7
Processed generated_graphs/nodes_20/removal_20percent/graph_16.edgelist: Greedy MIS size = 3
Processed generated_graphs/nodes_20/removal_30percent/graph_3.edgelist: Greedy MIS size = 4
Processed generated_graphs/nodes_20/removal_45percent/graph_23.edgelist: Greedy MIS size = 5
Processed generated_graphs/nodes_20/removal_65percent/graph_10.edgelist: Greedy MIS size = 7
Processed generated_graphs/nodes_20/removal_75percent/graph_49.edgelist: Greedy MIS size = 8
Processed generated_graphs/nodes_20/removal_85percent/graph_35.edgelist: Greedy MIS size = 10
Processed generated_graphs/nodes_25/removal_25percent/graph_32.edgelist: Greedy MIS size = 4
Processed generated_graphs/nodes_25/removal_35percent/graph_29.edgelist: Greedy MIS size = 5
Processed generated_graphs/nodes_25/removal_50percent/graph_17.edgelist: Greedy MIS size = 5
Processed generated_graphs/nodes_25/removal_60percent/graph_49.edgelist: Greedy MIS size = 6
Processed generated_graphs/nodes_25/removal_75percent/graph_46.edgelist: Greedy MIS size = 9
Processed generated_graphs/nodes_15/removal_20percent/graph_6.edgelist: Greedy MIS size = 3
Processed generated_graphs/nodes_15/removal_35percent/graph_19.edgelist: Greedy MIS size = 3
Processed generated_graphs/nodes_15/removal_45percent/graph_39.edgelist: Greedy MIS size = 4
Processed generated_graphs/nodes_15/removal_55percent/graph_44.edgelist: Greedy MIS size = 5
Processed generated_graphs/nodes_15/removal_75percent/graph_12.edgelist: Greedy MIS size = 8
Processed generated_graphs/nodes_15/removal_85percent/graph_43.edgelist: Greedy MIS size = 7
Processed generated_graphs/nodes_20/removal_25percent/graph_32.edgelist: Greedy MIS size = 3
Processed generated_graphs/nodes_20/removal_35percent/graph_41.edgelist: Greedy MIS size = 4
Processed generated_graphs/nodes_20/removal_55percent/graph_13.edgelist: Greedy MIS size = 6
Processed generated_graphs/nodes_20/removal_70percent/graph_10.edgelist: Greedy MIS size = 7
Processed generated_graphs/nodes_20/removal_80percent/graph_30.edgelist: Greedy MIS size = 8
Processed generated_graphs/nodes_25/removal_20percent/graph_7.edgelist: Greedy MIS size = 3
Processed generated_graphs/nodes_25/removal_30percent/graph_7.edgelist: Greedy MIS size = 3
Processed generated_graphs/nodes_25/removal_40percent/graph_8.edgelist: Greedy MIS size = 5
Processed generated_graphs/nodes_25/removal_60percent/graph_45.edgelist: Greedy MIS size = 6
Processed generated_graphs/nodes_25/removal_75percent/graph_27.edgelist: Greedy MIS size = 8
Processed generated_graphs/nodes_15/removal_25percent/graph_1.edgelist: Greedy MIS size = 3
Processed generated_graphs/nodes_15/removal_35percent/graph_31.edgelist: Greedy MIS size = 3
Processed generated_graphs/nodes_15/removal_50percent/graph_38.edgelist: Greedy MIS size = 4
Processed generated_graphs/nodes_15/removal_65percent/graph_33.edgelist: Greedy MIS size = 6
Processed generated_graphs/nodes_15/removal_80percent/graph_34.edgelist: Greedy MIS size = 7
Processed generated_graphs/nodes_20/removal_15percent/graph_42.edgelist: Greedy MIS size = 3
Processed generated_graphs/nodes_20/removal_30percent/graph_11.edgelist: Greedy MIS size = 4
Processed generated_graphs/nodes_20/removal_40percent/graph_50.edgelist: Greedy MIS size = 4
Processed generated_graphs/nodes_20/removal_55percent/graph_6.edgelist: Greedy MIS size = 6
Processed generated_graphs/nodes_20/removal_75percent/graph_1.edgelist: Greedy MIS size = 8
Processed generated_graphs/nodes_20/removal_85percent/graph_32.edgelist: Greedy MIS size = 8
Processed generated_graphs/nodes_25/removal_30percent/graph_24.edgelist: Greedy MIS size = 4
Processed generated_graphs/nodes_25/removal_45percent/graph_39.edgelist: Greedy MIS size = 5
Processed generated_graphs/nodes_25/removal_65percent/graph_17.edgelist: Greedy MIS size = 8
Processed generated_graphs/nodes_25/removal_75percent/graph_30.edgelist: Greedy MIS size = 9
Processed generated_graphs/nodes_15/removal_20percent/graph_32.edgelist: Greedy MIS size = 3
Processed generated_graphs/nodes_15/removal_30percent/graph_6.edgelist: Greedy MIS size = 3
Processed generated_graphs/nodes_15/removal_60percent/graph_19.edgelist: Greedy MIS size = 5
Processed generated_graphs/nodes_15/removal_75percent/graph_19.edgelist: Greedy MIS size = 7
Processed generated_graphs/nodes_20/removal_15percent/graph_12.edgelist: Greedy MIS size = 3
Processed generated_graphs/nodes_20/removal_25percent/graph_27.edgelist: Greedy MIS size = 4
Processed generated_graphs/nodes_20/removal_40percent/graph_5.edgelist: Greedy MIS size = 5
Processed generated_graphs/nodes_20/removal_55percent/graph_21.edgelist: Greedy MIS size = 6
Processed generated_graphs/nodes_20/removal_70percent/graph_39.edgelist: Greedy MIS size = 8
Processed generated_graphs/nodes_20/removal_85percent/graph_41.edgelist: Greedy MIS size = 9
Processed generated_graphs/nodes_25/removal_20percent/graph_50.edgelist: Greedy MIS size = 4
Processed generated_graphs/nodes_25/removal_35percent/graph_38.edgelist: Greedy MIS size = 4
Processed generated_graphs/nodes_25/removal_50percent/graph_31.edgelist: Greedy MIS size = 6
Processed generated_graphs/nodes_25/removal_65percent/graph_36.edgelist: Greedy MIS size = 8
Processed generated_graphs/nodes_25/removal_80percent/graph_19.edgelist: Greedy MIS size = 10
Processed generated_graphs/nodes_15/removal_15percent/graph_13.edgelist: Greedy MIS size = 3
Processed generated_graphs/nodes_15/removal_20percent/graph_30.edgelist: Greedy MIS size = 3
Processed generated_graphs/nodes_15/removal_50percent/graph_11.edgelist: Greedy MIS size = 4
Processed generated_graphs/nodes_15/removal_60percent/graph_14.edgelist: Greedy MIS size = 6
Processed generated_graphs/nodes_15/removal_70percent/graph_35.edgelist: Greedy MIS size = 6
Processed generated_graphs/nodes_15/removal_85percent/graph_37.edgelist: Greedy MIS size = 6
Processed generated_graphs/nodes_20/removal_25percent/graph_44.edgelist: Greedy MIS size = 3
Processed generated_graphs/nodes_20/removal_45percent/graph_13.edgelist: Greedy MIS size = 4
Processed generated_graphs/nodes_20/removal_60percent/graph_11.edgelist: Greedy MIS size = 6
Processed generated_graphs/nodes_20/removal_70percent/graph_31.edgelist: Greedy MIS size = 7
Processed generated_graphs/nodes_20/removal_80percent/graph_8.edgelist: Greedy MIS size = 9
Processed generated_graphs/nodes_25/removal_20percent/graph_25.edgelist: Greedy MIS size = 4
Processed generated_graphs/nodes_25/removal_30percent/graph_19.edgelist: Greedy MIS size = 4
Processed generated_graphs/nodes_25/removal_45percent/graph_15.edgelist: Greedy MIS size = 6
Processed generated_graphs/nodes_25/removal_55percent/graph_24.edgelist: Greedy MIS size = 6
Processed generated_graphs/nodes_25/removal_70percent/graph_17.edgelist: Greedy MIS size = 8
Processed generated_graphs/nodes_25/removal_80percent/graph_26.edgelist: Greedy MIS size = 11
Processed generated_graphs/nodes_15/removal_25percent/graph_44.edgelist: Greedy MIS size = 3
Processed generated_graphs/nodes_15/removal_60percent/graph_10.edgelist: Greedy MIS size = 4
Processed generated_graphs/nodes_15/removal_70percent/graph_14.edgelist: Greedy MIS size = 8
Processed generated_graphs/nodes_15/removal_80percent/graph_21.edgelist: Greedy MIS size = 8
Processed generated_graphs/nodes_20/removal_15percent/graph_45.edgelist: Greedy MIS size = 3
Processed generated_graphs/nodes_20/removal_30percent/graph_24.edgelist: Greedy MIS size = 4
Processed generated_graphs/nodes_20/removal_40percent/graph_44.edgelist: Greedy MIS size = 4
Processed generated_graphs/nodes_20/removal_50percent/graph_47.edgelist: Greedy MIS size = 6
Processed generated_graphs/nodes_20/removal_65percent/graph_13.edgelist: Greedy MIS size = 7
Processed generated_graphs/nodes_20/removal_80percent/graph_17.edgelist: Greedy MIS size = 8
Processed generated_graphs/nodes_25/removal_15percent/graph_35.edgelist: Greedy MIS size = 3
Processed generated_graphs/nodes_25/removal_30percent/graph_21.edgelist: Greedy MIS size = 4
Processed generated_graphs/nodes_25/removal_40percent/graph_29.edgelist: Greedy MIS size = 5
Processed generated_graphs/nodes_25/removal_55percent/graph_3.edgelist: Greedy MIS size = 6
Processed generated_graphs/nodes_25/removal_65percent/graph_20.edgelist: Greedy MIS size = 7
Processed generated_graphs/nodes_25/removal_75percent/graph_26.edgelist: Greedy MIS size = 9
Processed generated_graphs/nodes_15/removal_20percent/graph_35.edgelist: Greedy MIS size = 3
Processed generated_graphs/nodes_15/removal_50percent/graph_15.edgelist: Greedy MIS size = 5
Processed generated_graphs/nodes_15/removal_55percent/graph_42.edgelist: Greedy MIS size = 4
Processed generated_graphs/nodes_15/removal_70percent/graph_41.edgelist: Greedy MIS size = 7
Processed generated_graphs/nodes_15/removal_85percent/graph_23.edgelist: Greedy MIS size = 7
Processed generated_graphs/nodes_20/removal_20percent/graph_42.edgelist: Greedy MIS size = 3
Processed generated_graphs/nodes_20/removal_35percent/graph_24.edgelist: Greedy MIS size = 4
Processed generated_graphs/nodes_20/removal_50percent/graph_19.edgelist: Greedy MIS size = 5
Processed generated_graphs/nodes_20/removal_65percent/graph_50.edgelist: Greedy MIS size = 7
Processed generated_graphs/nodes_20/removal_80percent/graph_16.edgelist: Greedy MIS size = 9
Processed generated_graphs/nodes_25/removal_20percent/graph_39.edgelist: Greedy MIS size = 3
Processed generated_graphs/nodes_25/removal_40percent/graph_19.edgelist: Greedy MIS size = 5
Processed generated_graphs/nodes_25/removal_50percent/graph_41.edgelist: Greedy MIS size = 4
Processed generated_graphs/nodes_25/removal_65percent/graph_21.edgelist: Greedy MIS size = 7
Processed generated_graphs/nodes_25/removal_75percent/graph_25.edgelist: Greedy MIS size = 10
Processed generated_graphs/nodes_15/removal_20percent/graph_46.edgelist: Greedy MIS size = 3
Processed generated_graphs/nodes_15/removal_35percent/graph_27.edgelist: Greedy MIS size = 5
Processed generated_graphs/nodes_15/removal_55percent/graph_25.edgelist: Greedy MIS size = 6
Processed generated_graphs/nodes_15/removal_65percent/graph_34.edgelist: Greedy MIS size = 6
Processed generated_graphs/nodes_15/removal_80percent/graph_11.edgelist: Greedy MIS size = 7
Processed generated_graphs/nodes_15/removal_85percent/graph_48.edgelist: Greedy MIS size = 8
Processed generated_graphs/nodes_20/removal_20percent/graph_36.edgelist: Greedy MIS size = 2
Processed generated_graphs/nodes_20/removal_40percent/graph_25.edgelist: Greedy MIS size = 4
Processed generated_graphs/nodes_20/removal_50percent/graph_9.edgelist: Greedy MIS size = 5
Processed generated_graphs/nodes_20/removal_60percent/graph_50.edgelist: Greedy MIS size = 5
Processed generated_graphs/nodes_20/removal_75percent/graph_15.edgelist: Greedy MIS size = 9
Processed generated_graphs/nodes_20/removal_85percent/graph_28.edgelist: Greedy MIS size = 10
Processed generated_graphs/nodes_25/removal_25percent/graph_21.edgelist: Greedy MIS size = 4
Processed generated_graphs/nodes_25/removal_35percent/graph_7.edgelist: Greedy MIS size = 5
Processed generated_graphs/nodes_25/removal_50percent/graph_26.edgelist: Greedy MIS size = 5
Processed generated_graphs/nodes_25/removal_65percent/graph_28.edgelist: Greedy MIS size = 7
Processed generated_graphs/nodes_25/removal_80percent/graph_11.edgelist: Greedy MIS size = 9
Processed generated_graphs/nodes_15/removal_15percent/graph_9.edgelist: Greedy MIS size = 3
Processed generated_graphs/nodes_15/removal_25percent/graph_41.edgelist: Greedy MIS size = 2
Processed generated_graphs/nodes_15/removal_40percent/graph_17.edgelist: Greedy MIS size = 4
Processed generated_graphs/nodes_15/removal_55percent/graph_49.edgelist: Greedy MIS size = 5
Processed generated_graphs/nodes_15/removal_70percent/graph_11.edgelist: Greedy MIS size = 5
Processed generated_graphs/nodes_15/removal_80percent/graph_13.edgelist: Greedy MIS size = 7
Processed generated_graphs/nodes_20/removal_20percent/graph_14.edgelist: Greedy MIS size = 3
Processed generated_graphs/nodes_20/removal_30percent/graph_28.edgelist: Greedy MIS size = 4
Processed generated_graphs/nodes_20/removal_40percent/graph_28.edgelist: Greedy MIS size = 5
Processed generated_graphs/nodes_20/removal_50percent/graph_33.edgelist: Greedy MIS size = 5
Processed generated_graphs/nodes_20/removal_60percent/graph_6.edgelist: Greedy MIS size = 7
Processed generated_graphs/nodes_20/removal_70percent/graph_48.edgelist: Greedy MIS size = 8
Processed generated_graphs/nodes_20/removal_85percent/graph_40.edgelist: Greedy MIS size = 10
Processed generated_graphs/nodes_25/removal_20percent/graph_2.edgelist: Greedy MIS size = 3
Processed generated_graphs/nodes_25/removal_30percent/graph_47.edgelist: Greedy MIS size = 4
Processed generated_graphs/nodes_25/removal_40percent/graph_45.edgelist: Greedy MIS size = 5
Processed generated_graphs/nodes_25/removal_60percent/graph_38.edgelist: Greedy MIS size = 6
Processed generated_graphs/nodes_25/removal_75percent/graph_29.edgelist: Greedy MIS size = 9
Processed generated_graphs/nodes_15/removal_20percent/graph_14.edgelist: Greedy MIS size = 4
Processed generated_graphs/nodes_15/removal_30percent/graph_47.edgelist: Greedy MIS size = 4
Processed generated_graphs/nodes_15/removal_40percent/graph_42.edgelist: Greedy MIS size = 4
Processed generated_graphs/nodes_15/removal_50percent/graph_8.edgelist: Greedy MIS size = 4
Processed generated_graphs/nodes_15/removal_65percent/graph_43.edgelist: Greedy MIS size = 6
Processed generated_graphs/nodes_15/removal_75percent/graph_33.edgelist: Greedy MIS size = 7
Processed generated_graphs/nodes_20/removal_15percent/graph_8.edgelist: Greedy MIS size = 2
Processed generated_graphs/nodes_20/removal_35percent/graph_13.edgelist: Greedy MIS size = 4
Processed generated_graphs/nodes_20/removal_50percent/graph_16.edgelist: Greedy MIS size = 5
Processed generated_graphs/nodes_20/removal_65percent/graph_12.edgelist: Greedy MIS size = 6
Processed generated_graphs/nodes_20/removal_75percent/graph_8.edgelist: Greedy MIS size = 8
Processed generated_graphs/nodes_20/removal_85percent/graph_50.edgelist: Greedy MIS size = 10
Processed generated_graphs/nodes_25/removal_30percent/graph_23.edgelist: Greedy MIS size = 4
Processed generated_graphs/nodes_25/removal_40percent/graph_33.edgelist: Greedy MIS size = 5
Processed generated_graphs/nodes_25/removal_55percent/graph_11.edgelist: Greedy MIS size = 6
Processed generated_graphs/nodes_25/removal_65percent/graph_41.edgelist: Greedy MIS size = 7
Processed generated_graphs/nodes_25/removal_75percent/graph_38.edgelist: Greedy MIS size = 9
Processed generated_graphs/nodes_15/removal_20percent/graph_50.edgelist: Greedy MIS size = 3
Processed generated_graphs/nodes_15/removal_35percent/graph_23.edgelist: Greedy MIS size = 4
Processed generated_graphs/nodes_15/removal_40percent/graph_45.edgelist: Greedy MIS size = 3
Processed generated_graphs/nodes_15/removal_50percent/graph_36.edgelist: Greedy MIS size = 5
Processed generated_graphs/nodes_15/removal_65percent/graph_22.edgelist: Greedy MIS size = 4
Processed generated_graphs/nodes_15/removal_75percent/graph_37.edgelist: Greedy MIS size = 7
Processed generated_graphs/nodes_15/removal_85percent/graph_22.edgelist: Greedy MIS size = 8
Processed generated_graphs/nodes_20/removal_20percent/graph_3.edgelist: Greedy MIS size = 4
Processed generated_graphs/nodes_20/removal_35percent/graph_15.edgelist: Greedy MIS size = 4
Processed generated_graphs/nodes_20/removal_50percent/graph_12.edgelist: Greedy MIS size = 5
Processed generated_graphs/nodes_20/removal_60percent/graph_17.edgelist: Greedy MIS size = 5
Processed generated_graphs/nodes_20/removal_70percent/graph_11.edgelist: Greedy MIS size = 8
Processed generated_graphs/nodes_20/removal_75percent/graph_37.edgelist: Greedy MIS size = 9
Processed generated_graphs/nodes_20/removal_85percent/graph_45.edgelist: Greedy MIS size = 10
Processed generated_graphs/nodes_25/removal_20percent/graph_13.edgelist: Greedy MIS size = 3
Processed generated_graphs/nodes_25/removal_30percent/graph_1.edgelist: Greedy MIS size = 4
Processed generated_graphs/nodes_25/removal_35percent/graph_48.edgelist: Greedy MIS size = 5
Processed generated_graphs/nodes_25/removal_50percent/graph_33.edgelist: Greedy MIS size = 6
Processed generated_graphs/nodes_25/removal_65percent/graph_16.edgelist: Greedy MIS size = 8
Processed generated_graphs/nodes_25/removal_80percent/graph_18.edgelist: Greedy MIS size = 11
Processed generated_graphs/nodes_15/removal_20percent/graph_8.edgelist: Greedy MIS size = 3
Processed generated_graphs/nodes_15/removal_35percent/graph_37.edgelist: Greedy MIS size = 5
Processed generated_graphs/nodes_15/removal_45percent/graph_19.edgelist: Greedy MIS size = 5
Processed generated_graphs/nodes_15/removal_55percent/graph_5.edgelist: Greedy MIS size = 5
Processed generated_graphs/nodes_15/removal_75percent/graph_27.edgelist: Greedy MIS size = 6
Processed generated_graphs/nodes_15/removal_85percent/graph_33.edgelist: Greedy MIS size = 8
Processed generated_graphs/nodes_20/removal_20percent/graph_7.edgelist: Greedy MIS size = 4
Processed generated_graphs/nodes_20/removal_35percent/graph_14.edgelist: Greedy MIS size = 4
Processed generated_graphs/nodes_20/removal_45percent/graph_44.edgelist: Greedy MIS size = 5
Processed generated_graphs/nodes_20/removal_60percent/graph_18.edgelist: Greedy MIS size = 5
Processed generated_graphs/nodes_20/removal_70percent/graph_36.edgelist: Greedy MIS size = 8
Processed generated_graphs/nodes_20/removal_80percent/graph_48.edgelist: Greedy MIS size = 10
Processed generated_graphs/nodes_25/removal_15percent/graph_44.edgelist: Greedy MIS size = 3
Processed generated_graphs/nodes_25/removal_30percent/graph_29.edgelist: Greedy MIS size = 4
Processed generated_graphs/nodes_25/removal_40percent/graph_44.edgelist: Greedy MIS size = 4
Processed generated_graphs/nodes_25/removal_55percent/graph_17.edgelist: Greedy MIS size = 6
Processed generated_graphs/nodes_25/removal_65percent/graph_47.edgelist: Greedy MIS size = 7
Processed generated_graphs/nodes_25/removal_75percent/graph_49.edgelist: Greedy MIS size = 8
Processed generated_graphs/nodes_15/removal_15percent/graph_29.edgelist: Greedy MIS size = 3
Processed generated_graphs/nodes_15/removal_25percent/graph_5.edgelist: Greedy MIS size = 3
Processed generated_graphs/nodes_15/removal_55percent/graph_48.edgelist: Greedy MIS size = 5
Processed generated_graphs/nodes_15/removal_75percent/graph_25.edgelist: Greedy MIS size = 7
Processed generated_graphs/nodes_15/removal_85percent/graph_32.edgelist: Greedy MIS size = 7
Processed generated_graphs/nodes_20/removal_20percent/graph_41.edgelist: Greedy MIS size = 3
Processed generated_graphs/nodes_20/removal_30percent/graph_5.edgelist: Greedy MIS size = 3
Processed generated_graphs/nodes_20/removal_45percent/graph_33.edgelist: Greedy MIS size = 5
Processed generated_graphs/nodes_20/removal_55percent/graph_26.edgelist: Greedy MIS size = 5
Processed generated_graphs/nodes_20/removal_65percent/graph_28.edgelist: Greedy MIS size = 7
Processed generated_graphs/nodes_20/removal_80percent/graph_10.edgelist: Greedy MIS size = 9
Processed generated_graphs/nodes_25/removal_15percent/graph_31.edgelist: Greedy MIS size = 3
Processed generated_graphs/nodes_25/removal_25percent/graph_49.edgelist: Greedy MIS size = 5
Processed generated_graphs/nodes_25/removal_40percent/graph_46.edgelist: Greedy MIS size = 4
Processed generated_graphs/nodes_25/removal_50percent/graph_49.edgelist: Greedy MIS size = 5
Processed generated_graphs/nodes_25/removal_65percent/graph_15.edgelist: Greedy MIS size = 7
Processed generated_graphs/nodes_25/removal_75percent/graph_45.edgelist: Greedy MIS size = 9
Processed generated_graphs/nodes_15/removal_25percent/graph_17.edgelist: Greedy MIS size = 3
Processed generated_graphs/nodes_15/removal_40percent/graph_15.edgelist: Greedy MIS size = 4
Processed generated_graphs/nodes_15/removal_45percent/graph_9.edgelist: Greedy MIS size = 5
Processed generated_graphs/nodes_15/removal_60percent/graph_41.edgelist: Greedy MIS size = 5
Processed generated_graphs/nodes_15/removal_75percent/graph_13.edgelist: Greedy MIS size = 7
Processed generated_graphs/nodes_15/removal_85percent/graph_5.edgelist: Greedy MIS size = 8
Processed generated_graphs/nodes_20/removal_25percent/graph_35.edgelist: Greedy MIS size = 3
Processed generated_graphs/nodes_20/removal_35percent/graph_23.edgelist: Greedy MIS size = 4
Processed generated_graphs/nodes_20/removal_50percent/graph_4.edgelist: Greedy MIS size = 4
Processed generated_graphs/nodes_20/removal_60percent/graph_23.edgelist: Greedy MIS size = 6
Processed generated_graphs/nodes_20/removal_70percent/graph_34.edgelist: Greedy MIS size = 7
Processed generated_graphs/nodes_20/removal_85percent/graph_11.edgelist: Greedy MIS size = 9
Processed generated_graphs/nodes_25/removal_20percent/graph_46.edgelist: Greedy MIS size = 3
Processed generated_graphs/nodes_25/removal_35percent/graph_13.edgelist: Greedy MIS size = 4
Processed generated_graphs/nodes_25/removal_45percent/graph_22.edgelist: Greedy MIS size = 4
Processed generated_graphs/nodes_25/removal_55percent/graph_25.edgelist: Greedy MIS size = 6
Processed generated_graphs/nodes_25/removal_65percent/graph_33.edgelist: Greedy MIS size = 7
Processed generated_graphs/nodes_25/removal_80percent/graph_10.edgelist: Greedy MIS size = 10
Processed generated_graphs/nodes_15/removal_20percent/graph_18.edgelist: Greedy MIS size = 2
Processed generated_graphs/nodes_15/removal_30percent/graph_9.edgelist: Greedy MIS size = 4
Processed generated_graphs/nodes_15/removal_40percent/graph_50.edgelist: Greedy MIS size = 4
Processed generated_graphs/nodes_15/removal_60percent/graph_18.edgelist: Greedy MIS size = 6
Processed generated_graphs/nodes_15/removal_75percent/graph_1.edgelist: Greedy MIS size = 6
Processed generated_graphs/nodes_15/removal_85percent/graph_41.edgelist: Greedy MIS size = 8
Processed generated_graphs/nodes_20/removal_25percent/graph_29.edgelist: Greedy MIS size = 3
Processed generated_graphs/nodes_20/removal_35percent/graph_40.edgelist: Greedy MIS size = 3
Processed generated_graphs/nodes_20/removal_50percent/graph_1.edgelist: Greedy MIS size = 5
Processed generated_graphs/nodes_20/removal_60percent/graph_33.edgelist: Greedy MIS size = 6
Processed generated_graphs/nodes_20/removal_75percent/graph_5.edgelist: Greedy MIS size = 8
Processed generated_graphs/nodes_25/removal_15percent/graph_3.edgelist: Greedy MIS size = 4
Processed generated_graphs/nodes_25/removal_30percent/graph_14.edgelist: Greedy MIS size = 4
Processed generated_graphs/nodes_25/removal_40percent/graph_9.edgelist: Greedy MIS size = 5
Processed generated_graphs/nodes_25/removal_65percent/graph_12.edgelist: Greedy MIS size = 8
Processed generated_graphs/nodes_25/removal_75percent/graph_8.edgelist: Greedy MIS size = 10
Processed generated_graphs/nodes_15/removal_25percent/graph_33.edgelist: Greedy MIS size = 3
Processed generated_graphs/nodes_15/removal_45percent/graph_1.edgelist: Greedy MIS size = 4
Processed generated_graphs/nodes_15/removal_50percent/graph_29.edgelist: Greedy MIS size = 5
Processed generated_graphs/nodes_15/removal_65percent/graph_23.edgelist: Greedy MIS size = 6
Processed generated_graphs/nodes_15/removal_80percent/graph_28.edgelist: Greedy MIS size = 7
Processed generated_graphs/nodes_20/removal_15percent/graph_19.edgelist: Greedy MIS size = 2
Processed generated_graphs/nodes_20/removal_25percent/graph_5.edgelist: Greedy MIS size = 3
Processed generated_graphs/nodes_20/removal_45percent/graph_16.edgelist: Greedy MIS size = 5
Processed generated_graphs/nodes_20/removal_55percent/graph_23.edgelist: Greedy MIS size = 6
Processed generated_graphs/nodes_20/removal_60percent/graph_47.edgelist: Greedy MIS size = 7
Processed generated_graphs/nodes_20/removal_75percent/graph_11.edgelist: Greedy MIS size = 7
Processed generated_graphs/nodes_25/removal_15percent/graph_11.edgelist: Greedy MIS size = 3
Processed generated_graphs/nodes_25/removal_25percent/graph_26.edgelist: Greedy MIS size = 4
Processed generated_graphs/nodes_25/removal_35percent/graph_18.edgelist: Greedy MIS size = 4
Processed generated_graphs/nodes_25/removal_45percent/graph_16.edgelist: Greedy MIS size = 5
Processed generated_graphs/nodes_25/removal_60percent/graph_2.edgelist: Greedy MIS size = 6
Processed generated_graphs/nodes_25/removal_75percent/graph_42.edgelist: Greedy MIS size = 10
Processed generated_graphs/nodes_15/removal_25percent/graph_16.edgelist: Greedy MIS size = 3
Processed generated_graphs/nodes_15/removal_40percent/graph_31.edgelist: Greedy MIS size = 4
Processed generated_graphs/nodes_15/removal_50percent/graph_30.edgelist: Greedy MIS size = 4
Processed generated_graphs/nodes_15/removal_60percent/graph_6.edgelist: Greedy MIS size = 6
Processed generated_graphs/nodes_15/removal_75percent/graph_3.edgelist: Greedy MIS size = 7
Processed generated_graphs/nodes_20/removal_15percent/graph_14.edgelist: Greedy MIS size = 3
Processed generated_graphs/nodes_20/removal_25percent/graph_39.edgelist: Greedy MIS size = 3
Processed generated_graphs/nodes_20/removal_40percent/graph_26.edgelist: Greedy MIS size = 4
Processed generated_graphs/nodes_20/removal_45percent/graph_8.edgelist: Greedy MIS size = 4
Processed generated_graphs/nodes_20/removal_60percent/graph_29.edgelist: Greedy MIS size = 6
Processed generated_graphs/nodes_20/removal_70percent/graph_49.edgelist: Greedy MIS size = 7
Processed generated_graphs/nodes_25/removal_15percent/graph_25.edgelist: Greedy MIS size = 3
Processed generated_graphs/nodes_25/removal_30percent/graph_30.edgelist: Greedy MIS size = 4
Processed generated_graphs/nodes_25/removal_40percent/graph_21.edgelist: Greedy MIS size = 5
Processed generated_graphs/nodes_25/removal_50percent/graph_27.edgelist: Greedy MIS size = 5
Processed generated_graphs/nodes_25/removal_60percent/graph_23.edgelist: Greedy MIS size = 6
Processed generated_graphs/nodes_25/removal_75percent/graph_7.edgelist: Greedy MIS size = 9
Processed generated_graphs/nodes_15/removal_15percent/graph_3.edgelist: Greedy MIS size = 2
Processed generated_graphs/nodes_15/removal_30percent/graph_11.edgelist: Greedy MIS size = 4
Processed generated_graphs/nodes_15/removal_55percent/graph_34.edgelist: Greedy MIS size = 4
Processed generated_graphs/nodes_15/removal_70percent/graph_12.edgelist: Greedy MIS size = 7
Processed generated_graphs/nodes_15/removal_80percent/graph_31.edgelist: Greedy MIS size = 6
Processed generated_graphs/nodes_20/removal_15percent/graph_23.edgelist: Greedy MIS size = 3
Processed generated_graphs/nodes_20/removal_20percent/graph_5.edgelist: Greedy MIS size = 3
Processed generated_graphs/nodes_20/removal_35percent/graph_49.edgelist: Greedy MIS size = 3
Processed generated_graphs/nodes_20/removal_45percent/graph_7.edgelist: Greedy MIS size = 5
Processed generated_graphs/nodes_20/removal_65percent/graph_11.edgelist: Greedy MIS size = 7
Processed generated_graphs/nodes_20/removal_80percent/graph_35.edgelist: Greedy MIS size = 9
Processed generated_graphs/nodes_25/removal_15percent/graph_5.edgelist: Greedy MIS size = 3
Processed generated_graphs/nodes_25/removal_25percent/graph_44.edgelist: Greedy MIS size = 4
Processed generated_graphs/nodes_25/removal_40percent/graph_20.edgelist: Greedy MIS size = 4
Processed generated_graphs/nodes_25/removal_50percent/graph_4.edgelist: Greedy MIS size = 5
Processed generated_graphs/nodes_25/removal_65percent/graph_14.edgelist: Greedy MIS size = 8
Processed generated_graphs/nodes_25/removal_75percent/graph_31.edgelist: Greedy MIS size = 8
Processed generated_graphs/nodes_15/removal_25percent/graph_13.edgelist: Greedy MIS size = 3
Processed generated_graphs/nodes_15/removal_35percent/graph_47.edgelist: Greedy MIS size = 4
Processed generated_graphs/nodes_15/removal_45percent/graph_8.edgelist: Greedy MIS size = 3
Processed generated_graphs/nodes_15/removal_55percent/graph_50.edgelist: Greedy MIS size = 5
Processed generated_graphs/nodes_15/removal_70percent/graph_29.edgelist: Greedy MIS size = 6
Processed generated_graphs/nodes_15/removal_80percent/graph_15.edgelist: Greedy MIS size = 7
Processed generated_graphs/nodes_20/removal_15percent/graph_24.edgelist: Greedy MIS size = 3
Processed generated_graphs/nodes_20/removal_25percent/graph_15.edgelist: Greedy MIS size = 3
Processed generated_graphs/nodes_20/removal_35percent/graph_27.edgelist: Greedy MIS size = 4
Processed generated_graphs/nodes_20/removal_50percent/graph_21.edgelist: Greedy MIS size = 4
Processed generated_graphs/nodes_20/removal_65percent/graph_3.edgelist: Greedy MIS size = 6
Processed generated_graphs/nodes_20/removal_80percent/graph_21.edgelist: Greedy MIS size = 8
Processed generated_graphs/nodes_25/removal_20percent/graph_21.edgelist: Greedy MIS size = 3
Processed generated_graphs/nodes_25/removal_35percent/graph_11.edgelist: Greedy MIS size = 4
Processed generated_graphs/nodes_25/removal_50percent/graph_24.edgelist: Greedy MIS size = 6
Processed generated_graphs/nodes_25/removal_60percent/graph_36.edgelist: Greedy MIS size = 7
Processed generated_graphs/nodes_25/removal_75percent/graph_1.edgelist: Greedy MIS size = 8
Processed generated_graphs/nodes_25/removal_85percent/graph_10.edgelist: Greedy MIS size = 11
Processed generated_graphs/nodes_15/removal_20percent/graph_10.edgelist: Greedy MIS size = 3
Processed generated_graphs/nodes_15/removal_30percent/graph_43.edgelist: Greedy MIS size = 4
Processed generated_graphs/nodes_15/removal_40percent/graph_40.edgelist: Greedy MIS size = 3
Processed generated_graphs/nodes_15/removal_55percent/graph_43.edgelist: Greedy MIS size = 4
Processed generated_graphs/nodes_15/removal_70percent/graph_21.edgelist: Greedy MIS size = 7
Processed generated_graphs/nodes_20/removal_15percent/graph_1.edgelist: Greedy MIS size = 4
Processed generated_graphs/nodes_20/removal_30percent/graph_44.edgelist: Greedy MIS size = 4
Processed generated_graphs/nodes_20/removal_40percent/graph_22.edgelist: Greedy MIS size = 4
Processed generated_graphs/nodes_20/removal_55percent/graph_41.edgelist: Greedy MIS size = 6
Processed generated_graphs/nodes_20/removal_70percent/graph_41.edgelist: Greedy MIS size = 8
Processed generated_graphs/nodes_20/removal_80percent/graph_47.edgelist: Greedy MIS size = 9
Processed generated_graphs/nodes_25/removal_20percent/graph_5.edgelist: Greedy MIS size = 3
Processed generated_graphs/nodes_25/removal_35percent/graph_44.edgelist: Greedy MIS size = 4
Processed generated_graphs/nodes_25/removal_50percent/graph_34.edgelist: Greedy MIS size = 7
Processed generated_graphs/nodes_25/removal_60percent/graph_25.edgelist: Greedy MIS size = 6
Processed generated_graphs/nodes_25/removal_70percent/graph_6.edgelist: Greedy MIS size = 9
Processed generated_graphs/nodes_25/removal_80percent/graph_5.edgelist: Greedy MIS size = 11
Processed generated_graphs/nodes_15/removal_20percent/graph_4.edgelist: Greedy MIS size = 2
Processed generated_graphs/nodes_15/removal_35percent/graph_29.edgelist: Greedy MIS size = 3
Processed generated_graphs/nodes_15/removal_45percent/graph_11.edgelist: Greedy MIS size = 4
Processed generated_graphs/nodes_15/removal_55percent/graph_21.edgelist: Greedy MIS size = 4
Processed generated_graphs/nodes_15/removal_65percent/graph_48.edgelist: Greedy MIS size = 7
Processed generated_graphs/nodes_15/removal_80percent/graph_7.edgelist: Greedy MIS size = 8
Processed generated_graphs/nodes_20/removal_20percent/graph_11.edgelist: Greedy MIS size = 3
Processed generated_graphs/nodes_20/removal_30percent/graph_45.edgelist: Greedy MIS size = 4
Processed generated_graphs/nodes_20/removal_40percent/graph_8.edgelist: Greedy MIS size = 5
Processed generated_graphs/nodes_20/removal_60percent/graph_21.edgelist: Greedy MIS size = 6
Processed generated_graphs/nodes_20/removal_70percent/graph_28.edgelist: Greedy MIS size = 8
Processed generated_graphs/nodes_20/removal_80percent/graph_4.edgelist: Greedy MIS size = 9
Processed generated_graphs/nodes_25/removal_25percent/graph_13.edgelist: Greedy MIS size = 3
Processed generated_graphs/nodes_25/removal_35percent/graph_8.edgelist: Greedy MIS size = 4
Processed generated_graphs/nodes_25/removal_50percent/graph_29.edgelist: Greedy MIS size = 5
Processed generated_graphs/nodes_25/removal_60percent/graph_30.edgelist: Greedy MIS size = 6
Processed generated_graphs/nodes_25/removal_75percent/graph_36.edgelist: Greedy MIS size = 10
Processed generated_graphs/nodes_15/removal_15percent/graph_21.edgelist: Greedy MIS size = 3
Processed generated_graphs/nodes_15/removal_25percent/graph_45.edgelist: Greedy MIS size = 4
Processed generated_graphs/nodes_15/removal_40percent/graph_28.edgelist: Greedy MIS size = 4
Processed generated_graphs/nodes_15/removal_60percent/graph_34.edgelist: Greedy MIS size = 6
Processed generated_graphs/nodes_15/removal_70percent/graph_22.edgelist: Greedy MIS size = 6
Processed generated_graphs/nodes_15/removal_85percent/graph_14.edgelist: Greedy MIS size = 6
Processed generated_graphs/nodes_20/removal_25percent/graph_22.edgelist: Greedy MIS size = 4
Processed generated_graphs/nodes_20/removal_35percent/graph_19.edgelist: Greedy MIS size = 4
Processed generated_graphs/nodes_20/removal_45percent/graph_40.edgelist: Greedy MIS size = 5
Processed generated_graphs/nodes_20/removal_60percent/graph_1.edgelist: Greedy MIS size = 6
Processed generated_graphs/nodes_20/removal_75percent/graph_41.edgelist: Greedy MIS size = 8
Processed generated_graphs/nodes_25/removal_15percent/graph_39.edgelist: Greedy MIS size = 3
Processed generated_graphs/nodes_25/removal_35percent/graph_31.edgelist: Greedy MIS size = 5
Processed generated_graphs/nodes_25/removal_50percent/graph_38.edgelist: Greedy MIS size = 5
Processed generated_graphs/nodes_25/removal_65percent/graph_3.edgelist: Greedy MIS size = 7
Processed generated_graphs/nodes_25/removal_80percent/graph_39.edgelist: Greedy MIS size = 10
Processed generated_graphs/nodes_15/removal_15percent/graph_38.edgelist: Greedy MIS size = 3
Processed generated_graphs/nodes_15/removal_30percent/graph_2.edgelist: Greedy MIS size = 3
Processed generated_graphs/nodes_15/removal_40percent/graph_22.edgelist: Greedy MIS size = 4
Processed generated_graphs/nodes_15/removal_50percent/graph_31.edgelist: Greedy MIS size = 4
Processed generated_graphs/nodes_15/removal_65percent/graph_30.edgelist: Greedy MIS size = 5
Processed generated_graphs/nodes_15/removal_80percent/graph_1.edgelist: Greedy MIS size = 8
Processed generated_graphs/nodes_15/removal_85percent/graph_28.edgelist: Greedy MIS size = 7
Processed generated_graphs/nodes_20/removal_25percent/graph_31.edgelist: Greedy MIS size = 4
Processed generated_graphs/nodes_20/removal_35percent/graph_9.edgelist: Greedy MIS size = 4
Processed generated_graphs/nodes_20/removal_50percent/graph_30.edgelist: Greedy MIS size = 4
Processed generated_graphs/nodes_20/removal_60percent/graph_48.edgelist: Greedy MIS size = 7
Processed generated_graphs/nodes_20/removal_70percent/graph_6.edgelist: Greedy MIS size = 7
Processed generated_graphs/nodes_25/removal_15percent/graph_1.edgelist: Greedy MIS size = 3
Processed generated_graphs/nodes_25/removal_20percent/graph_42.edgelist: Greedy MIS size = 3
Processed generated_graphs/nodes_25/removal_35percent/graph_1.edgelist: Greedy MIS size = 5
Processed generated_graphs/nodes_25/removal_45percent/graph_5.edgelist: Greedy MIS size = 5
Processed generated_graphs/nodes_25/removal_60percent/graph_13.edgelist: Greedy MIS size = 7
Processed generated_graphs/nodes_25/removal_75percent/graph_34.edgelist: Greedy MIS size = 10
Processed generated_graphs/nodes_15/removal_25percent/graph_35.edgelist: Greedy MIS size = 4
Processed generated_graphs/nodes_15/removal_40percent/graph_23.edgelist: Greedy MIS size = 3
Processed generated_graphs/nodes_15/removal_45percent/graph_5.edgelist: Greedy MIS size = 5
Processed generated_graphs/nodes_15/removal_55percent/graph_39.edgelist: Greedy MIS size = 5
Processed generated_graphs/nodes_15/removal_65percent/graph_37.edgelist: Greedy MIS size = 6
Processed generated_graphs/nodes_15/removal_80percent/graph_32.edgelist: Greedy MIS size = 8
Processed generated_graphs/nodes_20/removal_20percent/graph_15.edgelist: Greedy MIS size = 3
Processed generated_graphs/nodes_20/removal_35percent/graph_25.edgelist: Greedy MIS size = 4
Processed generated_graphs/nodes_20/removal_50percent/graph_5.edgelist: Greedy MIS size = 5
Processed generated_graphs/nodes_20/removal_65percent/graph_48.edgelist: Greedy MIS size = 7
Processed generated_graphs/nodes_20/removal_80percent/graph_28.edgelist: Greedy MIS size = 8
Processed generated_graphs/nodes_25/removal_20percent/graph_40.edgelist: Greedy MIS size = 3
Processed generated_graphs/nodes_25/removal_35percent/graph_34.edgelist: Greedy MIS size = 5
Processed generated_graphs/nodes_25/removal_45percent/graph_47.edgelist: Greedy MIS size = 5
Processed generated_graphs/nodes_25/removal_60percent/graph_6.edgelist: Greedy MIS size = 7
Processed generated_graphs/nodes_25/removal_75percent/graph_44.edgelist: Greedy MIS size = 9
Processed generated_graphs/nodes_15/removal_20percent/graph_48.edgelist: Greedy MIS size = 3
Processed generated_graphs/nodes_15/removal_35percent/graph_14.edgelist: Greedy MIS size = 4
Processed generated_graphs/nodes_15/removal_40percent/graph_7.edgelist: Greedy MIS size = 4
Processed generated_graphs/nodes_15/removal_50percent/graph_6.edgelist: Greedy MIS size = 4
Processed generated_graphs/nodes_15/removal_65percent/graph_46.edgelist: Greedy MIS size = 7
Processed generated_graphs/nodes_15/removal_75percent/graph_8.edgelist: Greedy MIS size = 6
Processed generated_graphs/nodes_20/removal_20percent/graph_21.edgelist: Greedy MIS size = 3
Processed generated_graphs/nodes_20/removal_35percent/graph_17.edgelist: Greedy MIS size = 4
Processed generated_graphs/nodes_20/removal_50percent/graph_24.edgelist: Greedy MIS size = 5
Processed generated_graphs/nodes_20/removal_65percent/graph_41.edgelist: Greedy MIS size = 7
Processed generated_graphs/nodes_20/removal_75percent/graph_39.edgelist: Greedy MIS size = 9
Processed generated_graphs/nodes_20/removal_85percent/graph_29.edgelist: Greedy MIS size = 9
Processed generated_graphs/nodes_25/removal_25percent/graph_11.edgelist: Greedy MIS size = 4
Processed generated_graphs/nodes_25/removal_35percent/graph_22.edgelist: Greedy MIS size = 5
Processed generated_graphs/nodes_25/removal_45percent/graph_19.edgelist: Greedy MIS size = 6
Processed generated_graphs/nodes_25/removal_60percent/graph_3.edgelist: Greedy MIS size = 7
Processed generated_graphs/nodes_25/removal_75percent/graph_32.edgelist: Greedy MIS size = 9
Processed generated_graphs/nodes_15/removal_20percent/graph_25.edgelist: Greedy MIS size = 3
Processed generated_graphs/nodes_15/removal_35percent/graph_1.edgelist: Greedy MIS size = 4
Processed generated_graphs/nodes_15/removal_40percent/graph_25.edgelist: Greedy MIS size = 4
Processed generated_graphs/nodes_15/removal_50percent/graph_1.edgelist: Greedy MIS size = 5
Processed generated_graphs/nodes_15/removal_60percent/graph_21.edgelist: Greedy MIS size = 5
Processed generated_graphs/nodes_15/removal_70percent/graph_18.edgelist: Greedy MIS size = 6
Processed generated_graphs/nodes_15/removal_85percent/graph_3.edgelist: Greedy MIS size = 7
Processed generated_graphs/nodes_20/removal_25percent/graph_43.edgelist: Greedy MIS size = 3
Processed generated_graphs/nodes_20/removal_40percent/graph_10.edgelist: Greedy MIS size = 6
Processed generated_graphs/nodes_20/removal_55percent/graph_10.edgelist: Greedy MIS size = 5
Processed generated_graphs/nodes_20/removal_70percent/graph_19.edgelist: Greedy MIS size = 7
Processed generated_graphs/nodes_20/removal_85percent/graph_2.edgelist: Greedy MIS size = 8
Processed generated_graphs/nodes_25/removal_15percent/graph_43.edgelist: Greedy MIS size = 3
Processed generated_graphs/nodes_25/removal_35percent/graph_10.edgelist: Greedy MIS size = 4
Processed generated_graphs/nodes_25/removal_45percent/graph_36.edgelist: Greedy MIS size = 5
Processed generated_graphs/nodes_25/removal_55percent/graph_39.edgelist: Greedy MIS size = 7
Processed generated_graphs/nodes_25/removal_65percent/graph_44.edgelist: Greedy MIS size = 7
Processed generated_graphs/nodes_25/removal_80percent/graph_21.edgelist: Greedy MIS size = 9
Processed generated_graphs/nodes_15/removal_20percent/graph_38.edgelist: Greedy MIS size = 2
Processed generated_graphs/nodes_15/removal_35percent/graph_10.edgelist: Greedy MIS size = 4
Processed generated_graphs/nodes_15/removal_40percent/graph_44.edgelist: Greedy MIS size = 3
Processed generated_graphs/nodes_15/removal_55percent/graph_8.edgelist: Greedy MIS size = 5
Processed generated_graphs/nodes_15/removal_65percent/graph_45.edgelist: Greedy MIS size = 5
Processed generated_graphs/nodes_15/removal_80percent/graph_17.edgelist: Greedy MIS size = 7
Processed generated_graphs/nodes_20/removal_15percent/graph_39.edgelist: Greedy MIS size = 3
Processed generated_graphs/nodes_20/removal_30percent/graph_2.edgelist: Greedy MIS size = 4
Processed generated_graphs/nodes_20/removal_45percent/graph_24.edgelist: Greedy MIS size = 4
Processed generated_graphs/nodes_20/removal_60percent/graph_3.edgelist: Greedy MIS size = 6
Processed generated_graphs/nodes_20/removal_75percent/graph_23.edgelist: Greedy MIS size = 7
Processed generated_graphs/nodes_25/removal_15percent/graph_4.edgelist: Greedy MIS size = 3
Processed generated_graphs/nodes_25/removal_25percent/graph_34.edgelist: Greedy MIS size = 3
Processed generated_graphs/nodes_25/removal_40percent/graph_24.edgelist: Greedy MIS size = 4
Processed generated_graphs/nodes_25/removal_45percent/graph_50.edgelist: Greedy MIS size = 5
Processed generated_graphs/nodes_25/removal_60percent/graph_24.edgelist: Greedy MIS size = 6
Processed generated_graphs/nodes_25/removal_70percent/graph_42.edgelist: Greedy MIS size = 7
Processed generated_graphs/nodes_25/removal_80percent/graph_35.edgelist: Greedy MIS size = 10
Processed generated_graphs/nodes_15/removal_15percent/graph_33.edgelist: Greedy MIS size = 2
Processed generated_graphs/nodes_15/removal_30percent/graph_45.edgelist: Greedy MIS size = 3
Processed generated_graphs/nodes_15/removal_35percent/graph_6.edgelist: Greedy MIS size = 4
Processed generated_graphs/nodes_15/removal_50percent/graph_23.edgelist: Greedy MIS size = 5
Processed generated_graphs/nodes_15/removal_60percent/graph_24.edgelist: Greedy MIS size = 5
Processed generated_graphs/nodes_15/removal_70percent/graph_23.edgelist: Greedy MIS size = 6
Processed generated_graphs/nodes_15/removal_85percent/graph_16.edgelist: Greedy MIS size = 6
Processed generated_graphs/nodes_20/removal_20percent/graph_24.edgelist: Greedy MIS size = 3
Processed generated_graphs/nodes_20/removal_30percent/graph_31.edgelist: Greedy MIS size = 4
Processed generated_graphs/nodes_20/removal_40percent/graph_39.edgelist: Greedy MIS size = 4
Processed generated_graphs/nodes_20/removal_50percent/graph_43.edgelist: Greedy MIS size = 5
Processed generated_graphs/nodes_20/removal_65percent/graph_36.edgelist: Greedy MIS size = 6
Processed generated_graphs/nodes_20/removal_80percent/graph_38.edgelist: Greedy MIS size = 8
Processed generated_graphs/nodes_25/removal_20percent/graph_11.edgelist: Greedy MIS size = 3
Processed generated_graphs/nodes_25/removal_35percent/graph_17.edgelist: Greedy MIS size = 4
Processed generated_graphs/nodes_25/removal_45percent/graph_45.edgelist: Greedy MIS size = 4
Processed generated_graphs/nodes_25/removal_60percent/graph_16.edgelist: Greedy MIS size = 7
Processed generated_graphs/nodes_25/removal_70percent/graph_4.edgelist: Greedy MIS size = 9
Processed generated_graphs/nodes_25/removal_80percent/graph_29.edgelist: Greedy MIS size = 10
Processed generated_graphs/nodes_15/removal_20percent/graph_19.edgelist: Greedy MIS size = 3
Processed generated_graphs/nodes_15/removal_30percent/graph_25.edgelist: Greedy MIS size = 4
Processed generated_graphs/nodes_15/removal_50percent/graph_13.edgelist: Greedy MIS size = 5
Processed generated_graphs/nodes_15/removal_60percent/graph_45.edgelist: Greedy MIS size = 6
Processed generated_graphs/nodes_15/removal_70percent/graph_5.edgelist: Greedy MIS size = 6
Processed generated_graphs/nodes_15/removal_85percent/graph_7.edgelist: Greedy MIS size = 8
Processed generated_graphs/nodes_20/removal_30percent/graph_16.edgelist: Greedy MIS size = 4
Processed generated_graphs/nodes_20/removal_45percent/graph_17.edgelist: Greedy MIS size = 4
Processed generated_graphs/nodes_20/removal_55percent/graph_40.edgelist: Greedy MIS size = 6
Processed generated_graphs/nodes_20/removal_65percent/graph_27.edgelist: Greedy MIS size = 6
Processed generated_graphs/nodes_20/removal_80percent/graph_46.edgelist: Greedy MIS size = 9
Processed generated_graphs/nodes_25/removal_15percent/graph_45.edgelist: Greedy MIS size = 3
Processed generated_graphs/nodes_25/removal_25percent/graph_40.edgelist: Greedy MIS size = 3
Processed generated_graphs/nodes_25/removal_35percent/graph_41.edgelist: Greedy MIS size = 4
Processed generated_graphs/nodes_25/removal_45percent/graph_33.edgelist: Greedy MIS size = 5
Processed generated_graphs/nodes_25/removal_65percent/graph_11.edgelist: Greedy MIS size = 8
Processed generated_graphs/nodes_25/removal_80percent/graph_2.edgelist: Greedy MIS size = 9
Processed generated_graphs/nodes_15/removal_20percent/graph_47.edgelist: Greedy MIS size = 3
Processed generated_graphs/nodes_15/removal_35percent/graph_22.edgelist: Greedy MIS size = 4
Processed generated_graphs/nodes_15/removal_45percent/graph_17.edgelist: Greedy MIS size = 4
Processed generated_graphs/nodes_15/removal_55percent/graph_18.edgelist: Greedy MIS size = 5
Processed generated_graphs/nodes_15/removal_65percent/graph_50.edgelist: Greedy MIS size = 7
Processed generated_graphs/nodes_15/removal_80percent/graph_29.edgelist: Greedy MIS size = 7
Processed generated_graphs/nodes_20/removal_15percent/graph_49.edgelist: Greedy MIS size = 3
Processed generated_graphs/nodes_20/removal_30percent/graph_4.edgelist: Greedy MIS size = 3
Processed generated_graphs/nodes_20/removal_45percent/graph_2.edgelist: Greedy MIS size = 5
Processed generated_graphs/nodes_20/removal_60percent/graph_14.edgelist: Greedy MIS size = 7
Processed generated_graphs/nodes_20/removal_75percent/graph_20.edgelist: Greedy MIS size = 7
Processed generated_graphs/nodes_20/removal_85percent/graph_30.edgelist: Greedy MIS size = 10
Processed generated_graphs/nodes_25/removal_25percent/graph_7.edgelist: Greedy MIS size = 3
Processed generated_graphs/nodes_25/removal_40percent/graph_5.edgelist: Greedy MIS size = 5
Processed generated_graphs/nodes_25/removal_55percent/graph_10.edgelist: Greedy MIS size = 6
Processed generated_graphs/nodes_25/removal_65percent/graph_42.edgelist: Greedy MIS size = 9
Processed generated_graphs/nodes_25/removal_75percent/graph_5.edgelist: Greedy MIS size = 8
Processed generated_graphs/nodes_15/removal_25percent/graph_14.edgelist: Greedy MIS size = 3
Processed generated_graphs/nodes_15/removal_35percent/graph_25.edgelist: Greedy MIS size = 4
Processed generated_graphs/nodes_15/removal_40percent/graph_8.edgelist: Greedy MIS size = 4
Processed generated_graphs/nodes_15/removal_50percent/graph_9.edgelist: Greedy MIS size = 5
Processed generated_graphs/nodes_15/removal_70percent/graph_26.edgelist: Greedy MIS size = 7
Processed generated_graphs/nodes_15/removal_85percent/graph_1.edgelist: Greedy MIS size = 7
Processed generated_graphs/nodes_20/removal_20percent/graph_19.edgelist: Greedy MIS size = 3
Processed generated_graphs/nodes_20/removal_30percent/graph_49.edgelist: Greedy MIS size = 3
Processed generated_graphs/nodes_20/removal_45percent/graph_35.edgelist: Greedy MIS size = 5
Processed generated_graphs/nodes_20/removal_55percent/graph_31.edgelist: Greedy MIS size = 6
Processed generated_graphs/nodes_20/removal_70percent/graph_3.edgelist: Greedy MIS size = 8
Processed generated_graphs/nodes_20/removal_80percent/graph_9.edgelist: Greedy MIS size = 10
Processed generated_graphs/nodes_25/removal_25percent/graph_12.edgelist: Greedy MIS size = 3
Processed generated_graphs/nodes_25/removal_35percent/graph_15.edgelist: Greedy MIS size = 4
Processed generated_graphs/nodes_25/removal_45percent/graph_40.edgelist: Greedy MIS size = 4
Processed generated_graphs/nodes_25/removal_55percent/graph_6.edgelist: Greedy MIS size = 6
Processed generated_graphs/nodes_25/removal_70percent/graph_35.edgelist: Greedy MIS size = 8
Processed generated_graphs/nodes_25/removal_80percent/graph_32.edgelist: Greedy MIS size = 10
Processed generated_graphs/nodes_15/removal_25percent/graph_12.edgelist: Greedy MIS size = 3
Processed generated_graphs/nodes_15/removal_40percent/graph_46.edgelist: Greedy MIS size = 4
Processed generated_graphs/nodes_15/removal_50percent/graph_44.edgelist: Greedy MIS size = 5
Processed generated_graphs/nodes_15/removal_65percent/graph_13.edgelist: Greedy MIS size = 6
Processed generated_graphs/nodes_15/removal_80percent/graph_12.edgelist: Greedy MIS size = 7
Processed generated_graphs/nodes_15/removal_85percent/graph_31.edgelist: Greedy MIS size = 7
Processed generated_graphs/nodes_20/removal_20percent/graph_22.edgelist: Greedy MIS size = 3
Processed generated_graphs/nodes_20/removal_30percent/graph_43.edgelist: Greedy MIS size = 3
Processed generated_graphs/nodes_20/removal_40percent/graph_23.edgelist: Greedy MIS size = 5
Processed generated_graphs/nodes_20/removal_50percent/graph_37.edgelist: Greedy MIS size = 5
Processed generated_graphs/nodes_20/removal_60percent/graph_4.edgelist: Greedy MIS size = 6
Processed generated_graphs/nodes_20/removal_70percent/graph_5.edgelist: Greedy MIS size = 7
Processed generated_graphs/nodes_20/removal_85percent/graph_9.edgelist: Greedy MIS size = 10
Processed generated_graphs/nodes_25/removal_25percent/graph_41.edgelist: Greedy MIS size = 3
Processed generated_graphs/nodes_25/removal_40percent/graph_10.edgelist: Greedy MIS size = 4
Processed generated_graphs/nodes_25/removal_50percent/graph_42.edgelist: Greedy MIS size = 5
Processed generated_graphs/nodes_25/removal_65percent/graph_4.edgelist: Greedy MIS size = 7
Processed generated_graphs/nodes_25/removal_75percent/graph_35.edgelist: Greedy MIS size = 7
Processed generated_graphs/nodes_15/removal_15percent/graph_18.edgelist: Greedy MIS size = 2
Processed generated_graphs/nodes_15/removal_25percent/graph_46.edgelist: Greedy MIS size = 4
Processed generated_graphs/nodes_15/removal_35percent/graph_20.edgelist: Greedy MIS size = 3
Processed generated_graphs/nodes_15/removal_40percent/graph_36.edgelist: Greedy MIS size = 4
Processed generated_graphs/nodes_15/removal_50percent/graph_7.edgelist: Greedy MIS size = 4
Processed generated_graphs/nodes_15/removal_65percent/graph_31.edgelist: Greedy MIS size = 6
Processed generated_graphs/nodes_15/removal_80percent/graph_22.edgelist: Greedy MIS size = 7
Processed generated_graphs/nodes_20/removal_15percent/graph_4.edgelist: Greedy MIS size = 2
Processed generated_graphs/nodes_20/removal_30percent/graph_29.edgelist: Greedy MIS size = 3
Processed generated_graphs/nodes_20/removal_45percent/graph_29.edgelist: Greedy MIS size = 5
Processed generated_graphs/nodes_20/removal_60percent/graph_35.edgelist: Greedy MIS size = 6
Processed generated_graphs/nodes_20/removal_80percent/graph_1.edgelist: Greedy MIS size = 8
Processed generated_graphs/nodes_25/removal_15percent/graph_10.edgelist: Greedy MIS size = 2
Processed generated_graphs/nodes_25/removal_25percent/graph_31.edgelist: Greedy MIS size = 3
Processed generated_graphs/nodes_25/removal_35percent/graph_24.edgelist: Greedy MIS size = 3
Processed generated_graphs/nodes_25/removal_50percent/graph_25.edgelist: Greedy MIS size = 5
Processed generated_graphs/nodes_25/removal_65percent/graph_29.edgelist: Greedy MIS size = 7
Processed generated_graphs/nodes_25/removal_80percent/graph_13.edgelist: Greedy MIS size = 10
Processed generated_graphs/nodes_15/removal_20percent/graph_11.edgelist: Greedy MIS size = 3
Processed generated_graphs/nodes_15/removal_30percent/graph_37.edgelist: Greedy MIS size = 3
Processed generated_graphs/nodes_15/removal_50percent/graph_18.edgelist: Greedy MIS size = 4
Processed generated_graphs/nodes_15/removal_60percent/graph_49.edgelist: Greedy MIS size = 6
Processed generated_graphs/nodes_15/removal_70percent/graph_9.edgelist: Greedy MIS size = 6
Processed generated_graphs/nodes_15/removal_85percent/graph_20.edgelist: Greedy MIS size = 8
Processed generated_graphs/nodes_20/removal_25percent/graph_14.edgelist: Greedy MIS size = 3
Processed generated_graphs/nodes_20/removal_30percent/graph_48.edgelist: Greedy MIS size = 4
Processed generated_graphs/nodes_20/removal_45percent/graph_26.edgelist: Greedy MIS size = 5
Processed generated_graphs/nodes_20/removal_60percent/graph_28.edgelist: Greedy MIS size = 6
Processed generated_graphs/nodes_20/removal_75percent/graph_30.edgelist: Greedy MIS size = 9
Processed generated_graphs/nodes_20/removal_85percent/graph_23.edgelist: Greedy MIS size = 11
Processed generated_graphs/nodes_25/removal_20percent/graph_20.edgelist: Greedy MIS size = 3
Processed generated_graphs/nodes_25/removal_35percent/graph_35.edgelist: Greedy MIS size = 4
Processed generated_graphs/nodes_25/removal_50percent/graph_15.edgelist: Greedy MIS size = 6
Processed generated_graphs/nodes_25/removal_60percent/graph_15.edgelist: Greedy MIS size = 7
Processed generated_graphs/nodes_25/removal_70percent/graph_44.edgelist: Greedy MIS size = 8
Processed generated_graphs/nodes_25/removal_85percent/graph_12.edgelist: Greedy MIS size = 12
Processed generated_graphs/nodes_15/removal_20percent/graph_12.edgelist: Greedy MIS size = 3
Processed generated_graphs/nodes_15/removal_25percent/graph_32.edgelist: Greedy MIS size = 3
Processed generated_graphs/nodes_15/removal_35percent/graph_8.edgelist: Greedy MIS size = 4
Processed generated_graphs/nodes_15/removal_55percent/graph_33.edgelist: Greedy MIS size = 4
Processed generated_graphs/nodes_15/removal_70percent/graph_36.edgelist: Greedy MIS size = 6
Processed generated_graphs/nodes_15/removal_85percent/graph_38.edgelist: Greedy MIS size = 8
Processed generated_graphs/nodes_20/removal_25percent/graph_23.edgelist: Greedy MIS size = 3
Processed generated_graphs/nodes_20/removal_35percent/graph_36.edgelist: Greedy MIS size = 3
Processed generated_graphs/nodes_20/removal_50percent/graph_23.edgelist: Greedy MIS size = 5
Processed generated_graphs/nodes_20/removal_60percent/graph_41.edgelist: Greedy MIS size = 7
Processed generated_graphs/nodes_20/removal_75percent/graph_40.edgelist: Greedy MIS size = 7
Processed generated_graphs/nodes_25/removal_15percent/graph_28.edgelist: Greedy MIS size = 4
Processed generated_graphs/nodes_25/removal_25percent/graph_50.edgelist: Greedy MIS size = 3
Processed generated_graphs/nodes_25/removal_40percent/graph_41.edgelist: Greedy MIS size = 5
Processed generated_graphs/nodes_25/removal_50percent/graph_48.edgelist: Greedy MIS size = 6
Processed generated_graphs/nodes_25/removal_60percent/graph_42.edgelist: Greedy MIS size = 5
Processed generated_graphs/nodes_25/removal_70percent/graph_9.edgelist: Greedy MIS size = 9
Processed generated_graphs/nodes_25/removal_85percent/graph_13.edgelist: Greedy MIS size = 11
Processed generated_graphs/nodes_15/removal_15percent/graph_17.edgelist: Greedy MIS size = 3
Processed generated_graphs/nodes_15/removal_20percent/graph_39.edgelist: Greedy MIS size = 2
Processed generated_graphs/nodes_15/removal_30percent/graph_41.edgelist: Greedy MIS size = 4
Processed generated_graphs/nodes_15/removal_45percent/graph_22.edgelist: Greedy MIS size = 4
Processed generated_graphs/nodes_15/removal_50percent/graph_45.edgelist: Greedy MIS size = 4
Processed generated_graphs/nodes_15/removal_60percent/graph_7.edgelist: Greedy MIS size = 6
Processed generated_graphs/nodes_15/removal_65percent/graph_49.edgelist: Greedy MIS size = 6
Processed generated_graphs/nodes_15/removal_80percent/graph_39.edgelist: Greedy MIS size = 8
Processed generated_graphs/nodes_20/removal_15percent/graph_3.edgelist: Greedy MIS size = 3
Processed generated_graphs/nodes_20/removal_25percent/graph_33.edgelist: Greedy MIS size = 4
Processed generated_graphs/nodes_20/removal_40percent/graph_41.edgelist: Greedy MIS size = 4
Processed generated_graphs/nodes_20/removal_55percent/graph_50.edgelist: Greedy MIS size = 6
Processed generated_graphs/nodes_20/removal_75percent/graph_47.edgelist: Greedy MIS size = 8
Processed generated_graphs/nodes_25/removal_15percent/graph_41.edgelist: Greedy MIS size = 3
Processed generated_graphs/nodes_25/removal_25percent/graph_22.edgelist: Greedy MIS size = 4
Processed generated_graphs/nodes_25/removal_35percent/graph_4.edgelist: Greedy MIS size = 5
Processed generated_graphs/nodes_25/removal_50percent/graph_43.edgelist: Greedy MIS size = 5
Processed generated_graphs/nodes_25/removal_65percent/graph_24.edgelist: Greedy MIS size = 7
Processed generated_graphs/nodes_25/removal_80percent/graph_15.edgelist: Greedy MIS size = 10
Processed generated_graphs/nodes_15/removal_25percent/graph_25.edgelist: Greedy MIS size = 3
Processed generated_graphs/nodes_15/removal_40percent/graph_10.edgelist: Greedy MIS size = 4
Processed generated_graphs/nodes_15/removal_45percent/graph_35.edgelist: Greedy MIS size = 4
Processed generated_graphs/nodes_15/removal_60percent/graph_8.edgelist: Greedy MIS size = 5
Processed generated_graphs/nodes_15/removal_80percent/graph_35.edgelist: Greedy MIS size = 9
Processed generated_graphs/nodes_20/removal_20percent/graph_43.edgelist: Greedy MIS size = 3
Processed generated_graphs/nodes_20/removal_35percent/graph_2.edgelist: Greedy MIS size = 4
Processed generated_graphs/nodes_20/removal_45percent/graph_10.edgelist: Greedy MIS size = 5
Processed generated_graphs/nodes_20/removal_55percent/graph_44.edgelist: Greedy MIS size = 5
Processed generated_graphs/nodes_20/removal_65percent/graph_42.edgelist: Greedy MIS size = 6
Processed generated_graphs/nodes_20/removal_80percent/graph_37.edgelist: Greedy MIS size = 7
Processed generated_graphs/nodes_25/removal_15percent/graph_6.edgelist: Greedy MIS size = 3
Processed generated_graphs/nodes_25/removal_30percent/graph_13.edgelist: Greedy MIS size = 4
Processed generated_graphs/nodes_25/removal_40percent/graph_38.edgelist: Greedy MIS size = 5
Processed generated_graphs/nodes_25/removal_55percent/graph_41.edgelist: Greedy MIS size = 6
Processed generated_graphs/nodes_25/removal_70percent/graph_25.edgelist: Greedy MIS size = 8
Processed generated_graphs/nodes_25/removal_85percent/graph_15.edgelist: Greedy MIS size = 11
Processed generated_graphs/nodes_15/removal_20percent/graph_43.edgelist: Greedy MIS size = 2
Processed generated_graphs/nodes_15/removal_35percent/graph_16.edgelist: Greedy MIS size = 4
Processed generated_graphs/nodes_15/removal_40percent/graph_4.edgelist: Greedy MIS size = 3
Processed generated_graphs/nodes_15/removal_65percent/graph_10.edgelist: Greedy MIS size = 6
Processed generated_graphs/nodes_15/removal_70percent/graph_50.edgelist: Greedy MIS size = 6
Processed generated_graphs/nodes_15/removal_80percent/graph_48.edgelist: Greedy MIS size = 6
Processed generated_graphs/nodes_20/removal_15percent/graph_32.edgelist: Greedy MIS size = 3
Processed generated_graphs/nodes_20/removal_30percent/graph_39.edgelist: Greedy MIS size = 4
Processed generated_graphs/nodes_20/removal_45percent/graph_21.edgelist: Greedy MIS size = 5
Processed generated_graphs/nodes_20/removal_60percent/graph_38.edgelist: Greedy MIS size = 6
Processed generated_graphs/nodes_20/removal_75percent/graph_17.edgelist: Greedy MIS size = 9
Processed generated_graphs/nodes_20/removal_85percent/graph_4.edgelist: Greedy MIS size = 11
Processed generated_graphs/nodes_25/removal_20percent/graph_47.edgelist: Greedy MIS size = 3
Processed generated_graphs/nodes_25/removal_35percent/graph_46.edgelist: Greedy MIS size = 5
Processed generated_graphs/nodes_25/removal_50percent/graph_32.edgelist: Greedy MIS size = 5
Processed generated_graphs/nodes_25/removal_65percent/graph_40.edgelist: Greedy MIS size = 8
Processed generated_graphs/nodes_25/removal_75percent/graph_50.edgelist: Greedy MIS size = 10
Processed generated_graphs/nodes_15/removal_20percent/graph_5.edgelist: Greedy MIS size = 3
Processed generated_graphs/nodes_15/removal_40percent/graph_41.edgelist: Greedy MIS size = 4
Processed generated_graphs/nodes_15/removal_60percent/graph_38.edgelist: Greedy MIS size = 5
Processed generated_graphs/nodes_15/removal_75percent/graph_15.edgelist: Greedy MIS size = 8
Processed generated_graphs/nodes_15/removal_80percent/graph_5.edgelist: Greedy MIS size = 8
Processed generated_graphs/nodes_20/removal_20percent/graph_4.edgelist: Greedy MIS size = 4
Processed generated_graphs/nodes_20/removal_35percent/graph_42.edgelist: Greedy MIS size = 4
Processed generated_graphs/nodes_20/removal_50percent/graph_14.edgelist: Greedy MIS size = 6
Processed generated_graphs/nodes_20/removal_55percent/graph_37.edgelist: Greedy MIS size = 5
Processed generated_graphs/nodes_20/removal_65percent/graph_39.edgelist: Greedy MIS size = 7
Processed generated_graphs/nodes_20/removal_80percent/graph_23.edgelist: Greedy MIS size = 9
Processed generated_graphs/nodes_25/removal_15percent/graph_19.edgelist: Greedy MIS size = 3
Processed generated_graphs/nodes_25/removal_25percent/graph_4.edgelist: Greedy MIS size = 4
Processed generated_graphs/nodes_25/removal_35percent/graph_36.edgelist: Greedy MIS size = 4
Processed generated_graphs/nodes_25/removal_45percent/graph_2.edgelist: Greedy MIS size = 5
Processed generated_graphs/nodes_25/removal_60percent/graph_1.edgelist: Greedy MIS size = 7
Processed generated_graphs/nodes_25/removal_70percent/graph_12.edgelist: Greedy MIS size = 8
Processed generated_graphs/nodes_25/removal_80percent/graph_24.edgelist: Greedy MIS size = 9
Processed generated_graphs/nodes_15/removal_25percent/graph_18.edgelist: Greedy MIS size = 3
Processed generated_graphs/nodes_15/removal_45percent/graph_10.edgelist: Greedy MIS size = 4
Processed generated_graphs/nodes_15/removal_55percent/graph_7.edgelist: Greedy MIS size = 4
Processed generated_graphs/nodes_15/removal_70percent/graph_6.edgelist: Greedy MIS size = 6
Processed generated_graphs/nodes_15/removal_80percent/graph_30.edgelist: Greedy MIS size = 6
Processed generated_graphs/nodes_20/removal_15percent/graph_41.edgelist: Greedy MIS size = 3
Processed generated_graphs/nodes_20/removal_25percent/graph_45.edgelist: Greedy MIS size = 3
Processed generated_graphs/nodes_20/removal_40percent/graph_4.edgelist: Greedy MIS size = 5
Processed generated_graphs/nodes_20/removal_60percent/graph_10.edgelist: Greedy MIS size = 6
Processed generated_graphs/nodes_20/removal_65percent/graph_40.edgelist: Greedy MIS size = 6
Processed generated_graphs/nodes_20/removal_75percent/graph_44.edgelist: Greedy MIS size = 8
Processed generated_graphs/nodes_25/removal_15percent/graph_33.edgelist: Greedy MIS size = 3
Processed generated_graphs/nodes_25/removal_25percent/graph_45.edgelist: Greedy MIS size = 4
Processed generated_graphs/nodes_25/removal_40percent/graph_27.edgelist: Greedy MIS size = 5
Processed generated_graphs/nodes_25/removal_55percent/graph_1.edgelist: Greedy MIS size = 6
Processed generated_graphs/nodes_25/removal_65percent/graph_50.edgelist: Greedy MIS size = 8
Processed generated_graphs/nodes_25/removal_80percent/graph_40.edgelist: Greedy MIS size = 10
Processed generated_graphs/nodes_15/removal_20percent/graph_45.edgelist: Greedy MIS size = 3
Processed generated_graphs/nodes_15/removal_35percent/graph_33.edgelist: Greedy MIS size = 3
Processed generated_graphs/nodes_15/removal_50percent/graph_17.edgelist: Greedy MIS size = 4
Processed generated_graphs/nodes_15/removal_65percent/graph_47.edgelist: Greedy MIS size = 6
Processed generated_graphs/nodes_15/removal_80percent/graph_19.edgelist: Greedy MIS size = 9
Processed generated_graphs/nodes_20/removal_20percent/graph_1.edgelist: Greedy MIS size = 3
Processed generated_graphs/nodes_20/removal_30percent/graph_30.edgelist: Greedy MIS size = 4
Processed generated_graphs/nodes_20/removal_40percent/graph_9.edgelist: Greedy MIS size = 5
Processed generated_graphs/nodes_20/removal_55percent/graph_39.edgelist: Greedy MIS size = 6
Processed generated_graphs/nodes_20/removal_70percent/graph_35.edgelist: Greedy MIS size = 7
Processed generated_graphs/nodes_20/removal_80percent/graph_5.edgelist: Greedy MIS size = 9
Processed generated_graphs/nodes_25/removal_25percent/graph_37.edgelist: Greedy MIS size = 4
Processed generated_graphs/nodes_25/removal_40percent/graph_12.edgelist: Greedy MIS size = 4
Processed generated_graphs/nodes_25/removal_50percent/graph_37.edgelist: Greedy MIS size = 5
Processed generated_graphs/nodes_25/removal_60percent/graph_35.edgelist: Greedy MIS size = 8
Processed generated_graphs/nodes_25/removal_75percent/graph_43.edgelist: Greedy MIS size = 9
Processed generated_graphs/nodes_25/removal_85percent/graph_28.edgelist: Greedy MIS size = 11
Processed generated_graphs/nodes_15/removal_15percent/graph_7.edgelist: Greedy MIS size = 3
Processed generated_graphs/nodes_15/removal_30percent/graph_39.edgelist: Greedy MIS size = 3
Processed generated_graphs/nodes_15/removal_35percent/graph_42.edgelist: Greedy MIS size = 3
Processed generated_graphs/nodes_15/removal_50percent/graph_37.edgelist: Greedy MIS size = 5
Processed generated_graphs/nodes_15/removal_65percent/graph_1.edgelist: Greedy MIS size = 5
Processed generated_graphs/nodes_15/removal_75percent/graph_35.edgelist: Greedy MIS size = 6
Processed generated_graphs/nodes_20/removal_15percent/graph_37.edgelist: Greedy MIS size = 3
Processed generated_graphs/nodes_20/removal_25percent/graph_38.edgelist: Greedy MIS size = 3
Processed generated_graphs/nodes_20/removal_35percent/graph_26.edgelist: Greedy MIS size = 4
Processed generated_graphs/nodes_20/removal_45percent/graph_37.edgelist: Greedy MIS size = 5
Processed generated_graphs/nodes_20/removal_55percent/graph_38.edgelist: Greedy MIS size = 6
Processed generated_graphs/nodes_20/removal_65percent/graph_9.edgelist: Greedy MIS size = 7
Processed generated_graphs/nodes_20/removal_80percent/graph_7.edgelist: Greedy MIS size = 8
Processed generated_graphs/nodes_25/removal_20percent/graph_17.edgelist: Greedy MIS size = 4
Processed generated_graphs/nodes_25/removal_35percent/graph_12.edgelist: Greedy MIS size = 4
Processed generated_graphs/nodes_25/removal_45percent/graph_46.edgelist: Greedy MIS size = 5
Processed generated_graphs/nodes_25/removal_60percent/graph_32.edgelist: Greedy MIS size = 7
Processed generated_graphs/nodes_25/removal_70percent/graph_20.edgelist: Greedy MIS size = 7
Processed generated_graphs/nodes_25/removal_80percent/graph_44.edgelist: Greedy MIS size = 10
Processed generated_graphs/nodes_15/removal_20percent/graph_37.edgelist: Greedy MIS size = 3
Processed generated_graphs/nodes_15/removal_35percent/graph_28.edgelist: Greedy MIS size = 3
Processed generated_graphs/nodes_15/removal_45percent/graph_21.edgelist: Greedy MIS size = 4
Processed generated_graphs/nodes_15/removal_60percent/graph_31.edgelist: Greedy MIS size = 5
Processed generated_graphs/nodes_15/removal_70percent/graph_42.edgelist: Greedy MIS size = 6
Processed generated_graphs/nodes_15/removal_85percent/graph_13.edgelist: Greedy MIS size = 9
Processed generated_graphs/nodes_20/removal_20percent/graph_39.edgelist: Greedy MIS size = 3
Processed generated_graphs/nodes_20/removal_35percent/graph_46.edgelist: Greedy MIS size = 4
Processed generated_graphs/nodes_20/removal_50percent/graph_34.edgelist: Greedy MIS size = 6
Processed generated_graphs/nodes_20/removal_65percent/graph_1.edgelist: Greedy MIS size = 6
Processed generated_graphs/nodes_20/removal_75percent/graph_16.edgelist: Greedy MIS size = 9
Processed generated_graphs/nodes_25/removal_15percent/graph_21.edgelist: Greedy MIS size = 3
Processed generated_graphs/nodes_25/removal_35percent/graph_21.edgelist: Greedy MIS size = 4
Processed generated_graphs/nodes_25/removal_45percent/graph_34.edgelist: Greedy MIS size = 5
Processed generated_graphs/nodes_25/removal_55percent/graph_40.edgelist: Greedy MIS size = 6
Processed generated_graphs/nodes_25/removal_65percent/graph_23.edgelist: Greedy MIS size = 7
Processed generated_graphs/nodes_25/removal_80percent/graph_25.edgelist: Greedy MIS size = 11
Processed generated_graphs/nodes_15/removal_15percent/graph_32.edgelist: Greedy MIS size = 2
Processed generated_graphs/nodes_15/removal_25percent/graph_6.edgelist: Greedy MIS size = 3
Processed generated_graphs/nodes_15/removal_35percent/graph_50.edgelist: Greedy MIS size = 4
Processed generated_graphs/nodes_15/removal_55percent/graph_40.edgelist: Greedy MIS size = 5
Processed generated_graphs/nodes_15/removal_65percent/graph_20.edgelist: Greedy MIS size = 6
Processed generated_graphs/nodes_15/removal_75percent/graph_9.edgelist: Greedy MIS size = 6
Processed generated_graphs/nodes_20/removal_15percent/graph_31.edgelist: Greedy MIS size = 3
Processed generated_graphs/nodes_20/removal_30percent/graph_50.edgelist: Greedy MIS size = 4
Processed generated_graphs/nodes_20/removal_45percent/graph_25.edgelist: Greedy MIS size = 5
Processed generated_graphs/nodes_20/removal_60percent/graph_26.edgelist: Greedy MIS size = 6
Processed generated_graphs/nodes_20/removal_70percent/graph_8.edgelist: Greedy MIS size = 9
Processed generated_graphs/nodes_20/removal_85percent/graph_5.edgelist: Greedy MIS size = 11
Processed generated_graphs/nodes_25/removal_25percent/graph_27.edgelist: Greedy MIS size = 4
Processed generated_graphs/nodes_25/removal_40percent/graph_42.edgelist: Greedy MIS size = 5
Processed generated_graphs/nodes_25/removal_55percent/graph_23.edgelist: Greedy MIS size = 6
Processed generated_graphs/nodes_25/removal_65percent/graph_37.edgelist: Greedy MIS size = 6
Processed generated_graphs/nodes_25/removal_75percent/graph_6.edgelist: Greedy MIS size = 9
Processed generated_graphs/nodes_15/removal_15percent/graph_30.edgelist: Greedy MIS size = 2
Processed generated_graphs/nodes_15/removal_30percent/graph_22.edgelist: Greedy MIS size = 3
Processed generated_graphs/nodes_15/removal_40percent/graph_32.edgelist: Greedy MIS size = 4
Processed generated_graphs/nodes_15/removal_50percent/graph_26.edgelist: Greedy MIS size = 4
Processed generated_graphs/nodes_15/removal_60percent/graph_16.edgelist: Greedy MIS size = 5
Processed generated_graphs/nodes_15/removal_75percent/graph_21.edgelist: Greedy MIS size = 6
Processed generated_graphs/nodes_20/removal_15percent/graph_40.edgelist: Greedy MIS size = 3
Processed generated_graphs/nodes_20/removal_30percent/graph_41.edgelist: Greedy MIS size = 4
Processed generated_graphs/nodes_20/removal_45percent/graph_31.edgelist: Greedy MIS size = 4
Processed generated_graphs/nodes_20/removal_60percent/graph_25.edgelist: Greedy MIS size = 6
Processed generated_graphs/nodes_20/removal_70percent/graph_14.edgelist: Greedy MIS size = 6
Processed generated_graphs/nodes_20/removal_80percent/graph_3.edgelist: Greedy MIS size = 9
Processed generated_graphs/nodes_25/removal_15percent/graph_24.edgelist: Greedy MIS size = 3
Processed generated_graphs/nodes_25/removal_25percent/graph_43.edgelist: Greedy MIS size = 3
Processed generated_graphs/nodes_25/removal_40percent/graph_13.edgelist: Greedy MIS size = 5
Processed generated_graphs/nodes_25/removal_50percent/graph_21.edgelist: Greedy MIS size = 6
Processed generated_graphs/nodes_25/removal_55percent/graph_8.edgelist: Greedy MIS size = 6
Processed generated_graphs/nodes_25/removal_65percent/graph_2.edgelist: Greedy MIS size = 7
Processed generated_graphs/nodes_25/removal_80percent/graph_23.edgelist: Greedy MIS size = 10
Processed generated_graphs/nodes_15/removal_20percent/graph_15.edgelist: Greedy MIS size = 3
Processed generated_graphs/nodes_15/removal_30percent/graph_38.edgelist: Greedy MIS size = 3
Processed generated_graphs/nodes_15/removal_40percent/graph_11.edgelist: Greedy MIS size = 4
Processed generated_graphs/nodes_15/removal_50percent/graph_41.edgelist: Greedy MIS size = 5
Processed generated_graphs/nodes_15/removal_65percent/graph_24.edgelist: Greedy MIS size = 5
Processed generated_graphs/nodes_15/removal_75percent/graph_2.edgelist: Greedy MIS size = 7
Processed generated_graphs/nodes_15/removal_80percent/graph_6.edgelist: Greedy MIS size = 8
Processed generated_graphs/nodes_20/removal_15percent/graph_46.edgelist: Greedy MIS size = 3
Processed generated_graphs/nodes_20/removal_30percent/graph_9.edgelist: Greedy MIS size = 4
Processed generated_graphs/nodes_20/removal_40percent/graph_49.edgelist: Greedy MIS size = 5
Processed generated_graphs/nodes_20/removal_50percent/graph_22.edgelist: Greedy MIS size = 5
Processed generated_graphs/nodes_20/removal_60percent/graph_37.edgelist: Greedy MIS size = 6
Processed generated_graphs/nodes_20/removal_70percent/graph_44.edgelist: Greedy MIS size = 9
Processed generated_graphs/nodes_20/removal_80percent/graph_50.edgelist: Greedy MIS size = 8
Processed generated_graphs/nodes_25/removal_20percent/graph_4.edgelist: Greedy MIS size = 3
Processed generated_graphs/nodes_25/removal_35percent/graph_19.edgelist: Greedy MIS size = 5
Processed generated_graphs/nodes_25/removal_45percent/graph_6.edgelist: Greedy MIS size = 6
Processed generated_graphs/nodes_25/removal_55percent/graph_49.edgelist: Greedy MIS size = 6
Processed generated_graphs/nodes_25/removal_70percent/graph_1.edgelist: Greedy MIS size = 9
Processed generated_graphs/nodes_25/removal_80percent/graph_37.edgelist: Greedy MIS size = 11
Processed generated_graphs/nodes_15/removal_25percent/graph_8.edgelist: Greedy MIS size = 3
Processed generated_graphs/nodes_15/removal_40percent/graph_48.edgelist: Greedy MIS size = 4
Processed generated_graphs/nodes_15/removal_55percent/graph_36.edgelist: Greedy MIS size = 5
Processed generated_graphs/nodes_15/removal_70percent/graph_24.edgelist: Greedy MIS size = 7
Processed generated_graphs/nodes_15/removal_85percent/graph_27.edgelist: Greedy MIS size = 7
Processed generated_graphs/nodes_20/removal_20percent/graph_8.edgelist: Greedy MIS size = 3
Processed generated_graphs/nodes_20/removal_35percent/graph_7.edgelist: Greedy MIS size = 4
Processed generated_graphs/nodes_20/removal_55percent/graph_22.edgelist: Greedy MIS size = 6
Processed generated_graphs/nodes_20/removal_65percent/graph_4.edgelist: Greedy MIS size = 6
Processed generated_graphs/nodes_20/removal_80percent/graph_19.edgelist: Greedy MIS size = 8
Processed generated_graphs/nodes_25/removal_20percent/graph_27.edgelist: Greedy MIS size = 3
Processed generated_graphs/nodes_25/removal_35percent/graph_2.edgelist: Greedy MIS size = 4
Processed generated_graphs/nodes_25/removal_50percent/graph_3.edgelist: Greedy MIS size = 5
Processed generated_graphs/nodes_25/removal_60percent/graph_12.edgelist: Greedy MIS size = 7
Processed generated_graphs/nodes_25/removal_70percent/graph_23.edgelist: Greedy MIS size = 9
Processed generated_graphs/nodes_25/removal_80percent/graph_14.edgelist: Greedy MIS size = 10
Processed generated_graphs/nodes_15/removal_15percent/graph_41.edgelist: Greedy MIS size = 2
Processed generated_graphs/nodes_15/removal_30percent/graph_19.edgelist: Greedy MIS size = 3
Processed generated_graphs/nodes_15/removal_45percent/graph_18.edgelist: Greedy MIS size = 4
Processed generated_graphs/nodes_15/removal_55percent/graph_27.edgelist: Greedy MIS size = 5
Processed generated_graphs/nodes_15/removal_65percent/graph_44.edgelist: Greedy MIS size = 5
Processed generated_graphs/nodes_15/removal_80percent/graph_25.edgelist: Greedy MIS size = 7
Processed generated_graphs/nodes_20/removal_20percent/graph_28.edgelist: Greedy MIS size = 3
Processed generated_graphs/nodes_20/removal_30percent/graph_46.edgelist: Greedy MIS size = 4
Processed generated_graphs/nodes_20/removal_45percent/graph_19.edgelist: Greedy MIS size = 5
Processed generated_graphs/nodes_20/removal_55percent/graph_43.edgelist: Greedy MIS size = 6
Processed generated_graphs/nodes_20/removal_70percent/graph_21.edgelist: Greedy MIS size = 7
Processed generated_graphs/nodes_20/removal_75percent/graph_48.edgelist: Greedy MIS size = 8
Processed generated_graphs/nodes_25/removal_20percent/graph_15.edgelist: Greedy MIS size = 4
Processed generated_graphs/nodes_25/removal_25percent/graph_5.edgelist: Greedy MIS size = 3
Processed generated_graphs/nodes_25/removal_40percent/graph_7.edgelist: Greedy MIS size = 5
Processed generated_graphs/nodes_25/removal_55percent/graph_50.edgelist: Greedy MIS size = 7
Processed generated_graphs/nodes_25/removal_65percent/graph_38.edgelist: Greedy MIS size = 7
Processed generated_graphs/nodes_25/removal_80percent/graph_16.edgelist: Greedy MIS size = 10
Processed generated_graphs/nodes_15/removal_20percent/graph_20.edgelist: Greedy MIS size = 3
Processed generated_graphs/nodes_15/removal_30percent/graph_5.edgelist: Greedy MIS size = 4
Processed generated_graphs/nodes_15/removal_35percent/graph_38.edgelist: Greedy MIS size = 3
Processed generated_graphs/nodes_15/removal_60percent/graph_30.edgelist: Greedy MIS size = 5
Processed generated_graphs/nodes_15/removal_75percent/graph_4.edgelist: Greedy MIS size = 6
Processed generated_graphs/nodes_15/removal_85percent/graph_9.edgelist: Greedy MIS size = 7
Processed generated_graphs/nodes_20/removal_25percent/graph_24.edgelist: Greedy MIS size = 4
Processed generated_graphs/nodes_20/removal_40percent/graph_38.edgelist: Greedy MIS size = 5
Processed generated_graphs/nodes_20/removal_55percent/graph_2.edgelist: Greedy MIS size = 6
Processed generated_graphs/nodes_20/removal_70percent/graph_12.edgelist: Greedy MIS size = 8
Processed generated_graphs/nodes_20/removal_80percent/graph_13.edgelist: Greedy MIS size = 9
Processed generated_graphs/nodes_25/removal_15percent/graph_40.edgelist: Greedy MIS size = 3
Processed generated_graphs/nodes_25/removal_35percent/graph_16.edgelist: Greedy MIS size = 5
Processed generated_graphs/nodes_25/removal_45percent/graph_30.edgelist: Greedy MIS size = 6
Processed generated_graphs/nodes_25/removal_55percent/graph_7.edgelist: Greedy MIS size = 6
Processed generated_graphs/nodes_25/removal_70percent/graph_39.edgelist: Greedy MIS size = 9
Processed generated_graphs/nodes_25/removal_80percent/graph_33.edgelist: Greedy MIS size = 10
Processed generated_graphs/nodes_15/removal_15percent/graph_15.edgelist: Greedy MIS size = 3
Processed generated_graphs/nodes_15/removal_30percent/graph_34.edgelist: Greedy MIS size = 3
Processed generated_graphs/nodes_15/removal_35percent/graph_48.edgelist: Greedy MIS size = 3
Processed generated_graphs/nodes_15/removal_50percent/graph_22.edgelist: Greedy MIS size = 4
Processed generated_graphs/nodes_15/removal_60percent/graph_26.edgelist: Greedy MIS size = 5
Processed generated_graphs/nodes_15/removal_75percent/graph_16.edgelist: Greedy MIS size = 8
Processed generated_graphs/nodes_20/removal_15percent/graph_22.edgelist: Greedy MIS size = 3
Processed generated_graphs/nodes_20/removal_25percent/graph_26.edgelist: Greedy MIS size = 3
Processed generated_graphs/nodes_20/removal_35percent/graph_50.edgelist: Greedy MIS size = 4
Processed generated_graphs/nodes_20/removal_55percent/graph_17.edgelist: Greedy MIS size = 6
Processed generated_graphs/nodes_20/removal_65percent/graph_5.edgelist: Greedy MIS size = 8
Processed generated_graphs/nodes_20/removal_75percent/graph_34.edgelist: Greedy MIS size = 8
Processed generated_graphs/nodes_25/removal_15percent/graph_23.edgelist: Greedy MIS size = 3
Processed generated_graphs/nodes_25/removal_25percent/graph_25.edgelist: Greedy MIS size = 4
Processed generated_graphs/nodes_25/removal_35percent/graph_50.edgelist: Greedy MIS size = 4
Processed generated_graphs/nodes_25/removal_50percent/graph_50.edgelist: Greedy MIS size = 5
Processed generated_graphs/nodes_25/removal_60percent/graph_9.edgelist: Greedy MIS size = 8
Processed generated_graphs/nodes_25/removal_75percent/graph_37.edgelist: Greedy MIS size = 9
Processed generated_graphs/nodes_25/removal_85percent/graph_19.edgelist: Greedy MIS size = 11
Processed generated_graphs/nodes_15/removal_20percent/graph_16.edgelist: Greedy MIS size = 3
Processed generated_graphs/nodes_15/removal_30percent/graph_4.edgelist: Greedy MIS size = 3
Processed generated_graphs/nodes_15/removal_45percent/graph_2.edgelist: Greedy MIS size = 5
Processed generated_graphs/nodes_15/removal_60percent/graph_23.edgelist: Greedy MIS size = 5
Processed generated_graphs/nodes_15/removal_70percent/graph_1.edgelist: Greedy MIS size = 5
Processed generated_graphs/nodes_15/removal_85percent/graph_18.edgelist: Greedy MIS size = 8
Processed generated_graphs/nodes_20/removal_20percent/graph_30.edgelist: Greedy MIS size = 3
Processed generated_graphs/nodes_20/removal_35percent/graph_39.edgelist: Greedy MIS size = 4
Processed generated_graphs/nodes_20/removal_50percent/graph_36.edgelist: Greedy MIS size = 5
Processed generated_graphs/nodes_20/removal_60percent/graph_40.edgelist: Greedy MIS size = 7
Processed generated_graphs/nodes_20/removal_70percent/graph_43.edgelist: Greedy MIS size = 8
Processed generated_graphs/nodes_20/removal_85percent/graph_48.edgelist: Greedy MIS size = 10
Processed generated_graphs/nodes_25/removal_20percent/graph_29.edgelist: Greedy MIS size = 3
Processed generated_graphs/nodes_25/removal_30percent/graph_26.edgelist: Greedy MIS size = 4
Processed generated_graphs/nodes_25/removal_45percent/graph_37.edgelist: Greedy MIS size = 5
Processed generated_graphs/nodes_25/removal_55percent/graph_15.edgelist: Greedy MIS size = 6
Processed generated_graphs/nodes_25/removal_70percent/graph_14.edgelist: Greedy MIS size = 8
Processed generated_graphs/nodes_25/removal_85percent/graph_25.edgelist: Greedy MIS size = 10
All tasks processed. Total results collected: 2250
Saved greedy results for Nodes=15, Removal=15% to greedy_mis_results_grouped/nodes_15_removal_15percent_greedy.json
Saved greedy results for Nodes=15, Removal=20% to greedy_mis_results_grouped/nodes_15_removal_20percent_greedy.json
Saved greedy results for Nodes=15, Removal=25% to greedy_mis_results_grouped/nodes_15_removal_25percent_greedy.json
Saved greedy results for Nodes=15, Removal=30% to greedy_mis_results_grouped/nodes_15_removal_30percent_greedy.json
Saved greedy results for Nodes=15, Removal=35% to greedy_mis_results_grouped/nodes_15_removal_35percent_greedy.json
Saved greedy results for Nodes=15, Removal=40% to greedy_mis_results_grouped/nodes_15_removal_40percent_greedy.json
Saved greedy results for Nodes=15, Removal=45% to greedy_mis_results_grouped/nodes_15_removal_45percent_greedy.json
Saved greedy results for Nodes=15, Removal=50% to greedy_mis_results_grouped/nodes_15_removal_50percent_greedy.json
Saved greedy results for Nodes=15, Removal=55% to greedy_mis_results_grouped/nodes_15_removal_55percent_greedy.json
Saved greedy results for Nodes=15, Removal=60% to greedy_mis_results_grouped/nodes_15_removal_60percent_greedy.json
Saved greedy results for Nodes=15, Removal=65% to greedy_mis_results_grouped/nodes_15_removal_65percent_greedy.json
Saved greedy results for Nodes=15, Removal=70% to greedy_mis_results_grouped/nodes_15_removal_70percent_greedy.json
Saved greedy results for Nodes=15, Removal=75% to greedy_mis_results_grouped/nodes_15_removal_75percent_greedy.json
Saved greedy results for Nodes=15, Removal=80% to greedy_mis_results_grouped/nodes_15_removal_80percent_greedy.json
Saved greedy results for Nodes=15, Removal=85% to greedy_mis_results_grouped/nodes_15_removal_85percent_greedy.json
Saved greedy results for Nodes=20, Removal=15% to greedy_mis_results_grouped/nodes_20_removal_15percent_greedy.json
Saved greedy results for Nodes=20, Removal=20% to greedy_mis_results_grouped/nodes_20_removal_20percent_greedy.json
Saved greedy results for Nodes=20, Removal=25% to greedy_mis_results_grouped/nodes_20_removal_25percent_greedy.json
Saved greedy results for Nodes=20, Removal=30% to greedy_mis_results_grouped/nodes_20_removal_30percent_greedy.json
Saved greedy results for Nodes=20, Removal=35% to greedy_mis_results_grouped/nodes_20_removal_35percent_greedy.json
Saved greedy results for Nodes=20, Removal=40% to greedy_mis_results_grouped/nodes_20_removal_40percent_greedy.json
Saved greedy results for Nodes=20, Removal=45% to greedy_mis_results_grouped/nodes_20_removal_45percent_greedy.json
Saved greedy results for Nodes=20, Removal=50% to greedy_mis_results_grouped/nodes_20_removal_50percent_greedy.json
Saved greedy results for Nodes=20, Removal=55% to greedy_mis_results_grouped/nodes_20_removal_55percent_greedy.json
Saved greedy results for Nodes=20, Removal=60% to greedy_mis_results_grouped/nodes_20_removal_60percent_greedy.json
Saved greedy results for Nodes=20, Removal=65% to greedy_mis_results_grouped/nodes_20_removal_65percent_greedy.json
Saved greedy results for Nodes=20, Removal=70% to greedy_mis_results_grouped/nodes_20_removal_70percent_greedy.json
Saved greedy results for Nodes=20, Removal=75% to greedy_mis_results_grouped/nodes_20_removal_75percent_greedy.json
Saved greedy results for Nodes=20, Removal=80% to greedy_mis_results_grouped/nodes_20_removal_80percent_greedy.json
Saved greedy results for Nodes=20, Removal=85% to greedy_mis_results_grouped/nodes_20_removal_85percent_greedy.json
Saved greedy results for Nodes=25, Removal=15% to greedy_mis_results_grouped/nodes_25_removal_15percent_greedy.json
Saved greedy results for Nodes=25, Removal=20% to greedy_mis_results_grouped/nodes_25_removal_20percent_greedy.json
Saved greedy results for Nodes=25, Removal=25% to greedy_mis_results_grouped/nodes_25_removal_25percent_greedy.json
Saved greedy results for Nodes=25, Removal=30% to greedy_mis_results_grouped/nodes_25_removal_30percent_greedy.json
Saved greedy results for Nodes=25, Removal=35% to greedy_mis_results_grouped/nodes_25_removal_35percent_greedy.json
Saved greedy results for Nodes=25, Removal=40% to greedy_mis_results_grouped/nodes_25_removal_40percent_greedy.json
Saved greedy results for Nodes=25, Removal=45% to greedy_mis_results_grouped/nodes_25_removal_45percent_greedy.json
Saved greedy results for Nodes=25, Removal=50% to greedy_mis_results_grouped/nodes_25_removal_50percent_greedy.json
Saved greedy results for Nodes=25, Removal=55% to greedy_mis_results_grouped/nodes_25_removal_55percent_greedy.json
Saved greedy results for Nodes=25, Removal=60% to greedy_mis_results_grouped/nodes_25_removal_60percent_greedy.json
Saved greedy results for Nodes=25, Removal=65% to greedy_mis_results_grouped/nodes_25_removal_65percent_greedy.json
Saved greedy results for Nodes=25, Removal=70% to greedy_mis_results_grouped/nodes_25_removal_70percent_greedy.json
Saved greedy results for Nodes=25, Removal=75% to greedy_mis_results_grouped/nodes_25_removal_75percent_greedy.json
Saved greedy results for Nodes=25, Removal=80% to greedy_mis_results_grouped/nodes_25_removal_80percent_greedy.json
Saved greedy results for Nodes=25, Removal=85% to greedy_mis_results_grouped/nodes_25_removal_85percent_greedy.json
All grouped greedy results have been saved.
