Running job on gpu-4-12
Requested resources:
  - CPUs: 18
  - GPUs: 
  - Memory: 18000
n=70000, coeff=15.0, trial=0, GT MIS=35000, Greedy MIS=34441, |S|=70000, Oracle MIS=34441, Improvement=0
n=70000, coeff=15.0, trial=0, GT MIS=35000, Greedy MIS=34441, |S|=70000, Oracle MIS=34441, Improvement=0
n=70000, coeff=15.0, trial=0, GT MIS=35000, Greedy MIS=34441, |S|=70000, Oracle MIS=34441, Improvement=0
n=70000, coeff=15.0, trial=0, GT MIS=35000, Greedy MIS=34441, |S|=69869, Oracle MIS=34441, Improvement=0
n=70000, coeff=15.0, trial=0, GT MIS=35000, Greedy MIS=34441, |S|=67446, Oracle MIS=35000, Improvement=559
n=70000, coeff=15.0, trial=0, GT MIS=35000, Greedy MIS=34441, |S|=56193, Oracle MIS=35000, Improvement=559
n=70000, coeff=15.0, trial=0, GT MIS=35000, Greedy MIS=34441, |S|=41662, Oracle MIS=35000, Improvement=559
n=70000, coeff=15.0, trial=0, GT MIS=35000, Greedy MIS=34441, |S|=35810, Oracle MIS=35000, Improvement=559
n=70000, coeff=15.0, trial=0, GT MIS=35000, Greedy MIS=34441, |S|=35042, Oracle MIS=35000, Improvement=559
n=70000, coeff=15.0, trial=0, GT MIS=35000, Greedy MIS=34441, |S|=35000, Oracle MIS=34999, Improvement=558
n=70000, coeff=15.0, trial=1, GT MIS=35000, Greedy MIS=34700, |S|=70000, Oracle MIS=34700, Improvement=0
n=70000, coeff=15.0, trial=1, GT MIS=35000, Greedy MIS=34700, |S|=70000, Oracle MIS=34700, Improvement=0
n=70000, coeff=15.0, trial=1, GT MIS=35000, Greedy MIS=34700, |S|=69999, Oracle MIS=34699, Improvement=-1
n=70000, coeff=15.0, trial=1, GT MIS=35000, Greedy MIS=34700, |S|=69911, Oracle MIS=34611, Improvement=-89
n=70000, coeff=15.0, trial=1, GT MIS=35000, Greedy MIS=34700, |S|=67856, Oracle MIS=35000, Improvement=300
n=70000, coeff=15.0, trial=1, GT MIS=35000, Greedy MIS=34700, |S|=56874, Oracle MIS=35000, Improvement=300
n=70000, coeff=15.0, trial=1, GT MIS=35000, Greedy MIS=34700, |S|=41996, Oracle MIS=35000, Improvement=300
n=70000, coeff=15.0, trial=1, GT MIS=35000, Greedy MIS=34700, |S|=35875, Oracle MIS=35000, Improvement=300
n=70000, coeff=15.0, trial=1, GT MIS=35000, Greedy MIS=34700, |S|=35048, Oracle MIS=35000, Improvement=300
n=70000, coeff=15.0, trial=1, GT MIS=35000, Greedy MIS=34700, |S|=35001, Oracle MIS=35000, Improvement=300
n=70000, coeff=15.0, trial=2, GT MIS=35000, Greedy MIS=34235, |S|=70000, Oracle MIS=34235, Improvement=0
n=70000, coeff=15.0, trial=2, GT MIS=35000, Greedy MIS=34235, |S|=70000, Oracle MIS=34235, Improvement=0
n=70000, coeff=15.0, trial=2, GT MIS=35000, Greedy MIS=34235, |S|=70000, Oracle MIS=34235, Improvement=0
n=70000, coeff=15.0, trial=2, GT MIS=35000, Greedy MIS=34235, |S|=69925, Oracle MIS=34235, Improvement=0
n=70000, coeff=15.0, trial=2, GT MIS=35000, Greedy MIS=34235, |S|=67743, Oracle MIS=34905, Improvement=670
n=70000, coeff=15.0, trial=2, GT MIS=35000, Greedy MIS=34235, |S|=56824, Oracle MIS=35000, Improvement=765
n=70000, coeff=15.0, trial=2, GT MIS=35000, Greedy MIS=34235, |S|=42111, Oracle MIS=35000, Improvement=765
n=70000, coeff=15.0, trial=2, GT MIS=35000, Greedy MIS=34235, |S|=35801, Oracle MIS=35000, Improvement=765
n=70000, coeff=15.0, trial=2, GT MIS=35000, Greedy MIS=34235, |S|=35043, Oracle MIS=35000, Improvement=765
n=70000, coeff=15.0, trial=2, GT MIS=35000, Greedy MIS=34235, |S|=35000, Oracle MIS=35000, Improvement=765
n=70000, coeff=15.0, trial=3, GT MIS=35000, Greedy MIS=34242, |S|=70000, Oracle MIS=34242, Improvement=0
n=70000, coeff=15.0, trial=3, GT MIS=35000, Greedy MIS=34242, |S|=70000, Oracle MIS=34242, Improvement=0
n=70000, coeff=15.0, trial=3, GT MIS=35000, Greedy MIS=34242, |S|=69999, Oracle MIS=34242, Improvement=0
n=70000, coeff=15.0, trial=3, GT MIS=35000, Greedy MIS=34242, |S|=69898, Oracle MIS=34242, Improvement=0
n=70000, coeff=15.0, trial=3, GT MIS=35000, Greedy MIS=34242, |S|=67778, Oracle MIS=34954, Improvement=712
n=70000, coeff=15.0, trial=3, GT MIS=35000, Greedy MIS=34242, |S|=57502, Oracle MIS=35000, Improvement=758
n=70000, coeff=15.0, trial=3, GT MIS=35000, Greedy MIS=34242, |S|=42465, Oracle MIS=35000, Improvement=758
n=70000, coeff=15.0, trial=3, GT MIS=35000, Greedy MIS=34242, |S|=35940, Oracle MIS=35000, Improvement=758
n=70000, coeff=15.0, trial=3, GT MIS=35000, Greedy MIS=34242, |S|=35049, Oracle MIS=35000, Improvement=758
n=70000, coeff=15.0, trial=3, GT MIS=35000, Greedy MIS=34242, |S|=35001, Oracle MIS=35000, Improvement=758
n=70000, coeff=15.0, trial=4, GT MIS=35000, Greedy MIS=34449, |S|=70000, Oracle MIS=34449, Improvement=0
n=70000, coeff=15.0, trial=4, GT MIS=35000, Greedy MIS=34449, |S|=70000, Oracle MIS=34449, Improvement=0
n=70000, coeff=15.0, trial=4, GT MIS=35000, Greedy MIS=34449, |S|=69999, Oracle MIS=34448, Improvement=-1
n=70000, coeff=15.0, trial=4, GT MIS=35000, Greedy MIS=34449, |S|=69893, Oracle MIS=33931, Improvement=-518
n=70000, coeff=15.0, trial=4, GT MIS=35000, Greedy MIS=34449, |S|=67997, Oracle MIS=34953, Improvement=504
n=70000, coeff=15.0, trial=4, GT MIS=35000, Greedy MIS=34449, |S|=57485, Oracle MIS=35000, Improvement=551
n=70000, coeff=15.0, trial=4, GT MIS=35000, Greedy MIS=34449, |S|=42616, Oracle MIS=35000, Improvement=551
n=70000, coeff=15.0, trial=4, GT MIS=35000, Greedy MIS=34449, |S|=35915, Oracle MIS=35000, Improvement=551
n=70000, coeff=15.0, trial=4, GT MIS=35000, Greedy MIS=34449, |S|=35040, Oracle MIS=35000, Improvement=551
n=70000, coeff=15.0, trial=4, GT MIS=35000, Greedy MIS=34449, |S|=35000, Oracle MIS=35000, Improvement=551
n=70000, coeff=15.0, trial=5, GT MIS=35000, Greedy MIS=34692, |S|=70000, Oracle MIS=34692, Improvement=0
n=70000, coeff=15.0, trial=5, GT MIS=35000, Greedy MIS=34692, |S|=70000, Oracle MIS=34692, Improvement=0
n=70000, coeff=15.0, trial=5, GT MIS=35000, Greedy MIS=34692, |S|=70000, Oracle MIS=34692, Improvement=0
n=70000, coeff=15.0, trial=5, GT MIS=35000, Greedy MIS=34692, |S|=69903, Oracle MIS=34435, Improvement=-257
n=70000, coeff=15.0, trial=5, GT MIS=35000, Greedy MIS=34692, |S|=68066, Oracle MIS=34952, Improvement=260
n=70000, coeff=15.0, trial=5, GT MIS=35000, Greedy MIS=34692, |S|=58121, Oracle MIS=35000, Improvement=308
n=70000, coeff=15.0, trial=5, GT MIS=35000, Greedy MIS=34692, |S|=43036, Oracle MIS=35000, Improvement=308
n=70000, coeff=15.0, trial=5, GT MIS=35000, Greedy MIS=34692, |S|=35952, Oracle MIS=35000, Improvement=308
n=70000, coeff=15.0, trial=5, GT MIS=35000, Greedy MIS=34692, |S|=35042, Oracle MIS=35000, Improvement=308
n=70000, coeff=15.0, trial=5, GT MIS=35000, Greedy MIS=34692, |S|=35001, Oracle MIS=35000, Improvement=308
n=70000, coeff=15.0, trial=6, GT MIS=35000, Greedy MIS=34657, |S|=70000, Oracle MIS=34657, Improvement=0
n=70000, coeff=15.0, trial=6, GT MIS=35000, Greedy MIS=34657, |S|=70000, Oracle MIS=34657, Improvement=0
n=70000, coeff=15.0, trial=6, GT MIS=35000, Greedy MIS=34657, |S|=70000, Oracle MIS=34657, Improvement=0
n=70000, coeff=15.0, trial=6, GT MIS=35000, Greedy MIS=34657, |S|=69922, Oracle MIS=34530, Improvement=-127
n=70000, coeff=15.0, trial=6, GT MIS=35000, Greedy MIS=34657, |S|=67868, Oracle MIS=34952, Improvement=295
n=70000, coeff=15.0, trial=6, GT MIS=35000, Greedy MIS=34657, |S|=57630, Oracle MIS=35000, Improvement=343
n=70000, coeff=15.0, trial=6, GT MIS=35000, Greedy MIS=34657, |S|=42607, Oracle MIS=35000, Improvement=343
n=70000, coeff=15.0, trial=6, GT MIS=35000, Greedy MIS=34657, |S|=35952, Oracle MIS=35000, Improvement=343
n=70000, coeff=15.0, trial=6, GT MIS=35000, Greedy MIS=34657, |S|=35038, Oracle MIS=35000, Improvement=343
n=70000, coeff=15.0, trial=6, GT MIS=35000, Greedy MIS=34657, |S|=35000, Oracle MIS=35000, Improvement=343
n=70000, coeff=15.0, trial=7, GT MIS=35000, Greedy MIS=33718, |S|=70000, Oracle MIS=33718, Improvement=0
n=70000, coeff=15.0, trial=7, GT MIS=35000, Greedy MIS=33718, |S|=70000, Oracle MIS=33718, Improvement=0
n=70000, coeff=15.0, trial=7, GT MIS=35000, Greedy MIS=33718, |S|=69999, Oracle MIS=33718, Improvement=0
n=70000, coeff=15.0, trial=7, GT MIS=35000, Greedy MIS=33718, |S|=69910, Oracle MIS=33718, Improvement=0
n=70000, coeff=15.0, trial=7, GT MIS=35000, Greedy MIS=33718, |S|=67809, Oracle MIS=34955, Improvement=1237
n=70000, coeff=15.0, trial=7, GT MIS=35000, Greedy MIS=33718, |S|=57147, Oracle MIS=35000, Improvement=1282
n=70000, coeff=15.0, trial=7, GT MIS=35000, Greedy MIS=33718, |S|=42440, Oracle MIS=35000, Improvement=1282
n=70000, coeff=15.0, trial=7, GT MIS=35000, Greedy MIS=33718, |S|=35985, Oracle MIS=35000, Improvement=1282
n=70000, coeff=15.0, trial=7, GT MIS=35000, Greedy MIS=33718, |S|=35047, Oracle MIS=35000, Improvement=1282
n=70000, coeff=15.0, trial=7, GT MIS=35000, Greedy MIS=33718, |S|=35001, Oracle MIS=35000, Improvement=1282
n=70000, coeff=15.0, trial=8, GT MIS=35000, Greedy MIS=34642, |S|=70000, Oracle MIS=34642, Improvement=0
n=70000, coeff=15.0, trial=8, GT MIS=35000, Greedy MIS=34642, |S|=70000, Oracle MIS=34642, Improvement=0
n=70000, coeff=15.0, trial=8, GT MIS=35000, Greedy MIS=34642, |S|=70000, Oracle MIS=34642, Improvement=0
n=70000, coeff=15.0, trial=8, GT MIS=35000, Greedy MIS=34642, |S|=69923, Oracle MIS=34567, Improvement=-75
n=70000, coeff=15.0, trial=8, GT MIS=35000, Greedy MIS=34642, |S|=68272, Oracle MIS=34856, Improvement=214
n=70000, coeff=15.0, trial=8, GT MIS=35000, Greedy MIS=34642, |S|=58657, Oracle MIS=35000, Improvement=358
n=70000, coeff=15.0, trial=8, GT MIS=35000, Greedy MIS=34642, |S|=43306, Oracle MIS=35000, Improvement=358
n=70000, coeff=15.0, trial=8, GT MIS=35000, Greedy MIS=34642, |S|=36097, Oracle MIS=35000, Improvement=358
n=70000, coeff=15.0, trial=8, GT MIS=35000, Greedy MIS=34642, |S|=35045, Oracle MIS=35000, Improvement=358
n=70000, coeff=15.0, trial=8, GT MIS=35000, Greedy MIS=34642, |S|=35001, Oracle MIS=35000, Improvement=358
n=70000, coeff=15.0, trial=9, GT MIS=35000, Greedy MIS=34499, |S|=70000, Oracle MIS=34499, Improvement=0
n=70000, coeff=15.0, trial=9, GT MIS=35000, Greedy MIS=34499, |S|=70000, Oracle MIS=34499, Improvement=0
n=70000, coeff=15.0, trial=9, GT MIS=35000, Greedy MIS=34499, |S|=70000, Oracle MIS=34499, Improvement=0
n=70000, coeff=15.0, trial=9, GT MIS=35000, Greedy MIS=34499, |S|=69909, Oracle MIS=34357, Improvement=-142
n=70000, coeff=15.0, trial=9, GT MIS=35000, Greedy MIS=34499, |S|=68036, Oracle MIS=34810, Improvement=311
n=70000, coeff=15.0, trial=9, GT MIS=35000, Greedy MIS=34499, |S|=57924, Oracle MIS=35000, Improvement=501
n=70000, coeff=15.0, trial=9, GT MIS=35000, Greedy MIS=34499, |S|=42958, Oracle MIS=35000, Improvement=501
n=70000, coeff=15.0, trial=9, GT MIS=35000, Greedy MIS=34499, |S|=36066, Oracle MIS=35000, Improvement=501
n=70000, coeff=15.0, trial=9, GT MIS=35000, Greedy MIS=34499, |S|=35042, Oracle MIS=35000, Improvement=501
n=70000, coeff=15.0, trial=9, GT MIS=35000, Greedy MIS=34499, |S|=34997, Oracle MIS=34997, Improvement=498
Results saved to bipartite_experiment_results_epislons_70000.csv
