Running job on compute-2-01
Requested resources:
  - CPUs: 12
  - GPUs: 
  - Memory: 18000
Skipping n=75000, coeff=1.0, trial=0, epsilon=0.025 as entry already exists.
Skipping n=75000, coeff=1.0, trial=0, epsilon=0.05 as entry already exists.
Skipping n=75000, coeff=1.0, trial=0, epsilon=0.075 as entry already exists.
Skipping n=75000, coeff=1.0, trial=0, epsilon=0.1 as entry already exists.
Skipping n=75000, coeff=1.0, trial=0, epsilon=0.125 as entry already exists.
Skipping n=75000, coeff=1.0, trial=0, epsilon=0.15 as entry already exists.
Skipping n=75000, coeff=1.0, trial=0, epsilon=0.175 as entry already exists.
Skipping n=75000, coeff=1.0, trial=0, epsilon=0.2 as entry already exists.
Skipping n=75000, coeff=1.0, trial=0, epsilon=0.225 as entry already exists.
Skipping n=75000, coeff=1.0, trial=0, epsilon=0.25 as entry already exists.
Skipping n=75000, coeff=1.0, trial=1, epsilon=0.025 as entry already exists.
Skipping n=75000, coeff=1.0, trial=1, epsilon=0.05 as entry already exists.
Skipping n=75000, coeff=1.0, trial=1, epsilon=0.075 as entry already exists.
Skipping n=75000, coeff=1.0, trial=1, epsilon=0.1 as entry already exists.
Skipping n=75000, coeff=1.0, trial=1, epsilon=0.125 as entry already exists.
Skipping n=75000, coeff=1.0, trial=1, epsilon=0.15 as entry already exists.
Skipping n=75000, coeff=1.0, trial=1, epsilon=0.175 as entry already exists.
Skipping n=75000, coeff=1.0, trial=1, epsilon=0.2 as entry already exists.
Skipping n=75000, coeff=1.0, trial=1, epsilon=0.225 as entry already exists.
Skipping n=75000, coeff=1.0, trial=1, epsilon=0.25 as entry already exists.
Skipping n=75000, coeff=1.0, trial=2, epsilon=0.025 as entry already exists.
Skipping n=75000, coeff=1.0, trial=2, epsilon=0.05 as entry already exists.
Skipping n=75000, coeff=1.0, trial=2, epsilon=0.075 as entry already exists.
Skipping n=75000, coeff=1.0, trial=2, epsilon=0.1 as entry already exists.
Skipping n=75000, coeff=1.0, trial=2, epsilon=0.125 as entry already exists.
Skipping n=75000, coeff=1.0, trial=2, epsilon=0.15 as entry already exists.
Skipping n=75000, coeff=1.0, trial=2, epsilon=0.175 as entry already exists.
Skipping n=75000, coeff=1.0, trial=2, epsilon=0.2 as entry already exists.
Skipping n=75000, coeff=1.0, trial=2, epsilon=0.225 as entry already exists.
Skipping n=75000, coeff=1.0, trial=2, epsilon=0.25 as entry already exists.
Skipping n=75000, coeff=1.0, trial=3, epsilon=0.025 as entry already exists.
Skipping n=75000, coeff=1.0, trial=3, epsilon=0.05 as entry already exists.
Skipping n=75000, coeff=1.0, trial=3, epsilon=0.075 as entry already exists.
Skipping n=75000, coeff=1.0, trial=3, epsilon=0.1 as entry already exists.
Skipping n=75000, coeff=1.0, trial=3, epsilon=0.125 as entry already exists.
Skipping n=75000, coeff=1.0, trial=3, epsilon=0.15 as entry already exists.
Skipping n=75000, coeff=1.0, trial=3, epsilon=0.175 as entry already exists.
Skipping n=75000, coeff=1.0, trial=3, epsilon=0.2 as entry already exists.
Skipping n=75000, coeff=1.0, trial=3, epsilon=0.225 as entry already exists.
Skipping n=75000, coeff=1.0, trial=3, epsilon=0.25 as entry already exists.
Skipping n=75000, coeff=1.0, trial=4, epsilon=0.025 as entry already exists.
n=75000, coeff=1.0, trial=4, GT MIS=37658, Greedy MIS=37658, |S|=74997, Oracle MIS=37658, Improvement=0
n=75000, coeff=1.0, trial=4, GT MIS=37658, Greedy MIS=37658, |S|=74975, Oracle MIS=37657, Improvement=-1
n=75000, coeff=1.0, trial=4, GT MIS=37658, Greedy MIS=37658, |S|=74874, Oracle MIS=37654, Improvement=-4
n=75000, coeff=1.0, trial=4, GT MIS=37658, Greedy MIS=37658, |S|=74655, Oracle MIS=37653, Improvement=-5
n=75000, coeff=1.0, trial=4, GT MIS=37658, Greedy MIS=37658, |S|=73864, Oracle MIS=37641, Improvement=-17
n=75000, coeff=1.0, trial=4, GT MIS=37658, Greedy MIS=37658, |S|=71893, Oracle MIS=37620, Improvement=-38
n=75000, coeff=1.0, trial=4, GT MIS=37658, Greedy MIS=37658, |S|=69728, Oracle MIS=37604, Improvement=-54
n=75000, coeff=1.0, trial=4, GT MIS=37658, Greedy MIS=37658, |S|=65897, Oracle MIS=37547, Improvement=-111
n=75000, coeff=1.0, trial=4, GT MIS=37658, Greedy MIS=37658, |S|=60944, Oracle MIS=37471, Improvement=-187
n=75000, coeff=1.0, trial=5, GT MIS=37661, Greedy MIS=37661, |S|=75000, Oracle MIS=37661, Improvement=0
n=75000, coeff=1.0, trial=5, GT MIS=37661, Greedy MIS=37661, |S|=74997, Oracle MIS=37661, Improvement=0
n=75000, coeff=1.0, trial=5, GT MIS=37661, Greedy MIS=37661, |S|=74976, Oracle MIS=37660, Improvement=-1
n=75000, coeff=1.0, trial=5, GT MIS=37661, Greedy MIS=37661, |S|=74879, Oracle MIS=37658, Improvement=-3
n=75000, coeff=1.0, trial=5, GT MIS=37661, Greedy MIS=37661, |S|=74668, Oracle MIS=37652, Improvement=-9
n=75000, coeff=1.0, trial=5, GT MIS=37661, Greedy MIS=37661, |S|=73895, Oracle MIS=37638, Improvement=-23
n=75000, coeff=1.0, trial=5, GT MIS=37661, Greedy MIS=37661, |S|=72360, Oracle MIS=37624, Improvement=-37
n=75000, coeff=1.0, trial=5, GT MIS=37661, Greedy MIS=37661, |S|=69801, Oracle MIS=37606, Improvement=-55
n=75000, coeff=1.0, trial=5, GT MIS=37661, Greedy MIS=37661, |S|=65873, Oracle MIS=37559, Improvement=-102
n=75000, coeff=1.0, trial=5, GT MIS=37661, Greedy MIS=37661, |S|=60913, Oracle MIS=37501, Improvement=-160
n=75000, coeff=1.0, trial=6, GT MIS=37653, Greedy MIS=37637, |S|=75000, Oracle MIS=37637, Improvement=0
n=75000, coeff=1.0, trial=6, GT MIS=37653, Greedy MIS=37637, |S|=74997, Oracle MIS=37634, Improvement=-3
n=75000, coeff=1.0, trial=6, GT MIS=37653, Greedy MIS=37637, |S|=74964, Oracle MIS=37605, Improvement=-32
n=75000, coeff=1.0, trial=6, GT MIS=37653, Greedy MIS=37637, |S|=74828, Oracle MIS=37483, Improvement=-154
n=75000, coeff=1.0, trial=6, GT MIS=37653, Greedy MIS=37637, |S|=74587, Oracle MIS=37259, Improvement=-378
n=75000, coeff=1.0, trial=6, GT MIS=37653, Greedy MIS=37637, |S|=73664, Oracle MIS=36394, Improvement=-1243
n=75000, coeff=1.0, trial=6, GT MIS=37653, Greedy MIS=37637, |S|=71405, Oracle MIS=34330, Improvement=-3307
n=75000, coeff=1.0, trial=6, GT MIS=37653, Greedy MIS=37637, |S|=69232, Oracle MIS=32437, Improvement=-5200
n=75000, coeff=1.0, trial=6, GT MIS=37653, Greedy MIS=37637, |S|=65305, Oracle MIS=37532, Improvement=-105
n=75000, coeff=1.0, trial=6, GT MIS=37653, Greedy MIS=37637, |S|=60212, Oracle MIS=37448, Improvement=-189
n=75000, coeff=1.0, trial=7, GT MIS=37656, Greedy MIS=37656, |S|=75000, Oracle MIS=37656, Improvement=0
n=75000, coeff=1.0, trial=7, GT MIS=37656, Greedy MIS=37656, |S|=74997, Oracle MIS=37656, Improvement=0
n=75000, coeff=1.0, trial=7, GT MIS=37656, Greedy MIS=37656, |S|=74983, Oracle MIS=37656, Improvement=0
n=75000, coeff=1.0, trial=7, GT MIS=37656, Greedy MIS=37656, |S|=74877, Oracle MIS=37655, Improvement=-1
n=75000, coeff=1.0, trial=7, GT MIS=37656, Greedy MIS=37656, |S|=74682, Oracle MIS=37653, Improvement=-3
n=75000, coeff=1.0, trial=7, GT MIS=37656, Greedy MIS=37656, |S|=73906, Oracle MIS=37643, Improvement=-13
n=75000, coeff=1.0, trial=7, GT MIS=37656, Greedy MIS=37656, |S|=71836, Oracle MIS=37615, Improvement=-41
n=75000, coeff=1.0, trial=7, GT MIS=37656, Greedy MIS=37656, |S|=69749, Oracle MIS=37599, Improvement=-57
n=75000, coeff=1.0, trial=7, GT MIS=37656, Greedy MIS=37656, |S|=65967, Oracle MIS=37545, Improvement=-111
n=75000, coeff=1.0, trial=7, GT MIS=37656, Greedy MIS=37656, |S|=61068, Oracle MIS=37482, Improvement=-174
n=75000, coeff=1.0, trial=8, GT MIS=37671, Greedy MIS=37658, |S|=75000, Oracle MIS=37658, Improvement=0
n=75000, coeff=1.0, trial=8, GT MIS=37671, Greedy MIS=37658, |S|=74996, Oracle MIS=37656, Improvement=-2
n=75000, coeff=1.0, trial=8, GT MIS=37671, Greedy MIS=37658, |S|=74971, Oracle MIS=37631, Improvement=-27
n=75000, coeff=1.0, trial=8, GT MIS=37671, Greedy MIS=37658, |S|=74853, Oracle MIS=37521, Improvement=-137
n=75000, coeff=1.0, trial=8, GT MIS=37671, Greedy MIS=37658, |S|=74606, Oracle MIS=37294, Improvement=-364
n=75000, coeff=1.0, trial=8, GT MIS=37671, Greedy MIS=37658, |S|=73736, Oracle MIS=36475, Improvement=-1183
n=75000, coeff=1.0, trial=8, GT MIS=37671, Greedy MIS=37658, |S|=71686, Oracle MIS=34582, Improvement=-3076
n=75000, coeff=1.0, trial=8, GT MIS=37671, Greedy MIS=37658, |S|=69535, Oracle MIS=32691, Improvement=-4967
n=75000, coeff=1.0, trial=8, GT MIS=37671, Greedy MIS=37658, |S|=65541, Oracle MIS=37576, Improvement=-82
n=75000, coeff=1.0, trial=8, GT MIS=37671, Greedy MIS=37658, |S|=60461, Oracle MIS=37515, Improvement=-143
n=75000, coeff=1.0, trial=9, GT MIS=37644, Greedy MIS=37644, |S|=74999, Oracle MIS=37643, Improvement=-1
n=75000, coeff=1.0, trial=9, GT MIS=37644, Greedy MIS=37644, |S|=74990, Oracle MIS=37643, Improvement=-1
n=75000, coeff=1.0, trial=9, GT MIS=37644, Greedy MIS=37644, |S|=74965, Oracle MIS=37644, Improvement=0
n=75000, coeff=1.0, trial=9, GT MIS=37644, Greedy MIS=37644, |S|=74837, Oracle MIS=37641, Improvement=-3
n=75000, coeff=1.0, trial=9, GT MIS=37644, Greedy MIS=37644, |S|=74625, Oracle MIS=37642, Improvement=-2
n=75000, coeff=1.0, trial=9, GT MIS=37644, Greedy MIS=37644, |S|=73767, Oracle MIS=37625, Improvement=-19
n=75000, coeff=1.0, trial=9, GT MIS=37644, Greedy MIS=37644, |S|=71613, Oracle MIS=37604, Improvement=-40
n=75000, coeff=1.0, trial=9, GT MIS=37644, Greedy MIS=37644, |S|=69484, Oracle MIS=37593, Improvement=-51
n=75000, coeff=1.0, trial=9, GT MIS=37644, Greedy MIS=37644, |S|=65687, Oracle MIS=37537, Improvement=-107
n=75000, coeff=1.0, trial=9, GT MIS=37644, Greedy MIS=37644, |S|=60769, Oracle MIS=37488, Improvement=-156
Results saved to bipartite_experiment_results_epislons_75000.csv
