Running job on compute-0-42
Requested resources:
  - CPUs: 18
  - GPUs: 
  - Memory: 18000
n=60000, coeff=13.0, trial=0, GT MIS=30000, Greedy MIS=29620, |S|=60000, Oracle MIS=29620, Improvement=0
n=60000, coeff=13.0, trial=0, GT MIS=30000, Greedy MIS=29620, |S|=60000, Oracle MIS=29620, Improvement=0
n=60000, coeff=13.0, trial=0, GT MIS=30000, Greedy MIS=29620, |S|=60000, Oracle MIS=29620, Improvement=0
n=60000, coeff=13.0, trial=0, GT MIS=30000, Greedy MIS=29620, |S|=59927, Oracle MIS=29548, Improvement=-72
n=60000, coeff=13.0, trial=0, GT MIS=30000, Greedy MIS=29620, |S|=58757, Oracle MIS=29876, Improvement=256
n=60000, coeff=13.0, trial=0, GT MIS=30000, Greedy MIS=29620, |S|=51919, Oracle MIS=30000, Improvement=380
n=60000, coeff=13.0, trial=0, GT MIS=30000, Greedy MIS=29620, |S|=39699, Oracle MIS=30000, Improvement=380
n=60000, coeff=13.0, trial=0, GT MIS=30000, Greedy MIS=29620, |S|=31872, Oracle MIS=30000, Improvement=380
n=60000, coeff=13.0, trial=0, GT MIS=30000, Greedy MIS=29620, |S|=30154, Oracle MIS=30000, Improvement=380
n=60000, coeff=13.0, trial=0, GT MIS=30000, Greedy MIS=29620, |S|=30008, Oracle MIS=30000, Improvement=380
n=60000, coeff=13.0, trial=1, GT MIS=30000, Greedy MIS=29351, |S|=60000, Oracle MIS=29351, Improvement=0
n=60000, coeff=13.0, trial=1, GT MIS=30000, Greedy MIS=29351, |S|=60000, Oracle MIS=29351, Improvement=0
n=60000, coeff=13.0, trial=1, GT MIS=30000, Greedy MIS=29351, |S|=60000, Oracle MIS=29351, Improvement=0
n=60000, coeff=13.0, trial=1, GT MIS=30000, Greedy MIS=29351, |S|=59943, Oracle MIS=29351, Improvement=0
n=60000, coeff=13.0, trial=1, GT MIS=30000, Greedy MIS=29351, |S|=58774, Oracle MIS=29960, Improvement=609
n=60000, coeff=13.0, trial=1, GT MIS=30000, Greedy MIS=29351, |S|=52013, Oracle MIS=30000, Improvement=649
n=60000, coeff=13.0, trial=1, GT MIS=30000, Greedy MIS=29351, |S|=39612, Oracle MIS=30000, Improvement=649
n=60000, coeff=13.0, trial=1, GT MIS=30000, Greedy MIS=29351, |S|=31849, Oracle MIS=30000, Improvement=649
n=60000, coeff=13.0, trial=1, GT MIS=30000, Greedy MIS=29351, |S|=30153, Oracle MIS=30000, Improvement=649
n=60000, coeff=13.0, trial=1, GT MIS=30000, Greedy MIS=29351, |S|=30004, Oracle MIS=30000, Improvement=649
n=60000, coeff=13.0, trial=2, GT MIS=30000, Greedy MIS=29388, |S|=60000, Oracle MIS=29388, Improvement=0
n=60000, coeff=13.0, trial=2, GT MIS=30000, Greedy MIS=29388, |S|=60000, Oracle MIS=29388, Improvement=0
n=60000, coeff=13.0, trial=2, GT MIS=30000, Greedy MIS=29388, |S|=60000, Oracle MIS=29388, Improvement=0
n=60000, coeff=13.0, trial=2, GT MIS=30000, Greedy MIS=29388, |S|=59959, Oracle MIS=29263, Improvement=-125
n=60000, coeff=13.0, trial=2, GT MIS=30000, Greedy MIS=29388, |S|=58849, Oracle MIS=29878, Improvement=490
n=60000, coeff=13.0, trial=2, GT MIS=30000, Greedy MIS=29388, |S|=51993, Oracle MIS=30000, Improvement=612
n=60000, coeff=13.0, trial=2, GT MIS=30000, Greedy MIS=29388, |S|=39514, Oracle MIS=30000, Improvement=612
n=60000, coeff=13.0, trial=2, GT MIS=30000, Greedy MIS=29388, |S|=31976, Oracle MIS=30000, Improvement=612
n=60000, coeff=13.0, trial=2, GT MIS=30000, Greedy MIS=29388, |S|=30170, Oracle MIS=30000, Improvement=612
n=60000, coeff=13.0, trial=2, GT MIS=30000, Greedy MIS=29388, |S|=30005, Oracle MIS=30000, Improvement=612
n=60000, coeff=13.0, trial=3, GT MIS=30000, Greedy MIS=29677, |S|=60000, Oracle MIS=29677, Improvement=0
n=60000, coeff=13.0, trial=3, GT MIS=30000, Greedy MIS=29677, |S|=60000, Oracle MIS=29677, Improvement=0
n=60000, coeff=13.0, trial=3, GT MIS=30000, Greedy MIS=29677, |S|=60000, Oracle MIS=29677, Improvement=0
n=60000, coeff=13.0, trial=3, GT MIS=30000, Greedy MIS=29677, |S|=59941, Oracle MIS=29619, Improvement=-58
n=60000, coeff=13.0, trial=3, GT MIS=30000, Greedy MIS=29677, |S|=58762, Oracle MIS=29918, Improvement=241
n=60000, coeff=13.0, trial=3, GT MIS=30000, Greedy MIS=29677, |S|=52054, Oracle MIS=30000, Improvement=323
n=60000, coeff=13.0, trial=3, GT MIS=30000, Greedy MIS=29677, |S|=39442, Oracle MIS=30000, Improvement=323
n=60000, coeff=13.0, trial=3, GT MIS=30000, Greedy MIS=29677, |S|=31847, Oracle MIS=30000, Improvement=323
n=60000, coeff=13.0, trial=3, GT MIS=30000, Greedy MIS=29677, |S|=30172, Oracle MIS=30000, Improvement=323
n=60000, coeff=13.0, trial=3, GT MIS=30000, Greedy MIS=29677, |S|=30007, Oracle MIS=30000, Improvement=323
n=60000, coeff=13.0, trial=4, GT MIS=30000, Greedy MIS=29367, |S|=60000, Oracle MIS=29367, Improvement=0
n=60000, coeff=13.0, trial=4, GT MIS=30000, Greedy MIS=29367, |S|=60000, Oracle MIS=29367, Improvement=0
n=60000, coeff=13.0, trial=4, GT MIS=30000, Greedy MIS=29367, |S|=59999, Oracle MIS=29367, Improvement=0
n=60000, coeff=13.0, trial=4, GT MIS=30000, Greedy MIS=29367, |S|=59952, Oracle MIS=29367, Improvement=0
n=60000, coeff=13.0, trial=4, GT MIS=30000, Greedy MIS=29367, |S|=58861, Oracle MIS=29881, Improvement=514
n=60000, coeff=13.0, trial=4, GT MIS=30000, Greedy MIS=29367, |S|=52378, Oracle MIS=30000, Improvement=633
n=60000, coeff=13.0, trial=4, GT MIS=30000, Greedy MIS=29367, |S|=39738, Oracle MIS=30000, Improvement=633
n=60000, coeff=13.0, trial=4, GT MIS=30000, Greedy MIS=29367, |S|=31922, Oracle MIS=30000, Improvement=633
n=60000, coeff=13.0, trial=4, GT MIS=30000, Greedy MIS=29367, |S|=30161, Oracle MIS=30000, Improvement=633
n=60000, coeff=13.0, trial=4, GT MIS=30000, Greedy MIS=29367, |S|=30008, Oracle MIS=30000, Improvement=633
n=60000, coeff=13.0, trial=5, GT MIS=30000, Greedy MIS=29588, |S|=60000, Oracle MIS=29588, Improvement=0
n=60000, coeff=13.0, trial=5, GT MIS=30000, Greedy MIS=29588, |S|=60000, Oracle MIS=29588, Improvement=0
n=60000, coeff=13.0, trial=5, GT MIS=30000, Greedy MIS=29588, |S|=59997, Oracle MIS=29585, Improvement=-3
n=60000, coeff=13.0, trial=5, GT MIS=30000, Greedy MIS=29588, |S|=59919, Oracle MIS=29509, Improvement=-79
n=60000, coeff=13.0, trial=5, GT MIS=30000, Greedy MIS=29588, |S|=58804, Oracle MIS=29798, Improvement=210
n=60000, coeff=13.0, trial=5, GT MIS=30000, Greedy MIS=29588, |S|=52050, Oracle MIS=30000, Improvement=412
n=60000, coeff=13.0, trial=5, GT MIS=30000, Greedy MIS=29588, |S|=39968, Oracle MIS=30000, Improvement=412
n=60000, coeff=13.0, trial=5, GT MIS=30000, Greedy MIS=29588, |S|=31954, Oracle MIS=30000, Improvement=412
n=60000, coeff=13.0, trial=5, GT MIS=30000, Greedy MIS=29588, |S|=30174, Oracle MIS=30000, Improvement=412
n=60000, coeff=13.0, trial=5, GT MIS=30000, Greedy MIS=29588, |S|=30007, Oracle MIS=30000, Improvement=412
n=60000, coeff=13.0, trial=6, GT MIS=30000, Greedy MIS=29452, |S|=60000, Oracle MIS=29452, Improvement=0
n=60000, coeff=13.0, trial=6, GT MIS=30000, Greedy MIS=29452, |S|=60000, Oracle MIS=29452, Improvement=0
n=60000, coeff=13.0, trial=6, GT MIS=30000, Greedy MIS=29452, |S|=60000, Oracle MIS=29452, Improvement=0
n=60000, coeff=13.0, trial=6, GT MIS=30000, Greedy MIS=29452, |S|=59948, Oracle MIS=29359, Improvement=-93
n=60000, coeff=13.0, trial=6, GT MIS=30000, Greedy MIS=29452, |S|=58790, Oracle MIS=29880, Improvement=428
n=60000, coeff=13.0, trial=6, GT MIS=30000, Greedy MIS=29452, |S|=51916, Oracle MIS=30000, Improvement=548
n=60000, coeff=13.0, trial=6, GT MIS=30000, Greedy MIS=29452, |S|=39599, Oracle MIS=30000, Improvement=548
n=60000, coeff=13.0, trial=6, GT MIS=30000, Greedy MIS=29452, |S|=32003, Oracle MIS=30000, Improvement=548
n=60000, coeff=13.0, trial=6, GT MIS=30000, Greedy MIS=29452, |S|=30151, Oracle MIS=30000, Improvement=548
n=60000, coeff=13.0, trial=6, GT MIS=30000, Greedy MIS=29452, |S|=30004, Oracle MIS=29999, Improvement=547
n=60000, coeff=13.0, trial=7, GT MIS=30000, Greedy MIS=28919, |S|=60000, Oracle MIS=28919, Improvement=0
n=60000, coeff=13.0, trial=7, GT MIS=30000, Greedy MIS=28919, |S|=60000, Oracle MIS=28919, Improvement=0
n=60000, coeff=13.0, trial=7, GT MIS=30000, Greedy MIS=28919, |S|=59999, Oracle MIS=28918, Improvement=-1
n=60000, coeff=13.0, trial=7, GT MIS=30000, Greedy MIS=28919, |S|=59923, Oracle MIS=28761, Improvement=-158
n=60000, coeff=13.0, trial=7, GT MIS=30000, Greedy MIS=28919, |S|=58751, Oracle MIS=29961, Improvement=1042
n=60000, coeff=13.0, trial=7, GT MIS=30000, Greedy MIS=28919, |S|=51790, Oracle MIS=30000, Improvement=1081
n=60000, coeff=13.0, trial=7, GT MIS=30000, Greedy MIS=28919, |S|=39154, Oracle MIS=30000, Improvement=1081
n=60000, coeff=13.0, trial=7, GT MIS=30000, Greedy MIS=28919, |S|=31786, Oracle MIS=30000, Improvement=1081
n=60000, coeff=13.0, trial=7, GT MIS=30000, Greedy MIS=28919, |S|=30154, Oracle MIS=30000, Improvement=1081
n=60000, coeff=13.0, trial=7, GT MIS=30000, Greedy MIS=28919, |S|=30001, Oracle MIS=29999, Improvement=1080
n=60000, coeff=13.0, trial=8, GT MIS=30000, Greedy MIS=29548, |S|=60000, Oracle MIS=29548, Improvement=0
n=60000, coeff=13.0, trial=8, GT MIS=30000, Greedy MIS=29548, |S|=60000, Oracle MIS=29548, Improvement=0
n=60000, coeff=13.0, trial=8, GT MIS=30000, Greedy MIS=29548, |S|=59999, Oracle MIS=29547, Improvement=-1
n=60000, coeff=13.0, trial=8, GT MIS=30000, Greedy MIS=29548, |S|=59935, Oracle MIS=29483, Improvement=-65
n=60000, coeff=13.0, trial=8, GT MIS=30000, Greedy MIS=29548, |S|=58819, Oracle MIS=29929, Improvement=381
n=60000, coeff=13.0, trial=8, GT MIS=30000, Greedy MIS=29548, |S|=52389, Oracle MIS=30000, Improvement=452
n=60000, coeff=13.0, trial=8, GT MIS=30000, Greedy MIS=29548, |S|=39913, Oracle MIS=30000, Improvement=452
n=60000, coeff=13.0, trial=8, GT MIS=30000, Greedy MIS=29548, |S|=31974, Oracle MIS=30000, Improvement=452
n=60000, coeff=13.0, trial=8, GT MIS=30000, Greedy MIS=29548, |S|=30170, Oracle MIS=30000, Improvement=452
n=60000, coeff=13.0, trial=8, GT MIS=30000, Greedy MIS=29548, |S|=30004, Oracle MIS=30000, Improvement=452
n=60000, coeff=13.0, trial=9, GT MIS=30000, Greedy MIS=29362, |S|=60000, Oracle MIS=29362, Improvement=0
n=60000, coeff=13.0, trial=9, GT MIS=30000, Greedy MIS=29362, |S|=60000, Oracle MIS=29362, Improvement=0
n=60000, coeff=13.0, trial=9, GT MIS=30000, Greedy MIS=29362, |S|=60000, Oracle MIS=29362, Improvement=0
n=60000, coeff=13.0, trial=9, GT MIS=30000, Greedy MIS=29362, |S|=59961, Oracle MIS=29325, Improvement=-37
n=60000, coeff=13.0, trial=9, GT MIS=30000, Greedy MIS=29362, |S|=59002, Oracle MIS=29879, Improvement=517
n=60000, coeff=13.0, trial=9, GT MIS=30000, Greedy MIS=29362, |S|=52730, Oracle MIS=30000, Improvement=638
n=60000, coeff=13.0, trial=9, GT MIS=30000, Greedy MIS=29362, |S|=40590, Oracle MIS=30000, Improvement=638
n=60000, coeff=13.0, trial=9, GT MIS=30000, Greedy MIS=29362, |S|=32180, Oracle MIS=30000, Improvement=638
n=60000, coeff=13.0, trial=9, GT MIS=30000, Greedy MIS=29362, |S|=30203, Oracle MIS=30000, Improvement=638
n=60000, coeff=13.0, trial=9, GT MIS=30000, Greedy MIS=29362, |S|=30006, Oracle MIS=30000, Improvement=638
Results saved to bipartite_experiment_results_epislons_60000.csv
