Running job on compute-3-04
Requested resources:
  - CPUs: 12
  - GPUs: 
  - Memory: 18000
n=40000, coeff=20.0, trial=0, GT MIS=20000, Greedy MIS=20000, |S|=40000, Oracle MIS=20000, Improvement=0
n=40000, coeff=20.0, trial=0, GT MIS=20000, Greedy MIS=20000, |S|=40000, Oracle MIS=20000, Improvement=0
n=40000, coeff=20.0, trial=0, GT MIS=20000, Greedy MIS=20000, |S|=40000, Oracle MIS=20000, Improvement=0
n=40000, coeff=20.0, trial=0, GT MIS=20000, Greedy MIS=20000, |S|=39872, Oracle MIS=19533, Improvement=-467
n=40000, coeff=20.0, trial=0, GT MIS=20000, Greedy MIS=20000, |S|=37470, Oracle MIS=20000, Improvement=0
n=40000, coeff=20.0, trial=0, GT MIS=20000, Greedy MIS=20000, |S|=28674, Oracle MIS=20000, Improvement=0
n=40000, coeff=20.0, trial=0, GT MIS=20000, Greedy MIS=20000, |S|=21585, Oracle MIS=20000, Improvement=0
n=40000, coeff=20.0, trial=0, GT MIS=20000, Greedy MIS=20000, |S|=20073, Oracle MIS=20000, Improvement=0
n=40000, coeff=20.0, trial=0, GT MIS=20000, Greedy MIS=20000, |S|=20001, Oracle MIS=20000, Improvement=0
n=40000, coeff=20.0, trial=0, GT MIS=20000, Greedy MIS=20000, |S|=20000, Oracle MIS=20000, Improvement=0
n=40000, coeff=20.0, trial=1, GT MIS=20000, Greedy MIS=19732, |S|=40000, Oracle MIS=19732, Improvement=0
n=40000, coeff=20.0, trial=1, GT MIS=20000, Greedy MIS=19732, |S|=40000, Oracle MIS=19732, Improvement=0
n=40000, coeff=20.0, trial=1, GT MIS=20000, Greedy MIS=19732, |S|=39999, Oracle MIS=19731, Improvement=-1
n=40000, coeff=20.0, trial=1, GT MIS=20000, Greedy MIS=19732, |S|=39827, Oracle MIS=19186, Improvement=-546
n=40000, coeff=20.0, trial=1, GT MIS=20000, Greedy MIS=19732, |S|=36848, Oracle MIS=20000, Improvement=268
n=40000, coeff=20.0, trial=1, GT MIS=20000, Greedy MIS=19732, |S|=27802, Oracle MIS=20000, Improvement=268
n=40000, coeff=20.0, trial=1, GT MIS=20000, Greedy MIS=19732, |S|=21343, Oracle MIS=20000, Improvement=268
n=40000, coeff=20.0, trial=1, GT MIS=20000, Greedy MIS=19732, |S|=20064, Oracle MIS=20000, Improvement=268
n=40000, coeff=20.0, trial=1, GT MIS=20000, Greedy MIS=19732, |S|=20000, Oracle MIS=20000, Improvement=268
n=40000, coeff=20.0, trial=1, GT MIS=20000, Greedy MIS=19732, |S|=20000, Oracle MIS=20000, Improvement=268
n=40000, coeff=20.0, trial=2, GT MIS=20000, Greedy MIS=19405, |S|=40000, Oracle MIS=19405, Improvement=0
n=40000, coeff=20.0, trial=2, GT MIS=20000, Greedy MIS=19405, |S|=40000, Oracle MIS=19405, Improvement=0
n=40000, coeff=20.0, trial=2, GT MIS=20000, Greedy MIS=19405, |S|=39999, Oracle MIS=19404, Improvement=-1
n=40000, coeff=20.0, trial=2, GT MIS=20000, Greedy MIS=19405, |S|=39894, Oracle MIS=19933, Improvement=528
n=40000, coeff=20.0, trial=2, GT MIS=20000, Greedy MIS=19405, |S|=37743, Oracle MIS=20000, Improvement=595
n=40000, coeff=20.0, trial=2, GT MIS=20000, Greedy MIS=19405, |S|=29079, Oracle MIS=20000, Improvement=595
n=40000, coeff=20.0, trial=2, GT MIS=20000, Greedy MIS=19405, |S|=21735, Oracle MIS=20000, Improvement=595
n=40000, coeff=20.0, trial=2, GT MIS=20000, Greedy MIS=19405, |S|=20092, Oracle MIS=20000, Improvement=595
n=40000, coeff=20.0, trial=2, GT MIS=20000, Greedy MIS=19405, |S|=20002, Oracle MIS=20000, Improvement=595
n=40000, coeff=20.0, trial=2, GT MIS=20000, Greedy MIS=19405, |S|=20000, Oracle MIS=20000, Improvement=595
n=40000, coeff=20.0, trial=3, GT MIS=20000, Greedy MIS=19930, |S|=40000, Oracle MIS=19930, Improvement=0
n=40000, coeff=20.0, trial=3, GT MIS=20000, Greedy MIS=19930, |S|=40000, Oracle MIS=19930, Improvement=0
n=40000, coeff=20.0, trial=3, GT MIS=20000, Greedy MIS=19930, |S|=39999, Oracle MIS=19930, Improvement=0
n=40000, coeff=20.0, trial=3, GT MIS=20000, Greedy MIS=19930, |S|=39870, Oracle MIS=20000, Improvement=70
n=40000, coeff=20.0, trial=3, GT MIS=20000, Greedy MIS=19930, |S|=37633, Oracle MIS=20000, Improvement=70
n=40000, coeff=20.0, trial=3, GT MIS=20000, Greedy MIS=19930, |S|=29008, Oracle MIS=20000, Improvement=70
n=40000, coeff=20.0, trial=3, GT MIS=20000, Greedy MIS=19930, |S|=21632, Oracle MIS=20000, Improvement=70
n=40000, coeff=20.0, trial=3, GT MIS=20000, Greedy MIS=19930, |S|=20081, Oracle MIS=20000, Improvement=70
n=40000, coeff=20.0, trial=3, GT MIS=20000, Greedy MIS=19930, |S|=20002, Oracle MIS=20000, Improvement=70
n=40000, coeff=20.0, trial=3, GT MIS=20000, Greedy MIS=19930, |S|=20000, Oracle MIS=20000, Improvement=70
n=40000, coeff=20.0, trial=4, GT MIS=20000, Greedy MIS=19731, |S|=40000, Oracle MIS=19731, Improvement=0
n=40000, coeff=20.0, trial=4, GT MIS=20000, Greedy MIS=19731, |S|=40000, Oracle MIS=19731, Improvement=0
n=40000, coeff=20.0, trial=4, GT MIS=20000, Greedy MIS=19731, |S|=40000, Oracle MIS=19731, Improvement=0
n=40000, coeff=20.0, trial=4, GT MIS=20000, Greedy MIS=19731, |S|=39916, Oracle MIS=19578, Improvement=-153
n=40000, coeff=20.0, trial=4, GT MIS=20000, Greedy MIS=19731, |S|=37973, Oracle MIS=20000, Improvement=269
n=40000, coeff=20.0, trial=4, GT MIS=20000, Greedy MIS=19731, |S|=29453, Oracle MIS=20000, Improvement=269
n=40000, coeff=20.0, trial=4, GT MIS=20000, Greedy MIS=19731, |S|=21790, Oracle MIS=20000, Improvement=269
n=40000, coeff=20.0, trial=4, GT MIS=20000, Greedy MIS=19731, |S|=20086, Oracle MIS=20000, Improvement=269
n=40000, coeff=20.0, trial=4, GT MIS=20000, Greedy MIS=19731, |S|=20000, Oracle MIS=20000, Improvement=269
n=40000, coeff=20.0, trial=4, GT MIS=20000, Greedy MIS=19731, |S|=20000, Oracle MIS=20000, Improvement=269
n=40000, coeff=20.0, trial=5, GT MIS=20000, Greedy MIS=19254, |S|=40000, Oracle MIS=19254, Improvement=0
n=40000, coeff=20.0, trial=5, GT MIS=20000, Greedy MIS=19254, |S|=40000, Oracle MIS=19254, Improvement=0
n=40000, coeff=20.0, trial=5, GT MIS=20000, Greedy MIS=19254, |S|=39998, Oracle MIS=19252, Improvement=-2
n=40000, coeff=20.0, trial=5, GT MIS=20000, Greedy MIS=19254, |S|=39950, Oracle MIS=19724, Improvement=470
n=40000, coeff=20.0, trial=5, GT MIS=20000, Greedy MIS=19254, |S|=38499, Oracle MIS=20000, Improvement=746
n=40000, coeff=20.0, trial=5, GT MIS=20000, Greedy MIS=19254, |S|=30910, Oracle MIS=20000, Improvement=746
n=40000, coeff=20.0, trial=5, GT MIS=20000, Greedy MIS=19254, |S|=22393, Oracle MIS=20000, Improvement=746
n=40000, coeff=20.0, trial=5, GT MIS=20000, Greedy MIS=19254, |S|=20158, Oracle MIS=20000, Improvement=746
n=40000, coeff=20.0, trial=5, GT MIS=20000, Greedy MIS=19254, |S|=20004, Oracle MIS=20000, Improvement=746
n=40000, coeff=20.0, trial=5, GT MIS=20000, Greedy MIS=19254, |S|=20000, Oracle MIS=20000, Improvement=746
n=40000, coeff=20.0, trial=6, GT MIS=20000, Greedy MIS=19804, |S|=40000, Oracle MIS=19804, Improvement=0
n=40000, coeff=20.0, trial=6, GT MIS=20000, Greedy MIS=19804, |S|=40000, Oracle MIS=19804, Improvement=0
n=40000, coeff=20.0, trial=6, GT MIS=20000, Greedy MIS=19804, |S|=39999, Oracle MIS=19804, Improvement=0
n=40000, coeff=20.0, trial=6, GT MIS=20000, Greedy MIS=19804, |S|=39912, Oracle MIS=19804, Improvement=0
n=40000, coeff=20.0, trial=6, GT MIS=20000, Greedy MIS=19804, |S|=37858, Oracle MIS=20000, Improvement=196
n=40000, coeff=20.0, trial=6, GT MIS=20000, Greedy MIS=19804, |S|=29690, Oracle MIS=20000, Improvement=196
n=40000, coeff=20.0, trial=6, GT MIS=20000, Greedy MIS=19804, |S|=21907, Oracle MIS=20000, Improvement=196
n=40000, coeff=20.0, trial=6, GT MIS=20000, Greedy MIS=19804, |S|=20104, Oracle MIS=20000, Improvement=196
n=40000, coeff=20.0, trial=6, GT MIS=20000, Greedy MIS=19804, |S|=20001, Oracle MIS=20000, Improvement=196
n=40000, coeff=20.0, trial=6, GT MIS=20000, Greedy MIS=19804, |S|=20000, Oracle MIS=20000, Improvement=196
n=40000, coeff=20.0, trial=7, GT MIS=20000, Greedy MIS=19933, |S|=40000, Oracle MIS=19933, Improvement=0
n=40000, coeff=20.0, trial=7, GT MIS=20000, Greedy MIS=19933, |S|=40000, Oracle MIS=19933, Improvement=0
n=40000, coeff=20.0, trial=7, GT MIS=20000, Greedy MIS=19933, |S|=39995, Oracle MIS=19860, Improvement=-73
n=40000, coeff=20.0, trial=7, GT MIS=20000, Greedy MIS=19933, |S|=39863, Oracle MIS=19729, Improvement=-204
n=40000, coeff=20.0, trial=7, GT MIS=20000, Greedy MIS=19933, |S|=37376, Oracle MIS=20000, Improvement=67
n=40000, coeff=20.0, trial=7, GT MIS=20000, Greedy MIS=19933, |S|=28599, Oracle MIS=20000, Improvement=67
n=40000, coeff=20.0, trial=7, GT MIS=20000, Greedy MIS=19933, |S|=21553, Oracle MIS=20000, Improvement=67
n=40000, coeff=20.0, trial=7, GT MIS=20000, Greedy MIS=19933, |S|=20090, Oracle MIS=20000, Improvement=67
n=40000, coeff=20.0, trial=7, GT MIS=20000, Greedy MIS=19933, |S|=20003, Oracle MIS=20000, Improvement=67
n=40000, coeff=20.0, trial=7, GT MIS=20000, Greedy MIS=19933, |S|=20000, Oracle MIS=20000, Improvement=67
n=40000, coeff=20.0, trial=8, GT MIS=20000, Greedy MIS=19864, |S|=40000, Oracle MIS=19864, Improvement=0
n=40000, coeff=20.0, trial=8, GT MIS=20000, Greedy MIS=19864, |S|=40000, Oracle MIS=19864, Improvement=0
n=40000, coeff=20.0, trial=8, GT MIS=20000, Greedy MIS=19864, |S|=40000, Oracle MIS=19864, Improvement=0
n=40000, coeff=20.0, trial=8, GT MIS=20000, Greedy MIS=19864, |S|=39868, Oracle MIS=19251, Improvement=-613
n=40000, coeff=20.0, trial=8, GT MIS=20000, Greedy MIS=19864, |S|=37636, Oracle MIS=20000, Improvement=136
n=40000, coeff=20.0, trial=8, GT MIS=20000, Greedy MIS=19864, |S|=28914, Oracle MIS=20000, Improvement=136
n=40000, coeff=20.0, trial=8, GT MIS=20000, Greedy MIS=19864, |S|=21594, Oracle MIS=20000, Improvement=136
n=40000, coeff=20.0, trial=8, GT MIS=20000, Greedy MIS=19864, |S|=20086, Oracle MIS=20000, Improvement=136
n=40000, coeff=20.0, trial=8, GT MIS=20000, Greedy MIS=19864, |S|=20001, Oracle MIS=20000, Improvement=136
n=40000, coeff=20.0, trial=8, GT MIS=20000, Greedy MIS=19864, |S|=20000, Oracle MIS=20000, Improvement=136
n=40000, coeff=20.0, trial=9, GT MIS=20000, Greedy MIS=19794, |S|=40000, Oracle MIS=19794, Improvement=0
n=40000, coeff=20.0, trial=9, GT MIS=20000, Greedy MIS=19794, |S|=40000, Oracle MIS=19794, Improvement=0
n=40000, coeff=20.0, trial=9, GT MIS=20000, Greedy MIS=19794, |S|=39997, Oracle MIS=19791, Improvement=-3
n=40000, coeff=20.0, trial=9, GT MIS=20000, Greedy MIS=19794, |S|=39910, Oracle MIS=19636, Improvement=-158
n=40000, coeff=20.0, trial=9, GT MIS=20000, Greedy MIS=19794, |S|=37937, Oracle MIS=20000, Improvement=206
n=40000, coeff=20.0, trial=9, GT MIS=20000, Greedy MIS=19794, |S|=29269, Oracle MIS=20000, Improvement=206
n=40000, coeff=20.0, trial=9, GT MIS=20000, Greedy MIS=19794, |S|=21598, Oracle MIS=20000, Improvement=206
n=40000, coeff=20.0, trial=9, GT MIS=20000, Greedy MIS=19794, |S|=20101, Oracle MIS=20000, Improvement=206
n=40000, coeff=20.0, trial=9, GT MIS=20000, Greedy MIS=19794, |S|=20002, Oracle MIS=20000, Improvement=206
n=40000, coeff=20.0, trial=9, GT MIS=20000, Greedy MIS=19794, |S|=20000, Oracle MIS=20000, Improvement=206
Results saved to bipartite_experiment_results_epislons_40000.csv
