Running job on compute-0-53
Requested resources:
  - CPUs: 18
  - GPUs: 
  - Memory: 18000
n=55000, coeff=6.0, trial=0, GT MIS=27500, Greedy MIS=26991, |S|=55000, Oracle MIS=26991, Improvement=0
n=55000, coeff=6.0, trial=0, GT MIS=27500, Greedy MIS=26991, |S|=55000, Oracle MIS=26991, Improvement=0
n=55000, coeff=6.0, trial=0, GT MIS=27500, Greedy MIS=26991, |S|=54999, Oracle MIS=26990, Improvement=-1
n=55000, coeff=6.0, trial=0, GT MIS=27500, Greedy MIS=26991, |S|=54989, Oracle MIS=26980, Improvement=-11
n=55000, coeff=6.0, trial=0, GT MIS=27500, Greedy MIS=26991, |S|=54800, Oracle MIS=26767, Improvement=-224
n=55000, coeff=6.0, trial=0, GT MIS=27500, Greedy MIS=26991, |S|=53377, Oracle MIS=27393, Improvement=402
n=55000, coeff=6.0, trial=0, GT MIS=27500, Greedy MIS=26991, |S|=48556, Oracle MIS=27491, Improvement=500
n=55000, coeff=6.0, trial=0, GT MIS=27500, Greedy MIS=26991, |S|=41048, Oracle MIS=27500, Improvement=509
n=55000, coeff=6.0, trial=0, GT MIS=27500, Greedy MIS=26991, |S|=33508, Oracle MIS=27500, Improvement=509
n=55000, coeff=6.0, trial=0, GT MIS=27500, Greedy MIS=26991, |S|=29159, Oracle MIS=27498, Improvement=507
n=55000, coeff=6.0, trial=1, GT MIS=27500, Greedy MIS=26949, |S|=55000, Oracle MIS=26949, Improvement=0
n=55000, coeff=6.0, trial=1, GT MIS=27500, Greedy MIS=26949, |S|=55000, Oracle MIS=26949, Improvement=0
n=55000, coeff=6.0, trial=1, GT MIS=27500, Greedy MIS=26949, |S|=55000, Oracle MIS=26949, Improvement=0
n=55000, coeff=6.0, trial=1, GT MIS=27500, Greedy MIS=26949, |S|=54989, Oracle MIS=26939, Improvement=-10
n=55000, coeff=6.0, trial=1, GT MIS=27500, Greedy MIS=26949, |S|=54760, Oracle MIS=26520, Improvement=-429
n=55000, coeff=6.0, trial=1, GT MIS=27500, Greedy MIS=26949, |S|=53122, Oracle MIS=27317, Improvement=368
n=55000, coeff=6.0, trial=1, GT MIS=27500, Greedy MIS=26949, |S|=47977, Oracle MIS=27500, Improvement=551
n=55000, coeff=6.0, trial=1, GT MIS=27500, Greedy MIS=26949, |S|=40214, Oracle MIS=27500, Improvement=551
n=55000, coeff=6.0, trial=1, GT MIS=27500, Greedy MIS=26949, |S|=32941, Oracle MIS=27498, Improvement=549
n=55000, coeff=6.0, trial=1, GT MIS=27500, Greedy MIS=26949, |S|=28987, Oracle MIS=27495, Improvement=546
n=55000, coeff=6.0, trial=2, GT MIS=27500, Greedy MIS=27102, |S|=55000, Oracle MIS=27102, Improvement=0
n=55000, coeff=6.0, trial=2, GT MIS=27500, Greedy MIS=27102, |S|=55000, Oracle MIS=27102, Improvement=0
n=55000, coeff=6.0, trial=2, GT MIS=27500, Greedy MIS=27102, |S|=55000, Oracle MIS=27102, Improvement=0
n=55000, coeff=6.0, trial=2, GT MIS=27500, Greedy MIS=27102, |S|=54983, Oracle MIS=27085, Improvement=-17
n=55000, coeff=6.0, trial=2, GT MIS=27500, Greedy MIS=27102, |S|=54757, Oracle MIS=26758, Improvement=-344
n=55000, coeff=6.0, trial=2, GT MIS=27500, Greedy MIS=27102, |S|=53108, Oracle MIS=27284, Improvement=182
n=55000, coeff=6.0, trial=2, GT MIS=27500, Greedy MIS=27102, |S|=47911, Oracle MIS=27500, Improvement=398
n=55000, coeff=6.0, trial=2, GT MIS=27500, Greedy MIS=27102, |S|=40163, Oracle MIS=27500, Improvement=398
n=55000, coeff=6.0, trial=2, GT MIS=27500, Greedy MIS=27102, |S|=32839, Oracle MIS=27500, Improvement=398
n=55000, coeff=6.0, trial=2, GT MIS=27500, Greedy MIS=27102, |S|=28980, Oracle MIS=27499, Improvement=397
n=55000, coeff=6.0, trial=3, GT MIS=27500, Greedy MIS=26781, |S|=55000, Oracle MIS=26781, Improvement=0
n=55000, coeff=6.0, trial=3, GT MIS=27500, Greedy MIS=26781, |S|=55000, Oracle MIS=26781, Improvement=0
n=55000, coeff=6.0, trial=3, GT MIS=27500, Greedy MIS=26781, |S|=55000, Oracle MIS=26781, Improvement=0
n=55000, coeff=6.0, trial=3, GT MIS=27500, Greedy MIS=26781, |S|=54982, Oracle MIS=26765, Improvement=-16
n=55000, coeff=6.0, trial=3, GT MIS=27500, Greedy MIS=26781, |S|=54773, Oracle MIS=26354, Improvement=-427
n=55000, coeff=6.0, trial=3, GT MIS=27500, Greedy MIS=26781, |S|=53280, Oracle MIS=27380, Improvement=599
n=55000, coeff=6.0, trial=3, GT MIS=27500, Greedy MIS=26781, |S|=48583, Oracle MIS=27500, Improvement=719
n=55000, coeff=6.0, trial=3, GT MIS=27500, Greedy MIS=26781, |S|=40895, Oracle MIS=27500, Improvement=719
n=55000, coeff=6.0, trial=3, GT MIS=27500, Greedy MIS=26781, |S|=33373, Oracle MIS=27499, Improvement=718
n=55000, coeff=6.0, trial=3, GT MIS=27500, Greedy MIS=26781, |S|=29124, Oracle MIS=27498, Improvement=717
n=55000, coeff=6.0, trial=4, GT MIS=27500, Greedy MIS=26907, |S|=55000, Oracle MIS=26907, Improvement=0
n=55000, coeff=6.0, trial=4, GT MIS=27500, Greedy MIS=26907, |S|=55000, Oracle MIS=26907, Improvement=0
n=55000, coeff=6.0, trial=4, GT MIS=27500, Greedy MIS=26907, |S|=55000, Oracle MIS=26907, Improvement=0
n=55000, coeff=6.0, trial=4, GT MIS=27500, Greedy MIS=26907, |S|=54987, Oracle MIS=26894, Improvement=-13
n=55000, coeff=6.0, trial=4, GT MIS=27500, Greedy MIS=26907, |S|=54754, Oracle MIS=26441, Improvement=-466
n=55000, coeff=6.0, trial=4, GT MIS=27500, Greedy MIS=26907, |S|=53264, Oracle MIS=27354, Improvement=447
n=55000, coeff=6.0, trial=4, GT MIS=27500, Greedy MIS=26907, |S|=48343, Oracle MIS=27491, Improvement=584
n=55000, coeff=6.0, trial=4, GT MIS=27500, Greedy MIS=26907, |S|=40766, Oracle MIS=27500, Improvement=593
n=55000, coeff=6.0, trial=4, GT MIS=27500, Greedy MIS=26907, |S|=33291, Oracle MIS=27500, Improvement=593
n=55000, coeff=6.0, trial=4, GT MIS=27500, Greedy MIS=26907, |S|=29086, Oracle MIS=27500, Improvement=593
n=55000, coeff=6.0, trial=5, GT MIS=27500, Greedy MIS=26781, |S|=55000, Oracle MIS=26781, Improvement=0
n=55000, coeff=6.0, trial=5, GT MIS=27500, Greedy MIS=26781, |S|=55000, Oracle MIS=26781, Improvement=0
n=55000, coeff=6.0, trial=5, GT MIS=27500, Greedy MIS=26781, |S|=55000, Oracle MIS=26781, Improvement=0
n=55000, coeff=6.0, trial=5, GT MIS=27500, Greedy MIS=26781, |S|=54986, Oracle MIS=26725, Improvement=-56
n=55000, coeff=6.0, trial=5, GT MIS=27500, Greedy MIS=26781, |S|=54820, Oracle MIS=26444, Improvement=-337
n=55000, coeff=6.0, trial=5, GT MIS=27500, Greedy MIS=26781, |S|=53482, Oracle MIS=27338, Improvement=557
n=55000, coeff=6.0, trial=5, GT MIS=27500, Greedy MIS=26781, |S|=48731, Oracle MIS=27500, Improvement=719
n=55000, coeff=6.0, trial=5, GT MIS=27500, Greedy MIS=26781, |S|=41157, Oracle MIS=27500, Improvement=719
n=55000, coeff=6.0, trial=5, GT MIS=27500, Greedy MIS=26781, |S|=33655, Oracle MIS=27500, Improvement=719
n=55000, coeff=6.0, trial=5, GT MIS=27500, Greedy MIS=26781, |S|=29205, Oracle MIS=27498, Improvement=717
n=55000, coeff=6.0, trial=6, GT MIS=27500, Greedy MIS=26960, |S|=55000, Oracle MIS=26960, Improvement=0
n=55000, coeff=6.0, trial=6, GT MIS=27500, Greedy MIS=26960, |S|=55000, Oracle MIS=26960, Improvement=0
n=55000, coeff=6.0, trial=6, GT MIS=27500, Greedy MIS=26960, |S|=54999, Oracle MIS=26959, Improvement=-1
n=55000, coeff=6.0, trial=6, GT MIS=27500, Greedy MIS=26960, |S|=54981, Oracle MIS=26942, Improvement=-18
n=55000, coeff=6.0, trial=6, GT MIS=27500, Greedy MIS=26960, |S|=54748, Oracle MIS=26509, Improvement=-451
n=55000, coeff=6.0, trial=6, GT MIS=27500, Greedy MIS=26960, |S|=53194, Oracle MIS=27324, Improvement=364
n=55000, coeff=6.0, trial=6, GT MIS=27500, Greedy MIS=26960, |S|=48251, Oracle MIS=27500, Improvement=540
n=55000, coeff=6.0, trial=6, GT MIS=27500, Greedy MIS=26960, |S|=40497, Oracle MIS=27500, Improvement=540
n=55000, coeff=6.0, trial=6, GT MIS=27500, Greedy MIS=26960, |S|=33257, Oracle MIS=27499, Improvement=539
n=55000, coeff=6.0, trial=6, GT MIS=27500, Greedy MIS=26960, |S|=29128, Oracle MIS=27498, Improvement=538
n=55000, coeff=6.0, trial=7, GT MIS=27500, Greedy MIS=27159, |S|=55000, Oracle MIS=27159, Improvement=0
n=55000, coeff=6.0, trial=7, GT MIS=27500, Greedy MIS=27159, |S|=55000, Oracle MIS=27159, Improvement=0
n=55000, coeff=6.0, trial=7, GT MIS=27500, Greedy MIS=27159, |S|=55000, Oracle MIS=27159, Improvement=0
n=55000, coeff=6.0, trial=7, GT MIS=27500, Greedy MIS=27159, |S|=54989, Oracle MIS=27148, Improvement=-11
n=55000, coeff=6.0, trial=7, GT MIS=27500, Greedy MIS=27159, |S|=54780, Oracle MIS=26688, Improvement=-471
n=55000, coeff=6.0, trial=7, GT MIS=27500, Greedy MIS=27159, |S|=53386, Oracle MIS=27333, Improvement=174
n=55000, coeff=6.0, trial=7, GT MIS=27500, Greedy MIS=27159, |S|=48488, Oracle MIS=27500, Improvement=341
n=55000, coeff=6.0, trial=7, GT MIS=27500, Greedy MIS=27159, |S|=40974, Oracle MIS=27499, Improvement=340
n=55000, coeff=6.0, trial=7, GT MIS=27500, Greedy MIS=27159, |S|=33357, Oracle MIS=27499, Improvement=340
n=55000, coeff=6.0, trial=7, GT MIS=27500, Greedy MIS=27159, |S|=29153, Oracle MIS=27500, Improvement=341
n=55000, coeff=6.0, trial=8, GT MIS=27500, Greedy MIS=26939, |S|=55000, Oracle MIS=26939, Improvement=0
n=55000, coeff=6.0, trial=8, GT MIS=27500, Greedy MIS=26939, |S|=55000, Oracle MIS=26939, Improvement=0
n=55000, coeff=6.0, trial=8, GT MIS=27500, Greedy MIS=26939, |S|=55000, Oracle MIS=26939, Improvement=0
n=55000, coeff=6.0, trial=8, GT MIS=27500, Greedy MIS=26939, |S|=54984, Oracle MIS=26909, Improvement=-30
n=55000, coeff=6.0, trial=8, GT MIS=27500, Greedy MIS=26939, |S|=54765, Oracle MIS=26566, Improvement=-373
n=55000, coeff=6.0, trial=8, GT MIS=27500, Greedy MIS=26939, |S|=53371, Oracle MIS=26966, Improvement=27
n=55000, coeff=6.0, trial=8, GT MIS=27500, Greedy MIS=26939, |S|=48819, Oracle MIS=27491, Improvement=552
n=55000, coeff=6.0, trial=8, GT MIS=27500, Greedy MIS=26939, |S|=41260, Oracle MIS=27500, Improvement=561
n=55000, coeff=6.0, trial=8, GT MIS=27500, Greedy MIS=26939, |S|=33434, Oracle MIS=27500, Improvement=561
n=55000, coeff=6.0, trial=8, GT MIS=27500, Greedy MIS=26939, |S|=29200, Oracle MIS=27500, Improvement=561
n=55000, coeff=6.0, trial=9, GT MIS=27500, Greedy MIS=26999, |S|=55000, Oracle MIS=26999, Improvement=0
n=55000, coeff=6.0, trial=9, GT MIS=27500, Greedy MIS=26999, |S|=55000, Oracle MIS=26999, Improvement=0
n=55000, coeff=6.0, trial=9, GT MIS=27500, Greedy MIS=26999, |S|=55000, Oracle MIS=26999, Improvement=0
n=55000, coeff=6.0, trial=9, GT MIS=27500, Greedy MIS=26999, |S|=54983, Oracle MIS=26982, Improvement=-17
n=55000, coeff=6.0, trial=9, GT MIS=27500, Greedy MIS=26999, |S|=54800, Oracle MIS=26730, Improvement=-269
n=55000, coeff=6.0, trial=9, GT MIS=27500, Greedy MIS=26999, |S|=53440, Oracle MIS=27011, Improvement=12
n=55000, coeff=6.0, trial=9, GT MIS=27500, Greedy MIS=26999, |S|=48553, Oracle MIS=27490, Improvement=491
n=55000, coeff=6.0, trial=9, GT MIS=27500, Greedy MIS=26999, |S|=40857, Oracle MIS=27500, Improvement=501
n=55000, coeff=6.0, trial=9, GT MIS=27500, Greedy MIS=26999, |S|=33457, Oracle MIS=27499, Improvement=500
n=55000, coeff=6.0, trial=9, GT MIS=27500, Greedy MIS=26999, |S|=29174, Oracle MIS=27498, Improvement=499
Results saved to bipartite_experiment_results_epislons_55000.csv
