Running job on compute-3-01
Requested resources:
  - CPUs: 18
  - GPUs: 
  - Memory: 18000
n=75000, coeff=6.0, trial=0, GT MIS=37500, Greedy MIS=36326, |S|=75000, Oracle MIS=36326, Improvement=0
n=75000, coeff=6.0, trial=0, GT MIS=37500, Greedy MIS=36326, |S|=75000, Oracle MIS=36326, Improvement=0
n=75000, coeff=6.0, trial=0, GT MIS=37500, Greedy MIS=36326, |S|=74999, Oracle MIS=36325, Improvement=-1
n=75000, coeff=6.0, trial=0, GT MIS=37500, Greedy MIS=36326, |S|=74983, Oracle MIS=36309, Improvement=-17
n=75000, coeff=6.0, trial=0, GT MIS=37500, Greedy MIS=36326, |S|=74650, Oracle MIS=36496, Improvement=170
n=75000, coeff=6.0, trial=0, GT MIS=37500, Greedy MIS=36326, |S|=72402, Oracle MIS=37194, Improvement=868
n=75000, coeff=6.0, trial=0, GT MIS=37500, Greedy MIS=36326, |S|=65600, Oracle MIS=37500, Improvement=1174
n=75000, coeff=6.0, trial=0, GT MIS=37500, Greedy MIS=36326, |S|=54263, Oracle MIS=37500, Improvement=1174
n=75000, coeff=6.0, trial=0, GT MIS=37500, Greedy MIS=36326, |S|=44507, Oracle MIS=37499, Improvement=1173
n=75000, coeff=6.0, trial=0, GT MIS=37500, Greedy MIS=36326, |S|=39470, Oracle MIS=37498, Improvement=1172
n=75000, coeff=6.0, trial=1, GT MIS=37500, Greedy MIS=36583, |S|=75000, Oracle MIS=36583, Improvement=0
n=75000, coeff=6.0, trial=1, GT MIS=37500, Greedy MIS=36583, |S|=75000, Oracle MIS=36583, Improvement=0
n=75000, coeff=6.0, trial=1, GT MIS=37500, Greedy MIS=36583, |S|=75000, Oracle MIS=36583, Improvement=0
n=75000, coeff=6.0, trial=1, GT MIS=37500, Greedy MIS=36583, |S|=74986, Oracle MIS=36569, Improvement=-14
n=75000, coeff=6.0, trial=1, GT MIS=37500, Greedy MIS=36583, |S|=74684, Oracle MIS=36066, Improvement=-517
n=75000, coeff=6.0, trial=1, GT MIS=37500, Greedy MIS=36583, |S|=72580, Oracle MIS=37098, Improvement=515
n=75000, coeff=6.0, trial=1, GT MIS=37500, Greedy MIS=36583, |S|=66004, Oracle MIS=37468, Improvement=885
n=75000, coeff=6.0, trial=1, GT MIS=37500, Greedy MIS=36583, |S|=54701, Oracle MIS=37500, Improvement=917
n=75000, coeff=6.0, trial=1, GT MIS=37500, Greedy MIS=36583, |S|=44746, Oracle MIS=37500, Improvement=917
n=75000, coeff=6.0, trial=1, GT MIS=37500, Greedy MIS=36583, |S|=39537, Oracle MIS=37498, Improvement=915
n=75000, coeff=6.0, trial=2, GT MIS=37500, Greedy MIS=35998, |S|=75000, Oracle MIS=35998, Improvement=0
n=75000, coeff=6.0, trial=2, GT MIS=37500, Greedy MIS=35998, |S|=75000, Oracle MIS=35998, Improvement=0
n=75000, coeff=6.0, trial=2, GT MIS=37500, Greedy MIS=35998, |S|=74999, Oracle MIS=35997, Improvement=-1
n=75000, coeff=6.0, trial=2, GT MIS=37500, Greedy MIS=35998, |S|=74974, Oracle MIS=35908, Improvement=-90
n=75000, coeff=6.0, trial=2, GT MIS=37500, Greedy MIS=35998, |S|=74666, Oracle MIS=35605, Improvement=-393
n=75000, coeff=6.0, trial=2, GT MIS=37500, Greedy MIS=35998, |S|=72638, Oracle MIS=37081, Improvement=1083
n=75000, coeff=6.0, trial=2, GT MIS=37500, Greedy MIS=35998, |S|=65860, Oracle MIS=37500, Improvement=1502
n=75000, coeff=6.0, trial=2, GT MIS=37500, Greedy MIS=35998, |S|=54840, Oracle MIS=37500, Improvement=1502
n=75000, coeff=6.0, trial=2, GT MIS=37500, Greedy MIS=35998, |S|=44955, Oracle MIS=37500, Improvement=1502
n=75000, coeff=6.0, trial=2, GT MIS=37500, Greedy MIS=35998, |S|=39611, Oracle MIS=37496, Improvement=1498
n=75000, coeff=6.0, trial=3, GT MIS=37500, Greedy MIS=35944, |S|=75000, Oracle MIS=35944, Improvement=0
n=75000, coeff=6.0, trial=3, GT MIS=37500, Greedy MIS=35944, |S|=75000, Oracle MIS=35944, Improvement=0
n=75000, coeff=6.0, trial=3, GT MIS=37500, Greedy MIS=35944, |S|=75000, Oracle MIS=35944, Improvement=0
n=75000, coeff=6.0, trial=3, GT MIS=37500, Greedy MIS=35944, |S|=74971, Oracle MIS=35887, Improvement=-57
n=75000, coeff=6.0, trial=3, GT MIS=37500, Greedy MIS=35944, |S|=74704, Oracle MIS=35945, Improvement=1
n=75000, coeff=6.0, trial=3, GT MIS=37500, Greedy MIS=35944, |S|=72683, Oracle MIS=36994, Improvement=1050
n=75000, coeff=6.0, trial=3, GT MIS=37500, Greedy MIS=35944, |S|=66092, Oracle MIS=37500, Improvement=1556
n=75000, coeff=6.0, trial=3, GT MIS=37500, Greedy MIS=35944, |S|=55012, Oracle MIS=37500, Improvement=1556
n=75000, coeff=6.0, trial=3, GT MIS=37500, Greedy MIS=35944, |S|=44997, Oracle MIS=37500, Improvement=1556
n=75000, coeff=6.0, trial=3, GT MIS=37500, Greedy MIS=35944, |S|=39612, Oracle MIS=37498, Improvement=1554
n=75000, coeff=6.0, trial=4, GT MIS=37500, Greedy MIS=36491, |S|=75000, Oracle MIS=36491, Improvement=0
n=75000, coeff=6.0, trial=4, GT MIS=37500, Greedy MIS=36491, |S|=75000, Oracle MIS=36491, Improvement=0
n=75000, coeff=6.0, trial=4, GT MIS=37500, Greedy MIS=36491, |S|=74999, Oracle MIS=36490, Improvement=-1
n=75000, coeff=6.0, trial=4, GT MIS=37500, Greedy MIS=36491, |S|=74984, Oracle MIS=36427, Improvement=-64
n=75000, coeff=6.0, trial=4, GT MIS=37500, Greedy MIS=36491, |S|=74692, Oracle MIS=35658, Improvement=-833
n=75000, coeff=6.0, trial=4, GT MIS=37500, Greedy MIS=36491, |S|=72550, Oracle MIS=37260, Improvement=769
n=75000, coeff=6.0, trial=4, GT MIS=37500, Greedy MIS=36491, |S|=65765, Oracle MIS=37500, Improvement=1009
n=75000, coeff=6.0, trial=4, GT MIS=37500, Greedy MIS=36491, |S|=54723, Oracle MIS=37500, Improvement=1009
n=75000, coeff=6.0, trial=4, GT MIS=37500, Greedy MIS=36491, |S|=44691, Oracle MIS=37500, Improvement=1009
n=75000, coeff=6.0, trial=4, GT MIS=37500, Greedy MIS=36491, |S|=39495, Oracle MIS=37497, Improvement=1006
n=75000, coeff=6.0, trial=5, GT MIS=37500, Greedy MIS=36028, |S|=75000, Oracle MIS=36028, Improvement=0
n=75000, coeff=6.0, trial=5, GT MIS=37500, Greedy MIS=36028, |S|=75000, Oracle MIS=36028, Improvement=0
n=75000, coeff=6.0, trial=5, GT MIS=37500, Greedy MIS=36028, |S|=75000, Oracle MIS=36028, Improvement=0
n=75000, coeff=6.0, trial=5, GT MIS=37500, Greedy MIS=36028, |S|=74982, Oracle MIS=35995, Improvement=-33
n=75000, coeff=6.0, trial=5, GT MIS=37500, Greedy MIS=36028, |S|=74724, Oracle MIS=36479, Improvement=451
n=75000, coeff=6.0, trial=5, GT MIS=37500, Greedy MIS=36028, |S|=72642, Oracle MIS=37052, Improvement=1024
n=75000, coeff=6.0, trial=5, GT MIS=37500, Greedy MIS=36028, |S|=66015, Oracle MIS=37500, Improvement=1472
n=75000, coeff=6.0, trial=5, GT MIS=37500, Greedy MIS=36028, |S|=54975, Oracle MIS=37500, Improvement=1472
n=75000, coeff=6.0, trial=5, GT MIS=37500, Greedy MIS=36028, |S|=44855, Oracle MIS=37500, Improvement=1472
n=75000, coeff=6.0, trial=5, GT MIS=37500, Greedy MIS=36028, |S|=39579, Oracle MIS=37498, Improvement=1470
n=75000, coeff=6.0, trial=6, GT MIS=37500, Greedy MIS=36504, |S|=75000, Oracle MIS=36504, Improvement=0
n=75000, coeff=6.0, trial=6, GT MIS=37500, Greedy MIS=36504, |S|=75000, Oracle MIS=36504, Improvement=0
n=75000, coeff=6.0, trial=6, GT MIS=37500, Greedy MIS=36504, |S|=74999, Oracle MIS=36504, Improvement=0
n=75000, coeff=6.0, trial=6, GT MIS=37500, Greedy MIS=36504, |S|=74975, Oracle MIS=36419, Improvement=-85
n=75000, coeff=6.0, trial=6, GT MIS=37500, Greedy MIS=36504, |S|=74602, Oracle MIS=35171, Improvement=-1333
n=75000, coeff=6.0, trial=6, GT MIS=37500, Greedy MIS=36504, |S|=72336, Oracle MIS=37208, Improvement=704
n=75000, coeff=6.0, trial=6, GT MIS=37500, Greedy MIS=36504, |S|=65290, Oracle MIS=37500, Improvement=996
n=75000, coeff=6.0, trial=6, GT MIS=37500, Greedy MIS=36504, |S|=54058, Oracle MIS=37500, Improvement=996
n=75000, coeff=6.0, trial=6, GT MIS=37500, Greedy MIS=36504, |S|=44302, Oracle MIS=37500, Improvement=996
n=75000, coeff=6.0, trial=6, GT MIS=37500, Greedy MIS=36504, |S|=39308, Oracle MIS=37500, Improvement=996
n=75000, coeff=6.0, trial=7, GT MIS=37500, Greedy MIS=36009, |S|=75000, Oracle MIS=36009, Improvement=0
n=75000, coeff=6.0, trial=7, GT MIS=37500, Greedy MIS=36009, |S|=75000, Oracle MIS=36009, Improvement=0
n=75000, coeff=6.0, trial=7, GT MIS=37500, Greedy MIS=36009, |S|=75000, Oracle MIS=36009, Improvement=0
n=75000, coeff=6.0, trial=7, GT MIS=37500, Greedy MIS=36009, |S|=74972, Oracle MIS=35870, Improvement=-139
n=75000, coeff=6.0, trial=7, GT MIS=37500, Greedy MIS=36009, |S|=74660, Oracle MIS=36439, Improvement=430
n=75000, coeff=6.0, trial=7, GT MIS=37500, Greedy MIS=36009, |S|=72537, Oracle MIS=37013, Improvement=1004
n=75000, coeff=6.0, trial=7, GT MIS=37500, Greedy MIS=36009, |S|=65733, Oracle MIS=37500, Improvement=1491
n=75000, coeff=6.0, trial=7, GT MIS=37500, Greedy MIS=36009, |S|=54753, Oracle MIS=37500, Improvement=1491
n=75000, coeff=6.0, trial=7, GT MIS=37500, Greedy MIS=36009, |S|=44649, Oracle MIS=37500, Improvement=1491
n=75000, coeff=6.0, trial=7, GT MIS=37500, Greedy MIS=36009, |S|=39533, Oracle MIS=37499, Improvement=1490
n=75000, coeff=6.0, trial=8, GT MIS=37500, Greedy MIS=35642, |S|=75000, Oracle MIS=35642, Improvement=0
n=75000, coeff=6.0, trial=8, GT MIS=37500, Greedy MIS=35642, |S|=75000, Oracle MIS=35642, Improvement=0
n=75000, coeff=6.0, trial=8, GT MIS=37500, Greedy MIS=35642, |S|=75000, Oracle MIS=35642, Improvement=0
n=75000, coeff=6.0, trial=8, GT MIS=37500, Greedy MIS=35642, |S|=74985, Oracle MIS=35627, Improvement=-15
n=75000, coeff=6.0, trial=8, GT MIS=37500, Greedy MIS=35642, |S|=74681, Oracle MIS=36627, Improvement=985
n=75000, coeff=6.0, trial=8, GT MIS=37500, Greedy MIS=35642, |S|=72644, Oracle MIS=37089, Improvement=1447
n=75000, coeff=6.0, trial=8, GT MIS=37500, Greedy MIS=35642, |S|=66040, Oracle MIS=37500, Improvement=1858
n=75000, coeff=6.0, trial=8, GT MIS=37500, Greedy MIS=35642, |S|=54915, Oracle MIS=37500, Improvement=1858
n=75000, coeff=6.0, trial=8, GT MIS=37500, Greedy MIS=35642, |S|=44880, Oracle MIS=37500, Improvement=1858
n=75000, coeff=6.0, trial=8, GT MIS=37500, Greedy MIS=35642, |S|=39537, Oracle MIS=37499, Improvement=1857
n=75000, coeff=6.0, trial=9, GT MIS=37500, Greedy MIS=36452, |S|=75000, Oracle MIS=36452, Improvement=0
n=75000, coeff=6.0, trial=9, GT MIS=37500, Greedy MIS=36452, |S|=75000, Oracle MIS=36452, Improvement=0
n=75000, coeff=6.0, trial=9, GT MIS=37500, Greedy MIS=36452, |S|=75000, Oracle MIS=36452, Improvement=0
n=75000, coeff=6.0, trial=9, GT MIS=37500, Greedy MIS=36452, |S|=74977, Oracle MIS=36285, Improvement=-167
n=75000, coeff=6.0, trial=9, GT MIS=37500, Greedy MIS=36452, |S|=74731, Oracle MIS=35843, Improvement=-609
n=75000, coeff=6.0, trial=9, GT MIS=37500, Greedy MIS=36452, |S|=72792, Oracle MIS=37332, Improvement=880
n=75000, coeff=6.0, trial=9, GT MIS=37500, Greedy MIS=36452, |S|=66462, Oracle MIS=37489, Improvement=1037
n=75000, coeff=6.0, trial=9, GT MIS=37500, Greedy MIS=36452, |S|=55231, Oracle MIS=37500, Improvement=1048
n=75000, coeff=6.0, trial=9, GT MIS=37500, Greedy MIS=36452, |S|=45018, Oracle MIS=37500, Improvement=1048
n=75000, coeff=6.0, trial=9, GT MIS=37500, Greedy MIS=36452, |S|=39598, Oracle MIS=37499, Improvement=1047
Results saved to bipartite_experiment_results_epislons_75000.csv
