Running job on compute-0-01
Requested resources:
  - CPUs: 12
  - GPUs: 
  - Memory: 18000
Skipping n=85000, coeff=10.0, trial=0, epsilon=0.025 as entry already exists.
Skipping n=85000, coeff=10.0, trial=0, epsilon=0.05 as entry already exists.
Skipping n=85000, coeff=10.0, trial=0, epsilon=0.075 as entry already exists.
Skipping n=85000, coeff=10.0, trial=0, epsilon=0.1 as entry already exists.
Skipping n=85000, coeff=10.0, trial=0, epsilon=0.125 as entry already exists.
Skipping n=85000, coeff=10.0, trial=0, epsilon=0.15 as entry already exists.
Skipping n=85000, coeff=10.0, trial=0, epsilon=0.175 as entry already exists.
Skipping n=85000, coeff=10.0, trial=0, epsilon=0.2 as entry already exists.
Skipping n=85000, coeff=10.0, trial=0, epsilon=0.225 as entry already exists.
Skipping n=85000, coeff=10.0, trial=0, epsilon=0.25 as entry already exists.
Skipping n=85000, coeff=10.0, trial=1, epsilon=0.025 as entry already exists.
Skipping n=85000, coeff=10.0, trial=1, epsilon=0.05 as entry already exists.
Skipping n=85000, coeff=10.0, trial=1, epsilon=0.075 as entry already exists.
Skipping n=85000, coeff=10.0, trial=1, epsilon=0.1 as entry already exists.
Skipping n=85000, coeff=10.0, trial=1, epsilon=0.125 as entry already exists.
Skipping n=85000, coeff=10.0, trial=1, epsilon=0.15 as entry already exists.
Skipping n=85000, coeff=10.0, trial=1, epsilon=0.175 as entry already exists.
Skipping n=85000, coeff=10.0, trial=1, epsilon=0.2 as entry already exists.
Skipping n=85000, coeff=10.0, trial=1, epsilon=0.225 as entry already exists.
Skipping n=85000, coeff=10.0, trial=1, epsilon=0.25 as entry already exists.
Skipping n=85000, coeff=10.0, trial=2, epsilon=0.025 as entry already exists.
Skipping n=85000, coeff=10.0, trial=2, epsilon=0.05 as entry already exists.
Skipping n=85000, coeff=10.0, trial=2, epsilon=0.075 as entry already exists.
Skipping n=85000, coeff=10.0, trial=2, epsilon=0.1 as entry already exists.
Skipping n=85000, coeff=10.0, trial=2, epsilon=0.125 as entry already exists.
Skipping n=85000, coeff=10.0, trial=2, epsilon=0.15 as entry already exists.
Skipping n=85000, coeff=10.0, trial=2, epsilon=0.175 as entry already exists.
Skipping n=85000, coeff=10.0, trial=2, epsilon=0.2 as entry already exists.
Skipping n=85000, coeff=10.0, trial=2, epsilon=0.225 as entry already exists.
Skipping n=85000, coeff=10.0, trial=2, epsilon=0.25 as entry already exists.
Skipping n=85000, coeff=10.0, trial=3, epsilon=0.025 as entry already exists.
Skipping n=85000, coeff=10.0, trial=3, epsilon=0.05 as entry already exists.
Skipping n=85000, coeff=10.0, trial=3, epsilon=0.075 as entry already exists.
Skipping n=85000, coeff=10.0, trial=3, epsilon=0.1 as entry already exists.
Skipping n=85000, coeff=10.0, trial=3, epsilon=0.125 as entry already exists.
Skipping n=85000, coeff=10.0, trial=3, epsilon=0.15 as entry already exists.
Skipping n=85000, coeff=10.0, trial=3, epsilon=0.175 as entry already exists.
Skipping n=85000, coeff=10.0, trial=3, epsilon=0.2 as entry already exists.
Skipping n=85000, coeff=10.0, trial=3, epsilon=0.225 as entry already exists.
Skipping n=85000, coeff=10.0, trial=3, epsilon=0.25 as entry already exists.
Skipping n=85000, coeff=10.0, trial=4, epsilon=0.025 as entry already exists.
Skipping n=85000, coeff=10.0, trial=4, epsilon=0.05 as entry already exists.
Skipping n=85000, coeff=10.0, trial=4, epsilon=0.075 as entry already exists.
Skipping n=85000, coeff=10.0, trial=4, epsilon=0.1 as entry already exists.
Skipping n=85000, coeff=10.0, trial=4, epsilon=0.125 as entry already exists.
Skipping n=85000, coeff=10.0, trial=4, epsilon=0.15 as entry already exists.
Skipping n=85000, coeff=10.0, trial=4, epsilon=0.175 as entry already exists.
Skipping n=85000, coeff=10.0, trial=4, epsilon=0.2 as entry already exists.
Skipping n=85000, coeff=10.0, trial=4, epsilon=0.225 as entry already exists.
Skipping n=85000, coeff=10.0, trial=4, epsilon=0.25 as entry already exists.
Skipping n=85000, coeff=10.0, trial=5, epsilon=0.025 as entry already exists.
Skipping n=85000, coeff=10.0, trial=5, epsilon=0.05 as entry already exists.
Skipping n=85000, coeff=10.0, trial=5, epsilon=0.075 as entry already exists.
Skipping n=85000, coeff=10.0, trial=5, epsilon=0.1 as entry already exists.
Skipping n=85000, coeff=10.0, trial=5, epsilon=0.125 as entry already exists.
Skipping n=85000, coeff=10.0, trial=5, epsilon=0.15 as entry already exists.
Skipping n=85000, coeff=10.0, trial=5, epsilon=0.175 as entry already exists.
Skipping n=85000, coeff=10.0, trial=5, epsilon=0.2 as entry already exists.
Skipping n=85000, coeff=10.0, trial=5, epsilon=0.225 as entry already exists.
Skipping n=85000, coeff=10.0, trial=5, epsilon=0.25 as entry already exists.
Skipping n=85000, coeff=10.0, trial=6, epsilon=0.025 as entry already exists.
Skipping n=85000, coeff=10.0, trial=6, epsilon=0.05 as entry already exists.
Skipping n=85000, coeff=10.0, trial=6, epsilon=0.075 as entry already exists.
Skipping n=85000, coeff=10.0, trial=6, epsilon=0.1 as entry already exists.
Skipping n=85000, coeff=10.0, trial=6, epsilon=0.125 as entry already exists.
Skipping n=85000, coeff=10.0, trial=6, epsilon=0.15 as entry already exists.
Skipping n=85000, coeff=10.0, trial=6, epsilon=0.175 as entry already exists.
Skipping n=85000, coeff=10.0, trial=6, epsilon=0.2 as entry already exists.
Skipping n=85000, coeff=10.0, trial=6, epsilon=0.225 as entry already exists.
Skipping n=85000, coeff=10.0, trial=6, epsilon=0.25 as entry already exists.
Skipping n=85000, coeff=10.0, trial=7, epsilon=0.025 as entry already exists.
Skipping n=85000, coeff=10.0, trial=7, epsilon=0.05 as entry already exists.
Skipping n=85000, coeff=10.0, trial=7, epsilon=0.075 as entry already exists.
Skipping n=85000, coeff=10.0, trial=7, epsilon=0.1 as entry already exists.
Skipping n=85000, coeff=10.0, trial=7, epsilon=0.125 as entry already exists.
Skipping n=85000, coeff=10.0, trial=7, epsilon=0.15 as entry already exists.
Skipping n=85000, coeff=10.0, trial=7, epsilon=0.175 as entry already exists.
Skipping n=85000, coeff=10.0, trial=7, epsilon=0.2 as entry already exists.
Skipping n=85000, coeff=10.0, trial=7, epsilon=0.225 as entry already exists.
Skipping n=85000, coeff=10.0, trial=7, epsilon=0.25 as entry already exists.
Skipping n=85000, coeff=10.0, trial=8, epsilon=0.025 as entry already exists.
Skipping n=85000, coeff=10.0, trial=8, epsilon=0.05 as entry already exists.
n=85000, coeff=10.0, trial=8, GT MIS=42500, Greedy MIS=41654, |S|=85000, Oracle MIS=41654, Improvement=0
n=85000, coeff=10.0, trial=8, GT MIS=42500, Greedy MIS=41654, |S|=84956, Oracle MIS=41654, Improvement=0
n=85000, coeff=10.0, trial=8, GT MIS=42500, Greedy MIS=41654, |S|=84057, Oracle MIS=42164, Improvement=510
n=85000, coeff=10.0, trial=8, GT MIS=42500, Greedy MIS=41654, |S|=77842, Oracle MIS=42500, Improvement=846
n=85000, coeff=10.0, trial=8, GT MIS=42500, Greedy MIS=41654, |S|=62950, Oracle MIS=42500, Improvement=846
n=85000, coeff=10.0, trial=8, GT MIS=42500, Greedy MIS=41654, |S|=49212, Oracle MIS=42500, Improvement=846
n=85000, coeff=10.0, trial=8, GT MIS=42500, Greedy MIS=41654, |S|=43620, Oracle MIS=42499, Improvement=845
n=85000, coeff=10.0, trial=8, GT MIS=42500, Greedy MIS=41654, |S|=42574, Oracle MIS=42499, Improvement=845
n=85000, coeff=10.0, trial=9, GT MIS=42500, Greedy MIS=40742, |S|=85000, Oracle MIS=40742, Improvement=0
n=85000, coeff=10.0, trial=9, GT MIS=42500, Greedy MIS=40742, |S|=85000, Oracle MIS=40742, Improvement=0
n=85000, coeff=10.0, trial=9, GT MIS=42500, Greedy MIS=40742, |S|=85000, Oracle MIS=40742, Improvement=0
n=85000, coeff=10.0, trial=9, GT MIS=42500, Greedy MIS=40742, |S|=84943, Oracle MIS=40742, Improvement=0
n=85000, coeff=10.0, trial=9, GT MIS=42500, Greedy MIS=40742, |S|=83904, Oracle MIS=42178, Improvement=1436
n=85000, coeff=10.0, trial=9, GT MIS=42500, Greedy MIS=40742, |S|=77499, Oracle MIS=42500, Improvement=1758
n=85000, coeff=10.0, trial=9, GT MIS=42500, Greedy MIS=40742, |S|=62536, Oracle MIS=42500, Improvement=1758
n=85000, coeff=10.0, trial=9, GT MIS=42500, Greedy MIS=40742, |S|=48942, Oracle MIS=42500, Improvement=1758
n=85000, coeff=10.0, trial=9, GT MIS=42500, Greedy MIS=40742, |S|=43606, Oracle MIS=42499, Improvement=1757
n=85000, coeff=10.0, trial=9, GT MIS=42500, Greedy MIS=40742, |S|=42585, Oracle MIS=42498, Improvement=1756
Results saved to bipartite_experiment_results_epislons_85000.csv
