Running job on compute-3-06
Requested resources:
  - CPUs: 18
  - GPUs: 
  - Memory: 18000
n=25000, coeff=1, trial=5, GT MIS=12592, Greedy MIS=12580, |S|=25000, Oracle MIS=12580, Improvement=0
n=25000, coeff=1, trial=5, GT MIS=12592, Greedy MIS=12580, |S|=24999, Oracle MIS=12579, Improvement=-1
n=25000, coeff=1, trial=5, GT MIS=12592, Greedy MIS=12580, |S|=24992, Oracle MIS=12573, Improvement=-7
n=25000, coeff=1, trial=5, GT MIS=12592, Greedy MIS=12580, |S|=24957, Oracle MIS=12544, Improvement=-36
n=25000, coeff=1, trial=5, GT MIS=12592, Greedy MIS=12580, |S|=24850, Oracle MIS=12442, Improvement=-138
n=25000, coeff=1, trial=5, GT MIS=12592, Greedy MIS=12580, |S|=24606, Oracle MIS=12207, Improvement=-373
n=25000, coeff=1, trial=5, GT MIS=12592, Greedy MIS=12580, |S|=24164, Oracle MIS=11826, Improvement=-754
n=25000, coeff=1, trial=5, GT MIS=12592, Greedy MIS=12580, |S|=23012, Oracle MIS=10885, Improvement=-1695
n=25000, coeff=1, trial=5, GT MIS=12592, Greedy MIS=12580, |S|=21910, Oracle MIS=12550, Improvement=-30
n=25000, coeff=1, trial=5, GT MIS=12592, Greedy MIS=12580, |S|=20187, Oracle MIS=12523, Improvement=-57
n=25000, coeff=1, trial=6, GT MIS=12588, Greedy MIS=12588, |S|=25000, Oracle MIS=12588, Improvement=0
n=25000, coeff=1, trial=6, GT MIS=12588, Greedy MIS=12588, |S|=24999, Oracle MIS=12588, Improvement=0
n=25000, coeff=1, trial=6, GT MIS=12588, Greedy MIS=12588, |S|=24991, Oracle MIS=12587, Improvement=-1
n=25000, coeff=1, trial=6, GT MIS=12588, Greedy MIS=12588, |S|=24946, Oracle MIS=12586, Improvement=-2
n=25000, coeff=1, trial=6, GT MIS=12588, Greedy MIS=12588, |S|=24833, Oracle MIS=12581, Improvement=-7
n=25000, coeff=1, trial=6, GT MIS=12588, Greedy MIS=12588, |S|=24590, Oracle MIS=12584, Improvement=-4
n=25000, coeff=1, trial=6, GT MIS=12588, Greedy MIS=12588, |S|=23867, Oracle MIS=12565, Improvement=-23
n=25000, coeff=1, trial=6, GT MIS=12588, Greedy MIS=12588, |S|=23074, Oracle MIS=12562, Improvement=-26
n=25000, coeff=1, trial=6, GT MIS=12588, Greedy MIS=12588, |S|=22051, Oracle MIS=12548, Improvement=-40
n=25000, coeff=1, trial=6, GT MIS=12588, Greedy MIS=12588, |S|=20479, Oracle MIS=12516, Improvement=-72
n=25000, coeff=1, trial=7, GT MIS=12589, Greedy MIS=12576, |S|=25000, Oracle MIS=12576, Improvement=0
n=25000, coeff=1, trial=7, GT MIS=12589, Greedy MIS=12576, |S|=25000, Oracle MIS=12576, Improvement=0
n=25000, coeff=1, trial=7, GT MIS=12589, Greedy MIS=12576, |S|=24992, Oracle MIS=12568, Improvement=-8
n=25000, coeff=1, trial=7, GT MIS=12589, Greedy MIS=12576, |S|=24945, Oracle MIS=12525, Improvement=-51
n=25000, coeff=1, trial=7, GT MIS=12589, Greedy MIS=12576, |S|=24800, Oracle MIS=12387, Improvement=-189
n=25000, coeff=1, trial=7, GT MIS=12589, Greedy MIS=12576, |S|=24565, Oracle MIS=12175, Improvement=-401
n=25000, coeff=1, trial=7, GT MIS=12589, Greedy MIS=12576, |S|=23800, Oracle MIS=11506, Improvement=-1070
n=25000, coeff=1, trial=7, GT MIS=12589, Greedy MIS=12576, |S|=22972, Oracle MIS=10851, Improvement=-1725
n=25000, coeff=1, trial=7, GT MIS=12589, Greedy MIS=12576, |S|=21824, Oracle MIS=12554, Improvement=-22
n=25000, coeff=1, trial=7, GT MIS=12589, Greedy MIS=12576, |S|=20105, Oracle MIS=12528, Improvement=-48
n=25000, coeff=1, trial=8, GT MIS=12587, Greedy MIS=12587, |S|=24999, Oracle MIS=12587, Improvement=0
n=25000, coeff=1, trial=8, GT MIS=12587, Greedy MIS=12587, |S|=24999, Oracle MIS=12587, Improvement=0
n=25000, coeff=1, trial=8, GT MIS=12587, Greedy MIS=12587, |S|=24989, Oracle MIS=12587, Improvement=0
n=25000, coeff=1, trial=8, GT MIS=12587, Greedy MIS=12587, |S|=24950, Oracle MIS=12586, Improvement=-1
n=25000, coeff=1, trial=8, GT MIS=12587, Greedy MIS=12587, |S|=24825, Oracle MIS=12583, Improvement=-4
n=25000, coeff=1, trial=8, GT MIS=12587, Greedy MIS=12587, |S|=24583, Oracle MIS=12583, Improvement=-4
n=25000, coeff=1, trial=8, GT MIS=12587, Greedy MIS=12587, |S|=24152, Oracle MIS=12575, Improvement=-12
n=25000, coeff=1, trial=8, GT MIS=12587, Greedy MIS=12587, |S|=23033, Oracle MIS=12550, Improvement=-37
n=25000, coeff=1, trial=8, GT MIS=12587, Greedy MIS=12587, |S|=22059, Oracle MIS=12542, Improvement=-45
n=25000, coeff=1, trial=8, GT MIS=12587, Greedy MIS=12587, |S|=20372, Oracle MIS=12526, Improvement=-61
n=25000, coeff=1, trial=9, GT MIS=12583, Greedy MIS=12583, |S|=25000, Oracle MIS=12583, Improvement=0
n=25000, coeff=1, trial=9, GT MIS=12583, Greedy MIS=12583, |S|=25000, Oracle MIS=12583, Improvement=0
n=25000, coeff=1, trial=9, GT MIS=12583, Greedy MIS=12583, |S|=24994, Oracle MIS=12583, Improvement=0
n=25000, coeff=1, trial=9, GT MIS=12583, Greedy MIS=12583, |S|=24962, Oracle MIS=12581, Improvement=-2
n=25000, coeff=1, trial=9, GT MIS=12583, Greedy MIS=12583, |S|=24856, Oracle MIS=12579, Improvement=-4
n=25000, coeff=1, trial=9, GT MIS=12583, Greedy MIS=12583, |S|=24649, Oracle MIS=12578, Improvement=-5
n=25000, coeff=1, trial=9, GT MIS=12583, Greedy MIS=12583, |S|=24246, Oracle MIS=12571, Improvement=-12
n=25000, coeff=1, trial=9, GT MIS=12583, Greedy MIS=12583, |S|=23155, Oracle MIS=12559, Improvement=-24
n=25000, coeff=1, trial=9, GT MIS=12583, Greedy MIS=12583, |S|=22094, Oracle MIS=12552, Improvement=-31
n=25000, coeff=1, trial=9, GT MIS=12583, Greedy MIS=12583, |S|=20408, Oracle MIS=12505, Improvement=-78
n=25000, coeff=2, trial=5, GT MIS=12501, Greedy MIS=12275, |S|=25000, Oracle MIS=12275, Improvement=0
n=25000, coeff=2, trial=5, GT MIS=12501, Greedy MIS=12275, |S|=24999, Oracle MIS=12275, Improvement=0
n=25000, coeff=2, trial=5, GT MIS=12501, Greedy MIS=12275, |S|=24999, Oracle MIS=12275, Improvement=0
n=25000, coeff=2, trial=5, GT MIS=12501, Greedy MIS=12275, |S|=24986, Oracle MIS=12257, Improvement=-18
n=25000, coeff=2, trial=5, GT MIS=12501, Greedy MIS=12275, |S|=24950, Oracle MIS=12212, Improvement=-63
n=25000, coeff=2, trial=5, GT MIS=12501, Greedy MIS=12275, |S|=24722, Oracle MIS=11917, Improvement=-358
n=25000, coeff=2, trial=5, GT MIS=12501, Greedy MIS=12275, |S|=24123, Oracle MIS=10336, Improvement=-1939
n=25000, coeff=2, trial=5, GT MIS=12501, Greedy MIS=12275, |S|=22940, Oracle MIS=12239, Improvement=-36
n=25000, coeff=2, trial=5, GT MIS=12501, Greedy MIS=12275, |S|=20980, Oracle MIS=12466, Improvement=191
n=25000, coeff=2, trial=5, GT MIS=12501, Greedy MIS=12275, |S|=18684, Oracle MIS=12486, Improvement=211
n=25000, coeff=2, trial=6, GT MIS=12501, Greedy MIS=12289, |S|=25000, Oracle MIS=12289, Improvement=0
n=25000, coeff=2, trial=6, GT MIS=12501, Greedy MIS=12289, |S|=25000, Oracle MIS=12289, Improvement=0
n=25000, coeff=2, trial=6, GT MIS=12501, Greedy MIS=12289, |S|=24999, Oracle MIS=12288, Improvement=-1
n=25000, coeff=2, trial=6, GT MIS=12501, Greedy MIS=12289, |S|=24991, Oracle MIS=12281, Improvement=-8
n=25000, coeff=2, trial=6, GT MIS=12501, Greedy MIS=12289, |S|=24915, Oracle MIS=12170, Improvement=-119
n=25000, coeff=2, trial=6, GT MIS=12501, Greedy MIS=12289, |S|=24725, Oracle MIS=11902, Improvement=-387
n=25000, coeff=2, trial=6, GT MIS=12501, Greedy MIS=12289, |S|=24078, Oracle MIS=10708, Improvement=-1581
n=25000, coeff=2, trial=6, GT MIS=12501, Greedy MIS=12289, |S|=22772, Oracle MIS=12208, Improvement=-81
n=25000, coeff=2, trial=6, GT MIS=12501, Greedy MIS=12289, |S|=20965, Oracle MIS=12450, Improvement=161
n=25000, coeff=2, trial=6, GT MIS=12501, Greedy MIS=12289, |S|=18617, Oracle MIS=12485, Improvement=196
n=25000, coeff=2, trial=7, GT MIS=12501, Greedy MIS=12230, |S|=25000, Oracle MIS=12230, Improvement=0
n=25000, coeff=2, trial=7, GT MIS=12501, Greedy MIS=12230, |S|=25000, Oracle MIS=12230, Improvement=0
n=25000, coeff=2, trial=7, GT MIS=12501, Greedy MIS=12230, |S|=24999, Oracle MIS=12229, Improvement=-1
n=25000, coeff=2, trial=7, GT MIS=12501, Greedy MIS=12230, |S|=24982, Oracle MIS=12206, Improvement=-24
n=25000, coeff=2, trial=7, GT MIS=12501, Greedy MIS=12230, |S|=24905, Oracle MIS=12119, Improvement=-111
n=25000, coeff=2, trial=7, GT MIS=12501, Greedy MIS=12230, |S|=24638, Oracle MIS=11770, Improvement=-460
n=25000, coeff=2, trial=7, GT MIS=12501, Greedy MIS=12230, |S|=23980, Oracle MIS=12239, Improvement=9
n=25000, coeff=2, trial=7, GT MIS=12501, Greedy MIS=12230, |S|=22872, Oracle MIS=12239, Improvement=9
n=25000, coeff=2, trial=7, GT MIS=12501, Greedy MIS=12230, |S|=20757, Oracle MIS=12476, Improvement=246
n=25000, coeff=2, trial=7, GT MIS=12501, Greedy MIS=12230, |S|=18433, Oracle MIS=12485, Improvement=255
n=25000, coeff=2, trial=8, GT MIS=12502, Greedy MIS=12293, |S|=25000, Oracle MIS=12293, Improvement=0
n=25000, coeff=2, trial=8, GT MIS=12502, Greedy MIS=12293, |S|=25000, Oracle MIS=12293, Improvement=0
n=25000, coeff=2, trial=8, GT MIS=12502, Greedy MIS=12293, |S|=24999, Oracle MIS=12292, Improvement=-1
n=25000, coeff=2, trial=8, GT MIS=12502, Greedy MIS=12293, |S|=24987, Oracle MIS=12279, Improvement=-14
n=25000, coeff=2, trial=8, GT MIS=12502, Greedy MIS=12293, |S|=24931, Oracle MIS=12216, Improvement=-77
n=25000, coeff=2, trial=8, GT MIS=12502, Greedy MIS=12293, |S|=24702, Oracle MIS=11896, Improvement=-397
n=25000, coeff=2, trial=8, GT MIS=12502, Greedy MIS=12293, |S|=24014, Oracle MIS=12293, Improvement=0
n=25000, coeff=2, trial=8, GT MIS=12502, Greedy MIS=12293, |S|=22845, Oracle MIS=12296, Improvement=3
n=25000, coeff=2, trial=8, GT MIS=12502, Greedy MIS=12293, |S|=20804, Oracle MIS=12468, Improvement=175
n=25000, coeff=2, trial=8, GT MIS=12502, Greedy MIS=12293, |S|=18400, Oracle MIS=12486, Improvement=193
n=25000, coeff=2, trial=9, GT MIS=12500, Greedy MIS=12266, |S|=25000, Oracle MIS=12266, Improvement=0
n=25000, coeff=2, trial=9, GT MIS=12500, Greedy MIS=12266, |S|=25000, Oracle MIS=12266, Improvement=0
n=25000, coeff=2, trial=9, GT MIS=12500, Greedy MIS=12266, |S|=24999, Oracle MIS=12265, Improvement=-1
n=25000, coeff=2, trial=9, GT MIS=12500, Greedy MIS=12266, |S|=24978, Oracle MIS=12235, Improvement=-31
n=25000, coeff=2, trial=9, GT MIS=12500, Greedy MIS=12266, |S|=24917, Oracle MIS=12172, Improvement=-94
n=25000, coeff=2, trial=9, GT MIS=12500, Greedy MIS=12266, |S|=24665, Oracle MIS=11846, Improvement=-420
n=25000, coeff=2, trial=9, GT MIS=12500, Greedy MIS=12266, |S|=24016, Oracle MIS=12201, Improvement=-65
n=25000, coeff=2, trial=9, GT MIS=12500, Greedy MIS=12266, |S|=22871, Oracle MIS=12197, Improvement=-69
n=25000, coeff=2, trial=9, GT MIS=12500, Greedy MIS=12266, |S|=20780, Oracle MIS=12470, Improvement=204
n=25000, coeff=2, trial=9, GT MIS=12500, Greedy MIS=12266, |S|=18594, Oracle MIS=12482, Improvement=216
n=25000, coeff=3, trial=5, GT MIS=12500, Greedy MIS=11758, |S|=25000, Oracle MIS=11758, Improvement=0
n=25000, coeff=3, trial=5, GT MIS=12500, Greedy MIS=11758, |S|=25000, Oracle MIS=11758, Improvement=0
n=25000, coeff=3, trial=5, GT MIS=12500, Greedy MIS=11758, |S|=24999, Oracle MIS=11732, Improvement=-26
n=25000, coeff=3, trial=5, GT MIS=12500, Greedy MIS=11758, |S|=24993, Oracle MIS=11672, Improvement=-86
n=25000, coeff=3, trial=5, GT MIS=12500, Greedy MIS=11758, |S|=24953, Oracle MIS=11327, Improvement=-431
n=25000, coeff=3, trial=5, GT MIS=12500, Greedy MIS=11758, |S|=24684, Oracle MIS=11674, Improvement=-84
n=25000, coeff=3, trial=5, GT MIS=12500, Greedy MIS=11758, |S|=23883, Oracle MIS=12370, Improvement=612
n=25000, coeff=3, trial=5, GT MIS=12500, Greedy MIS=11758, |S|=22200, Oracle MIS=12470, Improvement=712
n=25000, coeff=3, trial=5, GT MIS=12500, Greedy MIS=11758, |S|=19611, Oracle MIS=12497, Improvement=739
n=25000, coeff=3, trial=5, GT MIS=12500, Greedy MIS=11758, |S|=16719, Oracle MIS=12491, Improvement=733
n=25000, coeff=3, trial=6, GT MIS=12500, Greedy MIS=12357, |S|=25000, Oracle MIS=12357, Improvement=0
n=25000, coeff=3, trial=6, GT MIS=12500, Greedy MIS=12357, |S|=25000, Oracle MIS=12357, Improvement=0
n=25000, coeff=3, trial=6, GT MIS=12500, Greedy MIS=12357, |S|=25000, Oracle MIS=12357, Improvement=0
n=25000, coeff=3, trial=6, GT MIS=12500, Greedy MIS=12357, |S|=24995, Oracle MIS=12352, Improvement=-5
n=25000, coeff=3, trial=6, GT MIS=12500, Greedy MIS=12357, |S|=24929, Oracle MIS=12283, Improvement=-74
n=25000, coeff=3, trial=6, GT MIS=12500, Greedy MIS=12357, |S|=24639, Oracle MIS=11922, Improvement=-435
n=25000, coeff=3, trial=6, GT MIS=12500, Greedy MIS=12357, |S|=23842, Oracle MIS=12347, Improvement=-10
n=25000, coeff=3, trial=6, GT MIS=12500, Greedy MIS=12357, |S|=22039, Oracle MIS=12473, Improvement=116
n=25000, coeff=3, trial=6, GT MIS=12500, Greedy MIS=12357, |S|=19611, Oracle MIS=12498, Improvement=141
n=25000, coeff=3, trial=6, GT MIS=12500, Greedy MIS=12357, |S|=16675, Oracle MIS=12491, Improvement=134
n=25000, coeff=3, trial=7, GT MIS=12500, Greedy MIS=11394, |S|=25000, Oracle MIS=11394, Improvement=0
n=25000, coeff=3, trial=7, GT MIS=12500, Greedy MIS=11394, |S|=25000, Oracle MIS=11394, Improvement=0
n=25000, coeff=3, trial=7, GT MIS=12500, Greedy MIS=11394, |S|=24999, Oracle MIS=11394, Improvement=0
n=25000, coeff=3, trial=7, GT MIS=12500, Greedy MIS=11394, |S|=24992, Oracle MIS=11388, Improvement=-6
n=25000, coeff=3, trial=7, GT MIS=12500, Greedy MIS=11394, |S|=24925, Oracle MIS=11840, Improvement=446
n=25000, coeff=3, trial=7, GT MIS=12500, Greedy MIS=11394, |S|=24647, Oracle MIS=11840, Improvement=446
n=25000, coeff=3, trial=7, GT MIS=12500, Greedy MIS=11394, |S|=23715, Oracle MIS=12315, Improvement=921
n=25000, coeff=3, trial=7, GT MIS=12500, Greedy MIS=11394, |S|=22025, Oracle MIS=12456, Improvement=1062
n=25000, coeff=3, trial=7, GT MIS=12500, Greedy MIS=11394, |S|=19257, Oracle MIS=12497, Improvement=1103
n=25000, coeff=3, trial=7, GT MIS=12500, Greedy MIS=11394, |S|=16467, Oracle MIS=12496, Improvement=1102
n=25000, coeff=3, trial=8, GT MIS=12500, Greedy MIS=11881, |S|=25000, Oracle MIS=11881, Improvement=0
n=25000, coeff=3, trial=8, GT MIS=12500, Greedy MIS=11881, |S|=25000, Oracle MIS=11881, Improvement=0
n=25000, coeff=3, trial=8, GT MIS=12500, Greedy MIS=11881, |S|=25000, Oracle MIS=11881, Improvement=0
n=25000, coeff=3, trial=8, GT MIS=12500, Greedy MIS=11881, |S|=24996, Oracle MIS=11807, Improvement=-74
n=25000, coeff=3, trial=8, GT MIS=12500, Greedy MIS=11881, |S|=24947, Oracle MIS=11729, Improvement=-152
n=25000, coeff=3, trial=8, GT MIS=12500, Greedy MIS=11881, |S|=24689, Oracle MIS=11618, Improvement=-263
n=25000, coeff=3, trial=8, GT MIS=12500, Greedy MIS=11881, |S|=23790, Oracle MIS=12362, Improvement=481
n=25000, coeff=3, trial=8, GT MIS=12500, Greedy MIS=11881, |S|=22096, Oracle MIS=12454, Improvement=573
n=25000, coeff=3, trial=8, GT MIS=12500, Greedy MIS=11881, |S|=19364, Oracle MIS=12498, Improvement=617
n=25000, coeff=3, trial=8, GT MIS=12500, Greedy MIS=11881, |S|=16519, Oracle MIS=12494, Improvement=613
n=25000, coeff=3, trial=9, GT MIS=12500, Greedy MIS=12061, |S|=25000, Oracle MIS=12061, Improvement=0
n=25000, coeff=3, trial=9, GT MIS=12500, Greedy MIS=12061, |S|=25000, Oracle MIS=12061, Improvement=0
n=25000, coeff=3, trial=9, GT MIS=12500, Greedy MIS=12061, |S|=25000, Oracle MIS=12061, Improvement=0
n=25000, coeff=3, trial=9, GT MIS=12500, Greedy MIS=12061, |S|=24996, Oracle MIS=11997, Improvement=-64
n=25000, coeff=3, trial=9, GT MIS=12500, Greedy MIS=12061, |S|=24940, Oracle MIS=11831, Improvement=-230
n=25000, coeff=3, trial=9, GT MIS=12500, Greedy MIS=12061, |S|=24671, Oracle MIS=11607, Improvement=-454
n=25000, coeff=3, trial=9, GT MIS=12500, Greedy MIS=12061, |S|=23799, Oracle MIS=11716, Improvement=-345
n=25000, coeff=3, trial=9, GT MIS=12500, Greedy MIS=12061, |S|=22024, Oracle MIS=12470, Improvement=409
n=25000, coeff=3, trial=9, GT MIS=12500, Greedy MIS=12061, |S|=19410, Oracle MIS=12493, Improvement=432
n=25000, coeff=3, trial=9, GT MIS=12500, Greedy MIS=12061, |S|=16606, Oracle MIS=12495, Improvement=434
n=25000, coeff=4, trial=5, GT MIS=12500, Greedy MIS=12323, |S|=25000, Oracle MIS=12323, Improvement=0
n=25000, coeff=4, trial=5, GT MIS=12500, Greedy MIS=12323, |S|=25000, Oracle MIS=12323, Improvement=0
n=25000, coeff=4, trial=5, GT MIS=12500, Greedy MIS=12323, |S|=24999, Oracle MIS=12322, Improvement=-1
n=25000, coeff=4, trial=5, GT MIS=12500, Greedy MIS=12323, |S|=24992, Oracle MIS=12315, Improvement=-8
n=25000, coeff=4, trial=5, GT MIS=12500, Greedy MIS=12323, |S|=24938, Oracle MIS=12235, Improvement=-88
n=25000, coeff=4, trial=5, GT MIS=12500, Greedy MIS=12323, |S|=24631, Oracle MIS=11639, Improvement=-684
n=25000, coeff=4, trial=5, GT MIS=12500, Greedy MIS=12323, |S|=23552, Oracle MIS=12448, Improvement=125
n=25000, coeff=4, trial=5, GT MIS=12500, Greedy MIS=12323, |S|=21271, Oracle MIS=12500, Improvement=177
n=25000, coeff=4, trial=5, GT MIS=12500, Greedy MIS=12323, |S|=18210, Oracle MIS=12499, Improvement=176
n=25000, coeff=4, trial=5, GT MIS=12500, Greedy MIS=12323, |S|=15495, Oracle MIS=12500, Improvement=177
n=25000, coeff=4, trial=6, GT MIS=12500, Greedy MIS=12283, |S|=25000, Oracle MIS=12283, Improvement=0
n=25000, coeff=4, trial=6, GT MIS=12500, Greedy MIS=12283, |S|=25000, Oracle MIS=12283, Improvement=0
n=25000, coeff=4, trial=6, GT MIS=12500, Greedy MIS=12283, |S|=24999, Oracle MIS=12282, Improvement=-1
n=25000, coeff=4, trial=6, GT MIS=12500, Greedy MIS=12283, |S|=24994, Oracle MIS=12277, Improvement=-6
n=25000, coeff=4, trial=6, GT MIS=12500, Greedy MIS=12283, |S|=24932, Oracle MIS=12216, Improvement=-67
n=25000, coeff=4, trial=6, GT MIS=12500, Greedy MIS=12283, |S|=24620, Oracle MIS=11620, Improvement=-663
n=25000, coeff=4, trial=6, GT MIS=12500, Greedy MIS=12283, |S|=23445, Oracle MIS=12427, Improvement=144
n=25000, coeff=4, trial=6, GT MIS=12500, Greedy MIS=12283, |S|=21179, Oracle MIS=12500, Improvement=217
n=25000, coeff=4, trial=6, GT MIS=12500, Greedy MIS=12283, |S|=18139, Oracle MIS=12500, Improvement=217
n=25000, coeff=4, trial=6, GT MIS=12500, Greedy MIS=12283, |S|=15476, Oracle MIS=12500, Improvement=217
n=25000, coeff=4, trial=7, GT MIS=12500, Greedy MIS=12291, |S|=25000, Oracle MIS=12291, Improvement=0
n=25000, coeff=4, trial=7, GT MIS=12500, Greedy MIS=12291, |S|=25000, Oracle MIS=12291, Improvement=0
n=25000, coeff=4, trial=7, GT MIS=12500, Greedy MIS=12291, |S|=25000, Oracle MIS=12291, Improvement=0
n=25000, coeff=4, trial=7, GT MIS=12500, Greedy MIS=12291, |S|=24990, Oracle MIS=12281, Improvement=-10
n=25000, coeff=4, trial=7, GT MIS=12500, Greedy MIS=12291, |S|=24923, Oracle MIS=12201, Improvement=-90
n=25000, coeff=4, trial=7, GT MIS=12500, Greedy MIS=12291, |S|=24550, Oracle MIS=11667, Improvement=-624
n=25000, coeff=4, trial=7, GT MIS=12500, Greedy MIS=12291, |S|=23289, Oracle MIS=12445, Improvement=154
n=25000, coeff=4, trial=7, GT MIS=12500, Greedy MIS=12291, |S|=21019, Oracle MIS=12496, Improvement=205
n=25000, coeff=4, trial=7, GT MIS=12500, Greedy MIS=12291, |S|=17973, Oracle MIS=12499, Improvement=208
n=25000, coeff=4, trial=7, GT MIS=12500, Greedy MIS=12291, |S|=15222, Oracle MIS=12498, Improvement=207
n=25000, coeff=4, trial=8, GT MIS=12500, Greedy MIS=12358, |S|=25000, Oracle MIS=12358, Improvement=0
n=25000, coeff=4, trial=8, GT MIS=12500, Greedy MIS=12358, |S|=25000, Oracle MIS=12358, Improvement=0
n=25000, coeff=4, trial=8, GT MIS=12500, Greedy MIS=12358, |S|=25000, Oracle MIS=12358, Improvement=0
n=25000, coeff=4, trial=8, GT MIS=12500, Greedy MIS=12358, |S|=24996, Oracle MIS=12354, Improvement=-4
n=25000, coeff=4, trial=8, GT MIS=12500, Greedy MIS=12358, |S|=24947, Oracle MIS=12300, Improvement=-58
n=25000, coeff=4, trial=8, GT MIS=12500, Greedy MIS=12358, |S|=24636, Oracle MIS=11901, Improvement=-457
n=25000, coeff=4, trial=8, GT MIS=12500, Greedy MIS=12358, |S|=23403, Oracle MIS=12397, Improvement=39
n=25000, coeff=4, trial=8, GT MIS=12500, Greedy MIS=12358, |S|=21106, Oracle MIS=12496, Improvement=138
n=25000, coeff=4, trial=8, GT MIS=12500, Greedy MIS=12358, |S|=17919, Oracle MIS=12500, Improvement=142
n=25000, coeff=4, trial=8, GT MIS=12500, Greedy MIS=12358, |S|=15311, Oracle MIS=12499, Improvement=141
n=25000, coeff=4, trial=9, GT MIS=12500, Greedy MIS=12354, |S|=25000, Oracle MIS=12354, Improvement=0
n=25000, coeff=4, trial=9, GT MIS=12500, Greedy MIS=12354, |S|=25000, Oracle MIS=12354, Improvement=0
n=25000, coeff=4, trial=9, GT MIS=12500, Greedy MIS=12354, |S|=25000, Oracle MIS=12354, Improvement=0
n=25000, coeff=4, trial=9, GT MIS=12500, Greedy MIS=12354, |S|=24997, Oracle MIS=12352, Improvement=-2
n=25000, coeff=4, trial=9, GT MIS=12500, Greedy MIS=12354, |S|=24933, Oracle MIS=12274, Improvement=-80
n=25000, coeff=4, trial=9, GT MIS=12500, Greedy MIS=12354, |S|=24578, Oracle MIS=11820, Improvement=-534
n=25000, coeff=4, trial=9, GT MIS=12500, Greedy MIS=12354, |S|=23373, Oracle MIS=12423, Improvement=69
n=25000, coeff=4, trial=9, GT MIS=12500, Greedy MIS=12354, |S|=21064, Oracle MIS=12500, Improvement=146
n=25000, coeff=4, trial=9, GT MIS=12500, Greedy MIS=12354, |S|=18019, Oracle MIS=12500, Improvement=146
n=25000, coeff=4, trial=9, GT MIS=12500, Greedy MIS=12354, |S|=15374, Oracle MIS=12499, Improvement=145
n=25000, coeff=5, trial=5, GT MIS=12500, Greedy MIS=12299, |S|=25000, Oracle MIS=12299, Improvement=0
n=25000, coeff=5, trial=5, GT MIS=12500, Greedy MIS=12299, |S|=25000, Oracle MIS=12299, Improvement=0
n=25000, coeff=5, trial=5, GT MIS=12500, Greedy MIS=12299, |S|=24999, Oracle MIS=12298, Improvement=-1
n=25000, coeff=5, trial=5, GT MIS=12500, Greedy MIS=12299, |S|=24992, Oracle MIS=12291, Improvement=-8
n=25000, coeff=5, trial=5, GT MIS=12500, Greedy MIS=12299, |S|=24929, Oracle MIS=12199, Improvement=-100
n=25000, coeff=5, trial=5, GT MIS=12500, Greedy MIS=12299, |S|=24507, Oracle MIS=11411, Improvement=-888
n=25000, coeff=5, trial=5, GT MIS=12500, Greedy MIS=12299, |S|=23167, Oracle MIS=12484, Improvement=185
n=25000, coeff=5, trial=5, GT MIS=12500, Greedy MIS=12299, |S|=20385, Oracle MIS=12500, Improvement=201
n=25000, coeff=5, trial=5, GT MIS=12500, Greedy MIS=12299, |S|=16956, Oracle MIS=12500, Improvement=201
n=25000, coeff=5, trial=5, GT MIS=12500, Greedy MIS=12299, |S|=14351, Oracle MIS=12500, Improvement=201
n=25000, coeff=5, trial=6, GT MIS=12500, Greedy MIS=12315, |S|=25000, Oracle MIS=12315, Improvement=0
n=25000, coeff=5, trial=6, GT MIS=12500, Greedy MIS=12315, |S|=25000, Oracle MIS=12315, Improvement=0
n=25000, coeff=5, trial=6, GT MIS=12500, Greedy MIS=12315, |S|=25000, Oracle MIS=12315, Improvement=0
n=25000, coeff=5, trial=6, GT MIS=12500, Greedy MIS=12315, |S|=24996, Oracle MIS=12301, Improvement=-14
n=25000, coeff=5, trial=6, GT MIS=12500, Greedy MIS=12315, |S|=24912, Oracle MIS=12207, Improvement=-108
n=25000, coeff=5, trial=6, GT MIS=12500, Greedy MIS=12315, |S|=24528, Oracle MIS=11601, Improvement=-714
n=25000, coeff=5, trial=6, GT MIS=12500, Greedy MIS=12315, |S|=23127, Oracle MIS=12484, Improvement=169
n=25000, coeff=5, trial=6, GT MIS=12500, Greedy MIS=12315, |S|=20235, Oracle MIS=12500, Improvement=185
n=25000, coeff=5, trial=6, GT MIS=12500, Greedy MIS=12315, |S|=16830, Oracle MIS=12499, Improvement=184
n=25000, coeff=5, trial=6, GT MIS=12500, Greedy MIS=12315, |S|=14400, Oracle MIS=12499, Improvement=184
n=25000, coeff=5, trial=7, GT MIS=12500, Greedy MIS=12326, |S|=25000, Oracle MIS=12326, Improvement=0
n=25000, coeff=5, trial=7, GT MIS=12500, Greedy MIS=12326, |S|=25000, Oracle MIS=12326, Improvement=0
n=25000, coeff=5, trial=7, GT MIS=12500, Greedy MIS=12326, |S|=24999, Oracle MIS=12325, Improvement=-1
n=25000, coeff=5, trial=7, GT MIS=12500, Greedy MIS=12326, |S|=24993, Oracle MIS=12319, Improvement=-7
n=25000, coeff=5, trial=7, GT MIS=12500, Greedy MIS=12326, |S|=24925, Oracle MIS=12244, Improvement=-82
n=25000, coeff=5, trial=7, GT MIS=12500, Greedy MIS=12326, |S|=24454, Oracle MIS=11472, Improvement=-854
n=25000, coeff=5, trial=7, GT MIS=12500, Greedy MIS=12326, |S|=22881, Oracle MIS=12476, Improvement=150
n=25000, coeff=5, trial=7, GT MIS=12500, Greedy MIS=12326, |S|=20033, Oracle MIS=12500, Improvement=174
n=25000, coeff=5, trial=7, GT MIS=12500, Greedy MIS=12326, |S|=16612, Oracle MIS=12499, Improvement=173
n=25000, coeff=5, trial=7, GT MIS=12500, Greedy MIS=12326, |S|=14214, Oracle MIS=12499, Improvement=173
n=25000, coeff=5, trial=8, GT MIS=12500, Greedy MIS=11941, |S|=25000, Oracle MIS=11941, Improvement=0
n=25000, coeff=5, trial=8, GT MIS=12500, Greedy MIS=11941, |S|=25000, Oracle MIS=11941, Improvement=0
n=25000, coeff=5, trial=8, GT MIS=12500, Greedy MIS=11941, |S|=25000, Oracle MIS=11941, Improvement=0
n=25000, coeff=5, trial=8, GT MIS=12500, Greedy MIS=11941, |S|=24998, Oracle MIS=11928, Improvement=-13
n=25000, coeff=5, trial=8, GT MIS=12500, Greedy MIS=11941, |S|=24945, Oracle MIS=11683, Improvement=-258
n=25000, coeff=5, trial=8, GT MIS=12500, Greedy MIS=11941, |S|=24506, Oracle MIS=11713, Improvement=-228
n=25000, coeff=5, trial=8, GT MIS=12500, Greedy MIS=11941, |S|=23017, Oracle MIS=12460, Improvement=519
n=25000, coeff=5, trial=8, GT MIS=12500, Greedy MIS=11941, |S|=20101, Oracle MIS=12500, Improvement=559
n=25000, coeff=5, trial=8, GT MIS=12500, Greedy MIS=11941, |S|=16731, Oracle MIS=12500, Improvement=559
n=25000, coeff=5, trial=8, GT MIS=12500, Greedy MIS=11941, |S|=14243, Oracle MIS=12498, Improvement=557
n=25000, coeff=5, trial=9, GT MIS=12500, Greedy MIS=12405, |S|=25000, Oracle MIS=12405, Improvement=0
n=25000, coeff=5, trial=9, GT MIS=12500, Greedy MIS=12405, |S|=25000, Oracle MIS=12405, Improvement=0
n=25000, coeff=5, trial=9, GT MIS=12500, Greedy MIS=12405, |S|=25000, Oracle MIS=12405, Improvement=0
n=25000, coeff=5, trial=9, GT MIS=12500, Greedy MIS=12405, |S|=24994, Oracle MIS=12399, Improvement=-6
n=25000, coeff=5, trial=9, GT MIS=12500, Greedy MIS=12405, |S|=24917, Oracle MIS=12324, Improvement=-81
n=25000, coeff=5, trial=9, GT MIS=12500, Greedy MIS=12405, |S|=24506, Oracle MIS=11781, Improvement=-624
n=25000, coeff=5, trial=9, GT MIS=12500, Greedy MIS=12405, |S|=23026, Oracle MIS=12468, Improvement=63
n=25000, coeff=5, trial=9, GT MIS=12500, Greedy MIS=12405, |S|=20197, Oracle MIS=12500, Improvement=95
n=25000, coeff=5, trial=9, GT MIS=12500, Greedy MIS=12405, |S|=16563, Oracle MIS=12500, Improvement=95
n=25000, coeff=5, trial=9, GT MIS=12500, Greedy MIS=12405, |S|=14279, Oracle MIS=12500, Improvement=95
n=25000, coeff=6, trial=5, GT MIS=12500, Greedy MIS=12171, |S|=25000, Oracle MIS=12171, Improvement=0
n=25000, coeff=6, trial=5, GT MIS=12500, Greedy MIS=12171, |S|=25000, Oracle MIS=12171, Improvement=0
n=25000, coeff=6, trial=5, GT MIS=12500, Greedy MIS=12171, |S|=25000, Oracle MIS=12171, Improvement=0
n=25000, coeff=6, trial=5, GT MIS=12500, Greedy MIS=12171, |S|=24993, Oracle MIS=12164, Improvement=-7
n=25000, coeff=6, trial=5, GT MIS=12500, Greedy MIS=12171, |S|=24922, Oracle MIS=11955, Improvement=-216
n=25000, coeff=6, trial=5, GT MIS=12500, Greedy MIS=12171, |S|=24420, Oracle MIS=12325, Improvement=154
n=25000, coeff=6, trial=5, GT MIS=12500, Greedy MIS=12171, |S|=22651, Oracle MIS=12500, Improvement=329
n=25000, coeff=6, trial=5, GT MIS=12500, Greedy MIS=12171, |S|=19329, Oracle MIS=12500, Improvement=329
n=25000, coeff=6, trial=5, GT MIS=12500, Greedy MIS=12171, |S|=15721, Oracle MIS=12500, Improvement=329
n=25000, coeff=6, trial=5, GT MIS=12500, Greedy MIS=12171, |S|=13516, Oracle MIS=12500, Improvement=329
n=25000, coeff=6, trial=6, GT MIS=12500, Greedy MIS=12159, |S|=25000, Oracle MIS=12159, Improvement=0
n=25000, coeff=6, trial=6, GT MIS=12500, Greedy MIS=12159, |S|=25000, Oracle MIS=12159, Improvement=0
n=25000, coeff=6, trial=6, GT MIS=12500, Greedy MIS=12159, |S|=25000, Oracle MIS=12159, Improvement=0
n=25000, coeff=6, trial=6, GT MIS=12500, Greedy MIS=12159, |S|=24995, Oracle MIS=12159, Improvement=0
n=25000, coeff=6, trial=6, GT MIS=12500, Greedy MIS=12159, |S|=24911, Oracle MIS=12159, Improvement=0
n=25000, coeff=6, trial=6, GT MIS=12500, Greedy MIS=12159, |S|=24378, Oracle MIS=12438, Improvement=279
n=25000, coeff=6, trial=6, GT MIS=12500, Greedy MIS=12159, |S|=22491, Oracle MIS=12500, Improvement=341
n=25000, coeff=6, trial=6, GT MIS=12500, Greedy MIS=12159, |S|=19138, Oracle MIS=12499, Improvement=340
n=25000, coeff=6, trial=6, GT MIS=12500, Greedy MIS=12159, |S|=15756, Oracle MIS=12499, Improvement=340
n=25000, coeff=6, trial=6, GT MIS=12500, Greedy MIS=12159, |S|=13546, Oracle MIS=12498, Improvement=339
n=25000, coeff=6, trial=7, GT MIS=12500, Greedy MIS=12218, |S|=25000, Oracle MIS=12218, Improvement=0
n=25000, coeff=6, trial=7, GT MIS=12500, Greedy MIS=12218, |S|=25000, Oracle MIS=12218, Improvement=0
n=25000, coeff=6, trial=7, GT MIS=12500, Greedy MIS=12218, |S|=24999, Oracle MIS=12218, Improvement=0
n=25000, coeff=6, trial=7, GT MIS=12500, Greedy MIS=12218, |S|=24995, Oracle MIS=12218, Improvement=0
n=25000, coeff=6, trial=7, GT MIS=12500, Greedy MIS=12218, |S|=24908, Oracle MIS=12218, Improvement=0
n=25000, coeff=6, trial=7, GT MIS=12500, Greedy MIS=12218, |S|=24297, Oracle MIS=12441, Improvement=223
n=25000, coeff=6, trial=7, GT MIS=12500, Greedy MIS=12218, |S|=22315, Oracle MIS=12491, Improvement=273
n=25000, coeff=6, trial=7, GT MIS=12500, Greedy MIS=12218, |S|=19044, Oracle MIS=12500, Improvement=282
n=25000, coeff=6, trial=7, GT MIS=12500, Greedy MIS=12218, |S|=15438, Oracle MIS=12500, Improvement=282
n=25000, coeff=6, trial=7, GT MIS=12500, Greedy MIS=12218, |S|=13393, Oracle MIS=12500, Improvement=282
n=25000, coeff=6, trial=8, GT MIS=12500, Greedy MIS=12186, |S|=25000, Oracle MIS=12186, Improvement=0
n=25000, coeff=6, trial=8, GT MIS=12500, Greedy MIS=12186, |S|=25000, Oracle MIS=12186, Improvement=0
n=25000, coeff=6, trial=8, GT MIS=12500, Greedy MIS=12186, |S|=25000, Oracle MIS=12186, Improvement=0
n=25000, coeff=6, trial=8, GT MIS=12500, Greedy MIS=12186, |S|=24999, Oracle MIS=12185, Improvement=-1
n=25000, coeff=6, trial=8, GT MIS=12500, Greedy MIS=12186, |S|=24926, Oracle MIS=12099, Improvement=-87
n=25000, coeff=6, trial=8, GT MIS=12500, Greedy MIS=12186, |S|=24310, Oracle MIS=12341, Improvement=155
n=25000, coeff=6, trial=8, GT MIS=12500, Greedy MIS=12186, |S|=22339, Oracle MIS=12500, Improvement=314
n=25000, coeff=6, trial=8, GT MIS=12500, Greedy MIS=12186, |S|=19092, Oracle MIS=12500, Improvement=314
n=25000, coeff=6, trial=8, GT MIS=12500, Greedy MIS=12186, |S|=15568, Oracle MIS=12500, Improvement=314
n=25000, coeff=6, trial=8, GT MIS=12500, Greedy MIS=12186, |S|=13418, Oracle MIS=12500, Improvement=314
n=25000, coeff=6, trial=9, GT MIS=12500, Greedy MIS=12461, |S|=25000, Oracle MIS=12461, Improvement=0
n=25000, coeff=6, trial=9, GT MIS=12500, Greedy MIS=12461, |S|=25000, Oracle MIS=12461, Improvement=0
n=25000, coeff=6, trial=9, GT MIS=12500, Greedy MIS=12461, |S|=24999, Oracle MIS=12460, Improvement=-1
n=25000, coeff=6, trial=9, GT MIS=12500, Greedy MIS=12461, |S|=24995, Oracle MIS=12456, Improvement=-5
n=25000, coeff=6, trial=9, GT MIS=12500, Greedy MIS=12461, |S|=24911, Oracle MIS=12321, Improvement=-140
n=25000, coeff=6, trial=9, GT MIS=12500, Greedy MIS=12461, |S|=24385, Oracle MIS=12275, Improvement=-186
n=25000, coeff=6, trial=9, GT MIS=12500, Greedy MIS=12461, |S|=22402, Oracle MIS=12500, Improvement=39
n=25000, coeff=6, trial=9, GT MIS=12500, Greedy MIS=12461, |S|=19109, Oracle MIS=12500, Improvement=39
n=25000, coeff=6, trial=9, GT MIS=12500, Greedy MIS=12461, |S|=15430, Oracle MIS=12500, Improvement=39
n=25000, coeff=6, trial=9, GT MIS=12500, Greedy MIS=12461, |S|=13451, Oracle MIS=12500, Improvement=39
n=25000, coeff=7, trial=5, GT MIS=12500, Greedy MIS=11946, |S|=25000, Oracle MIS=11946, Improvement=0
n=25000, coeff=7, trial=5, GT MIS=12500, Greedy MIS=11946, |S|=25000, Oracle MIS=11946, Improvement=0
n=25000, coeff=7, trial=5, GT MIS=12500, Greedy MIS=11946, |S|=25000, Oracle MIS=11946, Improvement=0
n=25000, coeff=7, trial=5, GT MIS=12500, Greedy MIS=11946, |S|=24993, Oracle MIS=11939, Improvement=-7
n=25000, coeff=7, trial=5, GT MIS=12500, Greedy MIS=11946, |S|=24912, Oracle MIS=11760, Improvement=-186
n=25000, coeff=7, trial=5, GT MIS=12500, Greedy MIS=11946, |S|=24339, Oracle MIS=12440, Improvement=494
n=25000, coeff=7, trial=5, GT MIS=12500, Greedy MIS=11946, |S|=22064, Oracle MIS=12500, Improvement=554
n=25000, coeff=7, trial=5, GT MIS=12500, Greedy MIS=11946, |S|=18198, Oracle MIS=12500, Improvement=554
n=25000, coeff=7, trial=5, GT MIS=12500, Greedy MIS=11946, |S|=14793, Oracle MIS=12500, Improvement=554
n=25000, coeff=7, trial=5, GT MIS=12500, Greedy MIS=11946, |S|=13077, Oracle MIS=12500, Improvement=554
n=25000, coeff=7, trial=6, GT MIS=12500, Greedy MIS=12245, |S|=25000, Oracle MIS=12245, Improvement=0
n=25000, coeff=7, trial=6, GT MIS=12500, Greedy MIS=12245, |S|=25000, Oracle MIS=12245, Improvement=0
n=25000, coeff=7, trial=6, GT MIS=12500, Greedy MIS=12245, |S|=25000, Oracle MIS=12245, Improvement=0
n=25000, coeff=7, trial=6, GT MIS=12500, Greedy MIS=12245, |S|=24994, Oracle MIS=12239, Improvement=-6
n=25000, coeff=7, trial=6, GT MIS=12500, Greedy MIS=12245, |S|=24904, Oracle MIS=11932, Improvement=-313
n=25000, coeff=7, trial=6, GT MIS=12500, Greedy MIS=12245, |S|=24210, Oracle MIS=12405, Improvement=160
n=25000, coeff=7, trial=6, GT MIS=12500, Greedy MIS=12245, |S|=21858, Oracle MIS=12500, Improvement=255
n=25000, coeff=7, trial=6, GT MIS=12500, Greedy MIS=12245, |S|=18127, Oracle MIS=12499, Improvement=254
n=25000, coeff=7, trial=6, GT MIS=12500, Greedy MIS=12245, |S|=14747, Oracle MIS=12498, Improvement=253
n=25000, coeff=7, trial=6, GT MIS=12500, Greedy MIS=12245, |S|=13032, Oracle MIS=12498, Improvement=253
n=25000, coeff=7, trial=7, GT MIS=12500, Greedy MIS=12070, |S|=25000, Oracle MIS=12070, Improvement=0
n=25000, coeff=7, trial=7, GT MIS=12500, Greedy MIS=12070, |S|=25000, Oracle MIS=12070, Improvement=0
n=25000, coeff=7, trial=7, GT MIS=12500, Greedy MIS=12070, |S|=24999, Oracle MIS=12069, Improvement=-1
n=25000, coeff=7, trial=7, GT MIS=12500, Greedy MIS=12070, |S|=24994, Oracle MIS=12047, Improvement=-23
n=25000, coeff=7, trial=7, GT MIS=12500, Greedy MIS=12070, |S|=24885, Oracle MIS=12270, Improvement=200
n=25000, coeff=7, trial=7, GT MIS=12500, Greedy MIS=12070, |S|=24116, Oracle MIS=12456, Improvement=386
n=25000, coeff=7, trial=7, GT MIS=12500, Greedy MIS=12070, |S|=21607, Oracle MIS=12500, Improvement=430
n=25000, coeff=7, trial=7, GT MIS=12500, Greedy MIS=12070, |S|=18013, Oracle MIS=12500, Improvement=430
n=25000, coeff=7, trial=7, GT MIS=12500, Greedy MIS=12070, |S|=14575, Oracle MIS=12500, Improvement=430
n=25000, coeff=7, trial=7, GT MIS=12500, Greedy MIS=12070, |S|=13040, Oracle MIS=12500, Improvement=430
n=25000, coeff=7, trial=8, GT MIS=12500, Greedy MIS=12234, |S|=25000, Oracle MIS=12234, Improvement=0
n=25000, coeff=7, trial=8, GT MIS=12500, Greedy MIS=12234, |S|=25000, Oracle MIS=12234, Improvement=0
n=25000, coeff=7, trial=8, GT MIS=12500, Greedy MIS=12234, |S|=25000, Oracle MIS=12234, Improvement=0
n=25000, coeff=7, trial=8, GT MIS=12500, Greedy MIS=12234, |S|=24995, Oracle MIS=12230, Improvement=-4
n=25000, coeff=7, trial=8, GT MIS=12500, Greedy MIS=12234, |S|=24889, Oracle MIS=12130, Improvement=-104
n=25000, coeff=7, trial=8, GT MIS=12500, Greedy MIS=12234, |S|=24178, Oracle MIS=12423, Improvement=189
n=25000, coeff=7, trial=8, GT MIS=12500, Greedy MIS=12234, |S|=21892, Oracle MIS=12500, Improvement=266
n=25000, coeff=7, trial=8, GT MIS=12500, Greedy MIS=12234, |S|=18106, Oracle MIS=12500, Improvement=266
n=25000, coeff=7, trial=8, GT MIS=12500, Greedy MIS=12234, |S|=14662, Oracle MIS=12500, Improvement=266
n=25000, coeff=7, trial=8, GT MIS=12500, Greedy MIS=12234, |S|=13043, Oracle MIS=12500, Improvement=266
n=25000, coeff=7, trial=9, GT MIS=12500, Greedy MIS=12384, |S|=25000, Oracle MIS=12384, Improvement=0
n=25000, coeff=7, trial=9, GT MIS=12500, Greedy MIS=12384, |S|=25000, Oracle MIS=12384, Improvement=0
n=25000, coeff=7, trial=9, GT MIS=12500, Greedy MIS=12384, |S|=25000, Oracle MIS=12384, Improvement=0
n=25000, coeff=7, trial=9, GT MIS=12500, Greedy MIS=12384, |S|=24994, Oracle MIS=12361, Improvement=-23
n=25000, coeff=7, trial=9, GT MIS=12500, Greedy MIS=12384, |S|=24892, Oracle MIS=12193, Improvement=-191
n=25000, coeff=7, trial=9, GT MIS=12500, Greedy MIS=12384, |S|=24211, Oracle MIS=12284, Improvement=-100
n=25000, coeff=7, trial=9, GT MIS=12500, Greedy MIS=12384, |S|=21747, Oracle MIS=12500, Improvement=116
n=25000, coeff=7, trial=9, GT MIS=12500, Greedy MIS=12384, |S|=17949, Oracle MIS=12500, Improvement=116
n=25000, coeff=7, trial=9, GT MIS=12500, Greedy MIS=12384, |S|=14574, Oracle MIS=12500, Improvement=116
n=25000, coeff=7, trial=9, GT MIS=12500, Greedy MIS=12384, |S|=13005, Oracle MIS=12500, Improvement=116
n=25000, coeff=8, trial=5, GT MIS=12500, Greedy MIS=12236, |S|=25000, Oracle MIS=12236, Improvement=0
n=25000, coeff=8, trial=5, GT MIS=12500, Greedy MIS=12236, |S|=25000, Oracle MIS=12236, Improvement=0
n=25000, coeff=8, trial=5, GT MIS=12500, Greedy MIS=12236, |S|=25000, Oracle MIS=12236, Improvement=0
n=25000, coeff=8, trial=5, GT MIS=12500, Greedy MIS=12236, |S|=24992, Oracle MIS=12228, Improvement=-8
n=25000, coeff=8, trial=5, GT MIS=12500, Greedy MIS=12236, |S|=24896, Oracle MIS=12097, Improvement=-139
n=25000, coeff=8, trial=5, GT MIS=12500, Greedy MIS=12236, |S|=24115, Oracle MIS=12462, Improvement=226
n=25000, coeff=8, trial=5, GT MIS=12500, Greedy MIS=12236, |S|=21447, Oracle MIS=12500, Improvement=264
n=25000, coeff=8, trial=5, GT MIS=12500, Greedy MIS=12236, |S|=17238, Oracle MIS=12500, Improvement=264
n=25000, coeff=8, trial=5, GT MIS=12500, Greedy MIS=12236, |S|=14059, Oracle MIS=12500, Improvement=264
n=25000, coeff=8, trial=5, GT MIS=12500, Greedy MIS=12236, |S|=12810, Oracle MIS=12500, Improvement=264
n=25000, coeff=8, trial=6, GT MIS=12500, Greedy MIS=12110, |S|=25000, Oracle MIS=12110, Improvement=0
n=25000, coeff=8, trial=6, GT MIS=12500, Greedy MIS=12110, |S|=25000, Oracle MIS=12110, Improvement=0
n=25000, coeff=8, trial=6, GT MIS=12500, Greedy MIS=12110, |S|=25000, Oracle MIS=12110, Improvement=0
n=25000, coeff=8, trial=6, GT MIS=12500, Greedy MIS=12110, |S|=24990, Oracle MIS=12110, Improvement=0
n=25000, coeff=8, trial=6, GT MIS=12500, Greedy MIS=12110, |S|=24874, Oracle MIS=12404, Improvement=294
n=25000, coeff=8, trial=6, GT MIS=12500, Greedy MIS=12110, |S|=23982, Oracle MIS=12464, Improvement=354
n=25000, coeff=8, trial=6, GT MIS=12500, Greedy MIS=12110, |S|=21319, Oracle MIS=12500, Improvement=390
n=25000, coeff=8, trial=6, GT MIS=12500, Greedy MIS=12110, |S|=17104, Oracle MIS=12499, Improvement=389
n=25000, coeff=8, trial=6, GT MIS=12500, Greedy MIS=12110, |S|=14072, Oracle MIS=12499, Improvement=389
n=25000, coeff=8, trial=6, GT MIS=12500, Greedy MIS=12110, |S|=12801, Oracle MIS=12499, Improvement=389
n=25000, coeff=8, trial=7, GT MIS=12500, Greedy MIS=12133, |S|=25000, Oracle MIS=12133, Improvement=0
n=25000, coeff=8, trial=7, GT MIS=12500, Greedy MIS=12133, |S|=25000, Oracle MIS=12133, Improvement=0
n=25000, coeff=8, trial=7, GT MIS=12500, Greedy MIS=12133, |S|=24999, Oracle MIS=12133, Improvement=0
n=25000, coeff=8, trial=7, GT MIS=12500, Greedy MIS=12133, |S|=24993, Oracle MIS=12133, Improvement=0
n=25000, coeff=8, trial=7, GT MIS=12500, Greedy MIS=12133, |S|=24854, Oracle MIS=12133, Improvement=0
n=25000, coeff=8, trial=7, GT MIS=12500, Greedy MIS=12133, |S|=23824, Oracle MIS=12466, Improvement=333
n=25000, coeff=8, trial=7, GT MIS=12500, Greedy MIS=12133, |S|=20831, Oracle MIS=12500, Improvement=367
n=25000, coeff=8, trial=7, GT MIS=12500, Greedy MIS=12133, |S|=17000, Oracle MIS=12500, Improvement=367
n=25000, coeff=8, trial=7, GT MIS=12500, Greedy MIS=12133, |S|=13909, Oracle MIS=12500, Improvement=367
n=25000, coeff=8, trial=7, GT MIS=12500, Greedy MIS=12133, |S|=12805, Oracle MIS=12500, Improvement=367
n=25000, coeff=8, trial=8, GT MIS=12500, Greedy MIS=12072, |S|=25000, Oracle MIS=12072, Improvement=0
n=25000, coeff=8, trial=8, GT MIS=12500, Greedy MIS=12072, |S|=25000, Oracle MIS=12072, Improvement=0
n=25000, coeff=8, trial=8, GT MIS=12500, Greedy MIS=12072, |S|=24999, Oracle MIS=12071, Improvement=-1
n=25000, coeff=8, trial=8, GT MIS=12500, Greedy MIS=12072, |S|=24994, Oracle MIS=12066, Improvement=-6
n=25000, coeff=8, trial=8, GT MIS=12500, Greedy MIS=12072, |S|=24864, Oracle MIS=11766, Improvement=-306
n=25000, coeff=8, trial=8, GT MIS=12500, Greedy MIS=12072, |S|=23953, Oracle MIS=12445, Improvement=373
n=25000, coeff=8, trial=8, GT MIS=12500, Greedy MIS=12072, |S|=21164, Oracle MIS=12500, Improvement=428
n=25000, coeff=8, trial=8, GT MIS=12500, Greedy MIS=12072, |S|=16955, Oracle MIS=12500, Improvement=428
n=25000, coeff=8, trial=8, GT MIS=12500, Greedy MIS=12072, |S|=13897, Oracle MIS=12500, Improvement=428
n=25000, coeff=8, trial=8, GT MIS=12500, Greedy MIS=12072, |S|=12724, Oracle MIS=12500, Improvement=428
n=25000, coeff=8, trial=9, GT MIS=12500, Greedy MIS=12405, |S|=25000, Oracle MIS=12405, Improvement=0
n=25000, coeff=8, trial=9, GT MIS=12500, Greedy MIS=12405, |S|=25000, Oracle MIS=12405, Improvement=0
n=25000, coeff=8, trial=9, GT MIS=12500, Greedy MIS=12405, |S|=25000, Oracle MIS=12405, Improvement=0
n=25000, coeff=8, trial=9, GT MIS=12500, Greedy MIS=12405, |S|=24990, Oracle MIS=12395, Improvement=-10
n=25000, coeff=8, trial=9, GT MIS=12500, Greedy MIS=12405, |S|=24880, Oracle MIS=12186, Improvement=-219
n=25000, coeff=8, trial=9, GT MIS=12500, Greedy MIS=12405, |S|=23956, Oracle MIS=12283, Improvement=-122
n=25000, coeff=8, trial=9, GT MIS=12500, Greedy MIS=12405, |S|=21057, Oracle MIS=12500, Improvement=95
n=25000, coeff=8, trial=9, GT MIS=12500, Greedy MIS=12405, |S|=16939, Oracle MIS=12500, Improvement=95
n=25000, coeff=8, trial=9, GT MIS=12500, Greedy MIS=12405, |S|=13887, Oracle MIS=12500, Improvement=95
n=25000, coeff=8, trial=9, GT MIS=12500, Greedy MIS=12405, |S|=12759, Oracle MIS=12499, Improvement=94
n=25000, coeff=9, trial=5, GT MIS=12500, Greedy MIS=12091, |S|=25000, Oracle MIS=12091, Improvement=0
n=25000, coeff=9, trial=5, GT MIS=12500, Greedy MIS=12091, |S|=25000, Oracle MIS=12091, Improvement=0
n=25000, coeff=9, trial=5, GT MIS=12500, Greedy MIS=12091, |S|=25000, Oracle MIS=12091, Improvement=0
n=25000, coeff=9, trial=5, GT MIS=12500, Greedy MIS=12091, |S|=24990, Oracle MIS=12081, Improvement=-10
n=25000, coeff=9, trial=5, GT MIS=12500, Greedy MIS=12091, |S|=24882, Oracle MIS=12193, Improvement=102
n=25000, coeff=9, trial=5, GT MIS=12500, Greedy MIS=12091, |S|=23853, Oracle MIS=12500, Improvement=409
n=25000, coeff=9, trial=5, GT MIS=12500, Greedy MIS=12091, |S|=20846, Oracle MIS=12500, Improvement=409
n=25000, coeff=9, trial=5, GT MIS=12500, Greedy MIS=12091, |S|=16445, Oracle MIS=12500, Improvement=409
n=25000, coeff=9, trial=5, GT MIS=12500, Greedy MIS=12091, |S|=13583, Oracle MIS=12500, Improvement=409
n=25000, coeff=9, trial=5, GT MIS=12500, Greedy MIS=12091, |S|=12660, Oracle MIS=12499, Improvement=408
n=25000, coeff=9, trial=6, GT MIS=12500, Greedy MIS=12288, |S|=25000, Oracle MIS=12288, Improvement=0
n=25000, coeff=9, trial=6, GT MIS=12500, Greedy MIS=12288, |S|=25000, Oracle MIS=12288, Improvement=0
n=25000, coeff=9, trial=6, GT MIS=12500, Greedy MIS=12288, |S|=25000, Oracle MIS=12288, Improvement=0
n=25000, coeff=9, trial=6, GT MIS=12500, Greedy MIS=12288, |S|=24994, Oracle MIS=12288, Improvement=0
n=25000, coeff=9, trial=6, GT MIS=12500, Greedy MIS=12288, |S|=24847, Oracle MIS=12288, Improvement=0
n=25000, coeff=9, trial=6, GT MIS=12500, Greedy MIS=12288, |S|=23753, Oracle MIS=12479, Improvement=191
n=25000, coeff=9, trial=6, GT MIS=12500, Greedy MIS=12288, |S|=20712, Oracle MIS=12500, Improvement=212
n=25000, coeff=9, trial=6, GT MIS=12500, Greedy MIS=12288, |S|=16172, Oracle MIS=12499, Improvement=211
n=25000, coeff=9, trial=6, GT MIS=12500, Greedy MIS=12288, |S|=13575, Oracle MIS=12500, Improvement=212
n=25000, coeff=9, trial=6, GT MIS=12500, Greedy MIS=12288, |S|=12651, Oracle MIS=12500, Improvement=212
n=25000, coeff=9, trial=7, GT MIS=12500, Greedy MIS=12314, |S|=25000, Oracle MIS=12314, Improvement=0
n=25000, coeff=9, trial=7, GT MIS=12500, Greedy MIS=12314, |S|=25000, Oracle MIS=12314, Improvement=0
n=25000, coeff=9, trial=7, GT MIS=12500, Greedy MIS=12314, |S|=24999, Oracle MIS=12313, Improvement=-1
n=25000, coeff=9, trial=7, GT MIS=12500, Greedy MIS=12314, |S|=24993, Oracle MIS=12307, Improvement=-7
n=25000, coeff=9, trial=7, GT MIS=12500, Greedy MIS=12314, |S|=24813, Oracle MIS=12365, Improvement=51
n=25000, coeff=9, trial=7, GT MIS=12500, Greedy MIS=12314, |S|=23501, Oracle MIS=12480, Improvement=166
n=25000, coeff=9, trial=7, GT MIS=12500, Greedy MIS=12314, |S|=20264, Oracle MIS=12500, Improvement=186
n=25000, coeff=9, trial=7, GT MIS=12500, Greedy MIS=12314, |S|=16097, Oracle MIS=12500, Improvement=186
n=25000, coeff=9, trial=7, GT MIS=12500, Greedy MIS=12314, |S|=13366, Oracle MIS=12500, Improvement=186
n=25000, coeff=9, trial=7, GT MIS=12500, Greedy MIS=12314, |S|=12634, Oracle MIS=12500, Improvement=186
n=25000, coeff=9, trial=8, GT MIS=12500, Greedy MIS=12433, |S|=25000, Oracle MIS=12433, Improvement=0
n=25000, coeff=9, trial=8, GT MIS=12500, Greedy MIS=12433, |S|=25000, Oracle MIS=12433, Improvement=0
n=25000, coeff=9, trial=8, GT MIS=12500, Greedy MIS=12433, |S|=25000, Oracle MIS=12433, Improvement=0
n=25000, coeff=9, trial=8, GT MIS=12500, Greedy MIS=12433, |S|=24995, Oracle MIS=12404, Improvement=-29
n=25000, coeff=9, trial=8, GT MIS=12500, Greedy MIS=12433, |S|=24841, Oracle MIS=12179, Improvement=-254
n=25000, coeff=9, trial=8, GT MIS=12500, Greedy MIS=12433, |S|=23663, Oracle MIS=12500, Improvement=67
n=25000, coeff=9, trial=8, GT MIS=12500, Greedy MIS=12433, |S|=20562, Oracle MIS=12500, Improvement=67
n=25000, coeff=9, trial=8, GT MIS=12500, Greedy MIS=12433, |S|=16176, Oracle MIS=12500, Improvement=67
n=25000, coeff=9, trial=8, GT MIS=12500, Greedy MIS=12433, |S|=13405, Oracle MIS=12500, Improvement=67
n=25000, coeff=9, trial=8, GT MIS=12500, Greedy MIS=12433, |S|=12626, Oracle MIS=12500, Improvement=67
n=25000, coeff=9, trial=9, GT MIS=12500, Greedy MIS=12245, |S|=25000, Oracle MIS=12245, Improvement=0
n=25000, coeff=9, trial=9, GT MIS=12500, Greedy MIS=12245, |S|=25000, Oracle MIS=12245, Improvement=0
n=25000, coeff=9, trial=9, GT MIS=12500, Greedy MIS=12245, |S|=25000, Oracle MIS=12245, Improvement=0
n=25000, coeff=9, trial=9, GT MIS=12500, Greedy MIS=12245, |S|=24993, Oracle MIS=12238, Improvement=-7
n=25000, coeff=9, trial=9, GT MIS=12500, Greedy MIS=12245, |S|=24846, Oracle MIS=11930, Improvement=-315
n=25000, coeff=9, trial=9, GT MIS=12500, Greedy MIS=12245, |S|=23701, Oracle MIS=12360, Improvement=115
n=25000, coeff=9, trial=9, GT MIS=12500, Greedy MIS=12245, |S|=20412, Oracle MIS=12500, Improvement=255
n=25000, coeff=9, trial=9, GT MIS=12500, Greedy MIS=12245, |S|=16163, Oracle MIS=12500, Improvement=255
n=25000, coeff=9, trial=9, GT MIS=12500, Greedy MIS=12245, |S|=13395, Oracle MIS=12500, Improvement=255
n=25000, coeff=9, trial=9, GT MIS=12500, Greedy MIS=12245, |S|=12643, Oracle MIS=12499, Improvement=254
n=25000, coeff=10, trial=5, GT MIS=12500, Greedy MIS=12211, |S|=25000, Oracle MIS=12211, Improvement=0
n=25000, coeff=10, trial=5, GT MIS=12500, Greedy MIS=12211, |S|=25000, Oracle MIS=12211, Improvement=0
n=25000, coeff=10, trial=5, GT MIS=12500, Greedy MIS=12211, |S|=25000, Oracle MIS=12211, Improvement=0
n=25000, coeff=10, trial=5, GT MIS=12500, Greedy MIS=12211, |S|=24987, Oracle MIS=12198, Improvement=-13
n=25000, coeff=10, trial=5, GT MIS=12500, Greedy MIS=12211, |S|=24855, Oracle MIS=11910, Improvement=-301
n=25000, coeff=10, trial=5, GT MIS=12500, Greedy MIS=12211, |S|=23594, Oracle MIS=12500, Improvement=289
n=25000, coeff=10, trial=5, GT MIS=12500, Greedy MIS=12211, |S|=19976, Oracle MIS=12500, Improvement=289
n=25000, coeff=10, trial=5, GT MIS=12500, Greedy MIS=12211, |S|=15577, Oracle MIS=12500, Improvement=289
n=25000, coeff=10, trial=5, GT MIS=12500, Greedy MIS=12211, |S|=13175, Oracle MIS=12500, Improvement=289
n=25000, coeff=10, trial=5, GT MIS=12500, Greedy MIS=12211, |S|=12585, Oracle MIS=12500, Improvement=289
n=25000, coeff=10, trial=6, GT MIS=12500, Greedy MIS=12253, |S|=25000, Oracle MIS=12253, Improvement=0
n=25000, coeff=10, trial=6, GT MIS=12500, Greedy MIS=12253, |S|=25000, Oracle MIS=12253, Improvement=0
n=25000, coeff=10, trial=6, GT MIS=12500, Greedy MIS=12253, |S|=25000, Oracle MIS=12253, Improvement=0
n=25000, coeff=10, trial=6, GT MIS=12500, Greedy MIS=12253, |S|=24992, Oracle MIS=12253, Improvement=0
n=25000, coeff=10, trial=6, GT MIS=12500, Greedy MIS=12253, |S|=24801, Oracle MIS=12365, Improvement=112
n=25000, coeff=10, trial=6, GT MIS=12500, Greedy MIS=12253, |S|=23425, Oracle MIS=12500, Improvement=247
n=25000, coeff=10, trial=6, GT MIS=12500, Greedy MIS=12253, |S|=19849, Oracle MIS=12500, Improvement=247
n=25000, coeff=10, trial=6, GT MIS=12500, Greedy MIS=12253, |S|=15419, Oracle MIS=12500, Improvement=247
n=25000, coeff=10, trial=6, GT MIS=12500, Greedy MIS=12253, |S|=13200, Oracle MIS=12500, Improvement=247
n=25000, coeff=10, trial=6, GT MIS=12500, Greedy MIS=12253, |S|=12581, Oracle MIS=12500, Improvement=247
n=25000, coeff=10, trial=7, GT MIS=12500, Greedy MIS=12393, |S|=25000, Oracle MIS=12393, Improvement=0
n=25000, coeff=10, trial=7, GT MIS=12500, Greedy MIS=12393, |S|=25000, Oracle MIS=12393, Improvement=0
n=25000, coeff=10, trial=7, GT MIS=12500, Greedy MIS=12393, |S|=24999, Oracle MIS=12392, Improvement=-1
n=25000, coeff=10, trial=7, GT MIS=12500, Greedy MIS=12393, |S|=24990, Oracle MIS=12383, Improvement=-10
n=25000, coeff=10, trial=7, GT MIS=12500, Greedy MIS=12393, |S|=24767, Oracle MIS=11922, Improvement=-471
n=25000, coeff=10, trial=7, GT MIS=12500, Greedy MIS=12393, |S|=23213, Oracle MIS=12500, Improvement=107
n=25000, coeff=10, trial=7, GT MIS=12500, Greedy MIS=12393, |S|=19297, Oracle MIS=12500, Improvement=107
n=25000, coeff=10, trial=7, GT MIS=12500, Greedy MIS=12393, |S|=15292, Oracle MIS=12500, Improvement=107
n=25000, coeff=10, trial=7, GT MIS=12500, Greedy MIS=12393, |S|=13030, Oracle MIS=12500, Improvement=107
n=25000, coeff=10, trial=7, GT MIS=12500, Greedy MIS=12393, |S|=12581, Oracle MIS=12500, Improvement=107
n=25000, coeff=10, trial=8, GT MIS=12500, Greedy MIS=12281, |S|=25000, Oracle MIS=12281, Improvement=0
n=25000, coeff=10, trial=8, GT MIS=12500, Greedy MIS=12281, |S|=25000, Oracle MIS=12281, Improvement=0
n=25000, coeff=10, trial=8, GT MIS=12500, Greedy MIS=12281, |S|=25000, Oracle MIS=12281, Improvement=0
n=25000, coeff=10, trial=8, GT MIS=12500, Greedy MIS=12281, |S|=24994, Oracle MIS=12275, Improvement=-6
n=25000, coeff=10, trial=8, GT MIS=12500, Greedy MIS=12281, |S|=24799, Oracle MIS=12389, Improvement=108
n=25000, coeff=10, trial=8, GT MIS=12500, Greedy MIS=12281, |S|=23354, Oracle MIS=12500, Improvement=219
n=25000, coeff=10, trial=8, GT MIS=12500, Greedy MIS=12281, |S|=19620, Oracle MIS=12500, Improvement=219
n=25000, coeff=10, trial=8, GT MIS=12500, Greedy MIS=12281, |S|=15369, Oracle MIS=12500, Improvement=219
n=25000, coeff=10, trial=8, GT MIS=12500, Greedy MIS=12281, |S|=13105, Oracle MIS=12500, Improvement=219
n=25000, coeff=10, trial=8, GT MIS=12500, Greedy MIS=12281, |S|=12566, Oracle MIS=12500, Improvement=219
n=25000, coeff=10, trial=9, GT MIS=12500, Greedy MIS=12340, |S|=25000, Oracle MIS=12340, Improvement=0
n=25000, coeff=10, trial=9, GT MIS=12500, Greedy MIS=12340, |S|=25000, Oracle MIS=12340, Improvement=0
n=25000, coeff=10, trial=9, GT MIS=12500, Greedy MIS=12340, |S|=25000, Oracle MIS=12340, Improvement=0
n=25000, coeff=10, trial=9, GT MIS=12500, Greedy MIS=12340, |S|=24990, Oracle MIS=12330, Improvement=-10
n=25000, coeff=10, trial=9, GT MIS=12500, Greedy MIS=12340, |S|=24814, Oracle MIS=12101, Improvement=-239
n=25000, coeff=10, trial=9, GT MIS=12500, Greedy MIS=12340, |S|=23387, Oracle MIS=12500, Improvement=160
n=25000, coeff=10, trial=9, GT MIS=12500, Greedy MIS=12340, |S|=19490, Oracle MIS=12500, Improvement=160
n=25000, coeff=10, trial=9, GT MIS=12500, Greedy MIS=12340, |S|=15339, Oracle MIS=12500, Improvement=160
n=25000, coeff=10, trial=9, GT MIS=12500, Greedy MIS=12340, |S|=13088, Oracle MIS=12500, Improvement=160
n=25000, coeff=10, trial=9, GT MIS=12500, Greedy MIS=12340, |S|=12580, Oracle MIS=12500, Improvement=160
Results saved to bipartite_experiment_results_epislons_25000.csv
