Running job on compute-0-01
Requested resources:
  - CPUs: 12
  - GPUs: 
  - Memory: 18000
Skipping n=85000, coeff=12.0, trial=0, epsilon=0.025 as entry already exists.
Skipping n=85000, coeff=12.0, trial=0, epsilon=0.05 as entry already exists.
Skipping n=85000, coeff=12.0, trial=0, epsilon=0.075 as entry already exists.
Skipping n=85000, coeff=12.0, trial=0, epsilon=0.1 as entry already exists.
Skipping n=85000, coeff=12.0, trial=0, epsilon=0.125 as entry already exists.
Skipping n=85000, coeff=12.0, trial=0, epsilon=0.15 as entry already exists.
Skipping n=85000, coeff=12.0, trial=0, epsilon=0.175 as entry already exists.
Skipping n=85000, coeff=12.0, trial=0, epsilon=0.2 as entry already exists.
Skipping n=85000, coeff=12.0, trial=0, epsilon=0.225 as entry already exists.
Skipping n=85000, coeff=12.0, trial=0, epsilon=0.25 as entry already exists.
Skipping n=85000, coeff=12.0, trial=1, epsilon=0.025 as entry already exists.
Skipping n=85000, coeff=12.0, trial=1, epsilon=0.05 as entry already exists.
Skipping n=85000, coeff=12.0, trial=1, epsilon=0.075 as entry already exists.
Skipping n=85000, coeff=12.0, trial=1, epsilon=0.1 as entry already exists.
Skipping n=85000, coeff=12.0, trial=1, epsilon=0.125 as entry already exists.
Skipping n=85000, coeff=12.0, trial=1, epsilon=0.15 as entry already exists.
Skipping n=85000, coeff=12.0, trial=1, epsilon=0.175 as entry already exists.
Skipping n=85000, coeff=12.0, trial=1, epsilon=0.2 as entry already exists.
Skipping n=85000, coeff=12.0, trial=1, epsilon=0.225 as entry already exists.
Skipping n=85000, coeff=12.0, trial=1, epsilon=0.25 as entry already exists.
Skipping n=85000, coeff=12.0, trial=2, epsilon=0.025 as entry already exists.
Skipping n=85000, coeff=12.0, trial=2, epsilon=0.05 as entry already exists.
Skipping n=85000, coeff=12.0, trial=2, epsilon=0.075 as entry already exists.
Skipping n=85000, coeff=12.0, trial=2, epsilon=0.1 as entry already exists.
Skipping n=85000, coeff=12.0, trial=2, epsilon=0.125 as entry already exists.
Skipping n=85000, coeff=12.0, trial=2, epsilon=0.15 as entry already exists.
Skipping n=85000, coeff=12.0, trial=2, epsilon=0.175 as entry already exists.
Skipping n=85000, coeff=12.0, trial=2, epsilon=0.2 as entry already exists.
Skipping n=85000, coeff=12.0, trial=2, epsilon=0.225 as entry already exists.
Skipping n=85000, coeff=12.0, trial=2, epsilon=0.25 as entry already exists.
Skipping n=85000, coeff=12.0, trial=3, epsilon=0.025 as entry already exists.
Skipping n=85000, coeff=12.0, trial=3, epsilon=0.05 as entry already exists.
Skipping n=85000, coeff=12.0, trial=3, epsilon=0.075 as entry already exists.
Skipping n=85000, coeff=12.0, trial=3, epsilon=0.1 as entry already exists.
Skipping n=85000, coeff=12.0, trial=3, epsilon=0.125 as entry already exists.
Skipping n=85000, coeff=12.0, trial=3, epsilon=0.15 as entry already exists.
Skipping n=85000, coeff=12.0, trial=3, epsilon=0.175 as entry already exists.
Skipping n=85000, coeff=12.0, trial=3, epsilon=0.2 as entry already exists.
Skipping n=85000, coeff=12.0, trial=3, epsilon=0.225 as entry already exists.
Skipping n=85000, coeff=12.0, trial=3, epsilon=0.25 as entry already exists.
Skipping n=85000, coeff=12.0, trial=4, epsilon=0.025 as entry already exists.
Skipping n=85000, coeff=12.0, trial=4, epsilon=0.05 as entry already exists.
Skipping n=85000, coeff=12.0, trial=4, epsilon=0.075 as entry already exists.
Skipping n=85000, coeff=12.0, trial=4, epsilon=0.1 as entry already exists.
Skipping n=85000, coeff=12.0, trial=4, epsilon=0.125 as entry already exists.
Skipping n=85000, coeff=12.0, trial=4, epsilon=0.15 as entry already exists.
Skipping n=85000, coeff=12.0, trial=4, epsilon=0.175 as entry already exists.
Skipping n=85000, coeff=12.0, trial=4, epsilon=0.2 as entry already exists.
Skipping n=85000, coeff=12.0, trial=4, epsilon=0.225 as entry already exists.
Skipping n=85000, coeff=12.0, trial=4, epsilon=0.25 as entry already exists.
Skipping n=85000, coeff=12.0, trial=5, epsilon=0.025 as entry already exists.
Skipping n=85000, coeff=12.0, trial=5, epsilon=0.05 as entry already exists.
Skipping n=85000, coeff=12.0, trial=5, epsilon=0.075 as entry already exists.
Skipping n=85000, coeff=12.0, trial=5, epsilon=0.1 as entry already exists.
Skipping n=85000, coeff=12.0, trial=5, epsilon=0.125 as entry already exists.
Skipping n=85000, coeff=12.0, trial=5, epsilon=0.15 as entry already exists.
Skipping n=85000, coeff=12.0, trial=5, epsilon=0.175 as entry already exists.
Skipping n=85000, coeff=12.0, trial=5, epsilon=0.2 as entry already exists.
Skipping n=85000, coeff=12.0, trial=5, epsilon=0.225 as entry already exists.
Skipping n=85000, coeff=12.0, trial=5, epsilon=0.25 as entry already exists.
Skipping n=85000, coeff=12.0, trial=6, epsilon=0.025 as entry already exists.
Skipping n=85000, coeff=12.0, trial=6, epsilon=0.05 as entry already exists.
Skipping n=85000, coeff=12.0, trial=6, epsilon=0.075 as entry already exists.
Skipping n=85000, coeff=12.0, trial=6, epsilon=0.1 as entry already exists.
Skipping n=85000, coeff=12.0, trial=6, epsilon=0.125 as entry already exists.
Skipping n=85000, coeff=12.0, trial=6, epsilon=0.15 as entry already exists.
Skipping n=85000, coeff=12.0, trial=6, epsilon=0.175 as entry already exists.
Skipping n=85000, coeff=12.0, trial=6, epsilon=0.2 as entry already exists.
Skipping n=85000, coeff=12.0, trial=6, epsilon=0.225 as entry already exists.
Skipping n=85000, coeff=12.0, trial=6, epsilon=0.25 as entry already exists.
Skipping n=85000, coeff=12.0, trial=7, epsilon=0.025 as entry already exists.
Skipping n=85000, coeff=12.0, trial=7, epsilon=0.05 as entry already exists.
Skipping n=85000, coeff=12.0, trial=7, epsilon=0.075 as entry already exists.
Skipping n=85000, coeff=12.0, trial=7, epsilon=0.1 as entry already exists.
Skipping n=85000, coeff=12.0, trial=7, epsilon=0.125 as entry already exists.
Skipping n=85000, coeff=12.0, trial=7, epsilon=0.15 as entry already exists.
Skipping n=85000, coeff=12.0, trial=7, epsilon=0.175 as entry already exists.
Skipping n=85000, coeff=12.0, trial=7, epsilon=0.2 as entry already exists.
Skipping n=85000, coeff=12.0, trial=7, epsilon=0.225 as entry already exists.
Skipping n=85000, coeff=12.0, trial=7, epsilon=0.25 as entry already exists.
Skipping n=85000, coeff=12.0, trial=8, epsilon=0.025 as entry already exists.
Skipping n=85000, coeff=12.0, trial=8, epsilon=0.05 as entry already exists.
n=85000, coeff=12.0, trial=8, GT MIS=42500, Greedy MIS=41751, |S|=85000, Oracle MIS=41751, Improvement=0
n=85000, coeff=12.0, trial=8, GT MIS=42500, Greedy MIS=41751, |S|=84931, Oracle MIS=41751, Improvement=0
n=85000, coeff=12.0, trial=8, GT MIS=42500, Greedy MIS=41751, |S|=83467, Oracle MIS=42387, Improvement=636
n=85000, coeff=12.0, trial=8, GT MIS=42500, Greedy MIS=41751, |S|=74560, Oracle MIS=42500, Improvement=749
n=85000, coeff=12.0, trial=8, GT MIS=42500, Greedy MIS=41751, |S|=57529, Oracle MIS=42500, Improvement=749
n=85000, coeff=12.0, trial=8, GT MIS=42500, Greedy MIS=41751, |S|=45865, Oracle MIS=42500, Improvement=749
n=85000, coeff=12.0, trial=8, GT MIS=42500, Greedy MIS=41751, |S|=42836, Oracle MIS=42500, Improvement=749
n=85000, coeff=12.0, trial=8, GT MIS=42500, Greedy MIS=41751, |S|=42512, Oracle MIS=42499, Improvement=748
n=85000, coeff=12.0, trial=9, GT MIS=42500, Greedy MIS=42156, |S|=85000, Oracle MIS=42156, Improvement=0
n=85000, coeff=12.0, trial=9, GT MIS=42500, Greedy MIS=42156, |S|=85000, Oracle MIS=42156, Improvement=0
n=85000, coeff=12.0, trial=9, GT MIS=42500, Greedy MIS=42156, |S|=84999, Oracle MIS=42155, Improvement=-1
n=85000, coeff=12.0, trial=9, GT MIS=42500, Greedy MIS=42156, |S|=84906, Oracle MIS=41904, Improvement=-252
n=85000, coeff=12.0, trial=9, GT MIS=42500, Greedy MIS=42156, |S|=83335, Oracle MIS=42386, Improvement=230
n=85000, coeff=12.0, trial=9, GT MIS=42500, Greedy MIS=42156, |S|=74269, Oracle MIS=42500, Improvement=344
n=85000, coeff=12.0, trial=9, GT MIS=42500, Greedy MIS=42156, |S|=57210, Oracle MIS=42500, Improvement=344
n=85000, coeff=12.0, trial=9, GT MIS=42500, Greedy MIS=42156, |S|=45674, Oracle MIS=42500, Improvement=344
n=85000, coeff=12.0, trial=9, GT MIS=42500, Greedy MIS=42156, |S|=42808, Oracle MIS=42500, Improvement=344
n=85000, coeff=12.0, trial=9, GT MIS=42500, Greedy MIS=42156, |S|=42516, Oracle MIS=42499, Improvement=343
Results saved to bipartite_experiment_results_epislons_85000.csv
