Running job on compute-0-01
Requested resources:
  - CPUs: 18
  - GPUs: 
  - Memory: 18000
n=65000, coeff=14.0, trial=0, GT MIS=32500, Greedy MIS=32076, |S|=65000, Oracle MIS=32076, Improvement=0
n=65000, coeff=14.0, trial=0, GT MIS=32500, Greedy MIS=32076, |S|=65000, Oracle MIS=32076, Improvement=0
n=65000, coeff=14.0, trial=0, GT MIS=32500, Greedy MIS=32076, |S|=65000, Oracle MIS=32076, Improvement=0
n=65000, coeff=14.0, trial=0, GT MIS=32500, Greedy MIS=32076, |S|=64930, Oracle MIS=32076, Improvement=0
n=65000, coeff=14.0, trial=0, GT MIS=32500, Greedy MIS=32076, |S|=63570, Oracle MIS=32500, Improvement=424
n=65000, coeff=14.0, trial=0, GT MIS=32500, Greedy MIS=32076, |S|=55444, Oracle MIS=32500, Improvement=424
n=65000, coeff=14.0, trial=0, GT MIS=32500, Greedy MIS=32076, |S|=41197, Oracle MIS=32500, Improvement=424
n=65000, coeff=14.0, trial=0, GT MIS=32500, Greedy MIS=32076, |S|=33945, Oracle MIS=32500, Improvement=424
n=65000, coeff=14.0, trial=0, GT MIS=32500, Greedy MIS=32076, |S|=32584, Oracle MIS=32500, Improvement=424
n=65000, coeff=14.0, trial=0, GT MIS=32500, Greedy MIS=32076, |S|=32502, Oracle MIS=32500, Improvement=424
n=65000, coeff=14.0, trial=1, GT MIS=32500, Greedy MIS=31645, |S|=65000, Oracle MIS=31645, Improvement=0
n=65000, coeff=14.0, trial=1, GT MIS=32500, Greedy MIS=31645, |S|=65000, Oracle MIS=31645, Improvement=0
n=65000, coeff=14.0, trial=1, GT MIS=32500, Greedy MIS=31645, |S|=65000, Oracle MIS=31645, Improvement=0
n=65000, coeff=14.0, trial=1, GT MIS=32500, Greedy MIS=31645, |S|=64961, Oracle MIS=31645, Improvement=0
n=65000, coeff=14.0, trial=1, GT MIS=32500, Greedy MIS=31645, |S|=63658, Oracle MIS=32500, Improvement=855
n=65000, coeff=14.0, trial=1, GT MIS=32500, Greedy MIS=31645, |S|=55756, Oracle MIS=32500, Improvement=855
n=65000, coeff=14.0, trial=1, GT MIS=32500, Greedy MIS=31645, |S|=41561, Oracle MIS=32500, Improvement=855
n=65000, coeff=14.0, trial=1, GT MIS=32500, Greedy MIS=31645, |S|=34023, Oracle MIS=32500, Improvement=855
n=65000, coeff=14.0, trial=1, GT MIS=32500, Greedy MIS=31645, |S|=32608, Oracle MIS=32500, Improvement=855
n=65000, coeff=14.0, trial=1, GT MIS=32500, Greedy MIS=31645, |S|=32505, Oracle MIS=32500, Improvement=855
n=65000, coeff=14.0, trial=2, GT MIS=32500, Greedy MIS=32270, |S|=65000, Oracle MIS=32270, Improvement=0
n=65000, coeff=14.0, trial=2, GT MIS=32500, Greedy MIS=32270, |S|=65000, Oracle MIS=32270, Improvement=0
n=65000, coeff=14.0, trial=2, GT MIS=32500, Greedy MIS=32270, |S|=64999, Oracle MIS=32269, Improvement=-1
n=65000, coeff=14.0, trial=2, GT MIS=32500, Greedy MIS=32270, |S|=64936, Oracle MIS=32112, Improvement=-158
n=65000, coeff=14.0, trial=2, GT MIS=32500, Greedy MIS=32270, |S|=63503, Oracle MIS=32455, Improvement=185
n=65000, coeff=14.0, trial=2, GT MIS=32500, Greedy MIS=32270, |S|=55144, Oracle MIS=32500, Improvement=230
n=65000, coeff=14.0, trial=2, GT MIS=32500, Greedy MIS=32270, |S|=41067, Oracle MIS=32500, Improvement=230
n=65000, coeff=14.0, trial=2, GT MIS=32500, Greedy MIS=32270, |S|=33954, Oracle MIS=32500, Improvement=230
n=65000, coeff=14.0, trial=2, GT MIS=32500, Greedy MIS=32270, |S|=32601, Oracle MIS=32500, Improvement=230
n=65000, coeff=14.0, trial=2, GT MIS=32500, Greedy MIS=32270, |S|=32505, Oracle MIS=32500, Improvement=230
n=65000, coeff=14.0, trial=3, GT MIS=32500, Greedy MIS=32132, |S|=65000, Oracle MIS=32132, Improvement=0
n=65000, coeff=14.0, trial=3, GT MIS=32500, Greedy MIS=32132, |S|=65000, Oracle MIS=32132, Improvement=0
n=65000, coeff=14.0, trial=3, GT MIS=32500, Greedy MIS=32132, |S|=64998, Oracle MIS=32130, Improvement=-2
n=65000, coeff=14.0, trial=3, GT MIS=32500, Greedy MIS=32132, |S|=64940, Oracle MIS=32074, Improvement=-58
n=65000, coeff=14.0, trial=3, GT MIS=32500, Greedy MIS=32132, |S|=63642, Oracle MIS=32369, Improvement=237
n=65000, coeff=14.0, trial=3, GT MIS=32500, Greedy MIS=32132, |S|=55633, Oracle MIS=32500, Improvement=368
n=65000, coeff=14.0, trial=3, GT MIS=32500, Greedy MIS=32132, |S|=41359, Oracle MIS=32500, Improvement=368
n=65000, coeff=14.0, trial=3, GT MIS=32500, Greedy MIS=32132, |S|=34035, Oracle MIS=32500, Improvement=368
n=65000, coeff=14.0, trial=3, GT MIS=32500, Greedy MIS=32132, |S|=32599, Oracle MIS=32500, Improvement=368
n=65000, coeff=14.0, trial=3, GT MIS=32500, Greedy MIS=32132, |S|=32503, Oracle MIS=32500, Improvement=368
n=65000, coeff=14.0, trial=4, GT MIS=32500, Greedy MIS=31359, |S|=65000, Oracle MIS=31359, Improvement=0
n=65000, coeff=14.0, trial=4, GT MIS=32500, Greedy MIS=31359, |S|=65000, Oracle MIS=31359, Improvement=0
n=65000, coeff=14.0, trial=4, GT MIS=32500, Greedy MIS=31359, |S|=64999, Oracle MIS=31358, Improvement=-1
n=65000, coeff=14.0, trial=4, GT MIS=32500, Greedy MIS=31359, |S|=64950, Oracle MIS=32129, Improvement=770
n=65000, coeff=14.0, trial=4, GT MIS=32500, Greedy MIS=31359, |S|=63456, Oracle MIS=32417, Improvement=1058
n=65000, coeff=14.0, trial=4, GT MIS=32500, Greedy MIS=31359, |S|=54878, Oracle MIS=32500, Improvement=1141
n=65000, coeff=14.0, trial=4, GT MIS=32500, Greedy MIS=31359, |S|=40962, Oracle MIS=32500, Improvement=1141
n=65000, coeff=14.0, trial=4, GT MIS=32500, Greedy MIS=31359, |S|=33916, Oracle MIS=32500, Improvement=1141
n=65000, coeff=14.0, trial=4, GT MIS=32500, Greedy MIS=31359, |S|=32591, Oracle MIS=32500, Improvement=1141
n=65000, coeff=14.0, trial=4, GT MIS=32500, Greedy MIS=31359, |S|=32503, Oracle MIS=32500, Improvement=1141
n=65000, coeff=14.0, trial=5, GT MIS=32500, Greedy MIS=31851, |S|=65000, Oracle MIS=31851, Improvement=0
n=65000, coeff=14.0, trial=5, GT MIS=32500, Greedy MIS=31851, |S|=65000, Oracle MIS=31851, Improvement=0
n=65000, coeff=14.0, trial=5, GT MIS=32500, Greedy MIS=31851, |S|=65000, Oracle MIS=31851, Improvement=0
n=65000, coeff=14.0, trial=5, GT MIS=32500, Greedy MIS=31851, |S|=64953, Oracle MIS=31807, Improvement=-44
n=65000, coeff=14.0, trial=5, GT MIS=32500, Greedy MIS=31851, |S|=63767, Oracle MIS=32458, Improvement=607
n=65000, coeff=14.0, trial=5, GT MIS=32500, Greedy MIS=31851, |S|=56008, Oracle MIS=32500, Improvement=649
n=65000, coeff=14.0, trial=5, GT MIS=32500, Greedy MIS=31851, |S|=41849, Oracle MIS=32500, Improvement=649
n=65000, coeff=14.0, trial=5, GT MIS=32500, Greedy MIS=31851, |S|=34038, Oracle MIS=32500, Improvement=649
n=65000, coeff=14.0, trial=5, GT MIS=32500, Greedy MIS=31851, |S|=32604, Oracle MIS=32500, Improvement=649
n=65000, coeff=14.0, trial=5, GT MIS=32500, Greedy MIS=31851, |S|=32507, Oracle MIS=32500, Improvement=649
n=65000, coeff=14.0, trial=6, GT MIS=32500, Greedy MIS=31860, |S|=65000, Oracle MIS=31860, Improvement=0
n=65000, coeff=14.0, trial=6, GT MIS=32500, Greedy MIS=31860, |S|=65000, Oracle MIS=31860, Improvement=0
n=65000, coeff=14.0, trial=6, GT MIS=32500, Greedy MIS=31860, |S|=65000, Oracle MIS=31860, Improvement=0
n=65000, coeff=14.0, trial=6, GT MIS=32500, Greedy MIS=31860, |S|=64932, Oracle MIS=31794, Improvement=-66
n=65000, coeff=14.0, trial=6, GT MIS=32500, Greedy MIS=31860, |S|=63370, Oracle MIS=32371, Improvement=511
n=65000, coeff=14.0, trial=6, GT MIS=32500, Greedy MIS=31860, |S|=54971, Oracle MIS=32500, Improvement=640
n=65000, coeff=14.0, trial=6, GT MIS=32500, Greedy MIS=31860, |S|=40786, Oracle MIS=32500, Improvement=640
n=65000, coeff=14.0, trial=6, GT MIS=32500, Greedy MIS=31860, |S|=33803, Oracle MIS=32500, Improvement=640
n=65000, coeff=14.0, trial=6, GT MIS=32500, Greedy MIS=31860, |S|=32578, Oracle MIS=32500, Improvement=640
n=65000, coeff=14.0, trial=6, GT MIS=32500, Greedy MIS=31860, |S|=32501, Oracle MIS=32500, Improvement=640
n=65000, coeff=14.0, trial=7, GT MIS=32500, Greedy MIS=31992, |S|=65000, Oracle MIS=31992, Improvement=0
n=65000, coeff=14.0, trial=7, GT MIS=32500, Greedy MIS=31992, |S|=65000, Oracle MIS=31992, Improvement=0
n=65000, coeff=14.0, trial=7, GT MIS=32500, Greedy MIS=31992, |S|=65000, Oracle MIS=31992, Improvement=0
n=65000, coeff=14.0, trial=7, GT MIS=32500, Greedy MIS=31992, |S|=64945, Oracle MIS=31992, Improvement=0
n=65000, coeff=14.0, trial=7, GT MIS=32500, Greedy MIS=31992, |S|=63505, Oracle MIS=32456, Improvement=464
n=65000, coeff=14.0, trial=7, GT MIS=32500, Greedy MIS=31992, |S|=55286, Oracle MIS=32500, Improvement=508
n=65000, coeff=14.0, trial=7, GT MIS=32500, Greedy MIS=31992, |S|=41020, Oracle MIS=32500, Improvement=508
n=65000, coeff=14.0, trial=7, GT MIS=32500, Greedy MIS=31992, |S|=33897, Oracle MIS=32500, Improvement=508
n=65000, coeff=14.0, trial=7, GT MIS=32500, Greedy MIS=31992, |S|=32608, Oracle MIS=32500, Improvement=508
n=65000, coeff=14.0, trial=7, GT MIS=32500, Greedy MIS=31992, |S|=32501, Oracle MIS=32500, Improvement=508
n=65000, coeff=14.0, trial=8, GT MIS=32500, Greedy MIS=32231, |S|=65000, Oracle MIS=32231, Improvement=0
n=65000, coeff=14.0, trial=8, GT MIS=32500, Greedy MIS=32231, |S|=65000, Oracle MIS=32231, Improvement=0
n=65000, coeff=14.0, trial=8, GT MIS=32500, Greedy MIS=32231, |S|=64998, Oracle MIS=32229, Improvement=-2
n=65000, coeff=14.0, trial=8, GT MIS=32500, Greedy MIS=32231, |S|=64938, Oracle MIS=31983, Improvement=-248
n=65000, coeff=14.0, trial=8, GT MIS=32500, Greedy MIS=32231, |S|=63474, Oracle MIS=32370, Improvement=139
n=65000, coeff=14.0, trial=8, GT MIS=32500, Greedy MIS=32231, |S|=55178, Oracle MIS=32500, Improvement=269
n=65000, coeff=14.0, trial=8, GT MIS=32500, Greedy MIS=32231, |S|=41061, Oracle MIS=32500, Improvement=269
n=65000, coeff=14.0, trial=8, GT MIS=32500, Greedy MIS=32231, |S|=33931, Oracle MIS=32500, Improvement=269
n=65000, coeff=14.0, trial=8, GT MIS=32500, Greedy MIS=32231, |S|=32603, Oracle MIS=32499, Improvement=268
n=65000, coeff=14.0, trial=8, GT MIS=32500, Greedy MIS=32231, |S|=32501, Oracle MIS=32499, Improvement=268
n=65000, coeff=14.0, trial=9, GT MIS=32500, Greedy MIS=31905, |S|=65000, Oracle MIS=31905, Improvement=0
n=65000, coeff=14.0, trial=9, GT MIS=32500, Greedy MIS=31905, |S|=65000, Oracle MIS=31905, Improvement=0
n=65000, coeff=14.0, trial=9, GT MIS=32500, Greedy MIS=31905, |S|=65000, Oracle MIS=31905, Improvement=0
n=65000, coeff=14.0, trial=9, GT MIS=32500, Greedy MIS=31905, |S|=64927, Oracle MIS=31675, Improvement=-230
n=65000, coeff=14.0, trial=9, GT MIS=32500, Greedy MIS=31905, |S|=63363, Oracle MIS=32412, Improvement=507
n=65000, coeff=14.0, trial=9, GT MIS=32500, Greedy MIS=31905, |S|=54604, Oracle MIS=32500, Improvement=595
n=65000, coeff=14.0, trial=9, GT MIS=32500, Greedy MIS=31905, |S|=40630, Oracle MIS=32500, Improvement=595
n=65000, coeff=14.0, trial=9, GT MIS=32500, Greedy MIS=31905, |S|=33752, Oracle MIS=32500, Improvement=595
n=65000, coeff=14.0, trial=9, GT MIS=32500, Greedy MIS=31905, |S|=32587, Oracle MIS=32500, Improvement=595
n=65000, coeff=14.0, trial=9, GT MIS=32500, Greedy MIS=31905, |S|=32505, Oracle MIS=32500, Improvement=595
Results saved to bipartite_experiment_results_epislons_65000.csv
