Running job on gpu-5-26
Requested resources:
  - CPUs: 12
  - GPUs: 
  - Memory: 18000
Skipping n=70000, coeff=9.0, trial=0, epsilon=0.025 as entry already exists.
Skipping n=70000, coeff=9.0, trial=0, epsilon=0.05 as entry already exists.
Skipping n=70000, coeff=9.0, trial=0, epsilon=0.075 as entry already exists.
Skipping n=70000, coeff=9.0, trial=0, epsilon=0.1 as entry already exists.
Skipping n=70000, coeff=9.0, trial=0, epsilon=0.125 as entry already exists.
Skipping n=70000, coeff=9.0, trial=0, epsilon=0.15 as entry already exists.
Skipping n=70000, coeff=9.0, trial=0, epsilon=0.175 as entry already exists.
Skipping n=70000, coeff=9.0, trial=0, epsilon=0.2 as entry already exists.
Skipping n=70000, coeff=9.0, trial=0, epsilon=0.225 as entry already exists.
Skipping n=70000, coeff=9.0, trial=0, epsilon=0.25 as entry already exists.
Skipping n=70000, coeff=9.0, trial=1, epsilon=0.025 as entry already exists.
Skipping n=70000, coeff=9.0, trial=1, epsilon=0.05 as entry already exists.
Skipping n=70000, coeff=9.0, trial=1, epsilon=0.075 as entry already exists.
Skipping n=70000, coeff=9.0, trial=1, epsilon=0.1 as entry already exists.
Skipping n=70000, coeff=9.0, trial=1, epsilon=0.125 as entry already exists.
Skipping n=70000, coeff=9.0, trial=1, epsilon=0.15 as entry already exists.
Skipping n=70000, coeff=9.0, trial=1, epsilon=0.175 as entry already exists.
Skipping n=70000, coeff=9.0, trial=1, epsilon=0.2 as entry already exists.
Skipping n=70000, coeff=9.0, trial=1, epsilon=0.225 as entry already exists.
Skipping n=70000, coeff=9.0, trial=1, epsilon=0.25 as entry already exists.
Skipping n=70000, coeff=9.0, trial=2, epsilon=0.025 as entry already exists.
Skipping n=70000, coeff=9.0, trial=2, epsilon=0.05 as entry already exists.
Skipping n=70000, coeff=9.0, trial=2, epsilon=0.075 as entry already exists.
Skipping n=70000, coeff=9.0, trial=2, epsilon=0.1 as entry already exists.
Skipping n=70000, coeff=9.0, trial=2, epsilon=0.125 as entry already exists.
Skipping n=70000, coeff=9.0, trial=2, epsilon=0.15 as entry already exists.
Skipping n=70000, coeff=9.0, trial=2, epsilon=0.175 as entry already exists.
Skipping n=70000, coeff=9.0, trial=2, epsilon=0.2 as entry already exists.
Skipping n=70000, coeff=9.0, trial=2, epsilon=0.225 as entry already exists.
Skipping n=70000, coeff=9.0, trial=2, epsilon=0.25 as entry already exists.
Skipping n=70000, coeff=9.0, trial=3, epsilon=0.025 as entry already exists.
Skipping n=70000, coeff=9.0, trial=3, epsilon=0.05 as entry already exists.
Skipping n=70000, coeff=9.0, trial=3, epsilon=0.075 as entry already exists.
Skipping n=70000, coeff=9.0, trial=3, epsilon=0.1 as entry already exists.
Skipping n=70000, coeff=9.0, trial=3, epsilon=0.125 as entry already exists.
Skipping n=70000, coeff=9.0, trial=3, epsilon=0.15 as entry already exists.
Skipping n=70000, coeff=9.0, trial=3, epsilon=0.175 as entry already exists.
Skipping n=70000, coeff=9.0, trial=3, epsilon=0.2 as entry already exists.
Skipping n=70000, coeff=9.0, trial=3, epsilon=0.225 as entry already exists.
Skipping n=70000, coeff=9.0, trial=3, epsilon=0.25 as entry already exists.
Skipping n=70000, coeff=9.0, trial=4, epsilon=0.025 as entry already exists.
Skipping n=70000, coeff=9.0, trial=4, epsilon=0.05 as entry already exists.
Skipping n=70000, coeff=9.0, trial=4, epsilon=0.075 as entry already exists.
Skipping n=70000, coeff=9.0, trial=4, epsilon=0.1 as entry already exists.
Skipping n=70000, coeff=9.0, trial=4, epsilon=0.125 as entry already exists.
Skipping n=70000, coeff=9.0, trial=4, epsilon=0.15 as entry already exists.
Skipping n=70000, coeff=9.0, trial=4, epsilon=0.175 as entry already exists.
Skipping n=70000, coeff=9.0, trial=4, epsilon=0.2 as entry already exists.
Skipping n=70000, coeff=9.0, trial=4, epsilon=0.225 as entry already exists.
Skipping n=70000, coeff=9.0, trial=4, epsilon=0.25 as entry already exists.
Skipping n=70000, coeff=9.0, trial=5, epsilon=0.025 as entry already exists.
Skipping n=70000, coeff=9.0, trial=5, epsilon=0.05 as entry already exists.
Skipping n=70000, coeff=9.0, trial=5, epsilon=0.075 as entry already exists.
Skipping n=70000, coeff=9.0, trial=5, epsilon=0.1 as entry already exists.
Skipping n=70000, coeff=9.0, trial=5, epsilon=0.125 as entry already exists.
Skipping n=70000, coeff=9.0, trial=5, epsilon=0.15 as entry already exists.
Skipping n=70000, coeff=9.0, trial=5, epsilon=0.175 as entry already exists.
Skipping n=70000, coeff=9.0, trial=5, epsilon=0.2 as entry already exists.
Skipping n=70000, coeff=9.0, trial=5, epsilon=0.225 as entry already exists.
Skipping n=70000, coeff=9.0, trial=5, epsilon=0.25 as entry already exists.
Skipping n=70000, coeff=9.0, trial=6, epsilon=0.025 as entry already exists.
Skipping n=70000, coeff=9.0, trial=6, epsilon=0.05 as entry already exists.
Skipping n=70000, coeff=9.0, trial=6, epsilon=0.075 as entry already exists.
Skipping n=70000, coeff=9.0, trial=6, epsilon=0.1 as entry already exists.
Skipping n=70000, coeff=9.0, trial=6, epsilon=0.125 as entry already exists.
Skipping n=70000, coeff=9.0, trial=6, epsilon=0.15 as entry already exists.
Skipping n=70000, coeff=9.0, trial=6, epsilon=0.175 as entry already exists.
Skipping n=70000, coeff=9.0, trial=6, epsilon=0.2 as entry already exists.
Skipping n=70000, coeff=9.0, trial=6, epsilon=0.225 as entry already exists.
Skipping n=70000, coeff=9.0, trial=6, epsilon=0.25 as entry already exists.
Skipping n=70000, coeff=9.0, trial=7, epsilon=0.025 as entry already exists.
Skipping n=70000, coeff=9.0, trial=7, epsilon=0.05 as entry already exists.
Skipping n=70000, coeff=9.0, trial=7, epsilon=0.075 as entry already exists.
n=70000, coeff=9.0, trial=7, GT MIS=35000, Greedy MIS=34321, |S|=69972, Oracle MIS=34212, Improvement=-109
n=70000, coeff=9.0, trial=7, GT MIS=35000, Greedy MIS=34321, |S|=69418, Oracle MIS=34275, Improvement=-46
n=70000, coeff=9.0, trial=7, GT MIS=35000, Greedy MIS=34321, |S|=65322, Oracle MIS=34978, Improvement=657
n=70000, coeff=9.0, trial=7, GT MIS=35000, Greedy MIS=34321, |S|=54839, Oracle MIS=35000, Improvement=679
n=70000, coeff=9.0, trial=7, GT MIS=35000, Greedy MIS=34321, |S|=42991, Oracle MIS=35000, Improvement=679
n=70000, coeff=9.0, trial=7, GT MIS=35000, Greedy MIS=34321, |S|=36777, Oracle MIS=35000, Improvement=679
n=70000, coeff=9.0, trial=7, GT MIS=35000, Greedy MIS=34321, |S|=35245, Oracle MIS=34999, Improvement=678
n=70000, coeff=9.0, trial=8, GT MIS=35000, Greedy MIS=34438, |S|=70000, Oracle MIS=34438, Improvement=0
n=70000, coeff=9.0, trial=8, GT MIS=35000, Greedy MIS=34438, |S|=70000, Oracle MIS=34438, Improvement=0
n=70000, coeff=9.0, trial=8, GT MIS=35000, Greedy MIS=34438, |S|=69999, Oracle MIS=34437, Improvement=-1
n=70000, coeff=9.0, trial=8, GT MIS=35000, Greedy MIS=34438, |S|=69980, Oracle MIS=34418, Improvement=-20
n=70000, coeff=9.0, trial=8, GT MIS=35000, Greedy MIS=34438, |S|=69513, Oracle MIS=34558, Improvement=120
n=70000, coeff=9.0, trial=8, GT MIS=35000, Greedy MIS=34438, |S|=66022, Oracle MIS=34983, Improvement=545
n=70000, coeff=9.0, trial=8, GT MIS=35000, Greedy MIS=34438, |S|=55825, Oracle MIS=35000, Improvement=562
n=70000, coeff=9.0, trial=8, GT MIS=35000, Greedy MIS=34438, |S|=43551, Oracle MIS=35000, Improvement=562
n=70000, coeff=9.0, trial=8, GT MIS=35000, Greedy MIS=34438, |S|=36867, Oracle MIS=35000, Improvement=562
n=70000, coeff=9.0, trial=8, GT MIS=35000, Greedy MIS=34438, |S|=35260, Oracle MIS=34998, Improvement=560
n=70000, coeff=9.0, trial=9, GT MIS=35000, Greedy MIS=33924, |S|=70000, Oracle MIS=33924, Improvement=0
n=70000, coeff=9.0, trial=9, GT MIS=35000, Greedy MIS=33924, |S|=70000, Oracle MIS=33924, Improvement=0
n=70000, coeff=9.0, trial=9, GT MIS=35000, Greedy MIS=33924, |S|=70000, Oracle MIS=33924, Improvement=0
n=70000, coeff=9.0, trial=9, GT MIS=35000, Greedy MIS=33924, |S|=69983, Oracle MIS=33907, Improvement=-17
n=70000, coeff=9.0, trial=9, GT MIS=35000, Greedy MIS=33924, |S|=69472, Oracle MIS=34196, Improvement=272
n=70000, coeff=9.0, trial=9, GT MIS=35000, Greedy MIS=33924, |S|=65642, Oracle MIS=35000, Improvement=1076
n=70000, coeff=9.0, trial=9, GT MIS=35000, Greedy MIS=33924, |S|=55470, Oracle MIS=35000, Improvement=1076
n=70000, coeff=9.0, trial=9, GT MIS=35000, Greedy MIS=33924, |S|=43229, Oracle MIS=35000, Improvement=1076
n=70000, coeff=9.0, trial=9, GT MIS=35000, Greedy MIS=33924, |S|=36748, Oracle MIS=35000, Improvement=1076
n=70000, coeff=9.0, trial=9, GT MIS=35000, Greedy MIS=33924, |S|=35200, Oracle MIS=34998, Improvement=1074
Results saved to bipartite_experiment_results_epislons_70000.csv
