Running job on compute-2-02
Requested resources:
  - CPUs: 12
  - GPUs: 
  - Memory: 18000
Skipping n=80000, coeff=10.0, trial=0, epsilon=0.025 as entry already exists.
Skipping n=80000, coeff=10.0, trial=0, epsilon=0.05 as entry already exists.
Skipping n=80000, coeff=10.0, trial=0, epsilon=0.075 as entry already exists.
Skipping n=80000, coeff=10.0, trial=0, epsilon=0.1 as entry already exists.
Skipping n=80000, coeff=10.0, trial=0, epsilon=0.125 as entry already exists.
Skipping n=80000, coeff=10.0, trial=0, epsilon=0.15 as entry already exists.
Skipping n=80000, coeff=10.0, trial=0, epsilon=0.175 as entry already exists.
Skipping n=80000, coeff=10.0, trial=0, epsilon=0.2 as entry already exists.
Skipping n=80000, coeff=10.0, trial=0, epsilon=0.225 as entry already exists.
Skipping n=80000, coeff=10.0, trial=0, epsilon=0.25 as entry already exists.
Skipping n=80000, coeff=10.0, trial=1, epsilon=0.025 as entry already exists.
Skipping n=80000, coeff=10.0, trial=1, epsilon=0.05 as entry already exists.
Skipping n=80000, coeff=10.0, trial=1, epsilon=0.075 as entry already exists.
Skipping n=80000, coeff=10.0, trial=1, epsilon=0.1 as entry already exists.
Skipping n=80000, coeff=10.0, trial=1, epsilon=0.125 as entry already exists.
Skipping n=80000, coeff=10.0, trial=1, epsilon=0.15 as entry already exists.
Skipping n=80000, coeff=10.0, trial=1, epsilon=0.175 as entry already exists.
Skipping n=80000, coeff=10.0, trial=1, epsilon=0.2 as entry already exists.
Skipping n=80000, coeff=10.0, trial=1, epsilon=0.225 as entry already exists.
Skipping n=80000, coeff=10.0, trial=1, epsilon=0.25 as entry already exists.
Skipping n=80000, coeff=10.0, trial=2, epsilon=0.025 as entry already exists.
Skipping n=80000, coeff=10.0, trial=2, epsilon=0.05 as entry already exists.
Skipping n=80000, coeff=10.0, trial=2, epsilon=0.075 as entry already exists.
Skipping n=80000, coeff=10.0, trial=2, epsilon=0.1 as entry already exists.
Skipping n=80000, coeff=10.0, trial=2, epsilon=0.125 as entry already exists.
Skipping n=80000, coeff=10.0, trial=2, epsilon=0.15 as entry already exists.
Skipping n=80000, coeff=10.0, trial=2, epsilon=0.175 as entry already exists.
Skipping n=80000, coeff=10.0, trial=2, epsilon=0.2 as entry already exists.
Skipping n=80000, coeff=10.0, trial=2, epsilon=0.225 as entry already exists.
Skipping n=80000, coeff=10.0, trial=2, epsilon=0.25 as entry already exists.
Skipping n=80000, coeff=10.0, trial=3, epsilon=0.025 as entry already exists.
Skipping n=80000, coeff=10.0, trial=3, epsilon=0.05 as entry already exists.
Skipping n=80000, coeff=10.0, trial=3, epsilon=0.075 as entry already exists.
Skipping n=80000, coeff=10.0, trial=3, epsilon=0.1 as entry already exists.
Skipping n=80000, coeff=10.0, trial=3, epsilon=0.125 as entry already exists.
Skipping n=80000, coeff=10.0, trial=3, epsilon=0.15 as entry already exists.
Skipping n=80000, coeff=10.0, trial=3, epsilon=0.175 as entry already exists.
Skipping n=80000, coeff=10.0, trial=3, epsilon=0.2 as entry already exists.
Skipping n=80000, coeff=10.0, trial=3, epsilon=0.225 as entry already exists.
Skipping n=80000, coeff=10.0, trial=3, epsilon=0.25 as entry already exists.
Skipping n=80000, coeff=10.0, trial=4, epsilon=0.025 as entry already exists.
Skipping n=80000, coeff=10.0, trial=4, epsilon=0.05 as entry already exists.
Skipping n=80000, coeff=10.0, trial=4, epsilon=0.075 as entry already exists.
Skipping n=80000, coeff=10.0, trial=4, epsilon=0.1 as entry already exists.
Skipping n=80000, coeff=10.0, trial=4, epsilon=0.125 as entry already exists.
Skipping n=80000, coeff=10.0, trial=4, epsilon=0.15 as entry already exists.
Skipping n=80000, coeff=10.0, trial=4, epsilon=0.175 as entry already exists.
Skipping n=80000, coeff=10.0, trial=4, epsilon=0.2 as entry already exists.
Skipping n=80000, coeff=10.0, trial=4, epsilon=0.225 as entry already exists.
Skipping n=80000, coeff=10.0, trial=4, epsilon=0.25 as entry already exists.
Skipping n=80000, coeff=10.0, trial=5, epsilon=0.025 as entry already exists.
Skipping n=80000, coeff=10.0, trial=5, epsilon=0.05 as entry already exists.
Skipping n=80000, coeff=10.0, trial=5, epsilon=0.075 as entry already exists.
Skipping n=80000, coeff=10.0, trial=5, epsilon=0.1 as entry already exists.
Skipping n=80000, coeff=10.0, trial=5, epsilon=0.125 as entry already exists.
Skipping n=80000, coeff=10.0, trial=5, epsilon=0.15 as entry already exists.
Skipping n=80000, coeff=10.0, trial=5, epsilon=0.175 as entry already exists.
Skipping n=80000, coeff=10.0, trial=5, epsilon=0.2 as entry already exists.
Skipping n=80000, coeff=10.0, trial=5, epsilon=0.225 as entry already exists.
Skipping n=80000, coeff=10.0, trial=5, epsilon=0.25 as entry already exists.
Skipping n=80000, coeff=10.0, trial=6, epsilon=0.025 as entry already exists.
Skipping n=80000, coeff=10.0, trial=6, epsilon=0.05 as entry already exists.
Skipping n=80000, coeff=10.0, trial=6, epsilon=0.075 as entry already exists.
Skipping n=80000, coeff=10.0, trial=6, epsilon=0.1 as entry already exists.
Skipping n=80000, coeff=10.0, trial=6, epsilon=0.125 as entry already exists.
Skipping n=80000, coeff=10.0, trial=6, epsilon=0.15 as entry already exists.
Skipping n=80000, coeff=10.0, trial=6, epsilon=0.175 as entry already exists.
Skipping n=80000, coeff=10.0, trial=6, epsilon=0.2 as entry already exists.
Skipping n=80000, coeff=10.0, trial=6, epsilon=0.225 as entry already exists.
Skipping n=80000, coeff=10.0, trial=6, epsilon=0.25 as entry already exists.
Skipping n=80000, coeff=10.0, trial=7, epsilon=0.025 as entry already exists.
Skipping n=80000, coeff=10.0, trial=7, epsilon=0.05 as entry already exists.
Skipping n=80000, coeff=10.0, trial=7, epsilon=0.075 as entry already exists.
Skipping n=80000, coeff=10.0, trial=7, epsilon=0.1 as entry already exists.
Skipping n=80000, coeff=10.0, trial=7, epsilon=0.125 as entry already exists.
Skipping n=80000, coeff=10.0, trial=7, epsilon=0.15 as entry already exists.
Skipping n=80000, coeff=10.0, trial=7, epsilon=0.175 as entry already exists.
Skipping n=80000, coeff=10.0, trial=7, epsilon=0.2 as entry already exists.
Skipping n=80000, coeff=10.0, trial=7, epsilon=0.225 as entry already exists.
Skipping n=80000, coeff=10.0, trial=7, epsilon=0.25 as entry already exists.
Skipping n=80000, coeff=10.0, trial=8, epsilon=0.025 as entry already exists.
Skipping n=80000, coeff=10.0, trial=8, epsilon=0.05 as entry already exists.
Skipping n=80000, coeff=10.0, trial=8, epsilon=0.075 as entry already exists.
Skipping n=80000, coeff=10.0, trial=8, epsilon=0.1 as entry already exists.
Skipping n=80000, coeff=10.0, trial=8, epsilon=0.125 as entry already exists.
Skipping n=80000, coeff=10.0, trial=8, epsilon=0.15 as entry already exists.
Skipping n=80000, coeff=10.0, trial=8, epsilon=0.175 as entry already exists.
Skipping n=80000, coeff=10.0, trial=8, epsilon=0.2 as entry already exists.
Skipping n=80000, coeff=10.0, trial=8, epsilon=0.225 as entry already exists.
Skipping n=80000, coeff=10.0, trial=8, epsilon=0.25 as entry already exists.
n=80000, coeff=10.0, trial=9, GT MIS=40000, Greedy MIS=39763, |S|=80000, Oracle MIS=39763, Improvement=0
n=80000, coeff=10.0, trial=9, GT MIS=40000, Greedy MIS=39763, |S|=80000, Oracle MIS=39763, Improvement=0
n=80000, coeff=10.0, trial=9, GT MIS=40000, Greedy MIS=39763, |S|=80000, Oracle MIS=39763, Improvement=0
n=80000, coeff=10.0, trial=9, GT MIS=40000, Greedy MIS=39763, |S|=79963, Oracle MIS=39726, Improvement=-37
n=80000, coeff=10.0, trial=9, GT MIS=40000, Greedy MIS=39763, |S|=79087, Oracle MIS=39398, Improvement=-365
n=80000, coeff=10.0, trial=9, GT MIS=40000, Greedy MIS=39763, |S|=73573, Oracle MIS=40000, Improvement=237
n=80000, coeff=10.0, trial=9, GT MIS=40000, Greedy MIS=39763, |S|=60135, Oracle MIS=40000, Improvement=237
n=80000, coeff=10.0, trial=9, GT MIS=40000, Greedy MIS=39763, |S|=46797, Oracle MIS=40000, Improvement=237
n=80000, coeff=10.0, trial=9, GT MIS=40000, Greedy MIS=39763, |S|=41240, Oracle MIS=40000, Improvement=237
n=80000, coeff=10.0, trial=9, GT MIS=40000, Greedy MIS=39763, |S|=40110, Oracle MIS=39998, Improvement=235
Results saved to bipartite_experiment_results_epislons_80000.csv
