Running job on compute-3-02
Requested resources:
  - CPUs: 12
  - GPUs: 
  - Memory: 18000
Skipping n=70000, coeff=13.0, trial=0, epsilon=0.025 as entry already exists.
Skipping n=70000, coeff=13.0, trial=0, epsilon=0.05 as entry already exists.
Skipping n=70000, coeff=13.0, trial=0, epsilon=0.075 as entry already exists.
Skipping n=70000, coeff=13.0, trial=0, epsilon=0.1 as entry already exists.
Skipping n=70000, coeff=13.0, trial=0, epsilon=0.125 as entry already exists.
Skipping n=70000, coeff=13.0, trial=0, epsilon=0.15 as entry already exists.
Skipping n=70000, coeff=13.0, trial=0, epsilon=0.175 as entry already exists.
Skipping n=70000, coeff=13.0, trial=0, epsilon=0.2 as entry already exists.
Skipping n=70000, coeff=13.0, trial=0, epsilon=0.225 as entry already exists.
Skipping n=70000, coeff=13.0, trial=0, epsilon=0.25 as entry already exists.
Skipping n=70000, coeff=13.0, trial=1, epsilon=0.025 as entry already exists.
Skipping n=70000, coeff=13.0, trial=1, epsilon=0.05 as entry already exists.
Skipping n=70000, coeff=13.0, trial=1, epsilon=0.075 as entry already exists.
Skipping n=70000, coeff=13.0, trial=1, epsilon=0.1 as entry already exists.
Skipping n=70000, coeff=13.0, trial=1, epsilon=0.125 as entry already exists.
Skipping n=70000, coeff=13.0, trial=1, epsilon=0.15 as entry already exists.
Skipping n=70000, coeff=13.0, trial=1, epsilon=0.175 as entry already exists.
Skipping n=70000, coeff=13.0, trial=1, epsilon=0.2 as entry already exists.
Skipping n=70000, coeff=13.0, trial=1, epsilon=0.225 as entry already exists.
Skipping n=70000, coeff=13.0, trial=1, epsilon=0.25 as entry already exists.
Skipping n=70000, coeff=13.0, trial=2, epsilon=0.025 as entry already exists.
Skipping n=70000, coeff=13.0, trial=2, epsilon=0.05 as entry already exists.
Skipping n=70000, coeff=13.0, trial=2, epsilon=0.075 as entry already exists.
Skipping n=70000, coeff=13.0, trial=2, epsilon=0.1 as entry already exists.
Skipping n=70000, coeff=13.0, trial=2, epsilon=0.125 as entry already exists.
Skipping n=70000, coeff=13.0, trial=2, epsilon=0.15 as entry already exists.
Skipping n=70000, coeff=13.0, trial=2, epsilon=0.175 as entry already exists.
Skipping n=70000, coeff=13.0, trial=2, epsilon=0.2 as entry already exists.
Skipping n=70000, coeff=13.0, trial=2, epsilon=0.225 as entry already exists.
Skipping n=70000, coeff=13.0, trial=2, epsilon=0.25 as entry already exists.
Skipping n=70000, coeff=13.0, trial=3, epsilon=0.025 as entry already exists.
Skipping n=70000, coeff=13.0, trial=3, epsilon=0.05 as entry already exists.
Skipping n=70000, coeff=13.0, trial=3, epsilon=0.075 as entry already exists.
Skipping n=70000, coeff=13.0, trial=3, epsilon=0.1 as entry already exists.
Skipping n=70000, coeff=13.0, trial=3, epsilon=0.125 as entry already exists.
Skipping n=70000, coeff=13.0, trial=3, epsilon=0.15 as entry already exists.
Skipping n=70000, coeff=13.0, trial=3, epsilon=0.175 as entry already exists.
Skipping n=70000, coeff=13.0, trial=3, epsilon=0.2 as entry already exists.
Skipping n=70000, coeff=13.0, trial=3, epsilon=0.225 as entry already exists.
Skipping n=70000, coeff=13.0, trial=3, epsilon=0.25 as entry already exists.
Skipping n=70000, coeff=13.0, trial=4, epsilon=0.025 as entry already exists.
Skipping n=70000, coeff=13.0, trial=4, epsilon=0.05 as entry already exists.
Skipping n=70000, coeff=13.0, trial=4, epsilon=0.075 as entry already exists.
Skipping n=70000, coeff=13.0, trial=4, epsilon=0.1 as entry already exists.
Skipping n=70000, coeff=13.0, trial=4, epsilon=0.125 as entry already exists.
Skipping n=70000, coeff=13.0, trial=4, epsilon=0.15 as entry already exists.
Skipping n=70000, coeff=13.0, trial=4, epsilon=0.175 as entry already exists.
Skipping n=70000, coeff=13.0, trial=4, epsilon=0.2 as entry already exists.
Skipping n=70000, coeff=13.0, trial=4, epsilon=0.225 as entry already exists.
Skipping n=70000, coeff=13.0, trial=4, epsilon=0.25 as entry already exists.
Skipping n=70000, coeff=13.0, trial=5, epsilon=0.025 as entry already exists.
Skipping n=70000, coeff=13.0, trial=5, epsilon=0.05 as entry already exists.
Skipping n=70000, coeff=13.0, trial=5, epsilon=0.075 as entry already exists.
Skipping n=70000, coeff=13.0, trial=5, epsilon=0.1 as entry already exists.
Skipping n=70000, coeff=13.0, trial=5, epsilon=0.125 as entry already exists.
Skipping n=70000, coeff=13.0, trial=5, epsilon=0.15 as entry already exists.
Skipping n=70000, coeff=13.0, trial=5, epsilon=0.175 as entry already exists.
Skipping n=70000, coeff=13.0, trial=5, epsilon=0.2 as entry already exists.
Skipping n=70000, coeff=13.0, trial=5, epsilon=0.225 as entry already exists.
Skipping n=70000, coeff=13.0, trial=5, epsilon=0.25 as entry already exists.
Skipping n=70000, coeff=13.0, trial=6, epsilon=0.025 as entry already exists.
Skipping n=70000, coeff=13.0, trial=6, epsilon=0.05 as entry already exists.
Skipping n=70000, coeff=13.0, trial=6, epsilon=0.075 as entry already exists.
Skipping n=70000, coeff=13.0, trial=6, epsilon=0.1 as entry already exists.
Skipping n=70000, coeff=13.0, trial=6, epsilon=0.125 as entry already exists.
Skipping n=70000, coeff=13.0, trial=6, epsilon=0.15 as entry already exists.
Skipping n=70000, coeff=13.0, trial=6, epsilon=0.175 as entry already exists.
Skipping n=70000, coeff=13.0, trial=6, epsilon=0.2 as entry already exists.
Skipping n=70000, coeff=13.0, trial=6, epsilon=0.225 as entry already exists.
Skipping n=70000, coeff=13.0, trial=6, epsilon=0.25 as entry already exists.
Skipping n=70000, coeff=13.0, trial=7, epsilon=0.025 as entry already exists.
Skipping n=70000, coeff=13.0, trial=7, epsilon=0.05 as entry already exists.
Skipping n=70000, coeff=13.0, trial=7, epsilon=0.075 as entry already exists.
Skipping n=70000, coeff=13.0, trial=7, epsilon=0.1 as entry already exists.
n=70000, coeff=13.0, trial=7, GT MIS=35000, Greedy MIS=33858, |S|=68582, Oracle MIS=34885, Improvement=1027
n=70000, coeff=13.0, trial=7, GT MIS=35000, Greedy MIS=33858, |S|=60225, Oracle MIS=35000, Improvement=1142
n=70000, coeff=13.0, trial=7, GT MIS=35000, Greedy MIS=33858, |S|=45934, Oracle MIS=35000, Improvement=1142
n=70000, coeff=13.0, trial=7, GT MIS=35000, Greedy MIS=33858, |S|=37177, Oracle MIS=35000, Improvement=1142
n=70000, coeff=13.0, trial=7, GT MIS=35000, Greedy MIS=33858, |S|=35186, Oracle MIS=35000, Improvement=1142
n=70000, coeff=13.0, trial=7, GT MIS=35000, Greedy MIS=33858, |S|=35009, Oracle MIS=35000, Improvement=1142
n=70000, coeff=13.0, trial=8, GT MIS=35000, Greedy MIS=34276, |S|=70000, Oracle MIS=34276, Improvement=0
n=70000, coeff=13.0, trial=8, GT MIS=35000, Greedy MIS=34276, |S|=70000, Oracle MIS=34276, Improvement=0
n=70000, coeff=13.0, trial=8, GT MIS=35000, Greedy MIS=34276, |S|=70000, Oracle MIS=34276, Improvement=0
n=70000, coeff=13.0, trial=8, GT MIS=35000, Greedy MIS=34276, |S|=69975, Oracle MIS=34276, Improvement=0
n=70000, coeff=13.0, trial=8, GT MIS=35000, Greedy MIS=34276, |S|=68874, Oracle MIS=34841, Improvement=565
n=70000, coeff=13.0, trial=8, GT MIS=35000, Greedy MIS=34276, |S|=61531, Oracle MIS=35000, Improvement=724
n=70000, coeff=13.0, trial=8, GT MIS=35000, Greedy MIS=34276, |S|=46800, Oracle MIS=35000, Improvement=724
n=70000, coeff=13.0, trial=8, GT MIS=35000, Greedy MIS=34276, |S|=37384, Oracle MIS=35000, Improvement=724
n=70000, coeff=13.0, trial=8, GT MIS=35000, Greedy MIS=34276, |S|=35202, Oracle MIS=35000, Improvement=724
n=70000, coeff=13.0, trial=8, GT MIS=35000, Greedy MIS=34276, |S|=35006, Oracle MIS=35000, Improvement=724
n=70000, coeff=13.0, trial=9, GT MIS=35000, Greedy MIS=34327, |S|=70000, Oracle MIS=34327, Improvement=0
n=70000, coeff=13.0, trial=9, GT MIS=35000, Greedy MIS=34327, |S|=70000, Oracle MIS=34327, Improvement=0
n=70000, coeff=13.0, trial=9, GT MIS=35000, Greedy MIS=34327, |S|=70000, Oracle MIS=34327, Improvement=0
n=70000, coeff=13.0, trial=9, GT MIS=35000, Greedy MIS=34327, |S|=69941, Oracle MIS=33753, Improvement=-574
n=70000, coeff=13.0, trial=9, GT MIS=35000, Greedy MIS=34327, |S|=68621, Oracle MIS=34712, Improvement=385
n=70000, coeff=13.0, trial=9, GT MIS=35000, Greedy MIS=34327, |S|=60826, Oracle MIS=35000, Improvement=673
n=70000, coeff=13.0, trial=9, GT MIS=35000, Greedy MIS=34327, |S|=46358, Oracle MIS=35000, Improvement=673
n=70000, coeff=13.0, trial=9, GT MIS=35000, Greedy MIS=34327, |S|=37262, Oracle MIS=35000, Improvement=673
n=70000, coeff=13.0, trial=9, GT MIS=35000, Greedy MIS=34327, |S|=35162, Oracle MIS=35000, Improvement=673
n=70000, coeff=13.0, trial=9, GT MIS=35000, Greedy MIS=34327, |S|=35003, Oracle MIS=34998, Improvement=671
Results saved to bipartite_experiment_results_epislons_70000.csv
