Running job on compute-3-06
Requested resources:
  - CPUs: 18
  - GPUs: 
  - Memory: 18000
n=60000, coeff=3.0, trial=0, GT MIS=30000, Greedy MIS=29505, |S|=60000, Oracle MIS=29505, Improvement=0
n=60000, coeff=3.0, trial=0, GT MIS=30000, Greedy MIS=29505, |S|=60000, Oracle MIS=29505, Improvement=0
n=60000, coeff=3.0, trial=0, GT MIS=30000, Greedy MIS=29505, |S|=59999, Oracle MIS=29504, Improvement=-1
n=60000, coeff=3.0, trial=0, GT MIS=30000, Greedy MIS=29505, |S|=59980, Oracle MIS=29476, Improvement=-29
n=60000, coeff=3.0, trial=0, GT MIS=30000, Greedy MIS=29505, |S|=59837, Oracle MIS=29304, Improvement=-201
n=60000, coeff=3.0, trial=0, GT MIS=30000, Greedy MIS=29505, |S|=59055, Oracle MIS=28190, Improvement=-1315
n=60000, coeff=3.0, trial=0, GT MIS=30000, Greedy MIS=29505, |S|=56926, Oracle MIS=29522, Improvement=17
n=60000, coeff=3.0, trial=0, GT MIS=30000, Greedy MIS=29505, |S|=52104, Oracle MIS=29972, Improvement=467
n=60000, coeff=3.0, trial=0, GT MIS=30000, Greedy MIS=29505, |S|=45583, Oracle MIS=29994, Improvement=489
n=60000, coeff=3.0, trial=0, GT MIS=30000, Greedy MIS=29505, |S|=39357, Oracle MIS=29990, Improvement=485
n=60000, coeff=3.0, trial=1, GT MIS=30000, Greedy MIS=29447, |S|=60000, Oracle MIS=29447, Improvement=0
n=60000, coeff=3.0, trial=1, GT MIS=30000, Greedy MIS=29447, |S|=59999, Oracle MIS=29446, Improvement=-1
n=60000, coeff=3.0, trial=1, GT MIS=30000, Greedy MIS=29447, |S|=59997, Oracle MIS=29444, Improvement=-3
n=60000, coeff=3.0, trial=1, GT MIS=30000, Greedy MIS=29447, |S|=59973, Oracle MIS=29417, Improvement=-30
n=60000, coeff=3.0, trial=1, GT MIS=30000, Greedy MIS=29447, |S|=59823, Oracle MIS=29213, Improvement=-234
n=60000, coeff=3.0, trial=1, GT MIS=30000, Greedy MIS=29447, |S|=59126, Oracle MIS=27993, Improvement=-1454
n=60000, coeff=3.0, trial=1, GT MIS=30000, Greedy MIS=29447, |S|=56881, Oracle MIS=29538, Improvement=91
n=60000, coeff=3.0, trial=1, GT MIS=30000, Greedy MIS=29447, |S|=52019, Oracle MIS=29964, Improvement=517
n=60000, coeff=3.0, trial=1, GT MIS=30000, Greedy MIS=29447, |S|=45506, Oracle MIS=29999, Improvement=552
n=60000, coeff=3.0, trial=1, GT MIS=30000, Greedy MIS=29447, |S|=39471, Oracle MIS=29993, Improvement=546
n=60000, coeff=3.0, trial=2, GT MIS=30000, Greedy MIS=29434, |S|=60000, Oracle MIS=29434, Improvement=0
n=60000, coeff=3.0, trial=2, GT MIS=30000, Greedy MIS=29434, |S|=60000, Oracle MIS=29434, Improvement=0
n=60000, coeff=3.0, trial=2, GT MIS=30000, Greedy MIS=29434, |S|=60000, Oracle MIS=29434, Improvement=0
n=60000, coeff=3.0, trial=2, GT MIS=30000, Greedy MIS=29434, |S|=59989, Oracle MIS=29423, Improvement=-11
n=60000, coeff=3.0, trial=2, GT MIS=30000, Greedy MIS=29434, |S|=59834, Oracle MIS=29214, Improvement=-220
n=60000, coeff=3.0, trial=2, GT MIS=30000, Greedy MIS=29434, |S|=59112, Oracle MIS=28016, Improvement=-1418
n=60000, coeff=3.0, trial=2, GT MIS=30000, Greedy MIS=29434, |S|=57042, Oracle MIS=29560, Improvement=126
n=60000, coeff=3.0, trial=2, GT MIS=30000, Greedy MIS=29434, |S|=52303, Oracle MIS=29972, Improvement=538
n=60000, coeff=3.0, trial=2, GT MIS=30000, Greedy MIS=29434, |S|=45902, Oracle MIS=29994, Improvement=560
n=60000, coeff=3.0, trial=2, GT MIS=30000, Greedy MIS=29434, |S|=39681, Oracle MIS=29991, Improvement=557
n=60000, coeff=3.0, trial=3, GT MIS=30000, Greedy MIS=29507, |S|=60000, Oracle MIS=29507, Improvement=0
n=60000, coeff=3.0, trial=3, GT MIS=30000, Greedy MIS=29507, |S|=60000, Oracle MIS=29507, Improvement=0
n=60000, coeff=3.0, trial=3, GT MIS=30000, Greedy MIS=29507, |S|=60000, Oracle MIS=29507, Improvement=0
n=60000, coeff=3.0, trial=3, GT MIS=30000, Greedy MIS=29507, |S|=59980, Oracle MIS=29488, Improvement=-19
n=60000, coeff=3.0, trial=3, GT MIS=30000, Greedy MIS=29507, |S|=59828, Oracle MIS=29305, Improvement=-202
n=60000, coeff=3.0, trial=3, GT MIS=30000, Greedy MIS=29507, |S|=59101, Oracle MIS=28224, Improvement=-1283
n=60000, coeff=3.0, trial=3, GT MIS=30000, Greedy MIS=29507, |S|=56927, Oracle MIS=29476, Improvement=-31
n=60000, coeff=3.0, trial=3, GT MIS=30000, Greedy MIS=29507, |S|=52146, Oracle MIS=29974, Improvement=467
n=60000, coeff=3.0, trial=3, GT MIS=30000, Greedy MIS=29507, |S|=45518, Oracle MIS=29994, Improvement=487
n=60000, coeff=3.0, trial=3, GT MIS=30000, Greedy MIS=29507, |S|=39196, Oracle MIS=29989, Improvement=482
n=60000, coeff=3.0, trial=4, GT MIS=30000, Greedy MIS=29459, |S|=60000, Oracle MIS=29459, Improvement=0
n=60000, coeff=3.0, trial=4, GT MIS=30000, Greedy MIS=29459, |S|=60000, Oracle MIS=29459, Improvement=0
n=60000, coeff=3.0, trial=4, GT MIS=30000, Greedy MIS=29459, |S|=60000, Oracle MIS=29459, Improvement=0
n=60000, coeff=3.0, trial=4, GT MIS=30000, Greedy MIS=29459, |S|=59976, Oracle MIS=29426, Improvement=-33
n=60000, coeff=3.0, trial=4, GT MIS=30000, Greedy MIS=29459, |S|=59823, Oracle MIS=29221, Improvement=-238
n=60000, coeff=3.0, trial=4, GT MIS=30000, Greedy MIS=29459, |S|=59102, Oracle MIS=28110, Improvement=-1349
n=60000, coeff=3.0, trial=4, GT MIS=30000, Greedy MIS=29459, |S|=57058, Oracle MIS=29469, Improvement=10
n=60000, coeff=3.0, trial=4, GT MIS=30000, Greedy MIS=29459, |S|=52282, Oracle MIS=29981, Improvement=522
n=60000, coeff=3.0, trial=4, GT MIS=30000, Greedy MIS=29459, |S|=45802, Oracle MIS=29993, Improvement=534
n=60000, coeff=3.0, trial=4, GT MIS=30000, Greedy MIS=29459, |S|=39529, Oracle MIS=29991, Improvement=532
n=60000, coeff=3.0, trial=5, GT MIS=30000, Greedy MIS=29551, |S|=60000, Oracle MIS=29551, Improvement=0
n=60000, coeff=3.0, trial=5, GT MIS=30000, Greedy MIS=29551, |S|=60000, Oracle MIS=29551, Improvement=0
n=60000, coeff=3.0, trial=5, GT MIS=30000, Greedy MIS=29551, |S|=60000, Oracle MIS=29551, Improvement=0
n=60000, coeff=3.0, trial=5, GT MIS=30000, Greedy MIS=29551, |S|=59982, Oracle MIS=29533, Improvement=-18
n=60000, coeff=3.0, trial=5, GT MIS=30000, Greedy MIS=29551, |S|=59838, Oracle MIS=29349, Improvement=-202
n=60000, coeff=3.0, trial=5, GT MIS=30000, Greedy MIS=29551, |S|=59094, Oracle MIS=28152, Improvement=-1399
n=60000, coeff=3.0, trial=5, GT MIS=30000, Greedy MIS=29551, |S|=57002, Oracle MIS=29381, Improvement=-170
n=60000, coeff=3.0, trial=5, GT MIS=30000, Greedy MIS=29551, |S|=52171, Oracle MIS=29980, Improvement=429
n=60000, coeff=3.0, trial=5, GT MIS=30000, Greedy MIS=29551, |S|=45874, Oracle MIS=29997, Improvement=446
n=60000, coeff=3.0, trial=5, GT MIS=30000, Greedy MIS=29551, |S|=39576, Oracle MIS=29995, Improvement=444
n=60000, coeff=3.0, trial=6, GT MIS=30000, Greedy MIS=29497, |S|=60000, Oracle MIS=29497, Improvement=0
n=60000, coeff=3.0, trial=6, GT MIS=30000, Greedy MIS=29497, |S|=60000, Oracle MIS=29497, Improvement=0
n=60000, coeff=3.0, trial=6, GT MIS=30000, Greedy MIS=29497, |S|=59998, Oracle MIS=29495, Improvement=-2
n=60000, coeff=3.0, trial=6, GT MIS=30000, Greedy MIS=29497, |S|=59984, Oracle MIS=29481, Improvement=-16
n=60000, coeff=3.0, trial=6, GT MIS=30000, Greedy MIS=29497, |S|=59817, Oracle MIS=29268, Improvement=-229
n=60000, coeff=3.0, trial=6, GT MIS=30000, Greedy MIS=29497, |S|=59065, Oracle MIS=28100, Improvement=-1397
n=60000, coeff=3.0, trial=6, GT MIS=30000, Greedy MIS=29497, |S|=56914, Oracle MIS=29547, Improvement=50
n=60000, coeff=3.0, trial=6, GT MIS=30000, Greedy MIS=29497, |S|=52175, Oracle MIS=29978, Improvement=481
n=60000, coeff=3.0, trial=6, GT MIS=30000, Greedy MIS=29497, |S|=45774, Oracle MIS=29997, Improvement=500
n=60000, coeff=3.0, trial=6, GT MIS=30000, Greedy MIS=29497, |S|=39475, Oracle MIS=29988, Improvement=491
n=60000, coeff=3.0, trial=7, GT MIS=30000, Greedy MIS=29547, |S|=60000, Oracle MIS=29547, Improvement=0
n=60000, coeff=3.0, trial=7, GT MIS=30000, Greedy MIS=29547, |S|=60000, Oracle MIS=29547, Improvement=0
n=60000, coeff=3.0, trial=7, GT MIS=30000, Greedy MIS=29547, |S|=59998, Oracle MIS=29545, Improvement=-2
n=60000, coeff=3.0, trial=7, GT MIS=30000, Greedy MIS=29547, |S|=59982, Oracle MIS=29515, Improvement=-32
n=60000, coeff=3.0, trial=7, GT MIS=30000, Greedy MIS=29547, |S|=59846, Oracle MIS=29327, Improvement=-220
n=60000, coeff=3.0, trial=7, GT MIS=30000, Greedy MIS=29547, |S|=59079, Oracle MIS=28166, Improvement=-1381
n=60000, coeff=3.0, trial=7, GT MIS=30000, Greedy MIS=29547, |S|=56868, Oracle MIS=29599, Improvement=52
n=60000, coeff=3.0, trial=7, GT MIS=30000, Greedy MIS=29547, |S|=52073, Oracle MIS=29976, Improvement=429
n=60000, coeff=3.0, trial=7, GT MIS=30000, Greedy MIS=29547, |S|=45533, Oracle MIS=29996, Improvement=449
n=60000, coeff=3.0, trial=7, GT MIS=30000, Greedy MIS=29547, |S|=39312, Oracle MIS=29989, Improvement=442
n=60000, coeff=3.0, trial=8, GT MIS=30000, Greedy MIS=29454, |S|=60000, Oracle MIS=29454, Improvement=0
n=60000, coeff=3.0, trial=8, GT MIS=30000, Greedy MIS=29454, |S|=60000, Oracle MIS=29454, Improvement=0
n=60000, coeff=3.0, trial=8, GT MIS=30000, Greedy MIS=29454, |S|=59998, Oracle MIS=29453, Improvement=-1
n=60000, coeff=3.0, trial=8, GT MIS=30000, Greedy MIS=29454, |S|=59983, Oracle MIS=29438, Improvement=-16
n=60000, coeff=3.0, trial=8, GT MIS=30000, Greedy MIS=29454, |S|=59828, Oracle MIS=29231, Improvement=-223
n=60000, coeff=3.0, trial=8, GT MIS=30000, Greedy MIS=29454, |S|=59132, Oracle MIS=28218, Improvement=-1236
n=60000, coeff=3.0, trial=8, GT MIS=30000, Greedy MIS=29454, |S|=56994, Oracle MIS=29574, Improvement=120
n=60000, coeff=3.0, trial=8, GT MIS=30000, Greedy MIS=29454, |S|=52281, Oracle MIS=29967, Improvement=513
n=60000, coeff=3.0, trial=8, GT MIS=30000, Greedy MIS=29454, |S|=45670, Oracle MIS=29997, Improvement=543
n=60000, coeff=3.0, trial=8, GT MIS=30000, Greedy MIS=29454, |S|=39460, Oracle MIS=29992, Improvement=538
n=60000, coeff=3.0, trial=9, GT MIS=30000, Greedy MIS=29656, |S|=60000, Oracle MIS=29656, Improvement=0
n=60000, coeff=3.0, trial=9, GT MIS=30000, Greedy MIS=29656, |S|=60000, Oracle MIS=29656, Improvement=0
n=60000, coeff=3.0, trial=9, GT MIS=30000, Greedy MIS=29656, |S|=59997, Oracle MIS=29653, Improvement=-3
n=60000, coeff=3.0, trial=9, GT MIS=30000, Greedy MIS=29656, |S|=59979, Oracle MIS=29636, Improvement=-20
n=60000, coeff=3.0, trial=9, GT MIS=30000, Greedy MIS=29656, |S|=59821, Oracle MIS=29420, Improvement=-236
n=60000, coeff=3.0, trial=9, GT MIS=30000, Greedy MIS=29656, |S|=59139, Oracle MIS=28387, Improvement=-1269
n=60000, coeff=3.0, trial=9, GT MIS=30000, Greedy MIS=29656, |S|=57143, Oracle MIS=29557, Improvement=-99
n=60000, coeff=3.0, trial=9, GT MIS=30000, Greedy MIS=29656, |S|=52446, Oracle MIS=29964, Improvement=308
n=60000, coeff=3.0, trial=9, GT MIS=30000, Greedy MIS=29656, |S|=45991, Oracle MIS=29996, Improvement=340
n=60000, coeff=3.0, trial=9, GT MIS=30000, Greedy MIS=29656, |S|=39605, Oracle MIS=29989, Improvement=333
Results saved to bipartite_experiment_results_epislons_60000.csv
