Running job on compute-3-01
Requested resources:
  - CPUs: 12
  - GPUs: 
  - Memory: 18000
Skipping n=70000, coeff=8.0, trial=0, epsilon=0.025 as entry already exists.
Skipping n=70000, coeff=8.0, trial=0, epsilon=0.05 as entry already exists.
Skipping n=70000, coeff=8.0, trial=0, epsilon=0.075 as entry already exists.
Skipping n=70000, coeff=8.0, trial=0, epsilon=0.1 as entry already exists.
Skipping n=70000, coeff=8.0, trial=0, epsilon=0.125 as entry already exists.
Skipping n=70000, coeff=8.0, trial=0, epsilon=0.15 as entry already exists.
Skipping n=70000, coeff=8.0, trial=0, epsilon=0.175 as entry already exists.
Skipping n=70000, coeff=8.0, trial=0, epsilon=0.2 as entry already exists.
Skipping n=70000, coeff=8.0, trial=0, epsilon=0.225 as entry already exists.
Skipping n=70000, coeff=8.0, trial=0, epsilon=0.25 as entry already exists.
Skipping n=70000, coeff=8.0, trial=1, epsilon=0.025 as entry already exists.
Skipping n=70000, coeff=8.0, trial=1, epsilon=0.05 as entry already exists.
Skipping n=70000, coeff=8.0, trial=1, epsilon=0.075 as entry already exists.
Skipping n=70000, coeff=8.0, trial=1, epsilon=0.1 as entry already exists.
Skipping n=70000, coeff=8.0, trial=1, epsilon=0.125 as entry already exists.
Skipping n=70000, coeff=8.0, trial=1, epsilon=0.15 as entry already exists.
Skipping n=70000, coeff=8.0, trial=1, epsilon=0.175 as entry already exists.
Skipping n=70000, coeff=8.0, trial=1, epsilon=0.2 as entry already exists.
Skipping n=70000, coeff=8.0, trial=1, epsilon=0.225 as entry already exists.
Skipping n=70000, coeff=8.0, trial=1, epsilon=0.25 as entry already exists.
Skipping n=70000, coeff=8.0, trial=2, epsilon=0.025 as entry already exists.
Skipping n=70000, coeff=8.0, trial=2, epsilon=0.05 as entry already exists.
Skipping n=70000, coeff=8.0, trial=2, epsilon=0.075 as entry already exists.
Skipping n=70000, coeff=8.0, trial=2, epsilon=0.1 as entry already exists.
Skipping n=70000, coeff=8.0, trial=2, epsilon=0.125 as entry already exists.
Skipping n=70000, coeff=8.0, trial=2, epsilon=0.15 as entry already exists.
Skipping n=70000, coeff=8.0, trial=2, epsilon=0.175 as entry already exists.
Skipping n=70000, coeff=8.0, trial=2, epsilon=0.2 as entry already exists.
Skipping n=70000, coeff=8.0, trial=2, epsilon=0.225 as entry already exists.
Skipping n=70000, coeff=8.0, trial=2, epsilon=0.25 as entry already exists.
Skipping n=70000, coeff=8.0, trial=3, epsilon=0.025 as entry already exists.
Skipping n=70000, coeff=8.0, trial=3, epsilon=0.05 as entry already exists.
Skipping n=70000, coeff=8.0, trial=3, epsilon=0.075 as entry already exists.
Skipping n=70000, coeff=8.0, trial=3, epsilon=0.1 as entry already exists.
Skipping n=70000, coeff=8.0, trial=3, epsilon=0.125 as entry already exists.
Skipping n=70000, coeff=8.0, trial=3, epsilon=0.15 as entry already exists.
Skipping n=70000, coeff=8.0, trial=3, epsilon=0.175 as entry already exists.
Skipping n=70000, coeff=8.0, trial=3, epsilon=0.2 as entry already exists.
Skipping n=70000, coeff=8.0, trial=3, epsilon=0.225 as entry already exists.
Skipping n=70000, coeff=8.0, trial=3, epsilon=0.25 as entry already exists.
Skipping n=70000, coeff=8.0, trial=4, epsilon=0.025 as entry already exists.
Skipping n=70000, coeff=8.0, trial=4, epsilon=0.05 as entry already exists.
Skipping n=70000, coeff=8.0, trial=4, epsilon=0.075 as entry already exists.
Skipping n=70000, coeff=8.0, trial=4, epsilon=0.1 as entry already exists.
Skipping n=70000, coeff=8.0, trial=4, epsilon=0.125 as entry already exists.
Skipping n=70000, coeff=8.0, trial=4, epsilon=0.15 as entry already exists.
Skipping n=70000, coeff=8.0, trial=4, epsilon=0.175 as entry already exists.
Skipping n=70000, coeff=8.0, trial=4, epsilon=0.2 as entry already exists.
Skipping n=70000, coeff=8.0, trial=4, epsilon=0.225 as entry already exists.
Skipping n=70000, coeff=8.0, trial=4, epsilon=0.25 as entry already exists.
Skipping n=70000, coeff=8.0, trial=5, epsilon=0.025 as entry already exists.
Skipping n=70000, coeff=8.0, trial=5, epsilon=0.05 as entry already exists.
Skipping n=70000, coeff=8.0, trial=5, epsilon=0.075 as entry already exists.
Skipping n=70000, coeff=8.0, trial=5, epsilon=0.1 as entry already exists.
Skipping n=70000, coeff=8.0, trial=5, epsilon=0.125 as entry already exists.
Skipping n=70000, coeff=8.0, trial=5, epsilon=0.15 as entry already exists.
Skipping n=70000, coeff=8.0, trial=5, epsilon=0.175 as entry already exists.
Skipping n=70000, coeff=8.0, trial=5, epsilon=0.2 as entry already exists.
Skipping n=70000, coeff=8.0, trial=5, epsilon=0.225 as entry already exists.
Skipping n=70000, coeff=8.0, trial=5, epsilon=0.25 as entry already exists.
Skipping n=70000, coeff=8.0, trial=6, epsilon=0.025 as entry already exists.
Skipping n=70000, coeff=8.0, trial=6, epsilon=0.05 as entry already exists.
Skipping n=70000, coeff=8.0, trial=6, epsilon=0.075 as entry already exists.
Skipping n=70000, coeff=8.0, trial=6, epsilon=0.1 as entry already exists.
Skipping n=70000, coeff=8.0, trial=6, epsilon=0.125 as entry already exists.
Skipping n=70000, coeff=8.0, trial=6, epsilon=0.15 as entry already exists.
Skipping n=70000, coeff=8.0, trial=6, epsilon=0.175 as entry already exists.
Skipping n=70000, coeff=8.0, trial=6, epsilon=0.2 as entry already exists.
Skipping n=70000, coeff=8.0, trial=6, epsilon=0.225 as entry already exists.
Skipping n=70000, coeff=8.0, trial=6, epsilon=0.25 as entry already exists.
Skipping n=70000, coeff=8.0, trial=7, epsilon=0.025 as entry already exists.
Skipping n=70000, coeff=8.0, trial=7, epsilon=0.05 as entry already exists.
n=70000, coeff=8.0, trial=7, GT MIS=35000, Greedy MIS=34228, |S|=70000, Oracle MIS=34228, Improvement=0
n=70000, coeff=8.0, trial=7, GT MIS=35000, Greedy MIS=34228, |S|=69983, Oracle MIS=34211, Improvement=-17
n=70000, coeff=8.0, trial=7, GT MIS=35000, Greedy MIS=34228, |S|=69532, Oracle MIS=34361, Improvement=133
n=70000, coeff=8.0, trial=7, GT MIS=35000, Greedy MIS=34228, |S|=66258, Oracle MIS=34940, Improvement=712
n=70000, coeff=8.0, trial=7, GT MIS=35000, Greedy MIS=34228, |S|=57003, Oracle MIS=35000, Improvement=772
n=70000, coeff=8.0, trial=7, GT MIS=35000, Greedy MIS=34228, |S|=45385, Oracle MIS=35000, Improvement=772
n=70000, coeff=8.0, trial=7, GT MIS=35000, Greedy MIS=34228, |S|=37969, Oracle MIS=35000, Improvement=772
n=70000, coeff=8.0, trial=7, GT MIS=35000, Greedy MIS=34228, |S|=35495, Oracle MIS=34998, Improvement=770
n=70000, coeff=8.0, trial=8, GT MIS=35000, Greedy MIS=34091, |S|=70000, Oracle MIS=34091, Improvement=0
n=70000, coeff=8.0, trial=8, GT MIS=35000, Greedy MIS=34091, |S|=70000, Oracle MIS=34091, Improvement=0
n=70000, coeff=8.0, trial=8, GT MIS=35000, Greedy MIS=34091, |S|=70000, Oracle MIS=34091, Improvement=0
n=70000, coeff=8.0, trial=8, GT MIS=35000, Greedy MIS=34091, |S|=69976, Oracle MIS=34067, Improvement=-24
n=70000, coeff=8.0, trial=8, GT MIS=35000, Greedy MIS=34091, |S|=69631, Oracle MIS=34351, Improvement=260
n=70000, coeff=8.0, trial=8, GT MIS=35000, Greedy MIS=34091, |S|=66918, Oracle MIS=34941, Improvement=850
n=70000, coeff=8.0, trial=8, GT MIS=35000, Greedy MIS=34091, |S|=57956, Oracle MIS=35000, Improvement=909
n=70000, coeff=8.0, trial=8, GT MIS=35000, Greedy MIS=34091, |S|=46072, Oracle MIS=35000, Improvement=909
n=70000, coeff=8.0, trial=8, GT MIS=35000, Greedy MIS=34091, |S|=38097, Oracle MIS=35000, Improvement=909
n=70000, coeff=8.0, trial=8, GT MIS=35000, Greedy MIS=34091, |S|=35543, Oracle MIS=34999, Improvement=908
n=70000, coeff=8.0, trial=9, GT MIS=35000, Greedy MIS=34290, |S|=70000, Oracle MIS=34290, Improvement=0
n=70000, coeff=8.0, trial=9, GT MIS=35000, Greedy MIS=34290, |S|=70000, Oracle MIS=34290, Improvement=0
n=70000, coeff=8.0, trial=9, GT MIS=35000, Greedy MIS=34290, |S|=70000, Oracle MIS=34290, Improvement=0
n=70000, coeff=8.0, trial=9, GT MIS=35000, Greedy MIS=34290, |S|=69984, Oracle MIS=34274, Improvement=-16
n=70000, coeff=8.0, trial=9, GT MIS=35000, Greedy MIS=34290, |S|=69579, Oracle MIS=34180, Improvement=-110
n=70000, coeff=8.0, trial=9, GT MIS=35000, Greedy MIS=34290, |S|=66489, Oracle MIS=34980, Improvement=690
n=70000, coeff=8.0, trial=9, GT MIS=35000, Greedy MIS=34290, |S|=57570, Oracle MIS=35000, Improvement=710
n=70000, coeff=8.0, trial=9, GT MIS=35000, Greedy MIS=34290, |S|=45671, Oracle MIS=35000, Improvement=710
n=70000, coeff=8.0, trial=9, GT MIS=35000, Greedy MIS=34290, |S|=37828, Oracle MIS=35000, Improvement=710
n=70000, coeff=8.0, trial=9, GT MIS=35000, Greedy MIS=34290, |S|=35469, Oracle MIS=34996, Improvement=706
Results saved to bipartite_experiment_results_epislons_70000.csv
