Running job on gpu-4-13
Requested resources:
  - CPUs: 12
  - GPUs: 
  - Memory: 18000
Skipping n=90000, coeff=14.0, trial=0, epsilon=0.025 as entry already exists.
Skipping n=90000, coeff=14.0, trial=0, epsilon=0.05 as entry already exists.
Skipping n=90000, coeff=14.0, trial=0, epsilon=0.075 as entry already exists.
Skipping n=90000, coeff=14.0, trial=0, epsilon=0.1 as entry already exists.
Skipping n=90000, coeff=14.0, trial=0, epsilon=0.125 as entry already exists.
Skipping n=90000, coeff=14.0, trial=0, epsilon=0.15 as entry already exists.
Skipping n=90000, coeff=14.0, trial=0, epsilon=0.175 as entry already exists.
Skipping n=90000, coeff=14.0, trial=0, epsilon=0.2 as entry already exists.
Skipping n=90000, coeff=14.0, trial=0, epsilon=0.225 as entry already exists.
Skipping n=90000, coeff=14.0, trial=0, epsilon=0.25 as entry already exists.
Skipping n=90000, coeff=14.0, trial=1, epsilon=0.025 as entry already exists.
Skipping n=90000, coeff=14.0, trial=1, epsilon=0.05 as entry already exists.
Skipping n=90000, coeff=14.0, trial=1, epsilon=0.075 as entry already exists.
Skipping n=90000, coeff=14.0, trial=1, epsilon=0.1 as entry already exists.
Skipping n=90000, coeff=14.0, trial=1, epsilon=0.125 as entry already exists.
Skipping n=90000, coeff=14.0, trial=1, epsilon=0.15 as entry already exists.
Skipping n=90000, coeff=14.0, trial=1, epsilon=0.175 as entry already exists.
Skipping n=90000, coeff=14.0, trial=1, epsilon=0.2 as entry already exists.
Skipping n=90000, coeff=14.0, trial=1, epsilon=0.225 as entry already exists.
Skipping n=90000, coeff=14.0, trial=1, epsilon=0.25 as entry already exists.
Skipping n=90000, coeff=14.0, trial=2, epsilon=0.025 as entry already exists.
Skipping n=90000, coeff=14.0, trial=2, epsilon=0.05 as entry already exists.
Skipping n=90000, coeff=14.0, trial=2, epsilon=0.075 as entry already exists.
Skipping n=90000, coeff=14.0, trial=2, epsilon=0.1 as entry already exists.
Skipping n=90000, coeff=14.0, trial=2, epsilon=0.125 as entry already exists.
Skipping n=90000, coeff=14.0, trial=2, epsilon=0.15 as entry already exists.
Skipping n=90000, coeff=14.0, trial=2, epsilon=0.175 as entry already exists.
Skipping n=90000, coeff=14.0, trial=2, epsilon=0.2 as entry already exists.
Skipping n=90000, coeff=14.0, trial=2, epsilon=0.225 as entry already exists.
Skipping n=90000, coeff=14.0, trial=2, epsilon=0.25 as entry already exists.
Skipping n=90000, coeff=14.0, trial=3, epsilon=0.025 as entry already exists.
Skipping n=90000, coeff=14.0, trial=3, epsilon=0.05 as entry already exists.
Skipping n=90000, coeff=14.0, trial=3, epsilon=0.075 as entry already exists.
Skipping n=90000, coeff=14.0, trial=3, epsilon=0.1 as entry already exists.
Skipping n=90000, coeff=14.0, trial=3, epsilon=0.125 as entry already exists.
Skipping n=90000, coeff=14.0, trial=3, epsilon=0.15 as entry already exists.
Skipping n=90000, coeff=14.0, trial=3, epsilon=0.175 as entry already exists.
Skipping n=90000, coeff=14.0, trial=3, epsilon=0.2 as entry already exists.
Skipping n=90000, coeff=14.0, trial=3, epsilon=0.225 as entry already exists.
Skipping n=90000, coeff=14.0, trial=3, epsilon=0.25 as entry already exists.
Skipping n=90000, coeff=14.0, trial=4, epsilon=0.025 as entry already exists.
Skipping n=90000, coeff=14.0, trial=4, epsilon=0.05 as entry already exists.
Skipping n=90000, coeff=14.0, trial=4, epsilon=0.075 as entry already exists.
Skipping n=90000, coeff=14.0, trial=4, epsilon=0.1 as entry already exists.
Skipping n=90000, coeff=14.0, trial=4, epsilon=0.125 as entry already exists.
Skipping n=90000, coeff=14.0, trial=4, epsilon=0.15 as entry already exists.
Skipping n=90000, coeff=14.0, trial=4, epsilon=0.175 as entry already exists.
n=90000, coeff=14.0, trial=4, GT MIS=45000, Greedy MIS=43414, |S|=46788, Oracle MIS=45000, Improvement=1586
n=90000, coeff=14.0, trial=4, GT MIS=45000, Greedy MIS=43414, |S|=45108, Oracle MIS=45000, Improvement=1586
n=90000, coeff=14.0, trial=4, GT MIS=45000, Greedy MIS=43414, |S|=45002, Oracle MIS=45000, Improvement=1586
n=90000, coeff=14.0, trial=5, GT MIS=45000, Greedy MIS=44709, |S|=90000, Oracle MIS=44709, Improvement=0
n=90000, coeff=14.0, trial=5, GT MIS=45000, Greedy MIS=44709, |S|=90000, Oracle MIS=44709, Improvement=0
n=90000, coeff=14.0, trial=5, GT MIS=45000, Greedy MIS=44709, |S|=90000, Oracle MIS=44709, Improvement=0
n=90000, coeff=14.0, trial=5, GT MIS=45000, Greedy MIS=44709, |S|=89911, Oracle MIS=44573, Improvement=-136
n=90000, coeff=14.0, trial=5, GT MIS=45000, Greedy MIS=44709, |S|=87808, Oracle MIS=44910, Improvement=201
n=90000, coeff=14.0, trial=5, GT MIS=45000, Greedy MIS=44709, |S|=75892, Oracle MIS=45000, Improvement=291
n=90000, coeff=14.0, trial=5, GT MIS=45000, Greedy MIS=44709, |S|=56495, Oracle MIS=45000, Improvement=291
n=90000, coeff=14.0, trial=5, GT MIS=45000, Greedy MIS=44709, |S|=46746, Oracle MIS=45000, Improvement=291
n=90000, coeff=14.0, trial=5, GT MIS=45000, Greedy MIS=44709, |S|=45088, Oracle MIS=45000, Improvement=291
n=90000, coeff=14.0, trial=5, GT MIS=45000, Greedy MIS=44709, |S|=45003, Oracle MIS=44999, Improvement=290
n=90000, coeff=14.0, trial=6, GT MIS=45000, Greedy MIS=44572, |S|=90000, Oracle MIS=44572, Improvement=0
n=90000, coeff=14.0, trial=6, GT MIS=45000, Greedy MIS=44572, |S|=90000, Oracle MIS=44572, Improvement=0
n=90000, coeff=14.0, trial=6, GT MIS=45000, Greedy MIS=44572, |S|=89998, Oracle MIS=44570, Improvement=-2
n=90000, coeff=14.0, trial=6, GT MIS=45000, Greedy MIS=44572, |S|=89903, Oracle MIS=44475, Improvement=-97
n=90000, coeff=14.0, trial=6, GT MIS=45000, Greedy MIS=44572, |S|=87883, Oracle MIS=44963, Improvement=391
n=90000, coeff=14.0, trial=6, GT MIS=45000, Greedy MIS=44572, |S|=76206, Oracle MIS=45000, Improvement=428
n=90000, coeff=14.0, trial=6, GT MIS=45000, Greedy MIS=44572, |S|=57080, Oracle MIS=45000, Improvement=428
n=90000, coeff=14.0, trial=6, GT MIS=45000, Greedy MIS=44572, |S|=46887, Oracle MIS=45000, Improvement=428
n=90000, coeff=14.0, trial=6, GT MIS=45000, Greedy MIS=44572, |S|=45105, Oracle MIS=45000, Improvement=428
n=90000, coeff=14.0, trial=6, GT MIS=45000, Greedy MIS=44572, |S|=45002, Oracle MIS=45000, Improvement=428
n=90000, coeff=14.0, trial=7, GT MIS=45000, Greedy MIS=44284, |S|=90000, Oracle MIS=44284, Improvement=0
n=90000, coeff=14.0, trial=7, GT MIS=45000, Greedy MIS=44284, |S|=90000, Oracle MIS=44284, Improvement=0
n=90000, coeff=14.0, trial=7, GT MIS=45000, Greedy MIS=44284, |S|=89999, Oracle MIS=44284, Improvement=0
n=90000, coeff=14.0, trial=7, GT MIS=45000, Greedy MIS=44284, |S|=89901, Oracle MIS=44284, Improvement=0
n=90000, coeff=14.0, trial=7, GT MIS=45000, Greedy MIS=44284, |S|=87539, Oracle MIS=44911, Improvement=627
n=90000, coeff=14.0, trial=7, GT MIS=45000, Greedy MIS=44284, |S|=74799, Oracle MIS=45000, Improvement=716
n=90000, coeff=14.0, trial=7, GT MIS=45000, Greedy MIS=44284, |S|=55060, Oracle MIS=45000, Improvement=716
n=90000, coeff=14.0, trial=7, GT MIS=45000, Greedy MIS=44284, |S|=46436, Oracle MIS=45000, Improvement=716
n=90000, coeff=14.0, trial=7, GT MIS=45000, Greedy MIS=44284, |S|=45080, Oracle MIS=45000, Improvement=716
n=90000, coeff=14.0, trial=7, GT MIS=45000, Greedy MIS=44284, |S|=45003, Oracle MIS=45000, Improvement=716
n=90000, coeff=14.0, trial=8, GT MIS=45000, Greedy MIS=44156, |S|=90000, Oracle MIS=44156, Improvement=0
n=90000, coeff=14.0, trial=8, GT MIS=45000, Greedy MIS=44156, |S|=90000, Oracle MIS=44156, Improvement=0
n=90000, coeff=14.0, trial=8, GT MIS=45000, Greedy MIS=44156, |S|=89998, Oracle MIS=44154, Improvement=-2
n=90000, coeff=14.0, trial=8, GT MIS=45000, Greedy MIS=44156, |S|=89885, Oracle MIS=43945, Improvement=-211
n=90000, coeff=14.0, trial=8, GT MIS=45000, Greedy MIS=44156, |S|=87551, Oracle MIS=44774, Improvement=618
n=90000, coeff=14.0, trial=8, GT MIS=45000, Greedy MIS=44156, |S|=74760, Oracle MIS=45000, Improvement=844
n=90000, coeff=14.0, trial=8, GT MIS=45000, Greedy MIS=44156, |S|=55844, Oracle MIS=45000, Improvement=844
n=90000, coeff=14.0, trial=8, GT MIS=45000, Greedy MIS=44156, |S|=46630, Oracle MIS=45000, Improvement=844
n=90000, coeff=14.0, trial=8, GT MIS=45000, Greedy MIS=44156, |S|=45103, Oracle MIS=45000, Improvement=844
n=90000, coeff=14.0, trial=8, GT MIS=45000, Greedy MIS=44156, |S|=45000, Oracle MIS=45000, Improvement=844
n=90000, coeff=14.0, trial=9, GT MIS=45000, Greedy MIS=44815, |S|=90000, Oracle MIS=44815, Improvement=0
n=90000, coeff=14.0, trial=9, GT MIS=45000, Greedy MIS=44815, |S|=90000, Oracle MIS=44815, Improvement=0
n=90000, coeff=14.0, trial=9, GT MIS=45000, Greedy MIS=44815, |S|=90000, Oracle MIS=44815, Improvement=0
n=90000, coeff=14.0, trial=9, GT MIS=45000, Greedy MIS=44815, |S|=89895, Oracle MIS=44710, Improvement=-105
n=90000, coeff=14.0, trial=9, GT MIS=45000, Greedy MIS=44815, |S|=87936, Oracle MIS=44825, Improvement=10
n=90000, coeff=14.0, trial=9, GT MIS=45000, Greedy MIS=44815, |S|=76109, Oracle MIS=45000, Improvement=185
n=90000, coeff=14.0, trial=9, GT MIS=45000, Greedy MIS=44815, |S|=57120, Oracle MIS=45000, Improvement=185
n=90000, coeff=14.0, trial=9, GT MIS=45000, Greedy MIS=44815, |S|=46912, Oracle MIS=45000, Improvement=185
n=90000, coeff=14.0, trial=9, GT MIS=45000, Greedy MIS=44815, |S|=45125, Oracle MIS=45000, Improvement=185
n=90000, coeff=14.0, trial=9, GT MIS=45000, Greedy MIS=44815, |S|=45006, Oracle MIS=45000, Improvement=185
Results saved to bipartite_experiment_results_epislons_90000.csv
