Running job on compute-3-03
Requested resources:
  - CPUs: 64
  - GPUs: 
  - Memory: 48000
n=2500, coeff=1, trial=0, GT MIS=1289, Greedy MIS=1289, |S|=2500, Oracle MIS=1289, Improvement=0
n=2500, coeff=1, trial=0, GT MIS=1289, Greedy MIS=1289, |S|=2499, Oracle MIS=1289, Improvement=0
n=2500, coeff=1, trial=0, GT MIS=1289, Greedy MIS=1289, |S|=2495, Oracle MIS=1288, Improvement=-1
n=2500, coeff=1, trial=0, GT MIS=1289, Greedy MIS=1289, |S|=2491, Oracle MIS=1288, Improvement=-1
n=2500, coeff=1, trial=0, GT MIS=1289, Greedy MIS=1289, |S|=2482, Oracle MIS=1286, Improvement=-3
n=2500, coeff=1, trial=0, GT MIS=1289, Greedy MIS=1289, |S|=2442, Oracle MIS=1285, Improvement=-4
n=2500, coeff=1, trial=0, GT MIS=1289, Greedy MIS=1289, |S|=2397, Oracle MIS=1286, Improvement=-3
n=2500, coeff=1, trial=0, GT MIS=1289, Greedy MIS=1289, |S|=2306, Oracle MIS=1282, Improvement=-7
n=2500, coeff=1, trial=0, GT MIS=1289, Greedy MIS=1289, |S|=2221, Oracle MIS=1280, Improvement=-9
n=2500, coeff=1, trial=0, GT MIS=1289, Greedy MIS=1289, |S|=2157, Oracle MIS=1283, Improvement=-6
n=2500, coeff=1, trial=1, GT MIS=1280, Greedy MIS=1272, |S|=2500, Oracle MIS=1272, Improvement=0
n=2500, coeff=1, trial=1, GT MIS=1280, Greedy MIS=1272, |S|=2500, Oracle MIS=1272, Improvement=0
n=2500, coeff=1, trial=1, GT MIS=1280, Greedy MIS=1272, |S|=2496, Oracle MIS=1269, Improvement=-3
n=2500, coeff=1, trial=1, GT MIS=1280, Greedy MIS=1272, |S|=2493, Oracle MIS=1267, Improvement=-5
n=2500, coeff=1, trial=1, GT MIS=1280, Greedy MIS=1272, |S|=2482, Oracle MIS=1260, Improvement=-12
n=2500, coeff=1, trial=1, GT MIS=1280, Greedy MIS=1272, |S|=2449, Oracle MIS=1237, Improvement=-35
n=2500, coeff=1, trial=1, GT MIS=1280, Greedy MIS=1272, |S|=2366, Oracle MIS=1188, Improvement=-84
n=2500, coeff=1, trial=1, GT MIS=1280, Greedy MIS=1272, |S|=2269, Oracle MIS=1272, Improvement=0
n=2500, coeff=1, trial=1, GT MIS=1280, Greedy MIS=1272, |S|=2153, Oracle MIS=1270, Improvement=-2
n=2500, coeff=1, trial=1, GT MIS=1280, Greedy MIS=1272, |S|=2086, Oracle MIS=1272, Improvement=0
n=2500, coeff=1, trial=2, GT MIS=1278, Greedy MIS=1278, |S|=2500, Oracle MIS=1278, Improvement=0
n=2500, coeff=1, trial=2, GT MIS=1278, Greedy MIS=1278, |S|=2499, Oracle MIS=1278, Improvement=0
n=2500, coeff=1, trial=2, GT MIS=1278, Greedy MIS=1278, |S|=2498, Oracle MIS=1277, Improvement=-1
n=2500, coeff=1, trial=2, GT MIS=1278, Greedy MIS=1278, |S|=2493, Oracle MIS=1278, Improvement=0
n=2500, coeff=1, trial=2, GT MIS=1278, Greedy MIS=1278, |S|=2484, Oracle MIS=1278, Improvement=0
n=2500, coeff=1, trial=2, GT MIS=1278, Greedy MIS=1278, |S|=2439, Oracle MIS=1275, Improvement=-3
n=2500, coeff=1, trial=2, GT MIS=1278, Greedy MIS=1278, |S|=2395, Oracle MIS=1277, Improvement=-1
n=2500, coeff=1, trial=2, GT MIS=1278, Greedy MIS=1278, |S|=2298, Oracle MIS=1269, Improvement=-9
n=2500, coeff=1, trial=2, GT MIS=1278, Greedy MIS=1278, |S|=2214, Oracle MIS=1263, Improvement=-15
n=2500, coeff=1, trial=2, GT MIS=1278, Greedy MIS=1278, |S|=2161, Oracle MIS=1266, Improvement=-12
n=2500, coeff=1, trial=3, GT MIS=1286, Greedy MIS=1276, |S|=2500, Oracle MIS=1276, Improvement=0
n=2500, coeff=1, trial=3, GT MIS=1286, Greedy MIS=1276, |S|=2499, Oracle MIS=1275, Improvement=-1
n=2500, coeff=1, trial=3, GT MIS=1286, Greedy MIS=1276, |S|=2497, Oracle MIS=1273, Improvement=-3
n=2500, coeff=1, trial=3, GT MIS=1286, Greedy MIS=1276, |S|=2496, Oracle MIS=1272, Improvement=-4
n=2500, coeff=1, trial=3, GT MIS=1286, Greedy MIS=1276, |S|=2482, Oracle MIS=1259, Improvement=-17
n=2500, coeff=1, trial=3, GT MIS=1286, Greedy MIS=1276, |S|=2432, Oracle MIS=1224, Improvement=-52
n=2500, coeff=1, trial=3, GT MIS=1286, Greedy MIS=1276, |S|=2377, Oracle MIS=1192, Improvement=-84
n=2500, coeff=1, trial=3, GT MIS=1286, Greedy MIS=1276, |S|=2279, Oracle MIS=1281, Improvement=5
n=2500, coeff=1, trial=3, GT MIS=1286, Greedy MIS=1276, |S|=2175, Oracle MIS=1278, Improvement=2
n=2500, coeff=1, trial=3, GT MIS=1286, Greedy MIS=1276, |S|=2117, Oracle MIS=1280, Improvement=4
n=2500, coeff=1, trial=4, GT MIS=1278, Greedy MIS=1276, |S|=2500, Oracle MIS=1276, Improvement=0
n=2500, coeff=1, trial=4, GT MIS=1278, Greedy MIS=1276, |S|=2498, Oracle MIS=1275, Improvement=-1
n=2500, coeff=1, trial=4, GT MIS=1278, Greedy MIS=1276, |S|=2496, Oracle MIS=1273, Improvement=-3
n=2500, coeff=1, trial=4, GT MIS=1278, Greedy MIS=1276, |S|=2490, Oracle MIS=1270, Improvement=-6
n=2500, coeff=1, trial=4, GT MIS=1278, Greedy MIS=1276, |S|=2482, Oracle MIS=1263, Improvement=-13
n=2500, coeff=1, trial=4, GT MIS=1278, Greedy MIS=1276, |S|=2448, Oracle MIS=1238, Improvement=-38
n=2500, coeff=1, trial=4, GT MIS=1278, Greedy MIS=1276, |S|=2387, Oracle MIS=1208, Improvement=-68
n=2500, coeff=1, trial=4, GT MIS=1278, Greedy MIS=1276, |S|=2280, Oracle MIS=1273, Improvement=-3
n=2500, coeff=1, trial=4, GT MIS=1278, Greedy MIS=1276, |S|=2173, Oracle MIS=1269, Improvement=-7
n=2500, coeff=1, trial=4, GT MIS=1278, Greedy MIS=1276, |S|=2110, Oracle MIS=1272, Improvement=-4
n=2500, coeff=2, trial=0, GT MIS=1250, Greedy MIS=1229, |S|=2500, Oracle MIS=1229, Improvement=0
n=2500, coeff=2, trial=0, GT MIS=1250, Greedy MIS=1229, |S|=2500, Oracle MIS=1229, Improvement=0
n=2500, coeff=2, trial=0, GT MIS=1250, Greedy MIS=1229, |S|=2500, Oracle MIS=1229, Improvement=0
n=2500, coeff=2, trial=0, GT MIS=1250, Greedy MIS=1229, |S|=2499, Oracle MIS=1227, Improvement=-2
n=2500, coeff=2, trial=0, GT MIS=1250, Greedy MIS=1229, |S|=2492, Oracle MIS=1218, Improvement=-11
n=2500, coeff=2, trial=0, GT MIS=1250, Greedy MIS=1229, |S|=2468, Oracle MIS=1191, Improvement=-38
n=2500, coeff=2, trial=0, GT MIS=1250, Greedy MIS=1229, |S|=2422, Oracle MIS=1131, Improvement=-98
n=2500, coeff=2, trial=0, GT MIS=1250, Greedy MIS=1229, |S|=2320, Oracle MIS=1226, Improvement=-3
n=2500, coeff=2, trial=0, GT MIS=1250, Greedy MIS=1229, |S|=2159, Oracle MIS=1226, Improvement=-3
n=2500, coeff=2, trial=0, GT MIS=1250, Greedy MIS=1229, |S|=1959, Oracle MIS=1247, Improvement=18
n=2500, coeff=2, trial=1, GT MIS=1252, Greedy MIS=1236, |S|=2500, Oracle MIS=1236, Improvement=0
n=2500, coeff=2, trial=1, GT MIS=1252, Greedy MIS=1236, |S|=2500, Oracle MIS=1236, Improvement=0
n=2500, coeff=2, trial=1, GT MIS=1252, Greedy MIS=1236, |S|=2500, Oracle MIS=1236, Improvement=0
n=2500, coeff=2, trial=1, GT MIS=1252, Greedy MIS=1236, |S|=2497, Oracle MIS=1234, Improvement=-2
n=2500, coeff=2, trial=1, GT MIS=1252, Greedy MIS=1236, |S|=2485, Oracle MIS=1218, Improvement=-18
n=2500, coeff=2, trial=1, GT MIS=1252, Greedy MIS=1236, |S|=2464, Oracle MIS=1193, Improvement=-43
n=2500, coeff=2, trial=1, GT MIS=1252, Greedy MIS=1236, |S|=2407, Oracle MIS=1116, Improvement=-120
n=2500, coeff=2, trial=1, GT MIS=1252, Greedy MIS=1236, |S|=2287, Oracle MIS=1232, Improvement=-4
n=2500, coeff=2, trial=1, GT MIS=1252, Greedy MIS=1236, |S|=2117, Oracle MIS=1231, Improvement=-5
n=2500, coeff=2, trial=1, GT MIS=1252, Greedy MIS=1236, |S|=1931, Oracle MIS=1248, Improvement=12
n=2500, coeff=2, trial=2, GT MIS=1250, Greedy MIS=1231, |S|=2500, Oracle MIS=1231, Improvement=0
n=2500, coeff=2, trial=2, GT MIS=1250, Greedy MIS=1231, |S|=2500, Oracle MIS=1231, Improvement=0
n=2500, coeff=2, trial=2, GT MIS=1250, Greedy MIS=1231, |S|=2500, Oracle MIS=1231, Improvement=0
n=2500, coeff=2, trial=2, GT MIS=1250, Greedy MIS=1231, |S|=2500, Oracle MIS=1231, Improvement=0
n=2500, coeff=2, trial=2, GT MIS=1250, Greedy MIS=1231, |S|=2495, Oracle MIS=1225, Improvement=-6
n=2500, coeff=2, trial=2, GT MIS=1250, Greedy MIS=1231, |S|=2477, Oracle MIS=1200, Improvement=-31
n=2500, coeff=2, trial=2, GT MIS=1250, Greedy MIS=1231, |S|=2411, Oracle MIS=1122, Improvement=-109
n=2500, coeff=2, trial=2, GT MIS=1250, Greedy MIS=1231, |S|=2310, Oracle MIS=1232, Improvement=1
n=2500, coeff=2, trial=2, GT MIS=1250, Greedy MIS=1231, |S|=2164, Oracle MIS=1231, Improvement=0
n=2500, coeff=2, trial=2, GT MIS=1250, Greedy MIS=1231, |S|=1975, Oracle MIS=1249, Improvement=18
n=2500, coeff=2, trial=3, GT MIS=1251, Greedy MIS=1233, |S|=2500, Oracle MIS=1233, Improvement=0
n=2500, coeff=2, trial=3, GT MIS=1251, Greedy MIS=1233, |S|=2500, Oracle MIS=1233, Improvement=0
n=2500, coeff=2, trial=3, GT MIS=1251, Greedy MIS=1233, |S|=2500, Oracle MIS=1233, Improvement=0
n=2500, coeff=2, trial=3, GT MIS=1251, Greedy MIS=1233, |S|=2497, Oracle MIS=1230, Improvement=-3
n=2500, coeff=2, trial=3, GT MIS=1251, Greedy MIS=1233, |S|=2488, Oracle MIS=1222, Improvement=-11
n=2500, coeff=2, trial=3, GT MIS=1251, Greedy MIS=1233, |S|=2468, Oracle MIS=1199, Improvement=-34
n=2500, coeff=2, trial=3, GT MIS=1251, Greedy MIS=1233, |S|=2409, Oracle MIS=1125, Improvement=-108
n=2500, coeff=2, trial=3, GT MIS=1251, Greedy MIS=1233, |S|=2311, Oracle MIS=1225, Improvement=-8
n=2500, coeff=2, trial=3, GT MIS=1251, Greedy MIS=1233, |S|=2157, Oracle MIS=1226, Improvement=-7
n=2500, coeff=2, trial=3, GT MIS=1251, Greedy MIS=1233, |S|=1917, Oracle MIS=1245, Improvement=12
n=2500, coeff=2, trial=4, GT MIS=1251, Greedy MIS=1240, |S|=2500, Oracle MIS=1240, Improvement=0
n=2500, coeff=2, trial=4, GT MIS=1251, Greedy MIS=1240, |S|=2500, Oracle MIS=1240, Improvement=0
n=2500, coeff=2, trial=4, GT MIS=1251, Greedy MIS=1240, |S|=2500, Oracle MIS=1240, Improvement=0
n=2500, coeff=2, trial=4, GT MIS=1251, Greedy MIS=1240, |S|=2500, Oracle MIS=1240, Improvement=0
n=2500, coeff=2, trial=4, GT MIS=1251, Greedy MIS=1240, |S|=2493, Oracle MIS=1240, Improvement=0
n=2500, coeff=2, trial=4, GT MIS=1251, Greedy MIS=1240, |S|=2474, Oracle MIS=1240, Improvement=0
n=2500, coeff=2, trial=4, GT MIS=1251, Greedy MIS=1240, |S|=2414, Oracle MIS=1239, Improvement=-1
n=2500, coeff=2, trial=4, GT MIS=1251, Greedy MIS=1240, |S|=2303, Oracle MIS=1250, Improvement=10
n=2500, coeff=2, trial=4, GT MIS=1251, Greedy MIS=1240, |S|=2156, Oracle MIS=1251, Improvement=11
n=2500, coeff=2, trial=4, GT MIS=1251, Greedy MIS=1240, |S|=1956, Oracle MIS=1249, Improvement=9
n=2500, coeff=3, trial=0, GT MIS=1250, Greedy MIS=1221, |S|=2500, Oracle MIS=1221, Improvement=0
n=2500, coeff=3, trial=0, GT MIS=1250, Greedy MIS=1221, |S|=2500, Oracle MIS=1221, Improvement=0
n=2500, coeff=3, trial=0, GT MIS=1250, Greedy MIS=1221, |S|=2500, Oracle MIS=1221, Improvement=0
n=2500, coeff=3, trial=0, GT MIS=1250, Greedy MIS=1221, |S|=2500, Oracle MIS=1221, Improvement=0
n=2500, coeff=3, trial=0, GT MIS=1250, Greedy MIS=1221, |S|=2492, Oracle MIS=1213, Improvement=-8
n=2500, coeff=3, trial=0, GT MIS=1250, Greedy MIS=1221, |S|=2466, Oracle MIS=1173, Improvement=-48
n=2500, coeff=3, trial=0, GT MIS=1250, Greedy MIS=1221, |S|=2403, Oracle MIS=1213, Improvement=-8
n=2500, coeff=3, trial=0, GT MIS=1250, Greedy MIS=1221, |S|=2269, Oracle MIS=1246, Improvement=25
n=2500, coeff=3, trial=0, GT MIS=1250, Greedy MIS=1221, |S|=2063, Oracle MIS=1249, Improvement=28
n=2500, coeff=3, trial=0, GT MIS=1250, Greedy MIS=1221, |S|=1793, Oracle MIS=1248, Improvement=27
n=2500, coeff=3, trial=1, GT MIS=1250, Greedy MIS=1200, |S|=2500, Oracle MIS=1200, Improvement=0
n=2500, coeff=3, trial=1, GT MIS=1250, Greedy MIS=1200, |S|=2500, Oracle MIS=1200, Improvement=0
n=2500, coeff=3, trial=1, GT MIS=1250, Greedy MIS=1200, |S|=2500, Oracle MIS=1200, Improvement=0
n=2500, coeff=3, trial=1, GT MIS=1250, Greedy MIS=1200, |S|=2499, Oracle MIS=1199, Improvement=-1
n=2500, coeff=3, trial=1, GT MIS=1250, Greedy MIS=1200, |S|=2493, Oracle MIS=1188, Improvement=-12
n=2500, coeff=3, trial=1, GT MIS=1250, Greedy MIS=1200, |S|=2469, Oracle MIS=1153, Improvement=-47
n=2500, coeff=3, trial=1, GT MIS=1250, Greedy MIS=1200, |S|=2399, Oracle MIS=1194, Improvement=-6
n=2500, coeff=3, trial=1, GT MIS=1250, Greedy MIS=1200, |S|=2251, Oracle MIS=1244, Improvement=44
n=2500, coeff=3, trial=1, GT MIS=1250, Greedy MIS=1200, |S|=2029, Oracle MIS=1248, Improvement=48
n=2500, coeff=3, trial=1, GT MIS=1250, Greedy MIS=1200, |S|=1780, Oracle MIS=1250, Improvement=50
n=2500, coeff=3, trial=2, GT MIS=1250, Greedy MIS=1213, |S|=2500, Oracle MIS=1213, Improvement=0
n=2500, coeff=3, trial=2, GT MIS=1250, Greedy MIS=1213, |S|=2500, Oracle MIS=1213, Improvement=0
n=2500, coeff=3, trial=2, GT MIS=1250, Greedy MIS=1213, |S|=2500, Oracle MIS=1213, Improvement=0
n=2500, coeff=3, trial=2, GT MIS=1250, Greedy MIS=1213, |S|=2499, Oracle MIS=1212, Improvement=-1
n=2500, coeff=3, trial=2, GT MIS=1250, Greedy MIS=1213, |S|=2497, Oracle MIS=1210, Improvement=-3
n=2500, coeff=3, trial=2, GT MIS=1250, Greedy MIS=1213, |S|=2472, Oracle MIS=1142, Improvement=-71
n=2500, coeff=3, trial=2, GT MIS=1250, Greedy MIS=1213, |S|=2397, Oracle MIS=1226, Improvement=13
n=2500, coeff=3, trial=2, GT MIS=1250, Greedy MIS=1213, |S|=2266, Oracle MIS=1244, Improvement=31
n=2500, coeff=3, trial=2, GT MIS=1250, Greedy MIS=1213, |S|=2076, Oracle MIS=1250, Improvement=37
n=2500, coeff=3, trial=2, GT MIS=1250, Greedy MIS=1213, |S|=1810, Oracle MIS=1249, Improvement=36
n=2500, coeff=3, trial=3, GT MIS=1250, Greedy MIS=1224, |S|=2500, Oracle MIS=1224, Improvement=0
n=2500, coeff=3, trial=3, GT MIS=1250, Greedy MIS=1224, |S|=2500, Oracle MIS=1224, Improvement=0
n=2500, coeff=3, trial=3, GT MIS=1250, Greedy MIS=1224, |S|=2500, Oracle MIS=1224, Improvement=0
n=2500, coeff=3, trial=3, GT MIS=1250, Greedy MIS=1224, |S|=2499, Oracle MIS=1223, Improvement=-1
n=2500, coeff=3, trial=3, GT MIS=1250, Greedy MIS=1224, |S|=2492, Oracle MIS=1214, Improvement=-10
n=2500, coeff=3, trial=3, GT MIS=1250, Greedy MIS=1224, |S|=2469, Oracle MIS=1146, Improvement=-78
n=2500, coeff=3, trial=3, GT MIS=1250, Greedy MIS=1224, |S|=2396, Oracle MIS=1090, Improvement=-134
n=2500, coeff=3, trial=3, GT MIS=1250, Greedy MIS=1224, |S|=2267, Oracle MIS=1244, Improvement=20
n=2500, coeff=3, trial=3, GT MIS=1250, Greedy MIS=1224, |S|=2051, Oracle MIS=1249, Improvement=25
n=2500, coeff=3, trial=3, GT MIS=1250, Greedy MIS=1224, |S|=1815, Oracle MIS=1250, Improvement=26
n=2500, coeff=3, trial=4, GT MIS=1250, Greedy MIS=1228, |S|=2500, Oracle MIS=1228, Improvement=0
n=2500, coeff=3, trial=4, GT MIS=1250, Greedy MIS=1228, |S|=2500, Oracle MIS=1228, Improvement=0
n=2500, coeff=3, trial=4, GT MIS=1250, Greedy MIS=1228, |S|=2500, Oracle MIS=1228, Improvement=0
n=2500, coeff=3, trial=4, GT MIS=1250, Greedy MIS=1228, |S|=2500, Oracle MIS=1228, Improvement=0
n=2500, coeff=3, trial=4, GT MIS=1250, Greedy MIS=1228, |S|=2495, Oracle MIS=1224, Improvement=-4
n=2500, coeff=3, trial=4, GT MIS=1250, Greedy MIS=1228, |S|=2478, Oracle MIS=1202, Improvement=-26
n=2500, coeff=3, trial=4, GT MIS=1250, Greedy MIS=1228, |S|=2419, Oracle MIS=1220, Improvement=-8
n=2500, coeff=3, trial=4, GT MIS=1250, Greedy MIS=1228, |S|=2280, Oracle MIS=1220, Improvement=-8
n=2500, coeff=3, trial=4, GT MIS=1250, Greedy MIS=1228, |S|=2036, Oracle MIS=1250, Improvement=22
n=2500, coeff=3, trial=4, GT MIS=1250, Greedy MIS=1228, |S|=1776, Oracle MIS=1249, Improvement=21
n=2500, coeff=4, trial=0, GT MIS=1250, Greedy MIS=1190, |S|=2500, Oracle MIS=1190, Improvement=0
n=2500, coeff=4, trial=0, GT MIS=1250, Greedy MIS=1190, |S|=2500, Oracle MIS=1190, Improvement=0
n=2500, coeff=4, trial=0, GT MIS=1250, Greedy MIS=1190, |S|=2500, Oracle MIS=1190, Improvement=0
n=2500, coeff=4, trial=0, GT MIS=1250, Greedy MIS=1190, |S|=2500, Oracle MIS=1190, Improvement=0
n=2500, coeff=4, trial=0, GT MIS=1250, Greedy MIS=1190, |S|=2492, Oracle MIS=1183, Improvement=-7
n=2500, coeff=4, trial=0, GT MIS=1250, Greedy MIS=1190, |S|=2460, Oracle MIS=1099, Improvement=-91
n=2500, coeff=4, trial=0, GT MIS=1250, Greedy MIS=1190, |S|=2394, Oracle MIS=1245, Improvement=55
n=2500, coeff=4, trial=0, GT MIS=1250, Greedy MIS=1190, |S|=2198, Oracle MIS=1250, Improvement=60
n=2500, coeff=4, trial=0, GT MIS=1250, Greedy MIS=1190, |S|=1961, Oracle MIS=1250, Improvement=60
n=2500, coeff=4, trial=0, GT MIS=1250, Greedy MIS=1190, |S|=1662, Oracle MIS=1249, Improvement=59
n=2500, coeff=4, trial=1, GT MIS=1250, Greedy MIS=1181, |S|=2500, Oracle MIS=1181, Improvement=0
n=2500, coeff=4, trial=1, GT MIS=1250, Greedy MIS=1181, |S|=2500, Oracle MIS=1181, Improvement=0
n=2500, coeff=4, trial=1, GT MIS=1250, Greedy MIS=1181, |S|=2500, Oracle MIS=1181, Improvement=0
n=2500, coeff=4, trial=1, GT MIS=1250, Greedy MIS=1181, |S|=2500, Oracle MIS=1181, Improvement=0
n=2500, coeff=4, trial=1, GT MIS=1250, Greedy MIS=1181, |S|=2493, Oracle MIS=1169, Improvement=-12
n=2500, coeff=4, trial=1, GT MIS=1250, Greedy MIS=1181, |S|=2473, Oracle MIS=1148, Improvement=-33
n=2500, coeff=4, trial=1, GT MIS=1250, Greedy MIS=1181, |S|=2375, Oracle MIS=1233, Improvement=52
n=2500, coeff=4, trial=1, GT MIS=1250, Greedy MIS=1181, |S|=2178, Oracle MIS=1248, Improvement=67
n=2500, coeff=4, trial=1, GT MIS=1250, Greedy MIS=1181, |S|=1933, Oracle MIS=1249, Improvement=68
n=2500, coeff=4, trial=1, GT MIS=1250, Greedy MIS=1181, |S|=1666, Oracle MIS=1249, Improvement=68
n=2500, coeff=4, trial=2, GT MIS=1250, Greedy MIS=1201, |S|=2500, Oracle MIS=1201, Improvement=0
n=2500, coeff=4, trial=2, GT MIS=1250, Greedy MIS=1201, |S|=2500, Oracle MIS=1201, Improvement=0
n=2500, coeff=4, trial=2, GT MIS=1250, Greedy MIS=1201, |S|=2500, Oracle MIS=1201, Improvement=0
n=2500, coeff=4, trial=2, GT MIS=1250, Greedy MIS=1201, |S|=2500, Oracle MIS=1201, Improvement=0
n=2500, coeff=4, trial=2, GT MIS=1250, Greedy MIS=1201, |S|=2498, Oracle MIS=1199, Improvement=-2
n=2500, coeff=4, trial=2, GT MIS=1250, Greedy MIS=1201, |S|=2472, Oracle MIS=1115, Improvement=-86
n=2500, coeff=4, trial=2, GT MIS=1250, Greedy MIS=1201, |S|=2400, Oracle MIS=1197, Improvement=-4
n=2500, coeff=4, trial=2, GT MIS=1250, Greedy MIS=1201, |S|=2193, Oracle MIS=1250, Improvement=49
n=2500, coeff=4, trial=2, GT MIS=1250, Greedy MIS=1201, |S|=1989, Oracle MIS=1250, Improvement=49
n=2500, coeff=4, trial=2, GT MIS=1250, Greedy MIS=1201, |S|=1683, Oracle MIS=1249, Improvement=48
n=2500, coeff=4, trial=3, GT MIS=1250, Greedy MIS=1210, |S|=2500, Oracle MIS=1210, Improvement=0
n=2500, coeff=4, trial=3, GT MIS=1250, Greedy MIS=1210, |S|=2500, Oracle MIS=1210, Improvement=0
n=2500, coeff=4, trial=3, GT MIS=1250, Greedy MIS=1210, |S|=2500, Oracle MIS=1210, Improvement=0
n=2500, coeff=4, trial=3, GT MIS=1250, Greedy MIS=1210, |S|=2499, Oracle MIS=1209, Improvement=-1
n=2500, coeff=4, trial=3, GT MIS=1250, Greedy MIS=1210, |S|=2492, Oracle MIS=1199, Improvement=-11
n=2500, coeff=4, trial=3, GT MIS=1250, Greedy MIS=1210, |S|=2468, Oracle MIS=1165, Improvement=-45
n=2500, coeff=4, trial=3, GT MIS=1250, Greedy MIS=1210, |S|=2359, Oracle MIS=1152, Improvement=-58
n=2500, coeff=4, trial=3, GT MIS=1250, Greedy MIS=1210, |S|=2202, Oracle MIS=1242, Improvement=32
n=2500, coeff=4, trial=3, GT MIS=1250, Greedy MIS=1210, |S|=1968, Oracle MIS=1250, Improvement=40
n=2500, coeff=4, trial=3, GT MIS=1250, Greedy MIS=1210, |S|=1692, Oracle MIS=1250, Improvement=40
n=2500, coeff=4, trial=4, GT MIS=1250, Greedy MIS=1226, |S|=2500, Oracle MIS=1226, Improvement=0
n=2500, coeff=4, trial=4, GT MIS=1250, Greedy MIS=1226, |S|=2500, Oracle MIS=1226, Improvement=0
n=2500, coeff=4, trial=4, GT MIS=1250, Greedy MIS=1226, |S|=2500, Oracle MIS=1226, Improvement=0
n=2500, coeff=4, trial=4, GT MIS=1250, Greedy MIS=1226, |S|=2499, Oracle MIS=1225, Improvement=-1
n=2500, coeff=4, trial=4, GT MIS=1250, Greedy MIS=1226, |S|=2494, Oracle MIS=1220, Improvement=-6
n=2500, coeff=4, trial=4, GT MIS=1250, Greedy MIS=1226, |S|=2472, Oracle MIS=1174, Improvement=-52
n=2500, coeff=4, trial=4, GT MIS=1250, Greedy MIS=1226, |S|=2404, Oracle MIS=1229, Improvement=3
n=2500, coeff=4, trial=4, GT MIS=1250, Greedy MIS=1226, |S|=2205, Oracle MIS=1247, Improvement=21
n=2500, coeff=4, trial=4, GT MIS=1250, Greedy MIS=1226, |S|=1917, Oracle MIS=1250, Improvement=24
n=2500, coeff=4, trial=4, GT MIS=1250, Greedy MIS=1226, |S|=1642, Oracle MIS=1249, Improvement=23
n=2500, coeff=5, trial=0, GT MIS=1250, Greedy MIS=1227, |S|=2500, Oracle MIS=1227, Improvement=0
n=2500, coeff=5, trial=0, GT MIS=1250, Greedy MIS=1227, |S|=2500, Oracle MIS=1227, Improvement=0
n=2500, coeff=5, trial=0, GT MIS=1250, Greedy MIS=1227, |S|=2500, Oracle MIS=1227, Improvement=0
n=2500, coeff=5, trial=0, GT MIS=1250, Greedy MIS=1227, |S|=2500, Oracle MIS=1227, Improvement=0
n=2500, coeff=5, trial=0, GT MIS=1250, Greedy MIS=1227, |S|=2493, Oracle MIS=1227, Improvement=0
n=2500, coeff=5, trial=0, GT MIS=1250, Greedy MIS=1227, |S|=2463, Oracle MIS=1227, Improvement=0
n=2500, coeff=5, trial=0, GT MIS=1250, Greedy MIS=1227, |S|=2355, Oracle MIS=1250, Improvement=23
n=2500, coeff=5, trial=0, GT MIS=1250, Greedy MIS=1227, |S|=2119, Oracle MIS=1250, Improvement=23
n=2500, coeff=5, trial=0, GT MIS=1250, Greedy MIS=1227, |S|=1857, Oracle MIS=1250, Improvement=23
n=2500, coeff=5, trial=0, GT MIS=1250, Greedy MIS=1227, |S|=1538, Oracle MIS=1248, Improvement=21
n=2500, coeff=5, trial=1, GT MIS=1250, Greedy MIS=1168, |S|=2500, Oracle MIS=1168, Improvement=0
n=2500, coeff=5, trial=1, GT MIS=1250, Greedy MIS=1168, |S|=2500, Oracle MIS=1168, Improvement=0
n=2500, coeff=5, trial=1, GT MIS=1250, Greedy MIS=1168, |S|=2500, Oracle MIS=1168, Improvement=0
n=2500, coeff=5, trial=1, GT MIS=1250, Greedy MIS=1168, |S|=2500, Oracle MIS=1168, Improvement=0
n=2500, coeff=5, trial=1, GT MIS=1250, Greedy MIS=1168, |S|=2494, Oracle MIS=1168, Improvement=0
n=2500, coeff=5, trial=1, GT MIS=1250, Greedy MIS=1168, |S|=2457, Oracle MIS=1168, Improvement=0
n=2500, coeff=5, trial=1, GT MIS=1250, Greedy MIS=1168, |S|=2340, Oracle MIS=1238, Improvement=70
n=2500, coeff=5, trial=1, GT MIS=1250, Greedy MIS=1168, |S|=2094, Oracle MIS=1249, Improvement=81
n=2500, coeff=5, trial=1, GT MIS=1250, Greedy MIS=1168, |S|=1811, Oracle MIS=1249, Improvement=81
n=2500, coeff=5, trial=1, GT MIS=1250, Greedy MIS=1168, |S|=1551, Oracle MIS=1250, Improvement=82
n=2500, coeff=5, trial=2, GT MIS=1250, Greedy MIS=1237, |S|=2500, Oracle MIS=1237, Improvement=0
n=2500, coeff=5, trial=2, GT MIS=1250, Greedy MIS=1237, |S|=2500, Oracle MIS=1237, Improvement=0
n=2500, coeff=5, trial=2, GT MIS=1250, Greedy MIS=1237, |S|=2500, Oracle MIS=1237, Improvement=0
n=2500, coeff=5, trial=2, GT MIS=1250, Greedy MIS=1237, |S|=2500, Oracle MIS=1237, Improvement=0
n=2500, coeff=5, trial=2, GT MIS=1250, Greedy MIS=1237, |S|=2496, Oracle MIS=1233, Improvement=-4
n=2500, coeff=5, trial=2, GT MIS=1250, Greedy MIS=1237, |S|=2477, Oracle MIS=1153, Improvement=-84
n=2500, coeff=5, trial=2, GT MIS=1250, Greedy MIS=1237, |S|=2363, Oracle MIS=1250, Improvement=13
n=2500, coeff=5, trial=2, GT MIS=1250, Greedy MIS=1237, |S|=2136, Oracle MIS=1250, Improvement=13
n=2500, coeff=5, trial=2, GT MIS=1250, Greedy MIS=1237, |S|=1844, Oracle MIS=1250, Improvement=13
n=2500, coeff=5, trial=2, GT MIS=1250, Greedy MIS=1237, |S|=1555, Oracle MIS=1249, Improvement=12
n=2500, coeff=5, trial=3, GT MIS=1250, Greedy MIS=1211, |S|=2500, Oracle MIS=1211, Improvement=0
n=2500, coeff=5, trial=3, GT MIS=1250, Greedy MIS=1211, |S|=2500, Oracle MIS=1211, Improvement=0
n=2500, coeff=5, trial=3, GT MIS=1250, Greedy MIS=1211, |S|=2500, Oracle MIS=1211, Improvement=0
n=2500, coeff=5, trial=3, GT MIS=1250, Greedy MIS=1211, |S|=2499, Oracle MIS=1210, Improvement=-1
n=2500, coeff=5, trial=3, GT MIS=1250, Greedy MIS=1211, |S|=2493, Oracle MIS=1205, Improvement=-6
n=2500, coeff=5, trial=3, GT MIS=1250, Greedy MIS=1211, |S|=2466, Oracle MIS=1159, Improvement=-52
n=2500, coeff=5, trial=3, GT MIS=1250, Greedy MIS=1211, |S|=2341, Oracle MIS=1223, Improvement=12
n=2500, coeff=5, trial=3, GT MIS=1250, Greedy MIS=1211, |S|=2130, Oracle MIS=1250, Improvement=39
n=2500, coeff=5, trial=3, GT MIS=1250, Greedy MIS=1211, |S|=1818, Oracle MIS=1250, Improvement=39
n=2500, coeff=5, trial=3, GT MIS=1250, Greedy MIS=1211, |S|=1575, Oracle MIS=1250, Improvement=39
n=2500, coeff=5, trial=4, GT MIS=1250, Greedy MIS=1221, |S|=2500, Oracle MIS=1221, Improvement=0
n=2500, coeff=5, trial=4, GT MIS=1250, Greedy MIS=1221, |S|=2500, Oracle MIS=1221, Improvement=0
n=2500, coeff=5, trial=4, GT MIS=1250, Greedy MIS=1221, |S|=2500, Oracle MIS=1221, Improvement=0
n=2500, coeff=5, trial=4, GT MIS=1250, Greedy MIS=1221, |S|=2500, Oracle MIS=1221, Improvement=0
n=2500, coeff=5, trial=4, GT MIS=1250, Greedy MIS=1221, |S|=2495, Oracle MIS=1216, Improvement=-5
n=2500, coeff=5, trial=4, GT MIS=1250, Greedy MIS=1221, |S|=2472, Oracle MIS=1186, Improvement=-35
n=2500, coeff=5, trial=4, GT MIS=1250, Greedy MIS=1221, |S|=2394, Oracle MIS=1243, Improvement=22
n=2500, coeff=5, trial=4, GT MIS=1250, Greedy MIS=1221, |S|=2139, Oracle MIS=1250, Improvement=29
n=2500, coeff=5, trial=4, GT MIS=1250, Greedy MIS=1221, |S|=1820, Oracle MIS=1250, Improvement=29
n=2500, coeff=5, trial=4, GT MIS=1250, Greedy MIS=1221, |S|=1527, Oracle MIS=1250, Improvement=29
n=2500, coeff=6, trial=0, GT MIS=1250, Greedy MIS=1202, |S|=2500, Oracle MIS=1202, Improvement=0
n=2500, coeff=6, trial=0, GT MIS=1250, Greedy MIS=1202, |S|=2500, Oracle MIS=1202, Improvement=0
n=2500, coeff=6, trial=0, GT MIS=1250, Greedy MIS=1202, |S|=2500, Oracle MIS=1202, Improvement=0
n=2500, coeff=6, trial=0, GT MIS=1250, Greedy MIS=1202, |S|=2500, Oracle MIS=1202, Improvement=0
n=2500, coeff=6, trial=0, GT MIS=1250, Greedy MIS=1202, |S|=2495, Oracle MIS=1167, Improvement=-35
n=2500, coeff=6, trial=0, GT MIS=1250, Greedy MIS=1202, |S|=2454, Oracle MIS=1230, Improvement=28
n=2500, coeff=6, trial=0, GT MIS=1250, Greedy MIS=1202, |S|=2300, Oracle MIS=1250, Improvement=48
n=2500, coeff=6, trial=0, GT MIS=1250, Greedy MIS=1202, |S|=2067, Oracle MIS=1250, Improvement=48
n=2500, coeff=6, trial=0, GT MIS=1250, Greedy MIS=1202, |S|=1749, Oracle MIS=1250, Improvement=48
n=2500, coeff=6, trial=0, GT MIS=1250, Greedy MIS=1202, |S|=1470, Oracle MIS=1250, Improvement=48
n=2500, coeff=6, trial=1, GT MIS=1250, Greedy MIS=1198, |S|=2500, Oracle MIS=1198, Improvement=0
n=2500, coeff=6, trial=1, GT MIS=1250, Greedy MIS=1198, |S|=2500, Oracle MIS=1198, Improvement=0
n=2500, coeff=6, trial=1, GT MIS=1250, Greedy MIS=1198, |S|=2500, Oracle MIS=1198, Improvement=0
n=2500, coeff=6, trial=1, GT MIS=1250, Greedy MIS=1198, |S|=2500, Oracle MIS=1198, Improvement=0
n=2500, coeff=6, trial=1, GT MIS=1250, Greedy MIS=1198, |S|=2491, Oracle MIS=1190, Improvement=-8
n=2500, coeff=6, trial=1, GT MIS=1250, Greedy MIS=1198, |S|=2449, Oracle MIS=1222, Improvement=24
n=2500, coeff=6, trial=1, GT MIS=1250, Greedy MIS=1198, |S|=2297, Oracle MIS=1250, Improvement=52
n=2500, coeff=6, trial=1, GT MIS=1250, Greedy MIS=1198, |S|=2017, Oracle MIS=1249, Improvement=51
n=2500, coeff=6, trial=1, GT MIS=1250, Greedy MIS=1198, |S|=1705, Oracle MIS=1249, Improvement=51
n=2500, coeff=6, trial=1, GT MIS=1250, Greedy MIS=1198, |S|=1453, Oracle MIS=1248, Improvement=50
n=2500, coeff=6, trial=2, GT MIS=1250, Greedy MIS=1201, |S|=2500, Oracle MIS=1201, Improvement=0
n=2500, coeff=6, trial=2, GT MIS=1250, Greedy MIS=1201, |S|=2500, Oracle MIS=1201, Improvement=0
n=2500, coeff=6, trial=2, GT MIS=1250, Greedy MIS=1201, |S|=2500, Oracle MIS=1201, Improvement=0
n=2500, coeff=6, trial=2, GT MIS=1250, Greedy MIS=1201, |S|=2500, Oracle MIS=1201, Improvement=0
n=2500, coeff=6, trial=2, GT MIS=1250, Greedy MIS=1201, |S|=2497, Oracle MIS=1179, Improvement=-22
n=2500, coeff=6, trial=2, GT MIS=1250, Greedy MIS=1201, |S|=2463, Oracle MIS=1230, Improvement=29
n=2500, coeff=6, trial=2, GT MIS=1250, Greedy MIS=1201, |S|=2326, Oracle MIS=1250, Improvement=49
n=2500, coeff=6, trial=2, GT MIS=1250, Greedy MIS=1201, |S|=2064, Oracle MIS=1250, Improvement=49
n=2500, coeff=6, trial=2, GT MIS=1250, Greedy MIS=1201, |S|=1739, Oracle MIS=1250, Improvement=49
n=2500, coeff=6, trial=2, GT MIS=1250, Greedy MIS=1201, |S|=1454, Oracle MIS=1250, Improvement=49
n=2500, coeff=6, trial=3, GT MIS=1250, Greedy MIS=1227, |S|=2500, Oracle MIS=1227, Improvement=0
n=2500, coeff=6, trial=3, GT MIS=1250, Greedy MIS=1227, |S|=2500, Oracle MIS=1227, Improvement=0
n=2500, coeff=6, trial=3, GT MIS=1250, Greedy MIS=1227, |S|=2500, Oracle MIS=1227, Improvement=0
n=2500, coeff=6, trial=3, GT MIS=1250, Greedy MIS=1227, |S|=2499, Oracle MIS=1226, Improvement=-1
n=2500, coeff=6, trial=3, GT MIS=1250, Greedy MIS=1227, |S|=2494, Oracle MIS=1223, Improvement=-4
n=2500, coeff=6, trial=3, GT MIS=1250, Greedy MIS=1227, |S|=2452, Oracle MIS=1181, Improvement=-46
n=2500, coeff=6, trial=3, GT MIS=1250, Greedy MIS=1227, |S|=2265, Oracle MIS=1250, Improvement=23
n=2500, coeff=6, trial=3, GT MIS=1250, Greedy MIS=1227, |S|=2028, Oracle MIS=1250, Improvement=23
n=2500, coeff=6, trial=3, GT MIS=1250, Greedy MIS=1227, |S|=1727, Oracle MIS=1250, Improvement=23
n=2500, coeff=6, trial=3, GT MIS=1250, Greedy MIS=1227, |S|=1488, Oracle MIS=1250, Improvement=23
n=2500, coeff=6, trial=4, GT MIS=1250, Greedy MIS=1222, |S|=2500, Oracle MIS=1222, Improvement=0
n=2500, coeff=6, trial=4, GT MIS=1250, Greedy MIS=1222, |S|=2500, Oracle MIS=1222, Improvement=0
n=2500, coeff=6, trial=4, GT MIS=1250, Greedy MIS=1222, |S|=2500, Oracle MIS=1222, Improvement=0
n=2500, coeff=6, trial=4, GT MIS=1250, Greedy MIS=1222, |S|=2500, Oracle MIS=1222, Improvement=0
n=2500, coeff=6, trial=4, GT MIS=1250, Greedy MIS=1222, |S|=2495, Oracle MIS=1217, Improvement=-5
n=2500, coeff=6, trial=4, GT MIS=1250, Greedy MIS=1222, |S|=2460, Oracle MIS=1191, Improvement=-31
n=2500, coeff=6, trial=4, GT MIS=1250, Greedy MIS=1222, |S|=2372, Oracle MIS=1241, Improvement=19
n=2500, coeff=6, trial=4, GT MIS=1250, Greedy MIS=1222, |S|=2070, Oracle MIS=1250, Improvement=28
n=2500, coeff=6, trial=4, GT MIS=1250, Greedy MIS=1222, |S|=1699, Oracle MIS=1250, Improvement=28
n=2500, coeff=6, trial=4, GT MIS=1250, Greedy MIS=1222, |S|=1430, Oracle MIS=1250, Improvement=28
n=2500, coeff=7, trial=0, GT MIS=1250, Greedy MIS=1226, |S|=2500, Oracle MIS=1226, Improvement=0
n=2500, coeff=7, trial=0, GT MIS=1250, Greedy MIS=1226, |S|=2500, Oracle MIS=1226, Improvement=0
n=2500, coeff=7, trial=0, GT MIS=1250, Greedy MIS=1226, |S|=2500, Oracle MIS=1226, Improvement=0
n=2500, coeff=7, trial=0, GT MIS=1250, Greedy MIS=1226, |S|=2500, Oracle MIS=1226, Improvement=0
n=2500, coeff=7, trial=0, GT MIS=1250, Greedy MIS=1226, |S|=2493, Oracle MIS=1220, Improvement=-6
n=2500, coeff=7, trial=0, GT MIS=1250, Greedy MIS=1226, |S|=2441, Oracle MIS=1238, Improvement=12
n=2500, coeff=7, trial=0, GT MIS=1250, Greedy MIS=1226, |S|=2278, Oracle MIS=1250, Improvement=24
n=2500, coeff=7, trial=0, GT MIS=1250, Greedy MIS=1226, |S|=1999, Oracle MIS=1250, Improvement=24
n=2500, coeff=7, trial=0, GT MIS=1250, Greedy MIS=1226, |S|=1648, Oracle MIS=1250, Improvement=24
n=2500, coeff=7, trial=0, GT MIS=1250, Greedy MIS=1226, |S|=1399, Oracle MIS=1250, Improvement=24
n=2500, coeff=7, trial=1, GT MIS=1250, Greedy MIS=1250, |S|=2500, Oracle MIS=1250, Improvement=0
n=2500, coeff=7, trial=1, GT MIS=1250, Greedy MIS=1250, |S|=2500, Oracle MIS=1250, Improvement=0
n=2500, coeff=7, trial=1, GT MIS=1250, Greedy MIS=1250, |S|=2500, Oracle MIS=1250, Improvement=0
n=2500, coeff=7, trial=1, GT MIS=1250, Greedy MIS=1250, |S|=2500, Oracle MIS=1250, Improvement=0
n=2500, coeff=7, trial=1, GT MIS=1250, Greedy MIS=1250, |S|=2491, Oracle MIS=1250, Improvement=0
n=2500, coeff=7, trial=1, GT MIS=1250, Greedy MIS=1250, |S|=2437, Oracle MIS=1250, Improvement=0
n=2500, coeff=7, trial=1, GT MIS=1250, Greedy MIS=1250, |S|=2265, Oracle MIS=1250, Improvement=0
n=2500, coeff=7, trial=1, GT MIS=1250, Greedy MIS=1250, |S|=1939, Oracle MIS=1250, Improvement=0
n=2500, coeff=7, trial=1, GT MIS=1250, Greedy MIS=1250, |S|=1625, Oracle MIS=1249, Improvement=-1
n=2500, coeff=7, trial=1, GT MIS=1250, Greedy MIS=1250, |S|=1396, Oracle MIS=1249, Improvement=-1
n=2500, coeff=7, trial=2, GT MIS=1250, Greedy MIS=1214, |S|=2500, Oracle MIS=1214, Improvement=0
n=2500, coeff=7, trial=2, GT MIS=1250, Greedy MIS=1214, |S|=2500, Oracle MIS=1214, Improvement=0
n=2500, coeff=7, trial=2, GT MIS=1250, Greedy MIS=1214, |S|=2500, Oracle MIS=1214, Improvement=0
n=2500, coeff=7, trial=2, GT MIS=1250, Greedy MIS=1214, |S|=2500, Oracle MIS=1214, Improvement=0
n=2500, coeff=7, trial=2, GT MIS=1250, Greedy MIS=1214, |S|=2493, Oracle MIS=1210, Improvement=-4
n=2500, coeff=7, trial=2, GT MIS=1250, Greedy MIS=1214, |S|=2446, Oracle MIS=1158, Improvement=-56
n=2500, coeff=7, trial=2, GT MIS=1250, Greedy MIS=1214, |S|=2279, Oracle MIS=1250, Improvement=36
n=2500, coeff=7, trial=2, GT MIS=1250, Greedy MIS=1214, |S|=1987, Oracle MIS=1250, Improvement=36
n=2500, coeff=7, trial=2, GT MIS=1250, Greedy MIS=1214, |S|=1654, Oracle MIS=1250, Improvement=36
n=2500, coeff=7, trial=2, GT MIS=1250, Greedy MIS=1214, |S|=1398, Oracle MIS=1250, Improvement=36
n=2500, coeff=7, trial=3, GT MIS=1250, Greedy MIS=1137, |S|=2500, Oracle MIS=1137, Improvement=0
n=2500, coeff=7, trial=3, GT MIS=1250, Greedy MIS=1137, |S|=2500, Oracle MIS=1137, Improvement=0
n=2500, coeff=7, trial=3, GT MIS=1250, Greedy MIS=1137, |S|=2500, Oracle MIS=1137, Improvement=0
n=2500, coeff=7, trial=3, GT MIS=1250, Greedy MIS=1137, |S|=2500, Oracle MIS=1137, Improvement=0
n=2500, coeff=7, trial=3, GT MIS=1250, Greedy MIS=1137, |S|=2495, Oracle MIS=1132, Improvement=-5
n=2500, coeff=7, trial=3, GT MIS=1250, Greedy MIS=1137, |S|=2440, Oracle MIS=1250, Improvement=113
n=2500, coeff=7, trial=3, GT MIS=1250, Greedy MIS=1137, |S|=2251, Oracle MIS=1250, Improvement=113
n=2500, coeff=7, trial=3, GT MIS=1250, Greedy MIS=1137, |S|=1973, Oracle MIS=1250, Improvement=113
n=2500, coeff=7, trial=3, GT MIS=1250, Greedy MIS=1137, |S|=1626, Oracle MIS=1250, Improvement=113
n=2500, coeff=7, trial=3, GT MIS=1250, Greedy MIS=1137, |S|=1428, Oracle MIS=1250, Improvement=113
n=2500, coeff=7, trial=4, GT MIS=1250, Greedy MIS=1227, |S|=2500, Oracle MIS=1227, Improvement=0
n=2500, coeff=7, trial=4, GT MIS=1250, Greedy MIS=1227, |S|=2500, Oracle MIS=1227, Improvement=0
n=2500, coeff=7, trial=4, GT MIS=1250, Greedy MIS=1227, |S|=2500, Oracle MIS=1227, Improvement=0
n=2500, coeff=7, trial=4, GT MIS=1250, Greedy MIS=1227, |S|=2500, Oracle MIS=1227, Improvement=0
n=2500, coeff=7, trial=4, GT MIS=1250, Greedy MIS=1227, |S|=2495, Oracle MIS=1222, Improvement=-5
n=2500, coeff=7, trial=4, GT MIS=1250, Greedy MIS=1227, |S|=2461, Oracle MIS=1188, Improvement=-39
n=2500, coeff=7, trial=4, GT MIS=1250, Greedy MIS=1227, |S|=2336, Oracle MIS=1250, Improvement=23
n=2500, coeff=7, trial=4, GT MIS=1250, Greedy MIS=1227, |S|=1997, Oracle MIS=1250, Improvement=23
n=2500, coeff=7, trial=4, GT MIS=1250, Greedy MIS=1227, |S|=1603, Oracle MIS=1250, Improvement=23
n=2500, coeff=7, trial=4, GT MIS=1250, Greedy MIS=1227, |S|=1385, Oracle MIS=1250, Improvement=23
n=2500, coeff=8, trial=0, GT MIS=1250, Greedy MIS=1236, |S|=2500, Oracle MIS=1236, Improvement=0
n=2500, coeff=8, trial=0, GT MIS=1250, Greedy MIS=1236, |S|=2500, Oracle MIS=1236, Improvement=0
n=2500, coeff=8, trial=0, GT MIS=1250, Greedy MIS=1236, |S|=2500, Oracle MIS=1236, Improvement=0
n=2500, coeff=8, trial=0, GT MIS=1250, Greedy MIS=1236, |S|=2500, Oracle MIS=1236, Improvement=0
n=2500, coeff=8, trial=0, GT MIS=1250, Greedy MIS=1236, |S|=2494, Oracle MIS=1230, Improvement=-6
n=2500, coeff=8, trial=0, GT MIS=1250, Greedy MIS=1236, |S|=2437, Oracle MIS=1221, Improvement=-15
n=2500, coeff=8, trial=0, GT MIS=1250, Greedy MIS=1236, |S|=2243, Oracle MIS=1250, Improvement=14
n=2500, coeff=8, trial=0, GT MIS=1250, Greedy MIS=1236, |S|=1904, Oracle MIS=1250, Improvement=14
n=2500, coeff=8, trial=0, GT MIS=1250, Greedy MIS=1236, |S|=1552, Oracle MIS=1250, Improvement=14
n=2500, coeff=8, trial=0, GT MIS=1250, Greedy MIS=1236, |S|=1334, Oracle MIS=1250, Improvement=14
n=2500, coeff=8, trial=1, GT MIS=1250, Greedy MIS=1204, |S|=2500, Oracle MIS=1204, Improvement=0
n=2500, coeff=8, trial=1, GT MIS=1250, Greedy MIS=1204, |S|=2500, Oracle MIS=1204, Improvement=0
n=2500, coeff=8, trial=1, GT MIS=1250, Greedy MIS=1204, |S|=2500, Oracle MIS=1204, Improvement=0
n=2500, coeff=8, trial=1, GT MIS=1250, Greedy MIS=1204, |S|=2499, Oracle MIS=1204, Improvement=0
n=2500, coeff=8, trial=1, GT MIS=1250, Greedy MIS=1204, |S|=2487, Oracle MIS=1220, Improvement=16
n=2500, coeff=8, trial=1, GT MIS=1250, Greedy MIS=1204, |S|=2414, Oracle MIS=1250, Improvement=46
n=2500, coeff=8, trial=1, GT MIS=1250, Greedy MIS=1204, |S|=2206, Oracle MIS=1249, Improvement=45
n=2500, coeff=8, trial=1, GT MIS=1250, Greedy MIS=1204, |S|=1857, Oracle MIS=1249, Improvement=45
n=2500, coeff=8, trial=1, GT MIS=1250, Greedy MIS=1204, |S|=1549, Oracle MIS=1248, Improvement=44
n=2500, coeff=8, trial=1, GT MIS=1250, Greedy MIS=1204, |S|=1335, Oracle MIS=1248, Improvement=44
n=2500, coeff=8, trial=2, GT MIS=1250, Greedy MIS=1205, |S|=2500, Oracle MIS=1205, Improvement=0
n=2500, coeff=8, trial=2, GT MIS=1250, Greedy MIS=1205, |S|=2500, Oracle MIS=1205, Improvement=0
n=2500, coeff=8, trial=2, GT MIS=1250, Greedy MIS=1205, |S|=2500, Oracle MIS=1205, Improvement=0
n=2500, coeff=8, trial=2, GT MIS=1250, Greedy MIS=1205, |S|=2500, Oracle MIS=1205, Improvement=0
n=2500, coeff=8, trial=2, GT MIS=1250, Greedy MIS=1205, |S|=2497, Oracle MIS=1158, Improvement=-47
n=2500, coeff=8, trial=2, GT MIS=1250, Greedy MIS=1205, |S|=2450, Oracle MIS=1250, Improvement=45
n=2500, coeff=8, trial=2, GT MIS=1250, Greedy MIS=1205, |S|=2245, Oracle MIS=1250, Improvement=45
n=2500, coeff=8, trial=2, GT MIS=1250, Greedy MIS=1205, |S|=1912, Oracle MIS=1250, Improvement=45
n=2500, coeff=8, trial=2, GT MIS=1250, Greedy MIS=1205, |S|=1573, Oracle MIS=1250, Improvement=45
n=2500, coeff=8, trial=2, GT MIS=1250, Greedy MIS=1205, |S|=1337, Oracle MIS=1250, Improvement=45
n=2500, coeff=8, trial=3, GT MIS=1250, Greedy MIS=1160, |S|=2500, Oracle MIS=1160, Improvement=0
n=2500, coeff=8, trial=3, GT MIS=1250, Greedy MIS=1160, |S|=2500, Oracle MIS=1160, Improvement=0
n=2500, coeff=8, trial=3, GT MIS=1250, Greedy MIS=1160, |S|=2500, Oracle MIS=1160, Improvement=0
n=2500, coeff=8, trial=3, GT MIS=1250, Greedy MIS=1160, |S|=2500, Oracle MIS=1160, Improvement=0
n=2500, coeff=8, trial=3, GT MIS=1250, Greedy MIS=1160, |S|=2489, Oracle MIS=1190, Improvement=30
n=2500, coeff=8, trial=3, GT MIS=1250, Greedy MIS=1160, |S|=2418, Oracle MIS=1250, Improvement=90
n=2500, coeff=8, trial=3, GT MIS=1250, Greedy MIS=1160, |S|=2202, Oracle MIS=1250, Improvement=90
n=2500, coeff=8, trial=3, GT MIS=1250, Greedy MIS=1160, |S|=1859, Oracle MIS=1250, Improvement=90
n=2500, coeff=8, trial=3, GT MIS=1250, Greedy MIS=1160, |S|=1541, Oracle MIS=1250, Improvement=90
n=2500, coeff=8, trial=3, GT MIS=1250, Greedy MIS=1160, |S|=1362, Oracle MIS=1250, Improvement=90
n=2500, coeff=8, trial=4, GT MIS=1250, Greedy MIS=1235, |S|=2500, Oracle MIS=1235, Improvement=0
n=2500, coeff=8, trial=4, GT MIS=1250, Greedy MIS=1235, |S|=2500, Oracle MIS=1235, Improvement=0
n=2500, coeff=8, trial=4, GT MIS=1250, Greedy MIS=1235, |S|=2500, Oracle MIS=1235, Improvement=0
n=2500, coeff=8, trial=4, GT MIS=1250, Greedy MIS=1235, |S|=2500, Oracle MIS=1235, Improvement=0
n=2500, coeff=8, trial=4, GT MIS=1250, Greedy MIS=1235, |S|=2491, Oracle MIS=1226, Improvement=-9
n=2500, coeff=8, trial=4, GT MIS=1250, Greedy MIS=1235, |S|=2449, Oracle MIS=1250, Improvement=15
n=2500, coeff=8, trial=4, GT MIS=1250, Greedy MIS=1235, |S|=2296, Oracle MIS=1250, Improvement=15
n=2500, coeff=8, trial=4, GT MIS=1250, Greedy MIS=1235, |S|=1901, Oracle MIS=1250, Improvement=15
n=2500, coeff=8, trial=4, GT MIS=1250, Greedy MIS=1235, |S|=1531, Oracle MIS=1250, Improvement=15
n=2500, coeff=8, trial=4, GT MIS=1250, Greedy MIS=1235, |S|=1332, Oracle MIS=1250, Improvement=15
n=2500, coeff=9, trial=0, GT MIS=1250, Greedy MIS=1232, |S|=2500, Oracle MIS=1232, Improvement=0
n=2500, coeff=9, trial=0, GT MIS=1250, Greedy MIS=1232, |S|=2500, Oracle MIS=1232, Improvement=0
n=2500, coeff=9, trial=0, GT MIS=1250, Greedy MIS=1232, |S|=2500, Oracle MIS=1232, Improvement=0
n=2500, coeff=9, trial=0, GT MIS=1250, Greedy MIS=1232, |S|=2500, Oracle MIS=1232, Improvement=0
n=2500, coeff=9, trial=0, GT MIS=1250, Greedy MIS=1232, |S|=2490, Oracle MIS=1186, Improvement=-46
n=2500, coeff=9, trial=0, GT MIS=1250, Greedy MIS=1232, |S|=2415, Oracle MIS=1250, Improvement=18
n=2500, coeff=9, trial=0, GT MIS=1250, Greedy MIS=1232, |S|=2181, Oracle MIS=1250, Improvement=18
n=2500, coeff=9, trial=0, GT MIS=1250, Greedy MIS=1232, |S|=1828, Oracle MIS=1250, Improvement=18
n=2500, coeff=9, trial=0, GT MIS=1250, Greedy MIS=1232, |S|=1479, Oracle MIS=1250, Improvement=18
n=2500, coeff=9, trial=0, GT MIS=1250, Greedy MIS=1232, |S|=1295, Oracle MIS=1250, Improvement=18
n=2500, coeff=9, trial=1, GT MIS=1250, Greedy MIS=1217, |S|=2500, Oracle MIS=1217, Improvement=0
n=2500, coeff=9, trial=1, GT MIS=1250, Greedy MIS=1217, |S|=2500, Oracle MIS=1217, Improvement=0
n=2500, coeff=9, trial=1, GT MIS=1250, Greedy MIS=1217, |S|=2500, Oracle MIS=1217, Improvement=0
n=2500, coeff=9, trial=1, GT MIS=1250, Greedy MIS=1217, |S|=2499, Oracle MIS=1217, Improvement=0
n=2500, coeff=9, trial=1, GT MIS=1250, Greedy MIS=1217, |S|=2482, Oracle MIS=1217, Improvement=0
n=2500, coeff=9, trial=1, GT MIS=1250, Greedy MIS=1217, |S|=2393, Oracle MIS=1234, Improvement=17
n=2500, coeff=9, trial=1, GT MIS=1250, Greedy MIS=1217, |S|=2165, Oracle MIS=1250, Improvement=33
n=2500, coeff=9, trial=1, GT MIS=1250, Greedy MIS=1217, |S|=1764, Oracle MIS=1249, Improvement=32
n=2500, coeff=9, trial=1, GT MIS=1250, Greedy MIS=1217, |S|=1463, Oracle MIS=1249, Improvement=32
n=2500, coeff=9, trial=1, GT MIS=1250, Greedy MIS=1217, |S|=1300, Oracle MIS=1248, Improvement=31
n=2500, coeff=9, trial=2, GT MIS=1250, Greedy MIS=1215, |S|=2500, Oracle MIS=1215, Improvement=0
n=2500, coeff=9, trial=2, GT MIS=1250, Greedy MIS=1215, |S|=2500, Oracle MIS=1215, Improvement=0
n=2500, coeff=9, trial=2, GT MIS=1250, Greedy MIS=1215, |S|=2500, Oracle MIS=1215, Improvement=0
n=2500, coeff=9, trial=2, GT MIS=1250, Greedy MIS=1215, |S|=2500, Oracle MIS=1215, Improvement=0
n=2500, coeff=9, trial=2, GT MIS=1250, Greedy MIS=1215, |S|=2496, Oracle MIS=1214, Improvement=-1
n=2500, coeff=9, trial=2, GT MIS=1250, Greedy MIS=1215, |S|=2423, Oracle MIS=1250, Improvement=35
n=2500, coeff=9, trial=2, GT MIS=1250, Greedy MIS=1215, |S|=2178, Oracle MIS=1250, Improvement=35
n=2500, coeff=9, trial=2, GT MIS=1250, Greedy MIS=1215, |S|=1810, Oracle MIS=1250, Improvement=35
n=2500, coeff=9, trial=2, GT MIS=1250, Greedy MIS=1215, |S|=1502, Oracle MIS=1250, Improvement=35
n=2500, coeff=9, trial=2, GT MIS=1250, Greedy MIS=1215, |S|=1307, Oracle MIS=1250, Improvement=35
n=2500, coeff=9, trial=3, GT MIS=1250, Greedy MIS=1167, |S|=2500, Oracle MIS=1167, Improvement=0
n=2500, coeff=9, trial=3, GT MIS=1250, Greedy MIS=1167, |S|=2500, Oracle MIS=1167, Improvement=0
n=2500, coeff=9, trial=3, GT MIS=1250, Greedy MIS=1167, |S|=2500, Oracle MIS=1167, Improvement=0
n=2500, coeff=9, trial=3, GT MIS=1250, Greedy MIS=1167, |S|=2500, Oracle MIS=1167, Improvement=0
n=2500, coeff=9, trial=3, GT MIS=1250, Greedy MIS=1167, |S|=2485, Oracle MIS=1167, Improvement=0
n=2500, coeff=9, trial=3, GT MIS=1250, Greedy MIS=1167, |S|=2424, Oracle MIS=1235, Improvement=68
n=2500, coeff=9, trial=3, GT MIS=1250, Greedy MIS=1167, |S|=2122, Oracle MIS=1250, Improvement=83
n=2500, coeff=9, trial=3, GT MIS=1250, Greedy MIS=1167, |S|=1777, Oracle MIS=1250, Improvement=83
n=2500, coeff=9, trial=3, GT MIS=1250, Greedy MIS=1167, |S|=1488, Oracle MIS=1250, Improvement=83
n=2500, coeff=9, trial=3, GT MIS=1250, Greedy MIS=1167, |S|=1314, Oracle MIS=1250, Improvement=83
n=2500, coeff=9, trial=4, GT MIS=1250, Greedy MIS=1250, |S|=2500, Oracle MIS=1250, Improvement=0
n=2500, coeff=9, trial=4, GT MIS=1250, Greedy MIS=1250, |S|=2500, Oracle MIS=1250, Improvement=0
n=2500, coeff=9, trial=4, GT MIS=1250, Greedy MIS=1250, |S|=2500, Oracle MIS=1250, Improvement=0
n=2500, coeff=9, trial=4, GT MIS=1250, Greedy MIS=1250, |S|=2499, Oracle MIS=1249, Improvement=-1
n=2500, coeff=9, trial=4, GT MIS=1250, Greedy MIS=1250, |S|=2494, Oracle MIS=1227, Improvement=-23
n=2500, coeff=9, trial=4, GT MIS=1250, Greedy MIS=1250, |S|=2440, Oracle MIS=1250, Improvement=0
n=2500, coeff=9, trial=4, GT MIS=1250, Greedy MIS=1250, |S|=2269, Oracle MIS=1250, Improvement=0
n=2500, coeff=9, trial=4, GT MIS=1250, Greedy MIS=1250, |S|=1821, Oracle MIS=1250, Improvement=0
n=2500, coeff=9, trial=4, GT MIS=1250, Greedy MIS=1250, |S|=1456, Oracle MIS=1250, Improvement=0
n=2500, coeff=9, trial=4, GT MIS=1250, Greedy MIS=1250, |S|=1298, Oracle MIS=1250, Improvement=0
n=2500, coeff=10, trial=0, GT MIS=1250, Greedy MIS=1250, |S|=2500, Oracle MIS=1250, Improvement=0
n=2500, coeff=10, trial=0, GT MIS=1250, Greedy MIS=1250, |S|=2500, Oracle MIS=1250, Improvement=0
n=2500, coeff=10, trial=0, GT MIS=1250, Greedy MIS=1250, |S|=2500, Oracle MIS=1250, Improvement=0
n=2500, coeff=10, trial=0, GT MIS=1250, Greedy MIS=1250, |S|=2500, Oracle MIS=1250, Improvement=0
n=2500, coeff=10, trial=0, GT MIS=1250, Greedy MIS=1250, |S|=2490, Oracle MIS=1240, Improvement=-10
n=2500, coeff=10, trial=0, GT MIS=1250, Greedy MIS=1250, |S|=2398, Oracle MIS=1250, Improvement=0
n=2500, coeff=10, trial=0, GT MIS=1250, Greedy MIS=1250, |S|=2115, Oracle MIS=1250, Improvement=0
n=2500, coeff=10, trial=0, GT MIS=1250, Greedy MIS=1250, |S|=1737, Oracle MIS=1250, Improvement=0
n=2500, coeff=10, trial=0, GT MIS=1250, Greedy MIS=1250, |S|=1414, Oracle MIS=1250, Improvement=0
n=2500, coeff=10, trial=0, GT MIS=1250, Greedy MIS=1250, |S|=1273, Oracle MIS=1249, Improvement=-1
n=2500, coeff=10, trial=1, GT MIS=1250, Greedy MIS=1210, |S|=2500, Oracle MIS=1210, Improvement=0
n=2500, coeff=10, trial=1, GT MIS=1250, Greedy MIS=1210, |S|=2500, Oracle MIS=1210, Improvement=0
n=2500, coeff=10, trial=1, GT MIS=1250, Greedy MIS=1210, |S|=2500, Oracle MIS=1210, Improvement=0
n=2500, coeff=10, trial=1, GT MIS=1250, Greedy MIS=1210, |S|=2499, Oracle MIS=1210, Improvement=0
n=2500, coeff=10, trial=1, GT MIS=1250, Greedy MIS=1210, |S|=2479, Oracle MIS=1210, Improvement=0
n=2500, coeff=10, trial=1, GT MIS=1250, Greedy MIS=1210, |S|=2384, Oracle MIS=1250, Improvement=40
n=2500, coeff=10, trial=1, GT MIS=1250, Greedy MIS=1210, |S|=2113, Oracle MIS=1250, Improvement=40
n=2500, coeff=10, trial=1, GT MIS=1250, Greedy MIS=1210, |S|=1691, Oracle MIS=1250, Improvement=40
n=2500, coeff=10, trial=1, GT MIS=1250, Greedy MIS=1210, |S|=1417, Oracle MIS=1249, Improvement=39
n=2500, coeff=10, trial=1, GT MIS=1250, Greedy MIS=1210, |S|=1281, Oracle MIS=1250, Improvement=40
n=2500, coeff=10, trial=2, GT MIS=1250, Greedy MIS=1231, |S|=2500, Oracle MIS=1231, Improvement=0
n=2500, coeff=10, trial=2, GT MIS=1250, Greedy MIS=1231, |S|=2500, Oracle MIS=1231, Improvement=0
n=2500, coeff=10, trial=2, GT MIS=1250, Greedy MIS=1231, |S|=2500, Oracle MIS=1231, Improvement=0
n=2500, coeff=10, trial=2, GT MIS=1250, Greedy MIS=1231, |S|=2500, Oracle MIS=1231, Improvement=0
n=2500, coeff=10, trial=2, GT MIS=1250, Greedy MIS=1231, |S|=2493, Oracle MIS=1224, Improvement=-7
n=2500, coeff=10, trial=2, GT MIS=1250, Greedy MIS=1231, |S|=2418, Oracle MIS=1250, Improvement=19
n=2500, coeff=10, trial=2, GT MIS=1250, Greedy MIS=1231, |S|=2132, Oracle MIS=1250, Improvement=19
n=2500, coeff=10, trial=2, GT MIS=1250, Greedy MIS=1231, |S|=1738, Oracle MIS=1250, Improvement=19
n=2500, coeff=10, trial=2, GT MIS=1250, Greedy MIS=1231, |S|=1433, Oracle MIS=1250, Improvement=19
n=2500, coeff=10, trial=2, GT MIS=1250, Greedy MIS=1231, |S|=1283, Oracle MIS=1250, Improvement=19
n=2500, coeff=10, trial=3, GT MIS=1250, Greedy MIS=1232, |S|=2500, Oracle MIS=1232, Improvement=0
n=2500, coeff=10, trial=3, GT MIS=1250, Greedy MIS=1232, |S|=2500, Oracle MIS=1232, Improvement=0
n=2500, coeff=10, trial=3, GT MIS=1250, Greedy MIS=1232, |S|=2500, Oracle MIS=1232, Improvement=0
n=2500, coeff=10, trial=3, GT MIS=1250, Greedy MIS=1232, |S|=2500, Oracle MIS=1232, Improvement=0
n=2500, coeff=10, trial=3, GT MIS=1250, Greedy MIS=1232, |S|=2482, Oracle MIS=1232, Improvement=0
n=2500, coeff=10, trial=3, GT MIS=1250, Greedy MIS=1232, |S|=2400, Oracle MIS=1250, Improvement=18
n=2500, coeff=10, trial=3, GT MIS=1250, Greedy MIS=1232, |S|=2082, Oracle MIS=1250, Improvement=18
n=2500, coeff=10, trial=3, GT MIS=1250, Greedy MIS=1232, |S|=1702, Oracle MIS=1250, Improvement=18
n=2500, coeff=10, trial=3, GT MIS=1250, Greedy MIS=1232, |S|=1435, Oracle MIS=1250, Improvement=18
n=2500, coeff=10, trial=3, GT MIS=1250, Greedy MIS=1232, |S|=1291, Oracle MIS=1250, Improvement=18
n=2500, coeff=10, trial=4, GT MIS=1250, Greedy MIS=1232, |S|=2500, Oracle MIS=1232, Improvement=0
n=2500, coeff=10, trial=4, GT MIS=1250, Greedy MIS=1232, |S|=2500, Oracle MIS=1232, Improvement=0
n=2500, coeff=10, trial=4, GT MIS=1250, Greedy MIS=1232, |S|=2500, Oracle MIS=1232, Improvement=0
n=2500, coeff=10, trial=4, GT MIS=1250, Greedy MIS=1232, |S|=2500, Oracle MIS=1232, Improvement=0
n=2500, coeff=10, trial=4, GT MIS=1250, Greedy MIS=1232, |S|=2494, Oracle MIS=1226, Improvement=-6
n=2500, coeff=10, trial=4, GT MIS=1250, Greedy MIS=1232, |S|=2440, Oracle MIS=1250, Improvement=18
n=2500, coeff=10, trial=4, GT MIS=1250, Greedy MIS=1232, |S|=2230, Oracle MIS=1250, Improvement=18
n=2500, coeff=10, trial=4, GT MIS=1250, Greedy MIS=1232, |S|=1738, Oracle MIS=1250, Improvement=18
n=2500, coeff=10, trial=4, GT MIS=1250, Greedy MIS=1232, |S|=1409, Oracle MIS=1250, Improvement=18
n=2500, coeff=10, trial=4, GT MIS=1250, Greedy MIS=1232, |S|=1275, Oracle MIS=1250, Improvement=18
Results saved to bipartite_experiment_results_epislons_2500.csv
