Running job on compute-3-04
Requested resources:
  - CPUs: 12
  - GPUs: 
  - Memory: 18000
Skipping n=85000, coeff=6.0, trial=0, epsilon=0.025 as entry already exists.
Skipping n=85000, coeff=6.0, trial=0, epsilon=0.05 as entry already exists.
Skipping n=85000, coeff=6.0, trial=0, epsilon=0.075 as entry already exists.
Skipping n=85000, coeff=6.0, trial=0, epsilon=0.1 as entry already exists.
Skipping n=85000, coeff=6.0, trial=0, epsilon=0.125 as entry already exists.
Skipping n=85000, coeff=6.0, trial=0, epsilon=0.15 as entry already exists.
Skipping n=85000, coeff=6.0, trial=0, epsilon=0.175 as entry already exists.
Skipping n=85000, coeff=6.0, trial=0, epsilon=0.2 as entry already exists.
Skipping n=85000, coeff=6.0, trial=0, epsilon=0.225 as entry already exists.
Skipping n=85000, coeff=6.0, trial=0, epsilon=0.25 as entry already exists.
Skipping n=85000, coeff=6.0, trial=1, epsilon=0.025 as entry already exists.
Skipping n=85000, coeff=6.0, trial=1, epsilon=0.05 as entry already exists.
Skipping n=85000, coeff=6.0, trial=1, epsilon=0.075 as entry already exists.
Skipping n=85000, coeff=6.0, trial=1, epsilon=0.1 as entry already exists.
Skipping n=85000, coeff=6.0, trial=1, epsilon=0.125 as entry already exists.
Skipping n=85000, coeff=6.0, trial=1, epsilon=0.15 as entry already exists.
Skipping n=85000, coeff=6.0, trial=1, epsilon=0.175 as entry already exists.
Skipping n=85000, coeff=6.0, trial=1, epsilon=0.2 as entry already exists.
Skipping n=85000, coeff=6.0, trial=1, epsilon=0.225 as entry already exists.
Skipping n=85000, coeff=6.0, trial=1, epsilon=0.25 as entry already exists.
Skipping n=85000, coeff=6.0, trial=2, epsilon=0.025 as entry already exists.
Skipping n=85000, coeff=6.0, trial=2, epsilon=0.05 as entry already exists.
Skipping n=85000, coeff=6.0, trial=2, epsilon=0.075 as entry already exists.
Skipping n=85000, coeff=6.0, trial=2, epsilon=0.1 as entry already exists.
Skipping n=85000, coeff=6.0, trial=2, epsilon=0.125 as entry already exists.
Skipping n=85000, coeff=6.0, trial=2, epsilon=0.15 as entry already exists.
Skipping n=85000, coeff=6.0, trial=2, epsilon=0.175 as entry already exists.
Skipping n=85000, coeff=6.0, trial=2, epsilon=0.2 as entry already exists.
Skipping n=85000, coeff=6.0, trial=2, epsilon=0.225 as entry already exists.
Skipping n=85000, coeff=6.0, trial=2, epsilon=0.25 as entry already exists.
Skipping n=85000, coeff=6.0, trial=3, epsilon=0.025 as entry already exists.
Skipping n=85000, coeff=6.0, trial=3, epsilon=0.05 as entry already exists.
Skipping n=85000, coeff=6.0, trial=3, epsilon=0.075 as entry already exists.
Skipping n=85000, coeff=6.0, trial=3, epsilon=0.1 as entry already exists.
Skipping n=85000, coeff=6.0, trial=3, epsilon=0.125 as entry already exists.
Skipping n=85000, coeff=6.0, trial=3, epsilon=0.15 as entry already exists.
Skipping n=85000, coeff=6.0, trial=3, epsilon=0.175 as entry already exists.
Skipping n=85000, coeff=6.0, trial=3, epsilon=0.2 as entry already exists.
Skipping n=85000, coeff=6.0, trial=3, epsilon=0.225 as entry already exists.
Skipping n=85000, coeff=6.0, trial=3, epsilon=0.25 as entry already exists.
Skipping n=85000, coeff=6.0, trial=4, epsilon=0.025 as entry already exists.
Skipping n=85000, coeff=6.0, trial=4, epsilon=0.05 as entry already exists.
Skipping n=85000, coeff=6.0, trial=4, epsilon=0.075 as entry already exists.
Skipping n=85000, coeff=6.0, trial=4, epsilon=0.1 as entry already exists.
Skipping n=85000, coeff=6.0, trial=4, epsilon=0.125 as entry already exists.
Skipping n=85000, coeff=6.0, trial=4, epsilon=0.15 as entry already exists.
Skipping n=85000, coeff=6.0, trial=4, epsilon=0.175 as entry already exists.
Skipping n=85000, coeff=6.0, trial=4, epsilon=0.2 as entry already exists.
Skipping n=85000, coeff=6.0, trial=4, epsilon=0.225 as entry already exists.
Skipping n=85000, coeff=6.0, trial=4, epsilon=0.25 as entry already exists.
Skipping n=85000, coeff=6.0, trial=5, epsilon=0.025 as entry already exists.
Skipping n=85000, coeff=6.0, trial=5, epsilon=0.05 as entry already exists.
Skipping n=85000, coeff=6.0, trial=5, epsilon=0.075 as entry already exists.
Skipping n=85000, coeff=6.0, trial=5, epsilon=0.1 as entry already exists.
Skipping n=85000, coeff=6.0, trial=5, epsilon=0.125 as entry already exists.
Skipping n=85000, coeff=6.0, trial=5, epsilon=0.15 as entry already exists.
Skipping n=85000, coeff=6.0, trial=5, epsilon=0.175 as entry already exists.
Skipping n=85000, coeff=6.0, trial=5, epsilon=0.2 as entry already exists.
Skipping n=85000, coeff=6.0, trial=5, epsilon=0.225 as entry already exists.
Skipping n=85000, coeff=6.0, trial=5, epsilon=0.25 as entry already exists.
Skipping n=85000, coeff=6.0, trial=6, epsilon=0.025 as entry already exists.
Skipping n=85000, coeff=6.0, trial=6, epsilon=0.05 as entry already exists.
Skipping n=85000, coeff=6.0, trial=6, epsilon=0.075 as entry already exists.
Skipping n=85000, coeff=6.0, trial=6, epsilon=0.1 as entry already exists.
Skipping n=85000, coeff=6.0, trial=6, epsilon=0.125 as entry already exists.
Skipping n=85000, coeff=6.0, trial=6, epsilon=0.15 as entry already exists.
Skipping n=85000, coeff=6.0, trial=6, epsilon=0.175 as entry already exists.
Skipping n=85000, coeff=6.0, trial=6, epsilon=0.2 as entry already exists.
Skipping n=85000, coeff=6.0, trial=6, epsilon=0.225 as entry already exists.
Skipping n=85000, coeff=6.0, trial=6, epsilon=0.25 as entry already exists.
Skipping n=85000, coeff=6.0, trial=7, epsilon=0.025 as entry already exists.
Skipping n=85000, coeff=6.0, trial=7, epsilon=0.05 as entry already exists.
Skipping n=85000, coeff=6.0, trial=7, epsilon=0.075 as entry already exists.
Skipping n=85000, coeff=6.0, trial=7, epsilon=0.1 as entry already exists.
Skipping n=85000, coeff=6.0, trial=7, epsilon=0.125 as entry already exists.
Skipping n=85000, coeff=6.0, trial=7, epsilon=0.15 as entry already exists.
Skipping n=85000, coeff=6.0, trial=7, epsilon=0.175 as entry already exists.
Skipping n=85000, coeff=6.0, trial=7, epsilon=0.2 as entry already exists.
Skipping n=85000, coeff=6.0, trial=7, epsilon=0.225 as entry already exists.
Skipping n=85000, coeff=6.0, trial=7, epsilon=0.25 as entry already exists.
Skipping n=85000, coeff=6.0, trial=8, epsilon=0.025 as entry already exists.
Skipping n=85000, coeff=6.0, trial=8, epsilon=0.05 as entry already exists.
Skipping n=85000, coeff=6.0, trial=8, epsilon=0.075 as entry already exists.
n=85000, coeff=6.0, trial=8, GT MIS=42500, Greedy MIS=41464, |S|=84978, Oracle MIS=41413, Improvement=-51
n=85000, coeff=6.0, trial=8, GT MIS=42500, Greedy MIS=41464, |S|=84607, Oracle MIS=40233, Improvement=-1231
n=85000, coeff=6.0, trial=8, GT MIS=42500, Greedy MIS=41464, |S|=82172, Oracle MIS=42106, Improvement=642
n=85000, coeff=6.0, trial=8, GT MIS=42500, Greedy MIS=41464, |S|=74086, Oracle MIS=42500, Improvement=1036
n=85000, coeff=6.0, trial=8, GT MIS=42500, Greedy MIS=41464, |S|=61945, Oracle MIS=42500, Improvement=1036
n=85000, coeff=6.0, trial=8, GT MIS=42500, Greedy MIS=41464, |S|=50484, Oracle MIS=42499, Improvement=1035
n=85000, coeff=6.0, trial=8, GT MIS=42500, Greedy MIS=41464, |S|=44567, Oracle MIS=42496, Improvement=1032
n=85000, coeff=6.0, trial=9, GT MIS=42500, Greedy MIS=41325, |S|=85000, Oracle MIS=41325, Improvement=0
n=85000, coeff=6.0, trial=9, GT MIS=42500, Greedy MIS=41325, |S|=85000, Oracle MIS=41325, Improvement=0
n=85000, coeff=6.0, trial=9, GT MIS=42500, Greedy MIS=41325, |S|=85000, Oracle MIS=41325, Improvement=0
n=85000, coeff=6.0, trial=9, GT MIS=42500, Greedy MIS=41325, |S|=84977, Oracle MIS=41286, Improvement=-39
n=85000, coeff=6.0, trial=9, GT MIS=42500, Greedy MIS=41325, |S|=84587, Oracle MIS=41397, Improvement=72
n=85000, coeff=6.0, trial=9, GT MIS=42500, Greedy MIS=41325, |S|=82024, Oracle MIS=42035, Improvement=710
n=85000, coeff=6.0, trial=9, GT MIS=42500, Greedy MIS=41325, |S|=73759, Oracle MIS=42500, Improvement=1175
n=85000, coeff=6.0, trial=9, GT MIS=42500, Greedy MIS=41325, |S|=61432, Oracle MIS=42500, Improvement=1175
n=85000, coeff=6.0, trial=9, GT MIS=42500, Greedy MIS=41325, |S|=50376, Oracle MIS=42499, Improvement=1174
n=85000, coeff=6.0, trial=9, GT MIS=42500, Greedy MIS=41325, |S|=44636, Oracle MIS=42498, Improvement=1173
Results saved to bipartite_experiment_results_epislons_85000.csv
