Running job on compute-0-45
Requested resources:
  - CPUs: 12
  - GPUs: 
  - Memory: 18000
Skipping n=80000, coeff=3.0, trial=0, epsilon=0.025 as entry already exists.
Skipping n=80000, coeff=3.0, trial=0, epsilon=0.05 as entry already exists.
Skipping n=80000, coeff=3.0, trial=0, epsilon=0.075 as entry already exists.
Skipping n=80000, coeff=3.0, trial=0, epsilon=0.1 as entry already exists.
Skipping n=80000, coeff=3.0, trial=0, epsilon=0.125 as entry already exists.
Skipping n=80000, coeff=3.0, trial=0, epsilon=0.15 as entry already exists.
Skipping n=80000, coeff=3.0, trial=0, epsilon=0.175 as entry already exists.
Skipping n=80000, coeff=3.0, trial=0, epsilon=0.2 as entry already exists.
Skipping n=80000, coeff=3.0, trial=0, epsilon=0.225 as entry already exists.
Skipping n=80000, coeff=3.0, trial=0, epsilon=0.25 as entry already exists.
Skipping n=80000, coeff=3.0, trial=1, epsilon=0.025 as entry already exists.
Skipping n=80000, coeff=3.0, trial=1, epsilon=0.05 as entry already exists.
Skipping n=80000, coeff=3.0, trial=1, epsilon=0.075 as entry already exists.
Skipping n=80000, coeff=3.0, trial=1, epsilon=0.1 as entry already exists.
Skipping n=80000, coeff=3.0, trial=1, epsilon=0.125 as entry already exists.
Skipping n=80000, coeff=3.0, trial=1, epsilon=0.15 as entry already exists.
Skipping n=80000, coeff=3.0, trial=1, epsilon=0.175 as entry already exists.
Skipping n=80000, coeff=3.0, trial=1, epsilon=0.2 as entry already exists.
Skipping n=80000, coeff=3.0, trial=1, epsilon=0.225 as entry already exists.
Skipping n=80000, coeff=3.0, trial=1, epsilon=0.25 as entry already exists.
Skipping n=80000, coeff=3.0, trial=2, epsilon=0.025 as entry already exists.
Skipping n=80000, coeff=3.0, trial=2, epsilon=0.05 as entry already exists.
Skipping n=80000, coeff=3.0, trial=2, epsilon=0.075 as entry already exists.
Skipping n=80000, coeff=3.0, trial=2, epsilon=0.1 as entry already exists.
Skipping n=80000, coeff=3.0, trial=2, epsilon=0.125 as entry already exists.
Skipping n=80000, coeff=3.0, trial=2, epsilon=0.15 as entry already exists.
Skipping n=80000, coeff=3.0, trial=2, epsilon=0.175 as entry already exists.
Skipping n=80000, coeff=3.0, trial=2, epsilon=0.2 as entry already exists.
Skipping n=80000, coeff=3.0, trial=2, epsilon=0.225 as entry already exists.
Skipping n=80000, coeff=3.0, trial=2, epsilon=0.25 as entry already exists.
Skipping n=80000, coeff=3.0, trial=3, epsilon=0.025 as entry already exists.
Skipping n=80000, coeff=3.0, trial=3, epsilon=0.05 as entry already exists.
Skipping n=80000, coeff=3.0, trial=3, epsilon=0.075 as entry already exists.
Skipping n=80000, coeff=3.0, trial=3, epsilon=0.1 as entry already exists.
Skipping n=80000, coeff=3.0, trial=3, epsilon=0.125 as entry already exists.
Skipping n=80000, coeff=3.0, trial=3, epsilon=0.15 as entry already exists.
Skipping n=80000, coeff=3.0, trial=3, epsilon=0.175 as entry already exists.
Skipping n=80000, coeff=3.0, trial=3, epsilon=0.2 as entry already exists.
Skipping n=80000, coeff=3.0, trial=3, epsilon=0.225 as entry already exists.
Skipping n=80000, coeff=3.0, trial=3, epsilon=0.25 as entry already exists.
Skipping n=80000, coeff=3.0, trial=4, epsilon=0.025 as entry already exists.
Skipping n=80000, coeff=3.0, trial=4, epsilon=0.05 as entry already exists.
Skipping n=80000, coeff=3.0, trial=4, epsilon=0.075 as entry already exists.
Skipping n=80000, coeff=3.0, trial=4, epsilon=0.1 as entry already exists.
Skipping n=80000, coeff=3.0, trial=4, epsilon=0.125 as entry already exists.
Skipping n=80000, coeff=3.0, trial=4, epsilon=0.15 as entry already exists.
Skipping n=80000, coeff=3.0, trial=4, epsilon=0.175 as entry already exists.
Skipping n=80000, coeff=3.0, trial=4, epsilon=0.2 as entry already exists.
Skipping n=80000, coeff=3.0, trial=4, epsilon=0.225 as entry already exists.
Skipping n=80000, coeff=3.0, trial=4, epsilon=0.25 as entry already exists.
Skipping n=80000, coeff=3.0, trial=5, epsilon=0.025 as entry already exists.
Skipping n=80000, coeff=3.0, trial=5, epsilon=0.05 as entry already exists.
n=80000, coeff=3.0, trial=5, GT MIS=40000, Greedy MIS=39549, |S|=79999, Oracle MIS=39548, Improvement=-1
n=80000, coeff=3.0, trial=5, GT MIS=40000, Greedy MIS=39549, |S|=79974, Oracle MIS=39508, Improvement=-41
n=80000, coeff=3.0, trial=5, GT MIS=40000, Greedy MIS=39549, |S|=79792, Oracle MIS=39296, Improvement=-253
n=80000, coeff=3.0, trial=5, GT MIS=40000, Greedy MIS=39549, |S|=78831, Oracle MIS=38008, Improvement=-1541
n=80000, coeff=3.0, trial=5, GT MIS=40000, Greedy MIS=39549, |S|=75842, Oracle MIS=39561, Improvement=12
n=80000, coeff=3.0, trial=5, GT MIS=40000, Greedy MIS=39549, |S|=69826, Oracle MIS=39974, Improvement=425
n=80000, coeff=3.0, trial=5, GT MIS=40000, Greedy MIS=39549, |S|=60926, Oracle MIS=39993, Improvement=444
n=80000, coeff=3.0, trial=5, GT MIS=40000, Greedy MIS=39549, |S|=51577, Oracle MIS=39987, Improvement=438
n=80000, coeff=3.0, trial=6, GT MIS=40000, Greedy MIS=39530, |S|=80000, Oracle MIS=39530, Improvement=0
n=80000, coeff=3.0, trial=6, GT MIS=40000, Greedy MIS=39530, |S|=80000, Oracle MIS=39530, Improvement=0
n=80000, coeff=3.0, trial=6, GT MIS=40000, Greedy MIS=39530, |S|=79997, Oracle MIS=39527, Improvement=-3
n=80000, coeff=3.0, trial=6, GT MIS=40000, Greedy MIS=39530, |S|=79980, Oracle MIS=39507, Improvement=-23
n=80000, coeff=3.0, trial=6, GT MIS=40000, Greedy MIS=39530, |S|=79781, Oracle MIS=39238, Improvement=-292
n=80000, coeff=3.0, trial=6, GT MIS=40000, Greedy MIS=39530, |S|=78849, Oracle MIS=38046, Improvement=-1484
n=80000, coeff=3.0, trial=6, GT MIS=40000, Greedy MIS=39530, |S|=75725, Oracle MIS=39458, Improvement=-72
n=80000, coeff=3.0, trial=6, GT MIS=40000, Greedy MIS=39530, |S|=69740, Oracle MIS=39977, Improvement=447
n=80000, coeff=3.0, trial=6, GT MIS=40000, Greedy MIS=39530, |S|=60719, Oracle MIS=39990, Improvement=460
n=80000, coeff=3.0, trial=6, GT MIS=40000, Greedy MIS=39530, |S|=51281, Oracle MIS=39976, Improvement=446
n=80000, coeff=3.0, trial=7, GT MIS=40000, Greedy MIS=37476, |S|=80000, Oracle MIS=37476, Improvement=0
n=80000, coeff=3.0, trial=7, GT MIS=40000, Greedy MIS=37476, |S|=80000, Oracle MIS=37476, Improvement=0
n=80000, coeff=3.0, trial=7, GT MIS=40000, Greedy MIS=37476, |S|=79998, Oracle MIS=37474, Improvement=-2
n=80000, coeff=3.0, trial=7, GT MIS=40000, Greedy MIS=37476, |S|=79973, Oracle MIS=37223, Improvement=-253
n=80000, coeff=3.0, trial=7, GT MIS=40000, Greedy MIS=37476, |S|=79765, Oracle MIS=37469, Improvement=-7
n=80000, coeff=3.0, trial=7, GT MIS=40000, Greedy MIS=37476, |S|=78745, Oracle MIS=37474, Improvement=-2
n=80000, coeff=3.0, trial=7, GT MIS=40000, Greedy MIS=37476, |S|=75701, Oracle MIS=39561, Improvement=2085
n=80000, coeff=3.0, trial=7, GT MIS=40000, Greedy MIS=37476, |S|=69993, Oracle MIS=39989, Improvement=2513
n=80000, coeff=3.0, trial=7, GT MIS=40000, Greedy MIS=37476, |S|=61087, Oracle MIS=39996, Improvement=2520
n=80000, coeff=3.0, trial=7, GT MIS=40000, Greedy MIS=37476, |S|=51723, Oracle MIS=39990, Improvement=2514
n=80000, coeff=3.0, trial=8, GT MIS=40000, Greedy MIS=37370, |S|=80000, Oracle MIS=37370, Improvement=0
n=80000, coeff=3.0, trial=8, GT MIS=40000, Greedy MIS=37370, |S|=79999, Oracle MIS=37369, Improvement=-1
n=80000, coeff=3.0, trial=8, GT MIS=40000, Greedy MIS=37370, |S|=79997, Oracle MIS=37367, Improvement=-3
n=80000, coeff=3.0, trial=8, GT MIS=40000, Greedy MIS=37370, |S|=79980, Oracle MIS=37274, Improvement=-96
n=80000, coeff=3.0, trial=8, GT MIS=40000, Greedy MIS=37370, |S|=79792, Oracle MIS=37409, Improvement=39
n=80000, coeff=3.0, trial=8, GT MIS=40000, Greedy MIS=37370, |S|=78863, Oracle MIS=37480, Improvement=110
n=80000, coeff=3.0, trial=8, GT MIS=40000, Greedy MIS=37370, |S|=75696, Oracle MIS=39522, Improvement=2152
n=80000, coeff=3.0, trial=8, GT MIS=40000, Greedy MIS=37370, |S|=69766, Oracle MIS=39979, Improvement=2609
n=80000, coeff=3.0, trial=8, GT MIS=40000, Greedy MIS=37370, |S|=60905, Oracle MIS=39994, Improvement=2624
n=80000, coeff=3.0, trial=8, GT MIS=40000, Greedy MIS=37370, |S|=51597, Oracle MIS=39990, Improvement=2620
n=80000, coeff=3.0, trial=9, GT MIS=40000, Greedy MIS=39499, |S|=80000, Oracle MIS=39499, Improvement=0
n=80000, coeff=3.0, trial=9, GT MIS=40000, Greedy MIS=39499, |S|=80000, Oracle MIS=39499, Improvement=0
n=80000, coeff=3.0, trial=9, GT MIS=40000, Greedy MIS=39499, |S|=79999, Oracle MIS=39498, Improvement=-1
n=80000, coeff=3.0, trial=9, GT MIS=40000, Greedy MIS=39499, |S|=79982, Oracle MIS=39476, Improvement=-23
n=80000, coeff=3.0, trial=9, GT MIS=40000, Greedy MIS=39499, |S|=79812, Oracle MIS=39256, Improvement=-243
n=80000, coeff=3.0, trial=9, GT MIS=40000, Greedy MIS=39499, |S|=78887, Oracle MIS=36926, Improvement=-2573
n=80000, coeff=3.0, trial=9, GT MIS=40000, Greedy MIS=39499, |S|=75912, Oracle MIS=39514, Improvement=15
n=80000, coeff=3.0, trial=9, GT MIS=40000, Greedy MIS=39499, |S|=70151, Oracle MIS=39979, Improvement=480
n=80000, coeff=3.0, trial=9, GT MIS=40000, Greedy MIS=39499, |S|=61369, Oracle MIS=39995, Improvement=496
n=80000, coeff=3.0, trial=9, GT MIS=40000, Greedy MIS=39499, |S|=51727, Oracle MIS=39979, Improvement=480
Results saved to bipartite_experiment_results_epislons_80000.csv
