Running job on compute-0-01
Requested resources:
  - CPUs: 12
  - GPUs: 
  - Memory: 18000
Skipping n=85000, coeff=5.0, trial=0, epsilon=0.025 as entry already exists.
Skipping n=85000, coeff=5.0, trial=0, epsilon=0.05 as entry already exists.
Skipping n=85000, coeff=5.0, trial=0, epsilon=0.075 as entry already exists.
Skipping n=85000, coeff=5.0, trial=0, epsilon=0.1 as entry already exists.
Skipping n=85000, coeff=5.0, trial=0, epsilon=0.125 as entry already exists.
Skipping n=85000, coeff=5.0, trial=0, epsilon=0.15 as entry already exists.
Skipping n=85000, coeff=5.0, trial=0, epsilon=0.175 as entry already exists.
Skipping n=85000, coeff=5.0, trial=0, epsilon=0.2 as entry already exists.
Skipping n=85000, coeff=5.0, trial=0, epsilon=0.225 as entry already exists.
Skipping n=85000, coeff=5.0, trial=0, epsilon=0.25 as entry already exists.
Skipping n=85000, coeff=5.0, trial=1, epsilon=0.025 as entry already exists.
Skipping n=85000, coeff=5.0, trial=1, epsilon=0.05 as entry already exists.
Skipping n=85000, coeff=5.0, trial=1, epsilon=0.075 as entry already exists.
Skipping n=85000, coeff=5.0, trial=1, epsilon=0.1 as entry already exists.
Skipping n=85000, coeff=5.0, trial=1, epsilon=0.125 as entry already exists.
Skipping n=85000, coeff=5.0, trial=1, epsilon=0.15 as entry already exists.
Skipping n=85000, coeff=5.0, trial=1, epsilon=0.175 as entry already exists.
Skipping n=85000, coeff=5.0, trial=1, epsilon=0.2 as entry already exists.
Skipping n=85000, coeff=5.0, trial=1, epsilon=0.225 as entry already exists.
Skipping n=85000, coeff=5.0, trial=1, epsilon=0.25 as entry already exists.
Skipping n=85000, coeff=5.0, trial=2, epsilon=0.025 as entry already exists.
Skipping n=85000, coeff=5.0, trial=2, epsilon=0.05 as entry already exists.
Skipping n=85000, coeff=5.0, trial=2, epsilon=0.075 as entry already exists.
Skipping n=85000, coeff=5.0, trial=2, epsilon=0.1 as entry already exists.
Skipping n=85000, coeff=5.0, trial=2, epsilon=0.125 as entry already exists.
Skipping n=85000, coeff=5.0, trial=2, epsilon=0.15 as entry already exists.
Skipping n=85000, coeff=5.0, trial=2, epsilon=0.175 as entry already exists.
Skipping n=85000, coeff=5.0, trial=2, epsilon=0.2 as entry already exists.
Skipping n=85000, coeff=5.0, trial=2, epsilon=0.225 as entry already exists.
Skipping n=85000, coeff=5.0, trial=2, epsilon=0.25 as entry already exists.
Skipping n=85000, coeff=5.0, trial=3, epsilon=0.025 as entry already exists.
Skipping n=85000, coeff=5.0, trial=3, epsilon=0.05 as entry already exists.
Skipping n=85000, coeff=5.0, trial=3, epsilon=0.075 as entry already exists.
Skipping n=85000, coeff=5.0, trial=3, epsilon=0.1 as entry already exists.
Skipping n=85000, coeff=5.0, trial=3, epsilon=0.125 as entry already exists.
Skipping n=85000, coeff=5.0, trial=3, epsilon=0.15 as entry already exists.
Skipping n=85000, coeff=5.0, trial=3, epsilon=0.175 as entry already exists.
Skipping n=85000, coeff=5.0, trial=3, epsilon=0.2 as entry already exists.
Skipping n=85000, coeff=5.0, trial=3, epsilon=0.225 as entry already exists.
Skipping n=85000, coeff=5.0, trial=3, epsilon=0.25 as entry already exists.
Skipping n=85000, coeff=5.0, trial=4, epsilon=0.025 as entry already exists.
Skipping n=85000, coeff=5.0, trial=4, epsilon=0.05 as entry already exists.
Skipping n=85000, coeff=5.0, trial=4, epsilon=0.075 as entry already exists.
Skipping n=85000, coeff=5.0, trial=4, epsilon=0.1 as entry already exists.
Skipping n=85000, coeff=5.0, trial=4, epsilon=0.125 as entry already exists.
Skipping n=85000, coeff=5.0, trial=4, epsilon=0.15 as entry already exists.
Skipping n=85000, coeff=5.0, trial=4, epsilon=0.175 as entry already exists.
Skipping n=85000, coeff=5.0, trial=4, epsilon=0.2 as entry already exists.
Skipping n=85000, coeff=5.0, trial=4, epsilon=0.225 as entry already exists.
Skipping n=85000, coeff=5.0, trial=4, epsilon=0.25 as entry already exists.
Skipping n=85000, coeff=5.0, trial=5, epsilon=0.025 as entry already exists.
Skipping n=85000, coeff=5.0, trial=5, epsilon=0.05 as entry already exists.
Skipping n=85000, coeff=5.0, trial=5, epsilon=0.075 as entry already exists.
Skipping n=85000, coeff=5.0, trial=5, epsilon=0.1 as entry already exists.
Skipping n=85000, coeff=5.0, trial=5, epsilon=0.125 as entry already exists.
Skipping n=85000, coeff=5.0, trial=5, epsilon=0.15 as entry already exists.
Skipping n=85000, coeff=5.0, trial=5, epsilon=0.175 as entry already exists.
Skipping n=85000, coeff=5.0, trial=5, epsilon=0.2 as entry already exists.
Skipping n=85000, coeff=5.0, trial=5, epsilon=0.225 as entry already exists.
Skipping n=85000, coeff=5.0, trial=5, epsilon=0.25 as entry already exists.
Skipping n=85000, coeff=5.0, trial=6, epsilon=0.025 as entry already exists.
Skipping n=85000, coeff=5.0, trial=6, epsilon=0.05 as entry already exists.
Skipping n=85000, coeff=5.0, trial=6, epsilon=0.075 as entry already exists.
Skipping n=85000, coeff=5.0, trial=6, epsilon=0.1 as entry already exists.
Skipping n=85000, coeff=5.0, trial=6, epsilon=0.125 as entry already exists.
Skipping n=85000, coeff=5.0, trial=6, epsilon=0.15 as entry already exists.
Skipping n=85000, coeff=5.0, trial=6, epsilon=0.175 as entry already exists.
Skipping n=85000, coeff=5.0, trial=6, epsilon=0.2 as entry already exists.
Skipping n=85000, coeff=5.0, trial=6, epsilon=0.225 as entry already exists.
Skipping n=85000, coeff=5.0, trial=6, epsilon=0.25 as entry already exists.
Skipping n=85000, coeff=5.0, trial=7, epsilon=0.025 as entry already exists.
Skipping n=85000, coeff=5.0, trial=7, epsilon=0.05 as entry already exists.
n=85000, coeff=5.0, trial=7, GT MIS=42500, Greedy MIS=41768, |S|=84999, Oracle MIS=41767, Improvement=-1
n=85000, coeff=5.0, trial=7, GT MIS=42500, Greedy MIS=41768, |S|=84975, Oracle MIS=41732, Improvement=-36
n=85000, coeff=5.0, trial=7, GT MIS=42500, Greedy MIS=41768, |S|=84673, Oracle MIS=41344, Improvement=-424
n=85000, coeff=5.0, trial=7, GT MIS=42500, Greedy MIS=41768, |S|=82840, Oracle MIS=41934, Improvement=166
n=85000, coeff=5.0, trial=7, GT MIS=42500, Greedy MIS=41768, |S|=77217, Oracle MIS=42482, Improvement=714
n=85000, coeff=5.0, trial=7, GT MIS=42500, Greedy MIS=41768, |S|=65855, Oracle MIS=42500, Improvement=732
n=85000, coeff=5.0, trial=7, GT MIS=42500, Greedy MIS=41768, |S|=54233, Oracle MIS=42499, Improvement=731
n=85000, coeff=5.0, trial=7, GT MIS=42500, Greedy MIS=41768, |S|=46288, Oracle MIS=42498, Improvement=730
n=85000, coeff=5.0, trial=8, GT MIS=42500, Greedy MIS=41923, |S|=85000, Oracle MIS=41923, Improvement=0
n=85000, coeff=5.0, trial=8, GT MIS=42500, Greedy MIS=41923, |S|=85000, Oracle MIS=41923, Improvement=0
n=85000, coeff=5.0, trial=8, GT MIS=42500, Greedy MIS=41923, |S|=85000, Oracle MIS=41923, Improvement=0
n=85000, coeff=5.0, trial=8, GT MIS=42500, Greedy MIS=41923, |S|=84984, Oracle MIS=41895, Improvement=-28
n=85000, coeff=5.0, trial=8, GT MIS=42500, Greedy MIS=41923, |S|=84676, Oracle MIS=41457, Improvement=-466
n=85000, coeff=5.0, trial=8, GT MIS=42500, Greedy MIS=41923, |S|=82849, Oracle MIS=41661, Improvement=-262
n=85000, coeff=5.0, trial=8, GT MIS=42500, Greedy MIS=41923, |S|=77210, Oracle MIS=42458, Improvement=535
n=85000, coeff=5.0, trial=8, GT MIS=42500, Greedy MIS=41923, |S|=65752, Oracle MIS=42500, Improvement=577
n=85000, coeff=5.0, trial=8, GT MIS=42500, Greedy MIS=41923, |S|=54128, Oracle MIS=42499, Improvement=576
n=85000, coeff=5.0, trial=8, GT MIS=42500, Greedy MIS=41923, |S|=46384, Oracle MIS=42498, Improvement=575
n=85000, coeff=5.0, trial=9, GT MIS=42500, Greedy MIS=41930, |S|=85000, Oracle MIS=41930, Improvement=0
n=85000, coeff=5.0, trial=9, GT MIS=42500, Greedy MIS=41930, |S|=85000, Oracle MIS=41930, Improvement=0
n=85000, coeff=5.0, trial=9, GT MIS=42500, Greedy MIS=41930, |S|=84999, Oracle MIS=41929, Improvement=-1
n=85000, coeff=5.0, trial=9, GT MIS=42500, Greedy MIS=41930, |S|=84977, Oracle MIS=41872, Improvement=-58
n=85000, coeff=5.0, trial=9, GT MIS=42500, Greedy MIS=41930, |S|=84649, Oracle MIS=41155, Improvement=-775
n=85000, coeff=5.0, trial=9, GT MIS=42500, Greedy MIS=41930, |S|=82767, Oracle MIS=41801, Improvement=-129
n=85000, coeff=5.0, trial=9, GT MIS=42500, Greedy MIS=41930, |S|=76855, Oracle MIS=42451, Improvement=521
n=85000, coeff=5.0, trial=9, GT MIS=42500, Greedy MIS=41930, |S|=65343, Oracle MIS=42499, Improvement=569
n=85000, coeff=5.0, trial=9, GT MIS=42500, Greedy MIS=41930, |S|=54091, Oracle MIS=42498, Improvement=568
n=85000, coeff=5.0, trial=9, GT MIS=42500, Greedy MIS=41930, |S|=46468, Oracle MIS=42495, Improvement=565
Results saved to bipartite_experiment_results_epislons_85000.csv
