Running job on compute-3-02
Requested resources:
  - CPUs: 18
  - GPUs: 
  - Memory: 18000
n=25000, coeff=11, trial=0, GT MIS=12500, Greedy MIS=12260, |S|=25000, Oracle MIS=12260, Improvement=0
n=25000, coeff=11, trial=0, GT MIS=12500, Greedy MIS=12260, |S|=25000, Oracle MIS=12260, Improvement=0
n=25000, coeff=11, trial=0, GT MIS=12500, Greedy MIS=12260, |S|=25000, Oracle MIS=12260, Improvement=0
n=25000, coeff=11, trial=0, GT MIS=12500, Greedy MIS=12260, |S|=24988, Oracle MIS=12248, Improvement=-12
n=25000, coeff=11, trial=0, GT MIS=12500, Greedy MIS=12260, |S|=24772, Oracle MIS=12314, Improvement=54
n=25000, coeff=11, trial=0, GT MIS=12500, Greedy MIS=12260, |S|=23102, Oracle MIS=12500, Improvement=240
n=25000, coeff=11, trial=0, GT MIS=12500, Greedy MIS=12260, |S|=18825, Oracle MIS=12500, Improvement=240
n=25000, coeff=11, trial=0, GT MIS=12500, Greedy MIS=12260, |S|=14636, Oracle MIS=12500, Improvement=240
n=25000, coeff=11, trial=0, GT MIS=12500, Greedy MIS=12260, |S|=12869, Oracle MIS=12500, Improvement=240
n=25000, coeff=11, trial=0, GT MIS=12500, Greedy MIS=12260, |S|=12530, Oracle MIS=12500, Improvement=240
n=25000, coeff=11, trial=1, GT MIS=12500, Greedy MIS=12347, |S|=25000, Oracle MIS=12347, Improvement=0
n=25000, coeff=11, trial=1, GT MIS=12500, Greedy MIS=12347, |S|=25000, Oracle MIS=12347, Improvement=0
n=25000, coeff=11, trial=1, GT MIS=12500, Greedy MIS=12347, |S|=24998, Oracle MIS=12345, Improvement=-2
n=25000, coeff=11, trial=1, GT MIS=12500, Greedy MIS=12347, |S|=24989, Oracle MIS=12304, Improvement=-43
n=25000, coeff=11, trial=1, GT MIS=12500, Greedy MIS=12347, |S|=24712, Oracle MIS=12290, Improvement=-57
n=25000, coeff=11, trial=1, GT MIS=12500, Greedy MIS=12347, |S|=22980, Oracle MIS=12500, Improvement=153
n=25000, coeff=11, trial=1, GT MIS=12500, Greedy MIS=12347, |S|=18630, Oracle MIS=12500, Improvement=153
n=25000, coeff=11, trial=1, GT MIS=12500, Greedy MIS=12347, |S|=14522, Oracle MIS=12500, Improvement=153
n=25000, coeff=11, trial=1, GT MIS=12500, Greedy MIS=12347, |S|=12829, Oracle MIS=12500, Improvement=153
n=25000, coeff=11, trial=1, GT MIS=12500, Greedy MIS=12347, |S|=12534, Oracle MIS=12499, Improvement=152
n=25000, coeff=11, trial=2, GT MIS=12500, Greedy MIS=11708, |S|=25000, Oracle MIS=11708, Improvement=0
n=25000, coeff=11, trial=2, GT MIS=12500, Greedy MIS=11708, |S|=25000, Oracle MIS=11708, Improvement=0
n=25000, coeff=11, trial=2, GT MIS=12500, Greedy MIS=11708, |S|=25000, Oracle MIS=11708, Improvement=0
n=25000, coeff=11, trial=2, GT MIS=12500, Greedy MIS=11708, |S|=24990, Oracle MIS=12089, Improvement=381
n=25000, coeff=11, trial=2, GT MIS=12500, Greedy MIS=11708, |S|=24692, Oracle MIS=12336, Improvement=628
n=25000, coeff=11, trial=2, GT MIS=12500, Greedy MIS=11708, |S|=22945, Oracle MIS=12500, Improvement=792
n=25000, coeff=11, trial=2, GT MIS=12500, Greedy MIS=11708, |S|=18588, Oracle MIS=12500, Improvement=792
n=25000, coeff=11, trial=2, GT MIS=12500, Greedy MIS=11708, |S|=14463, Oracle MIS=12500, Improvement=792
n=25000, coeff=11, trial=2, GT MIS=12500, Greedy MIS=11708, |S|=12819, Oracle MIS=12500, Improvement=792
n=25000, coeff=11, trial=2, GT MIS=12500, Greedy MIS=11708, |S|=12530, Oracle MIS=12500, Improvement=792
n=25000, coeff=11, trial=3, GT MIS=12500, Greedy MIS=12042, |S|=25000, Oracle MIS=12042, Improvement=0
n=25000, coeff=11, trial=3, GT MIS=12500, Greedy MIS=12042, |S|=25000, Oracle MIS=12042, Improvement=0
n=25000, coeff=11, trial=3, GT MIS=12500, Greedy MIS=12042, |S|=24999, Oracle MIS=12041, Improvement=-1
n=25000, coeff=11, trial=3, GT MIS=12500, Greedy MIS=12042, |S|=24990, Oracle MIS=12001, Improvement=-41
n=25000, coeff=11, trial=3, GT MIS=12500, Greedy MIS=12042, |S|=24761, Oracle MIS=12291, Improvement=249
n=25000, coeff=11, trial=3, GT MIS=12500, Greedy MIS=12042, |S|=23085, Oracle MIS=12500, Improvement=458
n=25000, coeff=11, trial=3, GT MIS=12500, Greedy MIS=12042, |S|=18798, Oracle MIS=12500, Improvement=458
n=25000, coeff=11, trial=3, GT MIS=12500, Greedy MIS=12042, |S|=14682, Oracle MIS=12500, Improvement=458
n=25000, coeff=11, trial=3, GT MIS=12500, Greedy MIS=12042, |S|=12917, Oracle MIS=12499, Improvement=457
n=25000, coeff=11, trial=3, GT MIS=12500, Greedy MIS=12042, |S|=12537, Oracle MIS=12499, Improvement=457
n=25000, coeff=11, trial=4, GT MIS=12500, Greedy MIS=12259, |S|=25000, Oracle MIS=12259, Improvement=0
n=25000, coeff=11, trial=4, GT MIS=12500, Greedy MIS=12259, |S|=25000, Oracle MIS=12259, Improvement=0
n=25000, coeff=11, trial=4, GT MIS=12500, Greedy MIS=12259, |S|=25000, Oracle MIS=12259, Improvement=0
n=25000, coeff=11, trial=4, GT MIS=12500, Greedy MIS=12259, |S|=24988, Oracle MIS=12154, Improvement=-105
n=25000, coeff=11, trial=4, GT MIS=12500, Greedy MIS=12259, |S|=24659, Oracle MIS=12413, Improvement=154
n=25000, coeff=11, trial=4, GT MIS=12500, Greedy MIS=12259, |S|=22717, Oracle MIS=12500, Improvement=241
n=25000, coeff=11, trial=4, GT MIS=12500, Greedy MIS=12259, |S|=18413, Oracle MIS=12500, Improvement=241
n=25000, coeff=11, trial=4, GT MIS=12500, Greedy MIS=12259, |S|=14408, Oracle MIS=12500, Improvement=241
n=25000, coeff=11, trial=4, GT MIS=12500, Greedy MIS=12259, |S|=12799, Oracle MIS=12499, Improvement=240
n=25000, coeff=11, trial=4, GT MIS=12500, Greedy MIS=12259, |S|=12523, Oracle MIS=12497, Improvement=238
n=25000, coeff=11, trial=5, GT MIS=12500, Greedy MIS=12288, |S|=25000, Oracle MIS=12288, Improvement=0
n=25000, coeff=11, trial=5, GT MIS=12500, Greedy MIS=12288, |S|=25000, Oracle MIS=12288, Improvement=0
n=25000, coeff=11, trial=5, GT MIS=12500, Greedy MIS=12288, |S|=25000, Oracle MIS=12288, Improvement=0
n=25000, coeff=11, trial=5, GT MIS=12500, Greedy MIS=12288, |S|=24988, Oracle MIS=12277, Improvement=-11
n=25000, coeff=11, trial=5, GT MIS=12500, Greedy MIS=12288, |S|=24818, Oracle MIS=12196, Improvement=-92
n=25000, coeff=11, trial=5, GT MIS=12500, Greedy MIS=12288, |S|=23326, Oracle MIS=12500, Improvement=212
n=25000, coeff=11, trial=5, GT MIS=12500, Greedy MIS=12288, |S|=19392, Oracle MIS=12500, Improvement=212
n=25000, coeff=11, trial=5, GT MIS=12500, Greedy MIS=12288, |S|=14879, Oracle MIS=12500, Improvement=212
n=25000, coeff=11, trial=5, GT MIS=12500, Greedy MIS=12288, |S|=12932, Oracle MIS=12500, Improvement=212
n=25000, coeff=11, trial=5, GT MIS=12500, Greedy MIS=12288, |S|=12538, Oracle MIS=12499, Improvement=211
n=25000, coeff=11, trial=6, GT MIS=12500, Greedy MIS=12317, |S|=25000, Oracle MIS=12317, Improvement=0
n=25000, coeff=11, trial=6, GT MIS=12500, Greedy MIS=12317, |S|=25000, Oracle MIS=12317, Improvement=0
n=25000, coeff=11, trial=6, GT MIS=12500, Greedy MIS=12317, |S|=25000, Oracle MIS=12317, Improvement=0
n=25000, coeff=11, trial=6, GT MIS=12500, Greedy MIS=12317, |S|=24992, Oracle MIS=12317, Improvement=0
n=25000, coeff=11, trial=6, GT MIS=12500, Greedy MIS=12317, |S|=24775, Oracle MIS=12440, Improvement=123
n=25000, coeff=11, trial=6, GT MIS=12500, Greedy MIS=12317, |S|=23152, Oracle MIS=12500, Improvement=183
n=25000, coeff=11, trial=6, GT MIS=12500, Greedy MIS=12317, |S|=19012, Oracle MIS=12500, Improvement=183
n=25000, coeff=11, trial=6, GT MIS=12500, Greedy MIS=12317, |S|=14778, Oracle MIS=12500, Improvement=183
n=25000, coeff=11, trial=6, GT MIS=12500, Greedy MIS=12317, |S|=12949, Oracle MIS=12500, Improvement=183
n=25000, coeff=11, trial=6, GT MIS=12500, Greedy MIS=12317, |S|=12541, Oracle MIS=12500, Improvement=183
n=25000, coeff=11, trial=7, GT MIS=12500, Greedy MIS=12377, |S|=25000, Oracle MIS=12377, Improvement=0
n=25000, coeff=11, trial=7, GT MIS=12500, Greedy MIS=12377, |S|=25000, Oracle MIS=12377, Improvement=0
n=25000, coeff=11, trial=7, GT MIS=12500, Greedy MIS=12377, |S|=25000, Oracle MIS=12377, Improvement=0
n=25000, coeff=11, trial=7, GT MIS=12500, Greedy MIS=12377, |S|=24991, Oracle MIS=12369, Improvement=-8
n=25000, coeff=11, trial=7, GT MIS=12500, Greedy MIS=12377, |S|=24697, Oracle MIS=12257, Improvement=-120
n=25000, coeff=11, trial=7, GT MIS=12500, Greedy MIS=12377, |S|=22834, Oracle MIS=12500, Improvement=123
n=25000, coeff=11, trial=7, GT MIS=12500, Greedy MIS=12377, |S|=18646, Oracle MIS=12500, Improvement=123
n=25000, coeff=11, trial=7, GT MIS=12500, Greedy MIS=12377, |S|=14577, Oracle MIS=12500, Improvement=123
n=25000, coeff=11, trial=7, GT MIS=12500, Greedy MIS=12377, |S|=12833, Oracle MIS=12500, Improvement=123
n=25000, coeff=11, trial=7, GT MIS=12500, Greedy MIS=12377, |S|=12536, Oracle MIS=12500, Improvement=123
n=25000, coeff=11, trial=8, GT MIS=12500, Greedy MIS=12127, |S|=25000, Oracle MIS=12127, Improvement=0
n=25000, coeff=11, trial=8, GT MIS=12500, Greedy MIS=12127, |S|=25000, Oracle MIS=12127, Improvement=0
n=25000, coeff=11, trial=8, GT MIS=12500, Greedy MIS=12127, |S|=25000, Oracle MIS=12127, Improvement=0
n=25000, coeff=11, trial=8, GT MIS=12500, Greedy MIS=12127, |S|=24990, Oracle MIS=12117, Improvement=-10
n=25000, coeff=11, trial=8, GT MIS=12500, Greedy MIS=12127, |S|=24762, Oracle MIS=12091, Improvement=-36
n=25000, coeff=11, trial=8, GT MIS=12500, Greedy MIS=12127, |S|=23048, Oracle MIS=12500, Improvement=373
n=25000, coeff=11, trial=8, GT MIS=12500, Greedy MIS=12127, |S|=18975, Oracle MIS=12500, Improvement=373
n=25000, coeff=11, trial=8, GT MIS=12500, Greedy MIS=12127, |S|=14681, Oracle MIS=12500, Improvement=373
n=25000, coeff=11, trial=8, GT MIS=12500, Greedy MIS=12127, |S|=12892, Oracle MIS=12500, Improvement=373
n=25000, coeff=11, trial=8, GT MIS=12500, Greedy MIS=12127, |S|=12530, Oracle MIS=12500, Improvement=373
n=25000, coeff=11, trial=9, GT MIS=12500, Greedy MIS=12350, |S|=25000, Oracle MIS=12350, Improvement=0
n=25000, coeff=11, trial=9, GT MIS=12500, Greedy MIS=12350, |S|=25000, Oracle MIS=12350, Improvement=0
n=25000, coeff=11, trial=9, GT MIS=12500, Greedy MIS=12350, |S|=25000, Oracle MIS=12350, Improvement=0
n=25000, coeff=11, trial=9, GT MIS=12500, Greedy MIS=12350, |S|=24992, Oracle MIS=12342, Improvement=-8
n=25000, coeff=11, trial=9, GT MIS=12500, Greedy MIS=12350, |S|=24775, Oracle MIS=12351, Improvement=1
n=25000, coeff=11, trial=9, GT MIS=12500, Greedy MIS=12350, |S|=23026, Oracle MIS=12500, Improvement=150
n=25000, coeff=11, trial=9, GT MIS=12500, Greedy MIS=12350, |S|=18811, Oracle MIS=12500, Improvement=150
n=25000, coeff=11, trial=9, GT MIS=12500, Greedy MIS=12350, |S|=14669, Oracle MIS=12500, Improvement=150
n=25000, coeff=11, trial=9, GT MIS=12500, Greedy MIS=12350, |S|=12876, Oracle MIS=12500, Improvement=150
n=25000, coeff=11, trial=9, GT MIS=12500, Greedy MIS=12350, |S|=12534, Oracle MIS=12500, Improvement=150
n=25000, coeff=12, trial=0, GT MIS=12500, Greedy MIS=12295, |S|=25000, Oracle MIS=12295, Improvement=0
n=25000, coeff=12, trial=0, GT MIS=12500, Greedy MIS=12295, |S|=25000, Oracle MIS=12295, Improvement=0
n=25000, coeff=12, trial=0, GT MIS=12500, Greedy MIS=12295, |S|=25000, Oracle MIS=12295, Improvement=0
n=25000, coeff=12, trial=0, GT MIS=12500, Greedy MIS=12295, |S|=24987, Oracle MIS=12295, Improvement=0
n=25000, coeff=12, trial=0, GT MIS=12500, Greedy MIS=12295, |S|=24725, Oracle MIS=12399, Improvement=104
n=25000, coeff=12, trial=0, GT MIS=12500, Greedy MIS=12295, |S|=22716, Oracle MIS=12500, Improvement=205
n=25000, coeff=12, trial=0, GT MIS=12500, Greedy MIS=12295, |S|=18111, Oracle MIS=12500, Improvement=205
n=25000, coeff=12, trial=0, GT MIS=12500, Greedy MIS=12295, |S|=14146, Oracle MIS=12500, Improvement=205
n=25000, coeff=12, trial=0, GT MIS=12500, Greedy MIS=12295, |S|=12724, Oracle MIS=12500, Improvement=205
n=25000, coeff=12, trial=0, GT MIS=12500, Greedy MIS=12295, |S|=12513, Oracle MIS=12500, Improvement=205
n=25000, coeff=12, trial=1, GT MIS=12500, Greedy MIS=12400, |S|=25000, Oracle MIS=12400, Improvement=0
n=25000, coeff=12, trial=1, GT MIS=12500, Greedy MIS=12400, |S|=25000, Oracle MIS=12400, Improvement=0
n=25000, coeff=12, trial=1, GT MIS=12500, Greedy MIS=12400, |S|=24998, Oracle MIS=12398, Improvement=-2
n=25000, coeff=12, trial=1, GT MIS=12500, Greedy MIS=12400, |S|=24983, Oracle MIS=12383, Improvement=-17
n=25000, coeff=12, trial=1, GT MIS=12500, Greedy MIS=12400, |S|=24659, Oracle MIS=12300, Improvement=-100
n=25000, coeff=12, trial=1, GT MIS=12500, Greedy MIS=12400, |S|=22601, Oracle MIS=12500, Improvement=100
n=25000, coeff=12, trial=1, GT MIS=12500, Greedy MIS=12400, |S|=17941, Oracle MIS=12500, Improvement=100
n=25000, coeff=12, trial=1, GT MIS=12500, Greedy MIS=12400, |S|=14003, Oracle MIS=12500, Improvement=100
n=25000, coeff=12, trial=1, GT MIS=12500, Greedy MIS=12400, |S|=12707, Oracle MIS=12500, Improvement=100
n=25000, coeff=12, trial=1, GT MIS=12500, Greedy MIS=12400, |S|=12521, Oracle MIS=12500, Improvement=100
n=25000, coeff=12, trial=2, GT MIS=12500, Greedy MIS=12299, |S|=25000, Oracle MIS=12299, Improvement=0
n=25000, coeff=12, trial=2, GT MIS=12500, Greedy MIS=12299, |S|=25000, Oracle MIS=12299, Improvement=0
n=25000, coeff=12, trial=2, GT MIS=12500, Greedy MIS=12299, |S|=25000, Oracle MIS=12299, Improvement=0
n=25000, coeff=12, trial=2, GT MIS=12500, Greedy MIS=12299, |S|=24990, Oracle MIS=12255, Improvement=-44
n=25000, coeff=12, trial=2, GT MIS=12500, Greedy MIS=12299, |S|=24625, Oracle MIS=12373, Improvement=74
n=25000, coeff=12, trial=2, GT MIS=12500, Greedy MIS=12299, |S|=22548, Oracle MIS=12500, Improvement=201
n=25000, coeff=12, trial=2, GT MIS=12500, Greedy MIS=12299, |S|=17925, Oracle MIS=12500, Improvement=201
n=25000, coeff=12, trial=2, GT MIS=12500, Greedy MIS=12299, |S|=13973, Oracle MIS=12500, Improvement=201
n=25000, coeff=12, trial=2, GT MIS=12500, Greedy MIS=12299, |S|=12696, Oracle MIS=12500, Improvement=201
n=25000, coeff=12, trial=2, GT MIS=12500, Greedy MIS=12299, |S|=12518, Oracle MIS=12500, Improvement=201
n=25000, coeff=12, trial=3, GT MIS=12500, Greedy MIS=12401, |S|=25000, Oracle MIS=12401, Improvement=0
n=25000, coeff=12, trial=3, GT MIS=12500, Greedy MIS=12401, |S|=25000, Oracle MIS=12401, Improvement=0
n=25000, coeff=12, trial=3, GT MIS=12500, Greedy MIS=12401, |S|=25000, Oracle MIS=12401, Improvement=0
n=25000, coeff=12, trial=3, GT MIS=12500, Greedy MIS=12401, |S|=24986, Oracle MIS=12387, Improvement=-14
n=25000, coeff=12, trial=3, GT MIS=12500, Greedy MIS=12401, |S|=24713, Oracle MIS=12125, Improvement=-276
n=25000, coeff=12, trial=3, GT MIS=12500, Greedy MIS=12401, |S|=22750, Oracle MIS=12500, Improvement=99
n=25000, coeff=12, trial=3, GT MIS=12500, Greedy MIS=12401, |S|=18181, Oracle MIS=12500, Improvement=99
n=25000, coeff=12, trial=3, GT MIS=12500, Greedy MIS=12401, |S|=14135, Oracle MIS=12500, Improvement=99
n=25000, coeff=12, trial=3, GT MIS=12500, Greedy MIS=12401, |S|=12737, Oracle MIS=12500, Improvement=99
n=25000, coeff=12, trial=3, GT MIS=12500, Greedy MIS=12401, |S|=12522, Oracle MIS=12500, Improvement=99
n=25000, coeff=12, trial=4, GT MIS=12500, Greedy MIS=12467, |S|=25000, Oracle MIS=12467, Improvement=0
n=25000, coeff=12, trial=4, GT MIS=12500, Greedy MIS=12467, |S|=25000, Oracle MIS=12467, Improvement=0
n=25000, coeff=12, trial=4, GT MIS=12500, Greedy MIS=12467, |S|=25000, Oracle MIS=12467, Improvement=0
n=25000, coeff=12, trial=4, GT MIS=12500, Greedy MIS=12467, |S|=24990, Oracle MIS=12457, Improvement=-10
n=25000, coeff=12, trial=4, GT MIS=12500, Greedy MIS=12467, |S|=24591, Oracle MIS=12471, Improvement=4
n=25000, coeff=12, trial=4, GT MIS=12500, Greedy MIS=12467, |S|=22274, Oracle MIS=12500, Improvement=33
n=25000, coeff=12, trial=4, GT MIS=12500, Greedy MIS=12467, |S|=17700, Oracle MIS=12500, Improvement=33
n=25000, coeff=12, trial=4, GT MIS=12500, Greedy MIS=12467, |S|=13903, Oracle MIS=12500, Improvement=33
n=25000, coeff=12, trial=4, GT MIS=12500, Greedy MIS=12467, |S|=12684, Oracle MIS=12500, Improvement=33
n=25000, coeff=12, trial=4, GT MIS=12500, Greedy MIS=12467, |S|=12513, Oracle MIS=12499, Improvement=32
n=25000, coeff=12, trial=5, GT MIS=12500, Greedy MIS=12299, |S|=25000, Oracle MIS=12299, Improvement=0
n=25000, coeff=12, trial=5, GT MIS=12500, Greedy MIS=12299, |S|=25000, Oracle MIS=12299, Improvement=0
n=25000, coeff=12, trial=5, GT MIS=12500, Greedy MIS=12299, |S|=25000, Oracle MIS=12299, Improvement=0
n=25000, coeff=12, trial=5, GT MIS=12500, Greedy MIS=12299, |S|=24988, Oracle MIS=12253, Improvement=-46
n=25000, coeff=12, trial=5, GT MIS=12500, Greedy MIS=12299, |S|=24769, Oracle MIS=11764, Improvement=-535
n=25000, coeff=12, trial=5, GT MIS=12500, Greedy MIS=12299, |S|=23012, Oracle MIS=12500, Improvement=201
n=25000, coeff=12, trial=5, GT MIS=12500, Greedy MIS=12299, |S|=18628, Oracle MIS=12500, Improvement=201
n=25000, coeff=12, trial=5, GT MIS=12500, Greedy MIS=12299, |S|=14302, Oracle MIS=12500, Improvement=201
n=25000, coeff=12, trial=5, GT MIS=12500, Greedy MIS=12299, |S|=12775, Oracle MIS=12500, Improvement=201
n=25000, coeff=12, trial=5, GT MIS=12500, Greedy MIS=12299, |S|=12517, Oracle MIS=12500, Improvement=201
n=25000, coeff=12, trial=6, GT MIS=12500, Greedy MIS=12466, |S|=25000, Oracle MIS=12466, Improvement=0
n=25000, coeff=12, trial=6, GT MIS=12500, Greedy MIS=12466, |S|=25000, Oracle MIS=12466, Improvement=0
n=25000, coeff=12, trial=6, GT MIS=12500, Greedy MIS=12466, |S|=25000, Oracle MIS=12466, Improvement=0
n=25000, coeff=12, trial=6, GT MIS=12500, Greedy MIS=12466, |S|=24992, Oracle MIS=12466, Improvement=0
n=25000, coeff=12, trial=6, GT MIS=12500, Greedy MIS=12466, |S|=24726, Oracle MIS=12466, Improvement=0
n=25000, coeff=12, trial=6, GT MIS=12500, Greedy MIS=12466, |S|=22817, Oracle MIS=12500, Improvement=34
n=25000, coeff=12, trial=6, GT MIS=12500, Greedy MIS=12466, |S|=18358, Oracle MIS=12500, Improvement=34
n=25000, coeff=12, trial=6, GT MIS=12500, Greedy MIS=12466, |S|=14203, Oracle MIS=12500, Improvement=34
n=25000, coeff=12, trial=6, GT MIS=12500, Greedy MIS=12466, |S|=12758, Oracle MIS=12500, Improvement=34
n=25000, coeff=12, trial=6, GT MIS=12500, Greedy MIS=12466, |S|=12519, Oracle MIS=12500, Improvement=34
n=25000, coeff=12, trial=7, GT MIS=12500, Greedy MIS=12466, |S|=25000, Oracle MIS=12466, Improvement=0
n=25000, coeff=12, trial=7, GT MIS=12500, Greedy MIS=12466, |S|=25000, Oracle MIS=12466, Improvement=0
n=25000, coeff=12, trial=7, GT MIS=12500, Greedy MIS=12466, |S|=25000, Oracle MIS=12466, Improvement=0
n=25000, coeff=12, trial=7, GT MIS=12500, Greedy MIS=12466, |S|=24989, Oracle MIS=12455, Improvement=-11
n=25000, coeff=12, trial=7, GT MIS=12500, Greedy MIS=12466, |S|=24602, Oracle MIS=11800, Improvement=-666
n=25000, coeff=12, trial=7, GT MIS=12500, Greedy MIS=12466, |S|=22431, Oracle MIS=12500, Improvement=34
n=25000, coeff=12, trial=7, GT MIS=12500, Greedy MIS=12466, |S|=17841, Oracle MIS=12500, Improvement=34
n=25000, coeff=12, trial=7, GT MIS=12500, Greedy MIS=12466, |S|=14088, Oracle MIS=12500, Improvement=34
n=25000, coeff=12, trial=7, GT MIS=12500, Greedy MIS=12466, |S|=12691, Oracle MIS=12500, Improvement=34
n=25000, coeff=12, trial=7, GT MIS=12500, Greedy MIS=12466, |S|=12513, Oracle MIS=12500, Improvement=34
n=25000, coeff=12, trial=8, GT MIS=12500, Greedy MIS=12400, |S|=25000, Oracle MIS=12400, Improvement=0
n=25000, coeff=12, trial=8, GT MIS=12500, Greedy MIS=12400, |S|=25000, Oracle MIS=12400, Improvement=0
n=25000, coeff=12, trial=8, GT MIS=12500, Greedy MIS=12400, |S|=24999, Oracle MIS=12399, Improvement=-1
n=25000, coeff=12, trial=8, GT MIS=12500, Greedy MIS=12400, |S|=24988, Oracle MIS=12388, Improvement=-12
n=25000, coeff=12, trial=8, GT MIS=12500, Greedy MIS=12400, |S|=24692, Oracle MIS=12222, Improvement=-178
n=25000, coeff=12, trial=8, GT MIS=12500, Greedy MIS=12400, |S|=22720, Oracle MIS=12500, Improvement=100
n=25000, coeff=12, trial=8, GT MIS=12500, Greedy MIS=12400, |S|=18249, Oracle MIS=12500, Improvement=100
n=25000, coeff=12, trial=8, GT MIS=12500, Greedy MIS=12400, |S|=14160, Oracle MIS=12500, Improvement=100
n=25000, coeff=12, trial=8, GT MIS=12500, Greedy MIS=12400, |S|=12723, Oracle MIS=12499, Improvement=99
n=25000, coeff=12, trial=8, GT MIS=12500, Greedy MIS=12400, |S|=12515, Oracle MIS=12500, Improvement=100
n=25000, coeff=12, trial=9, GT MIS=12500, Greedy MIS=12369, |S|=25000, Oracle MIS=12369, Improvement=0
n=25000, coeff=12, trial=9, GT MIS=12500, Greedy MIS=12369, |S|=25000, Oracle MIS=12369, Improvement=0
n=25000, coeff=12, trial=9, GT MIS=12500, Greedy MIS=12369, |S|=25000, Oracle MIS=12369, Improvement=0
n=25000, coeff=12, trial=9, GT MIS=12500, Greedy MIS=12369, |S|=24989, Oracle MIS=12358, Improvement=-11
n=25000, coeff=12, trial=9, GT MIS=12500, Greedy MIS=12369, |S|=24717, Oracle MIS=12435, Improvement=66
n=25000, coeff=12, trial=9, GT MIS=12500, Greedy MIS=12369, |S|=22611, Oracle MIS=12500, Improvement=131
n=25000, coeff=12, trial=9, GT MIS=12500, Greedy MIS=12369, |S|=18133, Oracle MIS=12500, Improvement=131
n=25000, coeff=12, trial=9, GT MIS=12500, Greedy MIS=12369, |S|=14171, Oracle MIS=12500, Improvement=131
n=25000, coeff=12, trial=9, GT MIS=12500, Greedy MIS=12369, |S|=12705, Oracle MIS=12500, Improvement=131
n=25000, coeff=12, trial=9, GT MIS=12500, Greedy MIS=12369, |S|=12514, Oracle MIS=12500, Improvement=131
n=25000, coeff=13, trial=0, GT MIS=12500, Greedy MIS=12310, |S|=25000, Oracle MIS=12310, Improvement=0
n=25000, coeff=13, trial=0, GT MIS=12500, Greedy MIS=12310, |S|=25000, Oracle MIS=12310, Improvement=0
n=25000, coeff=13, trial=0, GT MIS=12500, Greedy MIS=12310, |S|=25000, Oracle MIS=12310, Improvement=0
n=25000, coeff=13, trial=0, GT MIS=12500, Greedy MIS=12310, |S|=24986, Oracle MIS=12179, Improvement=-131
n=25000, coeff=13, trial=0, GT MIS=12500, Greedy MIS=12310, |S|=24671, Oracle MIS=12354, Improvement=44
n=25000, coeff=13, trial=0, GT MIS=12500, Greedy MIS=12310, |S|=22322, Oracle MIS=12500, Improvement=190
n=25000, coeff=13, trial=0, GT MIS=12500, Greedy MIS=12310, |S|=17387, Oracle MIS=12500, Improvement=190
n=25000, coeff=13, trial=0, GT MIS=12500, Greedy MIS=12310, |S|=13677, Oracle MIS=12500, Improvement=190
n=25000, coeff=13, trial=0, GT MIS=12500, Greedy MIS=12310, |S|=12620, Oracle MIS=12500, Improvement=190
n=25000, coeff=13, trial=0, GT MIS=12500, Greedy MIS=12310, |S|=12506, Oracle MIS=12500, Improvement=190
n=25000, coeff=13, trial=1, GT MIS=12500, Greedy MIS=12004, |S|=25000, Oracle MIS=12004, Improvement=0
n=25000, coeff=13, trial=1, GT MIS=12500, Greedy MIS=12004, |S|=25000, Oracle MIS=12004, Improvement=0
n=25000, coeff=13, trial=1, GT MIS=12500, Greedy MIS=12004, |S|=24999, Oracle MIS=12004, Improvement=0
n=25000, coeff=13, trial=1, GT MIS=12500, Greedy MIS=12004, |S|=24977, Oracle MIS=12004, Improvement=0
n=25000, coeff=13, trial=1, GT MIS=12500, Greedy MIS=12004, |S|=24585, Oracle MIS=12391, Improvement=387
n=25000, coeff=13, trial=1, GT MIS=12500, Greedy MIS=12004, |S|=22255, Oracle MIS=12500, Improvement=496
n=25000, coeff=13, trial=1, GT MIS=12500, Greedy MIS=12004, |S|=17211, Oracle MIS=12500, Improvement=496
n=25000, coeff=13, trial=1, GT MIS=12500, Greedy MIS=12004, |S|=13573, Oracle MIS=12500, Improvement=496
n=25000, coeff=13, trial=1, GT MIS=12500, Greedy MIS=12004, |S|=12622, Oracle MIS=12500, Improvement=496
n=25000, coeff=13, trial=1, GT MIS=12500, Greedy MIS=12004, |S|=12507, Oracle MIS=12500, Improvement=496
n=25000, coeff=13, trial=2, GT MIS=12500, Greedy MIS=12314, |S|=25000, Oracle MIS=12314, Improvement=0
n=25000, coeff=13, trial=2, GT MIS=12500, Greedy MIS=12314, |S|=25000, Oracle MIS=12314, Improvement=0
n=25000, coeff=13, trial=2, GT MIS=12500, Greedy MIS=12314, |S|=25000, Oracle MIS=12314, Improvement=0
n=25000, coeff=13, trial=2, GT MIS=12500, Greedy MIS=12314, |S|=24987, Oracle MIS=12263, Improvement=-51
n=25000, coeff=13, trial=2, GT MIS=12500, Greedy MIS=12314, |S|=24533, Oracle MIS=12397, Improvement=83
n=25000, coeff=13, trial=2, GT MIS=12500, Greedy MIS=12314, |S|=22133, Oracle MIS=12500, Improvement=186
n=25000, coeff=13, trial=2, GT MIS=12500, Greedy MIS=12314, |S|=17174, Oracle MIS=12500, Improvement=186
n=25000, coeff=13, trial=2, GT MIS=12500, Greedy MIS=12314, |S|=13570, Oracle MIS=12500, Improvement=186
n=25000, coeff=13, trial=2, GT MIS=12500, Greedy MIS=12314, |S|=12612, Oracle MIS=12500, Improvement=186
n=25000, coeff=13, trial=2, GT MIS=12500, Greedy MIS=12314, |S|=12507, Oracle MIS=12500, Improvement=186
n=25000, coeff=13, trial=3, GT MIS=12500, Greedy MIS=12348, |S|=25000, Oracle MIS=12348, Improvement=0
n=25000, coeff=13, trial=3, GT MIS=12500, Greedy MIS=12348, |S|=25000, Oracle MIS=12348, Improvement=0
n=25000, coeff=13, trial=3, GT MIS=12500, Greedy MIS=12348, |S|=25000, Oracle MIS=12348, Improvement=0
n=25000, coeff=13, trial=3, GT MIS=12500, Greedy MIS=12348, |S|=24984, Oracle MIS=12332, Improvement=-16
n=25000, coeff=13, trial=3, GT MIS=12500, Greedy MIS=12348, |S|=24645, Oracle MIS=12160, Improvement=-188
n=25000, coeff=13, trial=3, GT MIS=12500, Greedy MIS=12348, |S|=22300, Oracle MIS=12500, Improvement=152
n=25000, coeff=13, trial=3, GT MIS=12500, Greedy MIS=12348, |S|=17448, Oracle MIS=12500, Improvement=152
n=25000, coeff=13, trial=3, GT MIS=12500, Greedy MIS=12348, |S|=13702, Oracle MIS=12500, Improvement=152
n=25000, coeff=13, trial=3, GT MIS=12500, Greedy MIS=12348, |S|=12637, Oracle MIS=12500, Improvement=152
n=25000, coeff=13, trial=3, GT MIS=12500, Greedy MIS=12348, |S|=12509, Oracle MIS=12500, Improvement=152
n=25000, coeff=13, trial=4, GT MIS=12500, Greedy MIS=11967, |S|=25000, Oracle MIS=11967, Improvement=0
n=25000, coeff=13, trial=4, GT MIS=12500, Greedy MIS=11967, |S|=25000, Oracle MIS=11967, Improvement=0
n=25000, coeff=13, trial=4, GT MIS=12500, Greedy MIS=11967, |S|=25000, Oracle MIS=11967, Improvement=0
n=25000, coeff=13, trial=4, GT MIS=12500, Greedy MIS=11967, |S|=24981, Oracle MIS=11967, Improvement=0
n=25000, coeff=13, trial=4, GT MIS=12500, Greedy MIS=11967, |S|=24506, Oracle MIS=12392, Improvement=425
n=25000, coeff=13, trial=4, GT MIS=12500, Greedy MIS=11967, |S|=21813, Oracle MIS=12500, Improvement=533
n=25000, coeff=13, trial=4, GT MIS=12500, Greedy MIS=11967, |S|=17022, Oracle MIS=12500, Improvement=533
n=25000, coeff=13, trial=4, GT MIS=12500, Greedy MIS=11967, |S|=13522, Oracle MIS=12500, Improvement=533
n=25000, coeff=13, trial=4, GT MIS=12500, Greedy MIS=11967, |S|=12605, Oracle MIS=12500, Improvement=533
n=25000, coeff=13, trial=4, GT MIS=12500, Greedy MIS=11967, |S|=12505, Oracle MIS=12500, Improvement=533
n=25000, coeff=13, trial=5, GT MIS=12500, Greedy MIS=12202, |S|=25000, Oracle MIS=12202, Improvement=0
n=25000, coeff=13, trial=5, GT MIS=12500, Greedy MIS=12202, |S|=25000, Oracle MIS=12202, Improvement=0
n=25000, coeff=13, trial=5, GT MIS=12500, Greedy MIS=12202, |S|=25000, Oracle MIS=12202, Improvement=0
n=25000, coeff=13, trial=5, GT MIS=12500, Greedy MIS=12202, |S|=24983, Oracle MIS=12187, Improvement=-15
n=25000, coeff=13, trial=5, GT MIS=12500, Greedy MIS=12202, |S|=24727, Oracle MIS=12306, Improvement=104
n=25000, coeff=13, trial=5, GT MIS=12500, Greedy MIS=12202, |S|=22655, Oracle MIS=12500, Improvement=298
n=25000, coeff=13, trial=5, GT MIS=12500, Greedy MIS=12202, |S|=17925, Oracle MIS=12500, Improvement=298
n=25000, coeff=13, trial=5, GT MIS=12500, Greedy MIS=12202, |S|=13900, Oracle MIS=12500, Improvement=298
n=25000, coeff=13, trial=5, GT MIS=12500, Greedy MIS=12202, |S|=12663, Oracle MIS=12500, Improvement=298
n=25000, coeff=13, trial=5, GT MIS=12500, Greedy MIS=12202, |S|=12507, Oracle MIS=12500, Improvement=298
n=25000, coeff=13, trial=6, GT MIS=12500, Greedy MIS=12426, |S|=25000, Oracle MIS=12426, Improvement=0
n=25000, coeff=13, trial=6, GT MIS=12500, Greedy MIS=12426, |S|=25000, Oracle MIS=12426, Improvement=0
n=25000, coeff=13, trial=6, GT MIS=12500, Greedy MIS=12426, |S|=25000, Oracle MIS=12426, Improvement=0
n=25000, coeff=13, trial=6, GT MIS=12500, Greedy MIS=12426, |S|=24989, Oracle MIS=12426, Improvement=0
n=25000, coeff=13, trial=6, GT MIS=12500, Greedy MIS=12426, |S|=24608, Oracle MIS=12426, Improvement=0
n=25000, coeff=13, trial=6, GT MIS=12500, Greedy MIS=12426, |S|=22411, Oracle MIS=12500, Improvement=74
n=25000, coeff=13, trial=6, GT MIS=12500, Greedy MIS=12426, |S|=17602, Oracle MIS=12500, Improvement=74
n=25000, coeff=13, trial=6, GT MIS=12500, Greedy MIS=12426, |S|=13723, Oracle MIS=12500, Improvement=74
n=25000, coeff=13, trial=6, GT MIS=12500, Greedy MIS=12426, |S|=12644, Oracle MIS=12500, Improvement=74
n=25000, coeff=13, trial=6, GT MIS=12500, Greedy MIS=12426, |S|=12504, Oracle MIS=12500, Improvement=74
n=25000, coeff=13, trial=7, GT MIS=12500, Greedy MIS=12391, |S|=25000, Oracle MIS=12391, Improvement=0
n=25000, coeff=13, trial=7, GT MIS=12500, Greedy MIS=12391, |S|=25000, Oracle MIS=12391, Improvement=0
n=25000, coeff=13, trial=7, GT MIS=12500, Greedy MIS=12391, |S|=25000, Oracle MIS=12391, Improvement=0
n=25000, coeff=13, trial=7, GT MIS=12500, Greedy MIS=12391, |S|=24987, Oracle MIS=12378, Improvement=-13
n=25000, coeff=13, trial=7, GT MIS=12500, Greedy MIS=12391, |S|=24550, Oracle MIS=12286, Improvement=-105
n=25000, coeff=13, trial=7, GT MIS=12500, Greedy MIS=12391, |S|=22012, Oracle MIS=12500, Improvement=109
n=25000, coeff=13, trial=7, GT MIS=12500, Greedy MIS=12391, |S|=17129, Oracle MIS=12500, Improvement=109
n=25000, coeff=13, trial=7, GT MIS=12500, Greedy MIS=12391, |S|=13656, Oracle MIS=12500, Improvement=109
n=25000, coeff=13, trial=7, GT MIS=12500, Greedy MIS=12391, |S|=12614, Oracle MIS=12500, Improvement=109
n=25000, coeff=13, trial=7, GT MIS=12500, Greedy MIS=12391, |S|=12511, Oracle MIS=12500, Improvement=109
n=25000, coeff=13, trial=8, GT MIS=12500, Greedy MIS=12198, |S|=25000, Oracle MIS=12198, Improvement=0
n=25000, coeff=13, trial=8, GT MIS=12500, Greedy MIS=12198, |S|=25000, Oracle MIS=12198, Improvement=0
n=25000, coeff=13, trial=8, GT MIS=12500, Greedy MIS=12198, |S|=24999, Oracle MIS=12198, Improvement=0
n=25000, coeff=13, trial=8, GT MIS=12500, Greedy MIS=12198, |S|=24983, Oracle MIS=12198, Improvement=0
n=25000, coeff=13, trial=8, GT MIS=12500, Greedy MIS=12198, |S|=24633, Oracle MIS=12276, Improvement=78
n=25000, coeff=13, trial=8, GT MIS=12500, Greedy MIS=12198, |S|=22271, Oracle MIS=12500, Improvement=302
n=25000, coeff=13, trial=8, GT MIS=12500, Greedy MIS=12198, |S|=17538, Oracle MIS=12500, Improvement=302
n=25000, coeff=13, trial=8, GT MIS=12500, Greedy MIS=12198, |S|=13754, Oracle MIS=12500, Improvement=302
n=25000, coeff=13, trial=8, GT MIS=12500, Greedy MIS=12198, |S|=12613, Oracle MIS=12500, Improvement=302
n=25000, coeff=13, trial=8, GT MIS=12500, Greedy MIS=12198, |S|=12509, Oracle MIS=12500, Improvement=302
n=25000, coeff=13, trial=9, GT MIS=12500, Greedy MIS=12500, |S|=25000, Oracle MIS=12500, Improvement=0
n=25000, coeff=13, trial=9, GT MIS=12500, Greedy MIS=12500, |S|=25000, Oracle MIS=12500, Improvement=0
n=25000, coeff=13, trial=9, GT MIS=12500, Greedy MIS=12500, |S|=25000, Oracle MIS=12500, Improvement=0
n=25000, coeff=13, trial=9, GT MIS=12500, Greedy MIS=12500, |S|=24989, Oracle MIS=12489, Improvement=-11
n=25000, coeff=13, trial=9, GT MIS=12500, Greedy MIS=12500, |S|=24651, Oracle MIS=11894, Improvement=-606
n=25000, coeff=13, trial=9, GT MIS=12500, Greedy MIS=12500, |S|=22242, Oracle MIS=12500, Improvement=0
n=25000, coeff=13, trial=9, GT MIS=12500, Greedy MIS=12500, |S|=17395, Oracle MIS=12500, Improvement=0
n=25000, coeff=13, trial=9, GT MIS=12500, Greedy MIS=12500, |S|=13740, Oracle MIS=12500, Improvement=0
n=25000, coeff=13, trial=9, GT MIS=12500, Greedy MIS=12500, |S|=12618, Oracle MIS=12500, Improvement=0
n=25000, coeff=13, trial=9, GT MIS=12500, Greedy MIS=12500, |S|=12506, Oracle MIS=12500, Improvement=0
n=25000, coeff=14, trial=0, GT MIS=12500, Greedy MIS=12336, |S|=25000, Oracle MIS=12336, Improvement=0
n=25000, coeff=14, trial=0, GT MIS=12500, Greedy MIS=12336, |S|=25000, Oracle MIS=12336, Improvement=0
n=25000, coeff=14, trial=0, GT MIS=12500, Greedy MIS=12336, |S|=25000, Oracle MIS=12336, Improvement=0
n=25000, coeff=14, trial=0, GT MIS=12500, Greedy MIS=12336, |S|=24979, Oracle MIS=12336, Improvement=0
n=25000, coeff=14, trial=0, GT MIS=12500, Greedy MIS=12336, |S|=24574, Oracle MIS=12422, Improvement=86
n=25000, coeff=14, trial=0, GT MIS=12500, Greedy MIS=12336, |S|=21830, Oracle MIS=12500, Improvement=164
n=25000, coeff=14, trial=0, GT MIS=12500, Greedy MIS=12336, |S|=16672, Oracle MIS=12500, Improvement=164
n=25000, coeff=14, trial=0, GT MIS=12500, Greedy MIS=12336, |S|=13329, Oracle MIS=12500, Improvement=164
n=25000, coeff=14, trial=0, GT MIS=12500, Greedy MIS=12336, |S|=12573, Oracle MIS=12500, Improvement=164
n=25000, coeff=14, trial=0, GT MIS=12500, Greedy MIS=12336, |S|=12503, Oracle MIS=12500, Improvement=164
n=25000, coeff=14, trial=1, GT MIS=12500, Greedy MIS=12093, |S|=25000, Oracle MIS=12093, Improvement=0
n=25000, coeff=14, trial=1, GT MIS=12500, Greedy MIS=12093, |S|=25000, Oracle MIS=12093, Improvement=0
n=25000, coeff=14, trial=1, GT MIS=12500, Greedy MIS=12093, |S|=25000, Oracle MIS=12093, Improvement=0
n=25000, coeff=14, trial=1, GT MIS=12500, Greedy MIS=12093, |S|=24979, Oracle MIS=12093, Improvement=0
n=25000, coeff=14, trial=1, GT MIS=12500, Greedy MIS=12093, |S|=24518, Oracle MIS=12384, Improvement=291
n=25000, coeff=14, trial=1, GT MIS=12500, Greedy MIS=12093, |S|=21829, Oracle MIS=12500, Improvement=407
n=25000, coeff=14, trial=1, GT MIS=12500, Greedy MIS=12093, |S|=16485, Oracle MIS=12500, Improvement=407
n=25000, coeff=14, trial=1, GT MIS=12500, Greedy MIS=12093, |S|=13267, Oracle MIS=12500, Improvement=407
n=25000, coeff=14, trial=1, GT MIS=12500, Greedy MIS=12093, |S|=12578, Oracle MIS=12500, Improvement=407
n=25000, coeff=14, trial=1, GT MIS=12500, Greedy MIS=12093, |S|=12503, Oracle MIS=12500, Improvement=407
n=25000, coeff=14, trial=2, GT MIS=12500, Greedy MIS=11964, |S|=25000, Oracle MIS=11964, Improvement=0
n=25000, coeff=14, trial=2, GT MIS=12500, Greedy MIS=11964, |S|=25000, Oracle MIS=11964, Improvement=0
n=25000, coeff=14, trial=2, GT MIS=12500, Greedy MIS=11964, |S|=25000, Oracle MIS=11964, Improvement=0
n=25000, coeff=14, trial=2, GT MIS=12500, Greedy MIS=11964, |S|=24977, Oracle MIS=11817, Improvement=-147
n=25000, coeff=14, trial=2, GT MIS=12500, Greedy MIS=11964, |S|=24461, Oracle MIS=12343, Improvement=379
n=25000, coeff=14, trial=2, GT MIS=12500, Greedy MIS=11964, |S|=21628, Oracle MIS=12500, Improvement=536
n=25000, coeff=14, trial=2, GT MIS=12500, Greedy MIS=11964, |S|=16446, Oracle MIS=12500, Improvement=536
n=25000, coeff=14, trial=2, GT MIS=12500, Greedy MIS=11964, |S|=13288, Oracle MIS=12500, Improvement=536
n=25000, coeff=14, trial=2, GT MIS=12500, Greedy MIS=11964, |S|=12563, Oracle MIS=12500, Improvement=536
n=25000, coeff=14, trial=2, GT MIS=12500, Greedy MIS=11964, |S|=12501, Oracle MIS=12500, Improvement=536
n=25000, coeff=14, trial=3, GT MIS=12500, Greedy MIS=12461, |S|=25000, Oracle MIS=12461, Improvement=0
n=25000, coeff=14, trial=3, GT MIS=12500, Greedy MIS=12461, |S|=25000, Oracle MIS=12461, Improvement=0
n=25000, coeff=14, trial=3, GT MIS=12500, Greedy MIS=12461, |S|=25000, Oracle MIS=12461, Improvement=0
n=25000, coeff=14, trial=3, GT MIS=12500, Greedy MIS=12461, |S|=24985, Oracle MIS=12446, Improvement=-15
n=25000, coeff=14, trial=3, GT MIS=12500, Greedy MIS=12461, |S|=24544, Oracle MIS=12422, Improvement=-39
n=25000, coeff=14, trial=3, GT MIS=12500, Greedy MIS=12461, |S|=21831, Oracle MIS=12500, Improvement=39
n=25000, coeff=14, trial=3, GT MIS=12500, Greedy MIS=12461, |S|=16743, Oracle MIS=12500, Improvement=39
n=25000, coeff=14, trial=3, GT MIS=12500, Greedy MIS=12461, |S|=13363, Oracle MIS=12500, Improvement=39
n=25000, coeff=14, trial=3, GT MIS=12500, Greedy MIS=12461, |S|=12585, Oracle MIS=12500, Improvement=39
n=25000, coeff=14, trial=3, GT MIS=12500, Greedy MIS=12461, |S|=12504, Oracle MIS=12500, Improvement=39
n=25000, coeff=14, trial=4, GT MIS=12500, Greedy MIS=12378, |S|=25000, Oracle MIS=12378, Improvement=0
n=25000, coeff=14, trial=4, GT MIS=12500, Greedy MIS=12378, |S|=25000, Oracle MIS=12378, Improvement=0
n=25000, coeff=14, trial=4, GT MIS=12500, Greedy MIS=12378, |S|=25000, Oracle MIS=12378, Improvement=0
n=25000, coeff=14, trial=4, GT MIS=12500, Greedy MIS=12378, |S|=24986, Oracle MIS=12364, Improvement=-14
n=25000, coeff=14, trial=4, GT MIS=12500, Greedy MIS=12378, |S|=24402, Oracle MIS=12459, Improvement=81
n=25000, coeff=14, trial=4, GT MIS=12500, Greedy MIS=12378, |S|=21247, Oracle MIS=12500, Improvement=122
n=25000, coeff=14, trial=4, GT MIS=12500, Greedy MIS=12378, |S|=16254, Oracle MIS=12500, Improvement=122
n=25000, coeff=14, trial=4, GT MIS=12500, Greedy MIS=12378, |S|=13230, Oracle MIS=12500, Improvement=122
n=25000, coeff=14, trial=4, GT MIS=12500, Greedy MIS=12378, |S|=12561, Oracle MIS=12500, Improvement=122
n=25000, coeff=14, trial=4, GT MIS=12500, Greedy MIS=12378, |S|=12501, Oracle MIS=12500, Improvement=122
n=25000, coeff=14, trial=5, GT MIS=12500, Greedy MIS=11998, |S|=25000, Oracle MIS=11998, Improvement=0
n=25000, coeff=14, trial=5, GT MIS=12500, Greedy MIS=11998, |S|=25000, Oracle MIS=11998, Improvement=0
n=25000, coeff=14, trial=5, GT MIS=12500, Greedy MIS=11998, |S|=25000, Oracle MIS=11998, Improvement=0
n=25000, coeff=14, trial=5, GT MIS=12500, Greedy MIS=11998, |S|=24985, Oracle MIS=12375, Improvement=377
n=25000, coeff=14, trial=5, GT MIS=12500, Greedy MIS=11998, |S|=24666, Oracle MIS=12418, Improvement=420
n=25000, coeff=14, trial=5, GT MIS=12500, Greedy MIS=11998, |S|=22251, Oracle MIS=12500, Improvement=502
n=25000, coeff=14, trial=5, GT MIS=12500, Greedy MIS=11998, |S|=17244, Oracle MIS=12500, Improvement=502
n=25000, coeff=14, trial=5, GT MIS=12500, Greedy MIS=11998, |S|=13476, Oracle MIS=12500, Improvement=502
n=25000, coeff=14, trial=5, GT MIS=12500, Greedy MIS=11998, |S|=12584, Oracle MIS=12500, Improvement=502
n=25000, coeff=14, trial=5, GT MIS=12500, Greedy MIS=11998, |S|=12502, Oracle MIS=12500, Improvement=502
n=25000, coeff=14, trial=6, GT MIS=12500, Greedy MIS=12329, |S|=25000, Oracle MIS=12329, Improvement=0
n=25000, coeff=14, trial=6, GT MIS=12500, Greedy MIS=12329, |S|=25000, Oracle MIS=12329, Improvement=0
n=25000, coeff=14, trial=6, GT MIS=12500, Greedy MIS=12329, |S|=25000, Oracle MIS=12329, Improvement=0
n=25000, coeff=14, trial=6, GT MIS=12500, Greedy MIS=12329, |S|=24983, Oracle MIS=12329, Improvement=0
n=25000, coeff=14, trial=6, GT MIS=12500, Greedy MIS=12329, |S|=24552, Oracle MIS=12500, Improvement=171
n=25000, coeff=14, trial=6, GT MIS=12500, Greedy MIS=12329, |S|=21953, Oracle MIS=12500, Improvement=171
n=25000, coeff=14, trial=6, GT MIS=12500, Greedy MIS=12329, |S|=16896, Oracle MIS=12500, Improvement=171
n=25000, coeff=14, trial=6, GT MIS=12500, Greedy MIS=12329, |S|=13415, Oracle MIS=12500, Improvement=171
n=25000, coeff=14, trial=6, GT MIS=12500, Greedy MIS=12329, |S|=12583, Oracle MIS=12500, Improvement=171
n=25000, coeff=14, trial=6, GT MIS=12500, Greedy MIS=12329, |S|=12502, Oracle MIS=12500, Improvement=171
n=25000, coeff=14, trial=7, GT MIS=12500, Greedy MIS=12421, |S|=25000, Oracle MIS=12421, Improvement=0
n=25000, coeff=14, trial=7, GT MIS=12500, Greedy MIS=12421, |S|=25000, Oracle MIS=12421, Improvement=0
n=25000, coeff=14, trial=7, GT MIS=12500, Greedy MIS=12421, |S|=24999, Oracle MIS=12420, Improvement=-1
n=25000, coeff=14, trial=7, GT MIS=12500, Greedy MIS=12421, |S|=24978, Oracle MIS=12399, Improvement=-22
n=25000, coeff=14, trial=7, GT MIS=12500, Greedy MIS=12421, |S|=24435, Oracle MIS=12420, Improvement=-1
n=25000, coeff=14, trial=7, GT MIS=12500, Greedy MIS=12421, |S|=21505, Oracle MIS=12500, Improvement=79
n=25000, coeff=14, trial=7, GT MIS=12500, Greedy MIS=12421, |S|=16508, Oracle MIS=12500, Improvement=79
n=25000, coeff=14, trial=7, GT MIS=12500, Greedy MIS=12421, |S|=13320, Oracle MIS=12500, Improvement=79
n=25000, coeff=14, trial=7, GT MIS=12500, Greedy MIS=12421, |S|=12566, Oracle MIS=12500, Improvement=79
n=25000, coeff=14, trial=7, GT MIS=12500, Greedy MIS=12421, |S|=12503, Oracle MIS=12500, Improvement=79
n=25000, coeff=14, trial=8, GT MIS=12500, Greedy MIS=12044, |S|=25000, Oracle MIS=12044, Improvement=0
n=25000, coeff=14, trial=8, GT MIS=12500, Greedy MIS=12044, |S|=25000, Oracle MIS=12044, Improvement=0
n=25000, coeff=14, trial=8, GT MIS=12500, Greedy MIS=12044, |S|=24999, Oracle MIS=12044, Improvement=0
n=25000, coeff=14, trial=8, GT MIS=12500, Greedy MIS=12044, |S|=24982, Oracle MIS=12044, Improvement=0
n=25000, coeff=14, trial=8, GT MIS=12500, Greedy MIS=12044, |S|=24556, Oracle MIS=12298, Improvement=254
n=25000, coeff=14, trial=8, GT MIS=12500, Greedy MIS=12044, |S|=21888, Oracle MIS=12500, Improvement=456
n=25000, coeff=14, trial=8, GT MIS=12500, Greedy MIS=12044, |S|=16811, Oracle MIS=12500, Improvement=456
n=25000, coeff=14, trial=8, GT MIS=12500, Greedy MIS=12044, |S|=13375, Oracle MIS=12500, Improvement=456
n=25000, coeff=14, trial=8, GT MIS=12500, Greedy MIS=12044, |S|=12567, Oracle MIS=12500, Improvement=456
n=25000, coeff=14, trial=8, GT MIS=12500, Greedy MIS=12044, |S|=12502, Oracle MIS=12500, Improvement=456
n=25000, coeff=14, trial=9, GT MIS=12500, Greedy MIS=12253, |S|=25000, Oracle MIS=12253, Improvement=0
n=25000, coeff=14, trial=9, GT MIS=12500, Greedy MIS=12253, |S|=25000, Oracle MIS=12253, Improvement=0
n=25000, coeff=14, trial=9, GT MIS=12500, Greedy MIS=12253, |S|=25000, Oracle MIS=12253, Improvement=0
n=25000, coeff=14, trial=9, GT MIS=12500, Greedy MIS=12253, |S|=24984, Oracle MIS=12237, Improvement=-16
n=25000, coeff=14, trial=9, GT MIS=12500, Greedy MIS=12253, |S|=24538, Oracle MIS=12380, Improvement=127
n=25000, coeff=14, trial=9, GT MIS=12500, Greedy MIS=12253, |S|=21663, Oracle MIS=12500, Improvement=247
n=25000, coeff=14, trial=9, GT MIS=12500, Greedy MIS=12253, |S|=16723, Oracle MIS=12500, Improvement=247
n=25000, coeff=14, trial=9, GT MIS=12500, Greedy MIS=12253, |S|=13372, Oracle MIS=12500, Improvement=247
n=25000, coeff=14, trial=9, GT MIS=12500, Greedy MIS=12253, |S|=12569, Oracle MIS=12500, Improvement=247
n=25000, coeff=14, trial=9, GT MIS=12500, Greedy MIS=12253, |S|=12502, Oracle MIS=12500, Improvement=247
n=25000, coeff=15, trial=0, GT MIS=12500, Greedy MIS=12408, |S|=25000, Oracle MIS=12408, Improvement=0
n=25000, coeff=15, trial=0, GT MIS=12500, Greedy MIS=12408, |S|=25000, Oracle MIS=12408, Improvement=0
n=25000, coeff=15, trial=0, GT MIS=12500, Greedy MIS=12408, |S|=25000, Oracle MIS=12408, Improvement=0
n=25000, coeff=15, trial=0, GT MIS=12500, Greedy MIS=12408, |S|=24983, Oracle MIS=12391, Improvement=-17
n=25000, coeff=15, trial=0, GT MIS=12500, Greedy MIS=12408, |S|=24510, Oracle MIS=12456, Improvement=48
n=25000, coeff=15, trial=0, GT MIS=12500, Greedy MIS=12408, |S|=21333, Oracle MIS=12500, Improvement=92
n=25000, coeff=15, trial=0, GT MIS=12500, Greedy MIS=12408, |S|=15964, Oracle MIS=12500, Improvement=92
n=25000, coeff=15, trial=0, GT MIS=12500, Greedy MIS=12408, |S|=13098, Oracle MIS=12500, Improvement=92
n=25000, coeff=15, trial=0, GT MIS=12500, Greedy MIS=12408, |S|=12542, Oracle MIS=12500, Improvement=92
n=25000, coeff=15, trial=0, GT MIS=12500, Greedy MIS=12408, |S|=12501, Oracle MIS=12500, Improvement=92
n=25000, coeff=15, trial=1, GT MIS=12500, Greedy MIS=12190, |S|=25000, Oracle MIS=12190, Improvement=0
n=25000, coeff=15, trial=1, GT MIS=12500, Greedy MIS=12190, |S|=25000, Oracle MIS=12190, Improvement=0
n=25000, coeff=15, trial=1, GT MIS=12500, Greedy MIS=12190, |S|=24999, Oracle MIS=12190, Improvement=0
n=25000, coeff=15, trial=1, GT MIS=12500, Greedy MIS=12190, |S|=24966, Oracle MIS=12190, Improvement=0
n=25000, coeff=15, trial=1, GT MIS=12500, Greedy MIS=12190, |S|=24410, Oracle MIS=12460, Improvement=270
n=25000, coeff=15, trial=1, GT MIS=12500, Greedy MIS=12190, |S|=21360, Oracle MIS=12500, Improvement=310
n=25000, coeff=15, trial=1, GT MIS=12500, Greedy MIS=12190, |S|=15746, Oracle MIS=12500, Improvement=310
n=25000, coeff=15, trial=1, GT MIS=12500, Greedy MIS=12190, |S|=13055, Oracle MIS=12500, Improvement=310
n=25000, coeff=15, trial=1, GT MIS=12500, Greedy MIS=12190, |S|=12535, Oracle MIS=12500, Improvement=310
n=25000, coeff=15, trial=1, GT MIS=12500, Greedy MIS=12190, |S|=12502, Oracle MIS=12500, Improvement=310
n=25000, coeff=15, trial=2, GT MIS=12500, Greedy MIS=12056, |S|=25000, Oracle MIS=12056, Improvement=0
n=25000, coeff=15, trial=2, GT MIS=12500, Greedy MIS=12056, |S|=25000, Oracle MIS=12056, Improvement=0
n=25000, coeff=15, trial=2, GT MIS=12500, Greedy MIS=12056, |S|=25000, Oracle MIS=12056, Improvement=0
n=25000, coeff=15, trial=2, GT MIS=12500, Greedy MIS=12056, |S|=24974, Oracle MIS=12056, Improvement=0
n=25000, coeff=15, trial=2, GT MIS=12500, Greedy MIS=12056, |S|=24354, Oracle MIS=12416, Improvement=360
n=25000, coeff=15, trial=2, GT MIS=12500, Greedy MIS=12056, |S|=21147, Oracle MIS=12500, Improvement=444
n=25000, coeff=15, trial=2, GT MIS=12500, Greedy MIS=12056, |S|=15720, Oracle MIS=12500, Improvement=444
n=25000, coeff=15, trial=2, GT MIS=12500, Greedy MIS=12056, |S|=13038, Oracle MIS=12500, Improvement=444
n=25000, coeff=15, trial=2, GT MIS=12500, Greedy MIS=12056, |S|=12533, Oracle MIS=12500, Improvement=444
n=25000, coeff=15, trial=2, GT MIS=12500, Greedy MIS=12056, |S|=12501, Oracle MIS=12500, Improvement=444
n=25000, coeff=15, trial=3, GT MIS=12500, Greedy MIS=12271, |S|=25000, Oracle MIS=12271, Improvement=0
n=25000, coeff=15, trial=3, GT MIS=12500, Greedy MIS=12271, |S|=25000, Oracle MIS=12271, Improvement=0
n=25000, coeff=15, trial=3, GT MIS=12500, Greedy MIS=12271, |S|=25000, Oracle MIS=12271, Improvement=0
n=25000, coeff=15, trial=3, GT MIS=12500, Greedy MIS=12271, |S|=24975, Oracle MIS=12247, Improvement=-24
n=25000, coeff=15, trial=3, GT MIS=12500, Greedy MIS=12271, |S|=24413, Oracle MIS=12413, Improvement=142
n=25000, coeff=15, trial=3, GT MIS=12500, Greedy MIS=12271, |S|=21378, Oracle MIS=12500, Improvement=229
n=25000, coeff=15, trial=3, GT MIS=12500, Greedy MIS=12271, |S|=16066, Oracle MIS=12500, Improvement=229
n=25000, coeff=15, trial=3, GT MIS=12500, Greedy MIS=12271, |S|=13081, Oracle MIS=12500, Improvement=229
n=25000, coeff=15, trial=3, GT MIS=12500, Greedy MIS=12271, |S|=12551, Oracle MIS=12500, Improvement=229
n=25000, coeff=15, trial=3, GT MIS=12500, Greedy MIS=12271, |S|=12502, Oracle MIS=12500, Improvement=229
n=25000, coeff=15, trial=4, GT MIS=12500, Greedy MIS=12183, |S|=25000, Oracle MIS=12183, Improvement=0
n=25000, coeff=15, trial=4, GT MIS=12500, Greedy MIS=12183, |S|=25000, Oracle MIS=12183, Improvement=0
n=25000, coeff=15, trial=4, GT MIS=12500, Greedy MIS=12183, |S|=25000, Oracle MIS=12183, Improvement=0
n=25000, coeff=15, trial=4, GT MIS=12500, Greedy MIS=12183, |S|=24978, Oracle MIS=12161, Improvement=-22
n=25000, coeff=15, trial=4, GT MIS=12500, Greedy MIS=12183, |S|=24273, Oracle MIS=12500, Improvement=317
n=25000, coeff=15, trial=4, GT MIS=12500, Greedy MIS=12183, |S|=20768, Oracle MIS=12500, Improvement=317
n=25000, coeff=15, trial=4, GT MIS=12500, Greedy MIS=12183, |S|=15640, Oracle MIS=12500, Improvement=317
n=25000, coeff=15, trial=4, GT MIS=12500, Greedy MIS=12183, |S|=13007, Oracle MIS=12500, Improvement=317
n=25000, coeff=15, trial=4, GT MIS=12500, Greedy MIS=12183, |S|=12527, Oracle MIS=12500, Improvement=317
n=25000, coeff=15, trial=4, GT MIS=12500, Greedy MIS=12183, |S|=12501, Oracle MIS=12500, Improvement=317
n=25000, coeff=15, trial=5, GT MIS=12500, Greedy MIS=12100, |S|=25000, Oracle MIS=12100, Improvement=0
n=25000, coeff=15, trial=5, GT MIS=12500, Greedy MIS=12100, |S|=25000, Oracle MIS=12100, Improvement=0
n=25000, coeff=15, trial=5, GT MIS=12500, Greedy MIS=12100, |S|=25000, Oracle MIS=12100, Improvement=0
n=25000, coeff=15, trial=5, GT MIS=12500, Greedy MIS=12100, |S|=24985, Oracle MIS=12039, Improvement=-61
n=25000, coeff=15, trial=5, GT MIS=12500, Greedy MIS=12100, |S|=24584, Oracle MIS=12458, Improvement=358
n=25000, coeff=15, trial=5, GT MIS=12500, Greedy MIS=12100, |S|=21818, Oracle MIS=12500, Improvement=400
n=25000, coeff=15, trial=5, GT MIS=12500, Greedy MIS=12100, |S|=16512, Oracle MIS=12500, Improvement=400
n=25000, coeff=15, trial=5, GT MIS=12500, Greedy MIS=12100, |S|=13235, Oracle MIS=12500, Improvement=400
n=25000, coeff=15, trial=5, GT MIS=12500, Greedy MIS=12100, |S|=12545, Oracle MIS=12500, Improvement=400
n=25000, coeff=15, trial=5, GT MIS=12500, Greedy MIS=12100, |S|=12501, Oracle MIS=12500, Improvement=400
n=25000, coeff=15, trial=6, GT MIS=12500, Greedy MIS=12500, |S|=25000, Oracle MIS=12500, Improvement=0
n=25000, coeff=15, trial=6, GT MIS=12500, Greedy MIS=12500, |S|=25000, Oracle MIS=12500, Improvement=0
n=25000, coeff=15, trial=6, GT MIS=12500, Greedy MIS=12500, |S|=25000, Oracle MIS=12500, Improvement=0
n=25000, coeff=15, trial=6, GT MIS=12500, Greedy MIS=12500, |S|=24979, Oracle MIS=12500, Improvement=0
n=25000, coeff=15, trial=6, GT MIS=12500, Greedy MIS=12500, |S|=24486, Oracle MIS=12500, Improvement=0
n=25000, coeff=15, trial=6, GT MIS=12500, Greedy MIS=12500, |S|=21515, Oracle MIS=12500, Improvement=0
n=25000, coeff=15, trial=6, GT MIS=12500, Greedy MIS=12500, |S|=16239, Oracle MIS=12500, Improvement=0
n=25000, coeff=15, trial=6, GT MIS=12500, Greedy MIS=12500, |S|=13132, Oracle MIS=12500, Improvement=0
n=25000, coeff=15, trial=6, GT MIS=12500, Greedy MIS=12500, |S|=12542, Oracle MIS=12500, Improvement=0
n=25000, coeff=15, trial=6, GT MIS=12500, Greedy MIS=12500, |S|=12503, Oracle MIS=12500, Improvement=0
n=25000, coeff=15, trial=7, GT MIS=12500, Greedy MIS=12094, |S|=25000, Oracle MIS=12094, Improvement=0
n=25000, coeff=15, trial=7, GT MIS=12500, Greedy MIS=12094, |S|=25000, Oracle MIS=12094, Improvement=0
n=25000, coeff=15, trial=7, GT MIS=12500, Greedy MIS=12094, |S|=25000, Oracle MIS=12094, Improvement=0
n=25000, coeff=15, trial=7, GT MIS=12500, Greedy MIS=12094, |S|=24972, Oracle MIS=12094, Improvement=0
n=25000, coeff=15, trial=7, GT MIS=12500, Greedy MIS=12094, |S|=24292, Oracle MIS=12500, Improvement=406
n=25000, coeff=15, trial=7, GT MIS=12500, Greedy MIS=12094, |S|=21035, Oracle MIS=12500, Improvement=406
n=25000, coeff=15, trial=7, GT MIS=12500, Greedy MIS=12094, |S|=15813, Oracle MIS=12500, Improvement=406
n=25000, coeff=15, trial=7, GT MIS=12500, Greedy MIS=12094, |S|=13070, Oracle MIS=12500, Improvement=406
n=25000, coeff=15, trial=7, GT MIS=12500, Greedy MIS=12094, |S|=12537, Oracle MIS=12500, Improvement=406
n=25000, coeff=15, trial=7, GT MIS=12500, Greedy MIS=12094, |S|=12503, Oracle MIS=12500, Improvement=406
n=25000, coeff=15, trial=8, GT MIS=12500, Greedy MIS=12180, |S|=25000, Oracle MIS=12180, Improvement=0
n=25000, coeff=15, trial=8, GT MIS=12500, Greedy MIS=12180, |S|=25000, Oracle MIS=12180, Improvement=0
n=25000, coeff=15, trial=8, GT MIS=12500, Greedy MIS=12180, |S|=24999, Oracle MIS=12180, Improvement=0
n=25000, coeff=15, trial=8, GT MIS=12500, Greedy MIS=12180, |S|=24979, Oracle MIS=12180, Improvement=0
n=25000, coeff=15, trial=8, GT MIS=12500, Greedy MIS=12180, |S|=24475, Oracle MIS=12413, Improvement=233
n=25000, coeff=15, trial=8, GT MIS=12500, Greedy MIS=12180, |S|=21405, Oracle MIS=12500, Improvement=320
n=25000, coeff=15, trial=8, GT MIS=12500, Greedy MIS=12180, |S|=16110, Oracle MIS=12500, Improvement=320
n=25000, coeff=15, trial=8, GT MIS=12500, Greedy MIS=12180, |S|=13117, Oracle MIS=12500, Improvement=320
n=25000, coeff=15, trial=8, GT MIS=12500, Greedy MIS=12180, |S|=12530, Oracle MIS=12500, Improvement=320
n=25000, coeff=15, trial=8, GT MIS=12500, Greedy MIS=12180, |S|=12500, Oracle MIS=12500, Improvement=320
n=25000, coeff=15, trial=9, GT MIS=12500, Greedy MIS=12236, |S|=25000, Oracle MIS=12236, Improvement=0
n=25000, coeff=15, trial=9, GT MIS=12500, Greedy MIS=12236, |S|=25000, Oracle MIS=12236, Improvement=0
n=25000, coeff=15, trial=9, GT MIS=12500, Greedy MIS=12236, |S|=25000, Oracle MIS=12236, Improvement=0
n=25000, coeff=15, trial=9, GT MIS=12500, Greedy MIS=12236, |S|=24979, Oracle MIS=12226, Improvement=-10
n=25000, coeff=15, trial=9, GT MIS=12500, Greedy MIS=12236, |S|=24435, Oracle MIS=12500, Improvement=264
n=25000, coeff=15, trial=9, GT MIS=12500, Greedy MIS=12236, |S|=21292, Oracle MIS=12500, Improvement=264
n=25000, coeff=15, trial=9, GT MIS=12500, Greedy MIS=12236, |S|=16001, Oracle MIS=12500, Improvement=264
n=25000, coeff=15, trial=9, GT MIS=12500, Greedy MIS=12236, |S|=13094, Oracle MIS=12500, Improvement=264
n=25000, coeff=15, trial=9, GT MIS=12500, Greedy MIS=12236, |S|=12536, Oracle MIS=12500, Improvement=264
n=25000, coeff=15, trial=9, GT MIS=12500, Greedy MIS=12236, |S|=12501, Oracle MIS=12500, Improvement=264
Results saved to bipartite_experiment_results_epislons_25000.csv
