Running job on compute-3-06
Requested resources:
  - CPUs: 18
  - GPUs: 
  - Memory: 18000
n=60000, coeff=4.0, trial=0, GT MIS=30000, Greedy MIS=29657, |S|=60000, Oracle MIS=29657, Improvement=0
n=60000, coeff=4.0, trial=0, GT MIS=30000, Greedy MIS=29657, |S|=60000, Oracle MIS=29657, Improvement=0
n=60000, coeff=4.0, trial=0, GT MIS=30000, Greedy MIS=29657, |S|=60000, Oracle MIS=29657, Improvement=0
n=60000, coeff=4.0, trial=0, GT MIS=30000, Greedy MIS=29657, |S|=59977, Oracle MIS=29626, Improvement=-31
n=60000, coeff=4.0, trial=0, GT MIS=30000, Greedy MIS=29657, |S|=59809, Oracle MIS=29358, Improvement=-299
n=60000, coeff=4.0, trial=0, GT MIS=30000, Greedy MIS=29657, |S|=58804, Oracle MIS=27943, Improvement=-1714
n=60000, coeff=4.0, trial=0, GT MIS=30000, Greedy MIS=29657, |S|=55800, Oracle MIS=29897, Improvement=240
n=60000, coeff=4.0, trial=0, GT MIS=30000, Greedy MIS=29657, |S|=49659, Oracle MIS=29999, Improvement=342
n=60000, coeff=4.0, trial=0, GT MIS=30000, Greedy MIS=29657, |S|=42224, Oracle MIS=29998, Improvement=341
n=60000, coeff=4.0, trial=0, GT MIS=30000, Greedy MIS=29657, |S|=35135, Oracle MIS=29991, Improvement=334
n=60000, coeff=4.0, trial=1, GT MIS=30000, Greedy MIS=29584, |S|=60000, Oracle MIS=29584, Improvement=0
n=60000, coeff=4.0, trial=1, GT MIS=30000, Greedy MIS=29584, |S|=59999, Oracle MIS=29583, Improvement=-1
n=60000, coeff=4.0, trial=1, GT MIS=30000, Greedy MIS=29584, |S|=59997, Oracle MIS=29581, Improvement=-3
n=60000, coeff=4.0, trial=1, GT MIS=30000, Greedy MIS=29584, |S|=59975, Oracle MIS=29559, Improvement=-25
n=60000, coeff=4.0, trial=1, GT MIS=30000, Greedy MIS=29584, |S|=59799, Oracle MIS=29316, Improvement=-268
n=60000, coeff=4.0, trial=1, GT MIS=30000, Greedy MIS=29584, |S|=58848, Oracle MIS=27569, Improvement=-2015
n=60000, coeff=4.0, trial=1, GT MIS=30000, Greedy MIS=29584, |S|=55752, Oracle MIS=29871, Improvement=287
n=60000, coeff=4.0, trial=1, GT MIS=30000, Greedy MIS=29584, |S|=49486, Oracle MIS=30000, Improvement=416
n=60000, coeff=4.0, trial=1, GT MIS=30000, Greedy MIS=29584, |S|=42060, Oracle MIS=30000, Improvement=416
n=60000, coeff=4.0, trial=1, GT MIS=30000, Greedy MIS=29584, |S|=35319, Oracle MIS=29994, Improvement=410
n=60000, coeff=4.0, trial=2, GT MIS=30000, Greedy MIS=29584, |S|=60000, Oracle MIS=29584, Improvement=0
n=60000, coeff=4.0, trial=2, GT MIS=30000, Greedy MIS=29584, |S|=60000, Oracle MIS=29584, Improvement=0
n=60000, coeff=4.0, trial=2, GT MIS=30000, Greedy MIS=29584, |S|=60000, Oracle MIS=29584, Improvement=0
n=60000, coeff=4.0, trial=2, GT MIS=30000, Greedy MIS=29584, |S|=59986, Oracle MIS=29571, Improvement=-13
n=60000, coeff=4.0, trial=2, GT MIS=30000, Greedy MIS=29584, |S|=59824, Oracle MIS=29350, Improvement=-234
n=60000, coeff=4.0, trial=2, GT MIS=30000, Greedy MIS=29584, |S|=58845, Oracle MIS=27392, Improvement=-2192
n=60000, coeff=4.0, trial=2, GT MIS=30000, Greedy MIS=29584, |S|=55856, Oracle MIS=29901, Improvement=317
n=60000, coeff=4.0, trial=2, GT MIS=30000, Greedy MIS=29584, |S|=49854, Oracle MIS=29998, Improvement=414
n=60000, coeff=4.0, trial=2, GT MIS=30000, Greedy MIS=29584, |S|=42561, Oracle MIS=29997, Improvement=413
n=60000, coeff=4.0, trial=2, GT MIS=30000, Greedy MIS=29584, |S|=35521, Oracle MIS=29994, Improvement=410
n=60000, coeff=4.0, trial=3, GT MIS=30000, Greedy MIS=29543, |S|=60000, Oracle MIS=29543, Improvement=0
n=60000, coeff=4.0, trial=3, GT MIS=30000, Greedy MIS=29543, |S|=60000, Oracle MIS=29543, Improvement=0
n=60000, coeff=4.0, trial=3, GT MIS=30000, Greedy MIS=29543, |S|=60000, Oracle MIS=29543, Improvement=0
n=60000, coeff=4.0, trial=3, GT MIS=30000, Greedy MIS=29543, |S|=59981, Oracle MIS=29524, Improvement=-19
n=60000, coeff=4.0, trial=3, GT MIS=30000, Greedy MIS=29543, |S|=59808, Oracle MIS=29277, Improvement=-266
n=60000, coeff=4.0, trial=3, GT MIS=30000, Greedy MIS=29543, |S|=58915, Oracle MIS=27619, Improvement=-1924
n=60000, coeff=4.0, trial=3, GT MIS=30000, Greedy MIS=29543, |S|=55753, Oracle MIS=29879, Improvement=336
n=60000, coeff=4.0, trial=3, GT MIS=30000, Greedy MIS=29543, |S|=49902, Oracle MIS=29996, Improvement=453
n=60000, coeff=4.0, trial=3, GT MIS=30000, Greedy MIS=29543, |S|=41913, Oracle MIS=29994, Improvement=451
n=60000, coeff=4.0, trial=3, GT MIS=30000, Greedy MIS=29543, |S|=35751, Oracle MIS=29997, Improvement=454
n=60000, coeff=4.0, trial=4, GT MIS=30000, Greedy MIS=29671, |S|=60000, Oracle MIS=29671, Improvement=0
n=60000, coeff=4.0, trial=4, GT MIS=30000, Greedy MIS=29671, |S|=60000, Oracle MIS=29671, Improvement=0
n=60000, coeff=4.0, trial=4, GT MIS=30000, Greedy MIS=29671, |S|=59997, Oracle MIS=29644, Improvement=-27
n=60000, coeff=4.0, trial=4, GT MIS=30000, Greedy MIS=29671, |S|=59979, Oracle MIS=29619, Improvement=-52
n=60000, coeff=4.0, trial=4, GT MIS=30000, Greedy MIS=29671, |S|=59816, Oracle MIS=29417, Improvement=-254
n=60000, coeff=4.0, trial=4, GT MIS=30000, Greedy MIS=29671, |S|=58964, Oracle MIS=28099, Improvement=-1572
n=60000, coeff=4.0, trial=4, GT MIS=30000, Greedy MIS=29671, |S|=55902, Oracle MIS=29879, Improvement=208
n=60000, coeff=4.0, trial=4, GT MIS=30000, Greedy MIS=29671, |S|=49957, Oracle MIS=29997, Improvement=326
n=60000, coeff=4.0, trial=4, GT MIS=30000, Greedy MIS=29671, |S|=42292, Oracle MIS=29999, Improvement=328
n=60000, coeff=4.0, trial=4, GT MIS=30000, Greedy MIS=29671, |S|=36028, Oracle MIS=29998, Improvement=327
n=60000, coeff=4.0, trial=5, GT MIS=30000, Greedy MIS=29547, |S|=60000, Oracle MIS=29547, Improvement=0
n=60000, coeff=4.0, trial=5, GT MIS=30000, Greedy MIS=29547, |S|=60000, Oracle MIS=29547, Improvement=0
n=60000, coeff=4.0, trial=5, GT MIS=30000, Greedy MIS=29547, |S|=60000, Oracle MIS=29547, Improvement=0
n=60000, coeff=4.0, trial=5, GT MIS=30000, Greedy MIS=29547, |S|=59985, Oracle MIS=29532, Improvement=-15
n=60000, coeff=4.0, trial=5, GT MIS=30000, Greedy MIS=29547, |S|=59803, Oracle MIS=29287, Improvement=-260
n=60000, coeff=4.0, trial=5, GT MIS=30000, Greedy MIS=29547, |S|=58844, Oracle MIS=27715, Improvement=-1832
n=60000, coeff=4.0, trial=5, GT MIS=30000, Greedy MIS=29547, |S|=55873, Oracle MIS=29828, Improvement=281
n=60000, coeff=4.0, trial=5, GT MIS=30000, Greedy MIS=29547, |S|=49701, Oracle MIS=29997, Improvement=450
n=60000, coeff=4.0, trial=5, GT MIS=30000, Greedy MIS=29547, |S|=42330, Oracle MIS=29999, Improvement=452
n=60000, coeff=4.0, trial=5, GT MIS=30000, Greedy MIS=29547, |S|=35472, Oracle MIS=29995, Improvement=448
n=60000, coeff=4.0, trial=6, GT MIS=30000, Greedy MIS=29518, |S|=60000, Oracle MIS=29518, Improvement=0
n=60000, coeff=4.0, trial=6, GT MIS=30000, Greedy MIS=29518, |S|=60000, Oracle MIS=29518, Improvement=0
n=60000, coeff=4.0, trial=6, GT MIS=30000, Greedy MIS=29518, |S|=60000, Oracle MIS=29518, Improvement=0
n=60000, coeff=4.0, trial=6, GT MIS=30000, Greedy MIS=29518, |S|=59976, Oracle MIS=29479, Improvement=-39
n=60000, coeff=4.0, trial=6, GT MIS=30000, Greedy MIS=29518, |S|=59820, Oracle MIS=29233, Improvement=-285
n=60000, coeff=4.0, trial=6, GT MIS=30000, Greedy MIS=29518, |S|=58817, Oracle MIS=27497, Improvement=-2021
n=60000, coeff=4.0, trial=6, GT MIS=30000, Greedy MIS=29518, |S|=55761, Oracle MIS=29942, Improvement=424
n=60000, coeff=4.0, trial=6, GT MIS=30000, Greedy MIS=29518, |S|=49665, Oracle MIS=29998, Improvement=480
n=60000, coeff=4.0, trial=6, GT MIS=30000, Greedy MIS=29518, |S|=42217, Oracle MIS=29998, Improvement=480
n=60000, coeff=4.0, trial=6, GT MIS=30000, Greedy MIS=29518, |S|=35329, Oracle MIS=29994, Improvement=476
n=60000, coeff=4.0, trial=7, GT MIS=30000, Greedy MIS=29530, |S|=60000, Oracle MIS=29530, Improvement=0
n=60000, coeff=4.0, trial=7, GT MIS=30000, Greedy MIS=29530, |S|=60000, Oracle MIS=29530, Improvement=0
n=60000, coeff=4.0, trial=7, GT MIS=30000, Greedy MIS=29530, |S|=59999, Oracle MIS=29529, Improvement=-1
n=60000, coeff=4.0, trial=7, GT MIS=30000, Greedy MIS=29530, |S|=59980, Oracle MIS=29511, Improvement=-19
n=60000, coeff=4.0, trial=7, GT MIS=30000, Greedy MIS=29530, |S|=59826, Oracle MIS=29278, Improvement=-252
n=60000, coeff=4.0, trial=7, GT MIS=30000, Greedy MIS=29530, |S|=58852, Oracle MIS=27443, Improvement=-2087
n=60000, coeff=4.0, trial=7, GT MIS=30000, Greedy MIS=29530, |S|=55630, Oracle MIS=29898, Improvement=368
n=60000, coeff=4.0, trial=7, GT MIS=30000, Greedy MIS=29530, |S|=49388, Oracle MIS=29999, Improvement=469
n=60000, coeff=4.0, trial=7, GT MIS=30000, Greedy MIS=29530, |S|=42003, Oracle MIS=29997, Improvement=467
n=60000, coeff=4.0, trial=7, GT MIS=30000, Greedy MIS=29530, |S|=35168, Oracle MIS=29989, Improvement=459
n=60000, coeff=4.0, trial=8, GT MIS=30000, Greedy MIS=29496, |S|=60000, Oracle MIS=29496, Improvement=0
n=60000, coeff=4.0, trial=8, GT MIS=30000, Greedy MIS=29496, |S|=60000, Oracle MIS=29496, Improvement=0
n=60000, coeff=4.0, trial=8, GT MIS=30000, Greedy MIS=29496, |S|=59998, Oracle MIS=29494, Improvement=-2
n=60000, coeff=4.0, trial=8, GT MIS=30000, Greedy MIS=29496, |S|=59979, Oracle MIS=29460, Improvement=-36
n=60000, coeff=4.0, trial=8, GT MIS=30000, Greedy MIS=29496, |S|=59811, Oracle MIS=29178, Improvement=-318
n=60000, coeff=4.0, trial=8, GT MIS=30000, Greedy MIS=29496, |S|=58885, Oracle MIS=27423, Improvement=-2073
n=60000, coeff=4.0, trial=8, GT MIS=30000, Greedy MIS=29496, |S|=55924, Oracle MIS=29864, Improvement=368
n=60000, coeff=4.0, trial=8, GT MIS=30000, Greedy MIS=29496, |S|=49738, Oracle MIS=29997, Improvement=501
n=60000, coeff=4.0, trial=8, GT MIS=30000, Greedy MIS=29496, |S|=42130, Oracle MIS=29999, Improvement=503
n=60000, coeff=4.0, trial=8, GT MIS=30000, Greedy MIS=29496, |S|=35309, Oracle MIS=29996, Improvement=500
n=60000, coeff=4.0, trial=9, GT MIS=30000, Greedy MIS=29532, |S|=60000, Oracle MIS=29532, Improvement=0
n=60000, coeff=4.0, trial=9, GT MIS=30000, Greedy MIS=29532, |S|=60000, Oracle MIS=29532, Improvement=0
n=60000, coeff=4.0, trial=9, GT MIS=30000, Greedy MIS=29532, |S|=59998, Oracle MIS=29530, Improvement=-2
n=60000, coeff=4.0, trial=9, GT MIS=30000, Greedy MIS=29532, |S|=59982, Oracle MIS=29507, Improvement=-25
n=60000, coeff=4.0, trial=9, GT MIS=30000, Greedy MIS=29532, |S|=59821, Oracle MIS=29302, Improvement=-230
n=60000, coeff=4.0, trial=9, GT MIS=30000, Greedy MIS=29532, |S|=58930, Oracle MIS=27734, Improvement=-1798
n=60000, coeff=4.0, trial=9, GT MIS=30000, Greedy MIS=29532, |S|=56188, Oracle MIS=29835, Improvement=303
n=60000, coeff=4.0, trial=9, GT MIS=30000, Greedy MIS=29532, |S|=49975, Oracle MIS=30000, Improvement=468
n=60000, coeff=4.0, trial=9, GT MIS=30000, Greedy MIS=29532, |S|=42495, Oracle MIS=29999, Improvement=467
n=60000, coeff=4.0, trial=9, GT MIS=30000, Greedy MIS=29532, |S|=35540, Oracle MIS=29994, Improvement=462
Results saved to bipartite_experiment_results_epislons_60000.csv
