Running job on compute-1-05
Requested resources:
  - CPUs: 18
  - GPUs: 
  - Memory: 18000
n=65000, coeff=10.0, trial=0, GT MIS=32500, Greedy MIS=31771, |S|=65000, Oracle MIS=31771, Improvement=0
n=65000, coeff=10.0, trial=0, GT MIS=32500, Greedy MIS=31771, |S|=65000, Oracle MIS=31771, Improvement=0
n=65000, coeff=10.0, trial=0, GT MIS=32500, Greedy MIS=31771, |S|=65000, Oracle MIS=31771, Improvement=0
n=65000, coeff=10.0, trial=0, GT MIS=32500, Greedy MIS=31771, |S|=64962, Oracle MIS=31703, Improvement=-68
n=65000, coeff=10.0, trial=0, GT MIS=32500, Greedy MIS=31771, |S|=64329, Oracle MIS=31864, Improvement=93
n=65000, coeff=10.0, trial=0, GT MIS=32500, Greedy MIS=31771, |S|=60164, Oracle MIS=32500, Improvement=729
n=65000, coeff=10.0, trial=0, GT MIS=32500, Greedy MIS=31771, |S|=48954, Oracle MIS=32500, Improvement=729
n=65000, coeff=10.0, trial=0, GT MIS=32500, Greedy MIS=31771, |S|=38093, Oracle MIS=32500, Improvement=729
n=65000, coeff=10.0, trial=0, GT MIS=32500, Greedy MIS=31771, |S|=33577, Oracle MIS=32500, Improvement=729
n=65000, coeff=10.0, trial=0, GT MIS=32500, Greedy MIS=31771, |S|=32594, Oracle MIS=32500, Improvement=729
n=65000, coeff=10.0, trial=1, GT MIS=32500, Greedy MIS=32159, |S|=65000, Oracle MIS=32159, Improvement=0
n=65000, coeff=10.0, trial=1, GT MIS=32500, Greedy MIS=32159, |S|=65000, Oracle MIS=32159, Improvement=0
n=65000, coeff=10.0, trial=1, GT MIS=32500, Greedy MIS=32159, |S|=65000, Oracle MIS=32159, Improvement=0
n=65000, coeff=10.0, trial=1, GT MIS=32500, Greedy MIS=32159, |S|=64981, Oracle MIS=32141, Improvement=-18
n=65000, coeff=10.0, trial=1, GT MIS=32500, Greedy MIS=32159, |S|=64388, Oracle MIS=31138, Improvement=-1021
n=65000, coeff=10.0, trial=1, GT MIS=32500, Greedy MIS=32159, |S|=60296, Oracle MIS=32500, Improvement=341
n=65000, coeff=10.0, trial=1, GT MIS=32500, Greedy MIS=32159, |S|=49309, Oracle MIS=32500, Improvement=341
n=65000, coeff=10.0, trial=1, GT MIS=32500, Greedy MIS=32159, |S|=38597, Oracle MIS=32500, Improvement=341
n=65000, coeff=10.0, trial=1, GT MIS=32500, Greedy MIS=32159, |S|=33576, Oracle MIS=32500, Improvement=341
n=65000, coeff=10.0, trial=1, GT MIS=32500, Greedy MIS=32159, |S|=32591, Oracle MIS=32499, Improvement=340
n=65000, coeff=10.0, trial=2, GT MIS=32500, Greedy MIS=30635, |S|=65000, Oracle MIS=30635, Improvement=0
n=65000, coeff=10.0, trial=2, GT MIS=32500, Greedy MIS=30635, |S|=65000, Oracle MIS=30635, Improvement=0
n=65000, coeff=10.0, trial=2, GT MIS=32500, Greedy MIS=30635, |S|=64998, Oracle MIS=30633, Improvement=-2
n=65000, coeff=10.0, trial=2, GT MIS=32500, Greedy MIS=30635, |S|=64972, Oracle MIS=30609, Improvement=-26
n=65000, coeff=10.0, trial=2, GT MIS=32500, Greedy MIS=30635, |S|=64356, Oracle MIS=31445, Improvement=810
n=65000, coeff=10.0, trial=2, GT MIS=32500, Greedy MIS=30635, |S|=59946, Oracle MIS=32500, Improvement=1865
n=65000, coeff=10.0, trial=2, GT MIS=32500, Greedy MIS=30635, |S|=48861, Oracle MIS=32500, Improvement=1865
n=65000, coeff=10.0, trial=2, GT MIS=32500, Greedy MIS=30635, |S|=38087, Oracle MIS=32500, Improvement=1865
n=65000, coeff=10.0, trial=2, GT MIS=32500, Greedy MIS=30635, |S|=33547, Oracle MIS=32500, Improvement=1865
n=65000, coeff=10.0, trial=2, GT MIS=32500, Greedy MIS=30635, |S|=32592, Oracle MIS=32499, Improvement=1864
n=65000, coeff=10.0, trial=3, GT MIS=32500, Greedy MIS=32242, |S|=65000, Oracle MIS=32242, Improvement=0
n=65000, coeff=10.0, trial=3, GT MIS=32500, Greedy MIS=32242, |S|=65000, Oracle MIS=32242, Improvement=0
n=65000, coeff=10.0, trial=3, GT MIS=32500, Greedy MIS=32242, |S|=65000, Oracle MIS=32242, Improvement=0
n=65000, coeff=10.0, trial=3, GT MIS=32500, Greedy MIS=32242, |S|=64970, Oracle MIS=32183, Improvement=-59
n=65000, coeff=10.0, trial=3, GT MIS=32500, Greedy MIS=32242, |S|=64350, Oracle MIS=31393, Improvement=-849
n=65000, coeff=10.0, trial=3, GT MIS=32500, Greedy MIS=32242, |S|=60263, Oracle MIS=32500, Improvement=258
n=65000, coeff=10.0, trial=3, GT MIS=32500, Greedy MIS=32242, |S|=49187, Oracle MIS=32500, Improvement=258
n=65000, coeff=10.0, trial=3, GT MIS=32500, Greedy MIS=32242, |S|=38299, Oracle MIS=32500, Improvement=258
n=65000, coeff=10.0, trial=3, GT MIS=32500, Greedy MIS=32242, |S|=33582, Oracle MIS=32500, Improvement=258
n=65000, coeff=10.0, trial=3, GT MIS=32500, Greedy MIS=32242, |S|=32614, Oracle MIS=32500, Improvement=258
n=65000, coeff=10.0, trial=4, GT MIS=32500, Greedy MIS=31993, |S|=65000, Oracle MIS=31993, Improvement=0
n=65000, coeff=10.0, trial=4, GT MIS=32500, Greedy MIS=31993, |S|=65000, Oracle MIS=31993, Improvement=0
n=65000, coeff=10.0, trial=4, GT MIS=32500, Greedy MIS=31993, |S|=65000, Oracle MIS=31993, Improvement=0
n=65000, coeff=10.0, trial=4, GT MIS=32500, Greedy MIS=31993, |S|=64971, Oracle MIS=31966, Improvement=-27
n=65000, coeff=10.0, trial=4, GT MIS=32500, Greedy MIS=31993, |S|=64352, Oracle MIS=32080, Improvement=87
n=65000, coeff=10.0, trial=4, GT MIS=32500, Greedy MIS=31993, |S|=59817, Oracle MIS=32500, Improvement=507
n=65000, coeff=10.0, trial=4, GT MIS=32500, Greedy MIS=31993, |S|=48795, Oracle MIS=32500, Improvement=507
n=65000, coeff=10.0, trial=4, GT MIS=32500, Greedy MIS=31993, |S|=38362, Oracle MIS=32500, Improvement=507
n=65000, coeff=10.0, trial=4, GT MIS=32500, Greedy MIS=31993, |S|=33524, Oracle MIS=32500, Improvement=507
n=65000, coeff=10.0, trial=4, GT MIS=32500, Greedy MIS=31993, |S|=32595, Oracle MIS=32499, Improvement=506
n=65000, coeff=10.0, trial=5, GT MIS=32500, Greedy MIS=30547, |S|=65000, Oracle MIS=30547, Improvement=0
n=65000, coeff=10.0, trial=5, GT MIS=32500, Greedy MIS=30547, |S|=65000, Oracle MIS=30547, Improvement=0
n=65000, coeff=10.0, trial=5, GT MIS=32500, Greedy MIS=30547, |S|=65000, Oracle MIS=30547, Improvement=0
n=65000, coeff=10.0, trial=5, GT MIS=32500, Greedy MIS=30547, |S|=64980, Oracle MIS=30499, Improvement=-48
n=65000, coeff=10.0, trial=5, GT MIS=32500, Greedy MIS=30547, |S|=64457, Oracle MIS=31711, Improvement=1164
n=65000, coeff=10.0, trial=5, GT MIS=32500, Greedy MIS=30547, |S|=60508, Oracle MIS=32500, Improvement=1953
n=65000, coeff=10.0, trial=5, GT MIS=32500, Greedy MIS=30547, |S|=49448, Oracle MIS=32500, Improvement=1953
n=65000, coeff=10.0, trial=5, GT MIS=32500, Greedy MIS=30547, |S|=38491, Oracle MIS=32500, Improvement=1953
n=65000, coeff=10.0, trial=5, GT MIS=32500, Greedy MIS=30547, |S|=33621, Oracle MIS=32500, Improvement=1953
n=65000, coeff=10.0, trial=5, GT MIS=32500, Greedy MIS=30547, |S|=32612, Oracle MIS=32500, Improvement=1953
n=65000, coeff=10.0, trial=6, GT MIS=32500, Greedy MIS=31981, |S|=65000, Oracle MIS=31981, Improvement=0
n=65000, coeff=10.0, trial=6, GT MIS=32500, Greedy MIS=31981, |S|=65000, Oracle MIS=31981, Improvement=0
n=65000, coeff=10.0, trial=6, GT MIS=32500, Greedy MIS=31981, |S|=65000, Oracle MIS=31981, Improvement=0
n=65000, coeff=10.0, trial=6, GT MIS=32500, Greedy MIS=31981, |S|=64970, Oracle MIS=31892, Improvement=-89
n=65000, coeff=10.0, trial=6, GT MIS=32500, Greedy MIS=31981, |S|=64248, Oracle MIS=31219, Improvement=-762
n=65000, coeff=10.0, trial=6, GT MIS=32500, Greedy MIS=31981, |S|=59794, Oracle MIS=32500, Improvement=519
n=65000, coeff=10.0, trial=6, GT MIS=32500, Greedy MIS=31981, |S|=48643, Oracle MIS=32500, Improvement=519
n=65000, coeff=10.0, trial=6, GT MIS=32500, Greedy MIS=31981, |S|=37965, Oracle MIS=32500, Improvement=519
n=65000, coeff=10.0, trial=6, GT MIS=32500, Greedy MIS=31981, |S|=33463, Oracle MIS=32500, Improvement=519
n=65000, coeff=10.0, trial=6, GT MIS=32500, Greedy MIS=31981, |S|=32599, Oracle MIS=32499, Improvement=518
n=65000, coeff=10.0, trial=7, GT MIS=32500, Greedy MIS=32036, |S|=65000, Oracle MIS=32036, Improvement=0
n=65000, coeff=10.0, trial=7, GT MIS=32500, Greedy MIS=32036, |S|=65000, Oracle MIS=32036, Improvement=0
n=65000, coeff=10.0, trial=7, GT MIS=32500, Greedy MIS=32036, |S|=65000, Oracle MIS=32036, Improvement=0
n=65000, coeff=10.0, trial=7, GT MIS=32500, Greedy MIS=32036, |S|=64974, Oracle MIS=32011, Improvement=-25
n=65000, coeff=10.0, trial=7, GT MIS=32500, Greedy MIS=32036, |S|=64350, Oracle MIS=32063, Improvement=27
n=65000, coeff=10.0, trial=7, GT MIS=32500, Greedy MIS=32036, |S|=59971, Oracle MIS=32476, Improvement=440
n=65000, coeff=10.0, trial=7, GT MIS=32500, Greedy MIS=32036, |S|=48856, Oracle MIS=32500, Improvement=464
n=65000, coeff=10.0, trial=7, GT MIS=32500, Greedy MIS=32036, |S|=37971, Oracle MIS=32500, Improvement=464
n=65000, coeff=10.0, trial=7, GT MIS=32500, Greedy MIS=32036, |S|=33485, Oracle MIS=32500, Improvement=464
n=65000, coeff=10.0, trial=7, GT MIS=32500, Greedy MIS=32036, |S|=32606, Oracle MIS=32500, Improvement=464
n=65000, coeff=10.0, trial=8, GT MIS=32500, Greedy MIS=32090, |S|=65000, Oracle MIS=32090, Improvement=0
n=65000, coeff=10.0, trial=8, GT MIS=32500, Greedy MIS=32090, |S|=65000, Oracle MIS=32090, Improvement=0
n=65000, coeff=10.0, trial=8, GT MIS=32500, Greedy MIS=32090, |S|=65000, Oracle MIS=32090, Improvement=0
n=65000, coeff=10.0, trial=8, GT MIS=32500, Greedy MIS=32090, |S|=64968, Oracle MIS=32060, Improvement=-30
n=65000, coeff=10.0, trial=8, GT MIS=32500, Greedy MIS=32090, |S|=64276, Oracle MIS=31915, Improvement=-175
n=65000, coeff=10.0, trial=8, GT MIS=32500, Greedy MIS=32090, |S|=60041, Oracle MIS=32477, Improvement=387
n=65000, coeff=10.0, trial=8, GT MIS=32500, Greedy MIS=32090, |S|=48832, Oracle MIS=32500, Improvement=410
n=65000, coeff=10.0, trial=8, GT MIS=32500, Greedy MIS=32090, |S|=38118, Oracle MIS=32500, Improvement=410
n=65000, coeff=10.0, trial=8, GT MIS=32500, Greedy MIS=32090, |S|=33551, Oracle MIS=32500, Improvement=410
n=65000, coeff=10.0, trial=8, GT MIS=32500, Greedy MIS=32090, |S|=32595, Oracle MIS=32500, Improvement=410
n=65000, coeff=10.0, trial=9, GT MIS=32500, Greedy MIS=31412, |S|=65000, Oracle MIS=31412, Improvement=0
n=65000, coeff=10.0, trial=9, GT MIS=32500, Greedy MIS=31412, |S|=65000, Oracle MIS=31412, Improvement=0
n=65000, coeff=10.0, trial=9, GT MIS=32500, Greedy MIS=31412, |S|=65000, Oracle MIS=31412, Improvement=0
n=65000, coeff=10.0, trial=9, GT MIS=32500, Greedy MIS=31412, |S|=64960, Oracle MIS=31342, Improvement=-70
n=65000, coeff=10.0, trial=9, GT MIS=32500, Greedy MIS=31412, |S|=64320, Oracle MIS=31489, Improvement=77
n=65000, coeff=10.0, trial=9, GT MIS=32500, Greedy MIS=31412, |S|=59641, Oracle MIS=32476, Improvement=1064
n=65000, coeff=10.0, trial=9, GT MIS=32500, Greedy MIS=31412, |S|=48287, Oracle MIS=32500, Improvement=1088
n=65000, coeff=10.0, trial=9, GT MIS=32500, Greedy MIS=31412, |S|=37852, Oracle MIS=32500, Improvement=1088
n=65000, coeff=10.0, trial=9, GT MIS=32500, Greedy MIS=31412, |S|=33390, Oracle MIS=32500, Improvement=1088
n=65000, coeff=10.0, trial=9, GT MIS=32500, Greedy MIS=31412, |S|=32590, Oracle MIS=32500, Improvement=1088
Results saved to bipartite_experiment_results_epislons_65000.csv
