Running job on compute-0-01
Requested resources:
  - CPUs: 64
  - GPUs: 
  - Memory: 48000
n=10000, coeff=1, trial=0, GT MIS=5058, Greedy MIS=5055, |S|=10000, Oracle MIS=5055, Improvement=0
n=10000, coeff=1, trial=0, GT MIS=5058, Greedy MIS=5055, |S|=10000, Oracle MIS=5055, Improvement=0
n=10000, coeff=1, trial=0, GT MIS=5058, Greedy MIS=5055, |S|=9991, Oracle MIS=5049, Improvement=-6
n=10000, coeff=1, trial=0, GT MIS=5058, Greedy MIS=5055, |S|=9977, Oracle MIS=5036, Improvement=-19
n=10000, coeff=1, trial=0, GT MIS=5058, Greedy MIS=5055, |S|=9924, Oracle MIS=4991, Improvement=-64
n=10000, coeff=1, trial=0, GT MIS=5058, Greedy MIS=5055, |S|=9812, Oracle MIS=4896, Improvement=-159
n=10000, coeff=1, trial=0, GT MIS=5058, Greedy MIS=5055, |S|=9651, Oracle MIS=4763, Improvement=-292
n=10000, coeff=1, trial=0, GT MIS=5058, Greedy MIS=5055, |S|=9138, Oracle MIS=4409, Improvement=-646
n=10000, coeff=1, trial=0, GT MIS=5058, Greedy MIS=5055, |S|=8856, Oracle MIS=5042, Improvement=-13
n=10000, coeff=1, trial=0, GT MIS=5058, Greedy MIS=5055, |S|=8012, Oracle MIS=5029, Improvement=-26
n=10000, coeff=1, trial=1, GT MIS=5065, Greedy MIS=5053, |S|=10000, Oracle MIS=5053, Improvement=0
n=10000, coeff=1, trial=1, GT MIS=5065, Greedy MIS=5053, |S|=9998, Oracle MIS=5052, Improvement=-1
n=10000, coeff=1, trial=1, GT MIS=5065, Greedy MIS=5053, |S|=9992, Oracle MIS=5048, Improvement=-5
n=10000, coeff=1, trial=1, GT MIS=5065, Greedy MIS=5053, |S|=9970, Oracle MIS=5036, Improvement=-17
n=10000, coeff=1, trial=1, GT MIS=5065, Greedy MIS=5053, |S|=9927, Oracle MIS=4998, Improvement=-55
n=10000, coeff=1, trial=1, GT MIS=5065, Greedy MIS=5053, |S|=9822, Oracle MIS=4915, Improvement=-138
n=10000, coeff=1, trial=1, GT MIS=5065, Greedy MIS=5053, |S|=9608, Oracle MIS=4744, Improvement=-309
n=10000, coeff=1, trial=1, GT MIS=5065, Greedy MIS=5053, |S|=9131, Oracle MIS=5052, Improvement=-1
n=10000, coeff=1, trial=1, GT MIS=5065, Greedy MIS=5053, |S|=8586, Oracle MIS=5046, Improvement=-7
n=10000, coeff=1, trial=1, GT MIS=5065, Greedy MIS=5053, |S|=8037, Oracle MIS=5040, Improvement=-13
n=10000, coeff=1, trial=2, GT MIS=5065, Greedy MIS=5065, |S|=10000, Oracle MIS=5065, Improvement=0
n=10000, coeff=1, trial=2, GT MIS=5065, Greedy MIS=5065, |S|=10000, Oracle MIS=5065, Improvement=0
n=10000, coeff=1, trial=2, GT MIS=5065, Greedy MIS=5065, |S|=9997, Oracle MIS=5065, Improvement=0
n=10000, coeff=1, trial=2, GT MIS=5065, Greedy MIS=5065, |S|=9979, Oracle MIS=5065, Improvement=0
n=10000, coeff=1, trial=2, GT MIS=5065, Greedy MIS=5065, |S|=9917, Oracle MIS=5065, Improvement=0
n=10000, coeff=1, trial=2, GT MIS=5065, Greedy MIS=5065, |S|=9810, Oracle MIS=5062, Improvement=-3
n=10000, coeff=1, trial=2, GT MIS=5065, Greedy MIS=5065, |S|=9691, Oracle MIS=5057, Improvement=-8
n=10000, coeff=1, trial=2, GT MIS=5065, Greedy MIS=5065, |S|=9220, Oracle MIS=5045, Improvement=-20
n=10000, coeff=1, trial=2, GT MIS=5065, Greedy MIS=5065, |S|=8974, Oracle MIS=5044, Improvement=-21
n=10000, coeff=1, trial=2, GT MIS=5065, Greedy MIS=5065, |S|=8187, Oracle MIS=5025, Improvement=-40
n=10000, coeff=1, trial=3, GT MIS=5060, Greedy MIS=5059, |S|=10000, Oracle MIS=5059, Improvement=0
n=10000, coeff=1, trial=3, GT MIS=5060, Greedy MIS=5059, |S|=9998, Oracle MIS=5058, Improvement=-1
n=10000, coeff=1, trial=3, GT MIS=5060, Greedy MIS=5059, |S|=9992, Oracle MIS=5053, Improvement=-6
n=10000, coeff=1, trial=3, GT MIS=5060, Greedy MIS=5059, |S|=9977, Oracle MIS=5042, Improvement=-17
n=10000, coeff=1, trial=3, GT MIS=5060, Greedy MIS=5059, |S|=9937, Oracle MIS=5007, Improvement=-52
n=10000, coeff=1, trial=3, GT MIS=5060, Greedy MIS=5059, |S|=9792, Oracle MIS=4881, Improvement=-178
n=10000, coeff=1, trial=3, GT MIS=5060, Greedy MIS=5059, |S|=9619, Oracle MIS=4746, Improvement=-313
n=10000, coeff=1, trial=3, GT MIS=5060, Greedy MIS=5059, |S|=9290, Oracle MIS=4505, Improvement=-554
n=10000, coeff=1, trial=3, GT MIS=5060, Greedy MIS=5059, |S|=8774, Oracle MIS=5039, Improvement=-20
n=10000, coeff=1, trial=3, GT MIS=5060, Greedy MIS=5059, |S|=7901, Oracle MIS=5016, Improvement=-43
n=10000, coeff=1, trial=4, GT MIS=5057, Greedy MIS=5057, |S|=9999, Oracle MIS=5057, Improvement=0
n=10000, coeff=1, trial=4, GT MIS=5057, Greedy MIS=5057, |S|=9998, Oracle MIS=5057, Improvement=0
n=10000, coeff=1, trial=4, GT MIS=5057, Greedy MIS=5057, |S|=9995, Oracle MIS=5057, Improvement=0
n=10000, coeff=1, trial=4, GT MIS=5057, Greedy MIS=5057, |S|=9980, Oracle MIS=5056, Improvement=-1
n=10000, coeff=1, trial=4, GT MIS=5057, Greedy MIS=5057, |S|=9932, Oracle MIS=5055, Improvement=-2
n=10000, coeff=1, trial=4, GT MIS=5057, Greedy MIS=5057, |S|=9855, Oracle MIS=5055, Improvement=-2
n=10000, coeff=1, trial=4, GT MIS=5057, Greedy MIS=5057, |S|=9741, Oracle MIS=5053, Improvement=-4
n=10000, coeff=1, trial=4, GT MIS=5057, Greedy MIS=5057, |S|=9252, Oracle MIS=5042, Improvement=-15
n=10000, coeff=1, trial=4, GT MIS=5057, Greedy MIS=5057, |S|=9006, Oracle MIS=5038, Improvement=-19
n=10000, coeff=1, trial=4, GT MIS=5057, Greedy MIS=5057, |S|=8221, Oracle MIS=5016, Improvement=-41
n=10000, coeff=2, trial=0, GT MIS=5002, Greedy MIS=4719, |S|=10000, Oracle MIS=4719, Improvement=0
n=10000, coeff=2, trial=0, GT MIS=5002, Greedy MIS=4719, |S|=10000, Oracle MIS=4719, Improvement=0
n=10000, coeff=2, trial=0, GT MIS=5002, Greedy MIS=4719, |S|=10000, Oracle MIS=4719, Improvement=0
n=10000, coeff=2, trial=0, GT MIS=5002, Greedy MIS=4719, |S|=9995, Oracle MIS=4706, Improvement=-13
n=10000, coeff=2, trial=0, GT MIS=5002, Greedy MIS=4719, |S|=9971, Oracle MIS=4662, Improvement=-57
n=10000, coeff=2, trial=0, GT MIS=5002, Greedy MIS=4719, |S|=9863, Oracle MIS=4741, Improvement=22
n=10000, coeff=2, trial=0, GT MIS=5002, Greedy MIS=4719, |S|=9672, Oracle MIS=4744, Improvement=25
n=10000, coeff=2, trial=0, GT MIS=5002, Greedy MIS=4719, |S|=9266, Oracle MIS=4748, Improvement=29
n=10000, coeff=2, trial=0, GT MIS=5002, Greedy MIS=4719, |S|=8572, Oracle MIS=4968, Improvement=249
n=10000, coeff=2, trial=0, GT MIS=5002, Greedy MIS=4719, |S|=7671, Oracle MIS=4996, Improvement=277
n=10000, coeff=2, trial=1, GT MIS=5001, Greedy MIS=4677, |S|=10000, Oracle MIS=4677, Improvement=0
n=10000, coeff=2, trial=1, GT MIS=5001, Greedy MIS=4677, |S|=10000, Oracle MIS=4677, Improvement=0
n=10000, coeff=2, trial=1, GT MIS=5001, Greedy MIS=4677, |S|=10000, Oracle MIS=4677, Improvement=0
n=10000, coeff=2, trial=1, GT MIS=5001, Greedy MIS=4677, |S|=9994, Oracle MIS=4673, Improvement=-4
n=10000, coeff=2, trial=1, GT MIS=5001, Greedy MIS=4677, |S|=9976, Oracle MIS=4596, Improvement=-81
n=10000, coeff=2, trial=1, GT MIS=5001, Greedy MIS=4677, |S|=9878, Oracle MIS=4588, Improvement=-89
n=10000, coeff=2, trial=1, GT MIS=5001, Greedy MIS=4677, |S|=9656, Oracle MIS=4608, Improvement=-69
n=10000, coeff=2, trial=1, GT MIS=5001, Greedy MIS=4677, |S|=9148, Oracle MIS=4629, Improvement=-48
n=10000, coeff=2, trial=1, GT MIS=5001, Greedy MIS=4677, |S|=8255, Oracle MIS=4977, Improvement=300
n=10000, coeff=2, trial=1, GT MIS=5001, Greedy MIS=4677, |S|=7568, Oracle MIS=4993, Improvement=316
n=10000, coeff=2, trial=2, GT MIS=5000, Greedy MIS=4774, |S|=10000, Oracle MIS=4774, Improvement=0
n=10000, coeff=2, trial=2, GT MIS=5000, Greedy MIS=4774, |S|=10000, Oracle MIS=4774, Improvement=0
n=10000, coeff=2, trial=2, GT MIS=5000, Greedy MIS=4774, |S|=9999, Oracle MIS=4773, Improvement=-1
n=10000, coeff=2, trial=2, GT MIS=5000, Greedy MIS=4774, |S|=9993, Oracle MIS=4735, Improvement=-39
n=10000, coeff=2, trial=2, GT MIS=5000, Greedy MIS=4774, |S|=9968, Oracle MIS=4696, Improvement=-78
n=10000, coeff=2, trial=2, GT MIS=5000, Greedy MIS=4774, |S|=9873, Oracle MIS=4799, Improvement=25
n=10000, coeff=2, trial=2, GT MIS=5000, Greedy MIS=4774, |S|=9664, Oracle MIS=4799, Improvement=25
n=10000, coeff=2, trial=2, GT MIS=5000, Greedy MIS=4774, |S|=9246, Oracle MIS=4800, Improvement=26
n=10000, coeff=2, trial=2, GT MIS=5000, Greedy MIS=4774, |S|=8389, Oracle MIS=4970, Improvement=196
n=10000, coeff=2, trial=2, GT MIS=5000, Greedy MIS=4774, |S|=7702, Oracle MIS=4997, Improvement=223
n=10000, coeff=2, trial=3, GT MIS=5000, Greedy MIS=4718, |S|=10000, Oracle MIS=4718, Improvement=0
n=10000, coeff=2, trial=3, GT MIS=5000, Greedy MIS=4718, |S|=10000, Oracle MIS=4718, Improvement=0
n=10000, coeff=2, trial=3, GT MIS=5000, Greedy MIS=4718, |S|=10000, Oracle MIS=4718, Improvement=0
n=10000, coeff=2, trial=3, GT MIS=5000, Greedy MIS=4718, |S|=9995, Oracle MIS=4715, Improvement=-3
n=10000, coeff=2, trial=3, GT MIS=5000, Greedy MIS=4718, |S|=9957, Oracle MIS=4523, Improvement=-195
n=10000, coeff=2, trial=3, GT MIS=5000, Greedy MIS=4718, |S|=9833, Oracle MIS=4741, Improvement=23
n=10000, coeff=2, trial=3, GT MIS=5000, Greedy MIS=4718, |S|=9613, Oracle MIS=4741, Improvement=23
n=10000, coeff=2, trial=3, GT MIS=5000, Greedy MIS=4718, |S|=9147, Oracle MIS=4732, Improvement=14
n=10000, coeff=2, trial=3, GT MIS=5000, Greedy MIS=4718, |S|=8411, Oracle MIS=4973, Improvement=255
n=10000, coeff=2, trial=3, GT MIS=5000, Greedy MIS=4718, |S|=7539, Oracle MIS=4993, Improvement=275
n=10000, coeff=2, trial=4, GT MIS=5000, Greedy MIS=4759, |S|=10000, Oracle MIS=4759, Improvement=0
n=10000, coeff=2, trial=4, GT MIS=5000, Greedy MIS=4759, |S|=10000, Oracle MIS=4759, Improvement=0
n=10000, coeff=2, trial=4, GT MIS=5000, Greedy MIS=4759, |S|=10000, Oracle MIS=4759, Improvement=0
n=10000, coeff=2, trial=4, GT MIS=5000, Greedy MIS=4759, |S|=9993, Oracle MIS=4748, Improvement=-11
n=10000, coeff=2, trial=4, GT MIS=5000, Greedy MIS=4759, |S|=9970, Oracle MIS=4650, Improvement=-109
n=10000, coeff=2, trial=4, GT MIS=5000, Greedy MIS=4759, |S|=9860, Oracle MIS=4742, Improvement=-17
n=10000, coeff=2, trial=4, GT MIS=5000, Greedy MIS=4759, |S|=9645, Oracle MIS=4741, Improvement=-18
n=10000, coeff=2, trial=4, GT MIS=5000, Greedy MIS=4759, |S|=9197, Oracle MIS=4743, Improvement=-16
n=10000, coeff=2, trial=4, GT MIS=5000, Greedy MIS=4759, |S|=8367, Oracle MIS=4975, Improvement=216
n=10000, coeff=2, trial=4, GT MIS=5000, Greedy MIS=4759, |S|=7608, Oracle MIS=4992, Improvement=233
n=10000, coeff=3, trial=0, GT MIS=5000, Greedy MIS=4868, |S|=10000, Oracle MIS=4868, Improvement=0
n=10000, coeff=3, trial=0, GT MIS=5000, Greedy MIS=4868, |S|=10000, Oracle MIS=4868, Improvement=0
n=10000, coeff=3, trial=0, GT MIS=5000, Greedy MIS=4868, |S|=10000, Oracle MIS=4868, Improvement=0
n=10000, coeff=3, trial=0, GT MIS=5000, Greedy MIS=4868, |S|=9999, Oracle MIS=4867, Improvement=-1
n=10000, coeff=3, trial=0, GT MIS=5000, Greedy MIS=4868, |S|=9973, Oracle MIS=4772, Improvement=-96
n=10000, coeff=3, trial=0, GT MIS=5000, Greedy MIS=4868, |S|=9896, Oracle MIS=4580, Improvement=-288
n=10000, coeff=3, trial=0, GT MIS=5000, Greedy MIS=4868, |S|=9633, Oracle MIS=4827, Improvement=-41
n=10000, coeff=3, trial=0, GT MIS=5000, Greedy MIS=4868, |S|=9058, Oracle MIS=4961, Improvement=93
n=10000, coeff=3, trial=0, GT MIS=5000, Greedy MIS=4868, |S|=8096, Oracle MIS=4991, Improvement=123
n=10000, coeff=3, trial=0, GT MIS=5000, Greedy MIS=4868, |S|=7029, Oracle MIS=4996, Improvement=128
n=10000, coeff=3, trial=1, GT MIS=5000, Greedy MIS=4857, |S|=10000, Oracle MIS=4857, Improvement=0
n=10000, coeff=3, trial=1, GT MIS=5000, Greedy MIS=4857, |S|=10000, Oracle MIS=4857, Improvement=0
n=10000, coeff=3, trial=1, GT MIS=5000, Greedy MIS=4857, |S|=10000, Oracle MIS=4857, Improvement=0
n=10000, coeff=3, trial=1, GT MIS=5000, Greedy MIS=4857, |S|=9997, Oracle MIS=4854, Improvement=-3
n=10000, coeff=3, trial=1, GT MIS=5000, Greedy MIS=4857, |S|=9974, Oracle MIS=4817, Improvement=-40
n=10000, coeff=3, trial=1, GT MIS=5000, Greedy MIS=4857, |S|=9873, Oracle MIS=4571, Improvement=-286
n=10000, coeff=3, trial=1, GT MIS=5000, Greedy MIS=4857, |S|=9559, Oracle MIS=4841, Improvement=-16
n=10000, coeff=3, trial=1, GT MIS=5000, Greedy MIS=4857, |S|=8848, Oracle MIS=4973, Improvement=116
n=10000, coeff=3, trial=1, GT MIS=5000, Greedy MIS=4857, |S|=7799, Oracle MIS=5000, Improvement=143
n=10000, coeff=3, trial=1, GT MIS=5000, Greedy MIS=4857, |S|=6880, Oracle MIS=4998, Improvement=141
n=10000, coeff=3, trial=2, GT MIS=5000, Greedy MIS=4850, |S|=10000, Oracle MIS=4850, Improvement=0
n=10000, coeff=3, trial=2, GT MIS=5000, Greedy MIS=4850, |S|=10000, Oracle MIS=4850, Improvement=0
n=10000, coeff=3, trial=2, GT MIS=5000, Greedy MIS=4850, |S|=9999, Oracle MIS=4849, Improvement=-1
n=10000, coeff=3, trial=2, GT MIS=5000, Greedy MIS=4850, |S|=9996, Oracle MIS=4838, Improvement=-12
n=10000, coeff=3, trial=2, GT MIS=5000, Greedy MIS=4850, |S|=9977, Oracle MIS=4804, Improvement=-46
n=10000, coeff=3, trial=2, GT MIS=5000, Greedy MIS=4850, |S|=9882, Oracle MIS=4593, Improvement=-257
n=10000, coeff=3, trial=2, GT MIS=5000, Greedy MIS=4850, |S|=9572, Oracle MIS=4820, Improvement=-30
n=10000, coeff=3, trial=2, GT MIS=5000, Greedy MIS=4850, |S|=9028, Oracle MIS=4975, Improvement=125
n=10000, coeff=3, trial=2, GT MIS=5000, Greedy MIS=4850, |S|=8041, Oracle MIS=4996, Improvement=146
n=10000, coeff=3, trial=2, GT MIS=5000, Greedy MIS=4850, |S|=7060, Oracle MIS=4997, Improvement=147
n=10000, coeff=3, trial=3, GT MIS=5000, Greedy MIS=4864, |S|=10000, Oracle MIS=4864, Improvement=0
n=10000, coeff=3, trial=3, GT MIS=5000, Greedy MIS=4864, |S|=10000, Oracle MIS=4864, Improvement=0
n=10000, coeff=3, trial=3, GT MIS=5000, Greedy MIS=4864, |S|=9999, Oracle MIS=4863, Improvement=-1
n=10000, coeff=3, trial=3, GT MIS=5000, Greedy MIS=4864, |S|=9995, Oracle MIS=4839, Improvement=-25
n=10000, coeff=3, trial=3, GT MIS=5000, Greedy MIS=4864, |S|=9966, Oracle MIS=4791, Improvement=-73
n=10000, coeff=3, trial=3, GT MIS=5000, Greedy MIS=4864, |S|=9871, Oracle MIS=4516, Improvement=-348
n=10000, coeff=3, trial=3, GT MIS=5000, Greedy MIS=4864, |S|=9510, Oracle MIS=4869, Improvement=5
n=10000, coeff=3, trial=3, GT MIS=5000, Greedy MIS=4864, |S|=8878, Oracle MIS=4964, Improvement=100
n=10000, coeff=3, trial=3, GT MIS=5000, Greedy MIS=4864, |S|=7849, Oracle MIS=4998, Improvement=134
n=10000, coeff=3, trial=3, GT MIS=5000, Greedy MIS=4864, |S|=6869, Oracle MIS=4998, Improvement=134
n=10000, coeff=3, trial=4, GT MIS=5000, Greedy MIS=4869, |S|=10000, Oracle MIS=4869, Improvement=0
n=10000, coeff=3, trial=4, GT MIS=5000, Greedy MIS=4869, |S|=10000, Oracle MIS=4869, Improvement=0
n=10000, coeff=3, trial=4, GT MIS=5000, Greedy MIS=4869, |S|=10000, Oracle MIS=4869, Improvement=0
n=10000, coeff=3, trial=4, GT MIS=5000, Greedy MIS=4869, |S|=9998, Oracle MIS=4867, Improvement=-2
n=10000, coeff=3, trial=4, GT MIS=5000, Greedy MIS=4869, |S|=9969, Oracle MIS=4814, Improvement=-55
n=10000, coeff=3, trial=4, GT MIS=5000, Greedy MIS=4869, |S|=9877, Oracle MIS=4581, Improvement=-288
n=10000, coeff=3, trial=4, GT MIS=5000, Greedy MIS=4869, |S|=9510, Oracle MIS=4872, Improvement=3
n=10000, coeff=3, trial=4, GT MIS=5000, Greedy MIS=4869, |S|=8894, Oracle MIS=4982, Improvement=113
n=10000, coeff=3, trial=4, GT MIS=5000, Greedy MIS=4869, |S|=7903, Oracle MIS=4999, Improvement=130
n=10000, coeff=3, trial=4, GT MIS=5000, Greedy MIS=4869, |S|=6911, Oracle MIS=4998, Improvement=129
n=10000, coeff=4, trial=0, GT MIS=5000, Greedy MIS=4874, |S|=10000, Oracle MIS=4874, Improvement=0
n=10000, coeff=4, trial=0, GT MIS=5000, Greedy MIS=4874, |S|=10000, Oracle MIS=4874, Improvement=0
n=10000, coeff=4, trial=0, GT MIS=5000, Greedy MIS=4874, |S|=10000, Oracle MIS=4874, Improvement=0
n=10000, coeff=4, trial=0, GT MIS=5000, Greedy MIS=4874, |S|=9998, Oracle MIS=4872, Improvement=-2
n=10000, coeff=4, trial=0, GT MIS=5000, Greedy MIS=4874, |S|=9976, Oracle MIS=4850, Improvement=-24
n=10000, coeff=4, trial=0, GT MIS=5000, Greedy MIS=4874, |S|=9868, Oracle MIS=4661, Improvement=-213
n=10000, coeff=4, trial=0, GT MIS=5000, Greedy MIS=4874, |S|=9513, Oracle MIS=4943, Improvement=69
n=10000, coeff=4, trial=0, GT MIS=5000, Greedy MIS=4874, |S|=8814, Oracle MIS=4989, Improvement=115
n=10000, coeff=4, trial=0, GT MIS=5000, Greedy MIS=4874, |S|=7587, Oracle MIS=4999, Improvement=125
n=10000, coeff=4, trial=0, GT MIS=5000, Greedy MIS=4874, |S|=6403, Oracle MIS=4999, Improvement=125
n=10000, coeff=4, trial=1, GT MIS=5000, Greedy MIS=4938, |S|=10000, Oracle MIS=4938, Improvement=0
n=10000, coeff=4, trial=1, GT MIS=5000, Greedy MIS=4938, |S|=10000, Oracle MIS=4938, Improvement=0
n=10000, coeff=4, trial=1, GT MIS=5000, Greedy MIS=4938, |S|=10000, Oracle MIS=4938, Improvement=0
n=10000, coeff=4, trial=1, GT MIS=5000, Greedy MIS=4938, |S|=9996, Oracle MIS=4928, Improvement=-10
n=10000, coeff=4, trial=1, GT MIS=5000, Greedy MIS=4938, |S|=9978, Oracle MIS=4904, Improvement=-34
n=10000, coeff=4, trial=1, GT MIS=5000, Greedy MIS=4938, |S|=9834, Oracle MIS=4605, Improvement=-333
n=10000, coeff=4, trial=1, GT MIS=5000, Greedy MIS=4938, |S|=9409, Oracle MIS=4927, Improvement=-11
n=10000, coeff=4, trial=1, GT MIS=5000, Greedy MIS=4938, |S|=8486, Oracle MIS=4997, Improvement=59
n=10000, coeff=4, trial=1, GT MIS=5000, Greedy MIS=4938, |S|=7268, Oracle MIS=5000, Improvement=62
n=10000, coeff=4, trial=1, GT MIS=5000, Greedy MIS=4938, |S|=6287, Oracle MIS=4999, Improvement=61
n=10000, coeff=4, trial=2, GT MIS=5000, Greedy MIS=4920, |S|=10000, Oracle MIS=4920, Improvement=0
n=10000, coeff=4, trial=2, GT MIS=5000, Greedy MIS=4920, |S|=10000, Oracle MIS=4920, Improvement=0
n=10000, coeff=4, trial=2, GT MIS=5000, Greedy MIS=4920, |S|=9999, Oracle MIS=4919, Improvement=-1
n=10000, coeff=4, trial=2, GT MIS=5000, Greedy MIS=4920, |S|=9996, Oracle MIS=4916, Improvement=-4
n=10000, coeff=4, trial=2, GT MIS=5000, Greedy MIS=4920, |S|=9975, Oracle MIS=4890, Improvement=-30
n=10000, coeff=4, trial=2, GT MIS=5000, Greedy MIS=4920, |S|=9859, Oracle MIS=4709, Improvement=-211
n=10000, coeff=4, trial=2, GT MIS=5000, Greedy MIS=4920, |S|=9455, Oracle MIS=4869, Improvement=-51
n=10000, coeff=4, trial=2, GT MIS=5000, Greedy MIS=4920, |S|=8668, Oracle MIS=5000, Improvement=80
n=10000, coeff=4, trial=2, GT MIS=5000, Greedy MIS=4920, |S|=7509, Oracle MIS=5000, Improvement=80
n=10000, coeff=4, trial=2, GT MIS=5000, Greedy MIS=4920, |S|=6415, Oracle MIS=4999, Improvement=79
n=10000, coeff=4, trial=3, GT MIS=5000, Greedy MIS=4944, |S|=10000, Oracle MIS=4944, Improvement=0
n=10000, coeff=4, trial=3, GT MIS=5000, Greedy MIS=4944, |S|=10000, Oracle MIS=4944, Improvement=0
n=10000, coeff=4, trial=3, GT MIS=5000, Greedy MIS=4944, |S|=10000, Oracle MIS=4944, Improvement=0
n=10000, coeff=4, trial=3, GT MIS=5000, Greedy MIS=4944, |S|=9996, Oracle MIS=4940, Improvement=-4
n=10000, coeff=4, trial=3, GT MIS=5000, Greedy MIS=4944, |S|=9974, Oracle MIS=4907, Improvement=-37
n=10000, coeff=4, trial=3, GT MIS=5000, Greedy MIS=4944, |S|=9839, Oracle MIS=4746, Improvement=-198
n=10000, coeff=4, trial=3, GT MIS=5000, Greedy MIS=4944, |S|=9374, Oracle MIS=4904, Improvement=-40
n=10000, coeff=4, trial=3, GT MIS=5000, Greedy MIS=4944, |S|=8502, Oracle MIS=4996, Improvement=52
n=10000, coeff=4, trial=3, GT MIS=5000, Greedy MIS=4944, |S|=7390, Oracle MIS=4999, Improvement=55
n=10000, coeff=4, trial=3, GT MIS=5000, Greedy MIS=4944, |S|=6218, Oracle MIS=4999, Improvement=55
n=10000, coeff=4, trial=4, GT MIS=5000, Greedy MIS=4916, |S|=10000, Oracle MIS=4916, Improvement=0
n=10000, coeff=4, trial=4, GT MIS=5000, Greedy MIS=4916, |S|=10000, Oracle MIS=4916, Improvement=0
n=10000, coeff=4, trial=4, GT MIS=5000, Greedy MIS=4916, |S|=10000, Oracle MIS=4916, Improvement=0
n=10000, coeff=4, trial=4, GT MIS=5000, Greedy MIS=4916, |S|=9997, Oracle MIS=4913, Improvement=-3
n=10000, coeff=4, trial=4, GT MIS=5000, Greedy MIS=4916, |S|=9978, Oracle MIS=4896, Improvement=-20
n=10000, coeff=4, trial=4, GT MIS=5000, Greedy MIS=4916, |S|=9832, Oracle MIS=4667, Improvement=-249
n=10000, coeff=4, trial=4, GT MIS=5000, Greedy MIS=4916, |S|=9373, Oracle MIS=4990, Improvement=74
n=10000, coeff=4, trial=4, GT MIS=5000, Greedy MIS=4916, |S|=8522, Oracle MIS=4998, Improvement=82
n=10000, coeff=4, trial=4, GT MIS=5000, Greedy MIS=4916, |S|=7411, Oracle MIS=5000, Improvement=84
n=10000, coeff=4, trial=4, GT MIS=5000, Greedy MIS=4916, |S|=6277, Oracle MIS=4999, Improvement=83
n=10000, coeff=5, trial=0, GT MIS=5000, Greedy MIS=4855, |S|=10000, Oracle MIS=4855, Improvement=0
n=10000, coeff=5, trial=0, GT MIS=5000, Greedy MIS=4855, |S|=10000, Oracle MIS=4855, Improvement=0
n=10000, coeff=5, trial=0, GT MIS=5000, Greedy MIS=4855, |S|=10000, Oracle MIS=4855, Improvement=0
n=10000, coeff=5, trial=0, GT MIS=5000, Greedy MIS=4855, |S|=9998, Oracle MIS=4853, Improvement=-2
n=10000, coeff=5, trial=0, GT MIS=5000, Greedy MIS=4855, |S|=9979, Oracle MIS=4817, Improvement=-38
n=10000, coeff=5, trial=0, GT MIS=5000, Greedy MIS=4855, |S|=9838, Oracle MIS=4896, Improvement=41
n=10000, coeff=5, trial=0, GT MIS=5000, Greedy MIS=4855, |S|=9361, Oracle MIS=4968, Improvement=113
n=10000, coeff=5, trial=0, GT MIS=5000, Greedy MIS=4855, |S|=8469, Oracle MIS=5000, Improvement=145
n=10000, coeff=5, trial=0, GT MIS=5000, Greedy MIS=4855, |S|=7072, Oracle MIS=4999, Improvement=144
n=10000, coeff=5, trial=0, GT MIS=5000, Greedy MIS=4855, |S|=5993, Oracle MIS=4999, Improvement=144
n=10000, coeff=5, trial=1, GT MIS=5000, Greedy MIS=4844, |S|=10000, Oracle MIS=4844, Improvement=0
n=10000, coeff=5, trial=1, GT MIS=5000, Greedy MIS=4844, |S|=10000, Oracle MIS=4844, Improvement=0
n=10000, coeff=5, trial=1, GT MIS=5000, Greedy MIS=4844, |S|=10000, Oracle MIS=4844, Improvement=0
n=10000, coeff=5, trial=1, GT MIS=5000, Greedy MIS=4844, |S|=9997, Oracle MIS=4841, Improvement=-3
n=10000, coeff=5, trial=1, GT MIS=5000, Greedy MIS=4844, |S|=9961, Oracle MIS=4780, Improvement=-64
n=10000, coeff=5, trial=1, GT MIS=5000, Greedy MIS=4844, |S|=9783, Oracle MIS=4896, Improvement=52
n=10000, coeff=5, trial=1, GT MIS=5000, Greedy MIS=4844, |S|=9244, Oracle MIS=5000, Improvement=156
n=10000, coeff=5, trial=1, GT MIS=5000, Greedy MIS=4844, |S|=8126, Oracle MIS=5000, Improvement=156
n=10000, coeff=5, trial=1, GT MIS=5000, Greedy MIS=4844, |S|=6776, Oracle MIS=5000, Improvement=156
n=10000, coeff=5, trial=1, GT MIS=5000, Greedy MIS=4844, |S|=5783, Oracle MIS=5000, Improvement=156
n=10000, coeff=5, trial=2, GT MIS=5000, Greedy MIS=4937, |S|=10000, Oracle MIS=4937, Improvement=0
n=10000, coeff=5, trial=2, GT MIS=5000, Greedy MIS=4937, |S|=10000, Oracle MIS=4937, Improvement=0
n=10000, coeff=5, trial=2, GT MIS=5000, Greedy MIS=4937, |S|=10000, Oracle MIS=4937, Improvement=0
n=10000, coeff=5, trial=2, GT MIS=5000, Greedy MIS=4937, |S|=9999, Oracle MIS=4936, Improvement=-1
n=10000, coeff=5, trial=2, GT MIS=5000, Greedy MIS=4937, |S|=9978, Oracle MIS=4915, Improvement=-22
n=10000, coeff=5, trial=2, GT MIS=5000, Greedy MIS=4937, |S|=9827, Oracle MIS=4560, Improvement=-377
n=10000, coeff=5, trial=2, GT MIS=5000, Greedy MIS=4937, |S|=9326, Oracle MIS=4946, Improvement=9
n=10000, coeff=5, trial=2, GT MIS=5000, Greedy MIS=4937, |S|=8360, Oracle MIS=5000, Improvement=63
n=10000, coeff=5, trial=2, GT MIS=5000, Greedy MIS=4937, |S|=6973, Oracle MIS=5000, Improvement=63
n=10000, coeff=5, trial=2, GT MIS=5000, Greedy MIS=4937, |S|=5977, Oracle MIS=5000, Improvement=63
n=10000, coeff=5, trial=3, GT MIS=5000, Greedy MIS=4920, |S|=10000, Oracle MIS=4920, Improvement=0
n=10000, coeff=5, trial=3, GT MIS=5000, Greedy MIS=4920, |S|=10000, Oracle MIS=4920, Improvement=0
n=10000, coeff=5, trial=3, GT MIS=5000, Greedy MIS=4920, |S|=10000, Oracle MIS=4920, Improvement=0
n=10000, coeff=5, trial=3, GT MIS=5000, Greedy MIS=4920, |S|=9998, Oracle MIS=4918, Improvement=-2
n=10000, coeff=5, trial=3, GT MIS=5000, Greedy MIS=4920, |S|=9964, Oracle MIS=4839, Improvement=-81
n=10000, coeff=5, trial=3, GT MIS=5000, Greedy MIS=4920, |S|=9794, Oracle MIS=4865, Improvement=-55
n=10000, coeff=5, trial=3, GT MIS=5000, Greedy MIS=4920, |S|=9185, Oracle MIS=4995, Improvement=75
n=10000, coeff=5, trial=3, GT MIS=5000, Greedy MIS=4920, |S|=8181, Oracle MIS=5000, Improvement=80
n=10000, coeff=5, trial=3, GT MIS=5000, Greedy MIS=4920, |S|=6778, Oracle MIS=5000, Improvement=80
n=10000, coeff=5, trial=3, GT MIS=5000, Greedy MIS=4920, |S|=5797, Oracle MIS=4998, Improvement=78
n=10000, coeff=5, trial=4, GT MIS=5000, Greedy MIS=4873, |S|=10000, Oracle MIS=4873, Improvement=0
n=10000, coeff=5, trial=4, GT MIS=5000, Greedy MIS=4873, |S|=10000, Oracle MIS=4873, Improvement=0
n=10000, coeff=5, trial=4, GT MIS=5000, Greedy MIS=4873, |S|=10000, Oracle MIS=4873, Improvement=0
n=10000, coeff=5, trial=4, GT MIS=5000, Greedy MIS=4873, |S|=9999, Oracle MIS=4872, Improvement=-1
n=10000, coeff=5, trial=4, GT MIS=5000, Greedy MIS=4873, |S|=9966, Oracle MIS=4822, Improvement=-51
n=10000, coeff=5, trial=4, GT MIS=5000, Greedy MIS=4873, |S|=9775, Oracle MIS=4878, Improvement=5
n=10000, coeff=5, trial=4, GT MIS=5000, Greedy MIS=4873, |S|=9215, Oracle MIS=4993, Improvement=120
n=10000, coeff=5, trial=4, GT MIS=5000, Greedy MIS=4873, |S|=8145, Oracle MIS=4999, Improvement=126
n=10000, coeff=5, trial=4, GT MIS=5000, Greedy MIS=4873, |S|=6853, Oracle MIS=5000, Improvement=127
n=10000, coeff=5, trial=4, GT MIS=5000, Greedy MIS=4873, |S|=5762, Oracle MIS=5000, Improvement=127
n=10000, coeff=6, trial=0, GT MIS=5000, Greedy MIS=4865, |S|=10000, Oracle MIS=4865, Improvement=0
n=10000, coeff=6, trial=0, GT MIS=5000, Greedy MIS=4865, |S|=10000, Oracle MIS=4865, Improvement=0
n=10000, coeff=6, trial=0, GT MIS=5000, Greedy MIS=4865, |S|=10000, Oracle MIS=4865, Improvement=0
n=10000, coeff=6, trial=0, GT MIS=5000, Greedy MIS=4865, |S|=9999, Oracle MIS=4864, Improvement=-1
n=10000, coeff=6, trial=0, GT MIS=5000, Greedy MIS=4865, |S|=9971, Oracle MIS=4813, Improvement=-52
n=10000, coeff=6, trial=0, GT MIS=5000, Greedy MIS=4865, |S|=9795, Oracle MIS=4863, Improvement=-2
n=10000, coeff=6, trial=0, GT MIS=5000, Greedy MIS=4865, |S|=9179, Oracle MIS=5000, Improvement=135
n=10000, coeff=6, trial=0, GT MIS=5000, Greedy MIS=4865, |S|=8079, Oracle MIS=4999, Improvement=134
n=10000, coeff=6, trial=0, GT MIS=5000, Greedy MIS=4865, |S|=6597, Oracle MIS=4999, Improvement=134
n=10000, coeff=6, trial=0, GT MIS=5000, Greedy MIS=4865, |S|=5581, Oracle MIS=4999, Improvement=134
n=10000, coeff=6, trial=1, GT MIS=5000, Greedy MIS=4896, |S|=10000, Oracle MIS=4896, Improvement=0
n=10000, coeff=6, trial=1, GT MIS=5000, Greedy MIS=4896, |S|=10000, Oracle MIS=4896, Improvement=0
n=10000, coeff=6, trial=1, GT MIS=5000, Greedy MIS=4896, |S|=10000, Oracle MIS=4896, Improvement=0
n=10000, coeff=6, trial=1, GT MIS=5000, Greedy MIS=4896, |S|=9998, Oracle MIS=4896, Improvement=0
n=10000, coeff=6, trial=1, GT MIS=5000, Greedy MIS=4896, |S|=9956, Oracle MIS=4896, Improvement=0
n=10000, coeff=6, trial=1, GT MIS=5000, Greedy MIS=4896, |S|=9748, Oracle MIS=4968, Improvement=72
n=10000, coeff=6, trial=1, GT MIS=5000, Greedy MIS=4896, |S|=9088, Oracle MIS=5000, Improvement=104
n=10000, coeff=6, trial=1, GT MIS=5000, Greedy MIS=4896, |S|=7724, Oracle MIS=5000, Improvement=104
n=10000, coeff=6, trial=1, GT MIS=5000, Greedy MIS=4896, |S|=6365, Oracle MIS=5000, Improvement=104
n=10000, coeff=6, trial=1, GT MIS=5000, Greedy MIS=4896, |S|=5524, Oracle MIS=4999, Improvement=103
n=10000, coeff=6, trial=2, GT MIS=5000, Greedy MIS=4965, |S|=10000, Oracle MIS=4965, Improvement=0
n=10000, coeff=6, trial=2, GT MIS=5000, Greedy MIS=4965, |S|=10000, Oracle MIS=4965, Improvement=0
n=10000, coeff=6, trial=2, GT MIS=5000, Greedy MIS=4965, |S|=10000, Oracle MIS=4965, Improvement=0
n=10000, coeff=6, trial=2, GT MIS=5000, Greedy MIS=4965, |S|=9997, Oracle MIS=4950, Improvement=-15
n=10000, coeff=6, trial=2, GT MIS=5000, Greedy MIS=4965, |S|=9965, Oracle MIS=4918, Improvement=-47
n=10000, coeff=6, trial=2, GT MIS=5000, Greedy MIS=4965, |S|=9768, Oracle MIS=4842, Improvement=-123
n=10000, coeff=6, trial=2, GT MIS=5000, Greedy MIS=4965, |S|=9120, Oracle MIS=5000, Improvement=35
n=10000, coeff=6, trial=2, GT MIS=5000, Greedy MIS=4965, |S|=7927, Oracle MIS=5000, Improvement=35
n=10000, coeff=6, trial=2, GT MIS=5000, Greedy MIS=4965, |S|=6509, Oracle MIS=5000, Improvement=35
n=10000, coeff=6, trial=2, GT MIS=5000, Greedy MIS=4965, |S|=5553, Oracle MIS=5000, Improvement=35
n=10000, coeff=6, trial=3, GT MIS=5000, Greedy MIS=4946, |S|=10000, Oracle MIS=4946, Improvement=0
n=10000, coeff=6, trial=3, GT MIS=5000, Greedy MIS=4946, |S|=10000, Oracle MIS=4946, Improvement=0
n=10000, coeff=6, trial=3, GT MIS=5000, Greedy MIS=4946, |S|=10000, Oracle MIS=4946, Improvement=0
n=10000, coeff=6, trial=3, GT MIS=5000, Greedy MIS=4946, |S|=9999, Oracle MIS=4945, Improvement=-1
n=10000, coeff=6, trial=3, GT MIS=5000, Greedy MIS=4946, |S|=9956, Oracle MIS=4866, Improvement=-80
n=10000, coeff=6, trial=3, GT MIS=5000, Greedy MIS=4946, |S|=9698, Oracle MIS=4880, Improvement=-66
n=10000, coeff=6, trial=3, GT MIS=5000, Greedy MIS=4946, |S|=8922, Oracle MIS=4992, Improvement=46
n=10000, coeff=6, trial=3, GT MIS=5000, Greedy MIS=4946, |S|=7753, Oracle MIS=5000, Improvement=54
n=10000, coeff=6, trial=3, GT MIS=5000, Greedy MIS=4946, |S|=6366, Oracle MIS=5000, Improvement=54
n=10000, coeff=6, trial=3, GT MIS=5000, Greedy MIS=4946, |S|=5492, Oracle MIS=4999, Improvement=53
n=10000, coeff=6, trial=4, GT MIS=5000, Greedy MIS=4851, |S|=10000, Oracle MIS=4851, Improvement=0
n=10000, coeff=6, trial=4, GT MIS=5000, Greedy MIS=4851, |S|=10000, Oracle MIS=4851, Improvement=0
n=10000, coeff=6, trial=4, GT MIS=5000, Greedy MIS=4851, |S|=10000, Oracle MIS=4851, Improvement=0
n=10000, coeff=6, trial=4, GT MIS=5000, Greedy MIS=4851, |S|=9997, Oracle MIS=4848, Improvement=-3
n=10000, coeff=6, trial=4, GT MIS=5000, Greedy MIS=4851, |S|=9961, Oracle MIS=4778, Improvement=-73
n=10000, coeff=6, trial=4, GT MIS=5000, Greedy MIS=4851, |S|=9719, Oracle MIS=4967, Improvement=116
n=10000, coeff=6, trial=4, GT MIS=5000, Greedy MIS=4851, |S|=8992, Oracle MIS=5000, Improvement=149
n=10000, coeff=6, trial=4, GT MIS=5000, Greedy MIS=4851, |S|=7692, Oracle MIS=4999, Improvement=148
n=10000, coeff=6, trial=4, GT MIS=5000, Greedy MIS=4851, |S|=6383, Oracle MIS=5000, Improvement=149
n=10000, coeff=6, trial=4, GT MIS=5000, Greedy MIS=4851, |S|=5528, Oracle MIS=4999, Improvement=148
n=10000, coeff=7, trial=0, GT MIS=5000, Greedy MIS=4906, |S|=10000, Oracle MIS=4906, Improvement=0
n=10000, coeff=7, trial=0, GT MIS=5000, Greedy MIS=4906, |S|=10000, Oracle MIS=4906, Improvement=0
n=10000, coeff=7, trial=0, GT MIS=5000, Greedy MIS=4906, |S|=10000, Oracle MIS=4906, Improvement=0
n=10000, coeff=7, trial=0, GT MIS=5000, Greedy MIS=4906, |S|=10000, Oracle MIS=4906, Improvement=0
n=10000, coeff=7, trial=0, GT MIS=5000, Greedy MIS=4906, |S|=9974, Oracle MIS=4820, Improvement=-86
n=10000, coeff=7, trial=0, GT MIS=5000, Greedy MIS=4906, |S|=9776, Oracle MIS=4902, Improvement=-4
n=10000, coeff=7, trial=0, GT MIS=5000, Greedy MIS=4906, |S|=9039, Oracle MIS=5000, Improvement=94
n=10000, coeff=7, trial=0, GT MIS=5000, Greedy MIS=4906, |S|=7687, Oracle MIS=5000, Improvement=94
n=10000, coeff=7, trial=0, GT MIS=5000, Greedy MIS=4906, |S|=6233, Oracle MIS=5000, Improvement=94
n=10000, coeff=7, trial=0, GT MIS=5000, Greedy MIS=4906, |S|=5364, Oracle MIS=5000, Improvement=94
n=10000, coeff=7, trial=1, GT MIS=5000, Greedy MIS=4815, |S|=10000, Oracle MIS=4815, Improvement=0
n=10000, coeff=7, trial=1, GT MIS=5000, Greedy MIS=4815, |S|=10000, Oracle MIS=4815, Improvement=0
n=10000, coeff=7, trial=1, GT MIS=5000, Greedy MIS=4815, |S|=10000, Oracle MIS=4815, Improvement=0
n=10000, coeff=7, trial=1, GT MIS=5000, Greedy MIS=4815, |S|=9995, Oracle MIS=4883, Improvement=68
n=10000, coeff=7, trial=1, GT MIS=5000, Greedy MIS=4815, |S|=9954, Oracle MIS=4883, Improvement=68
n=10000, coeff=7, trial=1, GT MIS=5000, Greedy MIS=4815, |S|=9681, Oracle MIS=4973, Improvement=158
n=10000, coeff=7, trial=1, GT MIS=5000, Greedy MIS=4815, |S|=8862, Oracle MIS=5000, Improvement=185
n=10000, coeff=7, trial=1, GT MIS=5000, Greedy MIS=4815, |S|=7310, Oracle MIS=5000, Improvement=185
n=10000, coeff=7, trial=1, GT MIS=5000, Greedy MIS=4815, |S|=5965, Oracle MIS=5000, Improvement=185
n=10000, coeff=7, trial=1, GT MIS=5000, Greedy MIS=4815, |S|=5279, Oracle MIS=5000, Improvement=185
n=10000, coeff=7, trial=2, GT MIS=5000, Greedy MIS=4928, |S|=10000, Oracle MIS=4928, Improvement=0
n=10000, coeff=7, trial=2, GT MIS=5000, Greedy MIS=4928, |S|=10000, Oracle MIS=4928, Improvement=0
n=10000, coeff=7, trial=2, GT MIS=5000, Greedy MIS=4928, |S|=10000, Oracle MIS=4928, Improvement=0
n=10000, coeff=7, trial=2, GT MIS=5000, Greedy MIS=4928, |S|=9998, Oracle MIS=4926, Improvement=-2
n=10000, coeff=7, trial=2, GT MIS=5000, Greedy MIS=4928, |S|=9961, Oracle MIS=4874, Improvement=-54
n=10000, coeff=7, trial=2, GT MIS=5000, Greedy MIS=4928, |S|=9719, Oracle MIS=4958, Improvement=30
n=10000, coeff=7, trial=2, GT MIS=5000, Greedy MIS=4928, |S|=8939, Oracle MIS=5000, Improvement=72
n=10000, coeff=7, trial=2, GT MIS=5000, Greedy MIS=4928, |S|=7622, Oracle MIS=5000, Improvement=72
n=10000, coeff=7, trial=2, GT MIS=5000, Greedy MIS=4928, |S|=6122, Oracle MIS=5000, Improvement=72
n=10000, coeff=7, trial=2, GT MIS=5000, Greedy MIS=4928, |S|=5330, Oracle MIS=5000, Improvement=72
n=10000, coeff=7, trial=3, GT MIS=5000, Greedy MIS=4917, |S|=10000, Oracle MIS=4917, Improvement=0
n=10000, coeff=7, trial=3, GT MIS=5000, Greedy MIS=4917, |S|=10000, Oracle MIS=4917, Improvement=0
n=10000, coeff=7, trial=3, GT MIS=5000, Greedy MIS=4917, |S|=10000, Oracle MIS=4917, Improvement=0
n=10000, coeff=7, trial=3, GT MIS=5000, Greedy MIS=4917, |S|=9994, Oracle MIS=4881, Improvement=-36
n=10000, coeff=7, trial=3, GT MIS=5000, Greedy MIS=4917, |S|=9947, Oracle MIS=4759, Improvement=-158
n=10000, coeff=7, trial=3, GT MIS=5000, Greedy MIS=4917, |S|=9641, Oracle MIS=4950, Improvement=33
n=10000, coeff=7, trial=3, GT MIS=5000, Greedy MIS=4917, |S|=8743, Oracle MIS=4991, Improvement=74
n=10000, coeff=7, trial=3, GT MIS=5000, Greedy MIS=4917, |S|=7342, Oracle MIS=5000, Improvement=83
n=10000, coeff=7, trial=3, GT MIS=5000, Greedy MIS=4917, |S|=5982, Oracle MIS=5000, Improvement=83
n=10000, coeff=7, trial=3, GT MIS=5000, Greedy MIS=4917, |S|=5277, Oracle MIS=4998, Improvement=81
n=10000, coeff=7, trial=4, GT MIS=5000, Greedy MIS=4830, |S|=10000, Oracle MIS=4830, Improvement=0
n=10000, coeff=7, trial=4, GT MIS=5000, Greedy MIS=4830, |S|=10000, Oracle MIS=4830, Improvement=0
n=10000, coeff=7, trial=4, GT MIS=5000, Greedy MIS=4830, |S|=10000, Oracle MIS=4830, Improvement=0
n=10000, coeff=7, trial=4, GT MIS=5000, Greedy MIS=4830, |S|=9997, Oracle MIS=4827, Improvement=-3
n=10000, coeff=7, trial=4, GT MIS=5000, Greedy MIS=4830, |S|=9953, Oracle MIS=4742, Improvement=-88
n=10000, coeff=7, trial=4, GT MIS=5000, Greedy MIS=4830, |S|=9648, Oracle MIS=4972, Improvement=142
n=10000, coeff=7, trial=4, GT MIS=5000, Greedy MIS=4830, |S|=8768, Oracle MIS=5000, Improvement=170
n=10000, coeff=7, trial=4, GT MIS=5000, Greedy MIS=4830, |S|=7309, Oracle MIS=4999, Improvement=169
n=10000, coeff=7, trial=4, GT MIS=5000, Greedy MIS=4830, |S|=6030, Oracle MIS=5000, Improvement=170
n=10000, coeff=7, trial=4, GT MIS=5000, Greedy MIS=4830, |S|=5323, Oracle MIS=4999, Improvement=169
n=10000, coeff=8, trial=0, GT MIS=5000, Greedy MIS=4861, |S|=10000, Oracle MIS=4861, Improvement=0
n=10000, coeff=8, trial=0, GT MIS=5000, Greedy MIS=4861, |S|=10000, Oracle MIS=4861, Improvement=0
n=10000, coeff=8, trial=0, GT MIS=5000, Greedy MIS=4861, |S|=10000, Oracle MIS=4861, Improvement=0
n=10000, coeff=8, trial=0, GT MIS=5000, Greedy MIS=4861, |S|=9998, Oracle MIS=4859, Improvement=-2
n=10000, coeff=8, trial=0, GT MIS=5000, Greedy MIS=4861, |S|=9956, Oracle MIS=4801, Improvement=-60
n=10000, coeff=8, trial=0, GT MIS=5000, Greedy MIS=4861, |S|=9714, Oracle MIS=4983, Improvement=122
n=10000, coeff=8, trial=0, GT MIS=5000, Greedy MIS=4861, |S|=8841, Oracle MIS=5000, Improvement=139
n=10000, coeff=8, trial=0, GT MIS=5000, Greedy MIS=4861, |S|=7293, Oracle MIS=5000, Improvement=139
n=10000, coeff=8, trial=0, GT MIS=5000, Greedy MIS=4861, |S|=5917, Oracle MIS=5000, Improvement=139
n=10000, coeff=8, trial=0, GT MIS=5000, Greedy MIS=4861, |S|=5208, Oracle MIS=5000, Improvement=139
n=10000, coeff=8, trial=1, GT MIS=5000, Greedy MIS=4727, |S|=10000, Oracle MIS=4727, Improvement=0
n=10000, coeff=8, trial=1, GT MIS=5000, Greedy MIS=4727, |S|=10000, Oracle MIS=4727, Improvement=0
n=10000, coeff=8, trial=1, GT MIS=5000, Greedy MIS=4727, |S|=10000, Oracle MIS=4727, Improvement=0
n=10000, coeff=8, trial=1, GT MIS=5000, Greedy MIS=4727, |S|=9995, Oracle MIS=4727, Improvement=0
n=10000, coeff=8, trial=1, GT MIS=5000, Greedy MIS=4727, |S|=9938, Oracle MIS=4935, Improvement=208
n=10000, coeff=8, trial=1, GT MIS=5000, Greedy MIS=4727, |S|=9609, Oracle MIS=4970, Improvement=243
n=10000, coeff=8, trial=1, GT MIS=5000, Greedy MIS=4727, |S|=8578, Oracle MIS=5000, Improvement=273
n=10000, coeff=8, trial=1, GT MIS=5000, Greedy MIS=4727, |S|=6913, Oracle MIS=5000, Improvement=273
n=10000, coeff=8, trial=1, GT MIS=5000, Greedy MIS=4727, |S|=5687, Oracle MIS=5000, Improvement=273
n=10000, coeff=8, trial=1, GT MIS=5000, Greedy MIS=4727, |S|=5148, Oracle MIS=5000, Improvement=273
n=10000, coeff=8, trial=2, GT MIS=5000, Greedy MIS=4913, |S|=10000, Oracle MIS=4913, Improvement=0
n=10000, coeff=8, trial=2, GT MIS=5000, Greedy MIS=4913, |S|=10000, Oracle MIS=4913, Improvement=0
n=10000, coeff=8, trial=2, GT MIS=5000, Greedy MIS=4913, |S|=10000, Oracle MIS=4913, Improvement=0
n=10000, coeff=8, trial=2, GT MIS=5000, Greedy MIS=4913, |S|=10000, Oracle MIS=4913, Improvement=0
n=10000, coeff=8, trial=2, GT MIS=5000, Greedy MIS=4913, |S|=9953, Oracle MIS=4813, Improvement=-100
n=10000, coeff=8, trial=2, GT MIS=5000, Greedy MIS=4913, |S|=9635, Oracle MIS=5000, Improvement=87
n=10000, coeff=8, trial=2, GT MIS=5000, Greedy MIS=4913, |S|=8714, Oracle MIS=5000, Improvement=87
n=10000, coeff=8, trial=2, GT MIS=5000, Greedy MIS=4913, |S|=7180, Oracle MIS=5000, Improvement=87
n=10000, coeff=8, trial=2, GT MIS=5000, Greedy MIS=4913, |S|=5820, Oracle MIS=5000, Improvement=87
n=10000, coeff=8, trial=2, GT MIS=5000, Greedy MIS=4913, |S|=5184, Oracle MIS=5000, Improvement=87
n=10000, coeff=8, trial=3, GT MIS=5000, Greedy MIS=4832, |S|=10000, Oracle MIS=4832, Improvement=0
n=10000, coeff=8, trial=3, GT MIS=5000, Greedy MIS=4832, |S|=10000, Oracle MIS=4832, Improvement=0
n=10000, coeff=8, trial=3, GT MIS=5000, Greedy MIS=4832, |S|=10000, Oracle MIS=4832, Improvement=0
n=10000, coeff=8, trial=3, GT MIS=5000, Greedy MIS=4832, |S|=9995, Oracle MIS=4832, Improvement=0
n=10000, coeff=8, trial=3, GT MIS=5000, Greedy MIS=4832, |S|=9926, Oracle MIS=4832, Improvement=0
n=10000, coeff=8, trial=3, GT MIS=5000, Greedy MIS=4832, |S|=9560, Oracle MIS=4991, Improvement=159
n=10000, coeff=8, trial=3, GT MIS=5000, Greedy MIS=4832, |S|=8465, Oracle MIS=4991, Improvement=159
n=10000, coeff=8, trial=3, GT MIS=5000, Greedy MIS=4832, |S|=6946, Oracle MIS=5000, Improvement=168
n=10000, coeff=8, trial=3, GT MIS=5000, Greedy MIS=4832, |S|=5680, Oracle MIS=5000, Improvement=168
n=10000, coeff=8, trial=3, GT MIS=5000, Greedy MIS=4832, |S|=5159, Oracle MIS=4999, Improvement=167
n=10000, coeff=8, trial=4, GT MIS=5000, Greedy MIS=4779, |S|=10000, Oracle MIS=4779, Improvement=0
n=10000, coeff=8, trial=4, GT MIS=5000, Greedy MIS=4779, |S|=10000, Oracle MIS=4779, Improvement=0
n=10000, coeff=8, trial=4, GT MIS=5000, Greedy MIS=4779, |S|=10000, Oracle MIS=4779, Improvement=0
n=10000, coeff=8, trial=4, GT MIS=5000, Greedy MIS=4779, |S|=9996, Oracle MIS=4757, Improvement=-22
n=10000, coeff=8, trial=4, GT MIS=5000, Greedy MIS=4779, |S|=9944, Oracle MIS=4930, Improvement=151
n=10000, coeff=8, trial=4, GT MIS=5000, Greedy MIS=4779, |S|=9577, Oracle MIS=4984, Improvement=205
n=10000, coeff=8, trial=4, GT MIS=5000, Greedy MIS=4779, |S|=8441, Oracle MIS=5000, Improvement=221
n=10000, coeff=8, trial=4, GT MIS=5000, Greedy MIS=4779, |S|=6953, Oracle MIS=5000, Improvement=221
n=10000, coeff=8, trial=4, GT MIS=5000, Greedy MIS=4779, |S|=5760, Oracle MIS=5000, Improvement=221
n=10000, coeff=8, trial=4, GT MIS=5000, Greedy MIS=4779, |S|=5177, Oracle MIS=5000, Improvement=221
n=10000, coeff=9, trial=0, GT MIS=5000, Greedy MIS=4766, |S|=10000, Oracle MIS=4766, Improvement=0
n=10000, coeff=9, trial=0, GT MIS=5000, Greedy MIS=4766, |S|=10000, Oracle MIS=4766, Improvement=0
n=10000, coeff=9, trial=0, GT MIS=5000, Greedy MIS=4766, |S|=10000, Oracle MIS=4766, Improvement=0
n=10000, coeff=9, trial=0, GT MIS=5000, Greedy MIS=4766, |S|=9999, Oracle MIS=4766, Improvement=0
n=10000, coeff=9, trial=0, GT MIS=5000, Greedy MIS=4766, |S|=9955, Oracle MIS=4766, Improvement=0
n=10000, coeff=9, trial=0, GT MIS=5000, Greedy MIS=4766, |S|=9653, Oracle MIS=4980, Improvement=214
n=10000, coeff=9, trial=0, GT MIS=5000, Greedy MIS=4766, |S|=8597, Oracle MIS=5000, Improvement=234
n=10000, coeff=9, trial=0, GT MIS=5000, Greedy MIS=4766, |S|=6962, Oracle MIS=5000, Improvement=234
n=10000, coeff=9, trial=0, GT MIS=5000, Greedy MIS=4766, |S|=5642, Oracle MIS=5000, Improvement=234
n=10000, coeff=9, trial=0, GT MIS=5000, Greedy MIS=4766, |S|=5116, Oracle MIS=5000, Improvement=234
n=10000, coeff=9, trial=1, GT MIS=5000, Greedy MIS=4877, |S|=10000, Oracle MIS=4877, Improvement=0
n=10000, coeff=9, trial=1, GT MIS=5000, Greedy MIS=4877, |S|=10000, Oracle MIS=4877, Improvement=0
n=10000, coeff=9, trial=1, GT MIS=5000, Greedy MIS=4877, |S|=10000, Oracle MIS=4877, Improvement=0
n=10000, coeff=9, trial=1, GT MIS=5000, Greedy MIS=4877, |S|=9996, Oracle MIS=4942, Improvement=65
n=10000, coeff=9, trial=1, GT MIS=5000, Greedy MIS=4877, |S|=9928, Oracle MIS=4942, Improvement=65
n=10000, coeff=9, trial=1, GT MIS=5000, Greedy MIS=4877, |S|=9520, Oracle MIS=4962, Improvement=85
n=10000, coeff=9, trial=1, GT MIS=5000, Greedy MIS=4877, |S|=8384, Oracle MIS=5000, Improvement=123
n=10000, coeff=9, trial=1, GT MIS=5000, Greedy MIS=4877, |S|=6554, Oracle MIS=5000, Improvement=123
n=10000, coeff=9, trial=1, GT MIS=5000, Greedy MIS=4877, |S|=5459, Oracle MIS=5000, Improvement=123
n=10000, coeff=9, trial=1, GT MIS=5000, Greedy MIS=4877, |S|=5074, Oracle MIS=5000, Improvement=123
n=10000, coeff=9, trial=2, GT MIS=5000, Greedy MIS=4871, |S|=10000, Oracle MIS=4871, Improvement=0
n=10000, coeff=9, trial=2, GT MIS=5000, Greedy MIS=4871, |S|=10000, Oracle MIS=4871, Improvement=0
n=10000, coeff=9, trial=2, GT MIS=5000, Greedy MIS=4871, |S|=10000, Oracle MIS=4871, Improvement=0
n=10000, coeff=9, trial=2, GT MIS=5000, Greedy MIS=4871, |S|=9999, Oracle MIS=4870, Improvement=-1
n=10000, coeff=9, trial=2, GT MIS=5000, Greedy MIS=4871, |S|=9951, Oracle MIS=4675, Improvement=-196
n=10000, coeff=9, trial=2, GT MIS=5000, Greedy MIS=4871, |S|=9545, Oracle MIS=5000, Improvement=129
n=10000, coeff=9, trial=2, GT MIS=5000, Greedy MIS=4871, |S|=8467, Oracle MIS=5000, Improvement=129
n=10000, coeff=9, trial=2, GT MIS=5000, Greedy MIS=4871, |S|=6833, Oracle MIS=5000, Improvement=129
n=10000, coeff=9, trial=2, GT MIS=5000, Greedy MIS=4871, |S|=5558, Oracle MIS=5000, Improvement=129
n=10000, coeff=9, trial=2, GT MIS=5000, Greedy MIS=4871, |S|=5088, Oracle MIS=4999, Improvement=128
n=10000, coeff=9, trial=3, GT MIS=5000, Greedy MIS=4919, |S|=10000, Oracle MIS=4919, Improvement=0
n=10000, coeff=9, trial=3, GT MIS=5000, Greedy MIS=4919, |S|=10000, Oracle MIS=4919, Improvement=0
n=10000, coeff=9, trial=3, GT MIS=5000, Greedy MIS=4919, |S|=10000, Oracle MIS=4919, Improvement=0
n=10000, coeff=9, trial=3, GT MIS=5000, Greedy MIS=4919, |S|=9994, Oracle MIS=4913, Improvement=-6
n=10000, coeff=9, trial=3, GT MIS=5000, Greedy MIS=4919, |S|=9917, Oracle MIS=4847, Improvement=-72
n=10000, coeff=9, trial=3, GT MIS=5000, Greedy MIS=4919, |S|=9458, Oracle MIS=4986, Improvement=67
n=10000, coeff=9, trial=3, GT MIS=5000, Greedy MIS=4919, |S|=8135, Oracle MIS=5000, Improvement=81
n=10000, coeff=9, trial=3, GT MIS=5000, Greedy MIS=4919, |S|=6636, Oracle MIS=5000, Improvement=81
n=10000, coeff=9, trial=3, GT MIS=5000, Greedy MIS=4919, |S|=5479, Oracle MIS=5000, Improvement=81
n=10000, coeff=9, trial=3, GT MIS=5000, Greedy MIS=4919, |S|=5079, Oracle MIS=5000, Improvement=81
n=10000, coeff=9, trial=4, GT MIS=5000, Greedy MIS=4942, |S|=10000, Oracle MIS=4942, Improvement=0
n=10000, coeff=9, trial=4, GT MIS=5000, Greedy MIS=4942, |S|=10000, Oracle MIS=4942, Improvement=0
n=10000, coeff=9, trial=4, GT MIS=5000, Greedy MIS=4942, |S|=10000, Oracle MIS=4942, Improvement=0
n=10000, coeff=9, trial=4, GT MIS=5000, Greedy MIS=4942, |S|=9996, Oracle MIS=4938, Improvement=-4
n=10000, coeff=9, trial=4, GT MIS=5000, Greedy MIS=4942, |S|=9925, Oracle MIS=4963, Improvement=21
n=10000, coeff=9, trial=4, GT MIS=5000, Greedy MIS=4942, |S|=9501, Oracle MIS=4984, Improvement=42
n=10000, coeff=9, trial=4, GT MIS=5000, Greedy MIS=4942, |S|=8226, Oracle MIS=5000, Improvement=58
n=10000, coeff=9, trial=4, GT MIS=5000, Greedy MIS=4942, |S|=6556, Oracle MIS=5000, Improvement=58
n=10000, coeff=9, trial=4, GT MIS=5000, Greedy MIS=4942, |S|=5530, Oracle MIS=5000, Improvement=58
n=10000, coeff=9, trial=4, GT MIS=5000, Greedy MIS=4942, |S|=5087, Oracle MIS=5000, Improvement=58
n=10000, coeff=10, trial=0, GT MIS=5000, Greedy MIS=4979, |S|=10000, Oracle MIS=4979, Improvement=0
n=10000, coeff=10, trial=0, GT MIS=5000, Greedy MIS=4979, |S|=10000, Oracle MIS=4979, Improvement=0
n=10000, coeff=10, trial=0, GT MIS=5000, Greedy MIS=4979, |S|=10000, Oracle MIS=4979, Improvement=0
n=10000, coeff=10, trial=0, GT MIS=5000, Greedy MIS=4979, |S|=9999, Oracle MIS=4978, Improvement=-1
n=10000, coeff=10, trial=0, GT MIS=5000, Greedy MIS=4979, |S|=9944, Oracle MIS=4686, Improvement=-293
n=10000, coeff=10, trial=0, GT MIS=5000, Greedy MIS=4979, |S|=9564, Oracle MIS=5000, Improvement=21
n=10000, coeff=10, trial=0, GT MIS=5000, Greedy MIS=4979, |S|=8328, Oracle MIS=5000, Improvement=21
n=10000, coeff=10, trial=0, GT MIS=5000, Greedy MIS=4979, |S|=6630, Oracle MIS=5000, Improvement=21
n=10000, coeff=10, trial=0, GT MIS=5000, Greedy MIS=4979, |S|=5426, Oracle MIS=5000, Improvement=21
n=10000, coeff=10, trial=0, GT MIS=5000, Greedy MIS=4979, |S|=5068, Oracle MIS=5000, Improvement=21
n=10000, coeff=10, trial=1, GT MIS=5000, Greedy MIS=4714, |S|=10000, Oracle MIS=4714, Improvement=0
n=10000, coeff=10, trial=1, GT MIS=5000, Greedy MIS=4714, |S|=10000, Oracle MIS=4714, Improvement=0
n=10000, coeff=10, trial=1, GT MIS=5000, Greedy MIS=4714, |S|=10000, Oracle MIS=4714, Improvement=0
n=10000, coeff=10, trial=1, GT MIS=5000, Greedy MIS=4714, |S|=9991, Oracle MIS=4714, Improvement=0
n=10000, coeff=10, trial=1, GT MIS=5000, Greedy MIS=4714, |S|=9916, Oracle MIS=4889, Improvement=175
n=10000, coeff=10, trial=1, GT MIS=5000, Greedy MIS=4714, |S|=9405, Oracle MIS=4958, Improvement=244
n=10000, coeff=10, trial=1, GT MIS=5000, Greedy MIS=4714, |S|=8098, Oracle MIS=5000, Improvement=286
n=10000, coeff=10, trial=1, GT MIS=5000, Greedy MIS=4714, |S|=6263, Oracle MIS=5000, Improvement=286
n=10000, coeff=10, trial=1, GT MIS=5000, Greedy MIS=4714, |S|=5309, Oracle MIS=5000, Improvement=286
n=10000, coeff=10, trial=1, GT MIS=5000, Greedy MIS=4714, |S|=5039, Oracle MIS=5000, Improvement=286
n=10000, coeff=10, trial=2, GT MIS=5000, Greedy MIS=4926, |S|=10000, Oracle MIS=4926, Improvement=0
n=10000, coeff=10, trial=2, GT MIS=5000, Greedy MIS=4926, |S|=10000, Oracle MIS=4926, Improvement=0
n=10000, coeff=10, trial=2, GT MIS=5000, Greedy MIS=4926, |S|=10000, Oracle MIS=4926, Improvement=0
n=10000, coeff=10, trial=2, GT MIS=5000, Greedy MIS=4926, |S|=9998, Oracle MIS=4925, Improvement=-1
n=10000, coeff=10, trial=2, GT MIS=5000, Greedy MIS=4926, |S|=9938, Oracle MIS=4879, Improvement=-47
n=10000, coeff=10, trial=2, GT MIS=5000, Greedy MIS=4926, |S|=9469, Oracle MIS=5000, Improvement=74
n=10000, coeff=10, trial=2, GT MIS=5000, Greedy MIS=4926, |S|=8148, Oracle MIS=5000, Improvement=74
n=10000, coeff=10, trial=2, GT MIS=5000, Greedy MIS=4926, |S|=6481, Oracle MIS=5000, Improvement=74
n=10000, coeff=10, trial=2, GT MIS=5000, Greedy MIS=4926, |S|=5382, Oracle MIS=5000, Improvement=74
n=10000, coeff=10, trial=2, GT MIS=5000, Greedy MIS=4926, |S|=5056, Oracle MIS=5000, Improvement=74
n=10000, coeff=10, trial=3, GT MIS=5000, Greedy MIS=4955, |S|=10000, Oracle MIS=4955, Improvement=0
n=10000, coeff=10, trial=3, GT MIS=5000, Greedy MIS=4955, |S|=10000, Oracle MIS=4955, Improvement=0
n=10000, coeff=10, trial=3, GT MIS=5000, Greedy MIS=4955, |S|=10000, Oracle MIS=4955, Improvement=0
n=10000, coeff=10, trial=3, GT MIS=5000, Greedy MIS=4955, |S|=9992, Oracle MIS=4947, Improvement=-8
n=10000, coeff=10, trial=3, GT MIS=5000, Greedy MIS=4955, |S|=9892, Oracle MIS=4816, Improvement=-139
n=10000, coeff=10, trial=3, GT MIS=5000, Greedy MIS=4955, |S|=9354, Oracle MIS=4983, Improvement=28
n=10000, coeff=10, trial=3, GT MIS=5000, Greedy MIS=4955, |S|=7822, Oracle MIS=5000, Improvement=45
n=10000, coeff=10, trial=3, GT MIS=5000, Greedy MIS=4955, |S|=6317, Oracle MIS=5000, Improvement=45
n=10000, coeff=10, trial=3, GT MIS=5000, Greedy MIS=4955, |S|=5320, Oracle MIS=5000, Improvement=45
n=10000, coeff=10, trial=3, GT MIS=5000, Greedy MIS=4955, |S|=5030, Oracle MIS=4999, Improvement=44
n=10000, coeff=10, trial=4, GT MIS=5000, Greedy MIS=4910, |S|=10000, Oracle MIS=4910, Improvement=0
n=10000, coeff=10, trial=4, GT MIS=5000, Greedy MIS=4910, |S|=10000, Oracle MIS=4910, Improvement=0
n=10000, coeff=10, trial=4, GT MIS=5000, Greedy MIS=4910, |S|=10000, Oracle MIS=4910, Improvement=0
n=10000, coeff=10, trial=4, GT MIS=5000, Greedy MIS=4910, |S|=9995, Oracle MIS=4905, Improvement=-5
n=10000, coeff=10, trial=4, GT MIS=5000, Greedy MIS=4910, |S|=9921, Oracle MIS=4980, Improvement=70
n=10000, coeff=10, trial=4, GT MIS=5000, Greedy MIS=4910, |S|=9389, Oracle MIS=4980, Improvement=70
n=10000, coeff=10, trial=4, GT MIS=5000, Greedy MIS=4910, |S|=7918, Oracle MIS=5000, Improvement=90
n=10000, coeff=10, trial=4, GT MIS=5000, Greedy MIS=4910, |S|=6304, Oracle MIS=5000, Improvement=90
n=10000, coeff=10, trial=4, GT MIS=5000, Greedy MIS=4910, |S|=5337, Oracle MIS=5000, Improvement=90
n=10000, coeff=10, trial=4, GT MIS=5000, Greedy MIS=4910, |S|=5054, Oracle MIS=5000, Improvement=90
Results saved to bipartite_experiment_results_epislons_10000.csv
