Running job on compute-3-07
Requested resources:
  - CPUs: 12
  - GPUs: 
  - Memory: 18000
Skipping n=70000, coeff=5.0, trial=0, epsilon=0.025 as entry already exists.
Skipping n=70000, coeff=5.0, trial=0, epsilon=0.05 as entry already exists.
Skipping n=70000, coeff=5.0, trial=0, epsilon=0.075 as entry already exists.
Skipping n=70000, coeff=5.0, trial=0, epsilon=0.1 as entry already exists.
Skipping n=70000, coeff=5.0, trial=0, epsilon=0.125 as entry already exists.
Skipping n=70000, coeff=5.0, trial=0, epsilon=0.15 as entry already exists.
Skipping n=70000, coeff=5.0, trial=0, epsilon=0.175 as entry already exists.
Skipping n=70000, coeff=5.0, trial=0, epsilon=0.2 as entry already exists.
Skipping n=70000, coeff=5.0, trial=0, epsilon=0.225 as entry already exists.
Skipping n=70000, coeff=5.0, trial=0, epsilon=0.25 as entry already exists.
Skipping n=70000, coeff=5.0, trial=1, epsilon=0.025 as entry already exists.
Skipping n=70000, coeff=5.0, trial=1, epsilon=0.05 as entry already exists.
Skipping n=70000, coeff=5.0, trial=1, epsilon=0.075 as entry already exists.
Skipping n=70000, coeff=5.0, trial=1, epsilon=0.1 as entry already exists.
Skipping n=70000, coeff=5.0, trial=1, epsilon=0.125 as entry already exists.
Skipping n=70000, coeff=5.0, trial=1, epsilon=0.15 as entry already exists.
Skipping n=70000, coeff=5.0, trial=1, epsilon=0.175 as entry already exists.
Skipping n=70000, coeff=5.0, trial=1, epsilon=0.2 as entry already exists.
Skipping n=70000, coeff=5.0, trial=1, epsilon=0.225 as entry already exists.
Skipping n=70000, coeff=5.0, trial=1, epsilon=0.25 as entry already exists.
Skipping n=70000, coeff=5.0, trial=2, epsilon=0.025 as entry already exists.
Skipping n=70000, coeff=5.0, trial=2, epsilon=0.05 as entry already exists.
Skipping n=70000, coeff=5.0, trial=2, epsilon=0.075 as entry already exists.
Skipping n=70000, coeff=5.0, trial=2, epsilon=0.1 as entry already exists.
Skipping n=70000, coeff=5.0, trial=2, epsilon=0.125 as entry already exists.
Skipping n=70000, coeff=5.0, trial=2, epsilon=0.15 as entry already exists.
Skipping n=70000, coeff=5.0, trial=2, epsilon=0.175 as entry already exists.
Skipping n=70000, coeff=5.0, trial=2, epsilon=0.2 as entry already exists.
Skipping n=70000, coeff=5.0, trial=2, epsilon=0.225 as entry already exists.
Skipping n=70000, coeff=5.0, trial=2, epsilon=0.25 as entry already exists.
Skipping n=70000, coeff=5.0, trial=3, epsilon=0.025 as entry already exists.
Skipping n=70000, coeff=5.0, trial=3, epsilon=0.05 as entry already exists.
Skipping n=70000, coeff=5.0, trial=3, epsilon=0.075 as entry already exists.
Skipping n=70000, coeff=5.0, trial=3, epsilon=0.1 as entry already exists.
Skipping n=70000, coeff=5.0, trial=3, epsilon=0.125 as entry already exists.
Skipping n=70000, coeff=5.0, trial=3, epsilon=0.15 as entry already exists.
Skipping n=70000, coeff=5.0, trial=3, epsilon=0.175 as entry already exists.
Skipping n=70000, coeff=5.0, trial=3, epsilon=0.2 as entry already exists.
Skipping n=70000, coeff=5.0, trial=3, epsilon=0.225 as entry already exists.
Skipping n=70000, coeff=5.0, trial=3, epsilon=0.25 as entry already exists.
Skipping n=70000, coeff=5.0, trial=4, epsilon=0.025 as entry already exists.
Skipping n=70000, coeff=5.0, trial=4, epsilon=0.05 as entry already exists.
Skipping n=70000, coeff=5.0, trial=4, epsilon=0.075 as entry already exists.
Skipping n=70000, coeff=5.0, trial=4, epsilon=0.1 as entry already exists.
Skipping n=70000, coeff=5.0, trial=4, epsilon=0.125 as entry already exists.
Skipping n=70000, coeff=5.0, trial=4, epsilon=0.15 as entry already exists.
Skipping n=70000, coeff=5.0, trial=4, epsilon=0.175 as entry already exists.
Skipping n=70000, coeff=5.0, trial=4, epsilon=0.2 as entry already exists.
Skipping n=70000, coeff=5.0, trial=4, epsilon=0.225 as entry already exists.
Skipping n=70000, coeff=5.0, trial=4, epsilon=0.25 as entry already exists.
Skipping n=70000, coeff=5.0, trial=5, epsilon=0.025 as entry already exists.
Skipping n=70000, coeff=5.0, trial=5, epsilon=0.05 as entry already exists.
Skipping n=70000, coeff=5.0, trial=5, epsilon=0.075 as entry already exists.
Skipping n=70000, coeff=5.0, trial=5, epsilon=0.1 as entry already exists.
Skipping n=70000, coeff=5.0, trial=5, epsilon=0.125 as entry already exists.
Skipping n=70000, coeff=5.0, trial=5, epsilon=0.15 as entry already exists.
Skipping n=70000, coeff=5.0, trial=5, epsilon=0.175 as entry already exists.
Skipping n=70000, coeff=5.0, trial=5, epsilon=0.2 as entry already exists.
Skipping n=70000, coeff=5.0, trial=5, epsilon=0.225 as entry already exists.
Skipping n=70000, coeff=5.0, trial=5, epsilon=0.25 as entry already exists.
Skipping n=70000, coeff=5.0, trial=6, epsilon=0.025 as entry already exists.
Skipping n=70000, coeff=5.0, trial=6, epsilon=0.05 as entry already exists.
Skipping n=70000, coeff=5.0, trial=6, epsilon=0.075 as entry already exists.
Skipping n=70000, coeff=5.0, trial=6, epsilon=0.1 as entry already exists.
Skipping n=70000, coeff=5.0, trial=6, epsilon=0.125 as entry already exists.
Skipping n=70000, coeff=5.0, trial=6, epsilon=0.15 as entry already exists.
Skipping n=70000, coeff=5.0, trial=6, epsilon=0.175 as entry already exists.
Skipping n=70000, coeff=5.0, trial=6, epsilon=0.2 as entry already exists.
n=70000, coeff=5.0, trial=6, GT MIS=35000, Greedy MIS=34303, |S|=45179, Oracle MIS=34998, Improvement=695
n=70000, coeff=5.0, trial=6, GT MIS=35000, Greedy MIS=34303, |S|=38603, Oracle MIS=34996, Improvement=693
n=70000, coeff=5.0, trial=7, GT MIS=35000, Greedy MIS=34187, |S|=70000, Oracle MIS=34187, Improvement=0
n=70000, coeff=5.0, trial=7, GT MIS=35000, Greedy MIS=34187, |S|=70000, Oracle MIS=34187, Improvement=0
n=70000, coeff=5.0, trial=7, GT MIS=35000, Greedy MIS=34187, |S|=69998, Oracle MIS=34185, Improvement=-2
n=70000, coeff=5.0, trial=7, GT MIS=35000, Greedy MIS=34187, |S|=69990, Oracle MIS=34178, Improvement=-9
n=70000, coeff=5.0, trial=7, GT MIS=35000, Greedy MIS=34187, |S|=69743, Oracle MIS=33804, Improvement=-383
n=70000, coeff=5.0, trial=7, GT MIS=35000, Greedy MIS=34187, |S|=68289, Oracle MIS=34301, Improvement=114
n=70000, coeff=5.0, trial=7, GT MIS=35000, Greedy MIS=34187, |S|=63177, Oracle MIS=34974, Improvement=787
n=70000, coeff=5.0, trial=7, GT MIS=35000, Greedy MIS=34187, |S|=54546, Oracle MIS=34999, Improvement=812
n=70000, coeff=5.0, trial=7, GT MIS=35000, Greedy MIS=34187, |S|=45254, Oracle MIS=34998, Improvement=811
n=70000, coeff=5.0, trial=7, GT MIS=35000, Greedy MIS=34187, |S|=38655, Oracle MIS=34996, Improvement=809
n=70000, coeff=5.0, trial=8, GT MIS=35000, Greedy MIS=34213, |S|=70000, Oracle MIS=34213, Improvement=0
n=70000, coeff=5.0, trial=8, GT MIS=35000, Greedy MIS=34213, |S|=70000, Oracle MIS=34213, Improvement=0
n=70000, coeff=5.0, trial=8, GT MIS=35000, Greedy MIS=34213, |S|=70000, Oracle MIS=34213, Improvement=0
n=70000, coeff=5.0, trial=8, GT MIS=35000, Greedy MIS=34213, |S|=69992, Oracle MIS=34206, Improvement=-7
n=70000, coeff=5.0, trial=8, GT MIS=35000, Greedy MIS=34213, |S|=69796, Oracle MIS=33840, Improvement=-373
n=70000, coeff=5.0, trial=8, GT MIS=35000, Greedy MIS=34213, |S|=68552, Oracle MIS=34130, Improvement=-83
n=70000, coeff=5.0, trial=8, GT MIS=35000, Greedy MIS=34213, |S|=63679, Oracle MIS=34967, Improvement=754
n=70000, coeff=5.0, trial=8, GT MIS=35000, Greedy MIS=34213, |S|=55143, Oracle MIS=34999, Improvement=786
n=70000, coeff=5.0, trial=8, GT MIS=35000, Greedy MIS=34213, |S|=45588, Oracle MIS=35000, Improvement=787
n=70000, coeff=5.0, trial=8, GT MIS=35000, Greedy MIS=34213, |S|=38820, Oracle MIS=35000, Improvement=787
n=70000, coeff=5.0, trial=9, GT MIS=35000, Greedy MIS=34039, |S|=70000, Oracle MIS=34039, Improvement=0
n=70000, coeff=5.0, trial=9, GT MIS=35000, Greedy MIS=34039, |S|=70000, Oracle MIS=34039, Improvement=0
n=70000, coeff=5.0, trial=9, GT MIS=35000, Greedy MIS=34039, |S|=69998, Oracle MIS=34037, Improvement=-2
n=70000, coeff=5.0, trial=9, GT MIS=35000, Greedy MIS=34039, |S|=69984, Oracle MIS=34011, Improvement=-28
n=70000, coeff=5.0, trial=9, GT MIS=35000, Greedy MIS=34039, |S|=69752, Oracle MIS=33427, Improvement=-612
n=70000, coeff=5.0, trial=9, GT MIS=35000, Greedy MIS=34039, |S|=68404, Oracle MIS=33710, Improvement=-329
n=70000, coeff=5.0, trial=9, GT MIS=35000, Greedy MIS=34039, |S|=63457, Oracle MIS=34965, Improvement=926
n=70000, coeff=5.0, trial=9, GT MIS=35000, Greedy MIS=34039, |S|=54847, Oracle MIS=35000, Improvement=961
n=70000, coeff=5.0, trial=9, GT MIS=35000, Greedy MIS=34039, |S|=45174, Oracle MIS=35000, Improvement=961
n=70000, coeff=5.0, trial=9, GT MIS=35000, Greedy MIS=34039, |S|=38527, Oracle MIS=34999, Improvement=960
Results saved to bipartite_experiment_results_epislons_70000.csv
