Running job on compute-3-04
Requested resources:
  - CPUs: 12
  - GPUs: 
  - Memory: 18000
Skipping n=85000, coeff=7.0, trial=0, epsilon=0.025 as entry already exists.
Skipping n=85000, coeff=7.0, trial=0, epsilon=0.05 as entry already exists.
Skipping n=85000, coeff=7.0, trial=0, epsilon=0.075 as entry already exists.
Skipping n=85000, coeff=7.0, trial=0, epsilon=0.1 as entry already exists.
Skipping n=85000, coeff=7.0, trial=0, epsilon=0.125 as entry already exists.
Skipping n=85000, coeff=7.0, trial=0, epsilon=0.15 as entry already exists.
Skipping n=85000, coeff=7.0, trial=0, epsilon=0.175 as entry already exists.
Skipping n=85000, coeff=7.0, trial=0, epsilon=0.2 as entry already exists.
Skipping n=85000, coeff=7.0, trial=0, epsilon=0.225 as entry already exists.
Skipping n=85000, coeff=7.0, trial=0, epsilon=0.25 as entry already exists.
Skipping n=85000, coeff=7.0, trial=1, epsilon=0.025 as entry already exists.
Skipping n=85000, coeff=7.0, trial=1, epsilon=0.05 as entry already exists.
Skipping n=85000, coeff=7.0, trial=1, epsilon=0.075 as entry already exists.
Skipping n=85000, coeff=7.0, trial=1, epsilon=0.1 as entry already exists.
Skipping n=85000, coeff=7.0, trial=1, epsilon=0.125 as entry already exists.
Skipping n=85000, coeff=7.0, trial=1, epsilon=0.15 as entry already exists.
Skipping n=85000, coeff=7.0, trial=1, epsilon=0.175 as entry already exists.
Skipping n=85000, coeff=7.0, trial=1, epsilon=0.2 as entry already exists.
Skipping n=85000, coeff=7.0, trial=1, epsilon=0.225 as entry already exists.
Skipping n=85000, coeff=7.0, trial=1, epsilon=0.25 as entry already exists.
Skipping n=85000, coeff=7.0, trial=2, epsilon=0.025 as entry already exists.
Skipping n=85000, coeff=7.0, trial=2, epsilon=0.05 as entry already exists.
Skipping n=85000, coeff=7.0, trial=2, epsilon=0.075 as entry already exists.
Skipping n=85000, coeff=7.0, trial=2, epsilon=0.1 as entry already exists.
Skipping n=85000, coeff=7.0, trial=2, epsilon=0.125 as entry already exists.
Skipping n=85000, coeff=7.0, trial=2, epsilon=0.15 as entry already exists.
Skipping n=85000, coeff=7.0, trial=2, epsilon=0.175 as entry already exists.
Skipping n=85000, coeff=7.0, trial=2, epsilon=0.2 as entry already exists.
Skipping n=85000, coeff=7.0, trial=2, epsilon=0.225 as entry already exists.
Skipping n=85000, coeff=7.0, trial=2, epsilon=0.25 as entry already exists.
Skipping n=85000, coeff=7.0, trial=3, epsilon=0.025 as entry already exists.
Skipping n=85000, coeff=7.0, trial=3, epsilon=0.05 as entry already exists.
Skipping n=85000, coeff=7.0, trial=3, epsilon=0.075 as entry already exists.
Skipping n=85000, coeff=7.0, trial=3, epsilon=0.1 as entry already exists.
Skipping n=85000, coeff=7.0, trial=3, epsilon=0.125 as entry already exists.
Skipping n=85000, coeff=7.0, trial=3, epsilon=0.15 as entry already exists.
Skipping n=85000, coeff=7.0, trial=3, epsilon=0.175 as entry already exists.
Skipping n=85000, coeff=7.0, trial=3, epsilon=0.2 as entry already exists.
Skipping n=85000, coeff=7.0, trial=3, epsilon=0.225 as entry already exists.
Skipping n=85000, coeff=7.0, trial=3, epsilon=0.25 as entry already exists.
Skipping n=85000, coeff=7.0, trial=4, epsilon=0.025 as entry already exists.
Skipping n=85000, coeff=7.0, trial=4, epsilon=0.05 as entry already exists.
Skipping n=85000, coeff=7.0, trial=4, epsilon=0.075 as entry already exists.
Skipping n=85000, coeff=7.0, trial=4, epsilon=0.1 as entry already exists.
Skipping n=85000, coeff=7.0, trial=4, epsilon=0.125 as entry already exists.
Skipping n=85000, coeff=7.0, trial=4, epsilon=0.15 as entry already exists.
Skipping n=85000, coeff=7.0, trial=4, epsilon=0.175 as entry already exists.
Skipping n=85000, coeff=7.0, trial=4, epsilon=0.2 as entry already exists.
Skipping n=85000, coeff=7.0, trial=4, epsilon=0.225 as entry already exists.
Skipping n=85000, coeff=7.0, trial=4, epsilon=0.25 as entry already exists.
Skipping n=85000, coeff=7.0, trial=5, epsilon=0.025 as entry already exists.
Skipping n=85000, coeff=7.0, trial=5, epsilon=0.05 as entry already exists.
Skipping n=85000, coeff=7.0, trial=5, epsilon=0.075 as entry already exists.
Skipping n=85000, coeff=7.0, trial=5, epsilon=0.1 as entry already exists.
Skipping n=85000, coeff=7.0, trial=5, epsilon=0.125 as entry already exists.
Skipping n=85000, coeff=7.0, trial=5, epsilon=0.15 as entry already exists.
Skipping n=85000, coeff=7.0, trial=5, epsilon=0.175 as entry already exists.
Skipping n=85000, coeff=7.0, trial=5, epsilon=0.2 as entry already exists.
Skipping n=85000, coeff=7.0, trial=5, epsilon=0.225 as entry already exists.
Skipping n=85000, coeff=7.0, trial=5, epsilon=0.25 as entry already exists.
Skipping n=85000, coeff=7.0, trial=6, epsilon=0.025 as entry already exists.
Skipping n=85000, coeff=7.0, trial=6, epsilon=0.05 as entry already exists.
Skipping n=85000, coeff=7.0, trial=6, epsilon=0.075 as entry already exists.
Skipping n=85000, coeff=7.0, trial=6, epsilon=0.1 as entry already exists.
Skipping n=85000, coeff=7.0, trial=6, epsilon=0.125 as entry already exists.
Skipping n=85000, coeff=7.0, trial=6, epsilon=0.15 as entry already exists.
Skipping n=85000, coeff=7.0, trial=6, epsilon=0.175 as entry already exists.
Skipping n=85000, coeff=7.0, trial=6, epsilon=0.2 as entry already exists.
Skipping n=85000, coeff=7.0, trial=6, epsilon=0.225 as entry already exists.
Skipping n=85000, coeff=7.0, trial=6, epsilon=0.25 as entry already exists.
Skipping n=85000, coeff=7.0, trial=7, epsilon=0.025 as entry already exists.
Skipping n=85000, coeff=7.0, trial=7, epsilon=0.05 as entry already exists.
Skipping n=85000, coeff=7.0, trial=7, epsilon=0.075 as entry already exists.
Skipping n=85000, coeff=7.0, trial=7, epsilon=0.1 as entry already exists.
Skipping n=85000, coeff=7.0, trial=7, epsilon=0.125 as entry already exists.
Skipping n=85000, coeff=7.0, trial=7, epsilon=0.15 as entry already exists.
Skipping n=85000, coeff=7.0, trial=7, epsilon=0.175 as entry already exists.
Skipping n=85000, coeff=7.0, trial=7, epsilon=0.2 as entry already exists.
Skipping n=85000, coeff=7.0, trial=7, epsilon=0.225 as entry already exists.
Skipping n=85000, coeff=7.0, trial=7, epsilon=0.25 as entry already exists.
Skipping n=85000, coeff=7.0, trial=8, epsilon=0.025 as entry already exists.
Skipping n=85000, coeff=7.0, trial=8, epsilon=0.05 as entry already exists.
Skipping n=85000, coeff=7.0, trial=8, epsilon=0.075 as entry already exists.
Skipping n=85000, coeff=7.0, trial=8, epsilon=0.1 as entry already exists.
Skipping n=85000, coeff=7.0, trial=8, epsilon=0.125 as entry already exists.
Skipping n=85000, coeff=7.0, trial=8, epsilon=0.15 as entry already exists.
Skipping n=85000, coeff=7.0, trial=8, epsilon=0.175 as entry already exists.
Skipping n=85000, coeff=7.0, trial=8, epsilon=0.2 as entry already exists.
Skipping n=85000, coeff=7.0, trial=8, epsilon=0.225 as entry already exists.
Skipping n=85000, coeff=7.0, trial=8, epsilon=0.25 as entry already exists.
n=85000, coeff=7.0, trial=9, GT MIS=42500, Greedy MIS=41277, |S|=85000, Oracle MIS=41277, Improvement=0
n=85000, coeff=7.0, trial=9, GT MIS=42500, Greedy MIS=41277, |S|=85000, Oracle MIS=41277, Improvement=0
n=85000, coeff=7.0, trial=9, GT MIS=42500, Greedy MIS=41277, |S|=84997, Oracle MIS=41277, Improvement=0
n=85000, coeff=7.0, trial=9, GT MIS=42500, Greedy MIS=41277, |S|=84967, Oracle MIS=41277, Improvement=0
n=85000, coeff=7.0, trial=9, GT MIS=42500, Greedy MIS=41277, |S|=84419, Oracle MIS=41277, Improvement=0
n=85000, coeff=7.0, trial=9, GT MIS=42500, Greedy MIS=41277, |S|=81190, Oracle MIS=42453, Improvement=1176
n=85000, coeff=7.0, trial=9, GT MIS=42500, Greedy MIS=41277, |S|=71753, Oracle MIS=42500, Improvement=1223
n=85000, coeff=7.0, trial=9, GT MIS=42500, Greedy MIS=41277, |S|=57296, Oracle MIS=42500, Improvement=1223
n=85000, coeff=7.0, trial=9, GT MIS=42500, Greedy MIS=41277, |S|=47561, Oracle MIS=42499, Improvement=1222
n=85000, coeff=7.0, trial=9, GT MIS=42500, Greedy MIS=41277, |S|=43643, Oracle MIS=42498, Improvement=1221
Results saved to bipartite_experiment_results_epislons_85000.csv
