Running job on compute-0-53
Requested resources:
  - CPUs: 18
  - GPUs: 
  - Memory: 18000
n=55000, coeff=7.0, trial=0, GT MIS=27500, Greedy MIS=26705, |S|=55000, Oracle MIS=26705, Improvement=0
n=55000, coeff=7.0, trial=0, GT MIS=27500, Greedy MIS=26705, |S|=55000, Oracle MIS=26705, Improvement=0
n=55000, coeff=7.0, trial=0, GT MIS=27500, Greedy MIS=26705, |S|=55000, Oracle MIS=26705, Improvement=0
n=55000, coeff=7.0, trial=0, GT MIS=27500, Greedy MIS=26705, |S|=54989, Oracle MIS=26694, Improvement=-11
n=55000, coeff=7.0, trial=0, GT MIS=27500, Greedy MIS=26705, |S|=54733, Oracle MIS=26955, Improvement=250
n=55000, coeff=7.0, trial=0, GT MIS=27500, Greedy MIS=26705, |S|=52949, Oracle MIS=27439, Improvement=734
n=55000, coeff=7.0, trial=0, GT MIS=27500, Greedy MIS=26705, |S|=47301, Oracle MIS=27500, Improvement=795
n=55000, coeff=7.0, trial=0, GT MIS=27500, Greedy MIS=26705, |S|=38519, Oracle MIS=27500, Improvement=795
n=55000, coeff=7.0, trial=0, GT MIS=27500, Greedy MIS=26705, |S|=31503, Oracle MIS=27500, Improvement=795
n=55000, coeff=7.0, trial=0, GT MIS=27500, Greedy MIS=26705, |S|=28427, Oracle MIS=27500, Improvement=795
n=55000, coeff=7.0, trial=1, GT MIS=27500, Greedy MIS=26710, |S|=55000, Oracle MIS=26710, Improvement=0
n=55000, coeff=7.0, trial=1, GT MIS=27500, Greedy MIS=26710, |S|=55000, Oracle MIS=26710, Improvement=0
n=55000, coeff=7.0, trial=1, GT MIS=27500, Greedy MIS=26710, |S|=55000, Oracle MIS=26710, Improvement=0
n=55000, coeff=7.0, trial=1, GT MIS=27500, Greedy MIS=26710, |S|=54987, Oracle MIS=26698, Improvement=-12
n=55000, coeff=7.0, trial=1, GT MIS=27500, Greedy MIS=26710, |S|=54659, Oracle MIS=26772, Improvement=62
n=55000, coeff=7.0, trial=1, GT MIS=27500, Greedy MIS=26710, |S|=52611, Oracle MIS=27422, Improvement=712
n=55000, coeff=7.0, trial=1, GT MIS=27500, Greedy MIS=26710, |S|=46626, Oracle MIS=27500, Improvement=790
n=55000, coeff=7.0, trial=1, GT MIS=27500, Greedy MIS=26710, |S|=37626, Oracle MIS=27500, Improvement=790
n=55000, coeff=7.0, trial=1, GT MIS=27500, Greedy MIS=26710, |S|=31017, Oracle MIS=27500, Improvement=790
n=55000, coeff=7.0, trial=1, GT MIS=27500, Greedy MIS=26710, |S|=28340, Oracle MIS=27499, Improvement=789
n=55000, coeff=7.0, trial=2, GT MIS=27500, Greedy MIS=26477, |S|=55000, Oracle MIS=26477, Improvement=0
n=55000, coeff=7.0, trial=2, GT MIS=27500, Greedy MIS=26477, |S|=55000, Oracle MIS=26477, Improvement=0
n=55000, coeff=7.0, trial=2, GT MIS=27500, Greedy MIS=26477, |S|=55000, Oracle MIS=26477, Improvement=0
n=55000, coeff=7.0, trial=2, GT MIS=27500, Greedy MIS=26477, |S|=54976, Oracle MIS=26434, Improvement=-43
n=55000, coeff=7.0, trial=2, GT MIS=27500, Greedy MIS=26477, |S|=54692, Oracle MIS=26235, Improvement=-242
n=55000, coeff=7.0, trial=2, GT MIS=27500, Greedy MIS=26477, |S|=52585, Oracle MIS=27369, Improvement=892
n=55000, coeff=7.0, trial=2, GT MIS=27500, Greedy MIS=26477, |S|=46337, Oracle MIS=27500, Improvement=1023
n=55000, coeff=7.0, trial=2, GT MIS=27500, Greedy MIS=26477, |S|=37660, Oracle MIS=27500, Improvement=1023
n=55000, coeff=7.0, trial=2, GT MIS=27500, Greedy MIS=26477, |S|=30965, Oracle MIS=27500, Improvement=1023
n=55000, coeff=7.0, trial=2, GT MIS=27500, Greedy MIS=26477, |S|=28323, Oracle MIS=27500, Improvement=1023
n=55000, coeff=7.0, trial=3, GT MIS=27500, Greedy MIS=26935, |S|=55000, Oracle MIS=26935, Improvement=0
n=55000, coeff=7.0, trial=3, GT MIS=27500, Greedy MIS=26935, |S|=55000, Oracle MIS=26935, Improvement=0
n=55000, coeff=7.0, trial=3, GT MIS=27500, Greedy MIS=26935, |S|=54999, Oracle MIS=26935, Improvement=0
n=55000, coeff=7.0, trial=3, GT MIS=27500, Greedy MIS=26935, |S|=54984, Oracle MIS=26935, Improvement=0
n=55000, coeff=7.0, trial=3, GT MIS=27500, Greedy MIS=26935, |S|=54700, Oracle MIS=26935, Improvement=0
n=55000, coeff=7.0, trial=3, GT MIS=27500, Greedy MIS=26935, |S|=52817, Oracle MIS=27418, Improvement=483
n=55000, coeff=7.0, trial=3, GT MIS=27500, Greedy MIS=26935, |S|=47147, Oracle MIS=27500, Improvement=565
n=55000, coeff=7.0, trial=3, GT MIS=27500, Greedy MIS=26935, |S|=38459, Oracle MIS=27500, Improvement=565
n=55000, coeff=7.0, trial=3, GT MIS=27500, Greedy MIS=26935, |S|=31380, Oracle MIS=27498, Improvement=563
n=55000, coeff=7.0, trial=3, GT MIS=27500, Greedy MIS=26935, |S|=28405, Oracle MIS=27497, Improvement=562
n=55000, coeff=7.0, trial=4, GT MIS=27500, Greedy MIS=26732, |S|=55000, Oracle MIS=26732, Improvement=0
n=55000, coeff=7.0, trial=4, GT MIS=27500, Greedy MIS=26732, |S|=55000, Oracle MIS=26732, Improvement=0
n=55000, coeff=7.0, trial=4, GT MIS=27500, Greedy MIS=26732, |S|=55000, Oracle MIS=26732, Improvement=0
n=55000, coeff=7.0, trial=4, GT MIS=27500, Greedy MIS=26732, |S|=54988, Oracle MIS=26721, Improvement=-11
n=55000, coeff=7.0, trial=4, GT MIS=27500, Greedy MIS=26732, |S|=54688, Oracle MIS=26516, Improvement=-216
n=55000, coeff=7.0, trial=4, GT MIS=27500, Greedy MIS=26732, |S|=52799, Oracle MIS=27400, Improvement=668
n=55000, coeff=7.0, trial=4, GT MIS=27500, Greedy MIS=26732, |S|=46992, Oracle MIS=27500, Improvement=768
n=55000, coeff=7.0, trial=4, GT MIS=27500, Greedy MIS=26732, |S|=38204, Oracle MIS=27500, Improvement=768
n=55000, coeff=7.0, trial=4, GT MIS=27500, Greedy MIS=26732, |S|=31248, Oracle MIS=27500, Improvement=768
n=55000, coeff=7.0, trial=4, GT MIS=27500, Greedy MIS=26732, |S|=28401, Oracle MIS=27500, Improvement=768
n=55000, coeff=7.0, trial=5, GT MIS=27500, Greedy MIS=26967, |S|=55000, Oracle MIS=26967, Improvement=0
n=55000, coeff=7.0, trial=5, GT MIS=27500, Greedy MIS=26967, |S|=55000, Oracle MIS=26967, Improvement=0
n=55000, coeff=7.0, trial=5, GT MIS=27500, Greedy MIS=26967, |S|=55000, Oracle MIS=26967, Improvement=0
n=55000, coeff=7.0, trial=5, GT MIS=27500, Greedy MIS=26967, |S|=54986, Oracle MIS=26967, Improvement=0
n=55000, coeff=7.0, trial=5, GT MIS=27500, Greedy MIS=26967, |S|=54763, Oracle MIS=26967, Improvement=0
n=55000, coeff=7.0, trial=5, GT MIS=27500, Greedy MIS=26967, |S|=53058, Oracle MIS=27450, Improvement=483
n=55000, coeff=7.0, trial=5, GT MIS=27500, Greedy MIS=26967, |S|=47427, Oracle MIS=27500, Improvement=533
n=55000, coeff=7.0, trial=5, GT MIS=27500, Greedy MIS=26967, |S|=38756, Oracle MIS=27500, Improvement=533
n=55000, coeff=7.0, trial=5, GT MIS=27500, Greedy MIS=26967, |S|=31637, Oracle MIS=27500, Improvement=533
n=55000, coeff=7.0, trial=5, GT MIS=27500, Greedy MIS=26967, |S|=28462, Oracle MIS=27499, Improvement=532
n=55000, coeff=7.0, trial=6, GT MIS=27500, Greedy MIS=26571, |S|=55000, Oracle MIS=26571, Improvement=0
n=55000, coeff=7.0, trial=6, GT MIS=27500, Greedy MIS=26571, |S|=55000, Oracle MIS=26571, Improvement=0
n=55000, coeff=7.0, trial=6, GT MIS=27500, Greedy MIS=26571, |S|=55000, Oracle MIS=26571, Improvement=0
n=55000, coeff=7.0, trial=6, GT MIS=27500, Greedy MIS=26571, |S|=54976, Oracle MIS=26550, Improvement=-21
n=55000, coeff=7.0, trial=6, GT MIS=27500, Greedy MIS=26571, |S|=54681, Oracle MIS=25913, Improvement=-658
n=55000, coeff=7.0, trial=6, GT MIS=27500, Greedy MIS=26571, |S|=52699, Oracle MIS=27333, Improvement=762
n=55000, coeff=7.0, trial=6, GT MIS=27500, Greedy MIS=26571, |S|=46865, Oracle MIS=27500, Improvement=929
n=55000, coeff=7.0, trial=6, GT MIS=27500, Greedy MIS=26571, |S|=37874, Oracle MIS=27500, Improvement=929
n=55000, coeff=7.0, trial=6, GT MIS=27500, Greedy MIS=26571, |S|=31242, Oracle MIS=27500, Improvement=929
n=55000, coeff=7.0, trial=6, GT MIS=27500, Greedy MIS=26571, |S|=28400, Oracle MIS=27499, Improvement=928
n=55000, coeff=7.0, trial=7, GT MIS=27500, Greedy MIS=26831, |S|=55000, Oracle MIS=26831, Improvement=0
n=55000, coeff=7.0, trial=7, GT MIS=27500, Greedy MIS=26831, |S|=55000, Oracle MIS=26831, Improvement=0
n=55000, coeff=7.0, trial=7, GT MIS=27500, Greedy MIS=26831, |S|=55000, Oracle MIS=26831, Improvement=0
n=55000, coeff=7.0, trial=7, GT MIS=27500, Greedy MIS=26831, |S|=54987, Oracle MIS=26818, Improvement=-13
n=55000, coeff=7.0, trial=7, GT MIS=27500, Greedy MIS=26831, |S|=54731, Oracle MIS=26774, Improvement=-57
n=55000, coeff=7.0, trial=7, GT MIS=27500, Greedy MIS=26831, |S|=52924, Oracle MIS=27425, Improvement=594
n=55000, coeff=7.0, trial=7, GT MIS=27500, Greedy MIS=26831, |S|=47205, Oracle MIS=27500, Improvement=669
n=55000, coeff=7.0, trial=7, GT MIS=27500, Greedy MIS=26831, |S|=38419, Oracle MIS=27500, Improvement=669
n=55000, coeff=7.0, trial=7, GT MIS=27500, Greedy MIS=26831, |S|=31456, Oracle MIS=27500, Improvement=669
n=55000, coeff=7.0, trial=7, GT MIS=27500, Greedy MIS=26831, |S|=28398, Oracle MIS=27500, Improvement=669
n=55000, coeff=7.0, trial=8, GT MIS=27500, Greedy MIS=26159, |S|=55000, Oracle MIS=26159, Improvement=0
n=55000, coeff=7.0, trial=8, GT MIS=27500, Greedy MIS=26159, |S|=55000, Oracle MIS=26159, Improvement=0
n=55000, coeff=7.0, trial=8, GT MIS=27500, Greedy MIS=26159, |S|=55000, Oracle MIS=26159, Improvement=0
n=55000, coeff=7.0, trial=8, GT MIS=27500, Greedy MIS=26159, |S|=54991, Oracle MIS=26150, Improvement=-9
n=55000, coeff=7.0, trial=8, GT MIS=27500, Greedy MIS=26159, |S|=54725, Oracle MIS=26641, Improvement=482
n=55000, coeff=7.0, trial=8, GT MIS=27500, Greedy MIS=26159, |S|=52960, Oracle MIS=27406, Improvement=1247
n=55000, coeff=7.0, trial=8, GT MIS=27500, Greedy MIS=26159, |S|=47480, Oracle MIS=27500, Improvement=1341
n=55000, coeff=7.0, trial=8, GT MIS=27500, Greedy MIS=26159, |S|=38746, Oracle MIS=27500, Improvement=1341
n=55000, coeff=7.0, trial=8, GT MIS=27500, Greedy MIS=26159, |S|=31573, Oracle MIS=27500, Improvement=1341
n=55000, coeff=7.0, trial=8, GT MIS=27500, Greedy MIS=26159, |S|=28475, Oracle MIS=27500, Improvement=1341
n=55000, coeff=7.0, trial=9, GT MIS=27500, Greedy MIS=26924, |S|=55000, Oracle MIS=26924, Improvement=0
n=55000, coeff=7.0, trial=9, GT MIS=27500, Greedy MIS=26924, |S|=55000, Oracle MIS=26924, Improvement=0
n=55000, coeff=7.0, trial=9, GT MIS=27500, Greedy MIS=26924, |S|=55000, Oracle MIS=26924, Improvement=0
n=55000, coeff=7.0, trial=9, GT MIS=27500, Greedy MIS=26924, |S|=54983, Oracle MIS=26888, Improvement=-36
n=55000, coeff=7.0, trial=9, GT MIS=27500, Greedy MIS=26924, |S|=54735, Oracle MIS=26821, Improvement=-103
n=55000, coeff=7.0, trial=9, GT MIS=27500, Greedy MIS=26924, |S|=52935, Oracle MIS=27424, Improvement=500
n=55000, coeff=7.0, trial=9, GT MIS=27500, Greedy MIS=26924, |S|=47171, Oracle MIS=27500, Improvement=576
n=55000, coeff=7.0, trial=9, GT MIS=27500, Greedy MIS=26924, |S|=38343, Oracle MIS=27500, Improvement=576
n=55000, coeff=7.0, trial=9, GT MIS=27500, Greedy MIS=26924, |S|=31409, Oracle MIS=27500, Improvement=576
n=55000, coeff=7.0, trial=9, GT MIS=27500, Greedy MIS=26924, |S|=28417, Oracle MIS=27499, Improvement=575
Results saved to bipartite_experiment_results_epislons_55000.csv
