Running job on compute-0-01
Requested resources:
  - CPUs: 12
  - GPUs: 
  - Memory: 18000
Skipping n=80000, coeff=15.0, trial=0, epsilon=0.025 as entry already exists.
Skipping n=80000, coeff=15.0, trial=0, epsilon=0.05 as entry already exists.
Skipping n=80000, coeff=15.0, trial=0, epsilon=0.075 as entry already exists.
Skipping n=80000, coeff=15.0, trial=0, epsilon=0.1 as entry already exists.
Skipping n=80000, coeff=15.0, trial=0, epsilon=0.125 as entry already exists.
Skipping n=80000, coeff=15.0, trial=0, epsilon=0.15 as entry already exists.
Skipping n=80000, coeff=15.0, trial=0, epsilon=0.175 as entry already exists.
Skipping n=80000, coeff=15.0, trial=0, epsilon=0.2 as entry already exists.
Skipping n=80000, coeff=15.0, trial=0, epsilon=0.225 as entry already exists.
Skipping n=80000, coeff=15.0, trial=0, epsilon=0.25 as entry already exists.
Skipping n=80000, coeff=15.0, trial=1, epsilon=0.025 as entry already exists.
Skipping n=80000, coeff=15.0, trial=1, epsilon=0.05 as entry already exists.
Skipping n=80000, coeff=15.0, trial=1, epsilon=0.075 as entry already exists.
Skipping n=80000, coeff=15.0, trial=1, epsilon=0.1 as entry already exists.
Skipping n=80000, coeff=15.0, trial=1, epsilon=0.125 as entry already exists.
Skipping n=80000, coeff=15.0, trial=1, epsilon=0.15 as entry already exists.
Skipping n=80000, coeff=15.0, trial=1, epsilon=0.175 as entry already exists.
Skipping n=80000, coeff=15.0, trial=1, epsilon=0.2 as entry already exists.
Skipping n=80000, coeff=15.0, trial=1, epsilon=0.225 as entry already exists.
Skipping n=80000, coeff=15.0, trial=1, epsilon=0.25 as entry already exists.
Skipping n=80000, coeff=15.0, trial=2, epsilon=0.025 as entry already exists.
Skipping n=80000, coeff=15.0, trial=2, epsilon=0.05 as entry already exists.
Skipping n=80000, coeff=15.0, trial=2, epsilon=0.075 as entry already exists.
Skipping n=80000, coeff=15.0, trial=2, epsilon=0.1 as entry already exists.
Skipping n=80000, coeff=15.0, trial=2, epsilon=0.125 as entry already exists.
Skipping n=80000, coeff=15.0, trial=2, epsilon=0.15 as entry already exists.
Skipping n=80000, coeff=15.0, trial=2, epsilon=0.175 as entry already exists.
Skipping n=80000, coeff=15.0, trial=2, epsilon=0.2 as entry already exists.
Skipping n=80000, coeff=15.0, trial=2, epsilon=0.225 as entry already exists.
Skipping n=80000, coeff=15.0, trial=2, epsilon=0.25 as entry already exists.
Skipping n=80000, coeff=15.0, trial=3, epsilon=0.025 as entry already exists.
Skipping n=80000, coeff=15.0, trial=3, epsilon=0.05 as entry already exists.
Skipping n=80000, coeff=15.0, trial=3, epsilon=0.075 as entry already exists.
Skipping n=80000, coeff=15.0, trial=3, epsilon=0.1 as entry already exists.
Skipping n=80000, coeff=15.0, trial=3, epsilon=0.125 as entry already exists.
Skipping n=80000, coeff=15.0, trial=3, epsilon=0.15 as entry already exists.
Skipping n=80000, coeff=15.0, trial=3, epsilon=0.175 as entry already exists.
Skipping n=80000, coeff=15.0, trial=3, epsilon=0.2 as entry already exists.
Skipping n=80000, coeff=15.0, trial=3, epsilon=0.225 as entry already exists.
Skipping n=80000, coeff=15.0, trial=3, epsilon=0.25 as entry already exists.
Skipping n=80000, coeff=15.0, trial=4, epsilon=0.025 as entry already exists.
Skipping n=80000, coeff=15.0, trial=4, epsilon=0.05 as entry already exists.
Skipping n=80000, coeff=15.0, trial=4, epsilon=0.075 as entry already exists.
Skipping n=80000, coeff=15.0, trial=4, epsilon=0.1 as entry already exists.
Skipping n=80000, coeff=15.0, trial=4, epsilon=0.125 as entry already exists.
Skipping n=80000, coeff=15.0, trial=4, epsilon=0.15 as entry already exists.
Skipping n=80000, coeff=15.0, trial=4, epsilon=0.175 as entry already exists.
Skipping n=80000, coeff=15.0, trial=4, epsilon=0.2 as entry already exists.
Skipping n=80000, coeff=15.0, trial=4, epsilon=0.225 as entry already exists.
Skipping n=80000, coeff=15.0, trial=4, epsilon=0.25 as entry already exists.
Skipping n=80000, coeff=15.0, trial=5, epsilon=0.025 as entry already exists.
Skipping n=80000, coeff=15.0, trial=5, epsilon=0.05 as entry already exists.
Skipping n=80000, coeff=15.0, trial=5, epsilon=0.075 as entry already exists.
Skipping n=80000, coeff=15.0, trial=5, epsilon=0.1 as entry already exists.
Skipping n=80000, coeff=15.0, trial=5, epsilon=0.125 as entry already exists.
Skipping n=80000, coeff=15.0, trial=5, epsilon=0.15 as entry already exists.
Skipping n=80000, coeff=15.0, trial=5, epsilon=0.175 as entry already exists.
Skipping n=80000, coeff=15.0, trial=5, epsilon=0.2 as entry already exists.
Skipping n=80000, coeff=15.0, trial=5, epsilon=0.225 as entry already exists.
Skipping n=80000, coeff=15.0, trial=5, epsilon=0.25 as entry already exists.
Skipping n=80000, coeff=15.0, trial=6, epsilon=0.025 as entry already exists.
Skipping n=80000, coeff=15.0, trial=6, epsilon=0.05 as entry already exists.
Skipping n=80000, coeff=15.0, trial=6, epsilon=0.075 as entry already exists.
Skipping n=80000, coeff=15.0, trial=6, epsilon=0.1 as entry already exists.
Skipping n=80000, coeff=15.0, trial=6, epsilon=0.125 as entry already exists.
Skipping n=80000, coeff=15.0, trial=6, epsilon=0.15 as entry already exists.
Skipping n=80000, coeff=15.0, trial=6, epsilon=0.175 as entry already exists.
Skipping n=80000, coeff=15.0, trial=6, epsilon=0.2 as entry already exists.
Skipping n=80000, coeff=15.0, trial=6, epsilon=0.225 as entry already exists.
Skipping n=80000, coeff=15.0, trial=6, epsilon=0.25 as entry already exists.
Skipping n=80000, coeff=15.0, trial=7, epsilon=0.025 as entry already exists.
Skipping n=80000, coeff=15.0, trial=7, epsilon=0.05 as entry already exists.
Skipping n=80000, coeff=15.0, trial=7, epsilon=0.075 as entry already exists.
Skipping n=80000, coeff=15.0, trial=7, epsilon=0.1 as entry already exists.
Skipping n=80000, coeff=15.0, trial=7, epsilon=0.125 as entry already exists.
Skipping n=80000, coeff=15.0, trial=7, epsilon=0.15 as entry already exists.
Skipping n=80000, coeff=15.0, trial=7, epsilon=0.175 as entry already exists.
Skipping n=80000, coeff=15.0, trial=7, epsilon=0.2 as entry already exists.
Skipping n=80000, coeff=15.0, trial=7, epsilon=0.225 as entry already exists.
Skipping n=80000, coeff=15.0, trial=7, epsilon=0.25 as entry already exists.
Skipping n=80000, coeff=15.0, trial=8, epsilon=0.025 as entry already exists.
Skipping n=80000, coeff=15.0, trial=8, epsilon=0.05 as entry already exists.
n=80000, coeff=15.0, trial=8, GT MIS=40000, Greedy MIS=39746, |S|=79997, Oracle MIS=39743, Improvement=-3
n=80000, coeff=15.0, trial=8, GT MIS=40000, Greedy MIS=39746, |S|=79890, Oracle MIS=39637, Improvement=-109
n=80000, coeff=15.0, trial=8, GT MIS=40000, Greedy MIS=39746, |S|=77547, Oracle MIS=39855, Improvement=109
n=80000, coeff=15.0, trial=8, GT MIS=40000, Greedy MIS=39746, |S|=65293, Oracle MIS=40000, Improvement=254
n=80000, coeff=15.0, trial=8, GT MIS=40000, Greedy MIS=39746, |S|=47906, Oracle MIS=40000, Improvement=254
n=80000, coeff=15.0, trial=8, GT MIS=40000, Greedy MIS=39746, |S|=40996, Oracle MIS=40000, Improvement=254
n=80000, coeff=15.0, trial=8, GT MIS=40000, Greedy MIS=39746, |S|=40053, Oracle MIS=40000, Improvement=254
n=80000, coeff=15.0, trial=8, GT MIS=40000, Greedy MIS=39746, |S|=40000, Oracle MIS=40000, Improvement=254
n=80000, coeff=15.0, trial=9, GT MIS=40000, Greedy MIS=39499, |S|=80000, Oracle MIS=39499, Improvement=0
n=80000, coeff=15.0, trial=9, GT MIS=40000, Greedy MIS=39499, |S|=80000, Oracle MIS=39499, Improvement=0
n=80000, coeff=15.0, trial=9, GT MIS=40000, Greedy MIS=39499, |S|=80000, Oracle MIS=39499, Improvement=0
n=80000, coeff=15.0, trial=9, GT MIS=40000, Greedy MIS=39499, |S|=79906, Oracle MIS=39408, Improvement=-91
n=80000, coeff=15.0, trial=9, GT MIS=40000, Greedy MIS=39499, |S|=77579, Oracle MIS=39951, Improvement=452
n=80000, coeff=15.0, trial=9, GT MIS=40000, Greedy MIS=39499, |S|=65668, Oracle MIS=40000, Improvement=501
n=80000, coeff=15.0, trial=9, GT MIS=40000, Greedy MIS=39499, |S|=48478, Oracle MIS=40000, Improvement=501
n=80000, coeff=15.0, trial=9, GT MIS=40000, Greedy MIS=39499, |S|=41136, Oracle MIS=40000, Improvement=501
n=80000, coeff=15.0, trial=9, GT MIS=40000, Greedy MIS=39499, |S|=40060, Oracle MIS=40000, Improvement=501
n=80000, coeff=15.0, trial=9, GT MIS=40000, Greedy MIS=39499, |S|=40000, Oracle MIS=39999, Improvement=500
Results saved to bipartite_experiment_results_epislons_80000.csv
