Running job on compute-3-04
Requested resources:
  - CPUs: 12
  - GPUs: 
  - Memory: 18000
n=30000, coeff=20.0, trial=0, GT MIS=15000, Greedy MIS=14865, |S|=30000, Oracle MIS=14865, Improvement=0
n=30000, coeff=20.0, trial=0, GT MIS=15000, Greedy MIS=14865, |S|=30000, Oracle MIS=14865, Improvement=0
n=30000, coeff=20.0, trial=0, GT MIS=15000, Greedy MIS=14865, |S|=30000, Oracle MIS=14865, Improvement=0
n=30000, coeff=20.0, trial=0, GT MIS=15000, Greedy MIS=14865, |S|=29936, Oracle MIS=14802, Improvement=-63
n=30000, coeff=20.0, trial=0, GT MIS=15000, Greedy MIS=14865, |S|=28656, Oracle MIS=15000, Improvement=135
n=30000, coeff=20.0, trial=0, GT MIS=15000, Greedy MIS=14865, |S|=22622, Oracle MIS=15000, Improvement=135
n=30000, coeff=20.0, trial=0, GT MIS=15000, Greedy MIS=14865, |S|=16522, Oracle MIS=15000, Improvement=135
n=30000, coeff=20.0, trial=0, GT MIS=15000, Greedy MIS=14865, |S|=15096, Oracle MIS=15000, Improvement=135
n=30000, coeff=20.0, trial=0, GT MIS=15000, Greedy MIS=14865, |S|=15001, Oracle MIS=15000, Improvement=135
n=30000, coeff=20.0, trial=0, GT MIS=15000, Greedy MIS=14865, |S|=15000, Oracle MIS=15000, Improvement=135
n=30000, coeff=20.0, trial=1, GT MIS=15000, Greedy MIS=14805, |S|=30000, Oracle MIS=14805, Improvement=0
n=30000, coeff=20.0, trial=1, GT MIS=15000, Greedy MIS=14805, |S|=30000, Oracle MIS=14805, Improvement=0
n=30000, coeff=20.0, trial=1, GT MIS=15000, Greedy MIS=14805, |S|=30000, Oracle MIS=14805, Improvement=0
n=30000, coeff=20.0, trial=1, GT MIS=15000, Greedy MIS=14805, |S|=29933, Oracle MIS=14607, Improvement=-198
n=30000, coeff=20.0, trial=1, GT MIS=15000, Greedy MIS=14805, |S|=28421, Oracle MIS=15000, Improvement=195
n=30000, coeff=20.0, trial=1, GT MIS=15000, Greedy MIS=14805, |S|=22601, Oracle MIS=15000, Improvement=195
n=30000, coeff=20.0, trial=1, GT MIS=15000, Greedy MIS=14805, |S|=16639, Oracle MIS=15000, Improvement=195
n=30000, coeff=20.0, trial=1, GT MIS=15000, Greedy MIS=14805, |S|=15101, Oracle MIS=15000, Improvement=195
n=30000, coeff=20.0, trial=1, GT MIS=15000, Greedy MIS=14805, |S|=15002, Oracle MIS=15000, Improvement=195
n=30000, coeff=20.0, trial=1, GT MIS=15000, Greedy MIS=14805, |S|=15000, Oracle MIS=15000, Improvement=195
n=30000, coeff=20.0, trial=2, GT MIS=15000, Greedy MIS=14935, |S|=30000, Oracle MIS=14935, Improvement=0
n=30000, coeff=20.0, trial=2, GT MIS=15000, Greedy MIS=14935, |S|=30000, Oracle MIS=14935, Improvement=0
n=30000, coeff=20.0, trial=2, GT MIS=15000, Greedy MIS=14935, |S|=30000, Oracle MIS=14935, Improvement=0
n=30000, coeff=20.0, trial=2, GT MIS=15000, Greedy MIS=14935, |S|=29931, Oracle MIS=14533, Improvement=-402
n=30000, coeff=20.0, trial=2, GT MIS=15000, Greedy MIS=14935, |S|=28487, Oracle MIS=15000, Improvement=65
n=30000, coeff=20.0, trial=2, GT MIS=15000, Greedy MIS=14935, |S|=22375, Oracle MIS=15000, Improvement=65
n=30000, coeff=20.0, trial=2, GT MIS=15000, Greedy MIS=14935, |S|=16431, Oracle MIS=15000, Improvement=65
n=30000, coeff=20.0, trial=2, GT MIS=15000, Greedy MIS=14935, |S|=15081, Oracle MIS=15000, Improvement=65
n=30000, coeff=20.0, trial=2, GT MIS=15000, Greedy MIS=14935, |S|=15001, Oracle MIS=15000, Improvement=65
n=30000, coeff=20.0, trial=2, GT MIS=15000, Greedy MIS=14935, |S|=15000, Oracle MIS=15000, Improvement=65
n=30000, coeff=20.0, trial=3, GT MIS=15000, Greedy MIS=15000, |S|=30000, Oracle MIS=15000, Improvement=0
n=30000, coeff=20.0, trial=3, GT MIS=15000, Greedy MIS=15000, |S|=30000, Oracle MIS=15000, Improvement=0
n=30000, coeff=20.0, trial=3, GT MIS=15000, Greedy MIS=15000, |S|=30000, Oracle MIS=15000, Improvement=0
n=30000, coeff=20.0, trial=3, GT MIS=15000, Greedy MIS=15000, |S|=29934, Oracle MIS=15000, Improvement=0
n=30000, coeff=20.0, trial=3, GT MIS=15000, Greedy MIS=15000, |S|=28760, Oracle MIS=15000, Improvement=0
n=30000, coeff=20.0, trial=3, GT MIS=15000, Greedy MIS=15000, |S|=23123, Oracle MIS=15000, Improvement=0
n=30000, coeff=20.0, trial=3, GT MIS=15000, Greedy MIS=15000, |S|=16758, Oracle MIS=15000, Improvement=0
n=30000, coeff=20.0, trial=3, GT MIS=15000, Greedy MIS=15000, |S|=15100, Oracle MIS=15000, Improvement=0
n=30000, coeff=20.0, trial=3, GT MIS=15000, Greedy MIS=15000, |S|=15001, Oracle MIS=15000, Improvement=0
n=30000, coeff=20.0, trial=3, GT MIS=15000, Greedy MIS=15000, |S|=15000, Oracle MIS=15000, Improvement=0
n=30000, coeff=20.0, trial=4, GT MIS=15000, Greedy MIS=15000, |S|=30000, Oracle MIS=15000, Improvement=0
n=30000, coeff=20.0, trial=4, GT MIS=15000, Greedy MIS=15000, |S|=30000, Oracle MIS=15000, Improvement=0
n=30000, coeff=20.0, trial=4, GT MIS=15000, Greedy MIS=15000, |S|=29998, Oracle MIS=15000, Improvement=0
n=30000, coeff=20.0, trial=4, GT MIS=15000, Greedy MIS=15000, |S|=29911, Oracle MIS=15000, Improvement=0
n=30000, coeff=20.0, trial=4, GT MIS=15000, Greedy MIS=15000, |S|=28310, Oracle MIS=15000, Improvement=0
n=30000, coeff=20.0, trial=4, GT MIS=15000, Greedy MIS=15000, |S|=21895, Oracle MIS=15000, Improvement=0
n=30000, coeff=20.0, trial=4, GT MIS=15000, Greedy MIS=15000, |S|=16265, Oracle MIS=15000, Improvement=0
n=30000, coeff=20.0, trial=4, GT MIS=15000, Greedy MIS=15000, |S|=15068, Oracle MIS=15000, Improvement=0
n=30000, coeff=20.0, trial=4, GT MIS=15000, Greedy MIS=15000, |S|=15003, Oracle MIS=15000, Improvement=0
n=30000, coeff=20.0, trial=4, GT MIS=15000, Greedy MIS=15000, |S|=15000, Oracle MIS=15000, Improvement=0
n=30000, coeff=20.0, trial=5, GT MIS=15000, Greedy MIS=14932, |S|=30000, Oracle MIS=14932, Improvement=0
n=30000, coeff=20.0, trial=5, GT MIS=15000, Greedy MIS=14932, |S|=30000, Oracle MIS=14932, Improvement=0
n=30000, coeff=20.0, trial=5, GT MIS=15000, Greedy MIS=14932, |S|=30000, Oracle MIS=14932, Improvement=0
n=30000, coeff=20.0, trial=5, GT MIS=15000, Greedy MIS=14932, |S|=29930, Oracle MIS=14862, Improvement=-70
n=30000, coeff=20.0, trial=5, GT MIS=15000, Greedy MIS=14932, |S|=28256, Oracle MIS=15000, Improvement=68
n=30000, coeff=20.0, trial=5, GT MIS=15000, Greedy MIS=14932, |S|=21673, Oracle MIS=15000, Improvement=68
n=30000, coeff=20.0, trial=5, GT MIS=15000, Greedy MIS=14932, |S|=16170, Oracle MIS=15000, Improvement=68
n=30000, coeff=20.0, trial=5, GT MIS=15000, Greedy MIS=14932, |S|=15075, Oracle MIS=15000, Improvement=68
n=30000, coeff=20.0, trial=5, GT MIS=15000, Greedy MIS=14932, |S|=15000, Oracle MIS=15000, Improvement=68
n=30000, coeff=20.0, trial=5, GT MIS=15000, Greedy MIS=14932, |S|=15000, Oracle MIS=15000, Improvement=68
n=30000, coeff=20.0, trial=6, GT MIS=15000, Greedy MIS=14935, |S|=30000, Oracle MIS=14935, Improvement=0
n=30000, coeff=20.0, trial=6, GT MIS=15000, Greedy MIS=14935, |S|=30000, Oracle MIS=14935, Improvement=0
n=30000, coeff=20.0, trial=6, GT MIS=15000, Greedy MIS=14935, |S|=30000, Oracle MIS=14935, Improvement=0
n=30000, coeff=20.0, trial=6, GT MIS=15000, Greedy MIS=14935, |S|=29946, Oracle MIS=14881, Improvement=-54
n=30000, coeff=20.0, trial=6, GT MIS=15000, Greedy MIS=14935, |S|=28713, Oracle MIS=15000, Improvement=65
n=30000, coeff=20.0, trial=6, GT MIS=15000, Greedy MIS=14935, |S|=22721, Oracle MIS=15000, Improvement=65
n=30000, coeff=20.0, trial=6, GT MIS=15000, Greedy MIS=14935, |S|=16531, Oracle MIS=15000, Improvement=65
n=30000, coeff=20.0, trial=6, GT MIS=15000, Greedy MIS=14935, |S|=15090, Oracle MIS=15000, Improvement=65
n=30000, coeff=20.0, trial=6, GT MIS=15000, Greedy MIS=14935, |S|=15000, Oracle MIS=15000, Improvement=65
n=30000, coeff=20.0, trial=6, GT MIS=15000, Greedy MIS=14935, |S|=15000, Oracle MIS=15000, Improvement=65
n=30000, coeff=20.0, trial=7, GT MIS=15000, Greedy MIS=14797, |S|=30000, Oracle MIS=14797, Improvement=0
n=30000, coeff=20.0, trial=7, GT MIS=15000, Greedy MIS=14797, |S|=30000, Oracle MIS=14797, Improvement=0
n=30000, coeff=20.0, trial=7, GT MIS=15000, Greedy MIS=14797, |S|=29998, Oracle MIS=14797, Improvement=0
n=30000, coeff=20.0, trial=7, GT MIS=15000, Greedy MIS=14797, |S|=29910, Oracle MIS=14933, Improvement=136
n=30000, coeff=20.0, trial=7, GT MIS=15000, Greedy MIS=14797, |S|=28348, Oracle MIS=15000, Improvement=203
n=30000, coeff=20.0, trial=7, GT MIS=15000, Greedy MIS=14797, |S|=22298, Oracle MIS=15000, Improvement=203
n=30000, coeff=20.0, trial=7, GT MIS=15000, Greedy MIS=14797, |S|=16401, Oracle MIS=15000, Improvement=203
n=30000, coeff=20.0, trial=7, GT MIS=15000, Greedy MIS=14797, |S|=15093, Oracle MIS=15000, Improvement=203
n=30000, coeff=20.0, trial=7, GT MIS=15000, Greedy MIS=14797, |S|=15002, Oracle MIS=15000, Improvement=203
n=30000, coeff=20.0, trial=7, GT MIS=15000, Greedy MIS=14797, |S|=15000, Oracle MIS=15000, Improvement=203
n=30000, coeff=20.0, trial=8, GT MIS=15000, Greedy MIS=14595, |S|=30000, Oracle MIS=14595, Improvement=0
n=30000, coeff=20.0, trial=8, GT MIS=15000, Greedy MIS=14595, |S|=30000, Oracle MIS=14595, Improvement=0
n=30000, coeff=20.0, trial=8, GT MIS=15000, Greedy MIS=14595, |S|=30000, Oracle MIS=14595, Improvement=0
n=30000, coeff=20.0, trial=8, GT MIS=15000, Greedy MIS=14595, |S|=29927, Oracle MIS=14866, Improvement=271
n=30000, coeff=20.0, trial=8, GT MIS=15000, Greedy MIS=14595, |S|=28266, Oracle MIS=15000, Improvement=405
n=30000, coeff=20.0, trial=8, GT MIS=15000, Greedy MIS=14595, |S|=21950, Oracle MIS=15000, Improvement=405
n=30000, coeff=20.0, trial=8, GT MIS=15000, Greedy MIS=14595, |S|=16389, Oracle MIS=15000, Improvement=405
n=30000, coeff=20.0, trial=8, GT MIS=15000, Greedy MIS=14595, |S|=15086, Oracle MIS=15000, Improvement=405
n=30000, coeff=20.0, trial=8, GT MIS=15000, Greedy MIS=14595, |S|=15003, Oracle MIS=15000, Improvement=405
n=30000, coeff=20.0, trial=8, GT MIS=15000, Greedy MIS=14595, |S|=15000, Oracle MIS=15000, Improvement=405
n=30000, coeff=20.0, trial=9, GT MIS=15000, Greedy MIS=14736, |S|=30000, Oracle MIS=14736, Improvement=0
n=30000, coeff=20.0, trial=9, GT MIS=15000, Greedy MIS=14736, |S|=30000, Oracle MIS=14736, Improvement=0
n=30000, coeff=20.0, trial=9, GT MIS=15000, Greedy MIS=14736, |S|=29999, Oracle MIS=14736, Improvement=0
n=30000, coeff=20.0, trial=9, GT MIS=15000, Greedy MIS=14736, |S|=29938, Oracle MIS=14736, Improvement=0
n=30000, coeff=20.0, trial=9, GT MIS=15000, Greedy MIS=14736, |S|=28561, Oracle MIS=15000, Improvement=264
n=30000, coeff=20.0, trial=9, GT MIS=15000, Greedy MIS=14736, |S|=22314, Oracle MIS=15000, Improvement=264
n=30000, coeff=20.0, trial=9, GT MIS=15000, Greedy MIS=14736, |S|=16460, Oracle MIS=15000, Improvement=264
n=30000, coeff=20.0, trial=9, GT MIS=15000, Greedy MIS=14736, |S|=15097, Oracle MIS=15000, Improvement=264
n=30000, coeff=20.0, trial=9, GT MIS=15000, Greedy MIS=14736, |S|=15001, Oracle MIS=15000, Improvement=264
n=30000, coeff=20.0, trial=9, GT MIS=15000, Greedy MIS=14736, |S|=15000, Oracle MIS=15000, Improvement=264
Results saved to bipartite_experiment_results_epislons_30000.csv
