Running job on compute-0-01
Requested resources:
  - CPUs: 18
  - GPUs: 
  - Memory: 18000
n=50000, coeff=15.0, trial=0, GT MIS=25000, Greedy MIS=24556, |S|=50000, Oracle MIS=24556, Improvement=0
n=50000, coeff=15.0, trial=0, GT MIS=25000, Greedy MIS=24556, |S|=50000, Oracle MIS=24556, Improvement=0
n=50000, coeff=15.0, trial=0, GT MIS=25000, Greedy MIS=24556, |S|=49999, Oracle MIS=24555, Improvement=-1
n=50000, coeff=15.0, trial=0, GT MIS=25000, Greedy MIS=24556, |S|=49944, Oracle MIS=24450, Improvement=-106
n=50000, coeff=15.0, trial=0, GT MIS=25000, Greedy MIS=24556, |S|=48707, Oracle MIS=24956, Improvement=400
n=50000, coeff=15.0, trial=0, GT MIS=25000, Greedy MIS=24556, |S|=41594, Oracle MIS=25000, Improvement=444
n=50000, coeff=15.0, trial=0, GT MIS=25000, Greedy MIS=24556, |S|=30756, Oracle MIS=25000, Improvement=444
n=50000, coeff=15.0, trial=0, GT MIS=25000, Greedy MIS=24556, |S|=25780, Oracle MIS=25000, Improvement=444
n=50000, coeff=15.0, trial=0, GT MIS=25000, Greedy MIS=24556, |S|=25059, Oracle MIS=25000, Improvement=444
n=50000, coeff=15.0, trial=0, GT MIS=25000, Greedy MIS=24556, |S|=25002, Oracle MIS=25000, Improvement=444
n=50000, coeff=15.0, trial=1, GT MIS=25000, Greedy MIS=24272, |S|=50000, Oracle MIS=24272, Improvement=0
n=50000, coeff=15.0, trial=1, GT MIS=25000, Greedy MIS=24272, |S|=50000, Oracle MIS=24272, Improvement=0
n=50000, coeff=15.0, trial=1, GT MIS=25000, Greedy MIS=24272, |S|=50000, Oracle MIS=24272, Improvement=0
n=50000, coeff=15.0, trial=1, GT MIS=25000, Greedy MIS=24272, |S|=49952, Oracle MIS=24404, Improvement=132
n=50000, coeff=15.0, trial=1, GT MIS=25000, Greedy MIS=24272, |S|=48798, Oracle MIS=25000, Improvement=728
n=50000, coeff=15.0, trial=1, GT MIS=25000, Greedy MIS=24272, |S|=42034, Oracle MIS=25000, Improvement=728
n=50000, coeff=15.0, trial=1, GT MIS=25000, Greedy MIS=24272, |S|=30857, Oracle MIS=25000, Improvement=728
n=50000, coeff=15.0, trial=1, GT MIS=25000, Greedy MIS=24272, |S|=25841, Oracle MIS=25000, Improvement=728
n=50000, coeff=15.0, trial=1, GT MIS=25000, Greedy MIS=24272, |S|=25043, Oracle MIS=25000, Improvement=728
n=50000, coeff=15.0, trial=1, GT MIS=25000, Greedy MIS=24272, |S|=25002, Oracle MIS=25000, Improvement=728
n=50000, coeff=15.0, trial=2, GT MIS=25000, Greedy MIS=24229, |S|=50000, Oracle MIS=24229, Improvement=0
n=50000, coeff=15.0, trial=2, GT MIS=25000, Greedy MIS=24229, |S|=50000, Oracle MIS=24229, Improvement=0
n=50000, coeff=15.0, trial=2, GT MIS=25000, Greedy MIS=24229, |S|=49999, Oracle MIS=24228, Improvement=-1
n=50000, coeff=15.0, trial=2, GT MIS=25000, Greedy MIS=24229, |S|=49949, Oracle MIS=24181, Improvement=-48
n=50000, coeff=15.0, trial=2, GT MIS=25000, Greedy MIS=24229, |S|=48624, Oracle MIS=25000, Improvement=771
n=50000, coeff=15.0, trial=2, GT MIS=25000, Greedy MIS=24229, |S|=41563, Oracle MIS=25000, Improvement=771
n=50000, coeff=15.0, trial=2, GT MIS=25000, Greedy MIS=24229, |S|=30717, Oracle MIS=25000, Improvement=771
n=50000, coeff=15.0, trial=2, GT MIS=25000, Greedy MIS=24229, |S|=25863, Oracle MIS=25000, Improvement=771
n=50000, coeff=15.0, trial=2, GT MIS=25000, Greedy MIS=24229, |S|=25052, Oracle MIS=25000, Improvement=771
n=50000, coeff=15.0, trial=2, GT MIS=25000, Greedy MIS=24229, |S|=25001, Oracle MIS=25000, Improvement=771
n=50000, coeff=15.0, trial=3, GT MIS=25000, Greedy MIS=24605, |S|=50000, Oracle MIS=24605, Improvement=0
n=50000, coeff=15.0, trial=3, GT MIS=25000, Greedy MIS=24605, |S|=50000, Oracle MIS=24605, Improvement=0
n=50000, coeff=15.0, trial=3, GT MIS=25000, Greedy MIS=24605, |S|=49999, Oracle MIS=24604, Improvement=-1
n=50000, coeff=15.0, trial=3, GT MIS=25000, Greedy MIS=24605, |S|=49933, Oracle MIS=24541, Improvement=-64
n=50000, coeff=15.0, trial=3, GT MIS=25000, Greedy MIS=24605, |S|=48684, Oracle MIS=25000, Improvement=395
n=50000, coeff=15.0, trial=3, GT MIS=25000, Greedy MIS=24605, |S|=41346, Oracle MIS=25000, Improvement=395
n=50000, coeff=15.0, trial=3, GT MIS=25000, Greedy MIS=24605, |S|=30978, Oracle MIS=25000, Improvement=395
n=50000, coeff=15.0, trial=3, GT MIS=25000, Greedy MIS=24605, |S|=25862, Oracle MIS=25000, Improvement=395
n=50000, coeff=15.0, trial=3, GT MIS=25000, Greedy MIS=24605, |S|=25034, Oracle MIS=25000, Improvement=395
n=50000, coeff=15.0, trial=3, GT MIS=25000, Greedy MIS=24605, |S|=25000, Oracle MIS=25000, Improvement=395
n=50000, coeff=15.0, trial=4, GT MIS=25000, Greedy MIS=24903, |S|=50000, Oracle MIS=24903, Improvement=0
n=50000, coeff=15.0, trial=4, GT MIS=25000, Greedy MIS=24903, |S|=50000, Oracle MIS=24903, Improvement=0
n=50000, coeff=15.0, trial=4, GT MIS=25000, Greedy MIS=24903, |S|=50000, Oracle MIS=24903, Improvement=0
n=50000, coeff=15.0, trial=4, GT MIS=25000, Greedy MIS=24903, |S|=49955, Oracle MIS=24903, Improvement=0
n=50000, coeff=15.0, trial=4, GT MIS=25000, Greedy MIS=24903, |S|=48790, Oracle MIS=24953, Improvement=50
n=50000, coeff=15.0, trial=4, GT MIS=25000, Greedy MIS=24903, |S|=42279, Oracle MIS=25000, Improvement=97
n=50000, coeff=15.0, trial=4, GT MIS=25000, Greedy MIS=24903, |S|=31387, Oracle MIS=25000, Improvement=97
n=50000, coeff=15.0, trial=4, GT MIS=25000, Greedy MIS=24903, |S|=25994, Oracle MIS=25000, Improvement=97
n=50000, coeff=15.0, trial=4, GT MIS=25000, Greedy MIS=24903, |S|=25047, Oracle MIS=25000, Improvement=97
n=50000, coeff=15.0, trial=4, GT MIS=25000, Greedy MIS=24903, |S|=25002, Oracle MIS=25000, Improvement=97
n=50000, coeff=15.0, trial=5, GT MIS=25000, Greedy MIS=24207, |S|=50000, Oracle MIS=24207, Improvement=0
n=50000, coeff=15.0, trial=5, GT MIS=25000, Greedy MIS=24207, |S|=50000, Oracle MIS=24207, Improvement=0
n=50000, coeff=15.0, trial=5, GT MIS=25000, Greedy MIS=24207, |S|=50000, Oracle MIS=24207, Improvement=0
n=50000, coeff=15.0, trial=5, GT MIS=25000, Greedy MIS=24207, |S|=49939, Oracle MIS=24207, Improvement=0
n=50000, coeff=15.0, trial=5, GT MIS=25000, Greedy MIS=24207, |S|=48369, Oracle MIS=24954, Improvement=747
n=50000, coeff=15.0, trial=5, GT MIS=25000, Greedy MIS=24207, |S|=40887, Oracle MIS=25000, Improvement=793
n=50000, coeff=15.0, trial=5, GT MIS=25000, Greedy MIS=24207, |S|=30292, Oracle MIS=25000, Improvement=793
n=50000, coeff=15.0, trial=5, GT MIS=25000, Greedy MIS=24207, |S|=25718, Oracle MIS=25000, Improvement=793
n=50000, coeff=15.0, trial=5, GT MIS=25000, Greedy MIS=24207, |S|=25035, Oracle MIS=25000, Improvement=793
n=50000, coeff=15.0, trial=5, GT MIS=25000, Greedy MIS=24207, |S|=25001, Oracle MIS=25000, Improvement=793
n=50000, coeff=15.0, trial=6, GT MIS=25000, Greedy MIS=24608, |S|=50000, Oracle MIS=24608, Improvement=0
n=50000, coeff=15.0, trial=6, GT MIS=25000, Greedy MIS=24608, |S|=50000, Oracle MIS=24608, Improvement=0
n=50000, coeff=15.0, trial=6, GT MIS=25000, Greedy MIS=24608, |S|=50000, Oracle MIS=24608, Improvement=0
n=50000, coeff=15.0, trial=6, GT MIS=25000, Greedy MIS=24608, |S|=49935, Oracle MIS=24493, Improvement=-115
n=50000, coeff=15.0, trial=6, GT MIS=25000, Greedy MIS=24608, |S|=48690, Oracle MIS=25000, Improvement=392
n=50000, coeff=15.0, trial=6, GT MIS=25000, Greedy MIS=24608, |S|=41718, Oracle MIS=25000, Improvement=392
n=50000, coeff=15.0, trial=6, GT MIS=25000, Greedy MIS=24608, |S|=31001, Oracle MIS=25000, Improvement=392
n=50000, coeff=15.0, trial=6, GT MIS=25000, Greedy MIS=24608, |S|=25803, Oracle MIS=25000, Improvement=392
n=50000, coeff=15.0, trial=6, GT MIS=25000, Greedy MIS=24608, |S|=25036, Oracle MIS=25000, Improvement=392
n=50000, coeff=15.0, trial=6, GT MIS=25000, Greedy MIS=24608, |S|=25002, Oracle MIS=25000, Improvement=392
n=50000, coeff=15.0, trial=7, GT MIS=25000, Greedy MIS=24763, |S|=50000, Oracle MIS=24763, Improvement=0
n=50000, coeff=15.0, trial=7, GT MIS=25000, Greedy MIS=24763, |S|=50000, Oracle MIS=24763, Improvement=0
n=50000, coeff=15.0, trial=7, GT MIS=25000, Greedy MIS=24763, |S|=50000, Oracle MIS=24763, Improvement=0
n=50000, coeff=15.0, trial=7, GT MIS=25000, Greedy MIS=24763, |S|=49935, Oracle MIS=24763, Improvement=0
n=50000, coeff=15.0, trial=7, GT MIS=25000, Greedy MIS=24763, |S|=48507, Oracle MIS=24956, Improvement=193
n=50000, coeff=15.0, trial=7, GT MIS=25000, Greedy MIS=24763, |S|=41434, Oracle MIS=25000, Improvement=237
n=50000, coeff=15.0, trial=7, GT MIS=25000, Greedy MIS=24763, |S|=30638, Oracle MIS=25000, Improvement=237
n=50000, coeff=15.0, trial=7, GT MIS=25000, Greedy MIS=24763, |S|=25783, Oracle MIS=25000, Improvement=237
n=50000, coeff=15.0, trial=7, GT MIS=25000, Greedy MIS=24763, |S|=25046, Oracle MIS=25000, Improvement=237
n=50000, coeff=15.0, trial=7, GT MIS=25000, Greedy MIS=24763, |S|=25000, Oracle MIS=25000, Improvement=237
n=50000, coeff=15.0, trial=8, GT MIS=25000, Greedy MIS=24902, |S|=50000, Oracle MIS=24902, Improvement=0
n=50000, coeff=15.0, trial=8, GT MIS=25000, Greedy MIS=24902, |S|=50000, Oracle MIS=24902, Improvement=0
n=50000, coeff=15.0, trial=8, GT MIS=25000, Greedy MIS=24902, |S|=50000, Oracle MIS=24902, Improvement=0
n=50000, coeff=15.0, trial=8, GT MIS=25000, Greedy MIS=24902, |S|=49953, Oracle MIS=24856, Improvement=-46
n=50000, coeff=15.0, trial=8, GT MIS=25000, Greedy MIS=24902, |S|=48795, Oracle MIS=24867, Improvement=-35
n=50000, coeff=15.0, trial=8, GT MIS=25000, Greedy MIS=24902, |S|=42359, Oracle MIS=25000, Improvement=98
n=50000, coeff=15.0, trial=8, GT MIS=25000, Greedy MIS=24902, |S|=31190, Oracle MIS=25000, Improvement=98
n=50000, coeff=15.0, trial=8, GT MIS=25000, Greedy MIS=24902, |S|=25843, Oracle MIS=25000, Improvement=98
n=50000, coeff=15.0, trial=8, GT MIS=25000, Greedy MIS=24902, |S|=25051, Oracle MIS=25000, Improvement=98
n=50000, coeff=15.0, trial=8, GT MIS=25000, Greedy MIS=24902, |S|=25001, Oracle MIS=25000, Improvement=98
n=50000, coeff=15.0, trial=9, GT MIS=25000, Greedy MIS=24499, |S|=50000, Oracle MIS=24499, Improvement=0
n=50000, coeff=15.0, trial=9, GT MIS=25000, Greedy MIS=24499, |S|=50000, Oracle MIS=24499, Improvement=0
n=50000, coeff=15.0, trial=9, GT MIS=25000, Greedy MIS=24499, |S|=49999, Oracle MIS=24499, Improvement=0
n=50000, coeff=15.0, trial=9, GT MIS=25000, Greedy MIS=24499, |S|=49944, Oracle MIS=24499, Improvement=0
n=50000, coeff=15.0, trial=9, GT MIS=25000, Greedy MIS=24499, |S|=48684, Oracle MIS=25000, Improvement=501
n=50000, coeff=15.0, trial=9, GT MIS=25000, Greedy MIS=24499, |S|=41856, Oracle MIS=25000, Improvement=501
n=50000, coeff=15.0, trial=9, GT MIS=25000, Greedy MIS=24499, |S|=30997, Oracle MIS=25000, Improvement=501
n=50000, coeff=15.0, trial=9, GT MIS=25000, Greedy MIS=24499, |S|=25822, Oracle MIS=25000, Improvement=501
n=50000, coeff=15.0, trial=9, GT MIS=25000, Greedy MIS=24499, |S|=25043, Oracle MIS=25000, Improvement=501
n=50000, coeff=15.0, trial=9, GT MIS=25000, Greedy MIS=24499, |S|=25000, Oracle MIS=24999, Improvement=500
Results saved to bipartite_experiment_results_epislons_50000.csv
