Running job on compute-0-01
Requested resources:
  - CPUs: 18
  - GPUs: 
  - Memory: 18000
n=65000, coeff=12.0, trial=0, GT MIS=32500, Greedy MIS=32037, |S|=65000, Oracle MIS=32037, Improvement=0
n=65000, coeff=12.0, trial=0, GT MIS=32500, Greedy MIS=32037, |S|=65000, Oracle MIS=32037, Improvement=0
n=65000, coeff=12.0, trial=0, GT MIS=32500, Greedy MIS=32037, |S|=65000, Oracle MIS=32037, Improvement=0
n=65000, coeff=12.0, trial=0, GT MIS=32500, Greedy MIS=32037, |S|=64957, Oracle MIS=31995, Improvement=-42
n=65000, coeff=12.0, trial=0, GT MIS=32500, Greedy MIS=32037, |S|=64008, Oracle MIS=32349, Improvement=312
n=65000, coeff=12.0, trial=0, GT MIS=32500, Greedy MIS=32037, |S|=57939, Oracle MIS=32500, Improvement=463
n=65000, coeff=12.0, trial=0, GT MIS=32500, Greedy MIS=32037, |S|=44831, Oracle MIS=32500, Improvement=463
n=65000, coeff=12.0, trial=0, GT MIS=32500, Greedy MIS=32037, |S|=35498, Oracle MIS=32500, Improvement=463
n=65000, coeff=12.0, trial=0, GT MIS=32500, Greedy MIS=32037, |S|=32853, Oracle MIS=32500, Improvement=463
n=65000, coeff=12.0, trial=0, GT MIS=32500, Greedy MIS=32037, |S|=32517, Oracle MIS=32500, Improvement=463
n=65000, coeff=12.0, trial=1, GT MIS=32500, Greedy MIS=30968, |S|=65000, Oracle MIS=30968, Improvement=0
n=65000, coeff=12.0, trial=1, GT MIS=32500, Greedy MIS=30968, |S|=65000, Oracle MIS=30968, Improvement=0
n=65000, coeff=12.0, trial=1, GT MIS=32500, Greedy MIS=30968, |S|=65000, Oracle MIS=30968, Improvement=0
n=65000, coeff=12.0, trial=1, GT MIS=32500, Greedy MIS=30968, |S|=64966, Oracle MIS=32120, Improvement=1152
n=65000, coeff=12.0, trial=1, GT MIS=32500, Greedy MIS=30968, |S|=64093, Oracle MIS=32315, Improvement=1347
n=65000, coeff=12.0, trial=1, GT MIS=32500, Greedy MIS=30968, |S|=58209, Oracle MIS=32500, Improvement=1532
n=65000, coeff=12.0, trial=1, GT MIS=32500, Greedy MIS=30968, |S|=45372, Oracle MIS=32500, Improvement=1532
n=65000, coeff=12.0, trial=1, GT MIS=32500, Greedy MIS=30968, |S|=35701, Oracle MIS=32500, Improvement=1532
n=65000, coeff=12.0, trial=1, GT MIS=32500, Greedy MIS=30968, |S|=32865, Oracle MIS=32500, Improvement=1532
n=65000, coeff=12.0, trial=1, GT MIS=32500, Greedy MIS=30968, |S|=32520, Oracle MIS=32500, Improvement=1532
n=65000, coeff=12.0, trial=2, GT MIS=32500, Greedy MIS=31855, |S|=65000, Oracle MIS=31855, Improvement=0
n=65000, coeff=12.0, trial=2, GT MIS=32500, Greedy MIS=31855, |S|=65000, Oracle MIS=31855, Improvement=0
n=65000, coeff=12.0, trial=2, GT MIS=32500, Greedy MIS=31855, |S|=64998, Oracle MIS=31853, Improvement=-2
n=65000, coeff=12.0, trial=2, GT MIS=32500, Greedy MIS=31855, |S|=64950, Oracle MIS=31807, Improvement=-48
n=65000, coeff=12.0, trial=2, GT MIS=32500, Greedy MIS=31855, |S|=64041, Oracle MIS=32166, Improvement=311
n=65000, coeff=12.0, trial=2, GT MIS=32500, Greedy MIS=31855, |S|=57694, Oracle MIS=32500, Improvement=645
n=65000, coeff=12.0, trial=2, GT MIS=32500, Greedy MIS=31855, |S|=44883, Oracle MIS=32500, Improvement=645
n=65000, coeff=12.0, trial=2, GT MIS=32500, Greedy MIS=31855, |S|=35459, Oracle MIS=32500, Improvement=645
n=65000, coeff=12.0, trial=2, GT MIS=32500, Greedy MIS=31855, |S|=32845, Oracle MIS=32500, Improvement=645
n=65000, coeff=12.0, trial=2, GT MIS=32500, Greedy MIS=31855, |S|=32518, Oracle MIS=32500, Improvement=645
n=65000, coeff=12.0, trial=3, GT MIS=32500, Greedy MIS=32234, |S|=65000, Oracle MIS=32234, Improvement=0
n=65000, coeff=12.0, trial=3, GT MIS=32500, Greedy MIS=32234, |S|=65000, Oracle MIS=32234, Improvement=0
n=65000, coeff=12.0, trial=3, GT MIS=32500, Greedy MIS=32234, |S|=65000, Oracle MIS=32234, Improvement=0
n=65000, coeff=12.0, trial=3, GT MIS=32500, Greedy MIS=32234, |S|=64969, Oracle MIS=32204, Improvement=-30
n=65000, coeff=12.0, trial=3, GT MIS=32500, Greedy MIS=32234, |S|=64073, Oracle MIS=31783, Improvement=-451
n=65000, coeff=12.0, trial=3, GT MIS=32500, Greedy MIS=32234, |S|=58036, Oracle MIS=32500, Improvement=266
n=65000, coeff=12.0, trial=3, GT MIS=32500, Greedy MIS=32234, |S|=45084, Oracle MIS=32500, Improvement=266
n=65000, coeff=12.0, trial=3, GT MIS=32500, Greedy MIS=32234, |S|=35644, Oracle MIS=32500, Improvement=266
n=65000, coeff=12.0, trial=3, GT MIS=32500, Greedy MIS=32234, |S|=32871, Oracle MIS=32500, Improvement=266
n=65000, coeff=12.0, trial=3, GT MIS=32500, Greedy MIS=32234, |S|=32516, Oracle MIS=32500, Improvement=266
n=65000, coeff=12.0, trial=4, GT MIS=32500, Greedy MIS=32207, |S|=65000, Oracle MIS=32207, Improvement=0
n=65000, coeff=12.0, trial=4, GT MIS=32500, Greedy MIS=32207, |S|=65000, Oracle MIS=32207, Improvement=0
n=65000, coeff=12.0, trial=4, GT MIS=32500, Greedy MIS=32207, |S|=64999, Oracle MIS=32206, Improvement=-1
n=65000, coeff=12.0, trial=4, GT MIS=32500, Greedy MIS=32207, |S|=64953, Oracle MIS=31773, Improvement=-434
n=65000, coeff=12.0, trial=4, GT MIS=32500, Greedy MIS=32207, |S|=63941, Oracle MIS=32204, Improvement=-3
n=65000, coeff=12.0, trial=4, GT MIS=32500, Greedy MIS=32207, |S|=57640, Oracle MIS=32500, Improvement=293
n=65000, coeff=12.0, trial=4, GT MIS=32500, Greedy MIS=32207, |S|=44698, Oracle MIS=32500, Improvement=293
n=65000, coeff=12.0, trial=4, GT MIS=32500, Greedy MIS=32207, |S|=35474, Oracle MIS=32500, Improvement=293
n=65000, coeff=12.0, trial=4, GT MIS=32500, Greedy MIS=32207, |S|=32835, Oracle MIS=32500, Improvement=293
n=65000, coeff=12.0, trial=4, GT MIS=32500, Greedy MIS=32207, |S|=32514, Oracle MIS=32500, Improvement=293
n=65000, coeff=12.0, trial=5, GT MIS=32500, Greedy MIS=32196, |S|=65000, Oracle MIS=32196, Improvement=0
n=65000, coeff=12.0, trial=5, GT MIS=32500, Greedy MIS=32196, |S|=65000, Oracle MIS=32196, Improvement=0
n=65000, coeff=12.0, trial=5, GT MIS=32500, Greedy MIS=32196, |S|=64999, Oracle MIS=32195, Improvement=-1
n=65000, coeff=12.0, trial=5, GT MIS=32500, Greedy MIS=32196, |S|=64971, Oracle MIS=32169, Improvement=-27
n=65000, coeff=12.0, trial=5, GT MIS=32500, Greedy MIS=32196, |S|=64148, Oracle MIS=32200, Improvement=4
n=65000, coeff=12.0, trial=5, GT MIS=32500, Greedy MIS=32196, |S|=58400, Oracle MIS=32500, Improvement=304
n=65000, coeff=12.0, trial=5, GT MIS=32500, Greedy MIS=32196, |S|=45485, Oracle MIS=32500, Improvement=304
n=65000, coeff=12.0, trial=5, GT MIS=32500, Greedy MIS=32196, |S|=35768, Oracle MIS=32500, Improvement=304
n=65000, coeff=12.0, trial=5, GT MIS=32500, Greedy MIS=32196, |S|=32848, Oracle MIS=32500, Improvement=304
n=65000, coeff=12.0, trial=5, GT MIS=32500, Greedy MIS=32196, |S|=32522, Oracle MIS=32500, Improvement=304
n=65000, coeff=12.0, trial=6, GT MIS=32500, Greedy MIS=31783, |S|=65000, Oracle MIS=31783, Improvement=0
n=65000, coeff=12.0, trial=6, GT MIS=32500, Greedy MIS=31783, |S|=65000, Oracle MIS=31783, Improvement=0
n=65000, coeff=12.0, trial=6, GT MIS=32500, Greedy MIS=31783, |S|=65000, Oracle MIS=31783, Improvement=0
n=65000, coeff=12.0, trial=6, GT MIS=32500, Greedy MIS=31783, |S|=64959, Oracle MIS=31703, Improvement=-80
n=65000, coeff=12.0, trial=6, GT MIS=32500, Greedy MIS=31783, |S|=63926, Oracle MIS=32166, Improvement=383
n=65000, coeff=12.0, trial=6, GT MIS=32500, Greedy MIS=31783, |S|=57604, Oracle MIS=32500, Improvement=717
n=65000, coeff=12.0, trial=6, GT MIS=32500, Greedy MIS=31783, |S|=44712, Oracle MIS=32500, Improvement=717
n=65000, coeff=12.0, trial=6, GT MIS=32500, Greedy MIS=31783, |S|=35326, Oracle MIS=32500, Improvement=717
n=65000, coeff=12.0, trial=6, GT MIS=32500, Greedy MIS=31783, |S|=32791, Oracle MIS=32500, Improvement=717
n=65000, coeff=12.0, trial=6, GT MIS=32500, Greedy MIS=31783, |S|=32512, Oracle MIS=32500, Improvement=717
n=65000, coeff=12.0, trial=7, GT MIS=32500, Greedy MIS=32163, |S|=65000, Oracle MIS=32163, Improvement=0
n=65000, coeff=12.0, trial=7, GT MIS=32500, Greedy MIS=32163, |S|=65000, Oracle MIS=32163, Improvement=0
n=65000, coeff=12.0, trial=7, GT MIS=32500, Greedy MIS=32163, |S|=65000, Oracle MIS=32163, Improvement=0
n=65000, coeff=12.0, trial=7, GT MIS=32500, Greedy MIS=32163, |S|=64964, Oracle MIS=32128, Improvement=-35
n=65000, coeff=12.0, trial=7, GT MIS=32500, Greedy MIS=32163, |S|=63988, Oracle MIS=32129, Improvement=-34
n=65000, coeff=12.0, trial=7, GT MIS=32500, Greedy MIS=32163, |S|=57783, Oracle MIS=32500, Improvement=337
n=65000, coeff=12.0, trial=7, GT MIS=32500, Greedy MIS=32163, |S|=44820, Oracle MIS=32500, Improvement=337
n=65000, coeff=12.0, trial=7, GT MIS=32500, Greedy MIS=32163, |S|=35479, Oracle MIS=32500, Improvement=337
n=65000, coeff=12.0, trial=7, GT MIS=32500, Greedy MIS=32163, |S|=32838, Oracle MIS=32500, Improvement=337
n=65000, coeff=12.0, trial=7, GT MIS=32500, Greedy MIS=32163, |S|=32520, Oracle MIS=32500, Improvement=337
n=65000, coeff=12.0, trial=8, GT MIS=32500, Greedy MIS=31332, |S|=65000, Oracle MIS=31332, Improvement=0
n=65000, coeff=12.0, trial=8, GT MIS=32500, Greedy MIS=31332, |S|=65000, Oracle MIS=31332, Improvement=0
n=65000, coeff=12.0, trial=8, GT MIS=32500, Greedy MIS=31332, |S|=64999, Oracle MIS=31292, Improvement=-40
n=65000, coeff=12.0, trial=8, GT MIS=32500, Greedy MIS=31332, |S|=64959, Oracle MIS=31214, Improvement=-118
n=65000, coeff=12.0, trial=8, GT MIS=32500, Greedy MIS=31332, |S|=63942, Oracle MIS=32243, Improvement=911
n=65000, coeff=12.0, trial=8, GT MIS=32500, Greedy MIS=31332, |S|=57748, Oracle MIS=32500, Improvement=1168
n=65000, coeff=12.0, trial=8, GT MIS=32500, Greedy MIS=31332, |S|=44805, Oracle MIS=32500, Improvement=1168
n=65000, coeff=12.0, trial=8, GT MIS=32500, Greedy MIS=31332, |S|=35482, Oracle MIS=32500, Improvement=1168
n=65000, coeff=12.0, trial=8, GT MIS=32500, Greedy MIS=31332, |S|=32845, Oracle MIS=32500, Improvement=1168
n=65000, coeff=12.0, trial=8, GT MIS=32500, Greedy MIS=31332, |S|=32511, Oracle MIS=32500, Improvement=1168
n=65000, coeff=12.0, trial=9, GT MIS=32500, Greedy MIS=32165, |S|=65000, Oracle MIS=32165, Improvement=0
n=65000, coeff=12.0, trial=9, GT MIS=32500, Greedy MIS=32165, |S|=65000, Oracle MIS=32165, Improvement=0
n=65000, coeff=12.0, trial=9, GT MIS=32500, Greedy MIS=32165, |S|=65000, Oracle MIS=32165, Improvement=0
n=65000, coeff=12.0, trial=9, GT MIS=32500, Greedy MIS=32165, |S|=64948, Oracle MIS=32113, Improvement=-52
n=65000, coeff=12.0, trial=9, GT MIS=32500, Greedy MIS=32165, |S|=63911, Oracle MIS=32316, Improvement=151
n=65000, coeff=12.0, trial=9, GT MIS=32500, Greedy MIS=32165, |S|=57361, Oracle MIS=32500, Improvement=335
n=65000, coeff=12.0, trial=9, GT MIS=32500, Greedy MIS=32165, |S|=44301, Oracle MIS=32500, Improvement=335
n=65000, coeff=12.0, trial=9, GT MIS=32500, Greedy MIS=32165, |S|=35166, Oracle MIS=32500, Improvement=335
n=65000, coeff=12.0, trial=9, GT MIS=32500, Greedy MIS=32165, |S|=32811, Oracle MIS=32500, Improvement=335
n=65000, coeff=12.0, trial=9, GT MIS=32500, Greedy MIS=32165, |S|=32513, Oracle MIS=32500, Improvement=335
Results saved to bipartite_experiment_results_epislons_65000.csv
