Running job on compute-0-41
Requested resources:
  - CPUs: 18
  - GPUs: 
  - Memory: 18000
n=60000, coeff=11.0, trial=0, GT MIS=30000, Greedy MIS=29547, |S|=60000, Oracle MIS=29547, Improvement=0
n=60000, coeff=11.0, trial=0, GT MIS=30000, Greedy MIS=29547, |S|=60000, Oracle MIS=29547, Improvement=0
n=60000, coeff=11.0, trial=0, GT MIS=30000, Greedy MIS=29547, |S|=60000, Oracle MIS=29547, Improvement=0
n=60000, coeff=11.0, trial=0, GT MIS=30000, Greedy MIS=29547, |S|=59969, Oracle MIS=29516, Improvement=-31
n=60000, coeff=11.0, trial=0, GT MIS=30000, Greedy MIS=29547, |S|=59151, Oracle MIS=29904, Improvement=357
n=60000, coeff=11.0, trial=0, GT MIS=30000, Greedy MIS=29547, |S|=54219, Oracle MIS=30000, Improvement=453
n=60000, coeff=11.0, trial=0, GT MIS=30000, Greedy MIS=29547, |S|=43215, Oracle MIS=30000, Improvement=453
n=60000, coeff=11.0, trial=0, GT MIS=30000, Greedy MIS=29547, |S|=33867, Oracle MIS=30000, Improvement=453
n=60000, coeff=11.0, trial=0, GT MIS=30000, Greedy MIS=29547, |S|=30547, Oracle MIS=30000, Improvement=453
n=60000, coeff=11.0, trial=0, GT MIS=30000, Greedy MIS=29547, |S|=30044, Oracle MIS=30000, Improvement=453
n=60000, coeff=11.0, trial=1, GT MIS=30000, Greedy MIS=28830, |S|=60000, Oracle MIS=28830, Improvement=0
n=60000, coeff=11.0, trial=1, GT MIS=30000, Greedy MIS=28830, |S|=60000, Oracle MIS=28830, Improvement=0
n=60000, coeff=11.0, trial=1, GT MIS=30000, Greedy MIS=28830, |S|=60000, Oracle MIS=28830, Improvement=0
n=60000, coeff=11.0, trial=1, GT MIS=30000, Greedy MIS=28830, |S|=59959, Oracle MIS=28830, Improvement=0
n=60000, coeff=11.0, trial=1, GT MIS=30000, Greedy MIS=28830, |S|=59251, Oracle MIS=29805, Improvement=975
n=60000, coeff=11.0, trial=1, GT MIS=30000, Greedy MIS=28830, |S|=54299, Oracle MIS=30000, Improvement=1170
n=60000, coeff=11.0, trial=1, GT MIS=30000, Greedy MIS=28830, |S|=43177, Oracle MIS=30000, Improvement=1170
n=60000, coeff=11.0, trial=1, GT MIS=30000, Greedy MIS=28830, |S|=33904, Oracle MIS=30000, Improvement=1170
n=60000, coeff=11.0, trial=1, GT MIS=30000, Greedy MIS=28830, |S|=30517, Oracle MIS=30000, Improvement=1170
n=60000, coeff=11.0, trial=1, GT MIS=30000, Greedy MIS=28830, |S|=30042, Oracle MIS=30000, Improvement=1170
n=60000, coeff=11.0, trial=2, GT MIS=30000, Greedy MIS=29530, |S|=60000, Oracle MIS=29530, Improvement=0
n=60000, coeff=11.0, trial=2, GT MIS=30000, Greedy MIS=29530, |S|=60000, Oracle MIS=29530, Improvement=0
n=60000, coeff=11.0, trial=2, GT MIS=30000, Greedy MIS=29530, |S|=60000, Oracle MIS=29530, Improvement=0
n=60000, coeff=11.0, trial=2, GT MIS=30000, Greedy MIS=29530, |S|=59966, Oracle MIS=29496, Improvement=-34
n=60000, coeff=11.0, trial=2, GT MIS=30000, Greedy MIS=29530, |S|=59196, Oracle MIS=29671, Improvement=141
n=60000, coeff=11.0, trial=2, GT MIS=30000, Greedy MIS=29530, |S|=54250, Oracle MIS=30000, Improvement=470
n=60000, coeff=11.0, trial=2, GT MIS=30000, Greedy MIS=29530, |S|=42966, Oracle MIS=30000, Improvement=470
n=60000, coeff=11.0, trial=2, GT MIS=30000, Greedy MIS=29530, |S|=33824, Oracle MIS=30000, Improvement=470
n=60000, coeff=11.0, trial=2, GT MIS=30000, Greedy MIS=29530, |S|=30576, Oracle MIS=30000, Improvement=470
n=60000, coeff=11.0, trial=2, GT MIS=30000, Greedy MIS=29530, |S|=30042, Oracle MIS=30000, Improvement=470
n=60000, coeff=11.0, trial=3, GT MIS=30000, Greedy MIS=29808, |S|=60000, Oracle MIS=29808, Improvement=0
n=60000, coeff=11.0, trial=3, GT MIS=30000, Greedy MIS=29808, |S|=60000, Oracle MIS=29808, Improvement=0
n=60000, coeff=11.0, trial=3, GT MIS=30000, Greedy MIS=29808, |S|=60000, Oracle MIS=29808, Improvement=0
n=60000, coeff=11.0, trial=3, GT MIS=30000, Greedy MIS=29808, |S|=59968, Oracle MIS=29776, Improvement=-32
n=60000, coeff=11.0, trial=3, GT MIS=30000, Greedy MIS=29808, |S|=59233, Oracle MIS=29642, Improvement=-166
n=60000, coeff=11.0, trial=3, GT MIS=30000, Greedy MIS=29808, |S|=54281, Oracle MIS=30000, Improvement=192
n=60000, coeff=11.0, trial=3, GT MIS=30000, Greedy MIS=29808, |S|=43055, Oracle MIS=30000, Improvement=192
n=60000, coeff=11.0, trial=3, GT MIS=30000, Greedy MIS=29808, |S|=33813, Oracle MIS=30000, Improvement=192
n=60000, coeff=11.0, trial=3, GT MIS=30000, Greedy MIS=29808, |S|=30544, Oracle MIS=30000, Improvement=192
n=60000, coeff=11.0, trial=3, GT MIS=30000, Greedy MIS=29808, |S|=30060, Oracle MIS=29999, Improvement=191
n=60000, coeff=11.0, trial=4, GT MIS=30000, Greedy MIS=29421, |S|=60000, Oracle MIS=29421, Improvement=0
n=60000, coeff=11.0, trial=4, GT MIS=30000, Greedy MIS=29421, |S|=60000, Oracle MIS=29421, Improvement=0
n=60000, coeff=11.0, trial=4, GT MIS=30000, Greedy MIS=29421, |S|=60000, Oracle MIS=29421, Improvement=0
n=60000, coeff=11.0, trial=4, GT MIS=30000, Greedy MIS=29421, |S|=59966, Oracle MIS=29421, Improvement=0
n=60000, coeff=11.0, trial=4, GT MIS=30000, Greedy MIS=29421, |S|=59246, Oracle MIS=29736, Improvement=315
n=60000, coeff=11.0, trial=4, GT MIS=30000, Greedy MIS=29421, |S|=54571, Oracle MIS=30000, Improvement=579
n=60000, coeff=11.0, trial=4, GT MIS=30000, Greedy MIS=29421, |S|=43362, Oracle MIS=30000, Improvement=579
n=60000, coeff=11.0, trial=4, GT MIS=30000, Greedy MIS=29421, |S|=33937, Oracle MIS=30000, Improvement=579
n=60000, coeff=11.0, trial=4, GT MIS=30000, Greedy MIS=29421, |S|=30552, Oracle MIS=30000, Improvement=579
n=60000, coeff=11.0, trial=4, GT MIS=30000, Greedy MIS=29421, |S|=30042, Oracle MIS=30000, Improvement=579
n=60000, coeff=11.0, trial=5, GT MIS=30000, Greedy MIS=29740, |S|=60000, Oracle MIS=29740, Improvement=0
n=60000, coeff=11.0, trial=5, GT MIS=30000, Greedy MIS=29740, |S|=60000, Oracle MIS=29740, Improvement=0
n=60000, coeff=11.0, trial=5, GT MIS=30000, Greedy MIS=29740, |S|=59996, Oracle MIS=29736, Improvement=-4
n=60000, coeff=11.0, trial=5, GT MIS=30000, Greedy MIS=29740, |S|=59956, Oracle MIS=29594, Improvement=-146
n=60000, coeff=11.0, trial=5, GT MIS=30000, Greedy MIS=29740, |S|=59258, Oracle MIS=29640, Improvement=-100
n=60000, coeff=11.0, trial=5, GT MIS=30000, Greedy MIS=29740, |S|=54413, Oracle MIS=30000, Improvement=260
n=60000, coeff=11.0, trial=5, GT MIS=30000, Greedy MIS=29740, |S|=43488, Oracle MIS=30000, Improvement=260
n=60000, coeff=11.0, trial=5, GT MIS=30000, Greedy MIS=29740, |S|=34091, Oracle MIS=30000, Improvement=260
n=60000, coeff=11.0, trial=5, GT MIS=30000, Greedy MIS=29740, |S|=30558, Oracle MIS=30000, Improvement=260
n=60000, coeff=11.0, trial=5, GT MIS=30000, Greedy MIS=29740, |S|=30051, Oracle MIS=30000, Improvement=260
n=60000, coeff=11.0, trial=6, GT MIS=30000, Greedy MIS=29245, |S|=60000, Oracle MIS=29245, Improvement=0
n=60000, coeff=11.0, trial=6, GT MIS=30000, Greedy MIS=29245, |S|=60000, Oracle MIS=29245, Improvement=0
n=60000, coeff=11.0, trial=6, GT MIS=30000, Greedy MIS=29245, |S|=60000, Oracle MIS=29245, Improvement=0
n=60000, coeff=11.0, trial=6, GT MIS=30000, Greedy MIS=29245, |S|=59960, Oracle MIS=29206, Improvement=-39
n=60000, coeff=11.0, trial=6, GT MIS=30000, Greedy MIS=29245, |S|=59175, Oracle MIS=29700, Improvement=455
n=60000, coeff=11.0, trial=6, GT MIS=30000, Greedy MIS=29245, |S|=54169, Oracle MIS=30000, Improvement=755
n=60000, coeff=11.0, trial=6, GT MIS=30000, Greedy MIS=29245, |S|=43083, Oracle MIS=30000, Improvement=755
n=60000, coeff=11.0, trial=6, GT MIS=30000, Greedy MIS=29245, |S|=33852, Oracle MIS=30000, Improvement=755
n=60000, coeff=11.0, trial=6, GT MIS=30000, Greedy MIS=29245, |S|=30552, Oracle MIS=30000, Improvement=755
n=60000, coeff=11.0, trial=6, GT MIS=30000, Greedy MIS=29245, |S|=30034, Oracle MIS=30000, Improvement=755
n=60000, coeff=11.0, trial=7, GT MIS=30000, Greedy MIS=29610, |S|=60000, Oracle MIS=29610, Improvement=0
n=60000, coeff=11.0, trial=7, GT MIS=30000, Greedy MIS=29610, |S|=60000, Oracle MIS=29610, Improvement=0
n=60000, coeff=11.0, trial=7, GT MIS=30000, Greedy MIS=29610, |S|=59998, Oracle MIS=29608, Improvement=-2
n=60000, coeff=11.0, trial=7, GT MIS=30000, Greedy MIS=29610, |S|=59960, Oracle MIS=29570, Improvement=-40
n=60000, coeff=11.0, trial=7, GT MIS=30000, Greedy MIS=29610, |S|=59207, Oracle MIS=29637, Improvement=27
n=60000, coeff=11.0, trial=7, GT MIS=30000, Greedy MIS=29610, |S|=54179, Oracle MIS=30000, Improvement=390
n=60000, coeff=11.0, trial=7, GT MIS=30000, Greedy MIS=29610, |S|=42777, Oracle MIS=30000, Improvement=390
n=60000, coeff=11.0, trial=7, GT MIS=30000, Greedy MIS=29610, |S|=33728, Oracle MIS=30000, Improvement=390
n=60000, coeff=11.0, trial=7, GT MIS=30000, Greedy MIS=29610, |S|=30489, Oracle MIS=30000, Improvement=390
n=60000, coeff=11.0, trial=7, GT MIS=30000, Greedy MIS=29610, |S|=30031, Oracle MIS=30000, Improvement=390
n=60000, coeff=11.0, trial=8, GT MIS=30000, Greedy MIS=28900, |S|=60000, Oracle MIS=28900, Improvement=0
n=60000, coeff=11.0, trial=8, GT MIS=30000, Greedy MIS=28900, |S|=60000, Oracle MIS=28900, Improvement=0
n=60000, coeff=11.0, trial=8, GT MIS=30000, Greedy MIS=28900, |S|=59999, Oracle MIS=28900, Improvement=0
n=60000, coeff=11.0, trial=8, GT MIS=30000, Greedy MIS=28900, |S|=59967, Oracle MIS=28900, Improvement=0
n=60000, coeff=11.0, trial=8, GT MIS=30000, Greedy MIS=28900, |S|=59249, Oracle MIS=29806, Improvement=906
n=60000, coeff=11.0, trial=8, GT MIS=30000, Greedy MIS=28900, |S|=54584, Oracle MIS=30000, Improvement=1100
n=60000, coeff=11.0, trial=8, GT MIS=30000, Greedy MIS=28900, |S|=43604, Oracle MIS=30000, Improvement=1100
n=60000, coeff=11.0, trial=8, GT MIS=30000, Greedy MIS=28900, |S|=33951, Oracle MIS=30000, Improvement=1100
n=60000, coeff=11.0, trial=8, GT MIS=30000, Greedy MIS=28900, |S|=30530, Oracle MIS=30000, Improvement=1100
n=60000, coeff=11.0, trial=8, GT MIS=30000, Greedy MIS=28900, |S|=30047, Oracle MIS=30000, Improvement=1100
n=60000, coeff=11.0, trial=9, GT MIS=30000, Greedy MIS=29520, |S|=60000, Oracle MIS=29520, Improvement=0
n=60000, coeff=11.0, trial=9, GT MIS=30000, Greedy MIS=29520, |S|=60000, Oracle MIS=29520, Improvement=0
n=60000, coeff=11.0, trial=9, GT MIS=30000, Greedy MIS=29520, |S|=60000, Oracle MIS=29520, Improvement=0
n=60000, coeff=11.0, trial=9, GT MIS=30000, Greedy MIS=29520, |S|=59982, Oracle MIS=29520, Improvement=0
n=60000, coeff=11.0, trial=9, GT MIS=30000, Greedy MIS=29520, |S|=59376, Oracle MIS=29832, Improvement=312
n=60000, coeff=11.0, trial=9, GT MIS=30000, Greedy MIS=29520, |S|=54940, Oracle MIS=30000, Improvement=480
n=60000, coeff=11.0, trial=9, GT MIS=30000, Greedy MIS=29520, |S|=44226, Oracle MIS=30000, Improvement=480
n=60000, coeff=11.0, trial=9, GT MIS=30000, Greedy MIS=29520, |S|=34196, Oracle MIS=30000, Improvement=480
n=60000, coeff=11.0, trial=9, GT MIS=30000, Greedy MIS=29520, |S|=30609, Oracle MIS=30000, Improvement=480
n=60000, coeff=11.0, trial=9, GT MIS=30000, Greedy MIS=29520, |S|=30046, Oracle MIS=30000, Improvement=480
Results saved to bipartite_experiment_results_epislons_60000.csv
