Running job on compute-3-04
Requested resources:
  - CPUs: 12
  - GPUs: 
  - Memory: 18000
n=50000, coeff=100.0, trial=0, GT MIS=25000, Greedy MIS=25000, |S|=50000, Oracle MIS=25000, Improvement=0
n=50000, coeff=100.0, trial=0, GT MIS=25000, Greedy MIS=25000, |S|=49999, Oracle MIS=24999, Improvement=-1
n=50000, coeff=100.0, trial=0, GT MIS=25000, Greedy MIS=25000, |S|=48328, Oracle MIS=25000, Improvement=0
n=50000, coeff=100.0, trial=0, GT MIS=25000, Greedy MIS=25000, |S|=27634, Oracle MIS=25000, Improvement=0
n=50000, coeff=100.0, trial=0, GT MIS=25000, Greedy MIS=25000, |S|=25001, Oracle MIS=25000, Improvement=0
n=50000, coeff=100.0, trial=0, GT MIS=25000, Greedy MIS=25000, |S|=25000, Oracle MIS=25000, Improvement=0
n=50000, coeff=100.0, trial=0, GT MIS=25000, Greedy MIS=25000, |S|=25000, Oracle MIS=25000, Improvement=0
n=50000, coeff=100.0, trial=0, GT MIS=25000, Greedy MIS=25000, |S|=25000, Oracle MIS=25000, Improvement=0
n=50000, coeff=100.0, trial=0, GT MIS=25000, Greedy MIS=25000, |S|=25000, Oracle MIS=25000, Improvement=0
n=50000, coeff=100.0, trial=0, GT MIS=25000, Greedy MIS=25000, |S|=25000, Oracle MIS=25000, Improvement=0
n=50000, coeff=100.0, trial=1, GT MIS=25000, Greedy MIS=25000, |S|=50000, Oracle MIS=25000, Improvement=0
n=50000, coeff=100.0, trial=1, GT MIS=25000, Greedy MIS=25000, |S|=50000, Oracle MIS=25000, Improvement=0
n=50000, coeff=100.0, trial=1, GT MIS=25000, Greedy MIS=25000, |S|=48975, Oracle MIS=25000, Improvement=0
n=50000, coeff=100.0, trial=1, GT MIS=25000, Greedy MIS=25000, |S|=28330, Oracle MIS=25000, Improvement=0
n=50000, coeff=100.0, trial=1, GT MIS=25000, Greedy MIS=25000, |S|=25001, Oracle MIS=25000, Improvement=0
n=50000, coeff=100.0, trial=1, GT MIS=25000, Greedy MIS=25000, |S|=25000, Oracle MIS=25000, Improvement=0
n=50000, coeff=100.0, trial=1, GT MIS=25000, Greedy MIS=25000, |S|=25000, Oracle MIS=25000, Improvement=0
n=50000, coeff=100.0, trial=1, GT MIS=25000, Greedy MIS=25000, |S|=25000, Oracle MIS=25000, Improvement=0
n=50000, coeff=100.0, trial=1, GT MIS=25000, Greedy MIS=25000, |S|=25000, Oracle MIS=25000, Improvement=0
n=50000, coeff=100.0, trial=1, GT MIS=25000, Greedy MIS=25000, |S|=25000, Oracle MIS=25000, Improvement=0
n=50000, coeff=100.0, trial=2, GT MIS=25000, Greedy MIS=25000, |S|=50000, Oracle MIS=25000, Improvement=0
n=50000, coeff=100.0, trial=2, GT MIS=25000, Greedy MIS=25000, |S|=50000, Oracle MIS=25000, Improvement=0
n=50000, coeff=100.0, trial=2, GT MIS=25000, Greedy MIS=25000, |S|=47575, Oracle MIS=25000, Improvement=0
n=50000, coeff=100.0, trial=2, GT MIS=25000, Greedy MIS=25000, |S|=27122, Oracle MIS=25000, Improvement=0
n=50000, coeff=100.0, trial=2, GT MIS=25000, Greedy MIS=25000, |S|=25002, Oracle MIS=25000, Improvement=0
n=50000, coeff=100.0, trial=2, GT MIS=25000, Greedy MIS=25000, |S|=25000, Oracle MIS=25000, Improvement=0
n=50000, coeff=100.0, trial=2, GT MIS=25000, Greedy MIS=25000, |S|=25000, Oracle MIS=25000, Improvement=0
n=50000, coeff=100.0, trial=2, GT MIS=25000, Greedy MIS=25000, |S|=25000, Oracle MIS=25000, Improvement=0
n=50000, coeff=100.0, trial=2, GT MIS=25000, Greedy MIS=25000, |S|=25000, Oracle MIS=25000, Improvement=0
n=50000, coeff=100.0, trial=2, GT MIS=25000, Greedy MIS=25000, |S|=25000, Oracle MIS=25000, Improvement=0
n=50000, coeff=100.0, trial=3, GT MIS=25000, Greedy MIS=25000, |S|=50000, Oracle MIS=25000, Improvement=0
n=50000, coeff=100.0, trial=3, GT MIS=25000, Greedy MIS=25000, |S|=49998, Oracle MIS=25000, Improvement=0
n=50000, coeff=100.0, trial=3, GT MIS=25000, Greedy MIS=25000, |S|=48141, Oracle MIS=25000, Improvement=0
n=50000, coeff=100.0, trial=3, GT MIS=25000, Greedy MIS=25000, |S|=27405, Oracle MIS=25000, Improvement=0
n=50000, coeff=100.0, trial=3, GT MIS=25000, Greedy MIS=25000, |S|=25002, Oracle MIS=25000, Improvement=0
n=50000, coeff=100.0, trial=3, GT MIS=25000, Greedy MIS=25000, |S|=25000, Oracle MIS=25000, Improvement=0
n=50000, coeff=100.0, trial=3, GT MIS=25000, Greedy MIS=25000, |S|=25000, Oracle MIS=25000, Improvement=0
n=50000, coeff=100.0, trial=3, GT MIS=25000, Greedy MIS=25000, |S|=25000, Oracle MIS=25000, Improvement=0
n=50000, coeff=100.0, trial=3, GT MIS=25000, Greedy MIS=25000, |S|=25000, Oracle MIS=25000, Improvement=0
n=50000, coeff=100.0, trial=3, GT MIS=25000, Greedy MIS=25000, |S|=25000, Oracle MIS=25000, Improvement=0
n=50000, coeff=100.0, trial=4, GT MIS=25000, Greedy MIS=25000, |S|=50000, Oracle MIS=25000, Improvement=0
n=50000, coeff=100.0, trial=4, GT MIS=25000, Greedy MIS=25000, |S|=50000, Oracle MIS=25000, Improvement=0
n=50000, coeff=100.0, trial=4, GT MIS=25000, Greedy MIS=25000, |S|=48971, Oracle MIS=25000, Improvement=0
n=50000, coeff=100.0, trial=4, GT MIS=25000, Greedy MIS=25000, |S|=28662, Oracle MIS=25000, Improvement=0
n=50000, coeff=100.0, trial=4, GT MIS=25000, Greedy MIS=25000, |S|=25004, Oracle MIS=25000, Improvement=0
n=50000, coeff=100.0, trial=4, GT MIS=25000, Greedy MIS=25000, |S|=25000, Oracle MIS=25000, Improvement=0
n=50000, coeff=100.0, trial=4, GT MIS=25000, Greedy MIS=25000, |S|=25000, Oracle MIS=25000, Improvement=0
n=50000, coeff=100.0, trial=4, GT MIS=25000, Greedy MIS=25000, |S|=25000, Oracle MIS=25000, Improvement=0
n=50000, coeff=100.0, trial=4, GT MIS=25000, Greedy MIS=25000, |S|=25000, Oracle MIS=25000, Improvement=0
n=50000, coeff=100.0, trial=4, GT MIS=25000, Greedy MIS=25000, |S|=25000, Oracle MIS=25000, Improvement=0
n=50000, coeff=100.0, trial=5, GT MIS=25000, Greedy MIS=25000, |S|=50000, Oracle MIS=25000, Improvement=0
n=50000, coeff=100.0, trial=5, GT MIS=25000, Greedy MIS=25000, |S|=50000, Oracle MIS=25000, Improvement=0
n=50000, coeff=100.0, trial=5, GT MIS=25000, Greedy MIS=25000, |S|=47702, Oracle MIS=25000, Improvement=0
n=50000, coeff=100.0, trial=5, GT MIS=25000, Greedy MIS=25000, |S|=26854, Oracle MIS=25000, Improvement=0
n=50000, coeff=100.0, trial=5, GT MIS=25000, Greedy MIS=25000, |S|=25000, Oracle MIS=25000, Improvement=0
n=50000, coeff=100.0, trial=5, GT MIS=25000, Greedy MIS=25000, |S|=25000, Oracle MIS=25000, Improvement=0
n=50000, coeff=100.0, trial=5, GT MIS=25000, Greedy MIS=25000, |S|=25000, Oracle MIS=25000, Improvement=0
n=50000, coeff=100.0, trial=5, GT MIS=25000, Greedy MIS=25000, |S|=25000, Oracle MIS=25000, Improvement=0
n=50000, coeff=100.0, trial=5, GT MIS=25000, Greedy MIS=25000, |S|=25000, Oracle MIS=25000, Improvement=0
n=50000, coeff=100.0, trial=5, GT MIS=25000, Greedy MIS=25000, |S|=25000, Oracle MIS=25000, Improvement=0
n=50000, coeff=100.0, trial=6, GT MIS=25000, Greedy MIS=25000, |S|=50000, Oracle MIS=25000, Improvement=0
n=50000, coeff=100.0, trial=6, GT MIS=25000, Greedy MIS=25000, |S|=50000, Oracle MIS=25000, Improvement=0
n=50000, coeff=100.0, trial=6, GT MIS=25000, Greedy MIS=25000, |S|=48306, Oracle MIS=25000, Improvement=0
n=50000, coeff=100.0, trial=6, GT MIS=25000, Greedy MIS=25000, |S|=27839, Oracle MIS=25000, Improvement=0
n=50000, coeff=100.0, trial=6, GT MIS=25000, Greedy MIS=25000, |S|=25002, Oracle MIS=25000, Improvement=0
n=50000, coeff=100.0, trial=6, GT MIS=25000, Greedy MIS=25000, |S|=25000, Oracle MIS=25000, Improvement=0
n=50000, coeff=100.0, trial=6, GT MIS=25000, Greedy MIS=25000, |S|=25000, Oracle MIS=25000, Improvement=0
n=50000, coeff=100.0, trial=6, GT MIS=25000, Greedy MIS=25000, |S|=25000, Oracle MIS=25000, Improvement=0
n=50000, coeff=100.0, trial=6, GT MIS=25000, Greedy MIS=25000, |S|=25000, Oracle MIS=25000, Improvement=0
n=50000, coeff=100.0, trial=6, GT MIS=25000, Greedy MIS=25000, |S|=25000, Oracle MIS=25000, Improvement=0
n=50000, coeff=100.0, trial=7, GT MIS=25000, Greedy MIS=25000, |S|=50000, Oracle MIS=25000, Improvement=0
n=50000, coeff=100.0, trial=7, GT MIS=25000, Greedy MIS=25000, |S|=49998, Oracle MIS=25000, Improvement=0
n=50000, coeff=100.0, trial=7, GT MIS=25000, Greedy MIS=25000, |S|=47537, Oracle MIS=25000, Improvement=0
n=50000, coeff=100.0, trial=7, GT MIS=25000, Greedy MIS=25000, |S|=26953, Oracle MIS=25000, Improvement=0
n=50000, coeff=100.0, trial=7, GT MIS=25000, Greedy MIS=25000, |S|=25001, Oracle MIS=25000, Improvement=0
n=50000, coeff=100.0, trial=7, GT MIS=25000, Greedy MIS=25000, |S|=25000, Oracle MIS=25000, Improvement=0
n=50000, coeff=100.0, trial=7, GT MIS=25000, Greedy MIS=25000, |S|=25000, Oracle MIS=25000, Improvement=0
n=50000, coeff=100.0, trial=7, GT MIS=25000, Greedy MIS=25000, |S|=25000, Oracle MIS=25000, Improvement=0
n=50000, coeff=100.0, trial=7, GT MIS=25000, Greedy MIS=25000, |S|=25000, Oracle MIS=25000, Improvement=0
n=50000, coeff=100.0, trial=7, GT MIS=25000, Greedy MIS=25000, |S|=25000, Oracle MIS=25000, Improvement=0
n=50000, coeff=100.0, trial=8, GT MIS=25000, Greedy MIS=25000, |S|=50000, Oracle MIS=25000, Improvement=0
n=50000, coeff=100.0, trial=8, GT MIS=25000, Greedy MIS=25000, |S|=50000, Oracle MIS=25000, Improvement=0
n=50000, coeff=100.0, trial=8, GT MIS=25000, Greedy MIS=25000, |S|=48637, Oracle MIS=25000, Improvement=0
n=50000, coeff=100.0, trial=8, GT MIS=25000, Greedy MIS=25000, |S|=28250, Oracle MIS=25000, Improvement=0
n=50000, coeff=100.0, trial=8, GT MIS=25000, Greedy MIS=25000, |S|=25002, Oracle MIS=25000, Improvement=0
n=50000, coeff=100.0, trial=8, GT MIS=25000, Greedy MIS=25000, |S|=25000, Oracle MIS=25000, Improvement=0
n=50000, coeff=100.0, trial=8, GT MIS=25000, Greedy MIS=25000, |S|=25000, Oracle MIS=25000, Improvement=0
n=50000, coeff=100.0, trial=8, GT MIS=25000, Greedy MIS=25000, |S|=25000, Oracle MIS=25000, Improvement=0
n=50000, coeff=100.0, trial=8, GT MIS=25000, Greedy MIS=25000, |S|=25000, Oracle MIS=25000, Improvement=0
n=50000, coeff=100.0, trial=8, GT MIS=25000, Greedy MIS=25000, |S|=25000, Oracle MIS=25000, Improvement=0
n=50000, coeff=100.0, trial=9, GT MIS=25000, Greedy MIS=25000, |S|=50000, Oracle MIS=25000, Improvement=0
n=50000, coeff=100.0, trial=9, GT MIS=25000, Greedy MIS=25000, |S|=49999, Oracle MIS=24999, Improvement=-1
n=50000, coeff=100.0, trial=9, GT MIS=25000, Greedy MIS=25000, |S|=48354, Oracle MIS=25000, Improvement=0
n=50000, coeff=100.0, trial=9, GT MIS=25000, Greedy MIS=25000, |S|=28017, Oracle MIS=25000, Improvement=0
n=50000, coeff=100.0, trial=9, GT MIS=25000, Greedy MIS=25000, |S|=25000, Oracle MIS=25000, Improvement=0
n=50000, coeff=100.0, trial=9, GT MIS=25000, Greedy MIS=25000, |S|=25000, Oracle MIS=25000, Improvement=0
n=50000, coeff=100.0, trial=9, GT MIS=25000, Greedy MIS=25000, |S|=25000, Oracle MIS=25000, Improvement=0
n=50000, coeff=100.0, trial=9, GT MIS=25000, Greedy MIS=25000, |S|=25000, Oracle MIS=25000, Improvement=0
n=50000, coeff=100.0, trial=9, GT MIS=25000, Greedy MIS=25000, |S|=25000, Oracle MIS=25000, Improvement=0
n=50000, coeff=100.0, trial=9, GT MIS=25000, Greedy MIS=25000, |S|=25000, Oracle MIS=25000, Improvement=0
Results saved to bipartite_experiment_results_epislons_50000.csv
