Running job on gpu-5-28
Requested resources:
  - CPUs: 32
  - GPUs: 
  - Memory: 24000
n=45000, coeff=3, trial=0, GT MIS=22500, Greedy MIS=22042, |S|=45000, Oracle MIS=22042, Improvement=0
n=45000, coeff=3, trial=0, GT MIS=22500, Greedy MIS=22042, |S|=45000, Oracle MIS=22042, Improvement=0
n=45000, coeff=3, trial=0, GT MIS=22500, Greedy MIS=22042, |S|=44998, Oracle MIS=22040, Improvement=-2
n=45000, coeff=3, trial=0, GT MIS=22500, Greedy MIS=22042, |S|=44983, Oracle MIS=22025, Improvement=-17
n=45000, coeff=3, trial=0, GT MIS=22500, Greedy MIS=22042, |S|=44881, Oracle MIS=21869, Improvement=-173
n=45000, coeff=3, trial=0, GT MIS=22500, Greedy MIS=22042, |S|=44295, Oracle MIS=20769, Improvement=-1273
n=45000, coeff=3, trial=0, GT MIS=22500, Greedy MIS=22042, |S|=42681, Oracle MIS=21982, Improvement=-60
n=45000, coeff=3, trial=0, GT MIS=22500, Greedy MIS=22042, |S|=39459, Oracle MIS=22474, Improvement=432
n=45000, coeff=3, trial=0, GT MIS=22500, Greedy MIS=22042, |S|=34748, Oracle MIS=22497, Improvement=455
n=45000, coeff=3, trial=0, GT MIS=22500, Greedy MIS=22042, |S|=29611, Oracle MIS=22486, Improvement=444
n=45000, coeff=3, trial=1, GT MIS=22500, Greedy MIS=21970, |S|=45000, Oracle MIS=21970, Improvement=0
n=45000, coeff=3, trial=1, GT MIS=22500, Greedy MIS=21970, |S|=45000, Oracle MIS=21970, Improvement=0
n=45000, coeff=3, trial=1, GT MIS=22500, Greedy MIS=21970, |S|=44998, Oracle MIS=21968, Improvement=-2
n=45000, coeff=3, trial=1, GT MIS=22500, Greedy MIS=21970, |S|=44979, Oracle MIS=21935, Improvement=-35
n=45000, coeff=3, trial=1, GT MIS=22500, Greedy MIS=21970, |S|=44888, Oracle MIS=21821, Improvement=-149
n=45000, coeff=3, trial=1, GT MIS=22500, Greedy MIS=21970, |S|=44348, Oracle MIS=20499, Improvement=-1471
n=45000, coeff=3, trial=1, GT MIS=22500, Greedy MIS=21970, |S|=42770, Oracle MIS=21832, Improvement=-138
n=45000, coeff=3, trial=1, GT MIS=22500, Greedy MIS=21970, |S|=39681, Oracle MIS=22478, Improvement=508
n=45000, coeff=3, trial=1, GT MIS=22500, Greedy MIS=21970, |S|=34799, Oracle MIS=22496, Improvement=526
n=45000, coeff=3, trial=1, GT MIS=22500, Greedy MIS=21970, |S|=29621, Oracle MIS=22491, Improvement=521
n=45000, coeff=3, trial=2, GT MIS=22500, Greedy MIS=21806, |S|=45000, Oracle MIS=21806, Improvement=0
n=45000, coeff=3, trial=2, GT MIS=22500, Greedy MIS=21806, |S|=45000, Oracle MIS=21806, Improvement=0
n=45000, coeff=3, trial=2, GT MIS=22500, Greedy MIS=21806, |S|=45000, Oracle MIS=21806, Improvement=0
n=45000, coeff=3, trial=2, GT MIS=22500, Greedy MIS=21806, |S|=44981, Oracle MIS=21787, Improvement=-19
n=45000, coeff=3, trial=2, GT MIS=22500, Greedy MIS=21806, |S|=44863, Oracle MIS=21530, Improvement=-276
n=45000, coeff=3, trial=2, GT MIS=22500, Greedy MIS=21806, |S|=44366, Oracle MIS=20421, Improvement=-1385
n=45000, coeff=3, trial=2, GT MIS=22500, Greedy MIS=21806, |S|=42739, Oracle MIS=21948, Improvement=142
n=45000, coeff=3, trial=2, GT MIS=22500, Greedy MIS=21806, |S|=39435, Oracle MIS=22488, Improvement=682
n=45000, coeff=3, trial=2, GT MIS=22500, Greedy MIS=21806, |S|=34556, Oracle MIS=22498, Improvement=692
n=45000, coeff=3, trial=2, GT MIS=22500, Greedy MIS=21806, |S|=29672, Oracle MIS=22486, Improvement=680
n=45000, coeff=3, trial=3, GT MIS=22500, Greedy MIS=22022, |S|=45000, Oracle MIS=22022, Improvement=0
n=45000, coeff=3, trial=3, GT MIS=22500, Greedy MIS=22022, |S|=45000, Oracle MIS=22022, Improvement=0
n=45000, coeff=3, trial=3, GT MIS=22500, Greedy MIS=22022, |S|=44999, Oracle MIS=22021, Improvement=-1
n=45000, coeff=3, trial=3, GT MIS=22500, Greedy MIS=22022, |S|=44982, Oracle MIS=21994, Improvement=-28
n=45000, coeff=3, trial=3, GT MIS=22500, Greedy MIS=22022, |S|=44876, Oracle MIS=21803, Improvement=-219
n=45000, coeff=3, trial=3, GT MIS=22500, Greedy MIS=22022, |S|=44383, Oracle MIS=21074, Improvement=-948
n=45000, coeff=3, trial=3, GT MIS=22500, Greedy MIS=22022, |S|=42657, Oracle MIS=21980, Improvement=-42
n=45000, coeff=3, trial=3, GT MIS=22500, Greedy MIS=22022, |S|=39499, Oracle MIS=22469, Improvement=447
n=45000, coeff=3, trial=3, GT MIS=22500, Greedy MIS=22022, |S|=34673, Oracle MIS=22495, Improvement=473
n=45000, coeff=3, trial=3, GT MIS=22500, Greedy MIS=22022, |S|=29378, Oracle MIS=22492, Improvement=470
n=45000, coeff=3, trial=4, GT MIS=22500, Greedy MIS=22049, |S|=45000, Oracle MIS=22049, Improvement=0
n=45000, coeff=3, trial=4, GT MIS=22500, Greedy MIS=22049, |S|=45000, Oracle MIS=22049, Improvement=0
n=45000, coeff=3, trial=4, GT MIS=22500, Greedy MIS=22049, |S|=44999, Oracle MIS=22048, Improvement=-1
n=45000, coeff=3, trial=4, GT MIS=22500, Greedy MIS=22049, |S|=44989, Oracle MIS=22033, Improvement=-16
n=45000, coeff=3, trial=4, GT MIS=22500, Greedy MIS=22049, |S|=44870, Oracle MIS=21865, Improvement=-184
n=45000, coeff=3, trial=4, GT MIS=22500, Greedy MIS=22049, |S|=44409, Oracle MIS=21259, Improvement=-790
n=45000, coeff=3, trial=4, GT MIS=22500, Greedy MIS=22049, |S|=42652, Oracle MIS=21969, Improvement=-80
n=45000, coeff=3, trial=4, GT MIS=22500, Greedy MIS=22049, |S|=39537, Oracle MIS=22469, Improvement=420
n=45000, coeff=3, trial=4, GT MIS=22500, Greedy MIS=22049, |S|=34727, Oracle MIS=22498, Improvement=449
n=45000, coeff=3, trial=4, GT MIS=22500, Greedy MIS=22049, |S|=29399, Oracle MIS=22494, Improvement=445
Results saved to bipartite_experiment_results_epislons_45000.csv
