Running job on compute-3-04
Requested resources:
  - CPUs: 18
  - GPUs: 
  - Memory: 18000
n=10000, coeff=1, trial=5, GT MIS=5063, Greedy MIS=5058, |S|=10000, Oracle MIS=5058, Improvement=0
n=10000, coeff=1, trial=5, GT MIS=5063, Greedy MIS=5058, |S|=10000, Oracle MIS=5058, Improvement=0
n=10000, coeff=1, trial=5, GT MIS=5063, Greedy MIS=5058, |S|=9992, Oracle MIS=5051, Improvement=-7
n=10000, coeff=1, trial=5, GT MIS=5063, Greedy MIS=5058, |S|=9978, Oracle MIS=5038, Improvement=-20
n=10000, coeff=1, trial=5, GT MIS=5063, Greedy MIS=5058, |S|=9917, Oracle MIS=4985, Improvement=-73
n=10000, coeff=1, trial=5, GT MIS=5063, Greedy MIS=5058, |S|=9800, Oracle MIS=4886, Improvement=-172
n=10000, coeff=1, trial=5, GT MIS=5063, Greedy MIS=5058, |S|=9653, Oracle MIS=4758, Improvement=-300
n=10000, coeff=1, trial=5, GT MIS=5063, Greedy MIS=5058, |S|=9131, Oracle MIS=5045, Improvement=-13
n=10000, coeff=1, trial=5, GT MIS=5063, Greedy MIS=5058, |S|=8876, Oracle MIS=5044, Improvement=-14
n=10000, coeff=1, trial=5, GT MIS=5063, Greedy MIS=5058, |S|=7987, Oracle MIS=5034, Improvement=-24
n=10000, coeff=1, trial=6, GT MIS=5069, Greedy MIS=5069, |S|=9999, Oracle MIS=5069, Improvement=0
n=10000, coeff=1, trial=6, GT MIS=5069, Greedy MIS=5069, |S|=9997, Oracle MIS=5069, Improvement=0
n=10000, coeff=1, trial=6, GT MIS=5069, Greedy MIS=5069, |S|=9988, Oracle MIS=5069, Improvement=0
n=10000, coeff=1, trial=6, GT MIS=5069, Greedy MIS=5069, |S|=9980, Oracle MIS=5068, Improvement=-1
n=10000, coeff=1, trial=6, GT MIS=5069, Greedy MIS=5069, |S|=9932, Oracle MIS=5068, Improvement=-1
n=10000, coeff=1, trial=6, GT MIS=5069, Greedy MIS=5069, |S|=9857, Oracle MIS=5066, Improvement=-3
n=10000, coeff=1, trial=6, GT MIS=5069, Greedy MIS=5069, |S|=9726, Oracle MIS=5063, Improvement=-6
n=10000, coeff=1, trial=6, GT MIS=5069, Greedy MIS=5069, |S|=9249, Oracle MIS=5054, Improvement=-15
n=10000, coeff=1, trial=6, GT MIS=5069, Greedy MIS=5069, |S|=8964, Oracle MIS=5051, Improvement=-18
n=10000, coeff=1, trial=6, GT MIS=5069, Greedy MIS=5069, |S|=8132, Oracle MIS=5040, Improvement=-29
n=10000, coeff=1, trial=7, GT MIS=5069, Greedy MIS=5069, |S|=10000, Oracle MIS=5069, Improvement=0
n=10000, coeff=1, trial=7, GT MIS=5069, Greedy MIS=5069, |S|=9998, Oracle MIS=5069, Improvement=0
n=10000, coeff=1, trial=7, GT MIS=5069, Greedy MIS=5069, |S|=9990, Oracle MIS=5069, Improvement=0
n=10000, coeff=1, trial=7, GT MIS=5069, Greedy MIS=5069, |S|=9982, Oracle MIS=5069, Improvement=0
n=10000, coeff=1, trial=7, GT MIS=5069, Greedy MIS=5069, |S|=9921, Oracle MIS=5068, Improvement=-1
n=10000, coeff=1, trial=7, GT MIS=5069, Greedy MIS=5069, |S|=9829, Oracle MIS=5067, Improvement=-2
n=10000, coeff=1, trial=7, GT MIS=5069, Greedy MIS=5069, |S|=9703, Oracle MIS=5068, Improvement=-1
n=10000, coeff=1, trial=7, GT MIS=5069, Greedy MIS=5069, |S|=9184, Oracle MIS=5055, Improvement=-14
n=10000, coeff=1, trial=7, GT MIS=5069, Greedy MIS=5069, |S|=8895, Oracle MIS=5054, Improvement=-15
n=10000, coeff=1, trial=7, GT MIS=5069, Greedy MIS=5069, |S|=8140, Oracle MIS=5034, Improvement=-35
n=10000, coeff=1, trial=8, GT MIS=5055, Greedy MIS=5049, |S|=9999, Oracle MIS=5048, Improvement=-1
n=10000, coeff=1, trial=8, GT MIS=5055, Greedy MIS=5049, |S|=9999, Oracle MIS=5048, Improvement=-1
n=10000, coeff=1, trial=8, GT MIS=5055, Greedy MIS=5049, |S|=9993, Oracle MIS=5043, Improvement=-6
n=10000, coeff=1, trial=8, GT MIS=5055, Greedy MIS=5049, |S|=9983, Oracle MIS=5035, Improvement=-14
n=10000, coeff=1, trial=8, GT MIS=5055, Greedy MIS=5049, |S|=9913, Oracle MIS=4974, Improvement=-75
n=10000, coeff=1, trial=8, GT MIS=5055, Greedy MIS=5049, |S|=9790, Oracle MIS=4870, Improvement=-179
n=10000, coeff=1, trial=8, GT MIS=5055, Greedy MIS=5049, |S|=9635, Oracle MIS=4733, Improvement=-316
n=10000, coeff=1, trial=8, GT MIS=5055, Greedy MIS=5049, |S|=9088, Oracle MIS=5036, Improvement=-13
n=10000, coeff=1, trial=8, GT MIS=5055, Greedy MIS=5049, |S|=8824, Oracle MIS=5035, Improvement=-14
n=10000, coeff=1, trial=8, GT MIS=5055, Greedy MIS=5049, |S|=8019, Oracle MIS=5011, Improvement=-38
n=10000, coeff=1, trial=9, GT MIS=5053, Greedy MIS=5051, |S|=10000, Oracle MIS=5051, Improvement=0
n=10000, coeff=1, trial=9, GT MIS=5053, Greedy MIS=5051, |S|=9998, Oracle MIS=5050, Improvement=-1
n=10000, coeff=1, trial=9, GT MIS=5053, Greedy MIS=5051, |S|=9993, Oracle MIS=5045, Improvement=-6
n=10000, coeff=1, trial=9, GT MIS=5053, Greedy MIS=5051, |S|=9979, Oracle MIS=5032, Improvement=-19
n=10000, coeff=1, trial=9, GT MIS=5053, Greedy MIS=5051, |S|=9929, Oracle MIS=4988, Improvement=-63
n=10000, coeff=1, trial=9, GT MIS=5053, Greedy MIS=5051, |S|=9829, Oracle MIS=4904, Improvement=-147
n=10000, coeff=1, trial=9, GT MIS=5053, Greedy MIS=5051, |S|=9678, Oracle MIS=4779, Improvement=-272
n=10000, coeff=1, trial=9, GT MIS=5053, Greedy MIS=5051, |S|=9145, Oracle MIS=5041, Improvement=-10
n=10000, coeff=1, trial=9, GT MIS=5053, Greedy MIS=5051, |S|=8895, Oracle MIS=5046, Improvement=-5
n=10000, coeff=1, trial=9, GT MIS=5053, Greedy MIS=5051, |S|=8075, Oracle MIS=5029, Improvement=-22
n=10000, coeff=2, trial=5, GT MIS=5001, Greedy MIS=4750, |S|=10000, Oracle MIS=4750, Improvement=0
n=10000, coeff=2, trial=5, GT MIS=5001, Greedy MIS=4750, |S|=9999, Oracle MIS=4749, Improvement=-1
n=10000, coeff=2, trial=5, GT MIS=5001, Greedy MIS=4750, |S|=9999, Oracle MIS=4749, Improvement=-1
n=10000, coeff=2, trial=5, GT MIS=5001, Greedy MIS=4750, |S|=9997, Oracle MIS=4745, Improvement=-5
n=10000, coeff=2, trial=5, GT MIS=5001, Greedy MIS=4750, |S|=9969, Oracle MIS=4707, Improvement=-43
n=10000, coeff=2, trial=5, GT MIS=5001, Greedy MIS=4750, |S|=9890, Oracle MIS=4669, Improvement=-81
n=10000, coeff=2, trial=5, GT MIS=5001, Greedy MIS=4750, |S|=9682, Oracle MIS=4669, Improvement=-81
n=10000, coeff=2, trial=5, GT MIS=5001, Greedy MIS=4750, |S|=9234, Oracle MIS=4723, Improvement=-27
n=10000, coeff=2, trial=5, GT MIS=5001, Greedy MIS=4750, |S|=8406, Oracle MIS=4974, Improvement=224
n=10000, coeff=2, trial=5, GT MIS=5001, Greedy MIS=4750, |S|=7645, Oracle MIS=4994, Improvement=244
n=10000, coeff=2, trial=6, GT MIS=5000, Greedy MIS=4782, |S|=10000, Oracle MIS=4782, Improvement=0
n=10000, coeff=2, trial=6, GT MIS=5000, Greedy MIS=4782, |S|=10000, Oracle MIS=4782, Improvement=0
n=10000, coeff=2, trial=6, GT MIS=5000, Greedy MIS=4782, |S|=9997, Oracle MIS=4778, Improvement=-4
n=10000, coeff=2, trial=6, GT MIS=5000, Greedy MIS=4782, |S|=9991, Oracle MIS=4775, Improvement=-7
n=10000, coeff=2, trial=6, GT MIS=5000, Greedy MIS=4782, |S|=9966, Oracle MIS=4715, Improvement=-67
n=10000, coeff=2, trial=6, GT MIS=5000, Greedy MIS=4782, |S|=9862, Oracle MIS=4648, Improvement=-134
n=10000, coeff=2, trial=6, GT MIS=5000, Greedy MIS=4782, |S|=9601, Oracle MIS=4648, Improvement=-134
n=10000, coeff=2, trial=6, GT MIS=5000, Greedy MIS=4782, |S|=9122, Oracle MIS=4652, Improvement=-130
n=10000, coeff=2, trial=6, GT MIS=5000, Greedy MIS=4782, |S|=8382, Oracle MIS=4971, Improvement=189
n=10000, coeff=2, trial=6, GT MIS=5000, Greedy MIS=4782, |S|=7531, Oracle MIS=4994, Improvement=212
n=10000, coeff=2, trial=7, GT MIS=5001, Greedy MIS=4715, |S|=10000, Oracle MIS=4715, Improvement=0
n=10000, coeff=2, trial=7, GT MIS=5001, Greedy MIS=4715, |S|=10000, Oracle MIS=4715, Improvement=0
n=10000, coeff=2, trial=7, GT MIS=5001, Greedy MIS=4715, |S|=10000, Oracle MIS=4715, Improvement=0
n=10000, coeff=2, trial=7, GT MIS=5001, Greedy MIS=4715, |S|=9995, Oracle MIS=4715, Improvement=0
n=10000, coeff=2, trial=7, GT MIS=5001, Greedy MIS=4715, |S|=9964, Oracle MIS=4721, Improvement=6
n=10000, coeff=2, trial=7, GT MIS=5001, Greedy MIS=4715, |S|=9860, Oracle MIS=4982, Improvement=267
n=10000, coeff=2, trial=7, GT MIS=5001, Greedy MIS=4715, |S|=9632, Oracle MIS=4983, Improvement=268
n=10000, coeff=2, trial=7, GT MIS=5001, Greedy MIS=4715, |S|=9133, Oracle MIS=4983, Improvement=268
n=10000, coeff=2, trial=7, GT MIS=5001, Greedy MIS=4715, |S|=8418, Oracle MIS=5000, Improvement=285
n=10000, coeff=2, trial=7, GT MIS=5001, Greedy MIS=4715, |S|=7580, Oracle MIS=5000, Improvement=285
n=10000, coeff=2, trial=8, GT MIS=5000, Greedy MIS=4795, |S|=10000, Oracle MIS=4795, Improvement=0
n=10000, coeff=2, trial=8, GT MIS=5000, Greedy MIS=4795, |S|=10000, Oracle MIS=4795, Improvement=0
n=10000, coeff=2, trial=8, GT MIS=5000, Greedy MIS=4795, |S|=9999, Oracle MIS=4794, Improvement=-1
n=10000, coeff=2, trial=8, GT MIS=5000, Greedy MIS=4795, |S|=9996, Oracle MIS=4791, Improvement=-4
n=10000, coeff=2, trial=8, GT MIS=5000, Greedy MIS=4795, |S|=9965, Oracle MIS=4730, Improvement=-65
n=10000, coeff=2, trial=8, GT MIS=5000, Greedy MIS=4795, |S|=9879, Oracle MIS=4685, Improvement=-110
n=10000, coeff=2, trial=8, GT MIS=5000, Greedy MIS=4795, |S|=9655, Oracle MIS=4685, Improvement=-110
n=10000, coeff=2, trial=8, GT MIS=5000, Greedy MIS=4795, |S|=9198, Oracle MIS=4704, Improvement=-91
n=10000, coeff=2, trial=8, GT MIS=5000, Greedy MIS=4795, |S|=8477, Oracle MIS=4979, Improvement=184
n=10000, coeff=2, trial=8, GT MIS=5000, Greedy MIS=4795, |S|=7633, Oracle MIS=4996, Improvement=201
n=10000, coeff=2, trial=9, GT MIS=5000, Greedy MIS=4711, |S|=10000, Oracle MIS=4711, Improvement=0
n=10000, coeff=2, trial=9, GT MIS=5000, Greedy MIS=4711, |S|=10000, Oracle MIS=4711, Improvement=0
n=10000, coeff=2, trial=9, GT MIS=5000, Greedy MIS=4711, |S|=10000, Oracle MIS=4711, Improvement=0
n=10000, coeff=2, trial=9, GT MIS=5000, Greedy MIS=4711, |S|=9998, Oracle MIS=4705, Improvement=-6
n=10000, coeff=2, trial=9, GT MIS=5000, Greedy MIS=4711, |S|=9973, Oracle MIS=4655, Improvement=-56
n=10000, coeff=2, trial=9, GT MIS=5000, Greedy MIS=4711, |S|=9863, Oracle MIS=4726, Improvement=15
n=10000, coeff=2, trial=9, GT MIS=5000, Greedy MIS=4711, |S|=9642, Oracle MIS=4731, Improvement=20
n=10000, coeff=2, trial=9, GT MIS=5000, Greedy MIS=4711, |S|=9173, Oracle MIS=4746, Improvement=35
n=10000, coeff=2, trial=9, GT MIS=5000, Greedy MIS=4711, |S|=8399, Oracle MIS=4972, Improvement=261
n=10000, coeff=2, trial=9, GT MIS=5000, Greedy MIS=4711, |S|=7703, Oracle MIS=4997, Improvement=286
n=10000, coeff=3, trial=5, GT MIS=5000, Greedy MIS=4818, |S|=10000, Oracle MIS=4818, Improvement=0
n=10000, coeff=3, trial=5, GT MIS=5000, Greedy MIS=4818, |S|=10000, Oracle MIS=4818, Improvement=0
n=10000, coeff=3, trial=5, GT MIS=5000, Greedy MIS=4818, |S|=10000, Oracle MIS=4818, Improvement=0
n=10000, coeff=3, trial=5, GT MIS=5000, Greedy MIS=4818, |S|=9997, Oracle MIS=4816, Improvement=-2
n=10000, coeff=3, trial=5, GT MIS=5000, Greedy MIS=4818, |S|=9973, Oracle MIS=4717, Improvement=-101
n=10000, coeff=3, trial=5, GT MIS=5000, Greedy MIS=4818, |S|=9890, Oracle MIS=4500, Improvement=-318
n=10000, coeff=3, trial=5, GT MIS=5000, Greedy MIS=4818, |S|=9590, Oracle MIS=4854, Improvement=36
n=10000, coeff=3, trial=5, GT MIS=5000, Greedy MIS=4818, |S|=8950, Oracle MIS=4987, Improvement=169
n=10000, coeff=3, trial=5, GT MIS=5000, Greedy MIS=4818, |S|=7997, Oracle MIS=4998, Improvement=180
n=10000, coeff=3, trial=5, GT MIS=5000, Greedy MIS=4818, |S|=6981, Oracle MIS=4996, Improvement=178
n=10000, coeff=3, trial=6, GT MIS=5000, Greedy MIS=4849, |S|=10000, Oracle MIS=4849, Improvement=0
n=10000, coeff=3, trial=6, GT MIS=5000, Greedy MIS=4849, |S|=10000, Oracle MIS=4849, Improvement=0
n=10000, coeff=3, trial=6, GT MIS=5000, Greedy MIS=4849, |S|=10000, Oracle MIS=4849, Improvement=0
n=10000, coeff=3, trial=6, GT MIS=5000, Greedy MIS=4849, |S|=9998, Oracle MIS=4843, Improvement=-6
n=10000, coeff=3, trial=6, GT MIS=5000, Greedy MIS=4849, |S|=9973, Oracle MIS=4806, Improvement=-43
n=10000, coeff=3, trial=6, GT MIS=5000, Greedy MIS=4849, |S|=9867, Oracle MIS=4478, Improvement=-371
n=10000, coeff=3, trial=6, GT MIS=5000, Greedy MIS=4849, |S|=9545, Oracle MIS=4849, Improvement=0
n=10000, coeff=3, trial=6, GT MIS=5000, Greedy MIS=4849, |S|=8884, Oracle MIS=4986, Improvement=137
n=10000, coeff=3, trial=6, GT MIS=5000, Greedy MIS=4849, |S|=7830, Oracle MIS=4999, Improvement=150
n=10000, coeff=3, trial=6, GT MIS=5000, Greedy MIS=4849, |S|=6861, Oracle MIS=4998, Improvement=149
n=10000, coeff=3, trial=7, GT MIS=5000, Greedy MIS=4808, |S|=10000, Oracle MIS=4808, Improvement=0
n=10000, coeff=3, trial=7, GT MIS=5000, Greedy MIS=4808, |S|=10000, Oracle MIS=4808, Improvement=0
n=10000, coeff=3, trial=7, GT MIS=5000, Greedy MIS=4808, |S|=10000, Oracle MIS=4808, Improvement=0
n=10000, coeff=3, trial=7, GT MIS=5000, Greedy MIS=4808, |S|=9996, Oracle MIS=4800, Improvement=-8
n=10000, coeff=3, trial=7, GT MIS=5000, Greedy MIS=4808, |S|=9969, Oracle MIS=4762, Improvement=-46
n=10000, coeff=3, trial=7, GT MIS=5000, Greedy MIS=4808, |S|=9877, Oracle MIS=4607, Improvement=-201
n=10000, coeff=3, trial=7, GT MIS=5000, Greedy MIS=4808, |S|=9594, Oracle MIS=4887, Improvement=79
n=10000, coeff=3, trial=7, GT MIS=5000, Greedy MIS=4808, |S|=8953, Oracle MIS=4986, Improvement=178
n=10000, coeff=3, trial=7, GT MIS=5000, Greedy MIS=4808, |S|=7945, Oracle MIS=4999, Improvement=191
n=10000, coeff=3, trial=7, GT MIS=5000, Greedy MIS=4808, |S|=6936, Oracle MIS=4996, Improvement=188
n=10000, coeff=3, trial=8, GT MIS=5000, Greedy MIS=4810, |S|=10000, Oracle MIS=4810, Improvement=0
n=10000, coeff=3, trial=8, GT MIS=5000, Greedy MIS=4810, |S|=10000, Oracle MIS=4810, Improvement=0
n=10000, coeff=3, trial=8, GT MIS=5000, Greedy MIS=4810, |S|=10000, Oracle MIS=4810, Improvement=0
n=10000, coeff=3, trial=8, GT MIS=5000, Greedy MIS=4810, |S|=9997, Oracle MIS=4807, Improvement=-3
n=10000, coeff=3, trial=8, GT MIS=5000, Greedy MIS=4810, |S|=9974, Oracle MIS=4775, Improvement=-35
n=10000, coeff=3, trial=8, GT MIS=5000, Greedy MIS=4810, |S|=9897, Oracle MIS=4663, Improvement=-147
n=10000, coeff=3, trial=8, GT MIS=5000, Greedy MIS=4810, |S|=9619, Oracle MIS=4813, Improvement=3
n=10000, coeff=3, trial=8, GT MIS=5000, Greedy MIS=4810, |S|=8928, Oracle MIS=4984, Improvement=174
n=10000, coeff=3, trial=8, GT MIS=5000, Greedy MIS=4810, |S|=7971, Oracle MIS=4999, Improvement=189
n=10000, coeff=3, trial=8, GT MIS=5000, Greedy MIS=4810, |S|=6936, Oracle MIS=4997, Improvement=187
n=10000, coeff=3, trial=9, GT MIS=5000, Greedy MIS=4863, |S|=10000, Oracle MIS=4863, Improvement=0
n=10000, coeff=3, trial=9, GT MIS=5000, Greedy MIS=4863, |S|=10000, Oracle MIS=4863, Improvement=0
n=10000, coeff=3, trial=9, GT MIS=5000, Greedy MIS=4863, |S|=10000, Oracle MIS=4863, Improvement=0
n=10000, coeff=3, trial=9, GT MIS=5000, Greedy MIS=4863, |S|=9998, Oracle MIS=4857, Improvement=-6
n=10000, coeff=3, trial=9, GT MIS=5000, Greedy MIS=4863, |S|=9975, Oracle MIS=4803, Improvement=-60
n=10000, coeff=3, trial=9, GT MIS=5000, Greedy MIS=4863, |S|=9895, Oracle MIS=4648, Improvement=-215
n=10000, coeff=3, trial=9, GT MIS=5000, Greedy MIS=4863, |S|=9593, Oracle MIS=4802, Improvement=-61
n=10000, coeff=3, trial=9, GT MIS=5000, Greedy MIS=4863, |S|=8944, Oracle MIS=4965, Improvement=102
n=10000, coeff=3, trial=9, GT MIS=5000, Greedy MIS=4863, |S|=7971, Oracle MIS=4999, Improvement=136
n=10000, coeff=3, trial=9, GT MIS=5000, Greedy MIS=4863, |S|=7024, Oracle MIS=4998, Improvement=135
n=10000, coeff=4, trial=5, GT MIS=5000, Greedy MIS=4953, |S|=10000, Oracle MIS=4953, Improvement=0
n=10000, coeff=4, trial=5, GT MIS=5000, Greedy MIS=4953, |S|=10000, Oracle MIS=4953, Improvement=0
n=10000, coeff=4, trial=5, GT MIS=5000, Greedy MIS=4953, |S|=9999, Oracle MIS=4952, Improvement=-1
n=10000, coeff=4, trial=5, GT MIS=5000, Greedy MIS=4953, |S|=9995, Oracle MIS=4942, Improvement=-11
n=10000, coeff=4, trial=5, GT MIS=5000, Greedy MIS=4953, |S|=9976, Oracle MIS=4917, Improvement=-36
n=10000, coeff=4, trial=5, GT MIS=5000, Greedy MIS=4953, |S|=9860, Oracle MIS=4747, Improvement=-206
n=10000, coeff=4, trial=5, GT MIS=5000, Greedy MIS=4953, |S|=9495, Oracle MIS=4918, Improvement=-35
n=10000, coeff=4, trial=5, GT MIS=5000, Greedy MIS=4953, |S|=8676, Oracle MIS=4995, Improvement=42
n=10000, coeff=4, trial=5, GT MIS=5000, Greedy MIS=4953, |S|=7497, Oracle MIS=4998, Improvement=45
n=10000, coeff=4, trial=5, GT MIS=5000, Greedy MIS=4953, |S|=6327, Oracle MIS=4996, Improvement=43
n=10000, coeff=4, trial=6, GT MIS=5000, Greedy MIS=4910, |S|=10000, Oracle MIS=4910, Improvement=0
n=10000, coeff=4, trial=6, GT MIS=5000, Greedy MIS=4910, |S|=10000, Oracle MIS=4910, Improvement=0
n=10000, coeff=4, trial=6, GT MIS=5000, Greedy MIS=4910, |S|=10000, Oracle MIS=4910, Improvement=0
n=10000, coeff=4, trial=6, GT MIS=5000, Greedy MIS=4910, |S|=9998, Oracle MIS=4908, Improvement=-2
n=10000, coeff=4, trial=6, GT MIS=5000, Greedy MIS=4910, |S|=9960, Oracle MIS=4864, Improvement=-46
n=10000, coeff=4, trial=6, GT MIS=5000, Greedy MIS=4910, |S|=9815, Oracle MIS=4652, Improvement=-258
n=10000, coeff=4, trial=6, GT MIS=5000, Greedy MIS=4910, |S|=9341, Oracle MIS=5000, Improvement=90
n=10000, coeff=4, trial=6, GT MIS=5000, Greedy MIS=4910, |S|=8490, Oracle MIS=5000, Improvement=90
n=10000, coeff=4, trial=6, GT MIS=5000, Greedy MIS=4910, |S|=7365, Oracle MIS=5000, Improvement=90
n=10000, coeff=4, trial=6, GT MIS=5000, Greedy MIS=4910, |S|=6263, Oracle MIS=4998, Improvement=88
n=10000, coeff=4, trial=7, GT MIS=5000, Greedy MIS=4653, |S|=10000, Oracle MIS=4653, Improvement=0
n=10000, coeff=4, trial=7, GT MIS=5000, Greedy MIS=4653, |S|=10000, Oracle MIS=4653, Improvement=0
n=10000, coeff=4, trial=7, GT MIS=5000, Greedy MIS=4653, |S|=9999, Oracle MIS=4653, Improvement=0
n=10000, coeff=4, trial=7, GT MIS=5000, Greedy MIS=4653, |S|=9994, Oracle MIS=4653, Improvement=0
n=10000, coeff=4, trial=7, GT MIS=5000, Greedy MIS=4653, |S|=9977, Oracle MIS=4653, Improvement=0
n=10000, coeff=4, trial=7, GT MIS=5000, Greedy MIS=4653, |S|=9860, Oracle MIS=4653, Improvement=0
n=10000, coeff=4, trial=7, GT MIS=5000, Greedy MIS=4653, |S|=9479, Oracle MIS=4953, Improvement=300
n=10000, coeff=4, trial=7, GT MIS=5000, Greedy MIS=4653, |S|=8595, Oracle MIS=4992, Improvement=339
n=10000, coeff=4, trial=7, GT MIS=5000, Greedy MIS=4653, |S|=7424, Oracle MIS=4999, Improvement=346
n=10000, coeff=4, trial=7, GT MIS=5000, Greedy MIS=4653, |S|=6290, Oracle MIS=5000, Improvement=347
n=10000, coeff=4, trial=8, GT MIS=5000, Greedy MIS=4882, |S|=10000, Oracle MIS=4882, Improvement=0
n=10000, coeff=4, trial=8, GT MIS=5000, Greedy MIS=4882, |S|=10000, Oracle MIS=4882, Improvement=0
n=10000, coeff=4, trial=8, GT MIS=5000, Greedy MIS=4882, |S|=10000, Oracle MIS=4882, Improvement=0
n=10000, coeff=4, trial=8, GT MIS=5000, Greedy MIS=4882, |S|=9998, Oracle MIS=4880, Improvement=-2
n=10000, coeff=4, trial=8, GT MIS=5000, Greedy MIS=4882, |S|=9981, Oracle MIS=4853, Improvement=-29
n=10000, coeff=4, trial=8, GT MIS=5000, Greedy MIS=4882, |S|=9877, Oracle MIS=4674, Improvement=-208
n=10000, coeff=4, trial=8, GT MIS=5000, Greedy MIS=4882, |S|=9497, Oracle MIS=4921, Improvement=39
n=10000, coeff=4, trial=8, GT MIS=5000, Greedy MIS=4882, |S|=8568, Oracle MIS=5000, Improvement=118
n=10000, coeff=4, trial=8, GT MIS=5000, Greedy MIS=4882, |S|=7451, Oracle MIS=5000, Improvement=118
n=10000, coeff=4, trial=8, GT MIS=5000, Greedy MIS=4882, |S|=6312, Oracle MIS=5000, Improvement=118
n=10000, coeff=4, trial=9, GT MIS=5000, Greedy MIS=4944, |S|=10000, Oracle MIS=4944, Improvement=0
n=10000, coeff=4, trial=9, GT MIS=5000, Greedy MIS=4944, |S|=10000, Oracle MIS=4944, Improvement=0
n=10000, coeff=4, trial=9, GT MIS=5000, Greedy MIS=4944, |S|=10000, Oracle MIS=4944, Improvement=0
n=10000, coeff=4, trial=9, GT MIS=5000, Greedy MIS=4944, |S|=9995, Oracle MIS=4939, Improvement=-5
n=10000, coeff=4, trial=9, GT MIS=5000, Greedy MIS=4944, |S|=9979, Oracle MIS=4893, Improvement=-51
n=10000, coeff=4, trial=9, GT MIS=5000, Greedy MIS=4944, |S|=9835, Oracle MIS=4586, Improvement=-358
n=10000, coeff=4, trial=9, GT MIS=5000, Greedy MIS=4944, |S|=9417, Oracle MIS=4950, Improvement=6
n=10000, coeff=4, trial=9, GT MIS=5000, Greedy MIS=4944, |S|=8621, Oracle MIS=4995, Improvement=51
n=10000, coeff=4, trial=9, GT MIS=5000, Greedy MIS=4944, |S|=7532, Oracle MIS=4999, Improvement=55
n=10000, coeff=4, trial=9, GT MIS=5000, Greedy MIS=4944, |S|=6456, Oracle MIS=4999, Improvement=55
n=10000, coeff=5, trial=5, GT MIS=5000, Greedy MIS=4896, |S|=10000, Oracle MIS=4896, Improvement=0
n=10000, coeff=5, trial=5, GT MIS=5000, Greedy MIS=4896, |S|=10000, Oracle MIS=4896, Improvement=0
n=10000, coeff=5, trial=5, GT MIS=5000, Greedy MIS=4896, |S|=10000, Oracle MIS=4896, Improvement=0
n=10000, coeff=5, trial=5, GT MIS=5000, Greedy MIS=4896, |S|=9997, Oracle MIS=4885, Improvement=-11
n=10000, coeff=5, trial=5, GT MIS=5000, Greedy MIS=4896, |S|=9982, Oracle MIS=4852, Improvement=-44
n=10000, coeff=5, trial=5, GT MIS=5000, Greedy MIS=4896, |S|=9850, Oracle MIS=4665, Improvement=-231
n=10000, coeff=5, trial=5, GT MIS=5000, Greedy MIS=4896, |S|=9318, Oracle MIS=4969, Improvement=73
n=10000, coeff=5, trial=5, GT MIS=5000, Greedy MIS=4896, |S|=8333, Oracle MIS=5000, Improvement=104
n=10000, coeff=5, trial=5, GT MIS=5000, Greedy MIS=4896, |S|=6994, Oracle MIS=5000, Improvement=104
n=10000, coeff=5, trial=5, GT MIS=5000, Greedy MIS=4896, |S|=5934, Oracle MIS=4999, Improvement=103
n=10000, coeff=5, trial=6, GT MIS=5000, Greedy MIS=4849, |S|=10000, Oracle MIS=4849, Improvement=0
n=10000, coeff=5, trial=6, GT MIS=5000, Greedy MIS=4849, |S|=10000, Oracle MIS=4849, Improvement=0
n=10000, coeff=5, trial=6, GT MIS=5000, Greedy MIS=4849, |S|=9999, Oracle MIS=4848, Improvement=-1
n=10000, coeff=5, trial=6, GT MIS=5000, Greedy MIS=4849, |S|=9991, Oracle MIS=4840, Improvement=-9
n=10000, coeff=5, trial=6, GT MIS=5000, Greedy MIS=4849, |S|=9962, Oracle MIS=4811, Improvement=-38
n=10000, coeff=5, trial=6, GT MIS=5000, Greedy MIS=4849, |S|=9768, Oracle MIS=4907, Improvement=58
n=10000, coeff=5, trial=6, GT MIS=5000, Greedy MIS=4849, |S|=9162, Oracle MIS=4993, Improvement=144
n=10000, coeff=5, trial=6, GT MIS=5000, Greedy MIS=4849, |S|=8076, Oracle MIS=5000, Improvement=151
n=10000, coeff=5, trial=6, GT MIS=5000, Greedy MIS=4849, |S|=6878, Oracle MIS=5000, Improvement=151
n=10000, coeff=5, trial=6, GT MIS=5000, Greedy MIS=4849, |S|=5731, Oracle MIS=5000, Improvement=151
n=10000, coeff=5, trial=7, GT MIS=5000, Greedy MIS=4937, |S|=10000, Oracle MIS=4937, Improvement=0
n=10000, coeff=5, trial=7, GT MIS=5000, Greedy MIS=4937, |S|=10000, Oracle MIS=4937, Improvement=0
n=10000, coeff=5, trial=7, GT MIS=5000, Greedy MIS=4937, |S|=9998, Oracle MIS=4935, Improvement=-2
n=10000, coeff=5, trial=7, GT MIS=5000, Greedy MIS=4937, |S|=9991, Oracle MIS=4929, Improvement=-8
n=10000, coeff=5, trial=7, GT MIS=5000, Greedy MIS=4937, |S|=9968, Oracle MIS=4862, Improvement=-75
n=10000, coeff=5, trial=7, GT MIS=5000, Greedy MIS=4937, |S|=9828, Oracle MIS=4467, Improvement=-470
n=10000, coeff=5, trial=7, GT MIS=5000, Greedy MIS=4937, |S|=9262, Oracle MIS=4949, Improvement=12
n=10000, coeff=5, trial=7, GT MIS=5000, Greedy MIS=4937, |S|=8243, Oracle MIS=5000, Improvement=63
n=10000, coeff=5, trial=7, GT MIS=5000, Greedy MIS=4937, |S|=6867, Oracle MIS=5000, Improvement=63
n=10000, coeff=5, trial=7, GT MIS=5000, Greedy MIS=4937, |S|=5856, Oracle MIS=4999, Improvement=62
n=10000, coeff=5, trial=8, GT MIS=5000, Greedy MIS=4865, |S|=10000, Oracle MIS=4865, Improvement=0
n=10000, coeff=5, trial=8, GT MIS=5000, Greedy MIS=4865, |S|=10000, Oracle MIS=4865, Improvement=0
n=10000, coeff=5, trial=8, GT MIS=5000, Greedy MIS=4865, |S|=10000, Oracle MIS=4865, Improvement=0
n=10000, coeff=5, trial=8, GT MIS=5000, Greedy MIS=4865, |S|=9998, Oracle MIS=4836, Improvement=-29
n=10000, coeff=5, trial=8, GT MIS=5000, Greedy MIS=4865, |S|=9964, Oracle MIS=4741, Improvement=-124
n=10000, coeff=5, trial=8, GT MIS=5000, Greedy MIS=4865, |S|=9832, Oracle MIS=4952, Improvement=87
n=10000, coeff=5, trial=8, GT MIS=5000, Greedy MIS=4865, |S|=9317, Oracle MIS=4994, Improvement=129
n=10000, coeff=5, trial=8, GT MIS=5000, Greedy MIS=4865, |S|=8230, Oracle MIS=5000, Improvement=135
n=10000, coeff=5, trial=8, GT MIS=5000, Greedy MIS=4865, |S|=6884, Oracle MIS=5000, Improvement=135
n=10000, coeff=5, trial=8, GT MIS=5000, Greedy MIS=4865, |S|=5792, Oracle MIS=5000, Improvement=135
n=10000, coeff=5, trial=9, GT MIS=5000, Greedy MIS=4888, |S|=10000, Oracle MIS=4888, Improvement=0
n=10000, coeff=5, trial=9, GT MIS=5000, Greedy MIS=4888, |S|=10000, Oracle MIS=4888, Improvement=0
n=10000, coeff=5, trial=9, GT MIS=5000, Greedy MIS=4888, |S|=10000, Oracle MIS=4888, Improvement=0
n=10000, coeff=5, trial=9, GT MIS=5000, Greedy MIS=4888, |S|=9999, Oracle MIS=4851, Improvement=-37
n=10000, coeff=5, trial=9, GT MIS=5000, Greedy MIS=4888, |S|=9975, Oracle MIS=4800, Improvement=-88
n=10000, coeff=5, trial=9, GT MIS=5000, Greedy MIS=4888, |S|=9815, Oracle MIS=4907, Improvement=19
n=10000, coeff=5, trial=9, GT MIS=5000, Greedy MIS=4888, |S|=9278, Oracle MIS=4961, Improvement=73
n=10000, coeff=5, trial=9, GT MIS=5000, Greedy MIS=4888, |S|=8247, Oracle MIS=5000, Improvement=112
n=10000, coeff=5, trial=9, GT MIS=5000, Greedy MIS=4888, |S|=7041, Oracle MIS=5000, Improvement=112
n=10000, coeff=5, trial=9, GT MIS=5000, Greedy MIS=4888, |S|=5892, Oracle MIS=5000, Improvement=112
n=10000, coeff=6, trial=5, GT MIS=5000, Greedy MIS=4900, |S|=10000, Oracle MIS=4900, Improvement=0
n=10000, coeff=6, trial=5, GT MIS=5000, Greedy MIS=4900, |S|=10000, Oracle MIS=4900, Improvement=0
n=10000, coeff=6, trial=5, GT MIS=5000, Greedy MIS=4900, |S|=9999, Oracle MIS=4899, Improvement=-1
n=10000, coeff=6, trial=5, GT MIS=5000, Greedy MIS=4900, |S|=9997, Oracle MIS=4897, Improvement=-3
n=10000, coeff=6, trial=5, GT MIS=5000, Greedy MIS=4900, |S|=9975, Oracle MIS=4864, Improvement=-36
n=10000, coeff=6, trial=5, GT MIS=5000, Greedy MIS=4900, |S|=9780, Oracle MIS=4820, Improvement=-80
n=10000, coeff=6, trial=5, GT MIS=5000, Greedy MIS=4900, |S|=9132, Oracle MIS=4982, Improvement=82
n=10000, coeff=6, trial=5, GT MIS=5000, Greedy MIS=4900, |S|=7903, Oracle MIS=5000, Improvement=100
n=10000, coeff=6, trial=5, GT MIS=5000, Greedy MIS=4900, |S|=6542, Oracle MIS=5000, Improvement=100
n=10000, coeff=6, trial=5, GT MIS=5000, Greedy MIS=4900, |S|=5548, Oracle MIS=4998, Improvement=98
n=10000, coeff=6, trial=6, GT MIS=5000, Greedy MIS=4884, |S|=10000, Oracle MIS=4884, Improvement=0
n=10000, coeff=6, trial=6, GT MIS=5000, Greedy MIS=4884, |S|=10000, Oracle MIS=4884, Improvement=0
n=10000, coeff=6, trial=6, GT MIS=5000, Greedy MIS=4884, |S|=10000, Oracle MIS=4884, Improvement=0
n=10000, coeff=6, trial=6, GT MIS=5000, Greedy MIS=4884, |S|=9998, Oracle MIS=4882, Improvement=-2
n=10000, coeff=6, trial=6, GT MIS=5000, Greedy MIS=4884, |S|=9952, Oracle MIS=4813, Improvement=-71
n=10000, coeff=6, trial=6, GT MIS=5000, Greedy MIS=4884, |S|=9727, Oracle MIS=4846, Improvement=-38
n=10000, coeff=6, trial=6, GT MIS=5000, Greedy MIS=4884, |S|=8936, Oracle MIS=5000, Improvement=116
n=10000, coeff=6, trial=6, GT MIS=5000, Greedy MIS=4884, |S|=7650, Oracle MIS=5000, Improvement=116
n=10000, coeff=6, trial=6, GT MIS=5000, Greedy MIS=4884, |S|=6377, Oracle MIS=5000, Improvement=116
n=10000, coeff=6, trial=6, GT MIS=5000, Greedy MIS=4884, |S|=5488, Oracle MIS=5000, Improvement=116
n=10000, coeff=6, trial=7, GT MIS=5000, Greedy MIS=4846, |S|=10000, Oracle MIS=4846, Improvement=0
n=10000, coeff=6, trial=7, GT MIS=5000, Greedy MIS=4846, |S|=10000, Oracle MIS=4846, Improvement=0
n=10000, coeff=6, trial=7, GT MIS=5000, Greedy MIS=4846, |S|=10000, Oracle MIS=4846, Improvement=0
n=10000, coeff=6, trial=7, GT MIS=5000, Greedy MIS=4846, |S|=9994, Oracle MIS=4829, Improvement=-17
n=10000, coeff=6, trial=7, GT MIS=5000, Greedy MIS=4846, |S|=9966, Oracle MIS=4778, Improvement=-68
n=10000, coeff=6, trial=7, GT MIS=5000, Greedy MIS=4846, |S|=9793, Oracle MIS=4822, Improvement=-24
n=10000, coeff=6, trial=7, GT MIS=5000, Greedy MIS=4846, |S|=9088, Oracle MIS=4986, Improvement=140
n=10000, coeff=6, trial=7, GT MIS=5000, Greedy MIS=4846, |S|=7866, Oracle MIS=5000, Improvement=154
n=10000, coeff=6, trial=7, GT MIS=5000, Greedy MIS=4846, |S|=6389, Oracle MIS=4999, Improvement=153
n=10000, coeff=6, trial=7, GT MIS=5000, Greedy MIS=4846, |S|=5520, Oracle MIS=4998, Improvement=152
n=10000, coeff=6, trial=8, GT MIS=5000, Greedy MIS=4799, |S|=10000, Oracle MIS=4799, Improvement=0
n=10000, coeff=6, trial=8, GT MIS=5000, Greedy MIS=4799, |S|=10000, Oracle MIS=4799, Improvement=0
n=10000, coeff=6, trial=8, GT MIS=5000, Greedy MIS=4799, |S|=10000, Oracle MIS=4799, Improvement=0
n=10000, coeff=6, trial=8, GT MIS=5000, Greedy MIS=4799, |S|=9998, Oracle MIS=4797, Improvement=-2
n=10000, coeff=6, trial=8, GT MIS=5000, Greedy MIS=4799, |S|=9968, Oracle MIS=4758, Improvement=-41
n=10000, coeff=6, trial=8, GT MIS=5000, Greedy MIS=4799, |S|=9802, Oracle MIS=4944, Improvement=145
n=10000, coeff=6, trial=8, GT MIS=5000, Greedy MIS=4799, |S|=9096, Oracle MIS=5000, Improvement=201
n=10000, coeff=6, trial=8, GT MIS=5000, Greedy MIS=4799, |S|=7832, Oracle MIS=5000, Improvement=201
n=10000, coeff=6, trial=8, GT MIS=5000, Greedy MIS=4799, |S|=6410, Oracle MIS=5000, Improvement=201
n=10000, coeff=6, trial=8, GT MIS=5000, Greedy MIS=4799, |S|=5552, Oracle MIS=5000, Improvement=201
n=10000, coeff=6, trial=9, GT MIS=5000, Greedy MIS=4873, |S|=10000, Oracle MIS=4873, Improvement=0
n=10000, coeff=6, trial=9, GT MIS=5000, Greedy MIS=4873, |S|=10000, Oracle MIS=4873, Improvement=0
n=10000, coeff=6, trial=9, GT MIS=5000, Greedy MIS=4873, |S|=10000, Oracle MIS=4873, Improvement=0
n=10000, coeff=6, trial=9, GT MIS=5000, Greedy MIS=4873, |S|=9998, Oracle MIS=4871, Improvement=-2
n=10000, coeff=6, trial=9, GT MIS=5000, Greedy MIS=4873, |S|=9965, Oracle MIS=4838, Improvement=-35
n=10000, coeff=6, trial=9, GT MIS=5000, Greedy MIS=4873, |S|=9751, Oracle MIS=4847, Improvement=-26
n=10000, coeff=6, trial=9, GT MIS=5000, Greedy MIS=4873, |S|=9061, Oracle MIS=5000, Improvement=127
n=10000, coeff=6, trial=9, GT MIS=5000, Greedy MIS=4873, |S|=7885, Oracle MIS=5000, Improvement=127
n=10000, coeff=6, trial=9, GT MIS=5000, Greedy MIS=4873, |S|=6578, Oracle MIS=5000, Improvement=127
n=10000, coeff=6, trial=9, GT MIS=5000, Greedy MIS=4873, |S|=5645, Oracle MIS=5000, Improvement=127
n=10000, coeff=7, trial=5, GT MIS=5000, Greedy MIS=4945, |S|=10000, Oracle MIS=4945, Improvement=0
n=10000, coeff=7, trial=5, GT MIS=5000, Greedy MIS=4945, |S|=10000, Oracle MIS=4945, Improvement=0
n=10000, coeff=7, trial=5, GT MIS=5000, Greedy MIS=4945, |S|=10000, Oracle MIS=4945, Improvement=0
n=10000, coeff=7, trial=5, GT MIS=5000, Greedy MIS=4945, |S|=9996, Oracle MIS=4941, Improvement=-4
n=10000, coeff=7, trial=5, GT MIS=5000, Greedy MIS=4945, |S|=9974, Oracle MIS=4874, Improvement=-71
n=10000, coeff=7, trial=5, GT MIS=5000, Greedy MIS=4945, |S|=9766, Oracle MIS=4789, Improvement=-156
n=10000, coeff=7, trial=5, GT MIS=5000, Greedy MIS=4945, |S|=8963, Oracle MIS=4989, Improvement=44
n=10000, coeff=7, trial=5, GT MIS=5000, Greedy MIS=4945, |S|=7583, Oracle MIS=5000, Improvement=55
n=10000, coeff=7, trial=5, GT MIS=5000, Greedy MIS=4945, |S|=6118, Oracle MIS=4999, Improvement=54
n=10000, coeff=7, trial=5, GT MIS=5000, Greedy MIS=4945, |S|=5324, Oracle MIS=4999, Improvement=54
n=10000, coeff=7, trial=6, GT MIS=5000, Greedy MIS=4587, |S|=10000, Oracle MIS=4587, Improvement=0
n=10000, coeff=7, trial=6, GT MIS=5000, Greedy MIS=4587, |S|=10000, Oracle MIS=4587, Improvement=0
n=10000, coeff=7, trial=6, GT MIS=5000, Greedy MIS=4587, |S|=10000, Oracle MIS=4587, Improvement=0
n=10000, coeff=7, trial=6, GT MIS=5000, Greedy MIS=4587, |S|=9997, Oracle MIS=4569, Improvement=-18
n=10000, coeff=7, trial=6, GT MIS=5000, Greedy MIS=4587, |S|=9943, Oracle MIS=4871, Improvement=284
n=10000, coeff=7, trial=6, GT MIS=5000, Greedy MIS=4587, |S|=9675, Oracle MIS=4946, Improvement=359
n=10000, coeff=7, trial=6, GT MIS=5000, Greedy MIS=4587, |S|=8751, Oracle MIS=5000, Improvement=413
n=10000, coeff=7, trial=6, GT MIS=5000, Greedy MIS=4587, |S|=7313, Oracle MIS=5000, Improvement=413
n=10000, coeff=7, trial=6, GT MIS=5000, Greedy MIS=4587, |S|=5943, Oracle MIS=4999, Improvement=412
n=10000, coeff=7, trial=6, GT MIS=5000, Greedy MIS=4587, |S|=5272, Oracle MIS=4999, Improvement=412
n=10000, coeff=7, trial=7, GT MIS=5000, Greedy MIS=4883, |S|=10000, Oracle MIS=4883, Improvement=0
n=10000, coeff=7, trial=7, GT MIS=5000, Greedy MIS=4883, |S|=10000, Oracle MIS=4883, Improvement=0
n=10000, coeff=7, trial=7, GT MIS=5000, Greedy MIS=4883, |S|=10000, Oracle MIS=4883, Improvement=0
n=10000, coeff=7, trial=7, GT MIS=5000, Greedy MIS=4883, |S|=9995, Oracle MIS=4879, Improvement=-4
n=10000, coeff=7, trial=7, GT MIS=5000, Greedy MIS=4883, |S|=9964, Oracle MIS=4850, Improvement=-33
n=10000, coeff=7, trial=7, GT MIS=5000, Greedy MIS=4883, |S|=9722, Oracle MIS=4993, Improvement=110
n=10000, coeff=7, trial=7, GT MIS=5000, Greedy MIS=4883, |S|=8906, Oracle MIS=4993, Improvement=110
n=10000, coeff=7, trial=7, GT MIS=5000, Greedy MIS=4883, |S|=7534, Oracle MIS=5000, Improvement=117
n=10000, coeff=7, trial=7, GT MIS=5000, Greedy MIS=4883, |S|=6028, Oracle MIS=4999, Improvement=116
n=10000, coeff=7, trial=7, GT MIS=5000, Greedy MIS=4883, |S|=5283, Oracle MIS=4999, Improvement=116
n=10000, coeff=7, trial=8, GT MIS=5000, Greedy MIS=4856, |S|=10000, Oracle MIS=4856, Improvement=0
n=10000, coeff=7, trial=8, GT MIS=5000, Greedy MIS=4856, |S|=10000, Oracle MIS=4856, Improvement=0
n=10000, coeff=7, trial=8, GT MIS=5000, Greedy MIS=4856, |S|=10000, Oracle MIS=4856, Improvement=0
n=10000, coeff=7, trial=8, GT MIS=5000, Greedy MIS=4856, |S|=9998, Oracle MIS=4855, Improvement=-1
n=10000, coeff=7, trial=8, GT MIS=5000, Greedy MIS=4856, |S|=9960, Oracle MIS=4805, Improvement=-51
n=10000, coeff=7, trial=8, GT MIS=5000, Greedy MIS=4856, |S|=9756, Oracle MIS=5000, Improvement=144
n=10000, coeff=7, trial=8, GT MIS=5000, Greedy MIS=4856, |S|=8925, Oracle MIS=5000, Improvement=144
n=10000, coeff=7, trial=8, GT MIS=5000, Greedy MIS=4856, |S|=7448, Oracle MIS=5000, Improvement=144
n=10000, coeff=7, trial=8, GT MIS=5000, Greedy MIS=4856, |S|=6042, Oracle MIS=5000, Improvement=144
n=10000, coeff=7, trial=8, GT MIS=5000, Greedy MIS=4856, |S|=5319, Oracle MIS=5000, Improvement=144
n=10000, coeff=7, trial=9, GT MIS=5000, Greedy MIS=4970, |S|=10000, Oracle MIS=4970, Improvement=0
n=10000, coeff=7, trial=9, GT MIS=5000, Greedy MIS=4970, |S|=10000, Oracle MIS=4970, Improvement=0
n=10000, coeff=7, trial=9, GT MIS=5000, Greedy MIS=4970, |S|=10000, Oracle MIS=4970, Improvement=0
n=10000, coeff=7, trial=9, GT MIS=5000, Greedy MIS=4970, |S|=9997, Oracle MIS=4967, Improvement=-3
n=10000, coeff=7, trial=9, GT MIS=5000, Greedy MIS=4970, |S|=9958, Oracle MIS=4929, Improvement=-41
n=10000, coeff=7, trial=9, GT MIS=5000, Greedy MIS=4970, |S|=9717, Oracle MIS=4883, Improvement=-87
n=10000, coeff=7, trial=9, GT MIS=5000, Greedy MIS=4970, |S|=8891, Oracle MIS=5000, Improvement=30
n=10000, coeff=7, trial=9, GT MIS=5000, Greedy MIS=4970, |S|=7515, Oracle MIS=5000, Improvement=30
n=10000, coeff=7, trial=9, GT MIS=5000, Greedy MIS=4970, |S|=6175, Oracle MIS=5000, Improvement=30
n=10000, coeff=7, trial=9, GT MIS=5000, Greedy MIS=4970, |S|=5366, Oracle MIS=5000, Improvement=30
n=10000, coeff=8, trial=5, GT MIS=5000, Greedy MIS=4895, |S|=10000, Oracle MIS=4895, Improvement=0
n=10000, coeff=8, trial=5, GT MIS=5000, Greedy MIS=4895, |S|=10000, Oracle MIS=4895, Improvement=0
n=10000, coeff=8, trial=5, GT MIS=5000, Greedy MIS=4895, |S|=10000, Oracle MIS=4895, Improvement=0
n=10000, coeff=8, trial=5, GT MIS=5000, Greedy MIS=4895, |S|=9997, Oracle MIS=4892, Improvement=-3
n=10000, coeff=8, trial=5, GT MIS=5000, Greedy MIS=4895, |S|=9963, Oracle MIS=4859, Improvement=-36
n=10000, coeff=8, trial=5, GT MIS=5000, Greedy MIS=4895, |S|=9687, Oracle MIS=4932, Improvement=37
n=10000, coeff=8, trial=5, GT MIS=5000, Greedy MIS=4895, |S|=8727, Oracle MIS=5000, Improvement=105
n=10000, coeff=8, trial=5, GT MIS=5000, Greedy MIS=4895, |S|=7162, Oracle MIS=5000, Improvement=105
n=10000, coeff=8, trial=5, GT MIS=5000, Greedy MIS=4895, |S|=5825, Oracle MIS=5000, Improvement=105
n=10000, coeff=8, trial=5, GT MIS=5000, Greedy MIS=4895, |S|=5215, Oracle MIS=5000, Improvement=105
n=10000, coeff=8, trial=6, GT MIS=5000, Greedy MIS=4899, |S|=10000, Oracle MIS=4899, Improvement=0
n=10000, coeff=8, trial=6, GT MIS=5000, Greedy MIS=4899, |S|=10000, Oracle MIS=4899, Improvement=0
n=10000, coeff=8, trial=6, GT MIS=5000, Greedy MIS=4899, |S|=10000, Oracle MIS=4899, Improvement=0
n=10000, coeff=8, trial=6, GT MIS=5000, Greedy MIS=4899, |S|=9997, Oracle MIS=4896, Improvement=-3
n=10000, coeff=8, trial=6, GT MIS=5000, Greedy MIS=4899, |S|=9943, Oracle MIS=4825, Improvement=-74
n=10000, coeff=8, trial=6, GT MIS=5000, Greedy MIS=4899, |S|=9569, Oracle MIS=5000, Improvement=101
n=10000, coeff=8, trial=6, GT MIS=5000, Greedy MIS=4899, |S|=8487, Oracle MIS=5000, Improvement=101
n=10000, coeff=8, trial=6, GT MIS=5000, Greedy MIS=4899, |S|=6942, Oracle MIS=5000, Improvement=101
n=10000, coeff=8, trial=6, GT MIS=5000, Greedy MIS=4899, |S|=5683, Oracle MIS=5000, Improvement=101
n=10000, coeff=8, trial=6, GT MIS=5000, Greedy MIS=4899, |S|=5156, Oracle MIS=5000, Improvement=101
n=10000, coeff=8, trial=7, GT MIS=5000, Greedy MIS=4965, |S|=10000, Oracle MIS=4965, Improvement=0
n=10000, coeff=8, trial=7, GT MIS=5000, Greedy MIS=4965, |S|=10000, Oracle MIS=4965, Improvement=0
n=10000, coeff=8, trial=7, GT MIS=5000, Greedy MIS=4965, |S|=10000, Oracle MIS=4965, Improvement=0
n=10000, coeff=8, trial=7, GT MIS=5000, Greedy MIS=4965, |S|=9996, Oracle MIS=4961, Improvement=-4
n=10000, coeff=8, trial=7, GT MIS=5000, Greedy MIS=4965, |S|=9957, Oracle MIS=4922, Improvement=-43
n=10000, coeff=8, trial=7, GT MIS=5000, Greedy MIS=4965, |S|=9643, Oracle MIS=4990, Improvement=25
n=10000, coeff=8, trial=7, GT MIS=5000, Greedy MIS=4965, |S|=8665, Oracle MIS=4990, Improvement=25
n=10000, coeff=8, trial=7, GT MIS=5000, Greedy MIS=4965, |S|=7122, Oracle MIS=5000, Improvement=35
n=10000, coeff=8, trial=7, GT MIS=5000, Greedy MIS=4965, |S|=5737, Oracle MIS=4999, Improvement=34
n=10000, coeff=8, trial=7, GT MIS=5000, Greedy MIS=4965, |S|=5169, Oracle MIS=4999, Improvement=34
n=10000, coeff=8, trial=8, GT MIS=5000, Greedy MIS=4699, |S|=10000, Oracle MIS=4699, Improvement=0
n=10000, coeff=8, trial=8, GT MIS=5000, Greedy MIS=4699, |S|=10000, Oracle MIS=4699, Improvement=0
n=10000, coeff=8, trial=8, GT MIS=5000, Greedy MIS=4699, |S|=10000, Oracle MIS=4699, Improvement=0
n=10000, coeff=8, trial=8, GT MIS=5000, Greedy MIS=4699, |S|=9997, Oracle MIS=4697, Improvement=-2
n=10000, coeff=8, trial=8, GT MIS=5000, Greedy MIS=4699, |S|=9956, Oracle MIS=4982, Improvement=283
n=10000, coeff=8, trial=8, GT MIS=5000, Greedy MIS=4699, |S|=9661, Oracle MIS=5000, Improvement=301
n=10000, coeff=8, trial=8, GT MIS=5000, Greedy MIS=4699, |S|=8646, Oracle MIS=5000, Improvement=301
n=10000, coeff=8, trial=8, GT MIS=5000, Greedy MIS=4699, |S|=7112, Oracle MIS=5000, Improvement=301
n=10000, coeff=8, trial=8, GT MIS=5000, Greedy MIS=4699, |S|=5763, Oracle MIS=5000, Improvement=301
n=10000, coeff=8, trial=8, GT MIS=5000, Greedy MIS=4699, |S|=5185, Oracle MIS=5000, Improvement=301
n=10000, coeff=8, trial=9, GT MIS=5000, Greedy MIS=5000, |S|=10000, Oracle MIS=5000, Improvement=0
n=10000, coeff=8, trial=9, GT MIS=5000, Greedy MIS=5000, |S|=10000, Oracle MIS=5000, Improvement=0
n=10000, coeff=8, trial=9, GT MIS=5000, Greedy MIS=5000, |S|=10000, Oracle MIS=5000, Improvement=0
n=10000, coeff=8, trial=9, GT MIS=5000, Greedy MIS=5000, |S|=9998, Oracle MIS=4998, Improvement=-2
n=10000, coeff=8, trial=9, GT MIS=5000, Greedy MIS=5000, |S|=9955, Oracle MIS=4937, Improvement=-63
n=10000, coeff=8, trial=9, GT MIS=5000, Greedy MIS=5000, |S|=9628, Oracle MIS=4949, Improvement=-51
n=10000, coeff=8, trial=9, GT MIS=5000, Greedy MIS=5000, |S|=8576, Oracle MIS=5000, Improvement=0
n=10000, coeff=8, trial=9, GT MIS=5000, Greedy MIS=5000, |S|=7191, Oracle MIS=5000, Improvement=0
n=10000, coeff=8, trial=9, GT MIS=5000, Greedy MIS=5000, |S|=5863, Oracle MIS=5000, Improvement=0
n=10000, coeff=8, trial=9, GT MIS=5000, Greedy MIS=5000, |S|=5213, Oracle MIS=5000, Improvement=0
n=10000, coeff=9, trial=5, GT MIS=5000, Greedy MIS=4896, |S|=10000, Oracle MIS=4896, Improvement=0
n=10000, coeff=9, trial=5, GT MIS=5000, Greedy MIS=4896, |S|=10000, Oracle MIS=4896, Improvement=0
n=10000, coeff=9, trial=5, GT MIS=5000, Greedy MIS=4896, |S|=10000, Oracle MIS=4896, Improvement=0
n=10000, coeff=9, trial=5, GT MIS=5000, Greedy MIS=4896, |S|=9998, Oracle MIS=4894, Improvement=-2
n=10000, coeff=9, trial=5, GT MIS=5000, Greedy MIS=4896, |S|=9958, Oracle MIS=4812, Improvement=-84
n=10000, coeff=9, trial=5, GT MIS=5000, Greedy MIS=4896, |S|=9612, Oracle MIS=4960, Improvement=64
n=10000, coeff=9, trial=5, GT MIS=5000, Greedy MIS=4896, |S|=8518, Oracle MIS=5000, Improvement=104
n=10000, coeff=9, trial=5, GT MIS=5000, Greedy MIS=4896, |S|=6797, Oracle MIS=5000, Improvement=104
n=10000, coeff=9, trial=5, GT MIS=5000, Greedy MIS=4896, |S|=5555, Oracle MIS=5000, Improvement=104
n=10000, coeff=9, trial=5, GT MIS=5000, Greedy MIS=4896, |S|=5111, Oracle MIS=5000, Improvement=104
n=10000, coeff=9, trial=6, GT MIS=5000, Greedy MIS=4920, |S|=10000, Oracle MIS=4920, Improvement=0
n=10000, coeff=9, trial=6, GT MIS=5000, Greedy MIS=4920, |S|=10000, Oracle MIS=4920, Improvement=0
n=10000, coeff=9, trial=6, GT MIS=5000, Greedy MIS=4920, |S|=10000, Oracle MIS=4920, Improvement=0
n=10000, coeff=9, trial=6, GT MIS=5000, Greedy MIS=4920, |S|=9998, Oracle MIS=4876, Improvement=-44
n=10000, coeff=9, trial=6, GT MIS=5000, Greedy MIS=4920, |S|=9931, Oracle MIS=4727, Improvement=-193
n=10000, coeff=9, trial=6, GT MIS=5000, Greedy MIS=4920, |S|=9492, Oracle MIS=5000, Improvement=80
n=10000, coeff=9, trial=6, GT MIS=5000, Greedy MIS=4920, |S|=8233, Oracle MIS=5000, Improvement=80
n=10000, coeff=9, trial=6, GT MIS=5000, Greedy MIS=4920, |S|=6614, Oracle MIS=5000, Improvement=80
n=10000, coeff=9, trial=6, GT MIS=5000, Greedy MIS=4920, |S|=5490, Oracle MIS=5000, Improvement=80
n=10000, coeff=9, trial=6, GT MIS=5000, Greedy MIS=4920, |S|=5091, Oracle MIS=4999, Improvement=79
n=10000, coeff=9, trial=7, GT MIS=5000, Greedy MIS=4914, |S|=10000, Oracle MIS=4914, Improvement=0
n=10000, coeff=9, trial=7, GT MIS=5000, Greedy MIS=4914, |S|=10000, Oracle MIS=4914, Improvement=0
n=10000, coeff=9, trial=7, GT MIS=5000, Greedy MIS=4914, |S|=10000, Oracle MIS=4914, Improvement=0
n=10000, coeff=9, trial=7, GT MIS=5000, Greedy MIS=4914, |S|=9995, Oracle MIS=4909, Improvement=-5
n=10000, coeff=9, trial=7, GT MIS=5000, Greedy MIS=4914, |S|=9952, Oracle MIS=4944, Improvement=30
n=10000, coeff=9, trial=7, GT MIS=5000, Greedy MIS=4914, |S|=9583, Oracle MIS=4988, Improvement=74
n=10000, coeff=9, trial=7, GT MIS=5000, Greedy MIS=4914, |S|=8400, Oracle MIS=4988, Improvement=74
n=10000, coeff=9, trial=7, GT MIS=5000, Greedy MIS=4914, |S|=6754, Oracle MIS=5000, Improvement=86
n=10000, coeff=9, trial=7, GT MIS=5000, Greedy MIS=4914, |S|=5515, Oracle MIS=4999, Improvement=85
n=10000, coeff=9, trial=7, GT MIS=5000, Greedy MIS=4914, |S|=5092, Oracle MIS=4999, Improvement=85
n=10000, coeff=9, trial=8, GT MIS=5000, Greedy MIS=4796, |S|=10000, Oracle MIS=4796, Improvement=0
n=10000, coeff=9, trial=8, GT MIS=5000, Greedy MIS=4796, |S|=10000, Oracle MIS=4796, Improvement=0
n=10000, coeff=9, trial=8, GT MIS=5000, Greedy MIS=4796, |S|=10000, Oracle MIS=4796, Improvement=0
n=10000, coeff=9, trial=8, GT MIS=5000, Greedy MIS=4796, |S|=9999, Oracle MIS=4795, Improvement=-1
n=10000, coeff=9, trial=8, GT MIS=5000, Greedy MIS=4796, |S|=9949, Oracle MIS=4703, Improvement=-93
n=10000, coeff=9, trial=8, GT MIS=5000, Greedy MIS=4796, |S|=9581, Oracle MIS=5000, Improvement=204
n=10000, coeff=9, trial=8, GT MIS=5000, Greedy MIS=4796, |S|=8388, Oracle MIS=5000, Improvement=204
n=10000, coeff=9, trial=8, GT MIS=5000, Greedy MIS=4796, |S|=6764, Oracle MIS=5000, Improvement=204
n=10000, coeff=9, trial=8, GT MIS=5000, Greedy MIS=4796, |S|=5501, Oracle MIS=5000, Improvement=204
n=10000, coeff=9, trial=8, GT MIS=5000, Greedy MIS=4796, |S|=5092, Oracle MIS=5000, Improvement=204
n=10000, coeff=9, trial=9, GT MIS=5000, Greedy MIS=4916, |S|=10000, Oracle MIS=4916, Improvement=0
n=10000, coeff=9, trial=9, GT MIS=5000, Greedy MIS=4916, |S|=10000, Oracle MIS=4916, Improvement=0
n=10000, coeff=9, trial=9, GT MIS=5000, Greedy MIS=4916, |S|=10000, Oracle MIS=4916, Improvement=0
n=10000, coeff=9, trial=9, GT MIS=5000, Greedy MIS=4916, |S|=9997, Oracle MIS=4892, Improvement=-24
n=10000, coeff=9, trial=9, GT MIS=5000, Greedy MIS=4916, |S|=9936, Oracle MIS=4636, Improvement=-280
n=10000, coeff=9, trial=9, GT MIS=5000, Greedy MIS=4916, |S|=9562, Oracle MIS=4921, Improvement=5
n=10000, coeff=9, trial=9, GT MIS=5000, Greedy MIS=4916, |S|=8386, Oracle MIS=5000, Improvement=84
n=10000, coeff=9, trial=9, GT MIS=5000, Greedy MIS=4916, |S|=6780, Oracle MIS=5000, Improvement=84
n=10000, coeff=9, trial=9, GT MIS=5000, Greedy MIS=4916, |S|=5601, Oracle MIS=5000, Improvement=84
n=10000, coeff=9, trial=9, GT MIS=5000, Greedy MIS=4916, |S|=5105, Oracle MIS=5000, Improvement=84
n=10000, coeff=10, trial=5, GT MIS=5000, Greedy MIS=4976, |S|=10000, Oracle MIS=4976, Improvement=0
n=10000, coeff=10, trial=5, GT MIS=5000, Greedy MIS=4976, |S|=10000, Oracle MIS=4976, Improvement=0
n=10000, coeff=10, trial=5, GT MIS=5000, Greedy MIS=4976, |S|=10000, Oracle MIS=4976, Improvement=0
n=10000, coeff=10, trial=5, GT MIS=5000, Greedy MIS=4976, |S|=9998, Oracle MIS=4974, Improvement=-2
n=10000, coeff=10, trial=5, GT MIS=5000, Greedy MIS=4976, |S|=9949, Oracle MIS=4925, Improvement=-51
n=10000, coeff=10, trial=5, GT MIS=5000, Greedy MIS=4976, |S|=9540, Oracle MIS=5000, Improvement=24
n=10000, coeff=10, trial=5, GT MIS=5000, Greedy MIS=4976, |S|=8209, Oracle MIS=5000, Improvement=24
n=10000, coeff=10, trial=5, GT MIS=5000, Greedy MIS=4976, |S|=6447, Oracle MIS=5000, Improvement=24
n=10000, coeff=10, trial=5, GT MIS=5000, Greedy MIS=4976, |S|=5379, Oracle MIS=5000, Improvement=24
n=10000, coeff=10, trial=5, GT MIS=5000, Greedy MIS=4976, |S|=5067, Oracle MIS=5000, Improvement=24
n=10000, coeff=10, trial=6, GT MIS=5000, Greedy MIS=4933, |S|=10000, Oracle MIS=4933, Improvement=0
n=10000, coeff=10, trial=6, GT MIS=5000, Greedy MIS=4933, |S|=10000, Oracle MIS=4933, Improvement=0
n=10000, coeff=10, trial=6, GT MIS=5000, Greedy MIS=4933, |S|=10000, Oracle MIS=4933, Improvement=0
n=10000, coeff=10, trial=6, GT MIS=5000, Greedy MIS=4933, |S|=9996, Oracle MIS=4929, Improvement=-4
n=10000, coeff=10, trial=6, GT MIS=5000, Greedy MIS=4933, |S|=9914, Oracle MIS=4953, Improvement=20
n=10000, coeff=10, trial=6, GT MIS=5000, Greedy MIS=4933, |S|=9384, Oracle MIS=5000, Improvement=67
n=10000, coeff=10, trial=6, GT MIS=5000, Greedy MIS=4933, |S|=7903, Oracle MIS=5000, Improvement=67
n=10000, coeff=10, trial=6, GT MIS=5000, Greedy MIS=4933, |S|=6297, Oracle MIS=5000, Improvement=67
n=10000, coeff=10, trial=6, GT MIS=5000, Greedy MIS=4933, |S|=5325, Oracle MIS=5000, Improvement=67
n=10000, coeff=10, trial=6, GT MIS=5000, Greedy MIS=4933, |S|=5064, Oracle MIS=4999, Improvement=66
n=10000, coeff=10, trial=7, GT MIS=5000, Greedy MIS=4951, |S|=10000, Oracle MIS=4951, Improvement=0
n=10000, coeff=10, trial=7, GT MIS=5000, Greedy MIS=4951, |S|=10000, Oracle MIS=4951, Improvement=0
n=10000, coeff=10, trial=7, GT MIS=5000, Greedy MIS=4951, |S|=10000, Oracle MIS=4951, Improvement=0
n=10000, coeff=10, trial=7, GT MIS=5000, Greedy MIS=4951, |S|=9998, Oracle MIS=4949, Improvement=-2
n=10000, coeff=10, trial=7, GT MIS=5000, Greedy MIS=4951, |S|=9944, Oracle MIS=4895, Improvement=-56
n=10000, coeff=10, trial=7, GT MIS=5000, Greedy MIS=4951, |S|=9487, Oracle MIS=4985, Improvement=34
n=10000, coeff=10, trial=7, GT MIS=5000, Greedy MIS=4951, |S|=8053, Oracle MIS=5000, Improvement=49
n=10000, coeff=10, trial=7, GT MIS=5000, Greedy MIS=4951, |S|=6401, Oracle MIS=5000, Improvement=49
n=10000, coeff=10, trial=7, GT MIS=5000, Greedy MIS=4951, |S|=5324, Oracle MIS=5000, Improvement=49
n=10000, coeff=10, trial=7, GT MIS=5000, Greedy MIS=4951, |S|=5052, Oracle MIS=4999, Improvement=48
n=10000, coeff=10, trial=8, GT MIS=5000, Greedy MIS=4952, |S|=10000, Oracle MIS=4952, Improvement=0
n=10000, coeff=10, trial=8, GT MIS=5000, Greedy MIS=4952, |S|=10000, Oracle MIS=4952, Improvement=0
n=10000, coeff=10, trial=8, GT MIS=5000, Greedy MIS=4952, |S|=10000, Oracle MIS=4952, Improvement=0
n=10000, coeff=10, trial=8, GT MIS=5000, Greedy MIS=4952, |S|=9998, Oracle MIS=4952, Improvement=0
n=10000, coeff=10, trial=8, GT MIS=5000, Greedy MIS=4952, |S|=9943, Oracle MIS=4952, Improvement=0
n=10000, coeff=10, trial=8, GT MIS=5000, Greedy MIS=4952, |S|=9497, Oracle MIS=5000, Improvement=48
n=10000, coeff=10, trial=8, GT MIS=5000, Greedy MIS=4952, |S|=8082, Oracle MIS=5000, Improvement=48
n=10000, coeff=10, trial=8, GT MIS=5000, Greedy MIS=4952, |S|=6407, Oracle MIS=5000, Improvement=48
n=10000, coeff=10, trial=8, GT MIS=5000, Greedy MIS=4952, |S|=5314, Oracle MIS=5000, Improvement=48
n=10000, coeff=10, trial=8, GT MIS=5000, Greedy MIS=4952, |S|=5050, Oracle MIS=5000, Improvement=48
n=10000, coeff=10, trial=9, GT MIS=5000, Greedy MIS=4904, |S|=10000, Oracle MIS=4904, Improvement=0
n=10000, coeff=10, trial=9, GT MIS=5000, Greedy MIS=4904, |S|=10000, Oracle MIS=4904, Improvement=0
n=10000, coeff=10, trial=9, GT MIS=5000, Greedy MIS=4904, |S|=10000, Oracle MIS=4904, Improvement=0
n=10000, coeff=10, trial=9, GT MIS=5000, Greedy MIS=4904, |S|=9997, Oracle MIS=4901, Improvement=-3
n=10000, coeff=10, trial=9, GT MIS=5000, Greedy MIS=4904, |S|=9929, Oracle MIS=4811, Improvement=-93
n=10000, coeff=10, trial=9, GT MIS=5000, Greedy MIS=4904, |S|=9469, Oracle MIS=4979, Improvement=75
n=10000, coeff=10, trial=9, GT MIS=5000, Greedy MIS=4904, |S|=8091, Oracle MIS=5000, Improvement=96
n=10000, coeff=10, trial=9, GT MIS=5000, Greedy MIS=4904, |S|=6485, Oracle MIS=5000, Improvement=96
n=10000, coeff=10, trial=9, GT MIS=5000, Greedy MIS=4904, |S|=5371, Oracle MIS=5000, Improvement=96
n=10000, coeff=10, trial=9, GT MIS=5000, Greedy MIS=4904, |S|=5063, Oracle MIS=5000, Improvement=96
Results saved to bipartite_experiment_results_epislons_10000.csv
