Running job on compute-0-01
Requested resources:
  - CPUs: 12
  - GPUs: 
  - Memory: 18000
Skipping n=80000, coeff=14.0, trial=0, epsilon=0.025 as entry already exists.
Skipping n=80000, coeff=14.0, trial=0, epsilon=0.05 as entry already exists.
Skipping n=80000, coeff=14.0, trial=0, epsilon=0.075 as entry already exists.
Skipping n=80000, coeff=14.0, trial=0, epsilon=0.1 as entry already exists.
Skipping n=80000, coeff=14.0, trial=0, epsilon=0.125 as entry already exists.
Skipping n=80000, coeff=14.0, trial=0, epsilon=0.15 as entry already exists.
Skipping n=80000, coeff=14.0, trial=0, epsilon=0.175 as entry already exists.
Skipping n=80000, coeff=14.0, trial=0, epsilon=0.2 as entry already exists.
Skipping n=80000, coeff=14.0, trial=0, epsilon=0.225 as entry already exists.
Skipping n=80000, coeff=14.0, trial=0, epsilon=0.25 as entry already exists.
Skipping n=80000, coeff=14.0, trial=1, epsilon=0.025 as entry already exists.
Skipping n=80000, coeff=14.0, trial=1, epsilon=0.05 as entry already exists.
Skipping n=80000, coeff=14.0, trial=1, epsilon=0.075 as entry already exists.
Skipping n=80000, coeff=14.0, trial=1, epsilon=0.1 as entry already exists.
Skipping n=80000, coeff=14.0, trial=1, epsilon=0.125 as entry already exists.
Skipping n=80000, coeff=14.0, trial=1, epsilon=0.15 as entry already exists.
Skipping n=80000, coeff=14.0, trial=1, epsilon=0.175 as entry already exists.
Skipping n=80000, coeff=14.0, trial=1, epsilon=0.2 as entry already exists.
Skipping n=80000, coeff=14.0, trial=1, epsilon=0.225 as entry already exists.
Skipping n=80000, coeff=14.0, trial=1, epsilon=0.25 as entry already exists.
Skipping n=80000, coeff=14.0, trial=2, epsilon=0.025 as entry already exists.
Skipping n=80000, coeff=14.0, trial=2, epsilon=0.05 as entry already exists.
Skipping n=80000, coeff=14.0, trial=2, epsilon=0.075 as entry already exists.
Skipping n=80000, coeff=14.0, trial=2, epsilon=0.1 as entry already exists.
Skipping n=80000, coeff=14.0, trial=2, epsilon=0.125 as entry already exists.
Skipping n=80000, coeff=14.0, trial=2, epsilon=0.15 as entry already exists.
Skipping n=80000, coeff=14.0, trial=2, epsilon=0.175 as entry already exists.
Skipping n=80000, coeff=14.0, trial=2, epsilon=0.2 as entry already exists.
Skipping n=80000, coeff=14.0, trial=2, epsilon=0.225 as entry already exists.
Skipping n=80000, coeff=14.0, trial=2, epsilon=0.25 as entry already exists.
Skipping n=80000, coeff=14.0, trial=3, epsilon=0.025 as entry already exists.
Skipping n=80000, coeff=14.0, trial=3, epsilon=0.05 as entry already exists.
Skipping n=80000, coeff=14.0, trial=3, epsilon=0.075 as entry already exists.
Skipping n=80000, coeff=14.0, trial=3, epsilon=0.1 as entry already exists.
Skipping n=80000, coeff=14.0, trial=3, epsilon=0.125 as entry already exists.
Skipping n=80000, coeff=14.0, trial=3, epsilon=0.15 as entry already exists.
Skipping n=80000, coeff=14.0, trial=3, epsilon=0.175 as entry already exists.
Skipping n=80000, coeff=14.0, trial=3, epsilon=0.2 as entry already exists.
Skipping n=80000, coeff=14.0, trial=3, epsilon=0.225 as entry already exists.
Skipping n=80000, coeff=14.0, trial=3, epsilon=0.25 as entry already exists.
Skipping n=80000, coeff=14.0, trial=4, epsilon=0.025 as entry already exists.
Skipping n=80000, coeff=14.0, trial=4, epsilon=0.05 as entry already exists.
Skipping n=80000, coeff=14.0, trial=4, epsilon=0.075 as entry already exists.
Skipping n=80000, coeff=14.0, trial=4, epsilon=0.1 as entry already exists.
Skipping n=80000, coeff=14.0, trial=4, epsilon=0.125 as entry already exists.
Skipping n=80000, coeff=14.0, trial=4, epsilon=0.15 as entry already exists.
Skipping n=80000, coeff=14.0, trial=4, epsilon=0.175 as entry already exists.
Skipping n=80000, coeff=14.0, trial=4, epsilon=0.2 as entry already exists.
Skipping n=80000, coeff=14.0, trial=4, epsilon=0.225 as entry already exists.
Skipping n=80000, coeff=14.0, trial=4, epsilon=0.25 as entry already exists.
Skipping n=80000, coeff=14.0, trial=5, epsilon=0.025 as entry already exists.
Skipping n=80000, coeff=14.0, trial=5, epsilon=0.05 as entry already exists.
Skipping n=80000, coeff=14.0, trial=5, epsilon=0.075 as entry already exists.
Skipping n=80000, coeff=14.0, trial=5, epsilon=0.1 as entry already exists.
Skipping n=80000, coeff=14.0, trial=5, epsilon=0.125 as entry already exists.
Skipping n=80000, coeff=14.0, trial=5, epsilon=0.15 as entry already exists.
Skipping n=80000, coeff=14.0, trial=5, epsilon=0.175 as entry already exists.
Skipping n=80000, coeff=14.0, trial=5, epsilon=0.2 as entry already exists.
Skipping n=80000, coeff=14.0, trial=5, epsilon=0.225 as entry already exists.
Skipping n=80000, coeff=14.0, trial=5, epsilon=0.25 as entry already exists.
Skipping n=80000, coeff=14.0, trial=6, epsilon=0.025 as entry already exists.
Skipping n=80000, coeff=14.0, trial=6, epsilon=0.05 as entry already exists.
Skipping n=80000, coeff=14.0, trial=6, epsilon=0.075 as entry already exists.
Skipping n=80000, coeff=14.0, trial=6, epsilon=0.1 as entry already exists.
Skipping n=80000, coeff=14.0, trial=6, epsilon=0.125 as entry already exists.
Skipping n=80000, coeff=14.0, trial=6, epsilon=0.15 as entry already exists.
Skipping n=80000, coeff=14.0, trial=6, epsilon=0.175 as entry already exists.
Skipping n=80000, coeff=14.0, trial=6, epsilon=0.2 as entry already exists.
Skipping n=80000, coeff=14.0, trial=6, epsilon=0.225 as entry already exists.
Skipping n=80000, coeff=14.0, trial=6, epsilon=0.25 as entry already exists.
Skipping n=80000, coeff=14.0, trial=7, epsilon=0.025 as entry already exists.
Skipping n=80000, coeff=14.0, trial=7, epsilon=0.05 as entry already exists.
Skipping n=80000, coeff=14.0, trial=7, epsilon=0.075 as entry already exists.
Skipping n=80000, coeff=14.0, trial=7, epsilon=0.1 as entry already exists.
Skipping n=80000, coeff=14.0, trial=7, epsilon=0.125 as entry already exists.
Skipping n=80000, coeff=14.0, trial=7, epsilon=0.15 as entry already exists.
Skipping n=80000, coeff=14.0, trial=7, epsilon=0.175 as entry already exists.
Skipping n=80000, coeff=14.0, trial=7, epsilon=0.2 as entry already exists.
Skipping n=80000, coeff=14.0, trial=7, epsilon=0.225 as entry already exists.
Skipping n=80000, coeff=14.0, trial=7, epsilon=0.25 as entry already exists.
Skipping n=80000, coeff=14.0, trial=8, epsilon=0.025 as entry already exists.
Skipping n=80000, coeff=14.0, trial=8, epsilon=0.05 as entry already exists.
Skipping n=80000, coeff=14.0, trial=8, epsilon=0.075 as entry already exists.
Skipping n=80000, coeff=14.0, trial=8, epsilon=0.1 as entry already exists.
Skipping n=80000, coeff=14.0, trial=8, epsilon=0.125 as entry already exists.
Skipping n=80000, coeff=14.0, trial=8, epsilon=0.15 as entry already exists.
Skipping n=80000, coeff=14.0, trial=8, epsilon=0.175 as entry already exists.
Skipping n=80000, coeff=14.0, trial=8, epsilon=0.2 as entry already exists.
Skipping n=80000, coeff=14.0, trial=8, epsilon=0.225 as entry already exists.
Skipping n=80000, coeff=14.0, trial=8, epsilon=0.25 as entry already exists.
n=80000, coeff=14.0, trial=9, GT MIS=40000, Greedy MIS=39018, |S|=80000, Oracle MIS=39018, Improvement=0
n=80000, coeff=14.0, trial=9, GT MIS=40000, Greedy MIS=39018, |S|=80000, Oracle MIS=39018, Improvement=0
n=80000, coeff=14.0, trial=9, GT MIS=40000, Greedy MIS=39018, |S|=79998, Oracle MIS=39016, Improvement=-2
n=80000, coeff=14.0, trial=9, GT MIS=40000, Greedy MIS=39018, |S|=79918, Oracle MIS=38888, Improvement=-130
n=80000, coeff=14.0, trial=9, GT MIS=40000, Greedy MIS=39018, |S|=77999, Oracle MIS=39822, Improvement=804
n=80000, coeff=14.0, trial=9, GT MIS=40000, Greedy MIS=39018, |S|=67496, Oracle MIS=40000, Improvement=982
n=80000, coeff=14.0, trial=9, GT MIS=40000, Greedy MIS=39018, |S|=50347, Oracle MIS=40000, Improvement=982
n=80000, coeff=14.0, trial=9, GT MIS=40000, Greedy MIS=39018, |S|=41624, Oracle MIS=40000, Improvement=982
n=80000, coeff=14.0, trial=9, GT MIS=40000, Greedy MIS=39018, |S|=40109, Oracle MIS=40000, Improvement=982
n=80000, coeff=14.0, trial=9, GT MIS=40000, Greedy MIS=39018, |S|=40002, Oracle MIS=40000, Improvement=982
Results saved to bipartite_experiment_results_epislons_80000.csv
