Running job on gpu-4-15
Requested resources:
  - CPUs: 12
  - GPUs: 
  - Memory: 18000
Skipping n=90000, coeff=4.0, trial=0, epsilon=0.025 as entry already exists.
Skipping n=90000, coeff=4.0, trial=0, epsilon=0.05 as entry already exists.
Skipping n=90000, coeff=4.0, trial=0, epsilon=0.075 as entry already exists.
Skipping n=90000, coeff=4.0, trial=0, epsilon=0.1 as entry already exists.
Skipping n=90000, coeff=4.0, trial=0, epsilon=0.125 as entry already exists.
Skipping n=90000, coeff=4.0, trial=0, epsilon=0.15 as entry already exists.
Skipping n=90000, coeff=4.0, trial=0, epsilon=0.175 as entry already exists.
Skipping n=90000, coeff=4.0, trial=0, epsilon=0.2 as entry already exists.
Skipping n=90000, coeff=4.0, trial=0, epsilon=0.225 as entry already exists.
Skipping n=90000, coeff=4.0, trial=0, epsilon=0.25 as entry already exists.
Skipping n=90000, coeff=4.0, trial=1, epsilon=0.025 as entry already exists.
Skipping n=90000, coeff=4.0, trial=1, epsilon=0.05 as entry already exists.
Skipping n=90000, coeff=4.0, trial=1, epsilon=0.075 as entry already exists.
Skipping n=90000, coeff=4.0, trial=1, epsilon=0.1 as entry already exists.
Skipping n=90000, coeff=4.0, trial=1, epsilon=0.125 as entry already exists.
Skipping n=90000, coeff=4.0, trial=1, epsilon=0.15 as entry already exists.
Skipping n=90000, coeff=4.0, trial=1, epsilon=0.175 as entry already exists.
Skipping n=90000, coeff=4.0, trial=1, epsilon=0.2 as entry already exists.
Skipping n=90000, coeff=4.0, trial=1, epsilon=0.225 as entry already exists.
Skipping n=90000, coeff=4.0, trial=1, epsilon=0.25 as entry already exists.
Skipping n=90000, coeff=4.0, trial=2, epsilon=0.025 as entry already exists.
Skipping n=90000, coeff=4.0, trial=2, epsilon=0.05 as entry already exists.
Skipping n=90000, coeff=4.0, trial=2, epsilon=0.075 as entry already exists.
Skipping n=90000, coeff=4.0, trial=2, epsilon=0.1 as entry already exists.
Skipping n=90000, coeff=4.0, trial=2, epsilon=0.125 as entry already exists.
Skipping n=90000, coeff=4.0, trial=2, epsilon=0.15 as entry already exists.
Skipping n=90000, coeff=4.0, trial=2, epsilon=0.175 as entry already exists.
Skipping n=90000, coeff=4.0, trial=2, epsilon=0.2 as entry already exists.
Skipping n=90000, coeff=4.0, trial=2, epsilon=0.225 as entry already exists.
Skipping n=90000, coeff=4.0, trial=2, epsilon=0.25 as entry already exists.
Skipping n=90000, coeff=4.0, trial=3, epsilon=0.025 as entry already exists.
Skipping n=90000, coeff=4.0, trial=3, epsilon=0.05 as entry already exists.
Skipping n=90000, coeff=4.0, trial=3, epsilon=0.075 as entry already exists.
Skipping n=90000, coeff=4.0, trial=3, epsilon=0.1 as entry already exists.
Skipping n=90000, coeff=4.0, trial=3, epsilon=0.125 as entry already exists.
Skipping n=90000, coeff=4.0, trial=3, epsilon=0.15 as entry already exists.
Skipping n=90000, coeff=4.0, trial=3, epsilon=0.175 as entry already exists.
Skipping n=90000, coeff=4.0, trial=3, epsilon=0.2 as entry already exists.
Skipping n=90000, coeff=4.0, trial=3, epsilon=0.225 as entry already exists.
Skipping n=90000, coeff=4.0, trial=3, epsilon=0.25 as entry already exists.
Skipping n=90000, coeff=4.0, trial=4, epsilon=0.025 as entry already exists.
Skipping n=90000, coeff=4.0, trial=4, epsilon=0.05 as entry already exists.
Skipping n=90000, coeff=4.0, trial=4, epsilon=0.075 as entry already exists.
Skipping n=90000, coeff=4.0, trial=4, epsilon=0.1 as entry already exists.
Skipping n=90000, coeff=4.0, trial=4, epsilon=0.125 as entry already exists.
Skipping n=90000, coeff=4.0, trial=4, epsilon=0.15 as entry already exists.
Skipping n=90000, coeff=4.0, trial=4, epsilon=0.175 as entry already exists.
Skipping n=90000, coeff=4.0, trial=4, epsilon=0.2 as entry already exists.
Skipping n=90000, coeff=4.0, trial=4, epsilon=0.225 as entry already exists.
Skipping n=90000, coeff=4.0, trial=4, epsilon=0.25 as entry already exists.
Skipping n=90000, coeff=4.0, trial=5, epsilon=0.025 as entry already exists.
Skipping n=90000, coeff=4.0, trial=5, epsilon=0.05 as entry already exists.
Skipping n=90000, coeff=4.0, trial=5, epsilon=0.075 as entry already exists.
Skipping n=90000, coeff=4.0, trial=5, epsilon=0.1 as entry already exists.
Skipping n=90000, coeff=4.0, trial=5, epsilon=0.125 as entry already exists.
Skipping n=90000, coeff=4.0, trial=5, epsilon=0.15 as entry already exists.
Skipping n=90000, coeff=4.0, trial=5, epsilon=0.175 as entry already exists.
Skipping n=90000, coeff=4.0, trial=5, epsilon=0.2 as entry already exists.
Skipping n=90000, coeff=4.0, trial=5, epsilon=0.225 as entry already exists.
Skipping n=90000, coeff=4.0, trial=5, epsilon=0.25 as entry already exists.
Skipping n=90000, coeff=4.0, trial=6, epsilon=0.025 as entry already exists.
Skipping n=90000, coeff=4.0, trial=6, epsilon=0.05 as entry already exists.
Skipping n=90000, coeff=4.0, trial=6, epsilon=0.075 as entry already exists.
Skipping n=90000, coeff=4.0, trial=6, epsilon=0.1 as entry already exists.
n=90000, coeff=4.0, trial=6, GT MIS=45000, Greedy MIS=43632, |S|=89746, Oracle MIS=42923, Improvement=-709
n=90000, coeff=4.0, trial=6, GT MIS=45000, Greedy MIS=43632, |S|=88379, Oracle MIS=43903, Improvement=271
n=90000, coeff=4.0, trial=6, GT MIS=45000, Greedy MIS=43632, |S|=83990, Oracle MIS=44909, Improvement=1277
n=90000, coeff=4.0, trial=6, GT MIS=45000, Greedy MIS=43632, |S|=74496, Oracle MIS=44994, Improvement=1362
n=90000, coeff=4.0, trial=6, GT MIS=45000, Greedy MIS=43632, |S|=62562, Oracle MIS=44997, Improvement=1365
n=90000, coeff=4.0, trial=6, GT MIS=45000, Greedy MIS=43632, |S|=52661, Oracle MIS=44988, Improvement=1356
n=90000, coeff=4.0, trial=7, GT MIS=45000, Greedy MIS=43762, |S|=90000, Oracle MIS=43762, Improvement=0
n=90000, coeff=4.0, trial=7, GT MIS=45000, Greedy MIS=43762, |S|=90000, Oracle MIS=43762, Improvement=0
n=90000, coeff=4.0, trial=7, GT MIS=45000, Greedy MIS=43762, |S|=89998, Oracle MIS=43760, Improvement=-2
n=90000, coeff=4.0, trial=7, GT MIS=45000, Greedy MIS=43762, |S|=89978, Oracle MIS=43743, Improvement=-19
n=90000, coeff=4.0, trial=7, GT MIS=45000, Greedy MIS=43762, |S|=89729, Oracle MIS=43185, Improvement=-577
n=90000, coeff=4.0, trial=7, GT MIS=45000, Greedy MIS=43762, |S|=88179, Oracle MIS=43790, Improvement=28
n=90000, coeff=4.0, trial=7, GT MIS=45000, Greedy MIS=43762, |S|=83458, Oracle MIS=44870, Improvement=1108
n=90000, coeff=4.0, trial=7, GT MIS=45000, Greedy MIS=43762, |S|=73876, Oracle MIS=45000, Improvement=1238
n=90000, coeff=4.0, trial=7, GT MIS=45000, Greedy MIS=43762, |S|=61902, Oracle MIS=44998, Improvement=1236
n=90000, coeff=4.0, trial=7, GT MIS=45000, Greedy MIS=43762, |S|=52324, Oracle MIS=44994, Improvement=1232
n=90000, coeff=4.0, trial=8, GT MIS=45000, Greedy MIS=43202, |S|=90000, Oracle MIS=43202, Improvement=0
n=90000, coeff=4.0, trial=8, GT MIS=45000, Greedy MIS=43202, |S|=90000, Oracle MIS=43202, Improvement=0
n=90000, coeff=4.0, trial=8, GT MIS=45000, Greedy MIS=43202, |S|=89998, Oracle MIS=43200, Improvement=-2
n=90000, coeff=4.0, trial=8, GT MIS=45000, Greedy MIS=43202, |S|=89981, Oracle MIS=43168, Improvement=-34
n=90000, coeff=4.0, trial=8, GT MIS=45000, Greedy MIS=43202, |S|=89731, Oracle MIS=42165, Improvement=-1037
n=90000, coeff=4.0, trial=8, GT MIS=45000, Greedy MIS=43202, |S|=88156, Oracle MIS=43894, Improvement=692
n=90000, coeff=4.0, trial=8, GT MIS=45000, Greedy MIS=43202, |S|=83614, Oracle MIS=44890, Improvement=1688
n=90000, coeff=4.0, trial=8, GT MIS=45000, Greedy MIS=43202, |S|=74100, Oracle MIS=44995, Improvement=1793
n=90000, coeff=4.0, trial=8, GT MIS=45000, Greedy MIS=43202, |S|=62124, Oracle MIS=45000, Improvement=1798
n=90000, coeff=4.0, trial=8, GT MIS=45000, Greedy MIS=43202, |S|=52415, Oracle MIS=44996, Improvement=1794
n=90000, coeff=4.0, trial=9, GT MIS=45000, Greedy MIS=43614, |S|=90000, Oracle MIS=43614, Improvement=0
n=90000, coeff=4.0, trial=9, GT MIS=45000, Greedy MIS=43614, |S|=90000, Oracle MIS=43614, Improvement=0
n=90000, coeff=4.0, trial=9, GT MIS=45000, Greedy MIS=43614, |S|=90000, Oracle MIS=43614, Improvement=0
n=90000, coeff=4.0, trial=9, GT MIS=45000, Greedy MIS=43614, |S|=89976, Oracle MIS=43581, Improvement=-33
n=90000, coeff=4.0, trial=9, GT MIS=45000, Greedy MIS=43614, |S|=89740, Oracle MIS=43111, Improvement=-503
n=90000, coeff=4.0, trial=9, GT MIS=45000, Greedy MIS=43614, |S|=88356, Oracle MIS=43355, Improvement=-259
n=90000, coeff=4.0, trial=9, GT MIS=45000, Greedy MIS=43614, |S|=84157, Oracle MIS=44847, Improvement=1233
n=90000, coeff=4.0, trial=9, GT MIS=45000, Greedy MIS=43614, |S|=74858, Oracle MIS=44996, Improvement=1382
n=90000, coeff=4.0, trial=9, GT MIS=45000, Greedy MIS=43614, |S|=62720, Oracle MIS=44999, Improvement=1385
n=90000, coeff=4.0, trial=9, GT MIS=45000, Greedy MIS=43614, |S|=52941, Oracle MIS=44990, Improvement=1376
Results saved to bipartite_experiment_results_epislons_90000.csv
