Running job on gpu-5-26
Requested resources:
  - CPUs: 32
  - GPUs: 
  - Memory: 24000
n=50000, coeff=2, trial=0, GT MIS=25000, Greedy MIS=24735, |S|=50000, Oracle MIS=24735, Improvement=0
n=50000, coeff=2, trial=0, GT MIS=25000, Greedy MIS=24735, |S|=50000, Oracle MIS=24735, Improvement=0
n=50000, coeff=2, trial=0, GT MIS=25000, Greedy MIS=24735, |S|=49997, Oracle MIS=24732, Improvement=-3
n=50000, coeff=2, trial=0, GT MIS=25000, Greedy MIS=24735, |S|=49973, Oracle MIS=24702, Improvement=-33
n=50000, coeff=2, trial=0, GT MIS=25000, Greedy MIS=24735, |S|=49843, Oracle MIS=24547, Improvement=-188
n=50000, coeff=2, trial=0, GT MIS=25000, Greedy MIS=24735, |S|=49320, Oracle MIS=23955, Improvement=-780
n=50000, coeff=2, trial=0, GT MIS=25000, Greedy MIS=24735, |S|=48095, Oracle MIS=22176, Improvement=-2559
n=50000, coeff=2, trial=0, GT MIS=25000, Greedy MIS=24735, |S|=45114, Oracle MIS=24721, Improvement=-14
n=50000, coeff=2, trial=0, GT MIS=25000, Greedy MIS=24735, |S|=41290, Oracle MIS=24955, Improvement=220
n=50000, coeff=2, trial=0, GT MIS=25000, Greedy MIS=24735, |S|=36731, Oracle MIS=24978, Improvement=243
n=50000, coeff=2, trial=1, GT MIS=25000, Greedy MIS=24760, |S|=50000, Oracle MIS=24760, Improvement=0
n=50000, coeff=2, trial=1, GT MIS=25000, Greedy MIS=24760, |S|=50000, Oracle MIS=24760, Improvement=0
n=50000, coeff=2, trial=1, GT MIS=25000, Greedy MIS=24760, |S|=49997, Oracle MIS=24757, Improvement=-3
n=50000, coeff=2, trial=1, GT MIS=25000, Greedy MIS=24760, |S|=49971, Oracle MIS=24725, Improvement=-35
n=50000, coeff=2, trial=1, GT MIS=25000, Greedy MIS=24760, |S|=49843, Oracle MIS=24563, Improvement=-197
n=50000, coeff=2, trial=1, GT MIS=25000, Greedy MIS=24760, |S|=49457, Oracle MIS=24087, Improvement=-673
n=50000, coeff=2, trial=1, GT MIS=25000, Greedy MIS=24760, |S|=48086, Oracle MIS=22209, Improvement=-2551
n=50000, coeff=2, trial=1, GT MIS=25000, Greedy MIS=24760, |S|=45247, Oracle MIS=24736, Improvement=-24
n=50000, coeff=2, trial=1, GT MIS=25000, Greedy MIS=24760, |S|=41335, Oracle MIS=24956, Improvement=196
n=50000, coeff=2, trial=1, GT MIS=25000, Greedy MIS=24760, |S|=36879, Oracle MIS=24983, Improvement=223
n=50000, coeff=2, trial=2, GT MIS=25002, Greedy MIS=24688, |S|=50000, Oracle MIS=24688, Improvement=0
n=50000, coeff=2, trial=2, GT MIS=25002, Greedy MIS=24688, |S|=50000, Oracle MIS=24688, Improvement=0
n=50000, coeff=2, trial=2, GT MIS=25002, Greedy MIS=24688, |S|=49999, Oracle MIS=24688, Improvement=0
n=50000, coeff=2, trial=2, GT MIS=25002, Greedy MIS=24688, |S|=49968, Oracle MIS=24688, Improvement=0
n=50000, coeff=2, trial=2, GT MIS=25002, Greedy MIS=24688, |S|=49838, Oracle MIS=24688, Improvement=0
n=50000, coeff=2, trial=2, GT MIS=25002, Greedy MIS=24688, |S|=49309, Oracle MIS=24688, Improvement=0
n=50000, coeff=2, trial=2, GT MIS=25002, Greedy MIS=24688, |S|=48096, Oracle MIS=24686, Improvement=-2
n=50000, coeff=2, trial=2, GT MIS=25002, Greedy MIS=24688, |S|=45160, Oracle MIS=24960, Improvement=272
n=50000, coeff=2, trial=2, GT MIS=25002, Greedy MIS=24688, |S|=41289, Oracle MIS=24995, Improvement=307
n=50000, coeff=2, trial=2, GT MIS=25002, Greedy MIS=24688, |S|=36879, Oracle MIS=24990, Improvement=302
n=50000, coeff=2, trial=3, GT MIS=25001, Greedy MIS=24722, |S|=50000, Oracle MIS=24722, Improvement=0
n=50000, coeff=2, trial=3, GT MIS=25001, Greedy MIS=24722, |S|=50000, Oracle MIS=24722, Improvement=0
n=50000, coeff=2, trial=3, GT MIS=25001, Greedy MIS=24722, |S|=49998, Oracle MIS=24721, Improvement=-1
n=50000, coeff=2, trial=3, GT MIS=25001, Greedy MIS=24722, |S|=49980, Oracle MIS=24697, Improvement=-25
n=50000, coeff=2, trial=3, GT MIS=25001, Greedy MIS=24722, |S|=49859, Oracle MIS=24540, Improvement=-182
n=50000, coeff=2, trial=3, GT MIS=25001, Greedy MIS=24722, |S|=49423, Oracle MIS=24020, Improvement=-702
n=50000, coeff=2, trial=3, GT MIS=25001, Greedy MIS=24722, |S|=48115, Oracle MIS=22259, Improvement=-2463
n=50000, coeff=2, trial=3, GT MIS=25001, Greedy MIS=24722, |S|=45167, Oracle MIS=24680, Improvement=-42
n=50000, coeff=2, trial=3, GT MIS=25001, Greedy MIS=24722, |S|=41305, Oracle MIS=24960, Improvement=238
n=50000, coeff=2, trial=3, GT MIS=25001, Greedy MIS=24722, |S|=36776, Oracle MIS=24974, Improvement=252
n=50000, coeff=2, trial=4, GT MIS=25002, Greedy MIS=24706, |S|=50000, Oracle MIS=24706, Improvement=0
n=50000, coeff=2, trial=4, GT MIS=25002, Greedy MIS=24706, |S|=50000, Oracle MIS=24706, Improvement=0
n=50000, coeff=2, trial=4, GT MIS=25002, Greedy MIS=24706, |S|=49997, Oracle MIS=24706, Improvement=0
n=50000, coeff=2, trial=4, GT MIS=25002, Greedy MIS=24706, |S|=49977, Oracle MIS=24706, Improvement=0
n=50000, coeff=2, trial=4, GT MIS=25002, Greedy MIS=24706, |S|=49870, Oracle MIS=24706, Improvement=0
n=50000, coeff=2, trial=4, GT MIS=25002, Greedy MIS=24706, |S|=49464, Oracle MIS=24706, Improvement=0
n=50000, coeff=2, trial=4, GT MIS=25002, Greedy MIS=24706, |S|=48041, Oracle MIS=24708, Improvement=2
n=50000, coeff=2, trial=4, GT MIS=25002, Greedy MIS=24706, |S|=45034, Oracle MIS=24961, Improvement=255
n=50000, coeff=2, trial=4, GT MIS=25002, Greedy MIS=24706, |S|=41099, Oracle MIS=24986, Improvement=280
n=50000, coeff=2, trial=4, GT MIS=25002, Greedy MIS=24706, |S|=36592, Oracle MIS=24980, Improvement=274
Results saved to bipartite_experiment_results_epislons_50000.csv
