Running job on compute-3-03
Requested resources:
  - CPUs: 18
  - GPUs: 
  - Memory: 18000
n=55000, coeff=14.0, trial=0, GT MIS=27500, Greedy MIS=26955, |S|=55000, Oracle MIS=26955, Improvement=0
n=55000, coeff=14.0, trial=0, GT MIS=27500, Greedy MIS=26955, |S|=55000, Oracle MIS=26955, Improvement=0
n=55000, coeff=14.0, trial=0, GT MIS=27500, Greedy MIS=26955, |S|=55000, Oracle MIS=26955, Improvement=0
n=55000, coeff=14.0, trial=0, GT MIS=27500, Greedy MIS=26955, |S|=54953, Oracle MIS=26955, Improvement=0
n=55000, coeff=14.0, trial=0, GT MIS=27500, Greedy MIS=26955, |S|=53788, Oracle MIS=27456, Improvement=501
n=55000, coeff=14.0, trial=0, GT MIS=27500, Greedy MIS=26955, |S|=46908, Oracle MIS=27500, Improvement=545
n=55000, coeff=14.0, trial=0, GT MIS=27500, Greedy MIS=26955, |S|=35396, Oracle MIS=27500, Improvement=545
n=55000, coeff=14.0, trial=0, GT MIS=27500, Greedy MIS=26955, |S|=28873, Oracle MIS=27500, Improvement=545
n=55000, coeff=14.0, trial=0, GT MIS=27500, Greedy MIS=26955, |S|=27587, Oracle MIS=27500, Improvement=545
n=55000, coeff=14.0, trial=0, GT MIS=27500, Greedy MIS=26955, |S|=27501, Oracle MIS=27500, Improvement=545
n=55000, coeff=14.0, trial=1, GT MIS=27500, Greedy MIS=27181, |S|=55000, Oracle MIS=27181, Improvement=0
n=55000, coeff=14.0, trial=1, GT MIS=27500, Greedy MIS=27181, |S|=55000, Oracle MIS=27181, Improvement=0
n=55000, coeff=14.0, trial=1, GT MIS=27500, Greedy MIS=27181, |S|=55000, Oracle MIS=27181, Improvement=0
n=55000, coeff=14.0, trial=1, GT MIS=27500, Greedy MIS=27181, |S|=54935, Oracle MIS=27181, Improvement=0
n=55000, coeff=14.0, trial=1, GT MIS=27500, Greedy MIS=27181, |S|=53597, Oracle MIS=27461, Improvement=280
n=55000, coeff=14.0, trial=1, GT MIS=27500, Greedy MIS=27181, |S|=46157, Oracle MIS=27500, Improvement=319
n=55000, coeff=14.0, trial=1, GT MIS=27500, Greedy MIS=27181, |S|=34390, Oracle MIS=27500, Improvement=319
n=55000, coeff=14.0, trial=1, GT MIS=27500, Greedy MIS=27181, |S|=28589, Oracle MIS=27500, Improvement=319
n=55000, coeff=14.0, trial=1, GT MIS=27500, Greedy MIS=27181, |S|=27566, Oracle MIS=27499, Improvement=318
n=55000, coeff=14.0, trial=1, GT MIS=27500, Greedy MIS=27181, |S|=27503, Oracle MIS=27499, Improvement=318
n=55000, coeff=14.0, trial=2, GT MIS=27500, Greedy MIS=27042, |S|=55000, Oracle MIS=27042, Improvement=0
n=55000, coeff=14.0, trial=2, GT MIS=27500, Greedy MIS=27042, |S|=55000, Oracle MIS=27042, Improvement=0
n=55000, coeff=14.0, trial=2, GT MIS=27500, Greedy MIS=27042, |S|=54998, Oracle MIS=27040, Improvement=-2
n=55000, coeff=14.0, trial=2, GT MIS=27500, Greedy MIS=27042, |S|=54930, Oracle MIS=26973, Improvement=-69
n=55000, coeff=14.0, trial=2, GT MIS=27500, Greedy MIS=27042, |S|=53557, Oracle MIS=27368, Improvement=326
n=55000, coeff=14.0, trial=2, GT MIS=27500, Greedy MIS=27042, |S|=45978, Oracle MIS=27500, Improvement=458
n=55000, coeff=14.0, trial=2, GT MIS=27500, Greedy MIS=27042, |S|=34283, Oracle MIS=27500, Improvement=458
n=55000, coeff=14.0, trial=2, GT MIS=27500, Greedy MIS=27042, |S|=28556, Oracle MIS=27500, Improvement=458
n=55000, coeff=14.0, trial=2, GT MIS=27500, Greedy MIS=27042, |S|=27576, Oracle MIS=27500, Improvement=458
n=55000, coeff=14.0, trial=2, GT MIS=27500, Greedy MIS=27042, |S|=27501, Oracle MIS=27500, Improvement=458
n=55000, coeff=14.0, trial=3, GT MIS=27500, Greedy MIS=26637, |S|=55000, Oracle MIS=26637, Improvement=0
n=55000, coeff=14.0, trial=3, GT MIS=27500, Greedy MIS=26637, |S|=55000, Oracle MIS=26637, Improvement=0
n=55000, coeff=14.0, trial=3, GT MIS=27500, Greedy MIS=26637, |S|=55000, Oracle MIS=26637, Improvement=0
n=55000, coeff=14.0, trial=3, GT MIS=27500, Greedy MIS=26637, |S|=54947, Oracle MIS=26637, Improvement=0
n=55000, coeff=14.0, trial=3, GT MIS=27500, Greedy MIS=26637, |S|=53676, Oracle MIS=27338, Improvement=701
n=55000, coeff=14.0, trial=3, GT MIS=27500, Greedy MIS=26637, |S|=46680, Oracle MIS=27500, Improvement=863
n=55000, coeff=14.0, trial=3, GT MIS=27500, Greedy MIS=26637, |S|=35272, Oracle MIS=27500, Improvement=863
n=55000, coeff=14.0, trial=3, GT MIS=27500, Greedy MIS=26637, |S|=28765, Oracle MIS=27500, Improvement=863
n=55000, coeff=14.0, trial=3, GT MIS=27500, Greedy MIS=26637, |S|=27606, Oracle MIS=27500, Improvement=863
n=55000, coeff=14.0, trial=3, GT MIS=27500, Greedy MIS=26637, |S|=27505, Oracle MIS=27500, Improvement=863
n=55000, coeff=14.0, trial=4, GT MIS=27500, Greedy MIS=26663, |S|=55000, Oracle MIS=26663, Improvement=0
n=55000, coeff=14.0, trial=4, GT MIS=27500, Greedy MIS=26663, |S|=55000, Oracle MIS=26663, Improvement=0
n=55000, coeff=14.0, trial=4, GT MIS=27500, Greedy MIS=26663, |S|=55000, Oracle MIS=26663, Improvement=0
n=55000, coeff=14.0, trial=4, GT MIS=27500, Greedy MIS=26663, |S|=54954, Oracle MIS=26663, Improvement=0
n=55000, coeff=14.0, trial=4, GT MIS=27500, Greedy MIS=26663, |S|=53685, Oracle MIS=27412, Improvement=749
n=55000, coeff=14.0, trial=4, GT MIS=27500, Greedy MIS=26663, |S|=46625, Oracle MIS=27500, Improvement=837
n=55000, coeff=14.0, trial=4, GT MIS=27500, Greedy MIS=26663, |S|=35006, Oracle MIS=27500, Improvement=837
n=55000, coeff=14.0, trial=4, GT MIS=27500, Greedy MIS=26663, |S|=28714, Oracle MIS=27500, Improvement=837
n=55000, coeff=14.0, trial=4, GT MIS=27500, Greedy MIS=26663, |S|=27581, Oracle MIS=27500, Improvement=837
n=55000, coeff=14.0, trial=4, GT MIS=27500, Greedy MIS=26663, |S|=27503, Oracle MIS=27500, Improvement=837
n=55000, coeff=14.0, trial=5, GT MIS=27500, Greedy MIS=27041, |S|=55000, Oracle MIS=27041, Improvement=0
n=55000, coeff=14.0, trial=5, GT MIS=27500, Greedy MIS=27041, |S|=55000, Oracle MIS=27041, Improvement=0
n=55000, coeff=14.0, trial=5, GT MIS=27500, Greedy MIS=27041, |S|=54999, Oracle MIS=27041, Improvement=0
n=55000, coeff=14.0, trial=5, GT MIS=27500, Greedy MIS=27041, |S|=54965, Oracle MIS=27041, Improvement=0
n=55000, coeff=14.0, trial=5, GT MIS=27500, Greedy MIS=27041, |S|=53870, Oracle MIS=27458, Improvement=417
n=55000, coeff=14.0, trial=5, GT MIS=27500, Greedy MIS=27041, |S|=47567, Oracle MIS=27500, Improvement=459
n=55000, coeff=14.0, trial=5, GT MIS=27500, Greedy MIS=27041, |S|=35715, Oracle MIS=27500, Improvement=459
n=55000, coeff=14.0, trial=5, GT MIS=27500, Greedy MIS=27041, |S|=28948, Oracle MIS=27500, Improvement=459
n=55000, coeff=14.0, trial=5, GT MIS=27500, Greedy MIS=27041, |S|=27601, Oracle MIS=27499, Improvement=458
n=55000, coeff=14.0, trial=5, GT MIS=27500, Greedy MIS=27041, |S|=27500, Oracle MIS=27499, Improvement=458
n=55000, coeff=14.0, trial=6, GT MIS=27500, Greedy MIS=26660, |S|=55000, Oracle MIS=26660, Improvement=0
n=55000, coeff=14.0, trial=6, GT MIS=27500, Greedy MIS=26660, |S|=55000, Oracle MIS=26660, Improvement=0
n=55000, coeff=14.0, trial=6, GT MIS=27500, Greedy MIS=26660, |S|=54999, Oracle MIS=26659, Improvement=-1
n=55000, coeff=14.0, trial=6, GT MIS=27500, Greedy MIS=26660, |S|=54943, Oracle MIS=26524, Improvement=-136
n=55000, coeff=14.0, trial=6, GT MIS=27500, Greedy MIS=26660, |S|=53626, Oracle MIS=27456, Improvement=796
n=55000, coeff=14.0, trial=6, GT MIS=27500, Greedy MIS=26660, |S|=46384, Oracle MIS=27500, Improvement=840
n=55000, coeff=14.0, trial=6, GT MIS=27500, Greedy MIS=26660, |S|=34712, Oracle MIS=27500, Improvement=840
n=55000, coeff=14.0, trial=6, GT MIS=27500, Greedy MIS=26660, |S|=28690, Oracle MIS=27500, Improvement=840
n=55000, coeff=14.0, trial=6, GT MIS=27500, Greedy MIS=26660, |S|=27581, Oracle MIS=27500, Improvement=840
n=55000, coeff=14.0, trial=6, GT MIS=27500, Greedy MIS=26660, |S|=27500, Oracle MIS=27500, Improvement=840
n=55000, coeff=14.0, trial=7, GT MIS=27500, Greedy MIS=27367, |S|=55000, Oracle MIS=27367, Improvement=0
n=55000, coeff=14.0, trial=7, GT MIS=27500, Greedy MIS=27367, |S|=55000, Oracle MIS=27367, Improvement=0
n=55000, coeff=14.0, trial=7, GT MIS=27500, Greedy MIS=27367, |S|=54999, Oracle MIS=27366, Improvement=-1
n=55000, coeff=14.0, trial=7, GT MIS=27500, Greedy MIS=27367, |S|=54941, Oracle MIS=27262, Improvement=-105
n=55000, coeff=14.0, trial=7, GT MIS=27500, Greedy MIS=27367, |S|=53792, Oracle MIS=27282, Improvement=-85
n=55000, coeff=14.0, trial=7, GT MIS=27500, Greedy MIS=27367, |S|=46896, Oracle MIS=27500, Improvement=133
n=55000, coeff=14.0, trial=7, GT MIS=27500, Greedy MIS=27367, |S|=35288, Oracle MIS=27500, Improvement=133
n=55000, coeff=14.0, trial=7, GT MIS=27500, Greedy MIS=27367, |S|=28813, Oracle MIS=27500, Improvement=133
n=55000, coeff=14.0, trial=7, GT MIS=27500, Greedy MIS=27367, |S|=27580, Oracle MIS=27500, Improvement=133
n=55000, coeff=14.0, trial=7, GT MIS=27500, Greedy MIS=27367, |S|=27503, Oracle MIS=27499, Improvement=132
n=55000, coeff=14.0, trial=8, GT MIS=27500, Greedy MIS=26925, |S|=55000, Oracle MIS=26925, Improvement=0
n=55000, coeff=14.0, trial=8, GT MIS=27500, Greedy MIS=26925, |S|=55000, Oracle MIS=26925, Improvement=0
n=55000, coeff=14.0, trial=8, GT MIS=27500, Greedy MIS=26925, |S|=55000, Oracle MIS=26925, Improvement=0
n=55000, coeff=14.0, trial=8, GT MIS=27500, Greedy MIS=26925, |S|=54950, Oracle MIS=26875, Improvement=-50
n=55000, coeff=14.0, trial=8, GT MIS=27500, Greedy MIS=26925, |S|=53779, Oracle MIS=27420, Improvement=495
n=55000, coeff=14.0, trial=8, GT MIS=27500, Greedy MIS=26925, |S|=47098, Oracle MIS=27500, Improvement=575
n=55000, coeff=14.0, trial=8, GT MIS=27500, Greedy MIS=26925, |S|=35648, Oracle MIS=27500, Improvement=575
n=55000, coeff=14.0, trial=8, GT MIS=27500, Greedy MIS=26925, |S|=28927, Oracle MIS=27500, Improvement=575
n=55000, coeff=14.0, trial=8, GT MIS=27500, Greedy MIS=26925, |S|=27599, Oracle MIS=27500, Improvement=575
n=55000, coeff=14.0, trial=8, GT MIS=27500, Greedy MIS=26925, |S|=27503, Oracle MIS=27500, Improvement=575
n=55000, coeff=14.0, trial=9, GT MIS=27500, Greedy MIS=26956, |S|=55000, Oracle MIS=26956, Improvement=0
n=55000, coeff=14.0, trial=9, GT MIS=27500, Greedy MIS=26956, |S|=55000, Oracle MIS=26956, Improvement=0
n=55000, coeff=14.0, trial=9, GT MIS=27500, Greedy MIS=26956, |S|=54999, Oracle MIS=26955, Improvement=-1
n=55000, coeff=14.0, trial=9, GT MIS=27500, Greedy MIS=26956, |S|=54928, Oracle MIS=27042, Improvement=86
n=55000, coeff=14.0, trial=9, GT MIS=27500, Greedy MIS=26956, |S|=53791, Oracle MIS=27367, Improvement=411
n=55000, coeff=14.0, trial=9, GT MIS=27500, Greedy MIS=26956, |S|=47047, Oracle MIS=27500, Improvement=544
n=55000, coeff=14.0, trial=9, GT MIS=27500, Greedy MIS=26956, |S|=35500, Oracle MIS=27500, Improvement=544
n=55000, coeff=14.0, trial=9, GT MIS=27500, Greedy MIS=26956, |S|=28840, Oracle MIS=27500, Improvement=544
n=55000, coeff=14.0, trial=9, GT MIS=27500, Greedy MIS=26956, |S|=27586, Oracle MIS=27500, Improvement=544
n=55000, coeff=14.0, trial=9, GT MIS=27500, Greedy MIS=26956, |S|=27500, Oracle MIS=27499, Improvement=543
Results saved to bipartite_experiment_results_epislons_55000.csv
