Running job on compute-3-07
Requested resources:
  - CPUs: 18
  - GPUs: 
  - Memory: 18000
n=75000, coeff=10.0, trial=0, GT MIS=37500, Greedy MIS=37105, |S|=75000, Oracle MIS=37105, Improvement=0
n=75000, coeff=10.0, trial=0, GT MIS=37500, Greedy MIS=37105, |S|=75000, Oracle MIS=37105, Improvement=0
n=75000, coeff=10.0, trial=0, GT MIS=37500, Greedy MIS=37105, |S|=75000, Oracle MIS=37105, Improvement=0
n=75000, coeff=10.0, trial=0, GT MIS=37500, Greedy MIS=37105, |S|=74963, Oracle MIS=36976, Improvement=-129
n=75000, coeff=10.0, trial=0, GT MIS=37500, Greedy MIS=37105, |S|=74122, Oracle MIS=36988, Improvement=-117
n=75000, coeff=10.0, trial=0, GT MIS=37500, Greedy MIS=37105, |S|=68575, Oracle MIS=37500, Improvement=395
n=75000, coeff=10.0, trial=0, GT MIS=37500, Greedy MIS=37105, |S|=55678, Oracle MIS=37500, Improvement=395
n=75000, coeff=10.0, trial=0, GT MIS=37500, Greedy MIS=37105, |S|=43490, Oracle MIS=37500, Improvement=395
n=75000, coeff=10.0, trial=0, GT MIS=37500, Greedy MIS=37105, |S|=38470, Oracle MIS=37500, Improvement=395
n=75000, coeff=10.0, trial=0, GT MIS=37500, Greedy MIS=37105, |S|=37599, Oracle MIS=37500, Improvement=395
n=75000, coeff=10.0, trial=1, GT MIS=37500, Greedy MIS=37080, |S|=75000, Oracle MIS=37080, Improvement=0
n=75000, coeff=10.0, trial=1, GT MIS=37500, Greedy MIS=37080, |S|=75000, Oracle MIS=37080, Improvement=0
n=75000, coeff=10.0, trial=1, GT MIS=37500, Greedy MIS=37080, |S|=75000, Oracle MIS=37080, Improvement=0
n=75000, coeff=10.0, trial=1, GT MIS=37500, Greedy MIS=37080, |S|=74967, Oracle MIS=37048, Improvement=-32
n=75000, coeff=10.0, trial=1, GT MIS=37500, Greedy MIS=37080, |S|=74207, Oracle MIS=36964, Improvement=-116
n=75000, coeff=10.0, trial=1, GT MIS=37500, Greedy MIS=37080, |S|=69053, Oracle MIS=37500, Improvement=420
n=75000, coeff=10.0, trial=1, GT MIS=37500, Greedy MIS=37080, |S|=56634, Oracle MIS=37500, Improvement=420
n=75000, coeff=10.0, trial=1, GT MIS=37500, Greedy MIS=37080, |S|=43670, Oracle MIS=37500, Improvement=420
n=75000, coeff=10.0, trial=1, GT MIS=37500, Greedy MIS=37080, |S|=38552, Oracle MIS=37500, Improvement=420
n=75000, coeff=10.0, trial=1, GT MIS=37500, Greedy MIS=37080, |S|=37581, Oracle MIS=37500, Improvement=420
n=75000, coeff=10.0, trial=2, GT MIS=37500, Greedy MIS=36818, |S|=75000, Oracle MIS=36818, Improvement=0
n=75000, coeff=10.0, trial=2, GT MIS=37500, Greedy MIS=36818, |S|=75000, Oracle MIS=36818, Improvement=0
n=75000, coeff=10.0, trial=2, GT MIS=37500, Greedy MIS=36818, |S|=74999, Oracle MIS=36817, Improvement=-1
n=75000, coeff=10.0, trial=2, GT MIS=37500, Greedy MIS=36818, |S|=74966, Oracle MIS=36663, Improvement=-155
n=75000, coeff=10.0, trial=2, GT MIS=37500, Greedy MIS=36818, |S|=74193, Oracle MIS=36772, Improvement=-46
n=75000, coeff=10.0, trial=2, GT MIS=37500, Greedy MIS=36818, |S|=68867, Oracle MIS=37500, Improvement=682
n=75000, coeff=10.0, trial=2, GT MIS=37500, Greedy MIS=36818, |S|=56308, Oracle MIS=37500, Improvement=682
n=75000, coeff=10.0, trial=2, GT MIS=37500, Greedy MIS=36818, |S|=43845, Oracle MIS=37500, Improvement=682
n=75000, coeff=10.0, trial=2, GT MIS=37500, Greedy MIS=36818, |S|=38663, Oracle MIS=37500, Improvement=682
n=75000, coeff=10.0, trial=2, GT MIS=37500, Greedy MIS=36818, |S|=37611, Oracle MIS=37499, Improvement=681
n=75000, coeff=10.0, trial=3, GT MIS=37500, Greedy MIS=37016, |S|=75000, Oracle MIS=37016, Improvement=0
n=75000, coeff=10.0, trial=3, GT MIS=37500, Greedy MIS=37016, |S|=75000, Oracle MIS=37016, Improvement=0
n=75000, coeff=10.0, trial=3, GT MIS=37500, Greedy MIS=37016, |S|=75000, Oracle MIS=37016, Improvement=0
n=75000, coeff=10.0, trial=3, GT MIS=37500, Greedy MIS=37016, |S|=74957, Oracle MIS=36973, Improvement=-43
n=75000, coeff=10.0, trial=3, GT MIS=37500, Greedy MIS=37016, |S|=74242, Oracle MIS=35290, Improvement=-1726
n=75000, coeff=10.0, trial=3, GT MIS=37500, Greedy MIS=37016, |S|=69092, Oracle MIS=37500, Improvement=484
n=75000, coeff=10.0, trial=3, GT MIS=37500, Greedy MIS=37016, |S|=56624, Oracle MIS=37500, Improvement=484
n=75000, coeff=10.0, trial=3, GT MIS=37500, Greedy MIS=37016, |S|=43760, Oracle MIS=37500, Improvement=484
n=75000, coeff=10.0, trial=3, GT MIS=37500, Greedy MIS=37016, |S|=38641, Oracle MIS=37500, Improvement=484
n=75000, coeff=10.0, trial=3, GT MIS=37500, Greedy MIS=37016, |S|=37601, Oracle MIS=37499, Improvement=483
n=75000, coeff=10.0, trial=4, GT MIS=37500, Greedy MIS=37058, |S|=75000, Oracle MIS=37058, Improvement=0
n=75000, coeff=10.0, trial=4, GT MIS=37500, Greedy MIS=37058, |S|=75000, Oracle MIS=37058, Improvement=0
n=75000, coeff=10.0, trial=4, GT MIS=37500, Greedy MIS=37058, |S|=75000, Oracle MIS=37058, Improvement=0
n=75000, coeff=10.0, trial=4, GT MIS=37500, Greedy MIS=37058, |S|=74970, Oracle MIS=37029, Improvement=-29
n=75000, coeff=10.0, trial=4, GT MIS=37500, Greedy MIS=37058, |S|=74217, Oracle MIS=36957, Improvement=-101
n=75000, coeff=10.0, trial=4, GT MIS=37500, Greedy MIS=37058, |S|=69008, Oracle MIS=37500, Improvement=442
n=75000, coeff=10.0, trial=4, GT MIS=37500, Greedy MIS=37058, |S|=56137, Oracle MIS=37500, Improvement=442
n=75000, coeff=10.0, trial=4, GT MIS=37500, Greedy MIS=37058, |S|=43641, Oracle MIS=37500, Improvement=442
n=75000, coeff=10.0, trial=4, GT MIS=37500, Greedy MIS=37058, |S|=38598, Oracle MIS=37500, Improvement=442
n=75000, coeff=10.0, trial=4, GT MIS=37500, Greedy MIS=37058, |S|=37597, Oracle MIS=37500, Improvement=442
n=75000, coeff=10.0, trial=5, GT MIS=37500, Greedy MIS=36209, |S|=75000, Oracle MIS=36209, Improvement=0
n=75000, coeff=10.0, trial=5, GT MIS=37500, Greedy MIS=36209, |S|=75000, Oracle MIS=36209, Improvement=0
n=75000, coeff=10.0, trial=5, GT MIS=37500, Greedy MIS=36209, |S|=75000, Oracle MIS=36209, Improvement=0
n=75000, coeff=10.0, trial=5, GT MIS=37500, Greedy MIS=36209, |S|=74965, Oracle MIS=36209, Improvement=0
n=75000, coeff=10.0, trial=5, GT MIS=37500, Greedy MIS=36209, |S|=74251, Oracle MIS=37228, Improvement=1019
n=75000, coeff=10.0, trial=5, GT MIS=37500, Greedy MIS=36209, |S|=69089, Oracle MIS=37500, Improvement=1291
n=75000, coeff=10.0, trial=5, GT MIS=37500, Greedy MIS=36209, |S|=56496, Oracle MIS=37500, Improvement=1291
n=75000, coeff=10.0, trial=5, GT MIS=37500, Greedy MIS=36209, |S|=43782, Oracle MIS=37500, Improvement=1291
n=75000, coeff=10.0, trial=5, GT MIS=37500, Greedy MIS=36209, |S|=38707, Oracle MIS=37500, Improvement=1291
n=75000, coeff=10.0, trial=5, GT MIS=37500, Greedy MIS=36209, |S|=37607, Oracle MIS=37500, Improvement=1291
n=75000, coeff=10.0, trial=6, GT MIS=37500, Greedy MIS=36920, |S|=75000, Oracle MIS=36920, Improvement=0
n=75000, coeff=10.0, trial=6, GT MIS=37500, Greedy MIS=36920, |S|=75000, Oracle MIS=36920, Improvement=0
n=75000, coeff=10.0, trial=6, GT MIS=37500, Greedy MIS=36920, |S|=75000, Oracle MIS=36920, Improvement=0
n=75000, coeff=10.0, trial=6, GT MIS=37500, Greedy MIS=36920, |S|=74964, Oracle MIS=36884, Improvement=-36
n=75000, coeff=10.0, trial=6, GT MIS=37500, Greedy MIS=36920, |S|=74088, Oracle MIS=37046, Improvement=126
n=75000, coeff=10.0, trial=6, GT MIS=37500, Greedy MIS=36920, |S|=68282, Oracle MIS=37500, Improvement=580
n=75000, coeff=10.0, trial=6, GT MIS=37500, Greedy MIS=36920, |S|=55198, Oracle MIS=37500, Improvement=580
n=75000, coeff=10.0, trial=6, GT MIS=37500, Greedy MIS=36920, |S|=43106, Oracle MIS=37500, Improvement=580
n=75000, coeff=10.0, trial=6, GT MIS=37500, Greedy MIS=36920, |S|=38394, Oracle MIS=37500, Improvement=580
n=75000, coeff=10.0, trial=6, GT MIS=37500, Greedy MIS=36920, |S|=37587, Oracle MIS=37500, Improvement=580
n=75000, coeff=10.0, trial=7, GT MIS=37500, Greedy MIS=36990, |S|=75000, Oracle MIS=36990, Improvement=0
n=75000, coeff=10.0, trial=7, GT MIS=37500, Greedy MIS=36990, |S|=75000, Oracle MIS=36990, Improvement=0
n=75000, coeff=10.0, trial=7, GT MIS=37500, Greedy MIS=36990, |S|=74997, Oracle MIS=36987, Improvement=-3
n=75000, coeff=10.0, trial=7, GT MIS=37500, Greedy MIS=36990, |S|=74962, Oracle MIS=36952, Improvement=-38
n=75000, coeff=10.0, trial=7, GT MIS=37500, Greedy MIS=36990, |S|=74173, Oracle MIS=36921, Improvement=-69
n=75000, coeff=10.0, trial=7, GT MIS=37500, Greedy MIS=36990, |S|=68996, Oracle MIS=37500, Improvement=510
n=75000, coeff=10.0, trial=7, GT MIS=37500, Greedy MIS=36990, |S|=56332, Oracle MIS=37500, Improvement=510
n=75000, coeff=10.0, trial=7, GT MIS=37500, Greedy MIS=36990, |S|=43705, Oracle MIS=37500, Improvement=510
n=75000, coeff=10.0, trial=7, GT MIS=37500, Greedy MIS=36990, |S|=38596, Oracle MIS=37500, Improvement=510
n=75000, coeff=10.0, trial=7, GT MIS=37500, Greedy MIS=36990, |S|=37581, Oracle MIS=37500, Improvement=510
n=75000, coeff=10.0, trial=8, GT MIS=37500, Greedy MIS=37003, |S|=75000, Oracle MIS=37003, Improvement=0
n=75000, coeff=10.0, trial=8, GT MIS=37500, Greedy MIS=37003, |S|=75000, Oracle MIS=37003, Improvement=0
n=75000, coeff=10.0, trial=8, GT MIS=37500, Greedy MIS=37003, |S|=75000, Oracle MIS=37003, Improvement=0
n=75000, coeff=10.0, trial=8, GT MIS=37500, Greedy MIS=37003, |S|=74968, Oracle MIS=36941, Improvement=-62
n=75000, coeff=10.0, trial=8, GT MIS=37500, Greedy MIS=37003, |S|=74199, Oracle MIS=37043, Improvement=40
n=75000, coeff=10.0, trial=8, GT MIS=37500, Greedy MIS=37003, |S|=69050, Oracle MIS=37500, Improvement=497
n=75000, coeff=10.0, trial=8, GT MIS=37500, Greedy MIS=37003, |S|=56543, Oracle MIS=37500, Improvement=497
n=75000, coeff=10.0, trial=8, GT MIS=37500, Greedy MIS=37003, |S|=43892, Oracle MIS=37500, Improvement=497
n=75000, coeff=10.0, trial=8, GT MIS=37500, Greedy MIS=37003, |S|=38564, Oracle MIS=37500, Improvement=497
n=75000, coeff=10.0, trial=8, GT MIS=37500, Greedy MIS=37003, |S|=37599, Oracle MIS=37500, Improvement=497
n=75000, coeff=10.0, trial=9, GT MIS=37500, Greedy MIS=36866, |S|=75000, Oracle MIS=36866, Improvement=0
n=75000, coeff=10.0, trial=9, GT MIS=37500, Greedy MIS=36866, |S|=75000, Oracle MIS=36866, Improvement=0
n=75000, coeff=10.0, trial=9, GT MIS=37500, Greedy MIS=36866, |S|=75000, Oracle MIS=36866, Improvement=0
n=75000, coeff=10.0, trial=9, GT MIS=37500, Greedy MIS=36866, |S|=74967, Oracle MIS=36833, Improvement=-33
n=75000, coeff=10.0, trial=9, GT MIS=37500, Greedy MIS=36866, |S|=74336, Oracle MIS=35077, Improvement=-1789
n=75000, coeff=10.0, trial=9, GT MIS=37500, Greedy MIS=36866, |S|=69367, Oracle MIS=37477, Improvement=611
n=75000, coeff=10.0, trial=9, GT MIS=37500, Greedy MIS=36866, |S|=57149, Oracle MIS=37500, Improvement=634
n=75000, coeff=10.0, trial=9, GT MIS=37500, Greedy MIS=36866, |S|=43938, Oracle MIS=37500, Improvement=634
n=75000, coeff=10.0, trial=9, GT MIS=37500, Greedy MIS=36866, |S|=38613, Oracle MIS=37500, Improvement=634
n=75000, coeff=10.0, trial=9, GT MIS=37500, Greedy MIS=36866, |S|=37597, Oracle MIS=37500, Improvement=634
Results saved to bipartite_experiment_results_epislons_75000.csv
