Running job on compute-3-04
Requested resources:
  - CPUs: 18
  - GPUs: 
  - Memory: 18000
n=55000, coeff=12.0, trial=0, GT MIS=27500, Greedy MIS=27126, |S|=55000, Oracle MIS=27126, Improvement=0
n=55000, coeff=12.0, trial=0, GT MIS=27500, Greedy MIS=27126, |S|=55000, Oracle MIS=27126, Improvement=0
n=55000, coeff=12.0, trial=0, GT MIS=27500, Greedy MIS=27126, |S|=55000, Oracle MIS=27126, Improvement=0
n=55000, coeff=12.0, trial=0, GT MIS=27500, Greedy MIS=27126, |S|=54963, Oracle MIS=27052, Improvement=-74
n=55000, coeff=12.0, trial=0, GT MIS=27500, Greedy MIS=27126, |S|=54198, Oracle MIS=27428, Improvement=302
n=55000, coeff=12.0, trial=0, GT MIS=27500, Greedy MIS=27126, |S|=49117, Oracle MIS=27500, Improvement=374
n=55000, coeff=12.0, trial=0, GT MIS=27500, Greedy MIS=27126, |S|=38332, Oracle MIS=27500, Improvement=374
n=55000, coeff=12.0, trial=0, GT MIS=27500, Greedy MIS=27126, |S|=30216, Oracle MIS=27500, Improvement=374
n=55000, coeff=12.0, trial=0, GT MIS=27500, Greedy MIS=27126, |S|=27818, Oracle MIS=27500, Improvement=374
n=55000, coeff=12.0, trial=0, GT MIS=27500, Greedy MIS=27126, |S|=27513, Oracle MIS=27500, Improvement=374
n=55000, coeff=12.0, trial=1, GT MIS=27500, Greedy MIS=26980, |S|=55000, Oracle MIS=26980, Improvement=0
n=55000, coeff=12.0, trial=1, GT MIS=27500, Greedy MIS=26980, |S|=55000, Oracle MIS=26980, Improvement=0
n=55000, coeff=12.0, trial=1, GT MIS=27500, Greedy MIS=26980, |S|=55000, Oracle MIS=26980, Improvement=0
n=55000, coeff=12.0, trial=1, GT MIS=27500, Greedy MIS=26980, |S|=54964, Oracle MIS=26868, Improvement=-112
n=55000, coeff=12.0, trial=1, GT MIS=27500, Greedy MIS=26980, |S|=54048, Oracle MIS=27317, Improvement=337
n=55000, coeff=12.0, trial=1, GT MIS=27500, Greedy MIS=26980, |S|=48464, Oracle MIS=27500, Improvement=520
n=55000, coeff=12.0, trial=1, GT MIS=27500, Greedy MIS=26980, |S|=37251, Oracle MIS=27500, Improvement=520
n=55000, coeff=12.0, trial=1, GT MIS=27500, Greedy MIS=26980, |S|=29812, Oracle MIS=27500, Improvement=520
n=55000, coeff=12.0, trial=1, GT MIS=27500, Greedy MIS=26980, |S|=27777, Oracle MIS=27500, Improvement=520
n=55000, coeff=12.0, trial=1, GT MIS=27500, Greedy MIS=26980, |S|=27516, Oracle MIS=27500, Improvement=520
n=55000, coeff=12.0, trial=2, GT MIS=27500, Greedy MIS=26615, |S|=55000, Oracle MIS=26615, Improvement=0
n=55000, coeff=12.0, trial=2, GT MIS=27500, Greedy MIS=26615, |S|=55000, Oracle MIS=26615, Improvement=0
n=55000, coeff=12.0, trial=2, GT MIS=27500, Greedy MIS=26615, |S|=55000, Oracle MIS=26615, Improvement=0
n=55000, coeff=12.0, trial=2, GT MIS=27500, Greedy MIS=26615, |S|=54958, Oracle MIS=26615, Improvement=0
n=55000, coeff=12.0, trial=2, GT MIS=27500, Greedy MIS=26615, |S|=54070, Oracle MIS=27389, Improvement=774
n=55000, coeff=12.0, trial=2, GT MIS=27500, Greedy MIS=26615, |S|=48314, Oracle MIS=27500, Improvement=885
n=55000, coeff=12.0, trial=2, GT MIS=27500, Greedy MIS=26615, |S|=37153, Oracle MIS=27500, Improvement=885
n=55000, coeff=12.0, trial=2, GT MIS=27500, Greedy MIS=26615, |S|=29773, Oracle MIS=27500, Improvement=885
n=55000, coeff=12.0, trial=2, GT MIS=27500, Greedy MIS=26615, |S|=27741, Oracle MIS=27500, Improvement=885
n=55000, coeff=12.0, trial=2, GT MIS=27500, Greedy MIS=26615, |S|=27514, Oracle MIS=27500, Improvement=885
n=55000, coeff=12.0, trial=3, GT MIS=27500, Greedy MIS=26749, |S|=55000, Oracle MIS=26749, Improvement=0
n=55000, coeff=12.0, trial=3, GT MIS=27500, Greedy MIS=26749, |S|=55000, Oracle MIS=26749, Improvement=0
n=55000, coeff=12.0, trial=3, GT MIS=27500, Greedy MIS=26749, |S|=55000, Oracle MIS=26749, Improvement=0
n=55000, coeff=12.0, trial=3, GT MIS=27500, Greedy MIS=26749, |S|=54962, Oracle MIS=26749, Improvement=0
n=55000, coeff=12.0, trial=3, GT MIS=27500, Greedy MIS=26749, |S|=54088, Oracle MIS=27251, Improvement=502
n=55000, coeff=12.0, trial=3, GT MIS=27500, Greedy MIS=26749, |S|=48899, Oracle MIS=27500, Improvement=751
n=55000, coeff=12.0, trial=3, GT MIS=27500, Greedy MIS=26749, |S|=38270, Oracle MIS=27500, Improvement=751
n=55000, coeff=12.0, trial=3, GT MIS=27500, Greedy MIS=26749, |S|=30205, Oracle MIS=27500, Improvement=751
n=55000, coeff=12.0, trial=3, GT MIS=27500, Greedy MIS=26749, |S|=27828, Oracle MIS=27500, Improvement=751
n=55000, coeff=12.0, trial=3, GT MIS=27500, Greedy MIS=26749, |S|=27514, Oracle MIS=27500, Improvement=751
n=55000, coeff=12.0, trial=4, GT MIS=27500, Greedy MIS=26852, |S|=55000, Oracle MIS=26852, Improvement=0
n=55000, coeff=12.0, trial=4, GT MIS=27500, Greedy MIS=26852, |S|=55000, Oracle MIS=26852, Improvement=0
n=55000, coeff=12.0, trial=4, GT MIS=27500, Greedy MIS=26852, |S|=55000, Oracle MIS=26852, Improvement=0
n=55000, coeff=12.0, trial=4, GT MIS=27500, Greedy MIS=26852, |S|=54960, Oracle MIS=26852, Improvement=0
n=55000, coeff=12.0, trial=4, GT MIS=27500, Greedy MIS=26852, |S|=54092, Oracle MIS=27125, Improvement=273
n=55000, coeff=12.0, trial=4, GT MIS=27500, Greedy MIS=26852, |S|=48836, Oracle MIS=27500, Improvement=648
n=55000, coeff=12.0, trial=4, GT MIS=27500, Greedy MIS=26852, |S|=37923, Oracle MIS=27500, Improvement=648
n=55000, coeff=12.0, trial=4, GT MIS=27500, Greedy MIS=26852, |S|=30005, Oracle MIS=27500, Improvement=648
n=55000, coeff=12.0, trial=4, GT MIS=27500, Greedy MIS=26852, |S|=27773, Oracle MIS=27500, Improvement=648
n=55000, coeff=12.0, trial=4, GT MIS=27500, Greedy MIS=26852, |S|=27512, Oracle MIS=27498, Improvement=646
n=55000, coeff=12.0, trial=5, GT MIS=27500, Greedy MIS=26793, |S|=55000, Oracle MIS=26793, Improvement=0
n=55000, coeff=12.0, trial=5, GT MIS=27500, Greedy MIS=26793, |S|=55000, Oracle MIS=26793, Improvement=0
n=55000, coeff=12.0, trial=5, GT MIS=27500, Greedy MIS=26793, |S|=55000, Oracle MIS=26793, Improvement=0
n=55000, coeff=12.0, trial=5, GT MIS=27500, Greedy MIS=26793, |S|=54974, Oracle MIS=26767, Improvement=-26
n=55000, coeff=12.0, trial=5, GT MIS=27500, Greedy MIS=26793, |S|=54263, Oracle MIS=27354, Improvement=561
n=55000, coeff=12.0, trial=5, GT MIS=27500, Greedy MIS=26793, |S|=49570, Oracle MIS=27500, Improvement=707
n=55000, coeff=12.0, trial=5, GT MIS=27500, Greedy MIS=26793, |S|=38623, Oracle MIS=27500, Improvement=707
n=55000, coeff=12.0, trial=5, GT MIS=27500, Greedy MIS=26793, |S|=30432, Oracle MIS=27500, Improvement=707
n=55000, coeff=12.0, trial=5, GT MIS=27500, Greedy MIS=26793, |S|=27846, Oracle MIS=27500, Improvement=707
n=55000, coeff=12.0, trial=5, GT MIS=27500, Greedy MIS=26793, |S|=27516, Oracle MIS=27500, Improvement=707
n=55000, coeff=12.0, trial=6, GT MIS=27500, Greedy MIS=27128, |S|=55000, Oracle MIS=27128, Improvement=0
n=55000, coeff=12.0, trial=6, GT MIS=27500, Greedy MIS=27128, |S|=55000, Oracle MIS=27128, Improvement=0
n=55000, coeff=12.0, trial=6, GT MIS=27500, Greedy MIS=27128, |S|=54999, Oracle MIS=27127, Improvement=-1
n=55000, coeff=12.0, trial=6, GT MIS=27500, Greedy MIS=27128, |S|=54958, Oracle MIS=27086, Improvement=-42
n=55000, coeff=12.0, trial=6, GT MIS=27500, Greedy MIS=27128, |S|=54021, Oracle MIS=27392, Improvement=264
n=55000, coeff=12.0, trial=6, GT MIS=27500, Greedy MIS=27128, |S|=48631, Oracle MIS=27500, Improvement=372
n=55000, coeff=12.0, trial=6, GT MIS=27500, Greedy MIS=27128, |S|=37593, Oracle MIS=27500, Improvement=372
n=55000, coeff=12.0, trial=6, GT MIS=27500, Greedy MIS=27128, |S|=29939, Oracle MIS=27500, Improvement=372
n=55000, coeff=12.0, trial=6, GT MIS=27500, Greedy MIS=27128, |S|=27763, Oracle MIS=27500, Improvement=372
n=55000, coeff=12.0, trial=6, GT MIS=27500, Greedy MIS=27128, |S|=27514, Oracle MIS=27500, Improvement=372
n=55000, coeff=12.0, trial=7, GT MIS=27500, Greedy MIS=27316, |S|=55000, Oracle MIS=27316, Improvement=0
n=55000, coeff=12.0, trial=7, GT MIS=27500, Greedy MIS=27316, |S|=55000, Oracle MIS=27316, Improvement=0
n=55000, coeff=12.0, trial=7, GT MIS=27500, Greedy MIS=27316, |S|=54999, Oracle MIS=27315, Improvement=-1
n=55000, coeff=12.0, trial=7, GT MIS=27500, Greedy MIS=27316, |S|=54959, Oracle MIS=27275, Improvement=-41
n=55000, coeff=12.0, trial=7, GT MIS=27500, Greedy MIS=27316, |S|=54146, Oracle MIS=26916, Improvement=-400
n=55000, coeff=12.0, trial=7, GT MIS=27500, Greedy MIS=27316, |S|=49083, Oracle MIS=27500, Improvement=184
n=55000, coeff=12.0, trial=7, GT MIS=27500, Greedy MIS=27316, |S|=38301, Oracle MIS=27500, Improvement=184
n=55000, coeff=12.0, trial=7, GT MIS=27500, Greedy MIS=27316, |S|=30233, Oracle MIS=27500, Improvement=184
n=55000, coeff=12.0, trial=7, GT MIS=27500, Greedy MIS=27316, |S|=27807, Oracle MIS=27500, Improvement=184
n=55000, coeff=12.0, trial=7, GT MIS=27500, Greedy MIS=27316, |S|=27518, Oracle MIS=27499, Improvement=183
n=55000, coeff=12.0, trial=8, GT MIS=27500, Greedy MIS=26886, |S|=55000, Oracle MIS=26886, Improvement=0
n=55000, coeff=12.0, trial=8, GT MIS=27500, Greedy MIS=26886, |S|=55000, Oracle MIS=26886, Improvement=0
n=55000, coeff=12.0, trial=8, GT MIS=27500, Greedy MIS=26886, |S|=54999, Oracle MIS=26847, Improvement=-39
n=55000, coeff=12.0, trial=8, GT MIS=27500, Greedy MIS=26886, |S|=54966, Oracle MIS=26662, Improvement=-224
n=55000, coeff=12.0, trial=8, GT MIS=27500, Greedy MIS=26886, |S|=54158, Oracle MIS=27397, Improvement=511
n=55000, coeff=12.0, trial=8, GT MIS=27500, Greedy MIS=26886, |S|=49240, Oracle MIS=27500, Improvement=614
n=55000, coeff=12.0, trial=8, GT MIS=27500, Greedy MIS=26886, |S|=38586, Oracle MIS=27500, Improvement=614
n=55000, coeff=12.0, trial=8, GT MIS=27500, Greedy MIS=26886, |S|=30380, Oracle MIS=27500, Improvement=614
n=55000, coeff=12.0, trial=8, GT MIS=27500, Greedy MIS=26886, |S|=27842, Oracle MIS=27500, Improvement=614
n=55000, coeff=12.0, trial=8, GT MIS=27500, Greedy MIS=26886, |S|=27513, Oracle MIS=27500, Improvement=614
n=55000, coeff=12.0, trial=9, GT MIS=27500, Greedy MIS=26616, |S|=55000, Oracle MIS=26616, Improvement=0
n=55000, coeff=12.0, trial=9, GT MIS=27500, Greedy MIS=26616, |S|=55000, Oracle MIS=26616, Improvement=0
n=55000, coeff=12.0, trial=9, GT MIS=27500, Greedy MIS=26616, |S|=55000, Oracle MIS=26616, Improvement=0
n=55000, coeff=12.0, trial=9, GT MIS=27500, Greedy MIS=26616, |S|=54950, Oracle MIS=26616, Improvement=0
n=55000, coeff=12.0, trial=9, GT MIS=27500, Greedy MIS=26616, |S|=54147, Oracle MIS=27352, Improvement=736
n=55000, coeff=12.0, trial=9, GT MIS=27500, Greedy MIS=26616, |S|=49198, Oracle MIS=27500, Improvement=884
n=55000, coeff=12.0, trial=9, GT MIS=27500, Greedy MIS=26616, |S|=38325, Oracle MIS=27500, Improvement=884
n=55000, coeff=12.0, trial=9, GT MIS=27500, Greedy MIS=26616, |S|=30215, Oracle MIS=27500, Improvement=884
n=55000, coeff=12.0, trial=9, GT MIS=27500, Greedy MIS=26616, |S|=27802, Oracle MIS=27499, Improvement=883
n=55000, coeff=12.0, trial=9, GT MIS=27500, Greedy MIS=26616, |S|=27521, Oracle MIS=27499, Improvement=883
Results saved to bipartite_experiment_results_epislons_55000.csv
