Running job on gpu-4-15
Requested resources:
  - CPUs: 18
  - GPUs: 
  - Memory: 18000
n=70000, coeff=14.0, trial=0, GT MIS=35000, Greedy MIS=34246, |S|=70000, Oracle MIS=34246, Improvement=0
n=70000, coeff=14.0, trial=0, GT MIS=35000, Greedy MIS=34246, |S|=70000, Oracle MIS=34246, Improvement=0
n=70000, coeff=14.0, trial=0, GT MIS=35000, Greedy MIS=34246, |S|=69999, Oracle MIS=34246, Improvement=0
n=70000, coeff=14.0, trial=0, GT MIS=35000, Greedy MIS=34246, |S|=69891, Oracle MIS=34246, Improvement=0
n=70000, coeff=14.0, trial=0, GT MIS=35000, Greedy MIS=34246, |S|=67882, Oracle MIS=35000, Improvement=754
n=70000, coeff=14.0, trial=0, GT MIS=35000, Greedy MIS=34246, |S|=57976, Oracle MIS=35000, Improvement=754
n=70000, coeff=14.0, trial=0, GT MIS=35000, Greedy MIS=34246, |S|=43290, Oracle MIS=35000, Improvement=754
n=70000, coeff=14.0, trial=0, GT MIS=35000, Greedy MIS=34246, |S|=36264, Oracle MIS=35000, Improvement=754
n=70000, coeff=14.0, trial=0, GT MIS=35000, Greedy MIS=34246, |S|=35061, Oracle MIS=35000, Improvement=754
n=70000, coeff=14.0, trial=0, GT MIS=35000, Greedy MIS=34246, |S|=35000, Oracle MIS=34999, Improvement=753
n=70000, coeff=14.0, trial=1, GT MIS=35000, Greedy MIS=34581, |S|=70000, Oracle MIS=34581, Improvement=0
n=70000, coeff=14.0, trial=1, GT MIS=35000, Greedy MIS=34581, |S|=70000, Oracle MIS=34581, Improvement=0
n=70000, coeff=14.0, trial=1, GT MIS=35000, Greedy MIS=34581, |S|=69999, Oracle MIS=34580, Improvement=-1
n=70000, coeff=14.0, trial=1, GT MIS=35000, Greedy MIS=34581, |S|=69921, Oracle MIS=34166, Improvement=-415
n=70000, coeff=14.0, trial=1, GT MIS=35000, Greedy MIS=34581, |S|=68214, Oracle MIS=34956, Improvement=375
n=70000, coeff=14.0, trial=1, GT MIS=35000, Greedy MIS=34581, |S|=58454, Oracle MIS=35000, Improvement=419
n=70000, coeff=14.0, trial=1, GT MIS=35000, Greedy MIS=34581, |S|=43637, Oracle MIS=35000, Improvement=419
n=70000, coeff=14.0, trial=1, GT MIS=35000, Greedy MIS=34581, |S|=36312, Oracle MIS=35000, Improvement=419
n=70000, coeff=14.0, trial=1, GT MIS=35000, Greedy MIS=34581, |S|=35093, Oracle MIS=35000, Improvement=419
n=70000, coeff=14.0, trial=1, GT MIS=35000, Greedy MIS=34581, |S|=35001, Oracle MIS=34999, Improvement=418
n=70000, coeff=14.0, trial=2, GT MIS=35000, Greedy MIS=34143, |S|=70000, Oracle MIS=34143, Improvement=0
n=70000, coeff=14.0, trial=2, GT MIS=35000, Greedy MIS=34143, |S|=70000, Oracle MIS=34143, Improvement=0
n=70000, coeff=14.0, trial=2, GT MIS=35000, Greedy MIS=34143, |S|=70000, Oracle MIS=34143, Improvement=0
n=70000, coeff=14.0, trial=2, GT MIS=35000, Greedy MIS=34143, |S|=69939, Oracle MIS=34143, Improvement=0
n=70000, coeff=14.0, trial=2, GT MIS=35000, Greedy MIS=34143, |S|=68166, Oracle MIS=35000, Improvement=857
n=70000, coeff=14.0, trial=2, GT MIS=35000, Greedy MIS=34143, |S|=58537, Oracle MIS=35000, Improvement=857
n=70000, coeff=14.0, trial=2, GT MIS=35000, Greedy MIS=34143, |S|=43770, Oracle MIS=35000, Improvement=857
n=70000, coeff=14.0, trial=2, GT MIS=35000, Greedy MIS=34143, |S|=36243, Oracle MIS=35000, Improvement=857
n=70000, coeff=14.0, trial=2, GT MIS=35000, Greedy MIS=34143, |S|=35075, Oracle MIS=35000, Improvement=857
n=70000, coeff=14.0, trial=2, GT MIS=35000, Greedy MIS=34143, |S|=35002, Oracle MIS=35000, Improvement=857
n=70000, coeff=14.0, trial=3, GT MIS=35000, Greedy MIS=34546, |S|=70000, Oracle MIS=34546, Improvement=0
n=70000, coeff=14.0, trial=3, GT MIS=35000, Greedy MIS=34546, |S|=70000, Oracle MIS=34546, Improvement=0
n=70000, coeff=14.0, trial=3, GT MIS=35000, Greedy MIS=34546, |S|=69999, Oracle MIS=34545, Improvement=-1
n=70000, coeff=14.0, trial=3, GT MIS=35000, Greedy MIS=34546, |S|=69928, Oracle MIS=34474, Improvement=-72
n=70000, coeff=14.0, trial=3, GT MIS=35000, Greedy MIS=34546, |S|=68248, Oracle MIS=34729, Improvement=183
n=70000, coeff=14.0, trial=3, GT MIS=35000, Greedy MIS=34546, |S|=59059, Oracle MIS=35000, Improvement=454
n=70000, coeff=14.0, trial=3, GT MIS=35000, Greedy MIS=34546, |S|=44166, Oracle MIS=35000, Improvement=454
n=70000, coeff=14.0, trial=3, GT MIS=35000, Greedy MIS=34546, |S|=36415, Oracle MIS=35000, Improvement=454
n=70000, coeff=14.0, trial=3, GT MIS=35000, Greedy MIS=34546, |S|=35101, Oracle MIS=35000, Improvement=454
n=70000, coeff=14.0, trial=3, GT MIS=35000, Greedy MIS=34546, |S|=35002, Oracle MIS=35000, Improvement=454
n=70000, coeff=14.0, trial=4, GT MIS=35000, Greedy MIS=34625, |S|=70000, Oracle MIS=34625, Improvement=0
n=70000, coeff=14.0, trial=4, GT MIS=35000, Greedy MIS=34625, |S|=70000, Oracle MIS=34625, Improvement=0
n=70000, coeff=14.0, trial=4, GT MIS=35000, Greedy MIS=34625, |S|=69999, Oracle MIS=34625, Improvement=0
n=70000, coeff=14.0, trial=4, GT MIS=35000, Greedy MIS=34625, |S|=69919, Oracle MIS=34723, Improvement=98
n=70000, coeff=14.0, trial=4, GT MIS=35000, Greedy MIS=34625, |S|=68376, Oracle MIS=34913, Improvement=288
n=70000, coeff=14.0, trial=4, GT MIS=35000, Greedy MIS=34625, |S|=59111, Oracle MIS=35000, Improvement=375
n=70000, coeff=14.0, trial=4, GT MIS=35000, Greedy MIS=34625, |S|=44384, Oracle MIS=35000, Improvement=375
n=70000, coeff=14.0, trial=4, GT MIS=35000, Greedy MIS=34625, |S|=36457, Oracle MIS=35000, Improvement=375
n=70000, coeff=14.0, trial=4, GT MIS=35000, Greedy MIS=34625, |S|=35086, Oracle MIS=35000, Improvement=375
n=70000, coeff=14.0, trial=4, GT MIS=35000, Greedy MIS=34625, |S|=35002, Oracle MIS=35000, Improvement=375
n=70000, coeff=14.0, trial=5, GT MIS=35000, Greedy MIS=34389, |S|=70000, Oracle MIS=34389, Improvement=0
n=70000, coeff=14.0, trial=5, GT MIS=35000, Greedy MIS=34389, |S|=70000, Oracle MIS=34389, Improvement=0
n=70000, coeff=14.0, trial=5, GT MIS=35000, Greedy MIS=34389, |S|=69999, Oracle MIS=34388, Improvement=-1
n=70000, coeff=14.0, trial=5, GT MIS=35000, Greedy MIS=34389, |S|=69922, Oracle MIS=34572, Improvement=183
n=70000, coeff=14.0, trial=5, GT MIS=35000, Greedy MIS=34389, |S|=68462, Oracle MIS=35000, Improvement=611
n=70000, coeff=14.0, trial=5, GT MIS=35000, Greedy MIS=34389, |S|=59674, Oracle MIS=35000, Improvement=611
n=70000, coeff=14.0, trial=5, GT MIS=35000, Greedy MIS=34389, |S|=44742, Oracle MIS=35000, Improvement=611
n=70000, coeff=14.0, trial=5, GT MIS=35000, Greedy MIS=34389, |S|=36487, Oracle MIS=35000, Improvement=611
n=70000, coeff=14.0, trial=5, GT MIS=35000, Greedy MIS=34389, |S|=35089, Oracle MIS=35000, Improvement=611
n=70000, coeff=14.0, trial=5, GT MIS=35000, Greedy MIS=34389, |S|=35004, Oracle MIS=35000, Improvement=611
n=70000, coeff=14.0, trial=6, GT MIS=35000, Greedy MIS=34597, |S|=70000, Oracle MIS=34597, Improvement=0
n=70000, coeff=14.0, trial=6, GT MIS=35000, Greedy MIS=34597, |S|=70000, Oracle MIS=34597, Improvement=0
n=70000, coeff=14.0, trial=6, GT MIS=35000, Greedy MIS=34597, |S|=70000, Oracle MIS=34597, Improvement=0
n=70000, coeff=14.0, trial=6, GT MIS=35000, Greedy MIS=34597, |S|=69932, Oracle MIS=34436, Improvement=-161
n=70000, coeff=14.0, trial=6, GT MIS=35000, Greedy MIS=34597, |S|=68281, Oracle MIS=34910, Improvement=313
n=70000, coeff=14.0, trial=6, GT MIS=35000, Greedy MIS=34597, |S|=59131, Oracle MIS=35000, Improvement=403
n=70000, coeff=14.0, trial=6, GT MIS=35000, Greedy MIS=34597, |S|=44228, Oracle MIS=35000, Improvement=403
n=70000, coeff=14.0, trial=6, GT MIS=35000, Greedy MIS=34597, |S|=36518, Oracle MIS=35000, Improvement=403
n=70000, coeff=14.0, trial=6, GT MIS=35000, Greedy MIS=34597, |S|=35070, Oracle MIS=35000, Improvement=403
n=70000, coeff=14.0, trial=6, GT MIS=35000, Greedy MIS=34597, |S|=35000, Oracle MIS=35000, Improvement=403
n=70000, coeff=14.0, trial=7, GT MIS=35000, Greedy MIS=33966, |S|=70000, Oracle MIS=33966, Improvement=0
n=70000, coeff=14.0, trial=7, GT MIS=35000, Greedy MIS=33966, |S|=70000, Oracle MIS=33966, Improvement=0
n=70000, coeff=14.0, trial=7, GT MIS=35000, Greedy MIS=33966, |S|=70000, Oracle MIS=33966, Improvement=0
n=70000, coeff=14.0, trial=7, GT MIS=35000, Greedy MIS=33966, |S|=69926, Oracle MIS=34730, Improvement=764
n=70000, coeff=14.0, trial=7, GT MIS=35000, Greedy MIS=33966, |S|=68245, Oracle MIS=34963, Improvement=997
n=70000, coeff=14.0, trial=7, GT MIS=35000, Greedy MIS=33966, |S|=58782, Oracle MIS=35000, Improvement=1034
n=70000, coeff=14.0, trial=7, GT MIS=35000, Greedy MIS=33966, |S|=44095, Oracle MIS=35000, Improvement=1034
n=70000, coeff=14.0, trial=7, GT MIS=35000, Greedy MIS=33966, |S|=36527, Oracle MIS=35000, Improvement=1034
n=70000, coeff=14.0, trial=7, GT MIS=35000, Greedy MIS=33966, |S|=35102, Oracle MIS=35000, Improvement=1034
n=70000, coeff=14.0, trial=7, GT MIS=35000, Greedy MIS=33966, |S|=35001, Oracle MIS=35000, Improvement=1034
n=70000, coeff=14.0, trial=8, GT MIS=35000, Greedy MIS=33970, |S|=70000, Oracle MIS=33970, Improvement=0
n=70000, coeff=14.0, trial=8, GT MIS=35000, Greedy MIS=33970, |S|=70000, Oracle MIS=33970, Improvement=0
n=70000, coeff=14.0, trial=8, GT MIS=35000, Greedy MIS=33970, |S|=70000, Oracle MIS=33970, Improvement=0
n=70000, coeff=14.0, trial=8, GT MIS=35000, Greedy MIS=33970, |S|=69959, Oracle MIS=33970, Improvement=0
n=70000, coeff=14.0, trial=8, GT MIS=35000, Greedy MIS=33970, |S|=68665, Oracle MIS=34871, Improvement=901
n=70000, coeff=14.0, trial=8, GT MIS=35000, Greedy MIS=33970, |S|=60155, Oracle MIS=35000, Improvement=1030
n=70000, coeff=14.0, trial=8, GT MIS=35000, Greedy MIS=33970, |S|=45061, Oracle MIS=35000, Improvement=1030
n=70000, coeff=14.0, trial=8, GT MIS=35000, Greedy MIS=33970, |S|=36652, Oracle MIS=35000, Improvement=1030
n=70000, coeff=14.0, trial=8, GT MIS=35000, Greedy MIS=33970, |S|=35094, Oracle MIS=35000, Improvement=1030
n=70000, coeff=14.0, trial=8, GT MIS=35000, Greedy MIS=33970, |S|=35003, Oracle MIS=35000, Improvement=1030
n=70000, coeff=14.0, trial=9, GT MIS=35000, Greedy MIS=34169, |S|=70000, Oracle MIS=34169, Improvement=0
n=70000, coeff=14.0, trial=9, GT MIS=35000, Greedy MIS=34169, |S|=70000, Oracle MIS=34169, Improvement=0
n=70000, coeff=14.0, trial=9, GT MIS=35000, Greedy MIS=34169, |S|=70000, Oracle MIS=34169, Improvement=0
n=70000, coeff=14.0, trial=9, GT MIS=35000, Greedy MIS=34169, |S|=69925, Oracle MIS=34095, Improvement=-74
n=70000, coeff=14.0, trial=9, GT MIS=35000, Greedy MIS=34169, |S|=68323, Oracle MIS=34823, Improvement=654
n=70000, coeff=14.0, trial=9, GT MIS=35000, Greedy MIS=34169, |S|=59362, Oracle MIS=35000, Improvement=831
n=70000, coeff=14.0, trial=9, GT MIS=35000, Greedy MIS=34169, |S|=44573, Oracle MIS=35000, Improvement=831
n=70000, coeff=14.0, trial=9, GT MIS=35000, Greedy MIS=34169, |S|=36572, Oracle MIS=35000, Improvement=831
n=70000, coeff=14.0, trial=9, GT MIS=35000, Greedy MIS=34169, |S|=35092, Oracle MIS=35000, Improvement=831
n=70000, coeff=14.0, trial=9, GT MIS=35000, Greedy MIS=34169, |S|=34998, Oracle MIS=34997, Improvement=828
Results saved to bipartite_experiment_results_epislons_70000.csv
