Running job on compute-3-04
Requested resources:
  - CPUs: 12
  - GPUs: 
  - Memory: 18000
Skipping n=70000, coeff=4.0, trial=0, epsilon=0.025 as entry already exists.
Skipping n=70000, coeff=4.0, trial=0, epsilon=0.05 as entry already exists.
Skipping n=70000, coeff=4.0, trial=0, epsilon=0.075 as entry already exists.
Skipping n=70000, coeff=4.0, trial=0, epsilon=0.1 as entry already exists.
Skipping n=70000, coeff=4.0, trial=0, epsilon=0.125 as entry already exists.
Skipping n=70000, coeff=4.0, trial=0, epsilon=0.15 as entry already exists.
Skipping n=70000, coeff=4.0, trial=0, epsilon=0.175 as entry already exists.
Skipping n=70000, coeff=4.0, trial=0, epsilon=0.2 as entry already exists.
Skipping n=70000, coeff=4.0, trial=0, epsilon=0.225 as entry already exists.
Skipping n=70000, coeff=4.0, trial=0, epsilon=0.25 as entry already exists.
Skipping n=70000, coeff=4.0, trial=1, epsilon=0.025 as entry already exists.
Skipping n=70000, coeff=4.0, trial=1, epsilon=0.05 as entry already exists.
Skipping n=70000, coeff=4.0, trial=1, epsilon=0.075 as entry already exists.
Skipping n=70000, coeff=4.0, trial=1, epsilon=0.1 as entry already exists.
Skipping n=70000, coeff=4.0, trial=1, epsilon=0.125 as entry already exists.
Skipping n=70000, coeff=4.0, trial=1, epsilon=0.15 as entry already exists.
Skipping n=70000, coeff=4.0, trial=1, epsilon=0.175 as entry already exists.
Skipping n=70000, coeff=4.0, trial=1, epsilon=0.2 as entry already exists.
Skipping n=70000, coeff=4.0, trial=1, epsilon=0.225 as entry already exists.
Skipping n=70000, coeff=4.0, trial=1, epsilon=0.25 as entry already exists.
Skipping n=70000, coeff=4.0, trial=2, epsilon=0.025 as entry already exists.
Skipping n=70000, coeff=4.0, trial=2, epsilon=0.05 as entry already exists.
Skipping n=70000, coeff=4.0, trial=2, epsilon=0.075 as entry already exists.
Skipping n=70000, coeff=4.0, trial=2, epsilon=0.1 as entry already exists.
Skipping n=70000, coeff=4.0, trial=2, epsilon=0.125 as entry already exists.
Skipping n=70000, coeff=4.0, trial=2, epsilon=0.15 as entry already exists.
Skipping n=70000, coeff=4.0, trial=2, epsilon=0.175 as entry already exists.
Skipping n=70000, coeff=4.0, trial=2, epsilon=0.2 as entry already exists.
Skipping n=70000, coeff=4.0, trial=2, epsilon=0.225 as entry already exists.
Skipping n=70000, coeff=4.0, trial=2, epsilon=0.25 as entry already exists.
Skipping n=70000, coeff=4.0, trial=3, epsilon=0.025 as entry already exists.
Skipping n=70000, coeff=4.0, trial=3, epsilon=0.05 as entry already exists.
Skipping n=70000, coeff=4.0, trial=3, epsilon=0.075 as entry already exists.
Skipping n=70000, coeff=4.0, trial=3, epsilon=0.1 as entry already exists.
Skipping n=70000, coeff=4.0, trial=3, epsilon=0.125 as entry already exists.
Skipping n=70000, coeff=4.0, trial=3, epsilon=0.15 as entry already exists.
Skipping n=70000, coeff=4.0, trial=3, epsilon=0.175 as entry already exists.
Skipping n=70000, coeff=4.0, trial=3, epsilon=0.2 as entry already exists.
Skipping n=70000, coeff=4.0, trial=3, epsilon=0.225 as entry already exists.
Skipping n=70000, coeff=4.0, trial=3, epsilon=0.25 as entry already exists.
Skipping n=70000, coeff=4.0, trial=4, epsilon=0.025 as entry already exists.
Skipping n=70000, coeff=4.0, trial=4, epsilon=0.05 as entry already exists.
Skipping n=70000, coeff=4.0, trial=4, epsilon=0.075 as entry already exists.
Skipping n=70000, coeff=4.0, trial=4, epsilon=0.1 as entry already exists.
Skipping n=70000, coeff=4.0, trial=4, epsilon=0.125 as entry already exists.
Skipping n=70000, coeff=4.0, trial=4, epsilon=0.15 as entry already exists.
Skipping n=70000, coeff=4.0, trial=4, epsilon=0.175 as entry already exists.
Skipping n=70000, coeff=4.0, trial=4, epsilon=0.2 as entry already exists.
Skipping n=70000, coeff=4.0, trial=4, epsilon=0.225 as entry already exists.
Skipping n=70000, coeff=4.0, trial=4, epsilon=0.25 as entry already exists.
Skipping n=70000, coeff=4.0, trial=5, epsilon=0.025 as entry already exists.
Skipping n=70000, coeff=4.0, trial=5, epsilon=0.05 as entry already exists.
Skipping n=70000, coeff=4.0, trial=5, epsilon=0.075 as entry already exists.
Skipping n=70000, coeff=4.0, trial=5, epsilon=0.1 as entry already exists.
Skipping n=70000, coeff=4.0, trial=5, epsilon=0.125 as entry already exists.
Skipping n=70000, coeff=4.0, trial=5, epsilon=0.15 as entry already exists.
Skipping n=70000, coeff=4.0, trial=5, epsilon=0.175 as entry already exists.
Skipping n=70000, coeff=4.0, trial=5, epsilon=0.2 as entry already exists.
Skipping n=70000, coeff=4.0, trial=5, epsilon=0.225 as entry already exists.
Skipping n=70000, coeff=4.0, trial=5, epsilon=0.25 as entry already exists.
Skipping n=70000, coeff=4.0, trial=6, epsilon=0.025 as entry already exists.
Skipping n=70000, coeff=4.0, trial=6, epsilon=0.05 as entry already exists.
Skipping n=70000, coeff=4.0, trial=6, epsilon=0.075 as entry already exists.
Skipping n=70000, coeff=4.0, trial=6, epsilon=0.1 as entry already exists.
Skipping n=70000, coeff=4.0, trial=6, epsilon=0.125 as entry already exists.
Skipping n=70000, coeff=4.0, trial=6, epsilon=0.15 as entry already exists.
Skipping n=70000, coeff=4.0, trial=6, epsilon=0.175 as entry already exists.
Skipping n=70000, coeff=4.0, trial=6, epsilon=0.2 as entry already exists.
Skipping n=70000, coeff=4.0, trial=6, epsilon=0.225 as entry already exists.
Skipping n=70000, coeff=4.0, trial=6, epsilon=0.25 as entry already exists.
Skipping n=70000, coeff=4.0, trial=7, epsilon=0.025 as entry already exists.
Skipping n=70000, coeff=4.0, trial=7, epsilon=0.05 as entry already exists.
Skipping n=70000, coeff=4.0, trial=7, epsilon=0.075 as entry already exists.
Skipping n=70000, coeff=4.0, trial=7, epsilon=0.1 as entry already exists.
Skipping n=70000, coeff=4.0, trial=7, epsilon=0.125 as entry already exists.
Skipping n=70000, coeff=4.0, trial=7, epsilon=0.15 as entry already exists.
Skipping n=70000, coeff=4.0, trial=7, epsilon=0.175 as entry already exists.
Skipping n=70000, coeff=4.0, trial=7, epsilon=0.2 as entry already exists.
n=70000, coeff=4.0, trial=7, GT MIS=35000, Greedy MIS=33107, |S|=49032, Oracle MIS=34997, Improvement=1890
n=70000, coeff=4.0, trial=7, GT MIS=35000, Greedy MIS=33107, |S|=41611, Oracle MIS=34993, Improvement=1886
n=70000, coeff=4.0, trial=8, GT MIS=35000, Greedy MIS=33195, |S|=70000, Oracle MIS=33195, Improvement=0
n=70000, coeff=4.0, trial=8, GT MIS=35000, Greedy MIS=33195, |S|=70000, Oracle MIS=33195, Improvement=0
n=70000, coeff=4.0, trial=8, GT MIS=35000, Greedy MIS=33195, |S|=70000, Oracle MIS=33195, Improvement=0
n=70000, coeff=4.0, trial=8, GT MIS=35000, Greedy MIS=33195, |S|=69985, Oracle MIS=32804, Improvement=-391
n=70000, coeff=4.0, trial=8, GT MIS=35000, Greedy MIS=33195, |S|=69806, Oracle MIS=33239, Improvement=44
n=70000, coeff=4.0, trial=8, GT MIS=35000, Greedy MIS=33195, |S|=68899, Oracle MIS=33328, Improvement=133
n=70000, coeff=4.0, trial=8, GT MIS=35000, Greedy MIS=33195, |S|=65132, Oracle MIS=34874, Improvement=1679
n=70000, coeff=4.0, trial=8, GT MIS=35000, Greedy MIS=33195, |S|=58195, Oracle MIS=35000, Improvement=1805
n=70000, coeff=4.0, trial=8, GT MIS=35000, Greedy MIS=33195, |S|=49273, Oracle MIS=34999, Improvement=1804
n=70000, coeff=4.0, trial=8, GT MIS=35000, Greedy MIS=33195, |S|=41895, Oracle MIS=34996, Improvement=1801
n=70000, coeff=4.0, trial=9, GT MIS=35000, Greedy MIS=34582, |S|=70000, Oracle MIS=34582, Improvement=0
n=70000, coeff=4.0, trial=9, GT MIS=35000, Greedy MIS=34582, |S|=70000, Oracle MIS=34582, Improvement=0
n=70000, coeff=4.0, trial=9, GT MIS=35000, Greedy MIS=34582, |S|=70000, Oracle MIS=34582, Improvement=0
n=70000, coeff=4.0, trial=9, GT MIS=35000, Greedy MIS=34582, |S|=69981, Oracle MIS=34556, Improvement=-26
n=70000, coeff=4.0, trial=9, GT MIS=35000, Greedy MIS=34582, |S|=69782, Oracle MIS=34274, Improvement=-308
n=70000, coeff=4.0, trial=9, GT MIS=35000, Greedy MIS=34582, |S|=68822, Oracle MIS=32845, Improvement=-1737
n=70000, coeff=4.0, trial=9, GT MIS=35000, Greedy MIS=34582, |S|=64987, Oracle MIS=34866, Improvement=284
n=70000, coeff=4.0, trial=9, GT MIS=35000, Greedy MIS=34582, |S|=57895, Oracle MIS=35000, Improvement=418
n=70000, coeff=4.0, trial=9, GT MIS=35000, Greedy MIS=34582, |S|=49028, Oracle MIS=34999, Improvement=417
n=70000, coeff=4.0, trial=9, GT MIS=35000, Greedy MIS=34582, |S|=41462, Oracle MIS=34996, Improvement=414
Results saved to bipartite_experiment_results_epislons_70000.csv
