Running job on compute-3-04
Requested resources:
  - CPUs: 32
  - GPUs: 
  - Memory: 24000
n=25000, coeff=5, trial=0, GT MIS=12500, Greedy MIS=12049, |S|=25000, Oracle MIS=12049, Improvement=0
n=25000, coeff=5, trial=0, GT MIS=12500, Greedy MIS=12049, |S|=25000, Oracle MIS=12049, Improvement=0
n=25000, coeff=5, trial=0, GT MIS=12500, Greedy MIS=12049, |S|=25000, Oracle MIS=12049, Improvement=0
n=25000, coeff=5, trial=0, GT MIS=12500, Greedy MIS=12049, |S|=24994, Oracle MIS=12049, Improvement=0
n=25000, coeff=5, trial=0, GT MIS=12500, Greedy MIS=12049, |S|=24921, Oracle MIS=12049, Improvement=0
n=25000, coeff=5, trial=0, GT MIS=12500, Greedy MIS=12049, |S|=24491, Oracle MIS=12049, Improvement=0
n=25000, coeff=5, trial=0, GT MIS=12500, Greedy MIS=12049, |S|=22944, Oracle MIS=12485, Improvement=436
n=25000, coeff=5, trial=0, GT MIS=12500, Greedy MIS=12049, |S|=20052, Oracle MIS=12500, Improvement=451
n=25000, coeff=5, trial=0, GT MIS=12500, Greedy MIS=12049, |S|=16786, Oracle MIS=12500, Improvement=451
n=25000, coeff=5, trial=0, GT MIS=12500, Greedy MIS=12049, |S|=14327, Oracle MIS=12500, Improvement=451
n=25000, coeff=5, trial=1, GT MIS=12500, Greedy MIS=12343, |S|=25000, Oracle MIS=12343, Improvement=0
n=25000, coeff=5, trial=1, GT MIS=12500, Greedy MIS=12343, |S|=25000, Oracle MIS=12343, Improvement=0
n=25000, coeff=5, trial=1, GT MIS=12500, Greedy MIS=12343, |S|=25000, Oracle MIS=12343, Improvement=0
n=25000, coeff=5, trial=1, GT MIS=12500, Greedy MIS=12343, |S|=24993, Oracle MIS=12336, Improvement=-7
n=25000, coeff=5, trial=1, GT MIS=12500, Greedy MIS=12343, |S|=24917, Oracle MIS=12210, Improvement=-133
n=25000, coeff=5, trial=1, GT MIS=12500, Greedy MIS=12343, |S|=24452, Oracle MIS=11466, Improvement=-877
n=25000, coeff=5, trial=1, GT MIS=12500, Greedy MIS=12343, |S|=22950, Oracle MIS=12486, Improvement=143
n=25000, coeff=5, trial=1, GT MIS=12500, Greedy MIS=12343, |S|=19926, Oracle MIS=12500, Improvement=157
n=25000, coeff=5, trial=1, GT MIS=12500, Greedy MIS=12343, |S|=16473, Oracle MIS=12498, Improvement=155
n=25000, coeff=5, trial=1, GT MIS=12500, Greedy MIS=12343, |S|=14214, Oracle MIS=12497, Improvement=154
n=25000, coeff=5, trial=2, GT MIS=12500, Greedy MIS=12413, |S|=25000, Oracle MIS=12413, Improvement=0
n=25000, coeff=5, trial=2, GT MIS=12500, Greedy MIS=12413, |S|=25000, Oracle MIS=12413, Improvement=0
n=25000, coeff=5, trial=2, GT MIS=12500, Greedy MIS=12413, |S|=24999, Oracle MIS=12412, Improvement=-1
n=25000, coeff=5, trial=2, GT MIS=12500, Greedy MIS=12413, |S|=24995, Oracle MIS=12408, Improvement=-5
n=25000, coeff=5, trial=2, GT MIS=12500, Greedy MIS=12413, |S|=24917, Oracle MIS=12290, Improvement=-123
n=25000, coeff=5, trial=2, GT MIS=12500, Greedy MIS=12413, |S|=24476, Oracle MIS=11468, Improvement=-945
n=25000, coeff=5, trial=2, GT MIS=12500, Greedy MIS=12413, |S|=22852, Oracle MIS=12469, Improvement=56
n=25000, coeff=5, trial=2, GT MIS=12500, Greedy MIS=12413, |S|=19916, Oracle MIS=12500, Improvement=87
n=25000, coeff=5, trial=2, GT MIS=12500, Greedy MIS=12413, |S|=16450, Oracle MIS=12498, Improvement=85
n=25000, coeff=5, trial=2, GT MIS=12500, Greedy MIS=12413, |S|=14213, Oracle MIS=12496, Improvement=83
n=25000, coeff=5, trial=3, GT MIS=12500, Greedy MIS=11768, |S|=25000, Oracle MIS=11768, Improvement=0
n=25000, coeff=5, trial=3, GT MIS=12500, Greedy MIS=11768, |S|=25000, Oracle MIS=11768, Improvement=0
n=25000, coeff=5, trial=3, GT MIS=12500, Greedy MIS=11768, |S|=25000, Oracle MIS=11768, Improvement=0
n=25000, coeff=5, trial=3, GT MIS=12500, Greedy MIS=11768, |S|=24997, Oracle MIS=11766, Improvement=-2
n=25000, coeff=5, trial=3, GT MIS=12500, Greedy MIS=11768, |S|=24929, Oracle MIS=11751, Improvement=-17
n=25000, coeff=5, trial=3, GT MIS=12500, Greedy MIS=11768, |S|=24518, Oracle MIS=11792, Improvement=24
n=25000, coeff=5, trial=3, GT MIS=12500, Greedy MIS=11768, |S|=23048, Oracle MIS=12493, Improvement=725
n=25000, coeff=5, trial=3, GT MIS=12500, Greedy MIS=11768, |S|=20173, Oracle MIS=12498, Improvement=730
n=25000, coeff=5, trial=3, GT MIS=12500, Greedy MIS=11768, |S|=16716, Oracle MIS=12498, Improvement=730
n=25000, coeff=5, trial=3, GT MIS=12500, Greedy MIS=11768, |S|=14255, Oracle MIS=12497, Improvement=729
n=25000, coeff=5, trial=4, GT MIS=12500, Greedy MIS=12329, |S|=25000, Oracle MIS=12329, Improvement=0
n=25000, coeff=5, trial=4, GT MIS=12500, Greedy MIS=12329, |S|=25000, Oracle MIS=12329, Improvement=0
n=25000, coeff=5, trial=4, GT MIS=12500, Greedy MIS=12329, |S|=25000, Oracle MIS=12329, Improvement=0
n=25000, coeff=5, trial=4, GT MIS=12500, Greedy MIS=12329, |S|=24995, Oracle MIS=12325, Improvement=-4
n=25000, coeff=5, trial=4, GT MIS=12500, Greedy MIS=12329, |S|=24904, Oracle MIS=12178, Improvement=-151
n=25000, coeff=5, trial=4, GT MIS=12500, Greedy MIS=12329, |S|=24380, Oracle MIS=12265, Improvement=-64
n=25000, coeff=5, trial=4, GT MIS=12500, Greedy MIS=12329, |S|=22746, Oracle MIS=12476, Improvement=147
n=25000, coeff=5, trial=4, GT MIS=12500, Greedy MIS=12329, |S|=19818, Oracle MIS=12499, Improvement=170
n=25000, coeff=5, trial=4, GT MIS=12500, Greedy MIS=12329, |S|=16409, Oracle MIS=12499, Improvement=170
n=25000, coeff=5, trial=4, GT MIS=12500, Greedy MIS=12329, |S|=14097, Oracle MIS=12499, Improvement=170
n=25000, coeff=6, trial=0, GT MIS=12500, Greedy MIS=12203, |S|=25000, Oracle MIS=12203, Improvement=0
n=25000, coeff=6, trial=0, GT MIS=12500, Greedy MIS=12203, |S|=25000, Oracle MIS=12203, Improvement=0
n=25000, coeff=6, trial=0, GT MIS=12500, Greedy MIS=12203, |S|=25000, Oracle MIS=12203, Improvement=0
n=25000, coeff=6, trial=0, GT MIS=12500, Greedy MIS=12203, |S|=24995, Oracle MIS=12198, Improvement=-5
n=25000, coeff=6, trial=0, GT MIS=12500, Greedy MIS=12203, |S|=24909, Oracle MIS=12013, Improvement=-190
n=25000, coeff=6, trial=0, GT MIS=12500, Greedy MIS=12203, |S|=24338, Oracle MIS=12388, Improvement=185
n=25000, coeff=6, trial=0, GT MIS=12500, Greedy MIS=12203, |S|=22357, Oracle MIS=12500, Improvement=297
n=25000, coeff=6, trial=0, GT MIS=12500, Greedy MIS=12203, |S|=19023, Oracle MIS=12500, Improvement=297
n=25000, coeff=6, trial=0, GT MIS=12500, Greedy MIS=12203, |S|=15641, Oracle MIS=12499, Improvement=296
n=25000, coeff=6, trial=0, GT MIS=12500, Greedy MIS=12203, |S|=13464, Oracle MIS=12497, Improvement=294
n=25000, coeff=6, trial=1, GT MIS=12500, Greedy MIS=11934, |S|=25000, Oracle MIS=11934, Improvement=0
n=25000, coeff=6, trial=1, GT MIS=12500, Greedy MIS=11934, |S|=25000, Oracle MIS=11934, Improvement=0
n=25000, coeff=6, trial=1, GT MIS=12500, Greedy MIS=11934, |S|=24999, Oracle MIS=11933, Improvement=-1
n=25000, coeff=6, trial=1, GT MIS=12500, Greedy MIS=11934, |S|=24991, Oracle MIS=11897, Improvement=-37
n=25000, coeff=6, trial=1, GT MIS=12500, Greedy MIS=11934, |S|=24910, Oracle MIS=12007, Improvement=73
n=25000, coeff=6, trial=1, GT MIS=12500, Greedy MIS=11934, |S|=24329, Oracle MIS=12425, Improvement=491
n=25000, coeff=6, trial=1, GT MIS=12500, Greedy MIS=11934, |S|=22220, Oracle MIS=12500, Improvement=566
n=25000, coeff=6, trial=1, GT MIS=12500, Greedy MIS=11934, |S|=18907, Oracle MIS=12500, Improvement=566
n=25000, coeff=6, trial=1, GT MIS=12500, Greedy MIS=11934, |S|=15399, Oracle MIS=12499, Improvement=565
n=25000, coeff=6, trial=1, GT MIS=12500, Greedy MIS=11934, |S|=13396, Oracle MIS=12499, Improvement=565
n=25000, coeff=6, trial=2, GT MIS=12500, Greedy MIS=12133, |S|=25000, Oracle MIS=12133, Improvement=0
n=25000, coeff=6, trial=2, GT MIS=12500, Greedy MIS=12133, |S|=25000, Oracle MIS=12133, Improvement=0
n=25000, coeff=6, trial=2, GT MIS=12500, Greedy MIS=12133, |S|=24999, Oracle MIS=12132, Improvement=-1
n=25000, coeff=6, trial=2, GT MIS=12500, Greedy MIS=12133, |S|=24994, Oracle MIS=12127, Improvement=-6
n=25000, coeff=6, trial=2, GT MIS=12500, Greedy MIS=12133, |S|=24907, Oracle MIS=12073, Improvement=-60
n=25000, coeff=6, trial=2, GT MIS=12500, Greedy MIS=12133, |S|=24309, Oracle MIS=12378, Improvement=245
n=25000, coeff=6, trial=2, GT MIS=12500, Greedy MIS=12133, |S|=22232, Oracle MIS=12500, Improvement=367
n=25000, coeff=6, trial=2, GT MIS=12500, Greedy MIS=12133, |S|=18848, Oracle MIS=12500, Improvement=367
n=25000, coeff=6, trial=2, GT MIS=12500, Greedy MIS=12133, |S|=15383, Oracle MIS=12498, Improvement=365
n=25000, coeff=6, trial=2, GT MIS=12500, Greedy MIS=12133, |S|=13433, Oracle MIS=12497, Improvement=364
n=25000, coeff=6, trial=3, GT MIS=12500, Greedy MIS=12150, |S|=25000, Oracle MIS=12150, Improvement=0
n=25000, coeff=6, trial=3, GT MIS=12500, Greedy MIS=12150, |S|=25000, Oracle MIS=12150, Improvement=0
n=25000, coeff=6, trial=3, GT MIS=12500, Greedy MIS=12150, |S|=25000, Oracle MIS=12150, Improvement=0
n=25000, coeff=6, trial=3, GT MIS=12500, Greedy MIS=12150, |S|=24996, Oracle MIS=12146, Improvement=-4
n=25000, coeff=6, trial=3, GT MIS=12500, Greedy MIS=12150, |S|=24928, Oracle MIS=11969, Improvement=-181
n=25000, coeff=6, trial=3, GT MIS=12500, Greedy MIS=12150, |S|=24363, Oracle MIS=12389, Improvement=239
n=25000, coeff=6, trial=3, GT MIS=12500, Greedy MIS=12150, |S|=22352, Oracle MIS=12500, Improvement=350
n=25000, coeff=6, trial=3, GT MIS=12500, Greedy MIS=12150, |S|=19147, Oracle MIS=12498, Improvement=348
n=25000, coeff=6, trial=3, GT MIS=12500, Greedy MIS=12150, |S|=15631, Oracle MIS=12498, Improvement=348
n=25000, coeff=6, trial=3, GT MIS=12500, Greedy MIS=12150, |S|=13445, Oracle MIS=12500, Improvement=350
n=25000, coeff=6, trial=4, GT MIS=12500, Greedy MIS=11815, |S|=25000, Oracle MIS=11815, Improvement=0
n=25000, coeff=6, trial=4, GT MIS=12500, Greedy MIS=11815, |S|=25000, Oracle MIS=11815, Improvement=0
n=25000, coeff=6, trial=4, GT MIS=12500, Greedy MIS=11815, |S|=25000, Oracle MIS=11815, Improvement=0
n=25000, coeff=6, trial=4, GT MIS=12500, Greedy MIS=11815, |S|=24995, Oracle MIS=11815, Improvement=0
n=25000, coeff=6, trial=4, GT MIS=12500, Greedy MIS=11815, |S|=24891, Oracle MIS=11815, Improvement=0
n=25000, coeff=6, trial=4, GT MIS=12500, Greedy MIS=11815, |S|=24189, Oracle MIS=12316, Improvement=501
n=25000, coeff=6, trial=4, GT MIS=12500, Greedy MIS=11815, |S|=22131, Oracle MIS=12500, Improvement=685
n=25000, coeff=6, trial=4, GT MIS=12500, Greedy MIS=11815, |S|=18762, Oracle MIS=12500, Improvement=685
n=25000, coeff=6, trial=4, GT MIS=12500, Greedy MIS=11815, |S|=15318, Oracle MIS=12500, Improvement=685
n=25000, coeff=6, trial=4, GT MIS=12500, Greedy MIS=11815, |S|=13356, Oracle MIS=12500, Improvement=685
n=25000, coeff=7, trial=0, GT MIS=12500, Greedy MIS=12304, |S|=25000, Oracle MIS=12304, Improvement=0
n=25000, coeff=7, trial=0, GT MIS=12500, Greedy MIS=12304, |S|=25000, Oracle MIS=12304, Improvement=0
n=25000, coeff=7, trial=0, GT MIS=12500, Greedy MIS=12304, |S|=24999, Oracle MIS=12303, Improvement=-1
n=25000, coeff=7, trial=0, GT MIS=12500, Greedy MIS=12304, |S|=24993, Oracle MIS=12297, Improvement=-7
n=25000, coeff=7, trial=0, GT MIS=12500, Greedy MIS=12304, |S|=24895, Oracle MIS=12200, Improvement=-104
n=25000, coeff=7, trial=0, GT MIS=12500, Greedy MIS=12304, |S|=24185, Oracle MIS=12408, Improvement=104
n=25000, coeff=7, trial=0, GT MIS=12500, Greedy MIS=12304, |S|=21752, Oracle MIS=12500, Improvement=196
n=25000, coeff=7, trial=0, GT MIS=12500, Greedy MIS=12304, |S|=17885, Oracle MIS=12500, Improvement=196
n=25000, coeff=7, trial=0, GT MIS=12500, Greedy MIS=12304, |S|=14668, Oracle MIS=12500, Improvement=196
n=25000, coeff=7, trial=0, GT MIS=12500, Greedy MIS=12304, |S|=13023, Oracle MIS=12500, Improvement=196
n=25000, coeff=7, trial=1, GT MIS=12500, Greedy MIS=12239, |S|=25000, Oracle MIS=12239, Improvement=0
n=25000, coeff=7, trial=1, GT MIS=12500, Greedy MIS=12239, |S|=25000, Oracle MIS=12239, Improvement=0
n=25000, coeff=7, trial=1, GT MIS=12500, Greedy MIS=12239, |S|=24999, Oracle MIS=12238, Improvement=-1
n=25000, coeff=7, trial=1, GT MIS=12500, Greedy MIS=12239, |S|=24988, Oracle MIS=12228, Improvement=-11
n=25000, coeff=7, trial=1, GT MIS=12500, Greedy MIS=12239, |S|=24879, Oracle MIS=11905, Improvement=-334
n=25000, coeff=7, trial=1, GT MIS=12500, Greedy MIS=12239, |S|=24176, Oracle MIS=12453, Improvement=214
n=25000, coeff=7, trial=1, GT MIS=12500, Greedy MIS=12239, |S|=21608, Oracle MIS=12500, Improvement=261
n=25000, coeff=7, trial=1, GT MIS=12500, Greedy MIS=12239, |S|=17756, Oracle MIS=12500, Improvement=261
n=25000, coeff=7, trial=1, GT MIS=12500, Greedy MIS=12239, |S|=14488, Oracle MIS=12500, Improvement=261
n=25000, coeff=7, trial=1, GT MIS=12500, Greedy MIS=12239, |S|=12978, Oracle MIS=12499, Improvement=260
n=25000, coeff=7, trial=2, GT MIS=12500, Greedy MIS=12234, |S|=25000, Oracle MIS=12234, Improvement=0
n=25000, coeff=7, trial=2, GT MIS=12500, Greedy MIS=12234, |S|=25000, Oracle MIS=12234, Improvement=0
n=25000, coeff=7, trial=2, GT MIS=12500, Greedy MIS=12234, |S|=24999, Oracle MIS=12233, Improvement=-1
n=25000, coeff=7, trial=2, GT MIS=12500, Greedy MIS=12234, |S|=24995, Oracle MIS=12229, Improvement=-5
n=25000, coeff=7, trial=2, GT MIS=12500, Greedy MIS=12234, |S|=24880, Oracle MIS=11966, Improvement=-268
n=25000, coeff=7, trial=2, GT MIS=12500, Greedy MIS=12234, |S|=24108, Oracle MIS=12384, Improvement=150
n=25000, coeff=7, trial=2, GT MIS=12500, Greedy MIS=12234, |S|=21561, Oracle MIS=12500, Improvement=266
n=25000, coeff=7, trial=2, GT MIS=12500, Greedy MIS=12234, |S|=17676, Oracle MIS=12499, Improvement=265
n=25000, coeff=7, trial=2, GT MIS=12500, Greedy MIS=12234, |S|=14513, Oracle MIS=12499, Improvement=265
n=25000, coeff=7, trial=2, GT MIS=12500, Greedy MIS=12234, |S|=12977, Oracle MIS=12498, Improvement=264
n=25000, coeff=7, trial=3, GT MIS=12500, Greedy MIS=12226, |S|=25000, Oracle MIS=12226, Improvement=0
n=25000, coeff=7, trial=3, GT MIS=12500, Greedy MIS=12226, |S|=25000, Oracle MIS=12226, Improvement=0
n=25000, coeff=7, trial=3, GT MIS=12500, Greedy MIS=12226, |S|=25000, Oracle MIS=12226, Improvement=0
n=25000, coeff=7, trial=3, GT MIS=12500, Greedy MIS=12226, |S|=24994, Oracle MIS=12204, Improvement=-22
n=25000, coeff=7, trial=3, GT MIS=12500, Greedy MIS=12226, |S|=24903, Oracle MIS=12048, Improvement=-178
n=25000, coeff=7, trial=3, GT MIS=12500, Greedy MIS=12226, |S|=24215, Oracle MIS=12412, Improvement=186
n=25000, coeff=7, trial=3, GT MIS=12500, Greedy MIS=12226, |S|=21765, Oracle MIS=12500, Improvement=274
n=25000, coeff=7, trial=3, GT MIS=12500, Greedy MIS=12226, |S|=17997, Oracle MIS=12499, Improvement=273
n=25000, coeff=7, trial=3, GT MIS=12500, Greedy MIS=12226, |S|=14681, Oracle MIS=12499, Improvement=273
n=25000, coeff=7, trial=3, GT MIS=12500, Greedy MIS=12226, |S|=13005, Oracle MIS=12500, Improvement=274
n=25000, coeff=7, trial=4, GT MIS=12500, Greedy MIS=12286, |S|=25000, Oracle MIS=12286, Improvement=0
n=25000, coeff=7, trial=4, GT MIS=12500, Greedy MIS=12286, |S|=25000, Oracle MIS=12286, Improvement=0
n=25000, coeff=7, trial=4, GT MIS=12500, Greedy MIS=12286, |S|=24999, Oracle MIS=12285, Improvement=-1
n=25000, coeff=7, trial=4, GT MIS=12500, Greedy MIS=12286, |S|=24994, Oracle MIS=12280, Improvement=-6
n=25000, coeff=7, trial=4, GT MIS=12500, Greedy MIS=12286, |S|=24868, Oracle MIS=11927, Improvement=-359
n=25000, coeff=7, trial=4, GT MIS=12500, Greedy MIS=12286, |S|=24026, Oracle MIS=12301, Improvement=15
n=25000, coeff=7, trial=4, GT MIS=12500, Greedy MIS=12286, |S|=21540, Oracle MIS=12500, Improvement=214
n=25000, coeff=7, trial=4, GT MIS=12500, Greedy MIS=12286, |S|=17769, Oracle MIS=12500, Improvement=214
n=25000, coeff=7, trial=4, GT MIS=12500, Greedy MIS=12286, |S|=14409, Oracle MIS=12500, Improvement=214
n=25000, coeff=7, trial=4, GT MIS=12500, Greedy MIS=12286, |S|=13001, Oracle MIS=12500, Improvement=214
Results saved to bipartite_experiment_results_epislons_25000.csv
