Running job on compute-3-04
Requested resources:
  - CPUs: 18
  - GPUs: 
  - Memory: 18000
n=20000, coeff=1, trial=5, GT MIS=10086, Greedy MIS=10086, |S|=19999, Oracle MIS=10085, Improvement=-1
n=20000, coeff=1, trial=5, GT MIS=10086, Greedy MIS=10086, |S|=19998, Oracle MIS=10084, Improvement=-2
n=20000, coeff=1, trial=5, GT MIS=10086, Greedy MIS=10086, |S|=19991, Oracle MIS=10078, Improvement=-8
n=20000, coeff=1, trial=5, GT MIS=10086, Greedy MIS=10086, |S|=19959, Oracle MIS=10048, Improvement=-38
n=20000, coeff=1, trial=5, GT MIS=10086, Greedy MIS=10086, |S|=19837, Oracle MIS=9936, Improvement=-150
n=20000, coeff=1, trial=5, GT MIS=10086, Greedy MIS=10086, |S|=19686, Oracle MIS=9810, Improvement=-276
n=20000, coeff=1, trial=5, GT MIS=10086, Greedy MIS=10086, |S|=19100, Oracle MIS=9288, Improvement=-798
n=20000, coeff=1, trial=5, GT MIS=10086, Greedy MIS=10086, |S|=18451, Oracle MIS=8780, Improvement=-1306
n=20000, coeff=1, trial=5, GT MIS=10086, Greedy MIS=10086, |S|=17589, Oracle MIS=10063, Improvement=-23
n=20000, coeff=1, trial=5, GT MIS=10086, Greedy MIS=10086, |S|=16248, Oracle MIS=10029, Improvement=-57
n=20000, coeff=1, trial=6, GT MIS=10090, Greedy MIS=10090, |S|=20000, Oracle MIS=10090, Improvement=0
n=20000, coeff=1, trial=6, GT MIS=10090, Greedy MIS=10090, |S|=20000, Oracle MIS=10090, Improvement=0
n=20000, coeff=1, trial=6, GT MIS=10090, Greedy MIS=10090, |S|=19991, Oracle MIS=10090, Improvement=0
n=20000, coeff=1, trial=6, GT MIS=10090, Greedy MIS=10090, |S|=19973, Oracle MIS=10090, Improvement=0
n=20000, coeff=1, trial=6, GT MIS=10090, Greedy MIS=10090, |S|=19851, Oracle MIS=10087, Improvement=-3
n=20000, coeff=1, trial=6, GT MIS=10090, Greedy MIS=10090, |S|=19713, Oracle MIS=10086, Improvement=-4
n=20000, coeff=1, trial=6, GT MIS=10090, Greedy MIS=10090, |S|=19178, Oracle MIS=10070, Improvement=-20
n=20000, coeff=1, trial=6, GT MIS=10090, Greedy MIS=10090, |S|=18613, Oracle MIS=10073, Improvement=-17
n=20000, coeff=1, trial=6, GT MIS=10090, Greedy MIS=10090, |S|=17801, Oracle MIS=10061, Improvement=-29
n=20000, coeff=1, trial=6, GT MIS=10090, Greedy MIS=10090, |S|=16635, Oracle MIS=10040, Improvement=-50
n=20000, coeff=1, trial=7, GT MIS=10080, Greedy MIS=10070, |S|=19999, Oracle MIS=10069, Improvement=-1
n=20000, coeff=1, trial=7, GT MIS=10080, Greedy MIS=10070, |S|=19998, Oracle MIS=10068, Improvement=-2
n=20000, coeff=1, trial=7, GT MIS=10080, Greedy MIS=10070, |S|=19989, Oracle MIS=10060, Improvement=-10
n=20000, coeff=1, trial=7, GT MIS=10080, Greedy MIS=10070, |S|=19950, Oracle MIS=10022, Improvement=-48
n=20000, coeff=1, trial=7, GT MIS=10080, Greedy MIS=10070, |S|=19849, Oracle MIS=9927, Improvement=-143
n=20000, coeff=1, trial=7, GT MIS=10080, Greedy MIS=10070, |S|=19716, Oracle MIS=9808, Improvement=-262
n=20000, coeff=1, trial=7, GT MIS=10080, Greedy MIS=10070, |S|=19086, Oracle MIS=9278, Improvement=-792
n=20000, coeff=1, trial=7, GT MIS=10080, Greedy MIS=10070, |S|=18388, Oracle MIS=8747, Improvement=-1323
n=20000, coeff=1, trial=7, GT MIS=10080, Greedy MIS=10070, |S|=17447, Oracle MIS=10047, Improvement=-23
n=20000, coeff=1, trial=7, GT MIS=10080, Greedy MIS=10070, |S|=16131, Oracle MIS=10031, Improvement=-39
n=20000, coeff=1, trial=8, GT MIS=10082, Greedy MIS=10082, |S|=20000, Oracle MIS=10082, Improvement=0
n=20000, coeff=1, trial=8, GT MIS=10082, Greedy MIS=10082, |S|=20000, Oracle MIS=10082, Improvement=0
n=20000, coeff=1, trial=8, GT MIS=10082, Greedy MIS=10082, |S|=19992, Oracle MIS=10081, Improvement=-1
n=20000, coeff=1, trial=8, GT MIS=10082, Greedy MIS=10082, |S|=19963, Oracle MIS=10081, Improvement=-1
n=20000, coeff=1, trial=8, GT MIS=10082, Greedy MIS=10082, |S|=19859, Oracle MIS=10077, Improvement=-5
n=20000, coeff=1, trial=8, GT MIS=10082, Greedy MIS=10082, |S|=19710, Oracle MIS=10076, Improvement=-6
n=20000, coeff=1, trial=8, GT MIS=10082, Greedy MIS=10082, |S|=19143, Oracle MIS=10066, Improvement=-16
n=20000, coeff=1, trial=8, GT MIS=10082, Greedy MIS=10082, |S|=18537, Oracle MIS=10056, Improvement=-26
n=20000, coeff=1, trial=8, GT MIS=10082, Greedy MIS=10082, |S|=17743, Oracle MIS=10045, Improvement=-37
n=20000, coeff=1, trial=8, GT MIS=10082, Greedy MIS=10082, |S|=16478, Oracle MIS=10015, Improvement=-67
n=20000, coeff=1, trial=9, GT MIS=10077, Greedy MIS=10055, |S|=20000, Oracle MIS=10055, Improvement=0
n=20000, coeff=1, trial=9, GT MIS=10077, Greedy MIS=10055, |S|=20000, Oracle MIS=10055, Improvement=0
n=20000, coeff=1, trial=9, GT MIS=10077, Greedy MIS=10055, |S|=19993, Oracle MIS=10049, Improvement=-6
n=20000, coeff=1, trial=9, GT MIS=10077, Greedy MIS=10055, |S|=19961, Oracle MIS=10021, Improvement=-34
n=20000, coeff=1, trial=9, GT MIS=10077, Greedy MIS=10055, |S|=19829, Oracle MIS=9902, Improvement=-153
n=20000, coeff=1, trial=9, GT MIS=10077, Greedy MIS=10055, |S|=19681, Oracle MIS=9762, Improvement=-293
n=20000, coeff=1, trial=9, GT MIS=10077, Greedy MIS=10055, |S|=19133, Oracle MIS=9303, Improvement=-752
n=20000, coeff=1, trial=9, GT MIS=10077, Greedy MIS=10055, |S|=18434, Oracle MIS=8762, Improvement=-1293
n=20000, coeff=1, trial=9, GT MIS=10077, Greedy MIS=10055, |S|=17537, Oracle MIS=10039, Improvement=-16
n=20000, coeff=1, trial=9, GT MIS=10077, Greedy MIS=10055, |S|=16207, Oracle MIS=10012, Improvement=-43
n=20000, coeff=2, trial=5, GT MIS=10001, Greedy MIS=9731, |S|=20000, Oracle MIS=9731, Improvement=0
n=20000, coeff=2, trial=5, GT MIS=10001, Greedy MIS=9731, |S|=20000, Oracle MIS=9731, Improvement=0
n=20000, coeff=2, trial=5, GT MIS=10001, Greedy MIS=9731, |S|=20000, Oracle MIS=9731, Improvement=0
n=20000, coeff=2, trial=5, GT MIS=10001, Greedy MIS=9731, |S|=19983, Oracle MIS=9713, Improvement=-18
n=20000, coeff=2, trial=5, GT MIS=10001, Greedy MIS=9731, |S|=19930, Oracle MIS=9629, Improvement=-102
n=20000, coeff=2, trial=5, GT MIS=10001, Greedy MIS=9731, |S|=19715, Oracle MIS=9269, Improvement=-462
n=20000, coeff=2, trial=5, GT MIS=10001, Greedy MIS=9731, |S|=19303, Oracle MIS=9728, Improvement=-3
n=20000, coeff=2, trial=5, GT MIS=10001, Greedy MIS=9731, |S|=18100, Oracle MIS=9730, Improvement=-1
n=20000, coeff=2, trial=5, GT MIS=10001, Greedy MIS=9731, |S|=16539, Oracle MIS=9975, Improvement=244
n=20000, coeff=2, trial=5, GT MIS=10001, Greedy MIS=9731, |S|=14538, Oracle MIS=9984, Improvement=253
n=20000, coeff=2, trial=6, GT MIS=10001, Greedy MIS=9683, |S|=20000, Oracle MIS=9683, Improvement=0
n=20000, coeff=2, trial=6, GT MIS=10001, Greedy MIS=9683, |S|=20000, Oracle MIS=9683, Improvement=0
n=20000, coeff=2, trial=6, GT MIS=10001, Greedy MIS=9683, |S|=19999, Oracle MIS=9682, Improvement=-1
n=20000, coeff=2, trial=6, GT MIS=10001, Greedy MIS=9683, |S|=19990, Oracle MIS=9668, Improvement=-15
n=20000, coeff=2, trial=6, GT MIS=10001, Greedy MIS=9683, |S|=19934, Oracle MIS=9590, Improvement=-93
n=20000, coeff=2, trial=6, GT MIS=10001, Greedy MIS=9683, |S|=19754, Oracle MIS=9306, Improvement=-377
n=20000, coeff=2, trial=6, GT MIS=10001, Greedy MIS=9683, |S|=19334, Oracle MIS=9766, Improvement=83
n=20000, coeff=2, trial=6, GT MIS=10001, Greedy MIS=9683, |S|=18344, Oracle MIS=9765, Improvement=82
n=20000, coeff=2, trial=6, GT MIS=10001, Greedy MIS=9683, |S|=16553, Oracle MIS=9966, Improvement=283
n=20000, coeff=2, trial=6, GT MIS=10001, Greedy MIS=9683, |S|=15014, Oracle MIS=9986, Improvement=303
n=20000, coeff=2, trial=7, GT MIS=10001, Greedy MIS=9730, |S|=20000, Oracle MIS=9730, Improvement=0
n=20000, coeff=2, trial=7, GT MIS=10001, Greedy MIS=9730, |S|=20000, Oracle MIS=9730, Improvement=0
n=20000, coeff=2, trial=7, GT MIS=10001, Greedy MIS=9730, |S|=19998, Oracle MIS=9728, Improvement=-2
n=20000, coeff=2, trial=7, GT MIS=10001, Greedy MIS=9730, |S|=19992, Oracle MIS=9719, Improvement=-11
n=20000, coeff=2, trial=7, GT MIS=10001, Greedy MIS=9730, |S|=19952, Oracle MIS=9659, Improvement=-71
n=20000, coeff=2, trial=7, GT MIS=10001, Greedy MIS=9730, |S|=19731, Oracle MIS=9326, Improvement=-404
n=20000, coeff=2, trial=7, GT MIS=10001, Greedy MIS=9730, |S|=19248, Oracle MIS=9738, Improvement=8
n=20000, coeff=2, trial=7, GT MIS=10001, Greedy MIS=9730, |S|=18208, Oracle MIS=9729, Improvement=-1
n=20000, coeff=2, trial=7, GT MIS=10001, Greedy MIS=9730, |S|=16338, Oracle MIS=9964, Improvement=234
n=20000, coeff=2, trial=7, GT MIS=10001, Greedy MIS=9730, |S|=14838, Oracle MIS=9994, Improvement=264
n=20000, coeff=2, trial=8, GT MIS=10000, Greedy MIS=9757, |S|=20000, Oracle MIS=9757, Improvement=0
n=20000, coeff=2, trial=8, GT MIS=10000, Greedy MIS=9757, |S|=20000, Oracle MIS=9757, Improvement=0
n=20000, coeff=2, trial=8, GT MIS=10000, Greedy MIS=9757, |S|=19999, Oracle MIS=9756, Improvement=-1
n=20000, coeff=2, trial=8, GT MIS=10000, Greedy MIS=9757, |S|=19991, Oracle MIS=9750, Improvement=-7
n=20000, coeff=2, trial=8, GT MIS=10000, Greedy MIS=9757, |S|=19929, Oracle MIS=9679, Improvement=-78
n=20000, coeff=2, trial=8, GT MIS=10000, Greedy MIS=9757, |S|=19718, Oracle MIS=9398, Improvement=-359
n=20000, coeff=2, trial=8, GT MIS=10000, Greedy MIS=9757, |S|=19296, Oracle MIS=9758, Improvement=1
n=20000, coeff=2, trial=8, GT MIS=10000, Greedy MIS=9757, |S|=18346, Oracle MIS=9757, Improvement=0
n=20000, coeff=2, trial=8, GT MIS=10000, Greedy MIS=9757, |S|=17003, Oracle MIS=9972, Improvement=215
n=20000, coeff=2, trial=8, GT MIS=10000, Greedy MIS=9757, |S|=15196, Oracle MIS=9987, Improvement=230
n=20000, coeff=2, trial=9, GT MIS=10001, Greedy MIS=9764, |S|=20000, Oracle MIS=9764, Improvement=0
n=20000, coeff=2, trial=9, GT MIS=10001, Greedy MIS=9764, |S|=20000, Oracle MIS=9764, Improvement=0
n=20000, coeff=2, trial=9, GT MIS=10001, Greedy MIS=9764, |S|=19999, Oracle MIS=9763, Improvement=-1
n=20000, coeff=2, trial=9, GT MIS=10001, Greedy MIS=9764, |S|=19995, Oracle MIS=9757, Improvement=-7
n=20000, coeff=2, trial=9, GT MIS=10001, Greedy MIS=9764, |S|=19927, Oracle MIS=9660, Improvement=-104
n=20000, coeff=2, trial=9, GT MIS=10001, Greedy MIS=9764, |S|=19701, Oracle MIS=9299, Improvement=-465
n=20000, coeff=2, trial=9, GT MIS=10001, Greedy MIS=9764, |S|=19291, Oracle MIS=9747, Improvement=-17
n=20000, coeff=2, trial=9, GT MIS=10001, Greedy MIS=9764, |S|=18292, Oracle MIS=9746, Improvement=-18
n=20000, coeff=2, trial=9, GT MIS=10001, Greedy MIS=9764, |S|=16470, Oracle MIS=9957, Improvement=193
n=20000, coeff=2, trial=9, GT MIS=10001, Greedy MIS=9764, |S|=14939, Oracle MIS=9988, Improvement=224
n=20000, coeff=3, trial=5, GT MIS=10000, Greedy MIS=9834, |S|=20000, Oracle MIS=9834, Improvement=0
n=20000, coeff=3, trial=5, GT MIS=10000, Greedy MIS=9834, |S|=20000, Oracle MIS=9834, Improvement=0
n=20000, coeff=3, trial=5, GT MIS=10000, Greedy MIS=9834, |S|=19999, Oracle MIS=9833, Improvement=-1
n=20000, coeff=3, trial=5, GT MIS=10000, Greedy MIS=9834, |S|=19994, Oracle MIS=9828, Improvement=-6
n=20000, coeff=3, trial=5, GT MIS=10000, Greedy MIS=9834, |S|=19933, Oracle MIS=9753, Improvement=-81
n=20000, coeff=3, trial=5, GT MIS=10000, Greedy MIS=9834, |S|=19705, Oracle MIS=9421, Improvement=-413
n=20000, coeff=3, trial=5, GT MIS=10000, Greedy MIS=9834, |S|=19090, Oracle MIS=9851, Improvement=17
n=20000, coeff=3, trial=5, GT MIS=10000, Greedy MIS=9834, |S|=17614, Oracle MIS=9975, Improvement=141
n=20000, coeff=3, trial=5, GT MIS=10000, Greedy MIS=9834, |S|=15545, Oracle MIS=9998, Improvement=164
n=20000, coeff=3, trial=5, GT MIS=10000, Greedy MIS=9834, |S|=13488, Oracle MIS=9999, Improvement=165
n=20000, coeff=3, trial=6, GT MIS=10000, Greedy MIS=9869, |S|=20000, Oracle MIS=9869, Improvement=0
n=20000, coeff=3, trial=6, GT MIS=10000, Greedy MIS=9869, |S|=20000, Oracle MIS=9869, Improvement=0
n=20000, coeff=3, trial=6, GT MIS=10000, Greedy MIS=9869, |S|=20000, Oracle MIS=9869, Improvement=0
n=20000, coeff=3, trial=6, GT MIS=10000, Greedy MIS=9869, |S|=19994, Oracle MIS=9863, Improvement=-6
n=20000, coeff=3, trial=6, GT MIS=10000, Greedy MIS=9869, |S|=19954, Oracle MIS=9815, Improvement=-54
n=20000, coeff=3, trial=6, GT MIS=10000, Greedy MIS=9869, |S|=19747, Oracle MIS=9504, Improvement=-365
n=20000, coeff=3, trial=6, GT MIS=10000, Greedy MIS=9869, |S|=19151, Oracle MIS=9826, Improvement=-43
n=20000, coeff=3, trial=6, GT MIS=10000, Greedy MIS=9869, |S|=17658, Oracle MIS=9972, Improvement=103
n=20000, coeff=3, trial=6, GT MIS=10000, Greedy MIS=9869, |S|=15573, Oracle MIS=9997, Improvement=128
n=20000, coeff=3, trial=6, GT MIS=10000, Greedy MIS=9869, |S|=13466, Oracle MIS=9997, Improvement=128
n=20000, coeff=3, trial=7, GT MIS=10000, Greedy MIS=9899, |S|=20000, Oracle MIS=9899, Improvement=0
n=20000, coeff=3, trial=7, GT MIS=10000, Greedy MIS=9899, |S|=20000, Oracle MIS=9899, Improvement=0
n=20000, coeff=3, trial=7, GT MIS=10000, Greedy MIS=9899, |S|=20000, Oracle MIS=9899, Improvement=0
n=20000, coeff=3, trial=7, GT MIS=10000, Greedy MIS=9899, |S|=19992, Oracle MIS=9891, Improvement=-8
n=20000, coeff=3, trial=7, GT MIS=10000, Greedy MIS=9899, |S|=19948, Oracle MIS=9847, Improvement=-52
n=20000, coeff=3, trial=7, GT MIS=10000, Greedy MIS=9899, |S|=19705, Oracle MIS=9523, Improvement=-376
n=20000, coeff=3, trial=7, GT MIS=10000, Greedy MIS=9899, |S|=19046, Oracle MIS=9869, Improvement=-30
n=20000, coeff=3, trial=7, GT MIS=10000, Greedy MIS=9899, |S|=17602, Oracle MIS=9973, Improvement=74
n=20000, coeff=3, trial=7, GT MIS=10000, Greedy MIS=9899, |S|=15349, Oracle MIS=9998, Improvement=99
n=20000, coeff=3, trial=7, GT MIS=10000, Greedy MIS=9899, |S|=13263, Oracle MIS=9995, Improvement=96
n=20000, coeff=3, trial=8, GT MIS=10000, Greedy MIS=9861, |S|=20000, Oracle MIS=9861, Improvement=0
n=20000, coeff=3, trial=8, GT MIS=10000, Greedy MIS=9861, |S|=20000, Oracle MIS=9861, Improvement=0
n=20000, coeff=3, trial=8, GT MIS=10000, Greedy MIS=9861, |S|=20000, Oracle MIS=9861, Improvement=0
n=20000, coeff=3, trial=8, GT MIS=10000, Greedy MIS=9861, |S|=19994, Oracle MIS=9855, Improvement=-6
n=20000, coeff=3, trial=8, GT MIS=10000, Greedy MIS=9861, |S|=19956, Oracle MIS=9800, Improvement=-61
n=20000, coeff=3, trial=8, GT MIS=10000, Greedy MIS=9861, |S|=19744, Oracle MIS=9525, Improvement=-336
n=20000, coeff=3, trial=8, GT MIS=10000, Greedy MIS=9861, |S|=19161, Oracle MIS=9877, Improvement=16
n=20000, coeff=3, trial=8, GT MIS=10000, Greedy MIS=9861, |S|=17841, Oracle MIS=9972, Improvement=111
n=20000, coeff=3, trial=8, GT MIS=10000, Greedy MIS=9861, |S|=15844, Oracle MIS=9996, Improvement=135
n=20000, coeff=3, trial=8, GT MIS=10000, Greedy MIS=9861, |S|=13708, Oracle MIS=9993, Improvement=132
n=20000, coeff=3, trial=9, GT MIS=10000, Greedy MIS=9856, |S|=20000, Oracle MIS=9856, Improvement=0
n=20000, coeff=3, trial=9, GT MIS=10000, Greedy MIS=9856, |S|=20000, Oracle MIS=9856, Improvement=0
n=20000, coeff=3, trial=9, GT MIS=10000, Greedy MIS=9856, |S|=20000, Oracle MIS=9856, Improvement=0
n=20000, coeff=3, trial=9, GT MIS=10000, Greedy MIS=9856, |S|=19997, Oracle MIS=9853, Improvement=-3
n=20000, coeff=3, trial=9, GT MIS=10000, Greedy MIS=9856, |S|=19942, Oracle MIS=9790, Improvement=-66
n=20000, coeff=3, trial=9, GT MIS=10000, Greedy MIS=9856, |S|=19704, Oracle MIS=9470, Improvement=-386
n=20000, coeff=3, trial=9, GT MIS=10000, Greedy MIS=9856, |S|=19119, Oracle MIS=9869, Improvement=13
n=20000, coeff=3, trial=9, GT MIS=10000, Greedy MIS=9856, |S|=17560, Oracle MIS=9975, Improvement=119
n=20000, coeff=3, trial=9, GT MIS=10000, Greedy MIS=9856, |S|=15452, Oracle MIS=9999, Improvement=143
n=20000, coeff=3, trial=9, GT MIS=10000, Greedy MIS=9856, |S|=13438, Oracle MIS=9996, Improvement=140
n=20000, coeff=4, trial=5, GT MIS=10000, Greedy MIS=9775, |S|=20000, Oracle MIS=9775, Improvement=0
n=20000, coeff=4, trial=5, GT MIS=10000, Greedy MIS=9775, |S|=20000, Oracle MIS=9775, Improvement=0
n=20000, coeff=4, trial=5, GT MIS=10000, Greedy MIS=9775, |S|=20000, Oracle MIS=9775, Improvement=0
n=20000, coeff=4, trial=5, GT MIS=10000, Greedy MIS=9775, |S|=19995, Oracle MIS=9770, Improvement=-5
n=20000, coeff=4, trial=5, GT MIS=10000, Greedy MIS=9775, |S|=19940, Oracle MIS=9625, Improvement=-150
n=20000, coeff=4, trial=5, GT MIS=10000, Greedy MIS=9775, |S|=19656, Oracle MIS=9768, Improvement=-7
n=20000, coeff=4, trial=5, GT MIS=10000, Greedy MIS=9775, |S|=18743, Oracle MIS=9935, Improvement=160
n=20000, coeff=4, trial=5, GT MIS=10000, Greedy MIS=9775, |S|=16907, Oracle MIS=9995, Improvement=220
n=20000, coeff=4, trial=5, GT MIS=10000, Greedy MIS=9775, |S|=14369, Oracle MIS=10000, Improvement=225
n=20000, coeff=4, trial=5, GT MIS=10000, Greedy MIS=9775, |S|=12161, Oracle MIS=10000, Improvement=225
n=20000, coeff=4, trial=6, GT MIS=10000, Greedy MIS=9817, |S|=20000, Oracle MIS=9817, Improvement=0
n=20000, coeff=4, trial=6, GT MIS=10000, Greedy MIS=9817, |S|=20000, Oracle MIS=9817, Improvement=0
n=20000, coeff=4, trial=6, GT MIS=10000, Greedy MIS=9817, |S|=20000, Oracle MIS=9817, Improvement=0
n=20000, coeff=4, trial=6, GT MIS=10000, Greedy MIS=9817, |S|=19992, Oracle MIS=9809, Improvement=-8
n=20000, coeff=4, trial=6, GT MIS=10000, Greedy MIS=9817, |S|=19940, Oracle MIS=9752, Improvement=-65
n=20000, coeff=4, trial=6, GT MIS=10000, Greedy MIS=9817, |S|=19668, Oracle MIS=9694, Improvement=-123
n=20000, coeff=4, trial=6, GT MIS=10000, Greedy MIS=9817, |S|=18814, Oracle MIS=9938, Improvement=121
n=20000, coeff=4, trial=6, GT MIS=10000, Greedy MIS=9817, |S|=16980, Oracle MIS=10000, Improvement=183
n=20000, coeff=4, trial=6, GT MIS=10000, Greedy MIS=9817, |S|=14446, Oracle MIS=10000, Improvement=183
n=20000, coeff=4, trial=6, GT MIS=10000, Greedy MIS=9817, |S|=12197, Oracle MIS=9997, Improvement=180
n=20000, coeff=4, trial=7, GT MIS=10000, Greedy MIS=9764, |S|=20000, Oracle MIS=9764, Improvement=0
n=20000, coeff=4, trial=7, GT MIS=10000, Greedy MIS=9764, |S|=20000, Oracle MIS=9764, Improvement=0
n=20000, coeff=4, trial=7, GT MIS=10000, Greedy MIS=9764, |S|=20000, Oracle MIS=9764, Improvement=0
n=20000, coeff=4, trial=7, GT MIS=10000, Greedy MIS=9764, |S|=19995, Oracle MIS=9759, Improvement=-5
n=20000, coeff=4, trial=7, GT MIS=10000, Greedy MIS=9764, |S|=19938, Oracle MIS=9657, Improvement=-107
n=20000, coeff=4, trial=7, GT MIS=10000, Greedy MIS=9764, |S|=19632, Oracle MIS=9810, Improvement=46
n=20000, coeff=4, trial=7, GT MIS=10000, Greedy MIS=9764, |S|=18668, Oracle MIS=9942, Improvement=178
n=20000, coeff=4, trial=7, GT MIS=10000, Greedy MIS=9764, |S|=16768, Oracle MIS=10000, Improvement=236
n=20000, coeff=4, trial=7, GT MIS=10000, Greedy MIS=9764, |S|=14147, Oracle MIS=9999, Improvement=235
n=20000, coeff=4, trial=7, GT MIS=10000, Greedy MIS=9764, |S|=12007, Oracle MIS=9999, Improvement=235
n=20000, coeff=4, trial=8, GT MIS=10000, Greedy MIS=9791, |S|=20000, Oracle MIS=9791, Improvement=0
n=20000, coeff=4, trial=8, GT MIS=10000, Greedy MIS=9791, |S|=20000, Oracle MIS=9791, Improvement=0
n=20000, coeff=4, trial=8, GT MIS=10000, Greedy MIS=9791, |S|=20000, Oracle MIS=9791, Improvement=0
n=20000, coeff=4, trial=8, GT MIS=10000, Greedy MIS=9791, |S|=19995, Oracle MIS=9787, Improvement=-4
n=20000, coeff=4, trial=8, GT MIS=10000, Greedy MIS=9791, |S|=19951, Oracle MIS=9715, Improvement=-76
n=20000, coeff=4, trial=8, GT MIS=10000, Greedy MIS=9791, |S|=19702, Oracle MIS=9297, Improvement=-494
n=20000, coeff=4, trial=8, GT MIS=10000, Greedy MIS=9791, |S|=18884, Oracle MIS=9926, Improvement=135
n=20000, coeff=4, trial=8, GT MIS=10000, Greedy MIS=9791, |S|=17118, Oracle MIS=9995, Improvement=204
n=20000, coeff=4, trial=8, GT MIS=10000, Greedy MIS=9791, |S|=14697, Oracle MIS=9998, Improvement=207
n=20000, coeff=4, trial=8, GT MIS=10000, Greedy MIS=9791, |S|=12399, Oracle MIS=9993, Improvement=202
n=20000, coeff=4, trial=9, GT MIS=10000, Greedy MIS=9849, |S|=20000, Oracle MIS=9849, Improvement=0
n=20000, coeff=4, trial=9, GT MIS=10000, Greedy MIS=9849, |S|=20000, Oracle MIS=9849, Improvement=0
n=20000, coeff=4, trial=9, GT MIS=10000, Greedy MIS=9849, |S|=20000, Oracle MIS=9849, Improvement=0
n=20000, coeff=4, trial=9, GT MIS=10000, Greedy MIS=9849, |S|=19998, Oracle MIS=9847, Improvement=-2
n=20000, coeff=4, trial=9, GT MIS=10000, Greedy MIS=9849, |S|=19952, Oracle MIS=9780, Improvement=-69
n=20000, coeff=4, trial=9, GT MIS=10000, Greedy MIS=9849, |S|=19654, Oracle MIS=8970, Improvement=-879
n=20000, coeff=4, trial=9, GT MIS=10000, Greedy MIS=9849, |S|=18835, Oracle MIS=9943, Improvement=94
n=20000, coeff=4, trial=9, GT MIS=10000, Greedy MIS=9849, |S|=16956, Oracle MIS=9996, Improvement=147
n=20000, coeff=4, trial=9, GT MIS=10000, Greedy MIS=9849, |S|=14402, Oracle MIS=10000, Improvement=151
n=20000, coeff=4, trial=9, GT MIS=10000, Greedy MIS=9849, |S|=12156, Oracle MIS=10000, Improvement=151
n=20000, coeff=5, trial=5, GT MIS=10000, Greedy MIS=9830, |S|=20000, Oracle MIS=9830, Improvement=0
n=20000, coeff=5, trial=5, GT MIS=10000, Greedy MIS=9830, |S|=20000, Oracle MIS=9830, Improvement=0
n=20000, coeff=5, trial=5, GT MIS=10000, Greedy MIS=9830, |S|=20000, Oracle MIS=9830, Improvement=0
n=20000, coeff=5, trial=5, GT MIS=10000, Greedy MIS=9830, |S|=19997, Oracle MIS=9827, Improvement=-3
n=20000, coeff=5, trial=5, GT MIS=10000, Greedy MIS=9830, |S|=19920, Oracle MIS=9682, Improvement=-148
n=20000, coeff=5, trial=5, GT MIS=10000, Greedy MIS=9830, |S|=19567, Oracle MIS=9805, Improvement=-25
n=20000, coeff=5, trial=5, GT MIS=10000, Greedy MIS=9830, |S|=18432, Oracle MIS=9977, Improvement=147
n=20000, coeff=5, trial=5, GT MIS=10000, Greedy MIS=9830, |S|=16007, Oracle MIS=10000, Improvement=170
n=20000, coeff=5, trial=5, GT MIS=10000, Greedy MIS=9830, |S|=13382, Oracle MIS=10000, Improvement=170
n=20000, coeff=5, trial=5, GT MIS=10000, Greedy MIS=9830, |S|=11390, Oracle MIS=9999, Improvement=169
n=20000, coeff=5, trial=6, GT MIS=10000, Greedy MIS=9837, |S|=20000, Oracle MIS=9837, Improvement=0
n=20000, coeff=5, trial=6, GT MIS=10000, Greedy MIS=9837, |S|=20000, Oracle MIS=9837, Improvement=0
n=20000, coeff=5, trial=6, GT MIS=10000, Greedy MIS=9837, |S|=20000, Oracle MIS=9837, Improvement=0
n=20000, coeff=5, trial=6, GT MIS=10000, Greedy MIS=9837, |S|=19992, Oracle MIS=9829, Improvement=-8
n=20000, coeff=5, trial=6, GT MIS=10000, Greedy MIS=9837, |S|=19929, Oracle MIS=9737, Improvement=-100
n=20000, coeff=5, trial=6, GT MIS=10000, Greedy MIS=9837, |S|=19574, Oracle MIS=9617, Improvement=-220
n=20000, coeff=5, trial=6, GT MIS=10000, Greedy MIS=9837, |S|=18430, Oracle MIS=9985, Improvement=148
n=20000, coeff=5, trial=6, GT MIS=10000, Greedy MIS=9837, |S|=16075, Oracle MIS=10000, Improvement=163
n=20000, coeff=5, trial=6, GT MIS=10000, Greedy MIS=9837, |S|=13445, Oracle MIS=10000, Improvement=163
n=20000, coeff=5, trial=6, GT MIS=10000, Greedy MIS=9837, |S|=11408, Oracle MIS=9999, Improvement=162
n=20000, coeff=5, trial=7, GT MIS=10000, Greedy MIS=9755, |S|=20000, Oracle MIS=9755, Improvement=0
n=20000, coeff=5, trial=7, GT MIS=10000, Greedy MIS=9755, |S|=20000, Oracle MIS=9755, Improvement=0
n=20000, coeff=5, trial=7, GT MIS=10000, Greedy MIS=9755, |S|=20000, Oracle MIS=9755, Improvement=0
n=20000, coeff=5, trial=7, GT MIS=10000, Greedy MIS=9755, |S|=19998, Oracle MIS=9753, Improvement=-2
n=20000, coeff=5, trial=7, GT MIS=10000, Greedy MIS=9755, |S|=19938, Oracle MIS=9600, Improvement=-155
n=20000, coeff=5, trial=7, GT MIS=10000, Greedy MIS=9755, |S|=19503, Oracle MIS=9850, Improvement=95
n=20000, coeff=5, trial=7, GT MIS=10000, Greedy MIS=9755, |S|=18324, Oracle MIS=9986, Improvement=231
n=20000, coeff=5, trial=7, GT MIS=10000, Greedy MIS=9755, |S|=15958, Oracle MIS=10000, Improvement=245
n=20000, coeff=5, trial=7, GT MIS=10000, Greedy MIS=9755, |S|=13191, Oracle MIS=10000, Improvement=245
n=20000, coeff=5, trial=7, GT MIS=10000, Greedy MIS=9755, |S|=11222, Oracle MIS=9999, Improvement=244
n=20000, coeff=5, trial=8, GT MIS=10000, Greedy MIS=9830, |S|=20000, Oracle MIS=9830, Improvement=0
n=20000, coeff=5, trial=8, GT MIS=10000, Greedy MIS=9830, |S|=20000, Oracle MIS=9830, Improvement=0
n=20000, coeff=5, trial=8, GT MIS=10000, Greedy MIS=9830, |S|=20000, Oracle MIS=9830, Improvement=0
n=20000, coeff=5, trial=8, GT MIS=10000, Greedy MIS=9830, |S|=19998, Oracle MIS=9828, Improvement=-2
n=20000, coeff=5, trial=8, GT MIS=10000, Greedy MIS=9830, |S|=19951, Oracle MIS=9774, Improvement=-56
n=20000, coeff=5, trial=8, GT MIS=10000, Greedy MIS=9830, |S|=19619, Oracle MIS=9692, Improvement=-138
n=20000, coeff=5, trial=8, GT MIS=10000, Greedy MIS=9830, |S|=18572, Oracle MIS=9992, Improvement=162
n=20000, coeff=5, trial=8, GT MIS=10000, Greedy MIS=9830, |S|=16450, Oracle MIS=10000, Improvement=170
n=20000, coeff=5, trial=8, GT MIS=10000, Greedy MIS=9830, |S|=13725, Oracle MIS=9999, Improvement=169
n=20000, coeff=5, trial=8, GT MIS=10000, Greedy MIS=9830, |S|=11522, Oracle MIS=9995, Improvement=165
n=20000, coeff=5, trial=9, GT MIS=10000, Greedy MIS=9808, |S|=20000, Oracle MIS=9808, Improvement=0
n=20000, coeff=5, trial=9, GT MIS=10000, Greedy MIS=9808, |S|=20000, Oracle MIS=9808, Improvement=0
n=20000, coeff=5, trial=9, GT MIS=10000, Greedy MIS=9808, |S|=20000, Oracle MIS=9808, Improvement=0
n=20000, coeff=5, trial=9, GT MIS=10000, Greedy MIS=9808, |S|=19994, Oracle MIS=9803, Improvement=-5
n=20000, coeff=5, trial=9, GT MIS=10000, Greedy MIS=9808, |S|=19937, Oracle MIS=9709, Improvement=-99
n=20000, coeff=5, trial=9, GT MIS=10000, Greedy MIS=9808, |S|=19548, Oracle MIS=9786, Improvement=-22
n=20000, coeff=5, trial=9, GT MIS=10000, Greedy MIS=9808, |S|=18501, Oracle MIS=9976, Improvement=168
n=20000, coeff=5, trial=9, GT MIS=10000, Greedy MIS=9808, |S|=16117, Oracle MIS=10000, Improvement=192
n=20000, coeff=5, trial=9, GT MIS=10000, Greedy MIS=9808, |S|=13413, Oracle MIS=10000, Improvement=192
n=20000, coeff=5, trial=9, GT MIS=10000, Greedy MIS=9808, |S|=11371, Oracle MIS=9997, Improvement=189
n=20000, coeff=6, trial=5, GT MIS=10000, Greedy MIS=9412, |S|=20000, Oracle MIS=9412, Improvement=0
n=20000, coeff=6, trial=5, GT MIS=10000, Greedy MIS=9412, |S|=20000, Oracle MIS=9412, Improvement=0
n=20000, coeff=6, trial=5, GT MIS=10000, Greedy MIS=9412, |S|=20000, Oracle MIS=9412, Improvement=0
n=20000, coeff=6, trial=5, GT MIS=10000, Greedy MIS=9412, |S|=19996, Oracle MIS=9412, Improvement=0
n=20000, coeff=6, trial=5, GT MIS=10000, Greedy MIS=9412, |S|=19928, Oracle MIS=9412, Improvement=0
n=20000, coeff=6, trial=5, GT MIS=10000, Greedy MIS=9412, |S|=19438, Oracle MIS=9911, Improvement=499
n=20000, coeff=6, trial=5, GT MIS=10000, Greedy MIS=9412, |S|=17996, Oracle MIS=10000, Improvement=588
n=20000, coeff=6, trial=5, GT MIS=10000, Greedy MIS=9412, |S|=15218, Oracle MIS=10000, Improvement=588
n=20000, coeff=6, trial=5, GT MIS=10000, Greedy MIS=9412, |S|=12439, Oracle MIS=10000, Improvement=588
n=20000, coeff=6, trial=5, GT MIS=10000, Greedy MIS=9412, |S|=10884, Oracle MIS=10000, Improvement=588
n=20000, coeff=6, trial=6, GT MIS=10000, Greedy MIS=9840, |S|=20000, Oracle MIS=9840, Improvement=0
n=20000, coeff=6, trial=6, GT MIS=10000, Greedy MIS=9840, |S|=20000, Oracle MIS=9840, Improvement=0
n=20000, coeff=6, trial=6, GT MIS=10000, Greedy MIS=9840, |S|=20000, Oracle MIS=9840, Improvement=0
n=20000, coeff=6, trial=6, GT MIS=10000, Greedy MIS=9840, |S|=19996, Oracle MIS=9836, Improvement=-4
n=20000, coeff=6, trial=6, GT MIS=10000, Greedy MIS=9840, |S|=19931, Oracle MIS=9773, Improvement=-67
n=20000, coeff=6, trial=6, GT MIS=10000, Greedy MIS=9840, |S|=19468, Oracle MIS=9639, Improvement=-201
n=20000, coeff=6, trial=6, GT MIS=10000, Greedy MIS=9840, |S|=18040, Oracle MIS=9990, Improvement=150
n=20000, coeff=6, trial=6, GT MIS=10000, Greedy MIS=9840, |S|=15286, Oracle MIS=10000, Improvement=160
n=20000, coeff=6, trial=6, GT MIS=10000, Greedy MIS=9840, |S|=12476, Oracle MIS=10000, Improvement=160
n=20000, coeff=6, trial=6, GT MIS=10000, Greedy MIS=9840, |S|=10906, Oracle MIS=10000, Improvement=160
n=20000, coeff=6, trial=7, GT MIS=10000, Greedy MIS=9665, |S|=20000, Oracle MIS=9665, Improvement=0
n=20000, coeff=6, trial=7, GT MIS=10000, Greedy MIS=9665, |S|=20000, Oracle MIS=9665, Improvement=0
n=20000, coeff=6, trial=7, GT MIS=10000, Greedy MIS=9665, |S|=20000, Oracle MIS=9665, Improvement=0
n=20000, coeff=6, trial=7, GT MIS=10000, Greedy MIS=9665, |S|=19996, Oracle MIS=9661, Improvement=-4
n=20000, coeff=6, trial=7, GT MIS=10000, Greedy MIS=9665, |S|=19917, Oracle MIS=9507, Improvement=-158
n=20000, coeff=6, trial=7, GT MIS=10000, Greedy MIS=9665, |S|=19393, Oracle MIS=9834, Improvement=169
n=20000, coeff=6, trial=7, GT MIS=10000, Greedy MIS=9665, |S|=17828, Oracle MIS=10000, Improvement=335
n=20000, coeff=6, trial=7, GT MIS=10000, Greedy MIS=9665, |S|=15046, Oracle MIS=10000, Improvement=335
n=20000, coeff=6, trial=7, GT MIS=10000, Greedy MIS=9665, |S|=12312, Oracle MIS=9999, Improvement=334
n=20000, coeff=6, trial=7, GT MIS=10000, Greedy MIS=9665, |S|=10734, Oracle MIS=9998, Improvement=333
n=20000, coeff=6, trial=8, GT MIS=10000, Greedy MIS=9889, |S|=20000, Oracle MIS=9889, Improvement=0
n=20000, coeff=6, trial=8, GT MIS=10000, Greedy MIS=9889, |S|=20000, Oracle MIS=9889, Improvement=0
n=20000, coeff=6, trial=8, GT MIS=10000, Greedy MIS=9889, |S|=20000, Oracle MIS=9889, Improvement=0
n=20000, coeff=6, trial=8, GT MIS=10000, Greedy MIS=9889, |S|=19998, Oracle MIS=9887, Improvement=-2
n=20000, coeff=6, trial=8, GT MIS=10000, Greedy MIS=9889, |S|=19940, Oracle MIS=9832, Improvement=-57
n=20000, coeff=6, trial=8, GT MIS=10000, Greedy MIS=9889, |S|=19495, Oracle MIS=9786, Improvement=-103
n=20000, coeff=6, trial=8, GT MIS=10000, Greedy MIS=9889, |S|=18159, Oracle MIS=10000, Improvement=111
n=20000, coeff=6, trial=8, GT MIS=10000, Greedy MIS=9889, |S|=15580, Oracle MIS=10000, Improvement=111
n=20000, coeff=6, trial=8, GT MIS=10000, Greedy MIS=9889, |S|=12789, Oracle MIS=10000, Improvement=111
n=20000, coeff=6, trial=8, GT MIS=10000, Greedy MIS=9889, |S|=11031, Oracle MIS=9998, Improvement=109
n=20000, coeff=6, trial=9, GT MIS=10000, Greedy MIS=9654, |S|=20000, Oracle MIS=9654, Improvement=0
n=20000, coeff=6, trial=9, GT MIS=10000, Greedy MIS=9654, |S|=20000, Oracle MIS=9654, Improvement=0
n=20000, coeff=6, trial=9, GT MIS=10000, Greedy MIS=9654, |S|=20000, Oracle MIS=9654, Improvement=0
n=20000, coeff=6, trial=9, GT MIS=10000, Greedy MIS=9654, |S|=19996, Oracle MIS=9650, Improvement=-4
n=20000, coeff=6, trial=9, GT MIS=10000, Greedy MIS=9654, |S|=19926, Oracle MIS=9536, Improvement=-118
n=20000, coeff=6, trial=9, GT MIS=10000, Greedy MIS=9654, |S|=19436, Oracle MIS=9929, Improvement=275
n=20000, coeff=6, trial=9, GT MIS=10000, Greedy MIS=9654, |S|=18076, Oracle MIS=9991, Improvement=337
n=20000, coeff=6, trial=9, GT MIS=10000, Greedy MIS=9654, |S|=15330, Oracle MIS=10000, Improvement=346
n=20000, coeff=6, trial=9, GT MIS=10000, Greedy MIS=9654, |S|=12561, Oracle MIS=10000, Improvement=346
n=20000, coeff=6, trial=9, GT MIS=10000, Greedy MIS=9654, |S|=10861, Oracle MIS=9998, Improvement=344
n=20000, coeff=7, trial=5, GT MIS=10000, Greedy MIS=9731, |S|=20000, Oracle MIS=9731, Improvement=0
n=20000, coeff=7, trial=5, GT MIS=10000, Greedy MIS=9731, |S|=20000, Oracle MIS=9731, Improvement=0
n=20000, coeff=7, trial=5, GT MIS=10000, Greedy MIS=9731, |S|=20000, Oracle MIS=9731, Improvement=0
n=20000, coeff=7, trial=5, GT MIS=10000, Greedy MIS=9731, |S|=19996, Oracle MIS=9731, Improvement=0
n=20000, coeff=7, trial=5, GT MIS=10000, Greedy MIS=9731, |S|=19906, Oracle MIS=9731, Improvement=0
n=20000, coeff=7, trial=5, GT MIS=10000, Greedy MIS=9731, |S|=19351, Oracle MIS=10000, Improvement=269
n=20000, coeff=7, trial=5, GT MIS=10000, Greedy MIS=9731, |S|=17502, Oracle MIS=10000, Improvement=269
n=20000, coeff=7, trial=5, GT MIS=10000, Greedy MIS=9731, |S|=14342, Oracle MIS=10000, Improvement=269
n=20000, coeff=7, trial=5, GT MIS=10000, Greedy MIS=9731, |S|=11738, Oracle MIS=10000, Improvement=269
n=20000, coeff=7, trial=5, GT MIS=10000, Greedy MIS=9731, |S|=10471, Oracle MIS=9999, Improvement=268
n=20000, coeff=7, trial=6, GT MIS=10000, Greedy MIS=9884, |S|=20000, Oracle MIS=9884, Improvement=0
n=20000, coeff=7, trial=6, GT MIS=10000, Greedy MIS=9884, |S|=20000, Oracle MIS=9884, Improvement=0
n=20000, coeff=7, trial=6, GT MIS=10000, Greedy MIS=9884, |S|=20000, Oracle MIS=9884, Improvement=0
n=20000, coeff=7, trial=6, GT MIS=10000, Greedy MIS=9884, |S|=19994, Oracle MIS=9879, Improvement=-5
n=20000, coeff=7, trial=6, GT MIS=10000, Greedy MIS=9884, |S|=19908, Oracle MIS=9730, Improvement=-154
n=20000, coeff=7, trial=6, GT MIS=10000, Greedy MIS=9884, |S|=19354, Oracle MIS=9872, Improvement=-12
n=20000, coeff=7, trial=6, GT MIS=10000, Greedy MIS=9884, |S|=17597, Oracle MIS=9989, Improvement=105
n=20000, coeff=7, trial=6, GT MIS=10000, Greedy MIS=9884, |S|=14433, Oracle MIS=10000, Improvement=116
n=20000, coeff=7, trial=6, GT MIS=10000, Greedy MIS=9884, |S|=11811, Oracle MIS=10000, Improvement=116
n=20000, coeff=7, trial=6, GT MIS=10000, Greedy MIS=9884, |S|=10506, Oracle MIS=10000, Improvement=116
n=20000, coeff=7, trial=7, GT MIS=10000, Greedy MIS=9810, |S|=20000, Oracle MIS=9810, Improvement=0
n=20000, coeff=7, trial=7, GT MIS=10000, Greedy MIS=9810, |S|=20000, Oracle MIS=9810, Improvement=0
n=20000, coeff=7, trial=7, GT MIS=10000, Greedy MIS=9810, |S|=20000, Oracle MIS=9810, Improvement=0
n=20000, coeff=7, trial=7, GT MIS=10000, Greedy MIS=9810, |S|=19992, Oracle MIS=9802, Improvement=-8
n=20000, coeff=7, trial=7, GT MIS=10000, Greedy MIS=9810, |S|=19904, Oracle MIS=9698, Improvement=-112
n=20000, coeff=7, trial=7, GT MIS=10000, Greedy MIS=9810, |S|=19214, Oracle MIS=9930, Improvement=120
n=20000, coeff=7, trial=7, GT MIS=10000, Greedy MIS=9810, |S|=17345, Oracle MIS=10000, Improvement=190
n=20000, coeff=7, trial=7, GT MIS=10000, Greedy MIS=9810, |S|=14243, Oracle MIS=10000, Improvement=190
n=20000, coeff=7, trial=7, GT MIS=10000, Greedy MIS=9810, |S|=11620, Oracle MIS=10000, Improvement=190
n=20000, coeff=7, trial=7, GT MIS=10000, Greedy MIS=9810, |S|=10392, Oracle MIS=9997, Improvement=187
n=20000, coeff=7, trial=8, GT MIS=10000, Greedy MIS=9968, |S|=20000, Oracle MIS=9968, Improvement=0
n=20000, coeff=7, trial=8, GT MIS=10000, Greedy MIS=9968, |S|=20000, Oracle MIS=9968, Improvement=0
n=20000, coeff=7, trial=8, GT MIS=10000, Greedy MIS=9968, |S|=20000, Oracle MIS=9968, Improvement=0
n=20000, coeff=7, trial=8, GT MIS=10000, Greedy MIS=9968, |S|=19999, Oracle MIS=9967, Improvement=-1
n=20000, coeff=7, trial=8, GT MIS=10000, Greedy MIS=9968, |S|=19927, Oracle MIS=9847, Improvement=-121
n=20000, coeff=7, trial=8, GT MIS=10000, Greedy MIS=9968, |S|=19414, Oracle MIS=9893, Improvement=-75
n=20000, coeff=7, trial=8, GT MIS=10000, Greedy MIS=9968, |S|=17720, Oracle MIS=10000, Improvement=32
n=20000, coeff=7, trial=8, GT MIS=10000, Greedy MIS=9968, |S|=14749, Oracle MIS=10000, Improvement=32
n=20000, coeff=7, trial=8, GT MIS=10000, Greedy MIS=9968, |S|=12072, Oracle MIS=10000, Improvement=32
n=20000, coeff=7, trial=8, GT MIS=10000, Greedy MIS=9968, |S|=10584, Oracle MIS=9998, Improvement=30
n=20000, coeff=7, trial=9, GT MIS=10000, Greedy MIS=9461, |S|=20000, Oracle MIS=9461, Improvement=0
n=20000, coeff=7, trial=9, GT MIS=10000, Greedy MIS=9461, |S|=20000, Oracle MIS=9461, Improvement=0
n=20000, coeff=7, trial=9, GT MIS=10000, Greedy MIS=9461, |S|=20000, Oracle MIS=9461, Improvement=0
n=20000, coeff=7, trial=9, GT MIS=10000, Greedy MIS=9461, |S|=19996, Oracle MIS=9461, Improvement=0
n=20000, coeff=7, trial=9, GT MIS=10000, Greedy MIS=9461, |S|=19907, Oracle MIS=9461, Improvement=0
n=20000, coeff=7, trial=9, GT MIS=10000, Greedy MIS=9461, |S|=19331, Oracle MIS=9962, Improvement=501
n=20000, coeff=7, trial=9, GT MIS=10000, Greedy MIS=9461, |S|=17642, Oracle MIS=9990, Improvement=529
n=20000, coeff=7, trial=9, GT MIS=10000, Greedy MIS=9461, |S|=14438, Oracle MIS=10000, Improvement=539
n=20000, coeff=7, trial=9, GT MIS=10000, Greedy MIS=9461, |S|=11792, Oracle MIS=10000, Improvement=539
n=20000, coeff=7, trial=9, GT MIS=10000, Greedy MIS=9461, |S|=10482, Oracle MIS=10000, Improvement=539
n=20000, coeff=8, trial=5, GT MIS=10000, Greedy MIS=9765, |S|=20000, Oracle MIS=9765, Improvement=0
n=20000, coeff=8, trial=5, GT MIS=10000, Greedy MIS=9765, |S|=20000, Oracle MIS=9765, Improvement=0
n=20000, coeff=8, trial=5, GT MIS=10000, Greedy MIS=9765, |S|=20000, Oracle MIS=9765, Improvement=0
n=20000, coeff=8, trial=5, GT MIS=10000, Greedy MIS=9765, |S|=19996, Oracle MIS=9761, Improvement=-4
n=20000, coeff=8, trial=5, GT MIS=10000, Greedy MIS=9765, |S|=19892, Oracle MIS=9557, Improvement=-208
n=20000, coeff=8, trial=5, GT MIS=10000, Greedy MIS=9765, |S|=19172, Oracle MIS=10000, Improvement=235
n=20000, coeff=8, trial=5, GT MIS=10000, Greedy MIS=9765, |S|=16836, Oracle MIS=10000, Improvement=235
n=20000, coeff=8, trial=5, GT MIS=10000, Greedy MIS=9765, |S|=13572, Oracle MIS=10000, Improvement=235
n=20000, coeff=8, trial=5, GT MIS=10000, Greedy MIS=9765, |S|=11170, Oracle MIS=10000, Improvement=235
n=20000, coeff=8, trial=5, GT MIS=10000, Greedy MIS=9765, |S|=10258, Oracle MIS=9999, Improvement=234
n=20000, coeff=8, trial=6, GT MIS=10000, Greedy MIS=9875, |S|=20000, Oracle MIS=9875, Improvement=0
n=20000, coeff=8, trial=6, GT MIS=10000, Greedy MIS=9875, |S|=20000, Oracle MIS=9875, Improvement=0
n=20000, coeff=8, trial=6, GT MIS=10000, Greedy MIS=9875, |S|=20000, Oracle MIS=9875, Improvement=0
n=20000, coeff=8, trial=6, GT MIS=10000, Greedy MIS=9875, |S|=19995, Oracle MIS=9870, Improvement=-5
n=20000, coeff=8, trial=6, GT MIS=10000, Greedy MIS=9875, |S|=19886, Oracle MIS=9707, Improvement=-168
n=20000, coeff=8, trial=6, GT MIS=10000, Greedy MIS=9875, |S|=19169, Oracle MIS=9878, Improvement=3
n=20000, coeff=8, trial=6, GT MIS=10000, Greedy MIS=9875, |S|=16919, Oracle MIS=10000, Improvement=125
n=20000, coeff=8, trial=6, GT MIS=10000, Greedy MIS=9875, |S|=13678, Oracle MIS=10000, Improvement=125
n=20000, coeff=8, trial=6, GT MIS=10000, Greedy MIS=9875, |S|=11277, Oracle MIS=10000, Improvement=125
n=20000, coeff=8, trial=6, GT MIS=10000, Greedy MIS=9875, |S|=10277, Oracle MIS=10000, Improvement=125
n=20000, coeff=8, trial=7, GT MIS=10000, Greedy MIS=9772, |S|=20000, Oracle MIS=9772, Improvement=0
n=20000, coeff=8, trial=7, GT MIS=10000, Greedy MIS=9772, |S|=20000, Oracle MIS=9772, Improvement=0
n=20000, coeff=8, trial=7, GT MIS=10000, Greedy MIS=9772, |S|=20000, Oracle MIS=9772, Improvement=0
n=20000, coeff=8, trial=7, GT MIS=10000, Greedy MIS=9772, |S|=19991, Oracle MIS=9772, Improvement=0
n=20000, coeff=8, trial=7, GT MIS=10000, Greedy MIS=9772, |S|=19873, Oracle MIS=9772, Improvement=0
n=20000, coeff=8, trial=7, GT MIS=10000, Greedy MIS=9772, |S|=19054, Oracle MIS=9984, Improvement=212
n=20000, coeff=8, trial=7, GT MIS=10000, Greedy MIS=9772, |S|=16785, Oracle MIS=10000, Improvement=228
n=20000, coeff=8, trial=7, GT MIS=10000, Greedy MIS=9772, |S|=13463, Oracle MIS=10000, Improvement=228
n=20000, coeff=8, trial=7, GT MIS=10000, Greedy MIS=9772, |S|=11036, Oracle MIS=10000, Improvement=228
n=20000, coeff=8, trial=7, GT MIS=10000, Greedy MIS=9772, |S|=10201, Oracle MIS=9999, Improvement=227
n=20000, coeff=8, trial=8, GT MIS=10000, Greedy MIS=9842, |S|=20000, Oracle MIS=9842, Improvement=0
n=20000, coeff=8, trial=8, GT MIS=10000, Greedy MIS=9842, |S|=20000, Oracle MIS=9842, Improvement=0
n=20000, coeff=8, trial=8, GT MIS=10000, Greedy MIS=9842, |S|=20000, Oracle MIS=9842, Improvement=0
n=20000, coeff=8, trial=8, GT MIS=10000, Greedy MIS=9842, |S|=19997, Oracle MIS=9839, Improvement=-3
n=20000, coeff=8, trial=8, GT MIS=10000, Greedy MIS=9842, |S|=19892, Oracle MIS=9810, Improvement=-32
n=20000, coeff=8, trial=8, GT MIS=10000, Greedy MIS=9842, |S|=19254, Oracle MIS=9948, Improvement=106
n=20000, coeff=8, trial=8, GT MIS=10000, Greedy MIS=9842, |S|=17208, Oracle MIS=10000, Improvement=158
n=20000, coeff=8, trial=8, GT MIS=10000, Greedy MIS=9842, |S|=13876, Oracle MIS=10000, Improvement=158
n=20000, coeff=8, trial=8, GT MIS=10000, Greedy MIS=9842, |S|=11430, Oracle MIS=10000, Improvement=158
n=20000, coeff=8, trial=8, GT MIS=10000, Greedy MIS=9842, |S|=10345, Oracle MIS=9998, Improvement=156
n=20000, coeff=8, trial=9, GT MIS=10000, Greedy MIS=9925, |S|=20000, Oracle MIS=9925, Improvement=0
n=20000, coeff=8, trial=9, GT MIS=10000, Greedy MIS=9925, |S|=20000, Oracle MIS=9925, Improvement=0
n=20000, coeff=8, trial=9, GT MIS=10000, Greedy MIS=9925, |S|=20000, Oracle MIS=9925, Improvement=0
n=20000, coeff=8, trial=9, GT MIS=10000, Greedy MIS=9925, |S|=19994, Oracle MIS=9919, Improvement=-6
n=20000, coeff=8, trial=9, GT MIS=10000, Greedy MIS=9925, |S|=19889, Oracle MIS=9778, Improvement=-147
n=20000, coeff=8, trial=9, GT MIS=10000, Greedy MIS=9925, |S|=19126, Oracle MIS=9949, Improvement=24
n=20000, coeff=8, trial=9, GT MIS=10000, Greedy MIS=9925, |S|=17038, Oracle MIS=10000, Improvement=75
n=20000, coeff=8, trial=9, GT MIS=10000, Greedy MIS=9925, |S|=13703, Oracle MIS=10000, Improvement=75
n=20000, coeff=8, trial=9, GT MIS=10000, Greedy MIS=9925, |S|=11228, Oracle MIS=10000, Improvement=75
n=20000, coeff=8, trial=9, GT MIS=10000, Greedy MIS=9925, |S|=10272, Oracle MIS=9999, Improvement=74
n=20000, coeff=9, trial=5, GT MIS=10000, Greedy MIS=9752, |S|=20000, Oracle MIS=9752, Improvement=0
n=20000, coeff=9, trial=5, GT MIS=10000, Greedy MIS=9752, |S|=20000, Oracle MIS=9752, Improvement=0
n=20000, coeff=9, trial=5, GT MIS=10000, Greedy MIS=9752, |S|=20000, Oracle MIS=9752, Improvement=0
n=20000, coeff=9, trial=5, GT MIS=10000, Greedy MIS=9752, |S|=19993, Oracle MIS=9745, Improvement=-7
n=20000, coeff=9, trial=5, GT MIS=10000, Greedy MIS=9752, |S|=19853, Oracle MIS=9562, Improvement=-190
n=20000, coeff=9, trial=5, GT MIS=10000, Greedy MIS=9752, |S|=18979, Oracle MIS=10000, Improvement=248
n=20000, coeff=9, trial=5, GT MIS=10000, Greedy MIS=9752, |S|=16247, Oracle MIS=10000, Improvement=248
n=20000, coeff=9, trial=5, GT MIS=10000, Greedy MIS=9752, |S|=12840, Oracle MIS=10000, Improvement=248
n=20000, coeff=9, trial=5, GT MIS=10000, Greedy MIS=9752, |S|=10783, Oracle MIS=10000, Improvement=248
n=20000, coeff=9, trial=5, GT MIS=10000, Greedy MIS=9752, |S|=10114, Oracle MIS=9999, Improvement=247
n=20000, coeff=9, trial=6, GT MIS=10000, Greedy MIS=9844, |S|=20000, Oracle MIS=9844, Improvement=0
n=20000, coeff=9, trial=6, GT MIS=10000, Greedy MIS=9844, |S|=20000, Oracle MIS=9844, Improvement=0
n=20000, coeff=9, trial=6, GT MIS=10000, Greedy MIS=9844, |S|=20000, Oracle MIS=9844, Improvement=0
n=20000, coeff=9, trial=6, GT MIS=10000, Greedy MIS=9844, |S|=19992, Oracle MIS=9836, Improvement=-8
n=20000, coeff=9, trial=6, GT MIS=10000, Greedy MIS=9844, |S|=19868, Oracle MIS=9440, Improvement=-404
n=20000, coeff=9, trial=6, GT MIS=10000, Greedy MIS=9844, |S|=18979, Oracle MIS=9883, Improvement=39
n=20000, coeff=9, trial=6, GT MIS=10000, Greedy MIS=9844, |S|=16404, Oracle MIS=10000, Improvement=156
n=20000, coeff=9, trial=6, GT MIS=10000, Greedy MIS=9844, |S|=12917, Oracle MIS=10000, Improvement=156
n=20000, coeff=9, trial=6, GT MIS=10000, Greedy MIS=9844, |S|=10857, Oracle MIS=10000, Improvement=156
n=20000, coeff=9, trial=6, GT MIS=10000, Greedy MIS=9844, |S|=10125, Oracle MIS=10000, Improvement=156
n=20000, coeff=9, trial=7, GT MIS=10000, Greedy MIS=9750, |S|=20000, Oracle MIS=9750, Improvement=0
n=20000, coeff=9, trial=7, GT MIS=10000, Greedy MIS=9750, |S|=20000, Oracle MIS=9750, Improvement=0
n=20000, coeff=9, trial=7, GT MIS=10000, Greedy MIS=9750, |S|=20000, Oracle MIS=9750, Improvement=0
n=20000, coeff=9, trial=7, GT MIS=10000, Greedy MIS=9750, |S|=19990, Oracle MIS=9695, Improvement=-55
n=20000, coeff=9, trial=7, GT MIS=10000, Greedy MIS=9750, |S|=19825, Oracle MIS=9712, Improvement=-38
n=20000, coeff=9, trial=7, GT MIS=10000, Greedy MIS=9750, |S|=18824, Oracle MIS=9982, Improvement=232
n=20000, coeff=9, trial=7, GT MIS=10000, Greedy MIS=9750, |S|=16073, Oracle MIS=10000, Improvement=250
n=20000, coeff=9, trial=7, GT MIS=10000, Greedy MIS=9750, |S|=12756, Oracle MIS=10000, Improvement=250
n=20000, coeff=9, trial=7, GT MIS=10000, Greedy MIS=9750, |S|=10678, Oracle MIS=10000, Improvement=250
n=20000, coeff=9, trial=7, GT MIS=10000, Greedy MIS=9750, |S|=10113, Oracle MIS=10000, Improvement=250
n=20000, coeff=9, trial=8, GT MIS=10000, Greedy MIS=9933, |S|=20000, Oracle MIS=9933, Improvement=0
n=20000, coeff=9, trial=8, GT MIS=10000, Greedy MIS=9933, |S|=20000, Oracle MIS=9933, Improvement=0
n=20000, coeff=9, trial=8, GT MIS=10000, Greedy MIS=9933, |S|=20000, Oracle MIS=9933, Improvement=0
n=20000, coeff=9, trial=8, GT MIS=10000, Greedy MIS=9933, |S|=19996, Oracle MIS=9929, Improvement=-4
n=20000, coeff=9, trial=8, GT MIS=10000, Greedy MIS=9933, |S|=19884, Oracle MIS=9339, Improvement=-594
n=20000, coeff=9, trial=8, GT MIS=10000, Greedy MIS=9933, |S|=19117, Oracle MIS=9979, Improvement=46
n=20000, coeff=9, trial=8, GT MIS=10000, Greedy MIS=9933, |S|=16629, Oracle MIS=10000, Improvement=67
n=20000, coeff=9, trial=8, GT MIS=10000, Greedy MIS=9933, |S|=13253, Oracle MIS=10000, Improvement=67
n=20000, coeff=9, trial=8, GT MIS=10000, Greedy MIS=9933, |S|=10967, Oracle MIS=10000, Improvement=67
n=20000, coeff=9, trial=8, GT MIS=10000, Greedy MIS=9933, |S|=10169, Oracle MIS=10000, Improvement=67
n=20000, coeff=9, trial=9, GT MIS=10000, Greedy MIS=9909, |S|=20000, Oracle MIS=9909, Improvement=0
n=20000, coeff=9, trial=9, GT MIS=10000, Greedy MIS=9909, |S|=20000, Oracle MIS=9909, Improvement=0
n=20000, coeff=9, trial=9, GT MIS=10000, Greedy MIS=9909, |S|=20000, Oracle MIS=9909, Improvement=0
n=20000, coeff=9, trial=9, GT MIS=10000, Greedy MIS=9909, |S|=19994, Oracle MIS=9904, Improvement=-5
n=20000, coeff=9, trial=9, GT MIS=10000, Greedy MIS=9909, |S|=19877, Oracle MIS=9743, Improvement=-166
n=20000, coeff=9, trial=9, GT MIS=10000, Greedy MIS=9909, |S|=18955, Oracle MIS=10000, Improvement=91
n=20000, coeff=9, trial=9, GT MIS=10000, Greedy MIS=9909, |S|=16421, Oracle MIS=10000, Improvement=91
n=20000, coeff=9, trial=9, GT MIS=10000, Greedy MIS=9909, |S|=13083, Oracle MIS=10000, Improvement=91
n=20000, coeff=9, trial=9, GT MIS=10000, Greedy MIS=9909, |S|=10845, Oracle MIS=10000, Improvement=91
n=20000, coeff=9, trial=9, GT MIS=10000, Greedy MIS=9909, |S|=10133, Oracle MIS=9999, Improvement=90
n=20000, coeff=10, trial=5, GT MIS=10000, Greedy MIS=9752, |S|=20000, Oracle MIS=9752, Improvement=0
n=20000, coeff=10, trial=5, GT MIS=10000, Greedy MIS=9752, |S|=20000, Oracle MIS=9752, Improvement=0
n=20000, coeff=10, trial=5, GT MIS=10000, Greedy MIS=9752, |S|=20000, Oracle MIS=9752, Improvement=0
n=20000, coeff=10, trial=5, GT MIS=10000, Greedy MIS=9752, |S|=19989, Oracle MIS=9752, Improvement=0
n=20000, coeff=10, trial=5, GT MIS=10000, Greedy MIS=9752, |S|=19841, Oracle MIS=9974, Improvement=222
n=20000, coeff=10, trial=5, GT MIS=10000, Greedy MIS=9752, |S|=18694, Oracle MIS=10000, Improvement=248
n=20000, coeff=10, trial=5, GT MIS=10000, Greedy MIS=9752, |S|=15647, Oracle MIS=10000, Improvement=248
n=20000, coeff=10, trial=5, GT MIS=10000, Greedy MIS=9752, |S|=12205, Oracle MIS=10000, Improvement=248
n=20000, coeff=10, trial=5, GT MIS=10000, Greedy MIS=9752, |S|=10494, Oracle MIS=10000, Improvement=248
n=20000, coeff=10, trial=5, GT MIS=10000, Greedy MIS=9752, |S|=10059, Oracle MIS=9999, Improvement=247
n=20000, coeff=10, trial=6, GT MIS=10000, Greedy MIS=9714, |S|=20000, Oracle MIS=9714, Improvement=0
n=20000, coeff=10, trial=6, GT MIS=10000, Greedy MIS=9714, |S|=20000, Oracle MIS=9714, Improvement=0
n=20000, coeff=10, trial=6, GT MIS=10000, Greedy MIS=9714, |S|=20000, Oracle MIS=9714, Improvement=0
n=20000, coeff=10, trial=6, GT MIS=10000, Greedy MIS=9714, |S|=19992, Oracle MIS=9679, Improvement=-35
n=20000, coeff=10, trial=6, GT MIS=10000, Greedy MIS=9714, |S|=19838, Oracle MIS=9582, Improvement=-132
n=20000, coeff=10, trial=6, GT MIS=10000, Greedy MIS=9714, |S|=18720, Oracle MIS=9978, Improvement=264
n=20000, coeff=10, trial=6, GT MIS=10000, Greedy MIS=9714, |S|=15821, Oracle MIS=10000, Improvement=286
n=20000, coeff=10, trial=6, GT MIS=10000, Greedy MIS=9714, |S|=12280, Oracle MIS=10000, Improvement=286
n=20000, coeff=10, trial=6, GT MIS=10000, Greedy MIS=9714, |S|=10499, Oracle MIS=10000, Improvement=286
n=20000, coeff=10, trial=6, GT MIS=10000, Greedy MIS=9714, |S|=10064, Oracle MIS=10000, Improvement=286
n=20000, coeff=10, trial=7, GT MIS=10000, Greedy MIS=9922, |S|=20000, Oracle MIS=9922, Improvement=0
n=20000, coeff=10, trial=7, GT MIS=10000, Greedy MIS=9922, |S|=20000, Oracle MIS=9922, Improvement=0
n=20000, coeff=10, trial=7, GT MIS=10000, Greedy MIS=9922, |S|=20000, Oracle MIS=9922, Improvement=0
n=20000, coeff=10, trial=7, GT MIS=10000, Greedy MIS=9922, |S|=19990, Oracle MIS=9912, Improvement=-10
n=20000, coeff=10, trial=7, GT MIS=10000, Greedy MIS=9922, |S|=19778, Oracle MIS=9314, Improvement=-608
n=20000, coeff=10, trial=7, GT MIS=10000, Greedy MIS=9922, |S|=18524, Oracle MIS=10000, Improvement=78
n=20000, coeff=10, trial=7, GT MIS=10000, Greedy MIS=9922, |S|=15530, Oracle MIS=10000, Improvement=78
n=20000, coeff=10, trial=7, GT MIS=10000, Greedy MIS=9922, |S|=12134, Oracle MIS=10000, Improvement=78
n=20000, coeff=10, trial=7, GT MIS=10000, Greedy MIS=9922, |S|=10453, Oracle MIS=10000, Improvement=78
n=20000, coeff=10, trial=7, GT MIS=10000, Greedy MIS=9922, |S|=10058, Oracle MIS=10000, Improvement=78
n=20000, coeff=10, trial=8, GT MIS=10000, Greedy MIS=9950, |S|=20000, Oracle MIS=9950, Improvement=0
n=20000, coeff=10, trial=8, GT MIS=10000, Greedy MIS=9950, |S|=20000, Oracle MIS=9950, Improvement=0
n=20000, coeff=10, trial=8, GT MIS=10000, Greedy MIS=9950, |S|=20000, Oracle MIS=9950, Improvement=0
n=20000, coeff=10, trial=8, GT MIS=10000, Greedy MIS=9950, |S|=19992, Oracle MIS=9942, Improvement=-8
n=20000, coeff=10, trial=8, GT MIS=10000, Greedy MIS=9950, |S|=19848, Oracle MIS=9691, Improvement=-259
n=20000, coeff=10, trial=8, GT MIS=10000, Greedy MIS=9950, |S|=18927, Oracle MIS=10000, Improvement=50
n=20000, coeff=10, trial=8, GT MIS=10000, Greedy MIS=9950, |S|=16022, Oracle MIS=10000, Improvement=50
n=20000, coeff=10, trial=8, GT MIS=10000, Greedy MIS=9950, |S|=12564, Oracle MIS=10000, Improvement=50
n=20000, coeff=10, trial=8, GT MIS=10000, Greedy MIS=9950, |S|=10670, Oracle MIS=10000, Improvement=50
n=20000, coeff=10, trial=8, GT MIS=10000, Greedy MIS=9950, |S|=10085, Oracle MIS=10000, Improvement=50
n=20000, coeff=10, trial=9, GT MIS=10000, Greedy MIS=9526, |S|=20000, Oracle MIS=9526, Improvement=0
n=20000, coeff=10, trial=9, GT MIS=10000, Greedy MIS=9526, |S|=20000, Oracle MIS=9526, Improvement=0
n=20000, coeff=10, trial=9, GT MIS=10000, Greedy MIS=9526, |S|=20000, Oracle MIS=9526, Improvement=0
n=20000, coeff=10, trial=9, GT MIS=10000, Greedy MIS=9526, |S|=19993, Oracle MIS=9521, Improvement=-5
n=20000, coeff=10, trial=9, GT MIS=10000, Greedy MIS=9526, |S|=19835, Oracle MIS=9847, Improvement=321
n=20000, coeff=10, trial=9, GT MIS=10000, Greedy MIS=9526, |S|=18741, Oracle MIS=10000, Improvement=474
n=20000, coeff=10, trial=9, GT MIS=10000, Greedy MIS=9526, |S|=15818, Oracle MIS=10000, Improvement=474
n=20000, coeff=10, trial=9, GT MIS=10000, Greedy MIS=9526, |S|=12373, Oracle MIS=10000, Improvement=474
n=20000, coeff=10, trial=9, GT MIS=10000, Greedy MIS=9526, |S|=10559, Oracle MIS=10000, Improvement=474
n=20000, coeff=10, trial=9, GT MIS=10000, Greedy MIS=9526, |S|=10066, Oracle MIS=10000, Improvement=474
Results saved to bipartite_experiment_results_epislons_20000.csv
