Running job on compute-2-01
Requested resources:
  - CPUs: 12
  - GPUs: 
  - Memory: 18000
Skipping n=70000, coeff=10.0, trial=0, epsilon=0.025 as entry already exists.
Skipping n=70000, coeff=10.0, trial=0, epsilon=0.05 as entry already exists.
Skipping n=70000, coeff=10.0, trial=0, epsilon=0.075 as entry already exists.
Skipping n=70000, coeff=10.0, trial=0, epsilon=0.1 as entry already exists.
Skipping n=70000, coeff=10.0, trial=0, epsilon=0.125 as entry already exists.
Skipping n=70000, coeff=10.0, trial=0, epsilon=0.15 as entry already exists.
Skipping n=70000, coeff=10.0, trial=0, epsilon=0.175 as entry already exists.
Skipping n=70000, coeff=10.0, trial=0, epsilon=0.2 as entry already exists.
Skipping n=70000, coeff=10.0, trial=0, epsilon=0.225 as entry already exists.
Skipping n=70000, coeff=10.0, trial=0, epsilon=0.25 as entry already exists.
Skipping n=70000, coeff=10.0, trial=1, epsilon=0.025 as entry already exists.
Skipping n=70000, coeff=10.0, trial=1, epsilon=0.05 as entry already exists.
Skipping n=70000, coeff=10.0, trial=1, epsilon=0.075 as entry already exists.
Skipping n=70000, coeff=10.0, trial=1, epsilon=0.1 as entry already exists.
Skipping n=70000, coeff=10.0, trial=1, epsilon=0.125 as entry already exists.
Skipping n=70000, coeff=10.0, trial=1, epsilon=0.15 as entry already exists.
Skipping n=70000, coeff=10.0, trial=1, epsilon=0.175 as entry already exists.
Skipping n=70000, coeff=10.0, trial=1, epsilon=0.2 as entry already exists.
Skipping n=70000, coeff=10.0, trial=1, epsilon=0.225 as entry already exists.
Skipping n=70000, coeff=10.0, trial=1, epsilon=0.25 as entry already exists.
Skipping n=70000, coeff=10.0, trial=2, epsilon=0.025 as entry already exists.
Skipping n=70000, coeff=10.0, trial=2, epsilon=0.05 as entry already exists.
Skipping n=70000, coeff=10.0, trial=2, epsilon=0.075 as entry already exists.
Skipping n=70000, coeff=10.0, trial=2, epsilon=0.1 as entry already exists.
Skipping n=70000, coeff=10.0, trial=2, epsilon=0.125 as entry already exists.
Skipping n=70000, coeff=10.0, trial=2, epsilon=0.15 as entry already exists.
Skipping n=70000, coeff=10.0, trial=2, epsilon=0.175 as entry already exists.
Skipping n=70000, coeff=10.0, trial=2, epsilon=0.2 as entry already exists.
Skipping n=70000, coeff=10.0, trial=2, epsilon=0.225 as entry already exists.
Skipping n=70000, coeff=10.0, trial=2, epsilon=0.25 as entry already exists.
Skipping n=70000, coeff=10.0, trial=3, epsilon=0.025 as entry already exists.
Skipping n=70000, coeff=10.0, trial=3, epsilon=0.05 as entry already exists.
Skipping n=70000, coeff=10.0, trial=3, epsilon=0.075 as entry already exists.
Skipping n=70000, coeff=10.0, trial=3, epsilon=0.1 as entry already exists.
Skipping n=70000, coeff=10.0, trial=3, epsilon=0.125 as entry already exists.
Skipping n=70000, coeff=10.0, trial=3, epsilon=0.15 as entry already exists.
Skipping n=70000, coeff=10.0, trial=3, epsilon=0.175 as entry already exists.
Skipping n=70000, coeff=10.0, trial=3, epsilon=0.2 as entry already exists.
Skipping n=70000, coeff=10.0, trial=3, epsilon=0.225 as entry already exists.
Skipping n=70000, coeff=10.0, trial=3, epsilon=0.25 as entry already exists.
Skipping n=70000, coeff=10.0, trial=4, epsilon=0.025 as entry already exists.
Skipping n=70000, coeff=10.0, trial=4, epsilon=0.05 as entry already exists.
Skipping n=70000, coeff=10.0, trial=4, epsilon=0.075 as entry already exists.
Skipping n=70000, coeff=10.0, trial=4, epsilon=0.1 as entry already exists.
Skipping n=70000, coeff=10.0, trial=4, epsilon=0.125 as entry already exists.
Skipping n=70000, coeff=10.0, trial=4, epsilon=0.15 as entry already exists.
Skipping n=70000, coeff=10.0, trial=4, epsilon=0.175 as entry already exists.
Skipping n=70000, coeff=10.0, trial=4, epsilon=0.2 as entry already exists.
Skipping n=70000, coeff=10.0, trial=4, epsilon=0.225 as entry already exists.
Skipping n=70000, coeff=10.0, trial=4, epsilon=0.25 as entry already exists.
Skipping n=70000, coeff=10.0, trial=5, epsilon=0.025 as entry already exists.
Skipping n=70000, coeff=10.0, trial=5, epsilon=0.05 as entry already exists.
Skipping n=70000, coeff=10.0, trial=5, epsilon=0.075 as entry already exists.
Skipping n=70000, coeff=10.0, trial=5, epsilon=0.1 as entry already exists.
Skipping n=70000, coeff=10.0, trial=5, epsilon=0.125 as entry already exists.
Skipping n=70000, coeff=10.0, trial=5, epsilon=0.15 as entry already exists.
Skipping n=70000, coeff=10.0, trial=5, epsilon=0.175 as entry already exists.
Skipping n=70000, coeff=10.0, trial=5, epsilon=0.2 as entry already exists.
Skipping n=70000, coeff=10.0, trial=5, epsilon=0.225 as entry already exists.
Skipping n=70000, coeff=10.0, trial=5, epsilon=0.25 as entry already exists.
Skipping n=70000, coeff=10.0, trial=6, epsilon=0.025 as entry already exists.
Skipping n=70000, coeff=10.0, trial=6, epsilon=0.05 as entry already exists.
Skipping n=70000, coeff=10.0, trial=6, epsilon=0.075 as entry already exists.
Skipping n=70000, coeff=10.0, trial=6, epsilon=0.1 as entry already exists.
Skipping n=70000, coeff=10.0, trial=6, epsilon=0.125 as entry already exists.
Skipping n=70000, coeff=10.0, trial=6, epsilon=0.15 as entry already exists.
Skipping n=70000, coeff=10.0, trial=6, epsilon=0.175 as entry already exists.
Skipping n=70000, coeff=10.0, trial=6, epsilon=0.2 as entry already exists.
Skipping n=70000, coeff=10.0, trial=6, epsilon=0.225 as entry already exists.
Skipping n=70000, coeff=10.0, trial=6, epsilon=0.25 as entry already exists.
Skipping n=70000, coeff=10.0, trial=7, epsilon=0.025 as entry already exists.
Skipping n=70000, coeff=10.0, trial=7, epsilon=0.05 as entry already exists.
Skipping n=70000, coeff=10.0, trial=7, epsilon=0.075 as entry already exists.
Skipping n=70000, coeff=10.0, trial=7, epsilon=0.1 as entry already exists.
Skipping n=70000, coeff=10.0, trial=7, epsilon=0.125 as entry already exists.
Skipping n=70000, coeff=10.0, trial=7, epsilon=0.15 as entry already exists.
Skipping n=70000, coeff=10.0, trial=7, epsilon=0.175 as entry already exists.
Skipping n=70000, coeff=10.0, trial=7, epsilon=0.2 as entry already exists.
n=70000, coeff=10.0, trial=7, GT MIS=35000, Greedy MIS=34037, |S|=36090, Oracle MIS=35000, Improvement=963
n=70000, coeff=10.0, trial=7, GT MIS=35000, Greedy MIS=34037, |S|=35101, Oracle MIS=35000, Improvement=963
n=70000, coeff=10.0, trial=8, GT MIS=35000, Greedy MIS=34464, |S|=70000, Oracle MIS=34464, Improvement=0
n=70000, coeff=10.0, trial=8, GT MIS=35000, Greedy MIS=34464, |S|=70000, Oracle MIS=34464, Improvement=0
n=70000, coeff=10.0, trial=8, GT MIS=35000, Greedy MIS=34464, |S|=69999, Oracle MIS=34463, Improvement=-1
n=70000, coeff=10.0, trial=8, GT MIS=35000, Greedy MIS=34464, |S|=69969, Oracle MIS=34433, Improvement=-31
n=70000, coeff=10.0, trial=8, GT MIS=35000, Greedy MIS=34464, |S|=69395, Oracle MIS=34029, Improvement=-435
n=70000, coeff=10.0, trial=8, GT MIS=35000, Greedy MIS=34464, |S|=65051, Oracle MIS=34979, Improvement=515
n=70000, coeff=10.0, trial=8, GT MIS=35000, Greedy MIS=34464, |S|=53402, Oracle MIS=35000, Improvement=536
n=70000, coeff=10.0, trial=8, GT MIS=35000, Greedy MIS=34464, |S|=41401, Oracle MIS=35000, Improvement=536
n=70000, coeff=10.0, trial=8, GT MIS=35000, Greedy MIS=34464, |S|=36104, Oracle MIS=35000, Improvement=536
n=70000, coeff=10.0, trial=8, GT MIS=35000, Greedy MIS=34464, |S|=35094, Oracle MIS=34999, Improvement=535
n=70000, coeff=10.0, trial=9, GT MIS=35000, Greedy MIS=34307, |S|=70000, Oracle MIS=34307, Improvement=0
n=70000, coeff=10.0, trial=9, GT MIS=35000, Greedy MIS=34307, |S|=70000, Oracle MIS=34307, Improvement=0
n=70000, coeff=10.0, trial=9, GT MIS=35000, Greedy MIS=34307, |S|=70000, Oracle MIS=34307, Improvement=0
n=70000, coeff=10.0, trial=9, GT MIS=35000, Greedy MIS=34307, |S|=69975, Oracle MIS=34251, Improvement=-56
n=70000, coeff=10.0, trial=9, GT MIS=35000, Greedy MIS=34307, |S|=69279, Oracle MIS=33762, Improvement=-545
n=70000, coeff=10.0, trial=9, GT MIS=35000, Greedy MIS=34307, |S|=64559, Oracle MIS=35000, Improvement=693
n=70000, coeff=10.0, trial=9, GT MIS=35000, Greedy MIS=34307, |S|=53092, Oracle MIS=35000, Improvement=693
n=70000, coeff=10.0, trial=9, GT MIS=35000, Greedy MIS=34307, |S|=41076, Oracle MIS=35000, Improvement=693
n=70000, coeff=10.0, trial=9, GT MIS=35000, Greedy MIS=34307, |S|=36040, Oracle MIS=35000, Improvement=693
n=70000, coeff=10.0, trial=9, GT MIS=35000, Greedy MIS=34307, |S|=35079, Oracle MIS=34999, Improvement=692
Results saved to bipartite_experiment_results_epislons_70000.csv
