Running job on compute-0-50
Requested resources:
  - CPUs: 12
  - GPUs: 
  - Memory: 18000
n=50000, coeff=72.0, trial=0, GT MIS=25000, Greedy MIS=25000, |S|=50000, Oracle MIS=25000, Improvement=0
n=50000, coeff=72.0, trial=0, GT MIS=25000, Greedy MIS=25000, |S|=50000, Oracle MIS=25000, Improvement=0
n=50000, coeff=72.0, trial=0, GT MIS=25000, Greedy MIS=25000, |S|=49731, Oracle MIS=25000, Improvement=0
n=50000, coeff=72.0, trial=0, GT MIS=25000, Greedy MIS=25000, |S|=36531, Oracle MIS=25000, Improvement=0
n=50000, coeff=72.0, trial=0, GT MIS=25000, Greedy MIS=25000, |S|=25172, Oracle MIS=25000, Improvement=0
n=50000, coeff=72.0, trial=0, GT MIS=25000, Greedy MIS=25000, |S|=25000, Oracle MIS=25000, Improvement=0
n=50000, coeff=72.0, trial=0, GT MIS=25000, Greedy MIS=25000, |S|=25000, Oracle MIS=25000, Improvement=0
n=50000, coeff=72.0, trial=0, GT MIS=25000, Greedy MIS=25000, |S|=25000, Oracle MIS=25000, Improvement=0
n=50000, coeff=72.0, trial=0, GT MIS=25000, Greedy MIS=25000, |S|=25000, Oracle MIS=25000, Improvement=0
n=50000, coeff=72.0, trial=0, GT MIS=25000, Greedy MIS=25000, |S|=25000, Oracle MIS=25000, Improvement=0
n=50000, coeff=72.0, trial=1, GT MIS=25000, Greedy MIS=25000, |S|=50000, Oracle MIS=25000, Improvement=0
n=50000, coeff=72.0, trial=1, GT MIS=25000, Greedy MIS=25000, |S|=50000, Oracle MIS=25000, Improvement=0
n=50000, coeff=72.0, trial=1, GT MIS=25000, Greedy MIS=25000, |S|=49809, Oracle MIS=24809, Improvement=-191
n=50000, coeff=72.0, trial=1, GT MIS=25000, Greedy MIS=25000, |S|=37906, Oracle MIS=25000, Improvement=0
n=50000, coeff=72.0, trial=1, GT MIS=25000, Greedy MIS=25000, |S|=25323, Oracle MIS=25000, Improvement=0
n=50000, coeff=72.0, trial=1, GT MIS=25000, Greedy MIS=25000, |S|=25000, Oracle MIS=25000, Improvement=0
n=50000, coeff=72.0, trial=1, GT MIS=25000, Greedy MIS=25000, |S|=25000, Oracle MIS=25000, Improvement=0
n=50000, coeff=72.0, trial=1, GT MIS=25000, Greedy MIS=25000, |S|=25000, Oracle MIS=25000, Improvement=0
n=50000, coeff=72.0, trial=1, GT MIS=25000, Greedy MIS=25000, |S|=25000, Oracle MIS=25000, Improvement=0
n=50000, coeff=72.0, trial=1, GT MIS=25000, Greedy MIS=25000, |S|=25000, Oracle MIS=25000, Improvement=0
n=50000, coeff=72.0, trial=2, GT MIS=25000, Greedy MIS=25000, |S|=50000, Oracle MIS=25000, Improvement=0
n=50000, coeff=72.0, trial=2, GT MIS=25000, Greedy MIS=25000, |S|=50000, Oracle MIS=25000, Improvement=0
n=50000, coeff=72.0, trial=2, GT MIS=25000, Greedy MIS=25000, |S|=49578, Oracle MIS=24578, Improvement=-422
n=50000, coeff=72.0, trial=2, GT MIS=25000, Greedy MIS=25000, |S|=35524, Oracle MIS=25000, Improvement=0
n=50000, coeff=72.0, trial=2, GT MIS=25000, Greedy MIS=25000, |S|=25151, Oracle MIS=25000, Improvement=0
n=50000, coeff=72.0, trial=2, GT MIS=25000, Greedy MIS=25000, |S|=25000, Oracle MIS=25000, Improvement=0
n=50000, coeff=72.0, trial=2, GT MIS=25000, Greedy MIS=25000, |S|=25000, Oracle MIS=25000, Improvement=0
n=50000, coeff=72.0, trial=2, GT MIS=25000, Greedy MIS=25000, |S|=25000, Oracle MIS=25000, Improvement=0
n=50000, coeff=72.0, trial=2, GT MIS=25000, Greedy MIS=25000, |S|=25000, Oracle MIS=25000, Improvement=0
n=50000, coeff=72.0, trial=2, GT MIS=25000, Greedy MIS=25000, |S|=25000, Oracle MIS=25000, Improvement=0
n=50000, coeff=72.0, trial=3, GT MIS=25000, Greedy MIS=25000, |S|=50000, Oracle MIS=25000, Improvement=0
n=50000, coeff=72.0, trial=3, GT MIS=25000, Greedy MIS=25000, |S|=50000, Oracle MIS=25000, Improvement=0
n=50000, coeff=72.0, trial=3, GT MIS=25000, Greedy MIS=25000, |S|=49708, Oracle MIS=24689, Improvement=-311
n=50000, coeff=72.0, trial=3, GT MIS=25000, Greedy MIS=25000, |S|=36318, Oracle MIS=25000, Improvement=0
n=50000, coeff=72.0, trial=3, GT MIS=25000, Greedy MIS=25000, |S|=25224, Oracle MIS=25000, Improvement=0
n=50000, coeff=72.0, trial=3, GT MIS=25000, Greedy MIS=25000, |S|=25000, Oracle MIS=25000, Improvement=0
n=50000, coeff=72.0, trial=3, GT MIS=25000, Greedy MIS=25000, |S|=25000, Oracle MIS=25000, Improvement=0
n=50000, coeff=72.0, trial=3, GT MIS=25000, Greedy MIS=25000, |S|=25000, Oracle MIS=25000, Improvement=0
n=50000, coeff=72.0, trial=3, GT MIS=25000, Greedy MIS=25000, |S|=25000, Oracle MIS=25000, Improvement=0
n=50000, coeff=72.0, trial=3, GT MIS=25000, Greedy MIS=25000, |S|=25000, Oracle MIS=25000, Improvement=0
n=50000, coeff=72.0, trial=4, GT MIS=25000, Greedy MIS=25000, |S|=50000, Oracle MIS=25000, Improvement=0
n=50000, coeff=72.0, trial=4, GT MIS=25000, Greedy MIS=25000, |S|=50000, Oracle MIS=25000, Improvement=0
n=50000, coeff=72.0, trial=4, GT MIS=25000, Greedy MIS=25000, |S|=49848, Oracle MIS=25000, Improvement=0
n=50000, coeff=72.0, trial=4, GT MIS=25000, Greedy MIS=25000, |S|=38223, Oracle MIS=25000, Improvement=0
n=50000, coeff=72.0, trial=4, GT MIS=25000, Greedy MIS=25000, |S|=25271, Oracle MIS=25000, Improvement=0
n=50000, coeff=72.0, trial=4, GT MIS=25000, Greedy MIS=25000, |S|=25000, Oracle MIS=25000, Improvement=0
n=50000, coeff=72.0, trial=4, GT MIS=25000, Greedy MIS=25000, |S|=25000, Oracle MIS=25000, Improvement=0
n=50000, coeff=72.0, trial=4, GT MIS=25000, Greedy MIS=25000, |S|=25000, Oracle MIS=25000, Improvement=0
n=50000, coeff=72.0, trial=4, GT MIS=25000, Greedy MIS=25000, |S|=25000, Oracle MIS=25000, Improvement=0
n=50000, coeff=72.0, trial=4, GT MIS=25000, Greedy MIS=25000, |S|=25000, Oracle MIS=25000, Improvement=0
n=50000, coeff=72.0, trial=5, GT MIS=25000, Greedy MIS=25000, |S|=50000, Oracle MIS=25000, Improvement=0
n=50000, coeff=72.0, trial=5, GT MIS=25000, Greedy MIS=25000, |S|=50000, Oracle MIS=25000, Improvement=0
n=50000, coeff=72.0, trial=5, GT MIS=25000, Greedy MIS=25000, |S|=49613, Oracle MIS=25000, Improvement=0
n=50000, coeff=72.0, trial=5, GT MIS=25000, Greedy MIS=25000, |S|=34910, Oracle MIS=25000, Improvement=0
n=50000, coeff=72.0, trial=5, GT MIS=25000, Greedy MIS=25000, |S|=25141, Oracle MIS=25000, Improvement=0
n=50000, coeff=72.0, trial=5, GT MIS=25000, Greedy MIS=25000, |S|=25000, Oracle MIS=25000, Improvement=0
n=50000, coeff=72.0, trial=5, GT MIS=25000, Greedy MIS=25000, |S|=25000, Oracle MIS=25000, Improvement=0
n=50000, coeff=72.0, trial=5, GT MIS=25000, Greedy MIS=25000, |S|=25000, Oracle MIS=25000, Improvement=0
n=50000, coeff=72.0, trial=5, GT MIS=25000, Greedy MIS=25000, |S|=25000, Oracle MIS=25000, Improvement=0
n=50000, coeff=72.0, trial=5, GT MIS=25000, Greedy MIS=25000, |S|=25000, Oracle MIS=25000, Improvement=0
n=50000, coeff=72.0, trial=6, GT MIS=25000, Greedy MIS=25000, |S|=50000, Oracle MIS=25000, Improvement=0
n=50000, coeff=72.0, trial=6, GT MIS=25000, Greedy MIS=25000, |S|=50000, Oracle MIS=25000, Improvement=0
n=50000, coeff=72.0, trial=6, GT MIS=25000, Greedy MIS=25000, |S|=49728, Oracle MIS=24728, Improvement=-272
n=50000, coeff=72.0, trial=6, GT MIS=25000, Greedy MIS=25000, |S|=36976, Oracle MIS=25000, Improvement=0
n=50000, coeff=72.0, trial=6, GT MIS=25000, Greedy MIS=25000, |S|=25242, Oracle MIS=25000, Improvement=0
n=50000, coeff=72.0, trial=6, GT MIS=25000, Greedy MIS=25000, |S|=25001, Oracle MIS=25000, Improvement=0
n=50000, coeff=72.0, trial=6, GT MIS=25000, Greedy MIS=25000, |S|=25000, Oracle MIS=25000, Improvement=0
n=50000, coeff=72.0, trial=6, GT MIS=25000, Greedy MIS=25000, |S|=25000, Oracle MIS=25000, Improvement=0
n=50000, coeff=72.0, trial=6, GT MIS=25000, Greedy MIS=25000, |S|=25000, Oracle MIS=25000, Improvement=0
n=50000, coeff=72.0, trial=6, GT MIS=25000, Greedy MIS=25000, |S|=25000, Oracle MIS=25000, Improvement=0
n=50000, coeff=72.0, trial=7, GT MIS=25000, Greedy MIS=25000, |S|=50000, Oracle MIS=25000, Improvement=0
n=50000, coeff=72.0, trial=7, GT MIS=25000, Greedy MIS=25000, |S|=49999, Oracle MIS=24999, Improvement=-1
n=50000, coeff=72.0, trial=7, GT MIS=25000, Greedy MIS=25000, |S|=49571, Oracle MIS=25000, Improvement=0
n=50000, coeff=72.0, trial=7, GT MIS=25000, Greedy MIS=25000, |S|=35166, Oracle MIS=25000, Improvement=0
n=50000, coeff=72.0, trial=7, GT MIS=25000, Greedy MIS=25000, |S|=25182, Oracle MIS=25000, Improvement=0
n=50000, coeff=72.0, trial=7, GT MIS=25000, Greedy MIS=25000, |S|=25000, Oracle MIS=25000, Improvement=0
n=50000, coeff=72.0, trial=7, GT MIS=25000, Greedy MIS=25000, |S|=25000, Oracle MIS=25000, Improvement=0
n=50000, coeff=72.0, trial=7, GT MIS=25000, Greedy MIS=25000, |S|=25000, Oracle MIS=25000, Improvement=0
n=50000, coeff=72.0, trial=7, GT MIS=25000, Greedy MIS=25000, |S|=25000, Oracle MIS=25000, Improvement=0
n=50000, coeff=72.0, trial=7, GT MIS=25000, Greedy MIS=25000, |S|=25000, Oracle MIS=25000, Improvement=0
n=50000, coeff=72.0, trial=8, GT MIS=25000, Greedy MIS=25000, |S|=50000, Oracle MIS=25000, Improvement=0
n=50000, coeff=72.0, trial=8, GT MIS=25000, Greedy MIS=25000, |S|=50000, Oracle MIS=25000, Improvement=0
n=50000, coeff=72.0, trial=8, GT MIS=25000, Greedy MIS=25000, |S|=49787, Oracle MIS=24787, Improvement=-213
n=50000, coeff=72.0, trial=8, GT MIS=25000, Greedy MIS=25000, |S|=37827, Oracle MIS=25000, Improvement=0
n=50000, coeff=72.0, trial=8, GT MIS=25000, Greedy MIS=25000, |S|=25260, Oracle MIS=25000, Improvement=0
n=50000, coeff=72.0, trial=8, GT MIS=25000, Greedy MIS=25000, |S|=25000, Oracle MIS=25000, Improvement=0
n=50000, coeff=72.0, trial=8, GT MIS=25000, Greedy MIS=25000, |S|=25000, Oracle MIS=25000, Improvement=0
n=50000, coeff=72.0, trial=8, GT MIS=25000, Greedy MIS=25000, |S|=25000, Oracle MIS=25000, Improvement=0
n=50000, coeff=72.0, trial=8, GT MIS=25000, Greedy MIS=25000, |S|=25000, Oracle MIS=25000, Improvement=0
n=50000, coeff=72.0, trial=8, GT MIS=25000, Greedy MIS=25000, |S|=25000, Oracle MIS=25000, Improvement=0
n=50000, coeff=72.0, trial=9, GT MIS=25000, Greedy MIS=25000, |S|=50000, Oracle MIS=25000, Improvement=0
n=50000, coeff=72.0, trial=9, GT MIS=25000, Greedy MIS=25000, |S|=50000, Oracle MIS=25000, Improvement=0
n=50000, coeff=72.0, trial=9, GT MIS=25000, Greedy MIS=25000, |S|=49746, Oracle MIS=25000, Improvement=0
n=50000, coeff=72.0, trial=9, GT MIS=25000, Greedy MIS=25000, |S|=37174, Oracle MIS=25000, Improvement=0
n=50000, coeff=72.0, trial=9, GT MIS=25000, Greedy MIS=25000, |S|=25214, Oracle MIS=25000, Improvement=0
n=50000, coeff=72.0, trial=9, GT MIS=25000, Greedy MIS=25000, |S|=25000, Oracle MIS=25000, Improvement=0
n=50000, coeff=72.0, trial=9, GT MIS=25000, Greedy MIS=25000, |S|=25000, Oracle MIS=25000, Improvement=0
n=50000, coeff=72.0, trial=9, GT MIS=25000, Greedy MIS=25000, |S|=25000, Oracle MIS=25000, Improvement=0
n=50000, coeff=72.0, trial=9, GT MIS=25000, Greedy MIS=25000, |S|=25000, Oracle MIS=25000, Improvement=0
n=50000, coeff=72.0, trial=9, GT MIS=25000, Greedy MIS=25000, |S|=25000, Oracle MIS=25000, Improvement=0
Results saved to bipartite_experiment_results_epislons_50000.csv
