Running job on compute-0-54
Requested resources:
  - CPUs: 18
  - GPUs: 
  - Memory: 18000
n=55000, coeff=11.0, trial=0, GT MIS=27500, Greedy MIS=27006, |S|=55000, Oracle MIS=27006, Improvement=0
n=55000, coeff=11.0, trial=0, GT MIS=27500, Greedy MIS=27006, |S|=55000, Oracle MIS=27006, Improvement=0
n=55000, coeff=11.0, trial=0, GT MIS=27500, Greedy MIS=27006, |S|=55000, Oracle MIS=27006, Improvement=0
n=55000, coeff=11.0, trial=0, GT MIS=27500, Greedy MIS=27006, |S|=54968, Oracle MIS=26873, Improvement=-133
n=55000, coeff=11.0, trial=0, GT MIS=27500, Greedy MIS=27006, |S|=54380, Oracle MIS=27165, Improvement=159
n=55000, coeff=11.0, trial=0, GT MIS=27500, Greedy MIS=27006, |S|=49977, Oracle MIS=27500, Improvement=494
n=55000, coeff=11.0, trial=0, GT MIS=27500, Greedy MIS=27006, |S|=39911, Oracle MIS=27500, Improvement=494
n=55000, coeff=11.0, trial=0, GT MIS=27500, Greedy MIS=27006, |S|=31374, Oracle MIS=27500, Improvement=494
n=55000, coeff=11.0, trial=0, GT MIS=27500, Greedy MIS=27006, |S|=28058, Oracle MIS=27500, Improvement=494
n=55000, coeff=11.0, trial=0, GT MIS=27500, Greedy MIS=27006, |S|=27534, Oracle MIS=27500, Improvement=494
n=55000, coeff=11.0, trial=1, GT MIS=27500, Greedy MIS=26972, |S|=55000, Oracle MIS=26972, Improvement=0
n=55000, coeff=11.0, trial=1, GT MIS=27500, Greedy MIS=26972, |S|=55000, Oracle MIS=26972, Improvement=0
n=55000, coeff=11.0, trial=1, GT MIS=27500, Greedy MIS=26972, |S|=55000, Oracle MIS=26972, Improvement=0
n=55000, coeff=11.0, trial=1, GT MIS=27500, Greedy MIS=26972, |S|=54968, Oracle MIS=26873, Improvement=-99
n=55000, coeff=11.0, trial=1, GT MIS=27500, Greedy MIS=26972, |S|=54276, Oracle MIS=27372, Improvement=400
n=55000, coeff=11.0, trial=1, GT MIS=27500, Greedy MIS=26972, |S|=49415, Oracle MIS=27500, Improvement=528
n=55000, coeff=11.0, trial=1, GT MIS=27500, Greedy MIS=26972, |S|=38972, Oracle MIS=27500, Improvement=528
n=55000, coeff=11.0, trial=1, GT MIS=27500, Greedy MIS=26972, |S|=30815, Oracle MIS=27500, Improvement=528
n=55000, coeff=11.0, trial=1, GT MIS=27500, Greedy MIS=26972, |S|=27954, Oracle MIS=27500, Improvement=528
n=55000, coeff=11.0, trial=1, GT MIS=27500, Greedy MIS=26972, |S|=27535, Oracle MIS=27500, Improvement=528
n=55000, coeff=11.0, trial=2, GT MIS=27500, Greedy MIS=27062, |S|=55000, Oracle MIS=27062, Improvement=0
n=55000, coeff=11.0, trial=2, GT MIS=27500, Greedy MIS=27062, |S|=55000, Oracle MIS=27062, Improvement=0
n=55000, coeff=11.0, trial=2, GT MIS=27500, Greedy MIS=27062, |S|=54999, Oracle MIS=27062, Improvement=0
n=55000, coeff=11.0, trial=2, GT MIS=27500, Greedy MIS=27062, |S|=54965, Oracle MIS=27062, Improvement=0
n=55000, coeff=11.0, trial=2, GT MIS=27500, Greedy MIS=27062, |S|=54253, Oracle MIS=27305, Improvement=243
n=55000, coeff=11.0, trial=2, GT MIS=27500, Greedy MIS=27062, |S|=49304, Oracle MIS=27500, Improvement=438
n=55000, coeff=11.0, trial=2, GT MIS=27500, Greedy MIS=27062, |S|=38794, Oracle MIS=27500, Improvement=438
n=55000, coeff=11.0, trial=2, GT MIS=27500, Greedy MIS=27062, |S|=30742, Oracle MIS=27500, Improvement=438
n=55000, coeff=11.0, trial=2, GT MIS=27500, Greedy MIS=27062, |S|=27931, Oracle MIS=27500, Improvement=438
n=55000, coeff=11.0, trial=2, GT MIS=27500, Greedy MIS=27062, |S|=27540, Oracle MIS=27500, Improvement=438
n=55000, coeff=11.0, trial=3, GT MIS=27500, Greedy MIS=27007, |S|=55000, Oracle MIS=27007, Improvement=0
n=55000, coeff=11.0, trial=3, GT MIS=27500, Greedy MIS=27007, |S|=55000, Oracle MIS=27007, Improvement=0
n=55000, coeff=11.0, trial=3, GT MIS=27500, Greedy MIS=27007, |S|=55000, Oracle MIS=27007, Improvement=0
n=55000, coeff=11.0, trial=3, GT MIS=27500, Greedy MIS=27007, |S|=54968, Oracle MIS=26976, Improvement=-31
n=55000, coeff=11.0, trial=3, GT MIS=27500, Greedy MIS=27007, |S|=54298, Oracle MIS=26903, Improvement=-104
n=55000, coeff=11.0, trial=3, GT MIS=27500, Greedy MIS=27007, |S|=49962, Oracle MIS=27500, Improvement=493
n=55000, coeff=11.0, trial=3, GT MIS=27500, Greedy MIS=27007, |S|=39956, Oracle MIS=27500, Improvement=493
n=55000, coeff=11.0, trial=3, GT MIS=27500, Greedy MIS=27007, |S|=31275, Oracle MIS=27500, Improvement=493
n=55000, coeff=11.0, trial=3, GT MIS=27500, Greedy MIS=27007, |S|=28035, Oracle MIS=27500, Improvement=493
n=55000, coeff=11.0, trial=3, GT MIS=27500, Greedy MIS=27007, |S|=27544, Oracle MIS=27500, Improvement=493
n=55000, coeff=11.0, trial=4, GT MIS=27500, Greedy MIS=26611, |S|=55000, Oracle MIS=26611, Improvement=0
n=55000, coeff=11.0, trial=4, GT MIS=27500, Greedy MIS=26611, |S|=55000, Oracle MIS=26611, Improvement=0
n=55000, coeff=11.0, trial=4, GT MIS=27500, Greedy MIS=26611, |S|=55000, Oracle MIS=26611, Improvement=0
n=55000, coeff=11.0, trial=4, GT MIS=27500, Greedy MIS=26611, |S|=54957, Oracle MIS=26611, Improvement=0
n=55000, coeff=11.0, trial=4, GT MIS=27500, Greedy MIS=26611, |S|=54285, Oracle MIS=27239, Improvement=628
n=55000, coeff=11.0, trial=4, GT MIS=27500, Greedy MIS=26611, |S|=49832, Oracle MIS=27500, Improvement=889
n=55000, coeff=11.0, trial=4, GT MIS=27500, Greedy MIS=26611, |S|=39532, Oracle MIS=27500, Improvement=889
n=55000, coeff=11.0, trial=4, GT MIS=27500, Greedy MIS=26611, |S|=31171, Oracle MIS=27500, Improvement=889
n=55000, coeff=11.0, trial=4, GT MIS=27500, Greedy MIS=26611, |S|=28008, Oracle MIS=27500, Improvement=889
n=55000, coeff=11.0, trial=4, GT MIS=27500, Greedy MIS=26611, |S|=27530, Oracle MIS=27498, Improvement=887
n=55000, coeff=11.0, trial=5, GT MIS=27500, Greedy MIS=26974, |S|=55000, Oracle MIS=26974, Improvement=0
n=55000, coeff=11.0, trial=5, GT MIS=27500, Greedy MIS=26974, |S|=55000, Oracle MIS=26974, Improvement=0
n=55000, coeff=11.0, trial=5, GT MIS=27500, Greedy MIS=26974, |S|=55000, Oracle MIS=26974, Improvement=0
n=55000, coeff=11.0, trial=5, GT MIS=27500, Greedy MIS=26974, |S|=54977, Oracle MIS=26951, Improvement=-23
n=55000, coeff=11.0, trial=5, GT MIS=27500, Greedy MIS=26974, |S|=54418, Oracle MIS=27199, Improvement=225
n=55000, coeff=11.0, trial=5, GT MIS=27500, Greedy MIS=26974, |S|=50402, Oracle MIS=27500, Improvement=526
n=55000, coeff=11.0, trial=5, GT MIS=27500, Greedy MIS=26974, |S|=40309, Oracle MIS=27500, Improvement=526
n=55000, coeff=11.0, trial=5, GT MIS=27500, Greedy MIS=26974, |S|=31515, Oracle MIS=27500, Improvement=526
n=55000, coeff=11.0, trial=5, GT MIS=27500, Greedy MIS=26974, |S|=28098, Oracle MIS=27500, Improvement=526
n=55000, coeff=11.0, trial=5, GT MIS=27500, Greedy MIS=26974, |S|=27546, Oracle MIS=27500, Improvement=526
n=55000, coeff=11.0, trial=6, GT MIS=27500, Greedy MIS=27303, |S|=55000, Oracle MIS=27303, Improvement=0
n=55000, coeff=11.0, trial=6, GT MIS=27500, Greedy MIS=27303, |S|=55000, Oracle MIS=27303, Improvement=0
n=55000, coeff=11.0, trial=6, GT MIS=27500, Greedy MIS=27303, |S|=54998, Oracle MIS=27301, Improvement=-2
n=55000, coeff=11.0, trial=6, GT MIS=27500, Greedy MIS=27303, |S|=54955, Oracle MIS=27259, Improvement=-44
n=55000, coeff=11.0, trial=6, GT MIS=27500, Greedy MIS=27303, |S|=54176, Oracle MIS=27131, Improvement=-172
n=55000, coeff=11.0, trial=6, GT MIS=27500, Greedy MIS=27303, |S|=49634, Oracle MIS=27500, Improvement=197
n=55000, coeff=11.0, trial=6, GT MIS=27500, Greedy MIS=27303, |S|=39336, Oracle MIS=27500, Improvement=197
n=55000, coeff=11.0, trial=6, GT MIS=27500, Greedy MIS=27303, |S|=30902, Oracle MIS=27500, Improvement=197
n=55000, coeff=11.0, trial=6, GT MIS=27500, Greedy MIS=27303, |S|=28029, Oracle MIS=27500, Improvement=197
n=55000, coeff=11.0, trial=6, GT MIS=27500, Greedy MIS=27303, |S|=27521, Oracle MIS=27499, Improvement=196
n=55000, coeff=11.0, trial=7, GT MIS=27500, Greedy MIS=27137, |S|=55000, Oracle MIS=27137, Improvement=0
n=55000, coeff=11.0, trial=7, GT MIS=27500, Greedy MIS=27137, |S|=55000, Oracle MIS=27137, Improvement=0
n=55000, coeff=11.0, trial=7, GT MIS=27500, Greedy MIS=27137, |S|=55000, Oracle MIS=27137, Improvement=0
n=55000, coeff=11.0, trial=7, GT MIS=27500, Greedy MIS=27137, |S|=54960, Oracle MIS=27098, Improvement=-39
n=55000, coeff=11.0, trial=7, GT MIS=27500, Greedy MIS=27137, |S|=54326, Oracle MIS=26913, Improvement=-224
n=55000, coeff=11.0, trial=7, GT MIS=27500, Greedy MIS=27137, |S|=50030, Oracle MIS=27500, Improvement=363
n=55000, coeff=11.0, trial=7, GT MIS=27500, Greedy MIS=27137, |S|=39957, Oracle MIS=27500, Improvement=363
n=55000, coeff=11.0, trial=7, GT MIS=27500, Greedy MIS=27137, |S|=31289, Oracle MIS=27500, Improvement=363
n=55000, coeff=11.0, trial=7, GT MIS=27500, Greedy MIS=27137, |S|=28050, Oracle MIS=27500, Improvement=363
n=55000, coeff=11.0, trial=7, GT MIS=27500, Greedy MIS=27137, |S|=27548, Oracle MIS=27499, Improvement=362
n=55000, coeff=11.0, trial=8, GT MIS=27500, Greedy MIS=26649, |S|=55000, Oracle MIS=26649, Improvement=0
n=55000, coeff=11.0, trial=8, GT MIS=27500, Greedy MIS=26649, |S|=55000, Oracle MIS=26649, Improvement=0
n=55000, coeff=11.0, trial=8, GT MIS=27500, Greedy MIS=26649, |S|=54999, Oracle MIS=26648, Improvement=-1
n=55000, coeff=11.0, trial=8, GT MIS=27500, Greedy MIS=26649, |S|=54962, Oracle MIS=27015, Improvement=366
n=55000, coeff=11.0, trial=8, GT MIS=27500, Greedy MIS=26649, |S|=54329, Oracle MIS=27185, Improvement=536
n=55000, coeff=11.0, trial=8, GT MIS=27500, Greedy MIS=26649, |S|=50115, Oracle MIS=27474, Improvement=825
n=55000, coeff=11.0, trial=8, GT MIS=27500, Greedy MIS=26649, |S|=40312, Oracle MIS=27500, Improvement=851
n=55000, coeff=11.0, trial=8, GT MIS=27500, Greedy MIS=26649, |S|=31499, Oracle MIS=27500, Improvement=851
n=55000, coeff=11.0, trial=8, GT MIS=27500, Greedy MIS=26649, |S|=28066, Oracle MIS=27500, Improvement=851
n=55000, coeff=11.0, trial=8, GT MIS=27500, Greedy MIS=26649, |S|=27540, Oracle MIS=27500, Improvement=851
n=55000, coeff=11.0, trial=9, GT MIS=27500, Greedy MIS=27007, |S|=55000, Oracle MIS=27007, Improvement=0
n=55000, coeff=11.0, trial=9, GT MIS=27500, Greedy MIS=27007, |S|=55000, Oracle MIS=27007, Improvement=0
n=55000, coeff=11.0, trial=9, GT MIS=27500, Greedy MIS=27007, |S|=55000, Oracle MIS=27007, Improvement=0
n=55000, coeff=11.0, trial=9, GT MIS=27500, Greedy MIS=27007, |S|=54950, Oracle MIS=26924, Improvement=-83
n=55000, coeff=11.0, trial=9, GT MIS=27500, Greedy MIS=27007, |S|=54312, Oracle MIS=27371, Improvement=364
n=55000, coeff=11.0, trial=9, GT MIS=27500, Greedy MIS=27007, |S|=50169, Oracle MIS=27500, Improvement=493
n=55000, coeff=11.0, trial=9, GT MIS=27500, Greedy MIS=27007, |S|=40006, Oracle MIS=27500, Improvement=493
n=55000, coeff=11.0, trial=9, GT MIS=27500, Greedy MIS=27007, |S|=31324, Oracle MIS=27500, Improvement=493
n=55000, coeff=11.0, trial=9, GT MIS=27500, Greedy MIS=27007, |S|=28031, Oracle MIS=27499, Improvement=492
n=55000, coeff=11.0, trial=9, GT MIS=27500, Greedy MIS=27007, |S|=27531, Oracle MIS=27499, Improvement=492
Results saved to bipartite_experiment_results_epislons_55000.csv
