Running job on compute-2-09
Requested resources:
  - CPUs: 12
  - GPUs: 
  - Memory: 18000
n=10000, coeff=20.0, trial=0, GT MIS=5000, Greedy MIS=4944, |S|=10000, Oracle MIS=4944, Improvement=0
n=10000, coeff=20.0, trial=0, GT MIS=5000, Greedy MIS=4944, |S|=10000, Oracle MIS=4944, Improvement=0
n=10000, coeff=20.0, trial=0, GT MIS=5000, Greedy MIS=4944, |S|=10000, Oracle MIS=4944, Improvement=0
n=10000, coeff=20.0, trial=0, GT MIS=5000, Greedy MIS=4944, |S|=9991, Oracle MIS=4935, Improvement=-9
n=10000, coeff=20.0, trial=0, GT MIS=5000, Greedy MIS=4944, |S|=9724, Oracle MIS=4892, Improvement=-52
n=10000, coeff=20.0, trial=0, GT MIS=5000, Greedy MIS=4944, |S|=8281, Oracle MIS=5000, Improvement=56
n=10000, coeff=20.0, trial=0, GT MIS=5000, Greedy MIS=4944, |S|=5946, Oracle MIS=5000, Improvement=56
n=10000, coeff=20.0, trial=0, GT MIS=5000, Greedy MIS=4944, |S|=5104, Oracle MIS=5000, Improvement=56
n=10000, coeff=20.0, trial=0, GT MIS=5000, Greedy MIS=4944, |S|=5002, Oracle MIS=5000, Improvement=56
n=10000, coeff=20.0, trial=0, GT MIS=5000, Greedy MIS=4944, |S|=5000, Oracle MIS=5000, Improvement=56
n=10000, coeff=20.0, trial=1, GT MIS=5000, Greedy MIS=5000, |S|=10000, Oracle MIS=5000, Improvement=0
n=10000, coeff=20.0, trial=1, GT MIS=5000, Greedy MIS=5000, |S|=10000, Oracle MIS=5000, Improvement=0
n=10000, coeff=20.0, trial=1, GT MIS=5000, Greedy MIS=5000, |S|=10000, Oracle MIS=5000, Improvement=0
n=10000, coeff=20.0, trial=1, GT MIS=5000, Greedy MIS=5000, |S|=9982, Oracle MIS=5000, Improvement=0
n=10000, coeff=20.0, trial=1, GT MIS=5000, Greedy MIS=5000, |S|=9584, Oracle MIS=5000, Improvement=0
n=10000, coeff=20.0, trial=1, GT MIS=5000, Greedy MIS=5000, |S|=7699, Oracle MIS=5000, Improvement=0
n=10000, coeff=20.0, trial=1, GT MIS=5000, Greedy MIS=5000, |S|=5702, Oracle MIS=5000, Improvement=0
n=10000, coeff=20.0, trial=1, GT MIS=5000, Greedy MIS=5000, |S|=5057, Oracle MIS=5000, Improvement=0
n=10000, coeff=20.0, trial=1, GT MIS=5000, Greedy MIS=5000, |S|=5001, Oracle MIS=5000, Improvement=0
n=10000, coeff=20.0, trial=1, GT MIS=5000, Greedy MIS=5000, |S|=5000, Oracle MIS=5000, Improvement=0
n=10000, coeff=20.0, trial=2, GT MIS=5000, Greedy MIS=4941, |S|=10000, Oracle MIS=4941, Improvement=0
n=10000, coeff=20.0, trial=2, GT MIS=5000, Greedy MIS=4941, |S|=10000, Oracle MIS=4941, Improvement=0
n=10000, coeff=20.0, trial=2, GT MIS=5000, Greedy MIS=4941, |S|=10000, Oracle MIS=4941, Improvement=0
n=10000, coeff=20.0, trial=2, GT MIS=5000, Greedy MIS=4941, |S|=9991, Oracle MIS=4941, Improvement=0
n=10000, coeff=20.0, trial=2, GT MIS=5000, Greedy MIS=4941, |S|=9647, Oracle MIS=5000, Improvement=59
n=10000, coeff=20.0, trial=2, GT MIS=5000, Greedy MIS=4941, |S|=7873, Oracle MIS=5000, Improvement=59
n=10000, coeff=20.0, trial=2, GT MIS=5000, Greedy MIS=4941, |S|=5860, Oracle MIS=5000, Improvement=59
n=10000, coeff=20.0, trial=2, GT MIS=5000, Greedy MIS=4941, |S|=5081, Oracle MIS=5000, Improvement=59
n=10000, coeff=20.0, trial=2, GT MIS=5000, Greedy MIS=4941, |S|=5001, Oracle MIS=5000, Improvement=59
n=10000, coeff=20.0, trial=2, GT MIS=5000, Greedy MIS=4941, |S|=5000, Oracle MIS=5000, Improvement=59
n=10000, coeff=20.0, trial=3, GT MIS=5000, Greedy MIS=5000, |S|=10000, Oracle MIS=5000, Improvement=0
n=10000, coeff=20.0, trial=3, GT MIS=5000, Greedy MIS=5000, |S|=10000, Oracle MIS=5000, Improvement=0
n=10000, coeff=20.0, trial=3, GT MIS=5000, Greedy MIS=5000, |S|=10000, Oracle MIS=5000, Improvement=0
n=10000, coeff=20.0, trial=3, GT MIS=5000, Greedy MIS=5000, |S|=9983, Oracle MIS=4983, Improvement=-17
n=10000, coeff=20.0, trial=3, GT MIS=5000, Greedy MIS=5000, |S|=9483, Oracle MIS=5000, Improvement=0
n=10000, coeff=20.0, trial=3, GT MIS=5000, Greedy MIS=5000, |S|=7565, Oracle MIS=5000, Improvement=0
n=10000, coeff=20.0, trial=3, GT MIS=5000, Greedy MIS=5000, |S|=5610, Oracle MIS=5000, Improvement=0
n=10000, coeff=20.0, trial=3, GT MIS=5000, Greedy MIS=5000, |S|=5054, Oracle MIS=5000, Improvement=0
n=10000, coeff=20.0, trial=3, GT MIS=5000, Greedy MIS=5000, |S|=5000, Oracle MIS=5000, Improvement=0
n=10000, coeff=20.0, trial=3, GT MIS=5000, Greedy MIS=5000, |S|=5000, Oracle MIS=5000, Improvement=0
n=10000, coeff=20.0, trial=4, GT MIS=5000, Greedy MIS=5000, |S|=10000, Oracle MIS=5000, Improvement=0
n=10000, coeff=20.0, trial=4, GT MIS=5000, Greedy MIS=5000, |S|=10000, Oracle MIS=5000, Improvement=0
n=10000, coeff=20.0, trial=4, GT MIS=5000, Greedy MIS=5000, |S|=10000, Oracle MIS=5000, Improvement=0
n=10000, coeff=20.0, trial=4, GT MIS=5000, Greedy MIS=5000, |S|=9981, Oracle MIS=5000, Improvement=0
n=10000, coeff=20.0, trial=4, GT MIS=5000, Greedy MIS=5000, |S|=9538, Oracle MIS=5000, Improvement=0
n=10000, coeff=20.0, trial=4, GT MIS=5000, Greedy MIS=5000, |S|=7601, Oracle MIS=5000, Improvement=0
n=10000, coeff=20.0, trial=4, GT MIS=5000, Greedy MIS=5000, |S|=5616, Oracle MIS=5000, Improvement=0
n=10000, coeff=20.0, trial=4, GT MIS=5000, Greedy MIS=5000, |S|=5040, Oracle MIS=5000, Improvement=0
n=10000, coeff=20.0, trial=4, GT MIS=5000, Greedy MIS=5000, |S|=5003, Oracle MIS=5000, Improvement=0
n=10000, coeff=20.0, trial=4, GT MIS=5000, Greedy MIS=5000, |S|=5000, Oracle MIS=5000, Improvement=0
n=10000, coeff=20.0, trial=5, GT MIS=5000, Greedy MIS=4826, |S|=10000, Oracle MIS=4826, Improvement=0
n=10000, coeff=20.0, trial=5, GT MIS=5000, Greedy MIS=4826, |S|=10000, Oracle MIS=4826, Improvement=0
n=10000, coeff=20.0, trial=5, GT MIS=5000, Greedy MIS=4826, |S|=10000, Oracle MIS=4826, Improvement=0
n=10000, coeff=20.0, trial=5, GT MIS=5000, Greedy MIS=4826, |S|=9990, Oracle MIS=4817, Improvement=-9
n=10000, coeff=20.0, trial=5, GT MIS=5000, Greedy MIS=4826, |S|=9635, Oracle MIS=5000, Improvement=174
n=10000, coeff=20.0, trial=5, GT MIS=5000, Greedy MIS=4826, |S|=8032, Oracle MIS=5000, Improvement=174
n=10000, coeff=20.0, trial=5, GT MIS=5000, Greedy MIS=4826, |S|=5819, Oracle MIS=5000, Improvement=174
n=10000, coeff=20.0, trial=5, GT MIS=5000, Greedy MIS=4826, |S|=5080, Oracle MIS=5000, Improvement=174
n=10000, coeff=20.0, trial=5, GT MIS=5000, Greedy MIS=4826, |S|=5003, Oracle MIS=5000, Improvement=174
n=10000, coeff=20.0, trial=5, GT MIS=5000, Greedy MIS=4826, |S|=5000, Oracle MIS=5000, Improvement=174
n=10000, coeff=20.0, trial=6, GT MIS=5000, Greedy MIS=5000, |S|=10000, Oracle MIS=5000, Improvement=0
n=10000, coeff=20.0, trial=6, GT MIS=5000, Greedy MIS=5000, |S|=10000, Oracle MIS=5000, Improvement=0
n=10000, coeff=20.0, trial=6, GT MIS=5000, Greedy MIS=5000, |S|=10000, Oracle MIS=5000, Improvement=0
n=10000, coeff=20.0, trial=6, GT MIS=5000, Greedy MIS=5000, |S|=9977, Oracle MIS=5000, Improvement=0
n=10000, coeff=20.0, trial=6, GT MIS=5000, Greedy MIS=5000, |S|=9550, Oracle MIS=5000, Improvement=0
n=10000, coeff=20.0, trial=6, GT MIS=5000, Greedy MIS=5000, |S|=7681, Oracle MIS=5000, Improvement=0
n=10000, coeff=20.0, trial=6, GT MIS=5000, Greedy MIS=5000, |S|=5648, Oracle MIS=5000, Improvement=0
n=10000, coeff=20.0, trial=6, GT MIS=5000, Greedy MIS=5000, |S|=5064, Oracle MIS=5000, Improvement=0
n=10000, coeff=20.0, trial=6, GT MIS=5000, Greedy MIS=5000, |S|=5003, Oracle MIS=5000, Improvement=0
n=10000, coeff=20.0, trial=6, GT MIS=5000, Greedy MIS=5000, |S|=5000, Oracle MIS=5000, Improvement=0
n=10000, coeff=20.0, trial=7, GT MIS=5000, Greedy MIS=4773, |S|=10000, Oracle MIS=4773, Improvement=0
n=10000, coeff=20.0, trial=7, GT MIS=5000, Greedy MIS=4773, |S|=10000, Oracle MIS=4773, Improvement=0
n=10000, coeff=20.0, trial=7, GT MIS=5000, Greedy MIS=4773, |S|=10000, Oracle MIS=4773, Improvement=0
n=10000, coeff=20.0, trial=7, GT MIS=5000, Greedy MIS=4773, |S|=9989, Oracle MIS=4763, Improvement=-10
n=10000, coeff=20.0, trial=7, GT MIS=5000, Greedy MIS=4773, |S|=9642, Oracle MIS=5000, Improvement=227
n=10000, coeff=20.0, trial=7, GT MIS=5000, Greedy MIS=4773, |S|=7920, Oracle MIS=5000, Improvement=227
n=10000, coeff=20.0, trial=7, GT MIS=5000, Greedy MIS=4773, |S|=5777, Oracle MIS=5000, Improvement=227
n=10000, coeff=20.0, trial=7, GT MIS=5000, Greedy MIS=4773, |S|=5090, Oracle MIS=5000, Improvement=227
n=10000, coeff=20.0, trial=7, GT MIS=5000, Greedy MIS=4773, |S|=5007, Oracle MIS=5000, Improvement=227
n=10000, coeff=20.0, trial=7, GT MIS=5000, Greedy MIS=4773, |S|=5000, Oracle MIS=5000, Improvement=227
n=10000, coeff=20.0, trial=8, GT MIS=5000, Greedy MIS=5000, |S|=10000, Oracle MIS=5000, Improvement=0
n=10000, coeff=20.0, trial=8, GT MIS=5000, Greedy MIS=5000, |S|=10000, Oracle MIS=5000, Improvement=0
n=10000, coeff=20.0, trial=8, GT MIS=5000, Greedy MIS=5000, |S|=10000, Oracle MIS=5000, Improvement=0
n=10000, coeff=20.0, trial=8, GT MIS=5000, Greedy MIS=5000, |S|=9989, Oracle MIS=5000, Improvement=0
n=10000, coeff=20.0, trial=8, GT MIS=5000, Greedy MIS=5000, |S|=9688, Oracle MIS=5000, Improvement=0
n=10000, coeff=20.0, trial=8, GT MIS=5000, Greedy MIS=5000, |S|=8008, Oracle MIS=5000, Improvement=0
n=10000, coeff=20.0, trial=8, GT MIS=5000, Greedy MIS=5000, |S|=5780, Oracle MIS=5000, Improvement=0
n=10000, coeff=20.0, trial=8, GT MIS=5000, Greedy MIS=5000, |S|=5060, Oracle MIS=5000, Improvement=0
n=10000, coeff=20.0, trial=8, GT MIS=5000, Greedy MIS=5000, |S|=5000, Oracle MIS=5000, Improvement=0
n=10000, coeff=20.0, trial=8, GT MIS=5000, Greedy MIS=5000, |S|=5000, Oracle MIS=5000, Improvement=0
n=10000, coeff=20.0, trial=9, GT MIS=5000, Greedy MIS=5000, |S|=10000, Oracle MIS=5000, Improvement=0
n=10000, coeff=20.0, trial=9, GT MIS=5000, Greedy MIS=5000, |S|=10000, Oracle MIS=5000, Improvement=0
n=10000, coeff=20.0, trial=9, GT MIS=5000, Greedy MIS=5000, |S|=9999, Oracle MIS=4999, Improvement=-1
n=10000, coeff=20.0, trial=9, GT MIS=5000, Greedy MIS=5000, |S|=9985, Oracle MIS=4985, Improvement=-15
n=10000, coeff=20.0, trial=9, GT MIS=5000, Greedy MIS=5000, |S|=9642, Oracle MIS=5000, Improvement=0
n=10000, coeff=20.0, trial=9, GT MIS=5000, Greedy MIS=5000, |S|=7904, Oracle MIS=5000, Improvement=0
n=10000, coeff=20.0, trial=9, GT MIS=5000, Greedy MIS=5000, |S|=5753, Oracle MIS=5000, Improvement=0
n=10000, coeff=20.0, trial=9, GT MIS=5000, Greedy MIS=5000, |S|=5078, Oracle MIS=5000, Improvement=0
n=10000, coeff=20.0, trial=9, GT MIS=5000, Greedy MIS=5000, |S|=5003, Oracle MIS=5000, Improvement=0
n=10000, coeff=20.0, trial=9, GT MIS=5000, Greedy MIS=5000, |S|=5000, Oracle MIS=5000, Improvement=0
Results saved to bipartite_experiment_results_epislons_10000.csv
