Running job on compute-0-39
Requested resources:
  - CPUs: 18
  - GPUs: 
  - Memory: 18000
n=60000, coeff=6.0, trial=0, GT MIS=30000, Greedy MIS=29386, |S|=60000, Oracle MIS=29386, Improvement=0
n=60000, coeff=6.0, trial=0, GT MIS=30000, Greedy MIS=29386, |S|=60000, Oracle MIS=29386, Improvement=0
n=60000, coeff=6.0, trial=0, GT MIS=30000, Greedy MIS=29386, |S|=60000, Oracle MIS=29386, Improvement=0
n=60000, coeff=6.0, trial=0, GT MIS=30000, Greedy MIS=29386, |S|=59985, Oracle MIS=29372, Improvement=-14
n=60000, coeff=6.0, trial=0, GT MIS=30000, Greedy MIS=29386, |S|=59676, Oracle MIS=28727, Improvement=-659
n=60000, coeff=6.0, trial=0, GT MIS=30000, Greedy MIS=29386, |S|=58035, Oracle MIS=29840, Improvement=454
n=60000, coeff=6.0, trial=0, GT MIS=30000, Greedy MIS=29386, |S|=52963, Oracle MIS=30000, Improvement=614
n=60000, coeff=6.0, trial=0, GT MIS=30000, Greedy MIS=29386, |S|=44140, Oracle MIS=30000, Improvement=614
n=60000, coeff=6.0, trial=0, GT MIS=30000, Greedy MIS=29386, |S|=36016, Oracle MIS=30000, Improvement=614
n=60000, coeff=6.0, trial=0, GT MIS=30000, Greedy MIS=29386, |S|=31608, Oracle MIS=29997, Improvement=611
n=60000, coeff=6.0, trial=1, GT MIS=30000, Greedy MIS=29552, |S|=60000, Oracle MIS=29552, Improvement=0
n=60000, coeff=6.0, trial=1, GT MIS=30000, Greedy MIS=29552, |S|=60000, Oracle MIS=29552, Improvement=0
n=60000, coeff=6.0, trial=1, GT MIS=30000, Greedy MIS=29552, |S|=59998, Oracle MIS=29550, Improvement=-2
n=60000, coeff=6.0, trial=1, GT MIS=30000, Greedy MIS=29552, |S|=59986, Oracle MIS=29538, Improvement=-14
n=60000, coeff=6.0, trial=1, GT MIS=30000, Greedy MIS=29552, |S|=59741, Oracle MIS=29207, Improvement=-345
n=60000, coeff=6.0, trial=1, GT MIS=30000, Greedy MIS=29552, |S|=58145, Oracle MIS=29646, Improvement=94
n=60000, coeff=6.0, trial=1, GT MIS=30000, Greedy MIS=29552, |S|=52926, Oracle MIS=30000, Improvement=448
n=60000, coeff=6.0, trial=1, GT MIS=30000, Greedy MIS=29552, |S|=44059, Oracle MIS=30000, Improvement=448
n=60000, coeff=6.0, trial=1, GT MIS=30000, Greedy MIS=29552, |S|=36040, Oracle MIS=30000, Improvement=448
n=60000, coeff=6.0, trial=1, GT MIS=30000, Greedy MIS=29552, |S|=31644, Oracle MIS=29996, Improvement=444
n=60000, coeff=6.0, trial=2, GT MIS=30000, Greedy MIS=29491, |S|=60000, Oracle MIS=29491, Improvement=0
n=60000, coeff=6.0, trial=2, GT MIS=30000, Greedy MIS=29491, |S|=60000, Oracle MIS=29491, Improvement=0
n=60000, coeff=6.0, trial=2, GT MIS=30000, Greedy MIS=29491, |S|=60000, Oracle MIS=29491, Improvement=0
n=60000, coeff=6.0, trial=2, GT MIS=30000, Greedy MIS=29491, |S|=59988, Oracle MIS=29479, Improvement=-12
n=60000, coeff=6.0, trial=2, GT MIS=30000, Greedy MIS=29491, |S|=59761, Oracle MIS=29134, Improvement=-357
n=60000, coeff=6.0, trial=2, GT MIS=30000, Greedy MIS=29491, |S|=58111, Oracle MIS=29824, Improvement=333
n=60000, coeff=6.0, trial=2, GT MIS=30000, Greedy MIS=29491, |S|=52929, Oracle MIS=30000, Improvement=509
n=60000, coeff=6.0, trial=2, GT MIS=30000, Greedy MIS=29491, |S|=44295, Oracle MIS=30000, Improvement=509
n=60000, coeff=6.0, trial=2, GT MIS=30000, Greedy MIS=29491, |S|=36248, Oracle MIS=29999, Improvement=508
n=60000, coeff=6.0, trial=2, GT MIS=30000, Greedy MIS=29491, |S|=31699, Oracle MIS=29998, Improvement=507
n=60000, coeff=6.0, trial=3, GT MIS=30000, Greedy MIS=29640, |S|=60000, Oracle MIS=29640, Improvement=0
n=60000, coeff=6.0, trial=3, GT MIS=30000, Greedy MIS=29640, |S|=60000, Oracle MIS=29640, Improvement=0
n=60000, coeff=6.0, trial=3, GT MIS=30000, Greedy MIS=29640, |S|=59999, Oracle MIS=29639, Improvement=-1
n=60000, coeff=6.0, trial=3, GT MIS=30000, Greedy MIS=29640, |S|=59975, Oracle MIS=29601, Improvement=-39
n=60000, coeff=6.0, trial=3, GT MIS=30000, Greedy MIS=29640, |S|=59731, Oracle MIS=29038, Improvement=-602
n=60000, coeff=6.0, trial=3, GT MIS=30000, Greedy MIS=29640, |S|=58133, Oracle MIS=29776, Improvement=136
n=60000, coeff=6.0, trial=3, GT MIS=30000, Greedy MIS=29640, |S|=52772, Oracle MIS=29990, Improvement=350
n=60000, coeff=6.0, trial=3, GT MIS=30000, Greedy MIS=29640, |S|=43711, Oracle MIS=30000, Improvement=360
n=60000, coeff=6.0, trial=3, GT MIS=30000, Greedy MIS=29640, |S|=35850, Oracle MIS=29998, Improvement=358
n=60000, coeff=6.0, trial=3, GT MIS=30000, Greedy MIS=29640, |S|=31605, Oracle MIS=29996, Improvement=356
n=60000, coeff=6.0, trial=4, GT MIS=30000, Greedy MIS=29588, |S|=60000, Oracle MIS=29588, Improvement=0
n=60000, coeff=6.0, trial=4, GT MIS=30000, Greedy MIS=29588, |S|=60000, Oracle MIS=29588, Improvement=0
n=60000, coeff=6.0, trial=4, GT MIS=30000, Greedy MIS=29588, |S|=59999, Oracle MIS=29587, Improvement=-1
n=60000, coeff=6.0, trial=4, GT MIS=30000, Greedy MIS=29588, |S|=59978, Oracle MIS=29552, Improvement=-36
n=60000, coeff=6.0, trial=4, GT MIS=30000, Greedy MIS=29588, |S|=59722, Oracle MIS=29123, Improvement=-465
n=60000, coeff=6.0, trial=4, GT MIS=30000, Greedy MIS=29588, |S|=58214, Oracle MIS=29410, Improvement=-178
n=60000, coeff=6.0, trial=4, GT MIS=30000, Greedy MIS=29588, |S|=53160, Oracle MIS=30000, Improvement=412
n=60000, coeff=6.0, trial=4, GT MIS=30000, Greedy MIS=29588, |S|=44102, Oracle MIS=30000, Improvement=412
n=60000, coeff=6.0, trial=4, GT MIS=30000, Greedy MIS=29588, |S|=36160, Oracle MIS=30000, Improvement=412
n=60000, coeff=6.0, trial=4, GT MIS=30000, Greedy MIS=29588, |S|=31700, Oracle MIS=29999, Improvement=411
n=60000, coeff=6.0, trial=5, GT MIS=30000, Greedy MIS=29554, |S|=60000, Oracle MIS=29554, Improvement=0
n=60000, coeff=6.0, trial=5, GT MIS=30000, Greedy MIS=29554, |S|=60000, Oracle MIS=29554, Improvement=0
n=60000, coeff=6.0, trial=5, GT MIS=30000, Greedy MIS=29554, |S|=60000, Oracle MIS=29554, Improvement=0
n=60000, coeff=6.0, trial=5, GT MIS=30000, Greedy MIS=29554, |S|=59982, Oracle MIS=29536, Improvement=-18
n=60000, coeff=6.0, trial=5, GT MIS=30000, Greedy MIS=29554, |S|=59711, Oracle MIS=29132, Improvement=-422
n=60000, coeff=6.0, trial=5, GT MIS=30000, Greedy MIS=29554, |S|=58149, Oracle MIS=29424, Improvement=-130
n=60000, coeff=6.0, trial=5, GT MIS=30000, Greedy MIS=29554, |S|=53091, Oracle MIS=29991, Improvement=437
n=60000, coeff=6.0, trial=5, GT MIS=30000, Greedy MIS=29554, |S|=44237, Oracle MIS=30000, Improvement=446
n=60000, coeff=6.0, trial=5, GT MIS=30000, Greedy MIS=29554, |S|=36200, Oracle MIS=30000, Improvement=446
n=60000, coeff=6.0, trial=5, GT MIS=30000, Greedy MIS=29554, |S|=31683, Oracle MIS=29999, Improvement=445
n=60000, coeff=6.0, trial=6, GT MIS=30000, Greedy MIS=28935, |S|=60000, Oracle MIS=28935, Improvement=0
n=60000, coeff=6.0, trial=6, GT MIS=30000, Greedy MIS=28935, |S|=60000, Oracle MIS=28935, Improvement=0
n=60000, coeff=6.0, trial=6, GT MIS=30000, Greedy MIS=28935, |S|=60000, Oracle MIS=28935, Improvement=0
n=60000, coeff=6.0, trial=6, GT MIS=30000, Greedy MIS=28935, |S|=59984, Oracle MIS=28935, Improvement=0
n=60000, coeff=6.0, trial=6, GT MIS=30000, Greedy MIS=28935, |S|=59737, Oracle MIS=28935, Improvement=0
n=60000, coeff=6.0, trial=6, GT MIS=30000, Greedy MIS=28935, |S|=58091, Oracle MIS=29811, Improvement=876
n=60000, coeff=6.0, trial=6, GT MIS=30000, Greedy MIS=28935, |S|=52869, Oracle MIS=30000, Improvement=1065
n=60000, coeff=6.0, trial=6, GT MIS=30000, Greedy MIS=28935, |S|=44238, Oracle MIS=30000, Improvement=1065
n=60000, coeff=6.0, trial=6, GT MIS=30000, Greedy MIS=28935, |S|=36087, Oracle MIS=30000, Improvement=1065
n=60000, coeff=6.0, trial=6, GT MIS=30000, Greedy MIS=28935, |S|=31546, Oracle MIS=29995, Improvement=1060
n=60000, coeff=6.0, trial=7, GT MIS=30000, Greedy MIS=29560, |S|=60000, Oracle MIS=29560, Improvement=0
n=60000, coeff=6.0, trial=7, GT MIS=30000, Greedy MIS=29560, |S|=60000, Oracle MIS=29560, Improvement=0
n=60000, coeff=6.0, trial=7, GT MIS=30000, Greedy MIS=29560, |S|=59998, Oracle MIS=29558, Improvement=-2
n=60000, coeff=6.0, trial=7, GT MIS=30000, Greedy MIS=29560, |S|=59983, Oracle MIS=29543, Improvement=-17
n=60000, coeff=6.0, trial=7, GT MIS=30000, Greedy MIS=29560, |S|=59735, Oracle MIS=29003, Improvement=-557
n=60000, coeff=6.0, trial=7, GT MIS=30000, Greedy MIS=29560, |S|=58018, Oracle MIS=29824, Improvement=264
n=60000, coeff=6.0, trial=7, GT MIS=30000, Greedy MIS=29560, |S|=52623, Oracle MIS=29981, Improvement=421
n=60000, coeff=6.0, trial=7, GT MIS=30000, Greedy MIS=29560, |S|=43750, Oracle MIS=30000, Improvement=440
n=60000, coeff=6.0, trial=7, GT MIS=30000, Greedy MIS=29560, |S|=35910, Oracle MIS=29999, Improvement=439
n=60000, coeff=6.0, trial=7, GT MIS=30000, Greedy MIS=29560, |S|=31611, Oracle MIS=29997, Improvement=437
n=60000, coeff=6.0, trial=8, GT MIS=30000, Greedy MIS=29170, |S|=60000, Oracle MIS=29170, Improvement=0
n=60000, coeff=6.0, trial=8, GT MIS=30000, Greedy MIS=29170, |S|=60000, Oracle MIS=29170, Improvement=0
n=60000, coeff=6.0, trial=8, GT MIS=30000, Greedy MIS=29170, |S|=59998, Oracle MIS=29168, Improvement=-2
n=60000, coeff=6.0, trial=8, GT MIS=30000, Greedy MIS=29170, |S|=59973, Oracle MIS=29115, Improvement=-55
n=60000, coeff=6.0, trial=8, GT MIS=30000, Greedy MIS=29170, |S|=59724, Oracle MIS=28587, Improvement=-583
n=60000, coeff=6.0, trial=8, GT MIS=30000, Greedy MIS=29170, |S|=58231, Oracle MIS=29576, Improvement=406
n=60000, coeff=6.0, trial=8, GT MIS=30000, Greedy MIS=29170, |S|=53185, Oracle MIS=30000, Improvement=830
n=60000, coeff=6.0, trial=8, GT MIS=30000, Greedy MIS=29170, |S|=44032, Oracle MIS=30000, Improvement=830
n=60000, coeff=6.0, trial=8, GT MIS=30000, Greedy MIS=29170, |S|=36000, Oracle MIS=30000, Improvement=830
n=60000, coeff=6.0, trial=8, GT MIS=30000, Greedy MIS=29170, |S|=31625, Oracle MIS=29998, Improvement=828
n=60000, coeff=6.0, trial=9, GT MIS=30000, Greedy MIS=29577, |S|=60000, Oracle MIS=29577, Improvement=0
n=60000, coeff=6.0, trial=9, GT MIS=30000, Greedy MIS=29577, |S|=60000, Oracle MIS=29577, Improvement=0
n=60000, coeff=6.0, trial=9, GT MIS=30000, Greedy MIS=29577, |S|=60000, Oracle MIS=29577, Improvement=0
n=60000, coeff=6.0, trial=9, GT MIS=30000, Greedy MIS=29577, |S|=59985, Oracle MIS=29562, Improvement=-15
n=60000, coeff=6.0, trial=9, GT MIS=30000, Greedy MIS=29577, |S|=59759, Oracle MIS=29131, Improvement=-446
n=60000, coeff=6.0, trial=9, GT MIS=30000, Greedy MIS=29577, |S|=58277, Oracle MIS=29550, Improvement=-27
n=60000, coeff=6.0, trial=9, GT MIS=30000, Greedy MIS=29577, |S|=53464, Oracle MIS=29989, Improvement=412
n=60000, coeff=6.0, trial=9, GT MIS=30000, Greedy MIS=29577, |S|=44615, Oracle MIS=30000, Improvement=423
n=60000, coeff=6.0, trial=9, GT MIS=30000, Greedy MIS=29577, |S|=36303, Oracle MIS=30000, Improvement=423
n=60000, coeff=6.0, trial=9, GT MIS=30000, Greedy MIS=29577, |S|=31769, Oracle MIS=30000, Improvement=423
Results saved to bipartite_experiment_results_epislons_60000.csv
