Running job on gpu-4-11
Requested resources:
  - CPUs: 12
  - GPUs: 
  - Memory: 18000
Skipping n=90000, coeff=8.0, trial=0, epsilon=0.025 as entry already exists.
Skipping n=90000, coeff=8.0, trial=0, epsilon=0.05 as entry already exists.
Skipping n=90000, coeff=8.0, trial=0, epsilon=0.075 as entry already exists.
Skipping n=90000, coeff=8.0, trial=0, epsilon=0.1 as entry already exists.
Skipping n=90000, coeff=8.0, trial=0, epsilon=0.125 as entry already exists.
Skipping n=90000, coeff=8.0, trial=0, epsilon=0.15 as entry already exists.
Skipping n=90000, coeff=8.0, trial=0, epsilon=0.175 as entry already exists.
Skipping n=90000, coeff=8.0, trial=0, epsilon=0.2 as entry already exists.
Skipping n=90000, coeff=8.0, trial=0, epsilon=0.225 as entry already exists.
Skipping n=90000, coeff=8.0, trial=0, epsilon=0.25 as entry already exists.
Skipping n=90000, coeff=8.0, trial=1, epsilon=0.025 as entry already exists.
Skipping n=90000, coeff=8.0, trial=1, epsilon=0.05 as entry already exists.
Skipping n=90000, coeff=8.0, trial=1, epsilon=0.075 as entry already exists.
Skipping n=90000, coeff=8.0, trial=1, epsilon=0.1 as entry already exists.
Skipping n=90000, coeff=8.0, trial=1, epsilon=0.125 as entry already exists.
Skipping n=90000, coeff=8.0, trial=1, epsilon=0.15 as entry already exists.
Skipping n=90000, coeff=8.0, trial=1, epsilon=0.175 as entry already exists.
Skipping n=90000, coeff=8.0, trial=1, epsilon=0.2 as entry already exists.
Skipping n=90000, coeff=8.0, trial=1, epsilon=0.225 as entry already exists.
Skipping n=90000, coeff=8.0, trial=1, epsilon=0.25 as entry already exists.
Skipping n=90000, coeff=8.0, trial=2, epsilon=0.025 as entry already exists.
Skipping n=90000, coeff=8.0, trial=2, epsilon=0.05 as entry already exists.
Skipping n=90000, coeff=8.0, trial=2, epsilon=0.075 as entry already exists.
Skipping n=90000, coeff=8.0, trial=2, epsilon=0.1 as entry already exists.
Skipping n=90000, coeff=8.0, trial=2, epsilon=0.125 as entry already exists.
Skipping n=90000, coeff=8.0, trial=2, epsilon=0.15 as entry already exists.
Skipping n=90000, coeff=8.0, trial=2, epsilon=0.175 as entry already exists.
Skipping n=90000, coeff=8.0, trial=2, epsilon=0.2 as entry already exists.
Skipping n=90000, coeff=8.0, trial=2, epsilon=0.225 as entry already exists.
Skipping n=90000, coeff=8.0, trial=2, epsilon=0.25 as entry already exists.
Skipping n=90000, coeff=8.0, trial=3, epsilon=0.025 as entry already exists.
Skipping n=90000, coeff=8.0, trial=3, epsilon=0.05 as entry already exists.
Skipping n=90000, coeff=8.0, trial=3, epsilon=0.075 as entry already exists.
Skipping n=90000, coeff=8.0, trial=3, epsilon=0.1 as entry already exists.
Skipping n=90000, coeff=8.0, trial=3, epsilon=0.125 as entry already exists.
Skipping n=90000, coeff=8.0, trial=3, epsilon=0.15 as entry already exists.
Skipping n=90000, coeff=8.0, trial=3, epsilon=0.175 as entry already exists.
Skipping n=90000, coeff=8.0, trial=3, epsilon=0.2 as entry already exists.
Skipping n=90000, coeff=8.0, trial=3, epsilon=0.225 as entry already exists.
Skipping n=90000, coeff=8.0, trial=3, epsilon=0.25 as entry already exists.
Skipping n=90000, coeff=8.0, trial=4, epsilon=0.025 as entry already exists.
Skipping n=90000, coeff=8.0, trial=4, epsilon=0.05 as entry already exists.
Skipping n=90000, coeff=8.0, trial=4, epsilon=0.075 as entry already exists.
Skipping n=90000, coeff=8.0, trial=4, epsilon=0.1 as entry already exists.
Skipping n=90000, coeff=8.0, trial=4, epsilon=0.125 as entry already exists.
Skipping n=90000, coeff=8.0, trial=4, epsilon=0.15 as entry already exists.
Skipping n=90000, coeff=8.0, trial=4, epsilon=0.175 as entry already exists.
Skipping n=90000, coeff=8.0, trial=4, epsilon=0.2 as entry already exists.
Skipping n=90000, coeff=8.0, trial=4, epsilon=0.225 as entry already exists.
Skipping n=90000, coeff=8.0, trial=4, epsilon=0.25 as entry already exists.
Skipping n=90000, coeff=8.0, trial=5, epsilon=0.025 as entry already exists.
Skipping n=90000, coeff=8.0, trial=5, epsilon=0.05 as entry already exists.
Skipping n=90000, coeff=8.0, trial=5, epsilon=0.075 as entry already exists.
Skipping n=90000, coeff=8.0, trial=5, epsilon=0.1 as entry already exists.
Skipping n=90000, coeff=8.0, trial=5, epsilon=0.125 as entry already exists.
Skipping n=90000, coeff=8.0, trial=5, epsilon=0.15 as entry already exists.
Skipping n=90000, coeff=8.0, trial=5, epsilon=0.175 as entry already exists.
Skipping n=90000, coeff=8.0, trial=5, epsilon=0.2 as entry already exists.
Skipping n=90000, coeff=8.0, trial=5, epsilon=0.225 as entry already exists.
Skipping n=90000, coeff=8.0, trial=5, epsilon=0.25 as entry already exists.
Skipping n=90000, coeff=8.0, trial=6, epsilon=0.025 as entry already exists.
Skipping n=90000, coeff=8.0, trial=6, epsilon=0.05 as entry already exists.
Skipping n=90000, coeff=8.0, trial=6, epsilon=0.075 as entry already exists.
Skipping n=90000, coeff=8.0, trial=6, epsilon=0.1 as entry already exists.
Skipping n=90000, coeff=8.0, trial=6, epsilon=0.125 as entry already exists.
Skipping n=90000, coeff=8.0, trial=6, epsilon=0.15 as entry already exists.
Skipping n=90000, coeff=8.0, trial=6, epsilon=0.175 as entry already exists.
Skipping n=90000, coeff=8.0, trial=6, epsilon=0.2 as entry already exists.
Skipping n=90000, coeff=8.0, trial=6, epsilon=0.225 as entry already exists.
Skipping n=90000, coeff=8.0, trial=6, epsilon=0.25 as entry already exists.
Skipping n=90000, coeff=8.0, trial=7, epsilon=0.025 as entry already exists.
n=90000, coeff=8.0, trial=7, GT MIS=45000, Greedy MIS=43917, |S|=90000, Oracle MIS=43917, Improvement=0
n=90000, coeff=8.0, trial=7, GT MIS=45000, Greedy MIS=43917, |S|=89997, Oracle MIS=43914, Improvement=-3
n=90000, coeff=8.0, trial=7, GT MIS=45000, Greedy MIS=43917, |S|=89957, Oracle MIS=43804, Improvement=-113
n=90000, coeff=8.0, trial=7, GT MIS=45000, Greedy MIS=43917, |S|=89367, Oracle MIS=43823, Improvement=-94
n=90000, coeff=8.0, trial=7, GT MIS=45000, Greedy MIS=43917, |S|=85032, Oracle MIS=44963, Improvement=1046
n=90000, coeff=8.0, trial=7, GT MIS=45000, Greedy MIS=43917, |S|=72431, Oracle MIS=45000, Improvement=1083
n=90000, coeff=8.0, trial=7, GT MIS=45000, Greedy MIS=43917, |S|=56983, Oracle MIS=45000, Improvement=1083
n=90000, coeff=8.0, trial=7, GT MIS=45000, Greedy MIS=43917, |S|=48111, Oracle MIS=45000, Improvement=1083
n=90000, coeff=8.0, trial=7, GT MIS=45000, Greedy MIS=43917, |S|=45467, Oracle MIS=44999, Improvement=1082
n=90000, coeff=8.0, trial=8, GT MIS=45000, Greedy MIS=44172, |S|=90000, Oracle MIS=44172, Improvement=0
n=90000, coeff=8.0, trial=8, GT MIS=45000, Greedy MIS=44172, |S|=90000, Oracle MIS=44172, Improvement=0
n=90000, coeff=8.0, trial=8, GT MIS=45000, Greedy MIS=44172, |S|=90000, Oracle MIS=44172, Improvement=0
n=90000, coeff=8.0, trial=8, GT MIS=45000, Greedy MIS=44172, |S|=89970, Oracle MIS=44094, Improvement=-78
n=90000, coeff=8.0, trial=8, GT MIS=45000, Greedy MIS=44172, |S|=89332, Oracle MIS=43937, Improvement=-235
n=90000, coeff=8.0, trial=8, GT MIS=45000, Greedy MIS=44172, |S|=85013, Oracle MIS=44879, Improvement=707
n=90000, coeff=8.0, trial=8, GT MIS=45000, Greedy MIS=44172, |S|=73055, Oracle MIS=45000, Improvement=828
n=90000, coeff=8.0, trial=8, GT MIS=45000, Greedy MIS=44172, |S|=57585, Oracle MIS=45000, Improvement=828
n=90000, coeff=8.0, trial=8, GT MIS=45000, Greedy MIS=44172, |S|=48290, Oracle MIS=45000, Improvement=828
n=90000, coeff=8.0, trial=8, GT MIS=45000, Greedy MIS=44172, |S|=45509, Oracle MIS=44999, Improvement=827
n=90000, coeff=8.0, trial=9, GT MIS=45000, Greedy MIS=44672, |S|=90000, Oracle MIS=44672, Improvement=0
n=90000, coeff=8.0, trial=9, GT MIS=45000, Greedy MIS=44672, |S|=90000, Oracle MIS=44672, Improvement=0
n=90000, coeff=8.0, trial=9, GT MIS=45000, Greedy MIS=44672, |S|=90000, Oracle MIS=44672, Improvement=0
n=90000, coeff=8.0, trial=9, GT MIS=45000, Greedy MIS=44672, |S|=89966, Oracle MIS=44615, Improvement=-57
n=90000, coeff=8.0, trial=9, GT MIS=45000, Greedy MIS=44672, |S|=89431, Oracle MIS=43816, Improvement=-856
n=90000, coeff=8.0, trial=9, GT MIS=45000, Greedy MIS=44672, |S|=85485, Oracle MIS=44837, Improvement=165
n=90000, coeff=8.0, trial=9, GT MIS=45000, Greedy MIS=44672, |S|=74310, Oracle MIS=45000, Improvement=328
n=90000, coeff=8.0, trial=9, GT MIS=45000, Greedy MIS=44672, |S|=58600, Oracle MIS=45000, Improvement=328
n=90000, coeff=8.0, trial=9, GT MIS=45000, Greedy MIS=44672, |S|=48617, Oracle MIS=44999, Improvement=327
n=90000, coeff=8.0, trial=9, GT MIS=45000, Greedy MIS=44672, |S|=45538, Oracle MIS=45000, Improvement=328
Results saved to bipartite_experiment_results_epislons_90000.csv
