Running job on compute-0-43
Requested resources:
  - CPUs: 18
  - GPUs: 
  - Memory: 18000
n=60000, coeff=15.0, trial=0, GT MIS=30000, Greedy MIS=29696, |S|=60000, Oracle MIS=29696, Improvement=0
n=60000, coeff=15.0, trial=0, GT MIS=30000, Greedy MIS=29696, |S|=60000, Oracle MIS=29696, Improvement=0
n=60000, coeff=15.0, trial=0, GT MIS=30000, Greedy MIS=29696, |S|=60000, Oracle MIS=29696, Improvement=0
n=60000, coeff=15.0, trial=0, GT MIS=30000, Greedy MIS=29696, |S|=59910, Oracle MIS=29606, Improvement=-90
n=60000, coeff=15.0, trial=0, GT MIS=30000, Greedy MIS=29696, |S|=58190, Oracle MIS=30000, Improvement=304
n=60000, coeff=15.0, trial=0, GT MIS=30000, Greedy MIS=29696, |S|=49284, Oracle MIS=30000, Improvement=304
n=60000, coeff=15.0, trial=0, GT MIS=30000, Greedy MIS=29696, |S|=36522, Oracle MIS=30000, Improvement=304
n=60000, coeff=15.0, trial=0, GT MIS=30000, Greedy MIS=29696, |S|=30910, Oracle MIS=30000, Improvement=304
n=60000, coeff=15.0, trial=0, GT MIS=30000, Greedy MIS=29696, |S|=30045, Oracle MIS=30000, Improvement=304
n=60000, coeff=15.0, trial=0, GT MIS=30000, Greedy MIS=29696, |S|=30001, Oracle MIS=30000, Improvement=304
n=60000, coeff=15.0, trial=1, GT MIS=30000, Greedy MIS=29852, |S|=60000, Oracle MIS=29852, Improvement=0
n=60000, coeff=15.0, trial=1, GT MIS=30000, Greedy MIS=29852, |S|=60000, Oracle MIS=29852, Improvement=0
n=60000, coeff=15.0, trial=1, GT MIS=30000, Greedy MIS=29852, |S|=60000, Oracle MIS=29852, Improvement=0
n=60000, coeff=15.0, trial=1, GT MIS=30000, Greedy MIS=29852, |S|=59917, Oracle MIS=29769, Improvement=-83
n=60000, coeff=15.0, trial=1, GT MIS=30000, Greedy MIS=29852, |S|=58146, Oracle MIS=30000, Improvement=148
n=60000, coeff=15.0, trial=1, GT MIS=30000, Greedy MIS=29852, |S|=49504, Oracle MIS=30000, Improvement=148
n=60000, coeff=15.0, trial=1, GT MIS=30000, Greedy MIS=29852, |S|=36609, Oracle MIS=30000, Improvement=148
n=60000, coeff=15.0, trial=1, GT MIS=30000, Greedy MIS=29852, |S|=30836, Oracle MIS=30000, Improvement=148
n=60000, coeff=15.0, trial=1, GT MIS=30000, Greedy MIS=29852, |S|=30040, Oracle MIS=30000, Improvement=148
n=60000, coeff=15.0, trial=1, GT MIS=30000, Greedy MIS=29852, |S|=30000, Oracle MIS=30000, Improvement=148
n=60000, coeff=15.0, trial=2, GT MIS=30000, Greedy MIS=29949, |S|=60000, Oracle MIS=29949, Improvement=0
n=60000, coeff=15.0, trial=2, GT MIS=30000, Greedy MIS=29949, |S|=60000, Oracle MIS=29949, Improvement=0
n=60000, coeff=15.0, trial=2, GT MIS=30000, Greedy MIS=29949, |S|=60000, Oracle MIS=29949, Improvement=0
n=60000, coeff=15.0, trial=2, GT MIS=30000, Greedy MIS=29949, |S|=59932, Oracle MIS=29949, Improvement=0
n=60000, coeff=15.0, trial=2, GT MIS=30000, Greedy MIS=29949, |S|=58268, Oracle MIS=30000, Improvement=51
n=60000, coeff=15.0, trial=2, GT MIS=30000, Greedy MIS=29949, |S|=49359, Oracle MIS=30000, Improvement=51
n=60000, coeff=15.0, trial=2, GT MIS=30000, Greedy MIS=29949, |S|=36552, Oracle MIS=30000, Improvement=51
n=60000, coeff=15.0, trial=2, GT MIS=30000, Greedy MIS=29949, |S|=30896, Oracle MIS=30000, Improvement=51
n=60000, coeff=15.0, trial=2, GT MIS=30000, Greedy MIS=29949, |S|=30044, Oracle MIS=30000, Improvement=51
n=60000, coeff=15.0, trial=2, GT MIS=30000, Greedy MIS=29949, |S|=30000, Oracle MIS=30000, Improvement=51
n=60000, coeff=15.0, trial=3, GT MIS=30000, Greedy MIS=29467, |S|=60000, Oracle MIS=29467, Improvement=0
n=60000, coeff=15.0, trial=3, GT MIS=30000, Greedy MIS=29467, |S|=60000, Oracle MIS=29467, Improvement=0
n=60000, coeff=15.0, trial=3, GT MIS=30000, Greedy MIS=29467, |S|=59999, Oracle MIS=29466, Improvement=-1
n=60000, coeff=15.0, trial=3, GT MIS=30000, Greedy MIS=29467, |S|=59917, Oracle MIS=29233, Improvement=-234
n=60000, coeff=15.0, trial=3, GT MIS=30000, Greedy MIS=29467, |S|=58213, Oracle MIS=29954, Improvement=487
n=60000, coeff=15.0, trial=3, GT MIS=30000, Greedy MIS=29467, |S|=49459, Oracle MIS=30000, Improvement=533
n=60000, coeff=15.0, trial=3, GT MIS=30000, Greedy MIS=29467, |S|=36480, Oracle MIS=30000, Improvement=533
n=60000, coeff=15.0, trial=3, GT MIS=30000, Greedy MIS=29467, |S|=30808, Oracle MIS=30000, Improvement=533
n=60000, coeff=15.0, trial=3, GT MIS=30000, Greedy MIS=29467, |S|=30046, Oracle MIS=30000, Improvement=533
n=60000, coeff=15.0, trial=3, GT MIS=30000, Greedy MIS=29467, |S|=30002, Oracle MIS=30000, Improvement=533
n=60000, coeff=15.0, trial=4, GT MIS=30000, Greedy MIS=29435, |S|=60000, Oracle MIS=29435, Improvement=0
n=60000, coeff=15.0, trial=4, GT MIS=30000, Greedy MIS=29435, |S|=60000, Oracle MIS=29435, Improvement=0
n=60000, coeff=15.0, trial=4, GT MIS=30000, Greedy MIS=29435, |S|=59999, Oracle MIS=29435, Improvement=0
n=60000, coeff=15.0, trial=4, GT MIS=30000, Greedy MIS=29435, |S|=59934, Oracle MIS=29435, Improvement=0
n=60000, coeff=15.0, trial=4, GT MIS=30000, Greedy MIS=29435, |S|=58312, Oracle MIS=30000, Improvement=565
n=60000, coeff=15.0, trial=4, GT MIS=30000, Greedy MIS=29435, |S|=49768, Oracle MIS=30000, Improvement=565
n=60000, coeff=15.0, trial=4, GT MIS=30000, Greedy MIS=29435, |S|=36709, Oracle MIS=30000, Improvement=565
n=60000, coeff=15.0, trial=4, GT MIS=30000, Greedy MIS=29435, |S|=30917, Oracle MIS=30000, Improvement=565
n=60000, coeff=15.0, trial=4, GT MIS=30000, Greedy MIS=29435, |S|=30047, Oracle MIS=30000, Improvement=565
n=60000, coeff=15.0, trial=4, GT MIS=30000, Greedy MIS=29435, |S|=30001, Oracle MIS=30000, Improvement=565
n=60000, coeff=15.0, trial=5, GT MIS=30000, Greedy MIS=29450, |S|=60000, Oracle MIS=29450, Improvement=0
n=60000, coeff=15.0, trial=5, GT MIS=30000, Greedy MIS=29450, |S|=60000, Oracle MIS=29450, Improvement=0
n=60000, coeff=15.0, trial=5, GT MIS=30000, Greedy MIS=29450, |S|=59997, Oracle MIS=29447, Improvement=-3
n=60000, coeff=15.0, trial=5, GT MIS=30000, Greedy MIS=29450, |S|=59913, Oracle MIS=29313, Improvement=-137
n=60000, coeff=15.0, trial=5, GT MIS=30000, Greedy MIS=29450, |S|=58242, Oracle MIS=29954, Improvement=504
n=60000, coeff=15.0, trial=5, GT MIS=30000, Greedy MIS=29450, |S|=49538, Oracle MIS=30000, Improvement=550
n=60000, coeff=15.0, trial=5, GT MIS=30000, Greedy MIS=29450, |S|=36883, Oracle MIS=30000, Improvement=550
n=60000, coeff=15.0, trial=5, GT MIS=30000, Greedy MIS=29450, |S|=30920, Oracle MIS=30000, Improvement=550
n=60000, coeff=15.0, trial=5, GT MIS=30000, Greedy MIS=29450, |S|=30056, Oracle MIS=30000, Improvement=550
n=60000, coeff=15.0, trial=5, GT MIS=30000, Greedy MIS=29450, |S|=29999, Oracle MIS=29999, Improvement=549
n=60000, coeff=15.0, trial=6, GT MIS=30000, Greedy MIS=29756, |S|=60000, Oracle MIS=29756, Improvement=0
n=60000, coeff=15.0, trial=6, GT MIS=30000, Greedy MIS=29756, |S|=60000, Oracle MIS=29756, Improvement=0
n=60000, coeff=15.0, trial=6, GT MIS=30000, Greedy MIS=29756, |S|=59999, Oracle MIS=29755, Improvement=-1
n=60000, coeff=15.0, trial=6, GT MIS=30000, Greedy MIS=29756, |S|=59915, Oracle MIS=29621, Improvement=-135
n=60000, coeff=15.0, trial=6, GT MIS=30000, Greedy MIS=29756, |S|=58212, Oracle MIS=30000, Improvement=244
n=60000, coeff=15.0, trial=6, GT MIS=30000, Greedy MIS=29756, |S|=49225, Oracle MIS=30000, Improvement=244
n=60000, coeff=15.0, trial=6, GT MIS=30000, Greedy MIS=29756, |S|=36487, Oracle MIS=30000, Improvement=244
n=60000, coeff=15.0, trial=6, GT MIS=30000, Greedy MIS=29756, |S|=30909, Oracle MIS=30000, Improvement=244
n=60000, coeff=15.0, trial=6, GT MIS=30000, Greedy MIS=29756, |S|=30046, Oracle MIS=30000, Improvement=244
n=60000, coeff=15.0, trial=6, GT MIS=30000, Greedy MIS=29756, |S|=30003, Oracle MIS=30000, Improvement=244
n=60000, coeff=15.0, trial=7, GT MIS=30000, Greedy MIS=29352, |S|=60000, Oracle MIS=29352, Improvement=0
n=60000, coeff=15.0, trial=7, GT MIS=30000, Greedy MIS=29352, |S|=60000, Oracle MIS=29352, Improvement=0
n=60000, coeff=15.0, trial=7, GT MIS=30000, Greedy MIS=29352, |S|=59999, Oracle MIS=29351, Improvement=-1
n=60000, coeff=15.0, trial=7, GT MIS=30000, Greedy MIS=29352, |S|=59903, Oracle MIS=28648, Improvement=-704
n=60000, coeff=15.0, trial=7, GT MIS=30000, Greedy MIS=29352, |S|=58136, Oracle MIS=29953, Improvement=601
n=60000, coeff=15.0, trial=7, GT MIS=30000, Greedy MIS=29352, |S|=49140, Oracle MIS=30000, Improvement=648
n=60000, coeff=15.0, trial=7, GT MIS=30000, Greedy MIS=29352, |S|=36252, Oracle MIS=30000, Improvement=648
n=60000, coeff=15.0, trial=7, GT MIS=30000, Greedy MIS=29352, |S|=30744, Oracle MIS=30000, Improvement=648
n=60000, coeff=15.0, trial=7, GT MIS=30000, Greedy MIS=29352, |S|=30048, Oracle MIS=30000, Improvement=648
n=60000, coeff=15.0, trial=7, GT MIS=30000, Greedy MIS=29352, |S|=30001, Oracle MIS=29999, Improvement=647
n=60000, coeff=15.0, trial=8, GT MIS=30000, Greedy MIS=29754, |S|=60000, Oracle MIS=29754, Improvement=0
n=60000, coeff=15.0, trial=8, GT MIS=30000, Greedy MIS=29754, |S|=60000, Oracle MIS=29754, Improvement=0
n=60000, coeff=15.0, trial=8, GT MIS=30000, Greedy MIS=29754, |S|=59998, Oracle MIS=29752, Improvement=-2
n=60000, coeff=15.0, trial=8, GT MIS=30000, Greedy MIS=29754, |S|=59910, Oracle MIS=29565, Improvement=-189
n=60000, coeff=15.0, trial=8, GT MIS=30000, Greedy MIS=29754, |S|=58278, Oracle MIS=29913, Improvement=159
n=60000, coeff=15.0, trial=8, GT MIS=30000, Greedy MIS=29754, |S|=49893, Oracle MIS=30000, Improvement=246
n=60000, coeff=15.0, trial=8, GT MIS=30000, Greedy MIS=29754, |S|=36800, Oracle MIS=30000, Improvement=246
n=60000, coeff=15.0, trial=8, GT MIS=30000, Greedy MIS=29754, |S|=30898, Oracle MIS=30000, Improvement=246
n=60000, coeff=15.0, trial=8, GT MIS=30000, Greedy MIS=29754, |S|=30044, Oracle MIS=30000, Improvement=246
n=60000, coeff=15.0, trial=8, GT MIS=30000, Greedy MIS=29754, |S|=30000, Oracle MIS=30000, Improvement=246
n=60000, coeff=15.0, trial=9, GT MIS=30000, Greedy MIS=29756, |S|=60000, Oracle MIS=29756, Improvement=0
n=60000, coeff=15.0, trial=9, GT MIS=30000, Greedy MIS=29756, |S|=60000, Oracle MIS=29756, Improvement=0
n=60000, coeff=15.0, trial=9, GT MIS=30000, Greedy MIS=29756, |S|=59999, Oracle MIS=29755, Improvement=-1
n=60000, coeff=15.0, trial=9, GT MIS=30000, Greedy MIS=29756, |S|=59955, Oracle MIS=29661, Improvement=-95
n=60000, coeff=15.0, trial=9, GT MIS=30000, Greedy MIS=29756, |S|=58599, Oracle MIS=29952, Improvement=196
n=60000, coeff=15.0, trial=9, GT MIS=30000, Greedy MIS=29756, |S|=50313, Oracle MIS=30000, Improvement=244
n=60000, coeff=15.0, trial=9, GT MIS=30000, Greedy MIS=29756, |S|=37411, Oracle MIS=30000, Improvement=244
n=60000, coeff=15.0, trial=9, GT MIS=30000, Greedy MIS=29756, |S|=31041, Oracle MIS=30000, Improvement=244
n=60000, coeff=15.0, trial=9, GT MIS=30000, Greedy MIS=29756, |S|=30069, Oracle MIS=30000, Improvement=244
n=60000, coeff=15.0, trial=9, GT MIS=30000, Greedy MIS=29756, |S|=30001, Oracle MIS=30000, Improvement=244
Results saved to bipartite_experiment_results_epislons_60000.csv
