Running job on compute-3-04
Requested resources:
  - CPUs: 64
  - GPUs: 
  - Memory: 48000
n=1000, coeff=1, trial=0, GT MIS=523, Greedy MIS=522, |S|=1000, Oracle MIS=522, Improvement=0
n=1000, coeff=1, trial=0, GT MIS=523, Greedy MIS=522, |S|=1000, Oracle MIS=522, Improvement=0
n=1000, coeff=1, trial=0, GT MIS=523, Greedy MIS=522, |S|=999, Oracle MIS=522, Improvement=0
n=1000, coeff=1, trial=0, GT MIS=523, Greedy MIS=522, |S|=997, Oracle MIS=521, Improvement=-1
n=1000, coeff=1, trial=0, GT MIS=523, Greedy MIS=522, |S|=984, Oracle MIS=514, Improvement=-8
n=1000, coeff=1, trial=0, GT MIS=523, Greedy MIS=522, |S|=971, Oracle MIS=507, Improvement=-15
n=1000, coeff=1, trial=0, GT MIS=523, Greedy MIS=522, |S|=949, Oracle MIS=523, Improvement=1
n=1000, coeff=1, trial=0, GT MIS=523, Greedy MIS=522, |S|=917, Oracle MIS=523, Improvement=1
n=1000, coeff=1, trial=0, GT MIS=523, Greedy MIS=522, |S|=900, Oracle MIS=523, Improvement=1
n=1000, coeff=1, trial=0, GT MIS=523, Greedy MIS=522, |S|=827, Oracle MIS=521, Improvement=-1
n=1000, coeff=1, trial=1, GT MIS=517, Greedy MIS=515, |S|=1000, Oracle MIS=515, Improvement=0
n=1000, coeff=1, trial=1, GT MIS=517, Greedy MIS=515, |S|=999, Oracle MIS=514, Improvement=-1
n=1000, coeff=1, trial=1, GT MIS=517, Greedy MIS=515, |S|=999, Oracle MIS=514, Improvement=-1
n=1000, coeff=1, trial=1, GT MIS=517, Greedy MIS=515, |S|=994, Oracle MIS=512, Improvement=-3
n=1000, coeff=1, trial=1, GT MIS=517, Greedy MIS=515, |S|=987, Oracle MIS=509, Improvement=-6
n=1000, coeff=1, trial=1, GT MIS=517, Greedy MIS=515, |S|=983, Oracle MIS=507, Improvement=-8
n=1000, coeff=1, trial=1, GT MIS=517, Greedy MIS=515, |S|=948, Oracle MIS=515, Improvement=0
n=1000, coeff=1, trial=1, GT MIS=517, Greedy MIS=515, |S|=915, Oracle MIS=515, Improvement=0
n=1000, coeff=1, trial=1, GT MIS=517, Greedy MIS=515, |S|=890, Oracle MIS=515, Improvement=0
n=1000, coeff=1, trial=1, GT MIS=517, Greedy MIS=515, |S|=831, Oracle MIS=516, Improvement=1
n=1000, coeff=1, trial=2, GT MIS=526, Greedy MIS=523, |S|=1000, Oracle MIS=523, Improvement=0
n=1000, coeff=1, trial=2, GT MIS=526, Greedy MIS=523, |S|=999, Oracle MIS=522, Improvement=-1
n=1000, coeff=1, trial=2, GT MIS=526, Greedy MIS=523, |S|=997, Oracle MIS=520, Improvement=-3
n=1000, coeff=1, trial=2, GT MIS=526, Greedy MIS=523, |S|=991, Oracle MIS=517, Improvement=-6
n=1000, coeff=1, trial=2, GT MIS=526, Greedy MIS=523, |S|=981, Oracle MIS=508, Improvement=-15
n=1000, coeff=1, trial=2, GT MIS=526, Greedy MIS=523, |S|=979, Oracle MIS=508, Improvement=-15
n=1000, coeff=1, trial=2, GT MIS=526, Greedy MIS=523, |S|=954, Oracle MIS=524, Improvement=1
n=1000, coeff=1, trial=2, GT MIS=526, Greedy MIS=523, |S|=899, Oracle MIS=524, Improvement=1
n=1000, coeff=1, trial=2, GT MIS=526, Greedy MIS=523, |S|=875, Oracle MIS=524, Improvement=1
n=1000, coeff=1, trial=2, GT MIS=526, Greedy MIS=523, |S|=816, Oracle MIS=521, Improvement=-2
n=1000, coeff=1, trial=3, GT MIS=529, Greedy MIS=527, |S|=1000, Oracle MIS=527, Improvement=0
n=1000, coeff=1, trial=3, GT MIS=529, Greedy MIS=527, |S|=999, Oracle MIS=527, Improvement=0
n=1000, coeff=1, trial=3, GT MIS=529, Greedy MIS=527, |S|=998, Oracle MIS=527, Improvement=0
n=1000, coeff=1, trial=3, GT MIS=529, Greedy MIS=527, |S|=997, Oracle MIS=526, Improvement=-1
n=1000, coeff=1, trial=3, GT MIS=529, Greedy MIS=527, |S|=983, Oracle MIS=520, Improvement=-7
n=1000, coeff=1, trial=3, GT MIS=529, Greedy MIS=527, |S|=965, Oracle MIS=528, Improvement=1
n=1000, coeff=1, trial=3, GT MIS=529, Greedy MIS=527, |S|=937, Oracle MIS=526, Improvement=-1
n=1000, coeff=1, trial=3, GT MIS=529, Greedy MIS=527, |S|=894, Oracle MIS=523, Improvement=-4
n=1000, coeff=1, trial=3, GT MIS=529, Greedy MIS=527, |S|=884, Oracle MIS=521, Improvement=-6
n=1000, coeff=1, trial=3, GT MIS=529, Greedy MIS=527, |S|=814, Oracle MIS=521, Improvement=-6
n=1000, coeff=1, trial=4, GT MIS=524, Greedy MIS=524, |S|=999, Oracle MIS=524, Improvement=0
n=1000, coeff=1, trial=4, GT MIS=524, Greedy MIS=524, |S|=999, Oracle MIS=524, Improvement=0
n=1000, coeff=1, trial=4, GT MIS=524, Greedy MIS=524, |S|=999, Oracle MIS=524, Improvement=0
n=1000, coeff=1, trial=4, GT MIS=524, Greedy MIS=524, |S|=996, Oracle MIS=524, Improvement=0
n=1000, coeff=1, trial=4, GT MIS=524, Greedy MIS=524, |S|=992, Oracle MIS=524, Improvement=0
n=1000, coeff=1, trial=4, GT MIS=524, Greedy MIS=524, |S|=983, Oracle MIS=524, Improvement=0
n=1000, coeff=1, trial=4, GT MIS=524, Greedy MIS=524, |S|=969, Oracle MIS=524, Improvement=0
n=1000, coeff=1, trial=4, GT MIS=524, Greedy MIS=524, |S|=947, Oracle MIS=524, Improvement=0
n=1000, coeff=1, trial=4, GT MIS=524, Greedy MIS=524, |S|=920, Oracle MIS=524, Improvement=0
n=1000, coeff=1, trial=4, GT MIS=524, Greedy MIS=524, |S|=870, Oracle MIS=523, Improvement=-1
n=1000, coeff=2, trial=0, GT MIS=500, Greedy MIS=491, |S|=1000, Oracle MIS=491, Improvement=0
n=1000, coeff=2, trial=0, GT MIS=500, Greedy MIS=491, |S|=1000, Oracle MIS=491, Improvement=0
n=1000, coeff=2, trial=0, GT MIS=500, Greedy MIS=491, |S|=1000, Oracle MIS=491, Improvement=0
n=1000, coeff=2, trial=0, GT MIS=500, Greedy MIS=491, |S|=1000, Oracle MIS=491, Improvement=0
n=1000, coeff=2, trial=0, GT MIS=500, Greedy MIS=491, |S|=998, Oracle MIS=490, Improvement=-1
n=1000, coeff=2, trial=0, GT MIS=500, Greedy MIS=491, |S|=990, Oracle MIS=480, Improvement=-11
n=1000, coeff=2, trial=0, GT MIS=500, Greedy MIS=491, |S|=967, Oracle MIS=440, Improvement=-51
n=1000, coeff=2, trial=0, GT MIS=500, Greedy MIS=491, |S|=935, Oracle MIS=483, Improvement=-8
n=1000, coeff=2, trial=0, GT MIS=500, Greedy MIS=491, |S|=870, Oracle MIS=483, Improvement=-8
n=1000, coeff=2, trial=0, GT MIS=500, Greedy MIS=491, |S|=795, Oracle MIS=499, Improvement=8
n=1000, coeff=2, trial=1, GT MIS=501, Greedy MIS=456, |S|=1000, Oracle MIS=456, Improvement=0
n=1000, coeff=2, trial=1, GT MIS=501, Greedy MIS=456, |S|=1000, Oracle MIS=456, Improvement=0
n=1000, coeff=2, trial=1, GT MIS=501, Greedy MIS=456, |S|=1000, Oracle MIS=456, Improvement=0
n=1000, coeff=2, trial=1, GT MIS=501, Greedy MIS=456, |S|=999, Oracle MIS=456, Improvement=0
n=1000, coeff=2, trial=1, GT MIS=501, Greedy MIS=456, |S|=997, Oracle MIS=453, Improvement=-3
n=1000, coeff=2, trial=1, GT MIS=501, Greedy MIS=456, |S|=985, Oracle MIS=477, Improvement=21
n=1000, coeff=2, trial=1, GT MIS=501, Greedy MIS=456, |S|=968, Oracle MIS=477, Improvement=21
n=1000, coeff=2, trial=1, GT MIS=501, Greedy MIS=456, |S|=937, Oracle MIS=477, Improvement=21
n=1000, coeff=2, trial=1, GT MIS=501, Greedy MIS=456, |S|=875, Oracle MIS=477, Improvement=21
n=1000, coeff=2, trial=1, GT MIS=501, Greedy MIS=456, |S|=799, Oracle MIS=501, Improvement=45
n=1000, coeff=2, trial=2, GT MIS=501, Greedy MIS=488, |S|=1000, Oracle MIS=488, Improvement=0
n=1000, coeff=2, trial=2, GT MIS=501, Greedy MIS=488, |S|=1000, Oracle MIS=488, Improvement=0
n=1000, coeff=2, trial=2, GT MIS=501, Greedy MIS=488, |S|=1000, Oracle MIS=488, Improvement=0
n=1000, coeff=2, trial=2, GT MIS=501, Greedy MIS=488, |S|=999, Oracle MIS=488, Improvement=0
n=1000, coeff=2, trial=2, GT MIS=501, Greedy MIS=488, |S|=999, Oracle MIS=488, Improvement=0
n=1000, coeff=2, trial=2, GT MIS=501, Greedy MIS=488, |S|=989, Oracle MIS=488, Improvement=0
n=1000, coeff=2, trial=2, GT MIS=501, Greedy MIS=488, |S|=965, Oracle MIS=501, Improvement=13
n=1000, coeff=2, trial=2, GT MIS=501, Greedy MIS=488, |S|=940, Oracle MIS=501, Improvement=13
n=1000, coeff=2, trial=2, GT MIS=501, Greedy MIS=488, |S|=856, Oracle MIS=498, Improvement=10
n=1000, coeff=2, trial=2, GT MIS=501, Greedy MIS=488, |S|=766, Oracle MIS=498, Improvement=10
n=1000, coeff=2, trial=3, GT MIS=503, Greedy MIS=468, |S|=1000, Oracle MIS=468, Improvement=0
n=1000, coeff=2, trial=3, GT MIS=503, Greedy MIS=468, |S|=1000, Oracle MIS=468, Improvement=0
n=1000, coeff=2, trial=3, GT MIS=503, Greedy MIS=468, |S|=1000, Oracle MIS=468, Improvement=0
n=1000, coeff=2, trial=3, GT MIS=503, Greedy MIS=468, |S|=999, Oracle MIS=467, Improvement=-1
n=1000, coeff=2, trial=3, GT MIS=503, Greedy MIS=468, |S|=991, Oracle MIS=456, Improvement=-12
n=1000, coeff=2, trial=3, GT MIS=503, Greedy MIS=468, |S|=981, Oracle MIS=452, Improvement=-16
n=1000, coeff=2, trial=3, GT MIS=503, Greedy MIS=468, |S|=967, Oracle MIS=452, Improvement=-16
n=1000, coeff=2, trial=3, GT MIS=503, Greedy MIS=468, |S|=916, Oracle MIS=452, Improvement=-16
n=1000, coeff=2, trial=3, GT MIS=503, Greedy MIS=468, |S|=854, Oracle MIS=477, Improvement=9
n=1000, coeff=2, trial=3, GT MIS=503, Greedy MIS=468, |S|=769, Oracle MIS=502, Improvement=34
n=1000, coeff=2, trial=4, GT MIS=500, Greedy MIS=485, |S|=1000, Oracle MIS=485, Improvement=0
n=1000, coeff=2, trial=4, GT MIS=500, Greedy MIS=485, |S|=1000, Oracle MIS=485, Improvement=0
n=1000, coeff=2, trial=4, GT MIS=500, Greedy MIS=485, |S|=999, Oracle MIS=483, Improvement=-2
n=1000, coeff=2, trial=4, GT MIS=500, Greedy MIS=485, |S|=999, Oracle MIS=483, Improvement=-2
n=1000, coeff=2, trial=4, GT MIS=500, Greedy MIS=485, |S|=994, Oracle MIS=461, Improvement=-24
n=1000, coeff=2, trial=4, GT MIS=500, Greedy MIS=485, |S|=984, Oracle MIS=449, Improvement=-36
n=1000, coeff=2, trial=4, GT MIS=500, Greedy MIS=485, |S|=954, Oracle MIS=481, Improvement=-4
n=1000, coeff=2, trial=4, GT MIS=500, Greedy MIS=485, |S|=917, Oracle MIS=481, Improvement=-4
n=1000, coeff=2, trial=4, GT MIS=500, Greedy MIS=485, |S|=862, Oracle MIS=477, Improvement=-8
n=1000, coeff=2, trial=4, GT MIS=500, Greedy MIS=485, |S|=779, Oracle MIS=496, Improvement=11
n=1000, coeff=3, trial=0, GT MIS=500, Greedy MIS=493, |S|=1000, Oracle MIS=493, Improvement=0
n=1000, coeff=3, trial=0, GT MIS=500, Greedy MIS=493, |S|=1000, Oracle MIS=493, Improvement=0
n=1000, coeff=3, trial=0, GT MIS=500, Greedy MIS=493, |S|=1000, Oracle MIS=493, Improvement=0
n=1000, coeff=3, trial=0, GT MIS=500, Greedy MIS=493, |S|=1000, Oracle MIS=493, Improvement=0
n=1000, coeff=3, trial=0, GT MIS=500, Greedy MIS=493, |S|=1000, Oracle MIS=493, Improvement=0
n=1000, coeff=3, trial=0, GT MIS=500, Greedy MIS=493, |S|=994, Oracle MIS=485, Improvement=-8
n=1000, coeff=3, trial=0, GT MIS=500, Greedy MIS=493, |S|=960, Oracle MIS=433, Improvement=-60
n=1000, coeff=3, trial=0, GT MIS=500, Greedy MIS=493, |S|=918, Oracle MIS=491, Improvement=-2
n=1000, coeff=3, trial=0, GT MIS=500, Greedy MIS=493, |S|=831, Oracle MIS=499, Improvement=6
n=1000, coeff=3, trial=0, GT MIS=500, Greedy MIS=493, |S|=740, Oracle MIS=499, Improvement=6
n=1000, coeff=3, trial=1, GT MIS=500, Greedy MIS=480, |S|=1000, Oracle MIS=480, Improvement=0
n=1000, coeff=3, trial=1, GT MIS=500, Greedy MIS=480, |S|=1000, Oracle MIS=480, Improvement=0
n=1000, coeff=3, trial=1, GT MIS=500, Greedy MIS=480, |S|=1000, Oracle MIS=480, Improvement=0
n=1000, coeff=3, trial=1, GT MIS=500, Greedy MIS=480, |S|=1000, Oracle MIS=480, Improvement=0
n=1000, coeff=3, trial=1, GT MIS=500, Greedy MIS=480, |S|=998, Oracle MIS=479, Improvement=-1
n=1000, coeff=3, trial=1, GT MIS=500, Greedy MIS=480, |S|=994, Oracle MIS=473, Improvement=-7
n=1000, coeff=3, trial=1, GT MIS=500, Greedy MIS=480, |S|=959, Oracle MIS=412, Improvement=-68
n=1000, coeff=3, trial=1, GT MIS=500, Greedy MIS=480, |S|=917, Oracle MIS=488, Improvement=8
n=1000, coeff=3, trial=1, GT MIS=500, Greedy MIS=480, |S|=850, Oracle MIS=500, Improvement=20
n=1000, coeff=3, trial=1, GT MIS=500, Greedy MIS=480, |S|=758, Oracle MIS=500, Improvement=20
n=1000, coeff=3, trial=2, GT MIS=500, Greedy MIS=493, |S|=1000, Oracle MIS=493, Improvement=0
n=1000, coeff=3, trial=2, GT MIS=500, Greedy MIS=493, |S|=1000, Oracle MIS=493, Improvement=0
n=1000, coeff=3, trial=2, GT MIS=500, Greedy MIS=493, |S|=1000, Oracle MIS=493, Improvement=0
n=1000, coeff=3, trial=2, GT MIS=500, Greedy MIS=493, |S|=1000, Oracle MIS=493, Improvement=0
n=1000, coeff=3, trial=2, GT MIS=500, Greedy MIS=493, |S|=996, Oracle MIS=487, Improvement=-6
n=1000, coeff=3, trial=2, GT MIS=500, Greedy MIS=493, |S|=983, Oracle MIS=472, Improvement=-21
n=1000, coeff=3, trial=2, GT MIS=500, Greedy MIS=493, |S|=950, Oracle MIS=495, Improvement=2
n=1000, coeff=3, trial=2, GT MIS=500, Greedy MIS=493, |S|=906, Oracle MIS=495, Improvement=2
n=1000, coeff=3, trial=2, GT MIS=500, Greedy MIS=493, |S|=818, Oracle MIS=499, Improvement=6
n=1000, coeff=3, trial=2, GT MIS=500, Greedy MIS=493, |S|=698, Oracle MIS=500, Improvement=7
n=1000, coeff=3, trial=3, GT MIS=500, Greedy MIS=496, |S|=1000, Oracle MIS=496, Improvement=0
n=1000, coeff=3, trial=3, GT MIS=500, Greedy MIS=496, |S|=1000, Oracle MIS=496, Improvement=0
n=1000, coeff=3, trial=3, GT MIS=500, Greedy MIS=496, |S|=1000, Oracle MIS=496, Improvement=0
n=1000, coeff=3, trial=3, GT MIS=500, Greedy MIS=496, |S|=999, Oracle MIS=495, Improvement=-1
n=1000, coeff=3, trial=3, GT MIS=500, Greedy MIS=496, |S|=998, Oracle MIS=494, Improvement=-2
n=1000, coeff=3, trial=3, GT MIS=500, Greedy MIS=496, |S|=985, Oracle MIS=479, Improvement=-17
n=1000, coeff=3, trial=3, GT MIS=500, Greedy MIS=496, |S|=962, Oracle MIS=431, Improvement=-65
n=1000, coeff=3, trial=3, GT MIS=500, Greedy MIS=496, |S|=898, Oracle MIS=490, Improvement=-6
n=1000, coeff=3, trial=3, GT MIS=500, Greedy MIS=496, |S|=821, Oracle MIS=498, Improvement=2
n=1000, coeff=3, trial=3, GT MIS=500, Greedy MIS=496, |S|=700, Oracle MIS=498, Improvement=2
n=1000, coeff=3, trial=4, GT MIS=500, Greedy MIS=454, |S|=1000, Oracle MIS=454, Improvement=0
n=1000, coeff=3, trial=4, GT MIS=500, Greedy MIS=454, |S|=1000, Oracle MIS=454, Improvement=0
n=1000, coeff=3, trial=4, GT MIS=500, Greedy MIS=454, |S|=1000, Oracle MIS=454, Improvement=0
n=1000, coeff=3, trial=4, GT MIS=500, Greedy MIS=454, |S|=999, Oracle MIS=454, Improvement=0
n=1000, coeff=3, trial=4, GT MIS=500, Greedy MIS=454, |S|=995, Oracle MIS=454, Improvement=0
n=1000, coeff=3, trial=4, GT MIS=500, Greedy MIS=454, |S|=989, Oracle MIS=454, Improvement=0
n=1000, coeff=3, trial=4, GT MIS=500, Greedy MIS=454, |S|=955, Oracle MIS=454, Improvement=0
n=1000, coeff=3, trial=4, GT MIS=500, Greedy MIS=454, |S|=907, Oracle MIS=490, Improvement=36
n=1000, coeff=3, trial=4, GT MIS=500, Greedy MIS=454, |S|=823, Oracle MIS=498, Improvement=44
n=1000, coeff=3, trial=4, GT MIS=500, Greedy MIS=454, |S|=713, Oracle MIS=496, Improvement=42
n=1000, coeff=4, trial=0, GT MIS=500, Greedy MIS=500, |S|=1000, Oracle MIS=500, Improvement=0
n=1000, coeff=4, trial=0, GT MIS=500, Greedy MIS=500, |S|=1000, Oracle MIS=500, Improvement=0
n=1000, coeff=4, trial=0, GT MIS=500, Greedy MIS=500, |S|=1000, Oracle MIS=500, Improvement=0
n=1000, coeff=4, trial=0, GT MIS=500, Greedy MIS=500, |S|=1000, Oracle MIS=500, Improvement=0
n=1000, coeff=4, trial=0, GT MIS=500, Greedy MIS=500, |S|=999, Oracle MIS=499, Improvement=-1
n=1000, coeff=4, trial=0, GT MIS=500, Greedy MIS=500, |S|=994, Oracle MIS=490, Improvement=-10
n=1000, coeff=4, trial=0, GT MIS=500, Greedy MIS=500, |S|=968, Oracle MIS=469, Improvement=-31
n=1000, coeff=4, trial=0, GT MIS=500, Greedy MIS=500, |S|=904, Oracle MIS=497, Improvement=-3
n=1000, coeff=4, trial=0, GT MIS=500, Greedy MIS=500, |S|=805, Oracle MIS=500, Improvement=0
n=1000, coeff=4, trial=0, GT MIS=500, Greedy MIS=500, |S|=702, Oracle MIS=500, Improvement=0
n=1000, coeff=4, trial=1, GT MIS=500, Greedy MIS=477, |S|=1000, Oracle MIS=477, Improvement=0
n=1000, coeff=4, trial=1, GT MIS=500, Greedy MIS=477, |S|=1000, Oracle MIS=477, Improvement=0
n=1000, coeff=4, trial=1, GT MIS=500, Greedy MIS=477, |S|=1000, Oracle MIS=477, Improvement=0
n=1000, coeff=4, trial=1, GT MIS=500, Greedy MIS=477, |S|=1000, Oracle MIS=477, Improvement=0
n=1000, coeff=4, trial=1, GT MIS=500, Greedy MIS=477, |S|=999, Oracle MIS=476, Improvement=-1
n=1000, coeff=4, trial=1, GT MIS=500, Greedy MIS=477, |S|=993, Oracle MIS=466, Improvement=-11
n=1000, coeff=4, trial=1, GT MIS=500, Greedy MIS=477, |S|=965, Oracle MIS=482, Improvement=5
n=1000, coeff=4, trial=1, GT MIS=500, Greedy MIS=477, |S|=907, Oracle MIS=498, Improvement=21
n=1000, coeff=4, trial=1, GT MIS=500, Greedy MIS=477, |S|=817, Oracle MIS=498, Improvement=21
n=1000, coeff=4, trial=1, GT MIS=500, Greedy MIS=477, |S|=694, Oracle MIS=500, Improvement=23
n=1000, coeff=4, trial=2, GT MIS=500, Greedy MIS=435, |S|=1000, Oracle MIS=435, Improvement=0
n=1000, coeff=4, trial=2, GT MIS=500, Greedy MIS=435, |S|=1000, Oracle MIS=435, Improvement=0
n=1000, coeff=4, trial=2, GT MIS=500, Greedy MIS=435, |S|=1000, Oracle MIS=435, Improvement=0
n=1000, coeff=4, trial=2, GT MIS=500, Greedy MIS=435, |S|=1000, Oracle MIS=435, Improvement=0
n=1000, coeff=4, trial=2, GT MIS=500, Greedy MIS=435, |S|=998, Oracle MIS=435, Improvement=0
n=1000, coeff=4, trial=2, GT MIS=500, Greedy MIS=435, |S|=989, Oracle MIS=500, Improvement=65
n=1000, coeff=4, trial=2, GT MIS=500, Greedy MIS=435, |S|=953, Oracle MIS=500, Improvement=65
n=1000, coeff=4, trial=2, GT MIS=500, Greedy MIS=435, |S|=882, Oracle MIS=500, Improvement=65
n=1000, coeff=4, trial=2, GT MIS=500, Greedy MIS=435, |S|=769, Oracle MIS=500, Improvement=65
n=1000, coeff=4, trial=2, GT MIS=500, Greedy MIS=435, |S|=671, Oracle MIS=500, Improvement=65
n=1000, coeff=4, trial=3, GT MIS=500, Greedy MIS=482, |S|=1000, Oracle MIS=482, Improvement=0
n=1000, coeff=4, trial=3, GT MIS=500, Greedy MIS=482, |S|=1000, Oracle MIS=482, Improvement=0
n=1000, coeff=4, trial=3, GT MIS=500, Greedy MIS=482, |S|=1000, Oracle MIS=482, Improvement=0
n=1000, coeff=4, trial=3, GT MIS=500, Greedy MIS=482, |S|=1000, Oracle MIS=482, Improvement=0
n=1000, coeff=4, trial=3, GT MIS=500, Greedy MIS=482, |S|=996, Oracle MIS=482, Improvement=0
n=1000, coeff=4, trial=3, GT MIS=500, Greedy MIS=482, |S|=986, Oracle MIS=482, Improvement=0
n=1000, coeff=4, trial=3, GT MIS=500, Greedy MIS=482, |S|=967, Oracle MIS=497, Improvement=15
n=1000, coeff=4, trial=3, GT MIS=500, Greedy MIS=482, |S|=874, Oracle MIS=500, Improvement=18
n=1000, coeff=4, trial=3, GT MIS=500, Greedy MIS=482, |S|=786, Oracle MIS=500, Improvement=18
n=1000, coeff=4, trial=3, GT MIS=500, Greedy MIS=482, |S|=669, Oracle MIS=499, Improvement=17
n=1000, coeff=4, trial=4, GT MIS=500, Greedy MIS=484, |S|=1000, Oracle MIS=484, Improvement=0
n=1000, coeff=4, trial=4, GT MIS=500, Greedy MIS=484, |S|=1000, Oracle MIS=484, Improvement=0
n=1000, coeff=4, trial=4, GT MIS=500, Greedy MIS=484, |S|=1000, Oracle MIS=484, Improvement=0
n=1000, coeff=4, trial=4, GT MIS=500, Greedy MIS=484, |S|=999, Oracle MIS=483, Improvement=-1
n=1000, coeff=4, trial=4, GT MIS=500, Greedy MIS=484, |S|=998, Oracle MIS=482, Improvement=-2
n=1000, coeff=4, trial=4, GT MIS=500, Greedy MIS=484, |S|=987, Oracle MIS=467, Improvement=-17
n=1000, coeff=4, trial=4, GT MIS=500, Greedy MIS=484, |S|=949, Oracle MIS=492, Improvement=8
n=1000, coeff=4, trial=4, GT MIS=500, Greedy MIS=484, |S|=886, Oracle MIS=500, Improvement=16
n=1000, coeff=4, trial=4, GT MIS=500, Greedy MIS=484, |S|=787, Oracle MIS=499, Improvement=15
n=1000, coeff=4, trial=4, GT MIS=500, Greedy MIS=484, |S|=673, Oracle MIS=499, Improvement=15
n=1000, coeff=5, trial=0, GT MIS=500, Greedy MIS=500, |S|=1000, Oracle MIS=500, Improvement=0
n=1000, coeff=5, trial=0, GT MIS=500, Greedy MIS=500, |S|=1000, Oracle MIS=500, Improvement=0
n=1000, coeff=5, trial=0, GT MIS=500, Greedy MIS=500, |S|=1000, Oracle MIS=500, Improvement=0
n=1000, coeff=5, trial=0, GT MIS=500, Greedy MIS=500, |S|=1000, Oracle MIS=500, Improvement=0
n=1000, coeff=5, trial=0, GT MIS=500, Greedy MIS=500, |S|=999, Oracle MIS=499, Improvement=-1
n=1000, coeff=5, trial=0, GT MIS=500, Greedy MIS=500, |S|=990, Oracle MIS=490, Improvement=-10
n=1000, coeff=5, trial=0, GT MIS=500, Greedy MIS=500, |S|=953, Oracle MIS=490, Improvement=-10
n=1000, coeff=5, trial=0, GT MIS=500, Greedy MIS=500, |S|=884, Oracle MIS=500, Improvement=0
n=1000, coeff=5, trial=0, GT MIS=500, Greedy MIS=500, |S|=770, Oracle MIS=500, Improvement=0
n=1000, coeff=5, trial=0, GT MIS=500, Greedy MIS=500, |S|=679, Oracle MIS=500, Improvement=0
n=1000, coeff=5, trial=1, GT MIS=500, Greedy MIS=500, |S|=1000, Oracle MIS=500, Improvement=0
n=1000, coeff=5, trial=1, GT MIS=500, Greedy MIS=500, |S|=1000, Oracle MIS=500, Improvement=0
n=1000, coeff=5, trial=1, GT MIS=500, Greedy MIS=500, |S|=1000, Oracle MIS=500, Improvement=0
n=1000, coeff=5, trial=1, GT MIS=500, Greedy MIS=500, |S|=1000, Oracle MIS=500, Improvement=0
n=1000, coeff=5, trial=1, GT MIS=500, Greedy MIS=500, |S|=998, Oracle MIS=498, Improvement=-2
n=1000, coeff=5, trial=1, GT MIS=500, Greedy MIS=500, |S|=990, Oracle MIS=490, Improvement=-10
n=1000, coeff=5, trial=1, GT MIS=500, Greedy MIS=500, |S|=953, Oracle MIS=477, Improvement=-23
n=1000, coeff=5, trial=1, GT MIS=500, Greedy MIS=500, |S|=889, Oracle MIS=500, Improvement=0
n=1000, coeff=5, trial=1, GT MIS=500, Greedy MIS=500, |S|=776, Oracle MIS=500, Improvement=0
n=1000, coeff=5, trial=1, GT MIS=500, Greedy MIS=500, |S|=650, Oracle MIS=500, Improvement=0
n=1000, coeff=5, trial=2, GT MIS=500, Greedy MIS=500, |S|=1000, Oracle MIS=500, Improvement=0
n=1000, coeff=5, trial=2, GT MIS=500, Greedy MIS=500, |S|=1000, Oracle MIS=500, Improvement=0
n=1000, coeff=5, trial=2, GT MIS=500, Greedy MIS=500, |S|=1000, Oracle MIS=500, Improvement=0
n=1000, coeff=5, trial=2, GT MIS=500, Greedy MIS=500, |S|=1000, Oracle MIS=500, Improvement=0
n=1000, coeff=5, trial=2, GT MIS=500, Greedy MIS=500, |S|=997, Oracle MIS=497, Improvement=-3
n=1000, coeff=5, trial=2, GT MIS=500, Greedy MIS=500, |S|=982, Oracle MIS=459, Improvement=-41
n=1000, coeff=5, trial=2, GT MIS=500, Greedy MIS=500, |S|=925, Oracle MIS=500, Improvement=0
n=1000, coeff=5, trial=2, GT MIS=500, Greedy MIS=500, |S|=839, Oracle MIS=500, Improvement=0
n=1000, coeff=5, trial=2, GT MIS=500, Greedy MIS=500, |S|=740, Oracle MIS=500, Improvement=0
n=1000, coeff=5, trial=2, GT MIS=500, Greedy MIS=500, |S|=637, Oracle MIS=500, Improvement=0
n=1000, coeff=5, trial=3, GT MIS=500, Greedy MIS=500, |S|=1000, Oracle MIS=500, Improvement=0
n=1000, coeff=5, trial=3, GT MIS=500, Greedy MIS=500, |S|=1000, Oracle MIS=500, Improvement=0
n=1000, coeff=5, trial=3, GT MIS=500, Greedy MIS=500, |S|=1000, Oracle MIS=500, Improvement=0
n=1000, coeff=5, trial=3, GT MIS=500, Greedy MIS=500, |S|=1000, Oracle MIS=500, Improvement=0
n=1000, coeff=5, trial=3, GT MIS=500, Greedy MIS=500, |S|=999, Oracle MIS=500, Improvement=0
n=1000, coeff=5, trial=3, GT MIS=500, Greedy MIS=500, |S|=987, Oracle MIS=500, Improvement=0
n=1000, coeff=5, trial=3, GT MIS=500, Greedy MIS=500, |S|=946, Oracle MIS=500, Improvement=0
n=1000, coeff=5, trial=3, GT MIS=500, Greedy MIS=500, |S|=857, Oracle MIS=500, Improvement=0
n=1000, coeff=5, trial=3, GT MIS=500, Greedy MIS=500, |S|=752, Oracle MIS=500, Improvement=0
n=1000, coeff=5, trial=3, GT MIS=500, Greedy MIS=500, |S|=628, Oracle MIS=499, Improvement=-1
n=1000, coeff=5, trial=4, GT MIS=500, Greedy MIS=463, |S|=1000, Oracle MIS=463, Improvement=0
n=1000, coeff=5, trial=4, GT MIS=500, Greedy MIS=463, |S|=1000, Oracle MIS=463, Improvement=0
n=1000, coeff=5, trial=4, GT MIS=500, Greedy MIS=463, |S|=1000, Oracle MIS=463, Improvement=0
n=1000, coeff=5, trial=4, GT MIS=500, Greedy MIS=463, |S|=998, Oracle MIS=463, Improvement=0
n=1000, coeff=5, trial=4, GT MIS=500, Greedy MIS=463, |S|=997, Oracle MIS=463, Improvement=0
n=1000, coeff=5, trial=4, GT MIS=500, Greedy MIS=463, |S|=983, Oracle MIS=463, Improvement=0
n=1000, coeff=5, trial=4, GT MIS=500, Greedy MIS=463, |S|=944, Oracle MIS=500, Improvement=37
n=1000, coeff=5, trial=4, GT MIS=500, Greedy MIS=463, |S|=858, Oracle MIS=500, Improvement=37
n=1000, coeff=5, trial=4, GT MIS=500, Greedy MIS=463, |S|=740, Oracle MIS=500, Improvement=37
n=1000, coeff=5, trial=4, GT MIS=500, Greedy MIS=463, |S|=634, Oracle MIS=500, Improvement=37
n=1000, coeff=6, trial=0, GT MIS=500, Greedy MIS=468, |S|=1000, Oracle MIS=468, Improvement=0
n=1000, coeff=6, trial=0, GT MIS=500, Greedy MIS=468, |S|=1000, Oracle MIS=468, Improvement=0
n=1000, coeff=6, trial=0, GT MIS=500, Greedy MIS=468, |S|=1000, Oracle MIS=468, Improvement=0
n=1000, coeff=6, trial=0, GT MIS=500, Greedy MIS=468, |S|=1000, Oracle MIS=468, Improvement=0
n=1000, coeff=6, trial=0, GT MIS=500, Greedy MIS=468, |S|=999, Oracle MIS=467, Improvement=-1
n=1000, coeff=6, trial=0, GT MIS=500, Greedy MIS=468, |S|=985, Oracle MIS=486, Improvement=18
n=1000, coeff=6, trial=0, GT MIS=500, Greedy MIS=468, |S|=953, Oracle MIS=486, Improvement=18
n=1000, coeff=6, trial=0, GT MIS=500, Greedy MIS=468, |S|=862, Oracle MIS=500, Improvement=32
n=1000, coeff=6, trial=0, GT MIS=500, Greedy MIS=468, |S|=744, Oracle MIS=500, Improvement=32
n=1000, coeff=6, trial=0, GT MIS=500, Greedy MIS=468, |S|=626, Oracle MIS=500, Improvement=32
n=1000, coeff=6, trial=1, GT MIS=500, Greedy MIS=492, |S|=1000, Oracle MIS=492, Improvement=0
n=1000, coeff=6, trial=1, GT MIS=500, Greedy MIS=492, |S|=1000, Oracle MIS=492, Improvement=0
n=1000, coeff=6, trial=1, GT MIS=500, Greedy MIS=492, |S|=1000, Oracle MIS=492, Improvement=0
n=1000, coeff=6, trial=1, GT MIS=500, Greedy MIS=492, |S|=1000, Oracle MIS=492, Improvement=0
n=1000, coeff=6, trial=1, GT MIS=500, Greedy MIS=492, |S|=999, Oracle MIS=491, Improvement=-1
n=1000, coeff=6, trial=1, GT MIS=500, Greedy MIS=492, |S|=991, Oracle MIS=483, Improvement=-9
n=1000, coeff=6, trial=1, GT MIS=500, Greedy MIS=492, |S|=941, Oracle MIS=493, Improvement=1
n=1000, coeff=6, trial=1, GT MIS=500, Greedy MIS=492, |S|=868, Oracle MIS=500, Improvement=8
n=1000, coeff=6, trial=1, GT MIS=500, Greedy MIS=492, |S|=744, Oracle MIS=500, Improvement=8
n=1000, coeff=6, trial=1, GT MIS=500, Greedy MIS=492, |S|=622, Oracle MIS=500, Improvement=8
n=1000, coeff=6, trial=2, GT MIS=500, Greedy MIS=456, |S|=1000, Oracle MIS=456, Improvement=0
n=1000, coeff=6, trial=2, GT MIS=500, Greedy MIS=456, |S|=1000, Oracle MIS=456, Improvement=0
n=1000, coeff=6, trial=2, GT MIS=500, Greedy MIS=456, |S|=999, Oracle MIS=455, Improvement=-1
n=1000, coeff=6, trial=2, GT MIS=500, Greedy MIS=456, |S|=999, Oracle MIS=455, Improvement=-1
n=1000, coeff=6, trial=2, GT MIS=500, Greedy MIS=456, |S|=998, Oracle MIS=454, Improvement=-2
n=1000, coeff=6, trial=2, GT MIS=500, Greedy MIS=456, |S|=977, Oracle MIS=475, Improvement=19
n=1000, coeff=6, trial=2, GT MIS=500, Greedy MIS=456, |S|=912, Oracle MIS=500, Improvement=44
n=1000, coeff=6, trial=2, GT MIS=500, Greedy MIS=456, |S|=818, Oracle MIS=500, Improvement=44
n=1000, coeff=6, trial=2, GT MIS=500, Greedy MIS=456, |S|=698, Oracle MIS=500, Improvement=44
n=1000, coeff=6, trial=2, GT MIS=500, Greedy MIS=456, |S|=606, Oracle MIS=500, Improvement=44
n=1000, coeff=6, trial=3, GT MIS=500, Greedy MIS=473, |S|=1000, Oracle MIS=473, Improvement=0
n=1000, coeff=6, trial=3, GT MIS=500, Greedy MIS=473, |S|=1000, Oracle MIS=473, Improvement=0
n=1000, coeff=6, trial=3, GT MIS=500, Greedy MIS=473, |S|=1000, Oracle MIS=473, Improvement=0
n=1000, coeff=6, trial=3, GT MIS=500, Greedy MIS=473, |S|=1000, Oracle MIS=473, Improvement=0
n=1000, coeff=6, trial=3, GT MIS=500, Greedy MIS=473, |S|=999, Oracle MIS=473, Improvement=0
n=1000, coeff=6, trial=3, GT MIS=500, Greedy MIS=473, |S|=980, Oracle MIS=500, Improvement=27
n=1000, coeff=6, trial=3, GT MIS=500, Greedy MIS=473, |S|=945, Oracle MIS=500, Improvement=27
n=1000, coeff=6, trial=3, GT MIS=500, Greedy MIS=473, |S|=822, Oracle MIS=500, Improvement=27
n=1000, coeff=6, trial=3, GT MIS=500, Greedy MIS=473, |S|=712, Oracle MIS=500, Improvement=27
n=1000, coeff=6, trial=3, GT MIS=500, Greedy MIS=473, |S|=570, Oracle MIS=500, Improvement=27
n=1000, coeff=6, trial=4, GT MIS=500, Greedy MIS=468, |S|=1000, Oracle MIS=468, Improvement=0
n=1000, coeff=6, trial=4, GT MIS=500, Greedy MIS=468, |S|=1000, Oracle MIS=468, Improvement=0
n=1000, coeff=6, trial=4, GT MIS=500, Greedy MIS=468, |S|=1000, Oracle MIS=468, Improvement=0
n=1000, coeff=6, trial=4, GT MIS=500, Greedy MIS=468, |S|=999, Oracle MIS=468, Improvement=0
n=1000, coeff=6, trial=4, GT MIS=500, Greedy MIS=468, |S|=995, Oracle MIS=468, Improvement=0
n=1000, coeff=6, trial=4, GT MIS=500, Greedy MIS=468, |S|=985, Oracle MIS=468, Improvement=0
n=1000, coeff=6, trial=4, GT MIS=500, Greedy MIS=468, |S|=933, Oracle MIS=493, Improvement=25
n=1000, coeff=6, trial=4, GT MIS=500, Greedy MIS=468, |S|=830, Oracle MIS=500, Improvement=32
n=1000, coeff=6, trial=4, GT MIS=500, Greedy MIS=468, |S|=696, Oracle MIS=500, Improvement=32
n=1000, coeff=6, trial=4, GT MIS=500, Greedy MIS=468, |S|=586, Oracle MIS=500, Improvement=32
n=1000, coeff=7, trial=0, GT MIS=500, Greedy MIS=500, |S|=1000, Oracle MIS=500, Improvement=0
n=1000, coeff=7, trial=0, GT MIS=500, Greedy MIS=500, |S|=1000, Oracle MIS=500, Improvement=0
n=1000, coeff=7, trial=0, GT MIS=500, Greedy MIS=500, |S|=1000, Oracle MIS=500, Improvement=0
n=1000, coeff=7, trial=0, GT MIS=500, Greedy MIS=500, |S|=1000, Oracle MIS=500, Improvement=0
n=1000, coeff=7, trial=0, GT MIS=500, Greedy MIS=500, |S|=999, Oracle MIS=499, Improvement=-1
n=1000, coeff=7, trial=0, GT MIS=500, Greedy MIS=500, |S|=990, Oracle MIS=470, Improvement=-30
n=1000, coeff=7, trial=0, GT MIS=500, Greedy MIS=500, |S|=945, Oracle MIS=490, Improvement=-10
n=1000, coeff=7, trial=0, GT MIS=500, Greedy MIS=500, |S|=832, Oracle MIS=500, Improvement=0
n=1000, coeff=7, trial=0, GT MIS=500, Greedy MIS=500, |S|=705, Oracle MIS=500, Improvement=0
n=1000, coeff=7, trial=0, GT MIS=500, Greedy MIS=500, |S|=593, Oracle MIS=500, Improvement=0
n=1000, coeff=7, trial=1, GT MIS=500, Greedy MIS=493, |S|=1000, Oracle MIS=493, Improvement=0
n=1000, coeff=7, trial=1, GT MIS=500, Greedy MIS=493, |S|=1000, Oracle MIS=493, Improvement=0
n=1000, coeff=7, trial=1, GT MIS=500, Greedy MIS=493, |S|=1000, Oracle MIS=493, Improvement=0
n=1000, coeff=7, trial=1, GT MIS=500, Greedy MIS=493, |S|=1000, Oracle MIS=493, Improvement=0
n=1000, coeff=7, trial=1, GT MIS=500, Greedy MIS=493, |S|=1000, Oracle MIS=493, Improvement=0
n=1000, coeff=7, trial=1, GT MIS=500, Greedy MIS=493, |S|=986, Oracle MIS=493, Improvement=0
n=1000, coeff=7, trial=1, GT MIS=500, Greedy MIS=493, |S|=937, Oracle MIS=493, Improvement=0
n=1000, coeff=7, trial=1, GT MIS=500, Greedy MIS=493, |S|=834, Oracle MIS=500, Improvement=7
n=1000, coeff=7, trial=1, GT MIS=500, Greedy MIS=493, |S|=712, Oracle MIS=500, Improvement=7
n=1000, coeff=7, trial=1, GT MIS=500, Greedy MIS=493, |S|=583, Oracle MIS=500, Improvement=7
n=1000, coeff=7, trial=2, GT MIS=500, Greedy MIS=478, |S|=1000, Oracle MIS=478, Improvement=0
n=1000, coeff=7, trial=2, GT MIS=500, Greedy MIS=478, |S|=1000, Oracle MIS=478, Improvement=0
n=1000, coeff=7, trial=2, GT MIS=500, Greedy MIS=478, |S|=1000, Oracle MIS=478, Improvement=0
n=1000, coeff=7, trial=2, GT MIS=500, Greedy MIS=478, |S|=998, Oracle MIS=478, Improvement=0
n=1000, coeff=7, trial=2, GT MIS=500, Greedy MIS=478, |S|=998, Oracle MIS=478, Improvement=0
n=1000, coeff=7, trial=2, GT MIS=500, Greedy MIS=478, |S|=975, Oracle MIS=490, Improvement=12
n=1000, coeff=7, trial=2, GT MIS=500, Greedy MIS=478, |S|=891, Oracle MIS=500, Improvement=22
n=1000, coeff=7, trial=2, GT MIS=500, Greedy MIS=478, |S|=788, Oracle MIS=500, Improvement=22
n=1000, coeff=7, trial=2, GT MIS=500, Greedy MIS=478, |S|=654, Oracle MIS=500, Improvement=22
n=1000, coeff=7, trial=2, GT MIS=500, Greedy MIS=478, |S|=572, Oracle MIS=500, Improvement=22
n=1000, coeff=7, trial=3, GT MIS=500, Greedy MIS=500, |S|=1000, Oracle MIS=500, Improvement=0
n=1000, coeff=7, trial=3, GT MIS=500, Greedy MIS=500, |S|=1000, Oracle MIS=500, Improvement=0
n=1000, coeff=7, trial=3, GT MIS=500, Greedy MIS=500, |S|=1000, Oracle MIS=500, Improvement=0
n=1000, coeff=7, trial=3, GT MIS=500, Greedy MIS=500, |S|=1000, Oracle MIS=500, Improvement=0
n=1000, coeff=7, trial=3, GT MIS=500, Greedy MIS=500, |S|=998, Oracle MIS=500, Improvement=0
n=1000, coeff=7, trial=3, GT MIS=500, Greedy MIS=500, |S|=976, Oracle MIS=500, Improvement=0
n=1000, coeff=7, trial=3, GT MIS=500, Greedy MIS=500, |S|=926, Oracle MIS=500, Improvement=0
n=1000, coeff=7, trial=3, GT MIS=500, Greedy MIS=500, |S|=794, Oracle MIS=500, Improvement=0
n=1000, coeff=7, trial=3, GT MIS=500, Greedy MIS=500, |S|=676, Oracle MIS=500, Improvement=0
n=1000, coeff=7, trial=3, GT MIS=500, Greedy MIS=500, |S|=560, Oracle MIS=500, Improvement=0
n=1000, coeff=7, trial=4, GT MIS=500, Greedy MIS=500, |S|=1000, Oracle MIS=500, Improvement=0
n=1000, coeff=7, trial=4, GT MIS=500, Greedy MIS=500, |S|=1000, Oracle MIS=500, Improvement=0
n=1000, coeff=7, trial=4, GT MIS=500, Greedy MIS=500, |S|=1000, Oracle MIS=500, Improvement=0
n=1000, coeff=7, trial=4, GT MIS=500, Greedy MIS=500, |S|=1000, Oracle MIS=500, Improvement=0
n=1000, coeff=7, trial=4, GT MIS=500, Greedy MIS=500, |S|=996, Oracle MIS=496, Improvement=-4
n=1000, coeff=7, trial=4, GT MIS=500, Greedy MIS=500, |S|=973, Oracle MIS=473, Improvement=-27
n=1000, coeff=7, trial=4, GT MIS=500, Greedy MIS=500, |S|=927, Oracle MIS=491, Improvement=-9
n=1000, coeff=7, trial=4, GT MIS=500, Greedy MIS=500, |S|=799, Oracle MIS=500, Improvement=0
n=1000, coeff=7, trial=4, GT MIS=500, Greedy MIS=500, |S|=655, Oracle MIS=500, Improvement=0
n=1000, coeff=7, trial=4, GT MIS=500, Greedy MIS=500, |S|=565, Oracle MIS=500, Improvement=0
n=1000, coeff=8, trial=0, GT MIS=500, Greedy MIS=487, |S|=1000, Oracle MIS=487, Improvement=0
n=1000, coeff=8, trial=0, GT MIS=500, Greedy MIS=487, |S|=1000, Oracle MIS=487, Improvement=0
n=1000, coeff=8, trial=0, GT MIS=500, Greedy MIS=487, |S|=1000, Oracle MIS=487, Improvement=0
n=1000, coeff=8, trial=0, GT MIS=500, Greedy MIS=487, |S|=1000, Oracle MIS=487, Improvement=0
n=1000, coeff=8, trial=0, GT MIS=500, Greedy MIS=487, |S|=998, Oracle MIS=485, Improvement=-2
n=1000, coeff=8, trial=0, GT MIS=500, Greedy MIS=487, |S|=985, Oracle MIS=488, Improvement=1
n=1000, coeff=8, trial=0, GT MIS=500, Greedy MIS=487, |S|=929, Oracle MIS=500, Improvement=13
n=1000, coeff=8, trial=0, GT MIS=500, Greedy MIS=487, |S|=807, Oracle MIS=500, Improvement=13
n=1000, coeff=8, trial=0, GT MIS=500, Greedy MIS=487, |S|=667, Oracle MIS=500, Improvement=13
n=1000, coeff=8, trial=0, GT MIS=500, Greedy MIS=487, |S|=565, Oracle MIS=500, Improvement=13
n=1000, coeff=8, trial=1, GT MIS=500, Greedy MIS=490, |S|=1000, Oracle MIS=490, Improvement=0
n=1000, coeff=8, trial=1, GT MIS=500, Greedy MIS=490, |S|=1000, Oracle MIS=490, Improvement=0
n=1000, coeff=8, trial=1, GT MIS=500, Greedy MIS=490, |S|=1000, Oracle MIS=490, Improvement=0
n=1000, coeff=8, trial=1, GT MIS=500, Greedy MIS=490, |S|=1000, Oracle MIS=490, Improvement=0
n=1000, coeff=8, trial=1, GT MIS=500, Greedy MIS=490, |S|=1000, Oracle MIS=490, Improvement=0
n=1000, coeff=8, trial=1, GT MIS=500, Greedy MIS=490, |S|=987, Oracle MIS=490, Improvement=0
n=1000, coeff=8, trial=1, GT MIS=500, Greedy MIS=490, |S|=922, Oracle MIS=490, Improvement=0
n=1000, coeff=8, trial=1, GT MIS=500, Greedy MIS=490, |S|=802, Oracle MIS=500, Improvement=10
n=1000, coeff=8, trial=1, GT MIS=500, Greedy MIS=490, |S|=657, Oracle MIS=500, Improvement=10
n=1000, coeff=8, trial=1, GT MIS=500, Greedy MIS=490, |S|=569, Oracle MIS=500, Improvement=10
n=1000, coeff=8, trial=2, GT MIS=500, Greedy MIS=500, |S|=1000, Oracle MIS=500, Improvement=0
n=1000, coeff=8, trial=2, GT MIS=500, Greedy MIS=500, |S|=1000, Oracle MIS=500, Improvement=0
n=1000, coeff=8, trial=2, GT MIS=500, Greedy MIS=500, |S|=1000, Oracle MIS=500, Improvement=0
n=1000, coeff=8, trial=2, GT MIS=500, Greedy MIS=500, |S|=999, Oracle MIS=499, Improvement=-1
n=1000, coeff=8, trial=2, GT MIS=500, Greedy MIS=500, |S|=996, Oracle MIS=496, Improvement=-4
n=1000, coeff=8, trial=2, GT MIS=500, Greedy MIS=500, |S|=967, Oracle MIS=463, Improvement=-37
n=1000, coeff=8, trial=2, GT MIS=500, Greedy MIS=500, |S|=881, Oracle MIS=500, Improvement=0
n=1000, coeff=8, trial=2, GT MIS=500, Greedy MIS=500, |S|=761, Oracle MIS=500, Improvement=0
n=1000, coeff=8, trial=2, GT MIS=500, Greedy MIS=500, |S|=626, Oracle MIS=500, Improvement=0
n=1000, coeff=8, trial=2, GT MIS=500, Greedy MIS=500, |S|=543, Oracle MIS=500, Improvement=0
n=1000, coeff=8, trial=3, GT MIS=500, Greedy MIS=500, |S|=1000, Oracle MIS=500, Improvement=0
n=1000, coeff=8, trial=3, GT MIS=500, Greedy MIS=500, |S|=1000, Oracle MIS=500, Improvement=0
n=1000, coeff=8, trial=3, GT MIS=500, Greedy MIS=500, |S|=1000, Oracle MIS=500, Improvement=0
n=1000, coeff=8, trial=3, GT MIS=500, Greedy MIS=500, |S|=1000, Oracle MIS=500, Improvement=0
n=1000, coeff=8, trial=3, GT MIS=500, Greedy MIS=500, |S|=997, Oracle MIS=500, Improvement=0
n=1000, coeff=8, trial=3, GT MIS=500, Greedy MIS=500, |S|=973, Oracle MIS=500, Improvement=0
n=1000, coeff=8, trial=3, GT MIS=500, Greedy MIS=500, |S|=913, Oracle MIS=500, Improvement=0
n=1000, coeff=8, trial=3, GT MIS=500, Greedy MIS=500, |S|=754, Oracle MIS=500, Improvement=0
n=1000, coeff=8, trial=3, GT MIS=500, Greedy MIS=500, |S|=644, Oracle MIS=500, Improvement=0
n=1000, coeff=8, trial=3, GT MIS=500, Greedy MIS=500, |S|=544, Oracle MIS=500, Improvement=0
n=1000, coeff=8, trial=4, GT MIS=500, Greedy MIS=500, |S|=1000, Oracle MIS=500, Improvement=0
n=1000, coeff=8, trial=4, GT MIS=500, Greedy MIS=500, |S|=1000, Oracle MIS=500, Improvement=0
n=1000, coeff=8, trial=4, GT MIS=500, Greedy MIS=500, |S|=1000, Oracle MIS=500, Improvement=0
n=1000, coeff=8, trial=4, GT MIS=500, Greedy MIS=500, |S|=1000, Oracle MIS=500, Improvement=0
n=1000, coeff=8, trial=4, GT MIS=500, Greedy MIS=500, |S|=998, Oracle MIS=498, Improvement=-2
n=1000, coeff=8, trial=4, GT MIS=500, Greedy MIS=500, |S|=971, Oracle MIS=475, Improvement=-25
n=1000, coeff=8, trial=4, GT MIS=500, Greedy MIS=500, |S|=901, Oracle MIS=500, Improvement=0
n=1000, coeff=8, trial=4, GT MIS=500, Greedy MIS=500, |S|=768, Oracle MIS=500, Improvement=0
n=1000, coeff=8, trial=4, GT MIS=500, Greedy MIS=500, |S|=629, Oracle MIS=500, Improvement=0
n=1000, coeff=8, trial=4, GT MIS=500, Greedy MIS=500, |S|=534, Oracle MIS=500, Improvement=0
n=1000, coeff=9, trial=0, GT MIS=500, Greedy MIS=487, |S|=1000, Oracle MIS=487, Improvement=0
n=1000, coeff=9, trial=0, GT MIS=500, Greedy MIS=487, |S|=1000, Oracle MIS=487, Improvement=0
n=1000, coeff=9, trial=0, GT MIS=500, Greedy MIS=487, |S|=1000, Oracle MIS=487, Improvement=0
n=1000, coeff=9, trial=0, GT MIS=500, Greedy MIS=487, |S|=1000, Oracle MIS=487, Improvement=0
n=1000, coeff=9, trial=0, GT MIS=500, Greedy MIS=487, |S|=996, Oracle MIS=487, Improvement=0
n=1000, coeff=9, trial=0, GT MIS=500, Greedy MIS=487, |S|=982, Oracle MIS=487, Improvement=0
n=1000, coeff=9, trial=0, GT MIS=500, Greedy MIS=487, |S|=915, Oracle MIS=500, Improvement=13
n=1000, coeff=9, trial=0, GT MIS=500, Greedy MIS=487, |S|=763, Oracle MIS=500, Improvement=13
n=1000, coeff=9, trial=0, GT MIS=500, Greedy MIS=487, |S|=639, Oracle MIS=500, Improvement=13
n=1000, coeff=9, trial=0, GT MIS=500, Greedy MIS=487, |S|=549, Oracle MIS=500, Improvement=13
n=1000, coeff=9, trial=1, GT MIS=500, Greedy MIS=486, |S|=1000, Oracle MIS=486, Improvement=0
n=1000, coeff=9, trial=1, GT MIS=500, Greedy MIS=486, |S|=1000, Oracle MIS=486, Improvement=0
n=1000, coeff=9, trial=1, GT MIS=500, Greedy MIS=486, |S|=1000, Oracle MIS=486, Improvement=0
n=1000, coeff=9, trial=1, GT MIS=500, Greedy MIS=486, |S|=1000, Oracle MIS=486, Improvement=0
n=1000, coeff=9, trial=1, GT MIS=500, Greedy MIS=486, |S|=998, Oracle MIS=486, Improvement=0
n=1000, coeff=9, trial=1, GT MIS=500, Greedy MIS=486, |S|=984, Oracle MIS=486, Improvement=0
n=1000, coeff=9, trial=1, GT MIS=500, Greedy MIS=486, |S|=909, Oracle MIS=500, Improvement=14
n=1000, coeff=9, trial=1, GT MIS=500, Greedy MIS=486, |S|=769, Oracle MIS=500, Improvement=14
n=1000, coeff=9, trial=1, GT MIS=500, Greedy MIS=486, |S|=638, Oracle MIS=500, Improvement=14
n=1000, coeff=9, trial=1, GT MIS=500, Greedy MIS=486, |S|=546, Oracle MIS=500, Improvement=14
n=1000, coeff=9, trial=2, GT MIS=500, Greedy MIS=500, |S|=1000, Oracle MIS=500, Improvement=0
n=1000, coeff=9, trial=2, GT MIS=500, Greedy MIS=500, |S|=1000, Oracle MIS=500, Improvement=0
n=1000, coeff=9, trial=2, GT MIS=500, Greedy MIS=500, |S|=1000, Oracle MIS=500, Improvement=0
n=1000, coeff=9, trial=2, GT MIS=500, Greedy MIS=500, |S|=1000, Oracle MIS=500, Improvement=0
n=1000, coeff=9, trial=2, GT MIS=500, Greedy MIS=500, |S|=996, Oracle MIS=496, Improvement=-4
n=1000, coeff=9, trial=2, GT MIS=500, Greedy MIS=500, |S|=972, Oracle MIS=485, Improvement=-15
n=1000, coeff=9, trial=2, GT MIS=500, Greedy MIS=500, |S|=866, Oracle MIS=500, Improvement=0
n=1000, coeff=9, trial=2, GT MIS=500, Greedy MIS=500, |S|=735, Oracle MIS=500, Improvement=0
n=1000, coeff=9, trial=2, GT MIS=500, Greedy MIS=500, |S|=601, Oracle MIS=500, Improvement=0
n=1000, coeff=9, trial=2, GT MIS=500, Greedy MIS=500, |S|=524, Oracle MIS=500, Improvement=0
n=1000, coeff=9, trial=3, GT MIS=500, Greedy MIS=500, |S|=1000, Oracle MIS=500, Improvement=0
n=1000, coeff=9, trial=3, GT MIS=500, Greedy MIS=500, |S|=1000, Oracle MIS=500, Improvement=0
n=1000, coeff=9, trial=3, GT MIS=500, Greedy MIS=500, |S|=1000, Oracle MIS=500, Improvement=0
n=1000, coeff=9, trial=3, GT MIS=500, Greedy MIS=500, |S|=1000, Oracle MIS=500, Improvement=0
n=1000, coeff=9, trial=3, GT MIS=500, Greedy MIS=500, |S|=997, Oracle MIS=500, Improvement=0
n=1000, coeff=9, trial=3, GT MIS=500, Greedy MIS=500, |S|=977, Oracle MIS=500, Improvement=0
n=1000, coeff=9, trial=3, GT MIS=500, Greedy MIS=500, |S|=904, Oracle MIS=500, Improvement=0
n=1000, coeff=9, trial=3, GT MIS=500, Greedy MIS=500, |S|=728, Oracle MIS=500, Improvement=0
n=1000, coeff=9, trial=3, GT MIS=500, Greedy MIS=500, |S|=602, Oracle MIS=500, Improvement=0
n=1000, coeff=9, trial=3, GT MIS=500, Greedy MIS=500, |S|=528, Oracle MIS=500, Improvement=0
n=1000, coeff=9, trial=4, GT MIS=500, Greedy MIS=500, |S|=1000, Oracle MIS=500, Improvement=0
n=1000, coeff=9, trial=4, GT MIS=500, Greedy MIS=500, |S|=1000, Oracle MIS=500, Improvement=0
n=1000, coeff=9, trial=4, GT MIS=500, Greedy MIS=500, |S|=1000, Oracle MIS=500, Improvement=0
n=1000, coeff=9, trial=4, GT MIS=500, Greedy MIS=500, |S|=1000, Oracle MIS=500, Improvement=0
n=1000, coeff=9, trial=4, GT MIS=500, Greedy MIS=500, |S|=999, Oracle MIS=499, Improvement=-1
n=1000, coeff=9, trial=4, GT MIS=500, Greedy MIS=500, |S|=979, Oracle MIS=484, Improvement=-16
n=1000, coeff=9, trial=4, GT MIS=500, Greedy MIS=500, |S|=878, Oracle MIS=500, Improvement=0
n=1000, coeff=9, trial=4, GT MIS=500, Greedy MIS=500, |S|=737, Oracle MIS=500, Improvement=0
n=1000, coeff=9, trial=4, GT MIS=500, Greedy MIS=500, |S|=604, Oracle MIS=500, Improvement=0
n=1000, coeff=9, trial=4, GT MIS=500, Greedy MIS=500, |S|=524, Oracle MIS=500, Improvement=0
n=1000, coeff=10, trial=0, GT MIS=500, Greedy MIS=500, |S|=1000, Oracle MIS=500, Improvement=0
n=1000, coeff=10, trial=0, GT MIS=500, Greedy MIS=500, |S|=1000, Oracle MIS=500, Improvement=0
n=1000, coeff=10, trial=0, GT MIS=500, Greedy MIS=500, |S|=1000, Oracle MIS=500, Improvement=0
n=1000, coeff=10, trial=0, GT MIS=500, Greedy MIS=500, |S|=999, Oracle MIS=499, Improvement=-1
n=1000, coeff=10, trial=0, GT MIS=500, Greedy MIS=500, |S|=998, Oracle MIS=498, Improvement=-2
n=1000, coeff=10, trial=0, GT MIS=500, Greedy MIS=500, |S|=982, Oracle MIS=467, Improvement=-33
n=1000, coeff=10, trial=0, GT MIS=500, Greedy MIS=500, |S|=903, Oracle MIS=500, Improvement=0
n=1000, coeff=10, trial=0, GT MIS=500, Greedy MIS=500, |S|=749, Oracle MIS=500, Improvement=0
n=1000, coeff=10, trial=0, GT MIS=500, Greedy MIS=500, |S|=606, Oracle MIS=500, Improvement=0
n=1000, coeff=10, trial=0, GT MIS=500, Greedy MIS=500, |S|=530, Oracle MIS=500, Improvement=0
n=1000, coeff=10, trial=1, GT MIS=500, Greedy MIS=482, |S|=1000, Oracle MIS=482, Improvement=0
n=1000, coeff=10, trial=1, GT MIS=500, Greedy MIS=482, |S|=1000, Oracle MIS=482, Improvement=0
n=1000, coeff=10, trial=1, GT MIS=500, Greedy MIS=482, |S|=1000, Oracle MIS=482, Improvement=0
n=1000, coeff=10, trial=1, GT MIS=500, Greedy MIS=482, |S|=1000, Oracle MIS=482, Improvement=0
n=1000, coeff=10, trial=1, GT MIS=500, Greedy MIS=482, |S|=997, Oracle MIS=482, Improvement=0
n=1000, coeff=10, trial=1, GT MIS=500, Greedy MIS=482, |S|=982, Oracle MIS=500, Improvement=18
n=1000, coeff=10, trial=1, GT MIS=500, Greedy MIS=482, |S|=894, Oracle MIS=500, Improvement=18
n=1000, coeff=10, trial=1, GT MIS=500, Greedy MIS=482, |S|=756, Oracle MIS=500, Improvement=18
n=1000, coeff=10, trial=1, GT MIS=500, Greedy MIS=482, |S|=600, Oracle MIS=500, Improvement=18
n=1000, coeff=10, trial=1, GT MIS=500, Greedy MIS=482, |S|=534, Oracle MIS=500, Improvement=18
n=1000, coeff=10, trial=2, GT MIS=500, Greedy MIS=500, |S|=1000, Oracle MIS=500, Improvement=0
n=1000, coeff=10, trial=2, GT MIS=500, Greedy MIS=500, |S|=1000, Oracle MIS=500, Improvement=0
n=1000, coeff=10, trial=2, GT MIS=500, Greedy MIS=500, |S|=1000, Oracle MIS=500, Improvement=0
n=1000, coeff=10, trial=2, GT MIS=500, Greedy MIS=500, |S|=1000, Oracle MIS=500, Improvement=0
n=1000, coeff=10, trial=2, GT MIS=500, Greedy MIS=500, |S|=996, Oracle MIS=500, Improvement=0
n=1000, coeff=10, trial=2, GT MIS=500, Greedy MIS=500, |S|=962, Oracle MIS=500, Improvement=0
n=1000, coeff=10, trial=2, GT MIS=500, Greedy MIS=500, |S|=851, Oracle MIS=500, Improvement=0
n=1000, coeff=10, trial=2, GT MIS=500, Greedy MIS=500, |S|=702, Oracle MIS=500, Improvement=0
n=1000, coeff=10, trial=2, GT MIS=500, Greedy MIS=500, |S|=569, Oracle MIS=500, Improvement=0
n=1000, coeff=10, trial=2, GT MIS=500, Greedy MIS=500, |S|=515, Oracle MIS=500, Improvement=0
n=1000, coeff=10, trial=3, GT MIS=500, Greedy MIS=500, |S|=1000, Oracle MIS=500, Improvement=0
n=1000, coeff=10, trial=3, GT MIS=500, Greedy MIS=500, |S|=1000, Oracle MIS=500, Improvement=0
n=1000, coeff=10, trial=3, GT MIS=500, Greedy MIS=500, |S|=1000, Oracle MIS=500, Improvement=0
n=1000, coeff=10, trial=3, GT MIS=500, Greedy MIS=500, |S|=1000, Oracle MIS=500, Improvement=0
n=1000, coeff=10, trial=3, GT MIS=500, Greedy MIS=500, |S|=997, Oracle MIS=500, Improvement=0
n=1000, coeff=10, trial=3, GT MIS=500, Greedy MIS=500, |S|=979, Oracle MIS=500, Improvement=0
n=1000, coeff=10, trial=3, GT MIS=500, Greedy MIS=500, |S|=883, Oracle MIS=500, Improvement=0
n=1000, coeff=10, trial=3, GT MIS=500, Greedy MIS=500, |S|=690, Oracle MIS=500, Improvement=0
n=1000, coeff=10, trial=3, GT MIS=500, Greedy MIS=500, |S|=580, Oracle MIS=500, Improvement=0
n=1000, coeff=10, trial=3, GT MIS=500, Greedy MIS=500, |S|=516, Oracle MIS=500, Improvement=0
n=1000, coeff=10, trial=4, GT MIS=500, Greedy MIS=482, |S|=1000, Oracle MIS=482, Improvement=0
n=1000, coeff=10, trial=4, GT MIS=500, Greedy MIS=482, |S|=1000, Oracle MIS=482, Improvement=0
n=1000, coeff=10, trial=4, GT MIS=500, Greedy MIS=482, |S|=1000, Oracle MIS=482, Improvement=0
n=1000, coeff=10, trial=4, GT MIS=500, Greedy MIS=482, |S|=1000, Oracle MIS=482, Improvement=0
n=1000, coeff=10, trial=4, GT MIS=500, Greedy MIS=482, |S|=998, Oracle MIS=482, Improvement=0
n=1000, coeff=10, trial=4, GT MIS=500, Greedy MIS=482, |S|=974, Oracle MIS=500, Improvement=18
n=1000, coeff=10, trial=4, GT MIS=500, Greedy MIS=482, |S|=866, Oracle MIS=500, Improvement=18
n=1000, coeff=10, trial=4, GT MIS=500, Greedy MIS=482, |S|=702, Oracle MIS=500, Improvement=18
n=1000, coeff=10, trial=4, GT MIS=500, Greedy MIS=482, |S|=573, Oracle MIS=500, Improvement=18
n=1000, coeff=10, trial=4, GT MIS=500, Greedy MIS=482, |S|=516, Oracle MIS=500, Improvement=18
Results saved to bipartite_experiment_results_epislons_1000.csv
