Running job on compute-3-04
Requested resources:
  - CPUs: 12
  - GPUs: 
  - Memory: 18000
n=35000, coeff=20.0, trial=0, GT MIS=17500, Greedy MIS=17156, |S|=35000, Oracle MIS=17156, Improvement=0
n=35000, coeff=20.0, trial=0, GT MIS=17500, Greedy MIS=17156, |S|=35000, Oracle MIS=17156, Improvement=0
n=35000, coeff=20.0, trial=0, GT MIS=17500, Greedy MIS=17156, |S|=34999, Oracle MIS=17155, Improvement=-1
n=35000, coeff=20.0, trial=0, GT MIS=17500, Greedy MIS=17156, |S|=34921, Oracle MIS=16943, Improvement=-213
n=35000, coeff=20.0, trial=0, GT MIS=17500, Greedy MIS=17156, |S|=33190, Oracle MIS=17500, Improvement=344
n=35000, coeff=20.0, trial=0, GT MIS=17500, Greedy MIS=17156, |S|=25912, Oracle MIS=17500, Improvement=344
n=35000, coeff=20.0, trial=0, GT MIS=17500, Greedy MIS=17156, |S|=19122, Oracle MIS=17500, Improvement=344
n=35000, coeff=20.0, trial=0, GT MIS=17500, Greedy MIS=17156, |S|=17590, Oracle MIS=17500, Improvement=344
n=35000, coeff=20.0, trial=0, GT MIS=17500, Greedy MIS=17156, |S|=17500, Oracle MIS=17500, Improvement=344
n=35000, coeff=20.0, trial=0, GT MIS=17500, Greedy MIS=17156, |S|=17500, Oracle MIS=17500, Improvement=344
n=35000, coeff=20.0, trial=1, GT MIS=17500, Greedy MIS=17431, |S|=35000, Oracle MIS=17431, Improvement=0
n=35000, coeff=20.0, trial=1, GT MIS=17500, Greedy MIS=17431, |S|=35000, Oracle MIS=17431, Improvement=0
n=35000, coeff=20.0, trial=1, GT MIS=17500, Greedy MIS=17431, |S|=35000, Oracle MIS=17431, Improvement=0
n=35000, coeff=20.0, trial=1, GT MIS=17500, Greedy MIS=17431, |S|=34925, Oracle MIS=17356, Improvement=-75
n=35000, coeff=20.0, trial=1, GT MIS=17500, Greedy MIS=17431, |S|=33158, Oracle MIS=17500, Improvement=69
n=35000, coeff=20.0, trial=1, GT MIS=17500, Greedy MIS=17431, |S|=25926, Oracle MIS=17500, Improvement=69
n=35000, coeff=20.0, trial=1, GT MIS=17500, Greedy MIS=17431, |S|=19125, Oracle MIS=17500, Improvement=69
n=35000, coeff=20.0, trial=1, GT MIS=17500, Greedy MIS=17431, |S|=17593, Oracle MIS=17500, Improvement=69
n=35000, coeff=20.0, trial=1, GT MIS=17500, Greedy MIS=17431, |S|=17501, Oracle MIS=17500, Improvement=69
n=35000, coeff=20.0, trial=1, GT MIS=17500, Greedy MIS=17431, |S|=17500, Oracle MIS=17500, Improvement=69
n=35000, coeff=20.0, trial=2, GT MIS=17500, Greedy MIS=17500, |S|=35000, Oracle MIS=17500, Improvement=0
n=35000, coeff=20.0, trial=2, GT MIS=17500, Greedy MIS=17500, |S|=35000, Oracle MIS=17500, Improvement=0
n=35000, coeff=20.0, trial=2, GT MIS=17500, Greedy MIS=17500, |S|=34999, Oracle MIS=17499, Improvement=-1
n=35000, coeff=20.0, trial=2, GT MIS=17500, Greedy MIS=17500, |S|=34882, Oracle MIS=17182, Improvement=-318
n=35000, coeff=20.0, trial=2, GT MIS=17500, Greedy MIS=17500, |S|=32950, Oracle MIS=17500, Improvement=0
n=35000, coeff=20.0, trial=2, GT MIS=17500, Greedy MIS=17500, |S|=25492, Oracle MIS=17500, Improvement=0
n=35000, coeff=20.0, trial=2, GT MIS=17500, Greedy MIS=17500, |S|=19054, Oracle MIS=17500, Improvement=0
n=35000, coeff=20.0, trial=2, GT MIS=17500, Greedy MIS=17500, |S|=17609, Oracle MIS=17500, Improvement=0
n=35000, coeff=20.0, trial=2, GT MIS=17500, Greedy MIS=17500, |S|=17500, Oracle MIS=17500, Improvement=0
n=35000, coeff=20.0, trial=2, GT MIS=17500, Greedy MIS=17500, |S|=17500, Oracle MIS=17500, Improvement=0
n=35000, coeff=20.0, trial=3, GT MIS=17500, Greedy MIS=17168, |S|=35000, Oracle MIS=17168, Improvement=0
n=35000, coeff=20.0, trial=3, GT MIS=17500, Greedy MIS=17168, |S|=35000, Oracle MIS=17168, Improvement=0
n=35000, coeff=20.0, trial=3, GT MIS=17500, Greedy MIS=17168, |S|=34999, Oracle MIS=17168, Improvement=0
n=35000, coeff=20.0, trial=3, GT MIS=17500, Greedy MIS=17168, |S|=34935, Oracle MIS=17168, Improvement=0
n=35000, coeff=20.0, trial=3, GT MIS=17500, Greedy MIS=17168, |S|=33304, Oracle MIS=17440, Improvement=272
n=35000, coeff=20.0, trial=3, GT MIS=17500, Greedy MIS=17168, |S|=26115, Oracle MIS=17500, Improvement=332
n=35000, coeff=20.0, trial=3, GT MIS=17500, Greedy MIS=17168, |S|=19239, Oracle MIS=17500, Improvement=332
n=35000, coeff=20.0, trial=3, GT MIS=17500, Greedy MIS=17168, |S|=17599, Oracle MIS=17500, Improvement=332
n=35000, coeff=20.0, trial=3, GT MIS=17500, Greedy MIS=17168, |S|=17503, Oracle MIS=17500, Improvement=332
n=35000, coeff=20.0, trial=3, GT MIS=17500, Greedy MIS=17168, |S|=17500, Oracle MIS=17500, Improvement=332
n=35000, coeff=20.0, trial=4, GT MIS=17500, Greedy MIS=16818, |S|=35000, Oracle MIS=16818, Improvement=0
n=35000, coeff=20.0, trial=4, GT MIS=17500, Greedy MIS=16818, |S|=35000, Oracle MIS=16818, Improvement=0
n=35000, coeff=20.0, trial=4, GT MIS=17500, Greedy MIS=16818, |S|=34999, Oracle MIS=16818, Improvement=0
n=35000, coeff=20.0, trial=4, GT MIS=17500, Greedy MIS=16818, |S|=34888, Oracle MIS=16818, Improvement=0
n=35000, coeff=20.0, trial=4, GT MIS=17500, Greedy MIS=16818, |S|=32901, Oracle MIS=17500, Improvement=682
n=35000, coeff=20.0, trial=4, GT MIS=17500, Greedy MIS=16818, |S|=25493, Oracle MIS=17500, Improvement=682
n=35000, coeff=20.0, trial=4, GT MIS=17500, Greedy MIS=16818, |S|=18991, Oracle MIS=17500, Improvement=682
n=35000, coeff=20.0, trial=4, GT MIS=17500, Greedy MIS=16818, |S|=17575, Oracle MIS=17500, Improvement=682
n=35000, coeff=20.0, trial=4, GT MIS=17500, Greedy MIS=16818, |S|=17503, Oracle MIS=17500, Improvement=682
n=35000, coeff=20.0, trial=4, GT MIS=17500, Greedy MIS=16818, |S|=17500, Oracle MIS=17500, Improvement=682
n=35000, coeff=20.0, trial=5, GT MIS=17500, Greedy MIS=17366, |S|=35000, Oracle MIS=17366, Improvement=0
n=35000, coeff=20.0, trial=5, GT MIS=17500, Greedy MIS=17366, |S|=35000, Oracle MIS=17366, Improvement=0
n=35000, coeff=20.0, trial=5, GT MIS=17500, Greedy MIS=17366, |S|=34999, Oracle MIS=17366, Improvement=0
n=35000, coeff=20.0, trial=5, GT MIS=17500, Greedy MIS=17366, |S|=34886, Oracle MIS=17366, Improvement=0
n=35000, coeff=20.0, trial=5, GT MIS=17500, Greedy MIS=17366, |S|=32888, Oracle MIS=17500, Improvement=134
n=35000, coeff=20.0, trial=5, GT MIS=17500, Greedy MIS=17366, |S|=25472, Oracle MIS=17500, Improvement=134
n=35000, coeff=20.0, trial=5, GT MIS=17500, Greedy MIS=17366, |S|=18888, Oracle MIS=17500, Improvement=134
n=35000, coeff=20.0, trial=5, GT MIS=17500, Greedy MIS=17366, |S|=17585, Oracle MIS=17500, Improvement=134
n=35000, coeff=20.0, trial=5, GT MIS=17500, Greedy MIS=17366, |S|=17503, Oracle MIS=17500, Improvement=134
n=35000, coeff=20.0, trial=5, GT MIS=17500, Greedy MIS=17366, |S|=17500, Oracle MIS=17500, Improvement=134
n=35000, coeff=20.0, trial=6, GT MIS=17500, Greedy MIS=17436, |S|=35000, Oracle MIS=17436, Improvement=0
n=35000, coeff=20.0, trial=6, GT MIS=17500, Greedy MIS=17436, |S|=35000, Oracle MIS=17436, Improvement=0
n=35000, coeff=20.0, trial=6, GT MIS=17500, Greedy MIS=17436, |S|=34999, Oracle MIS=17435, Improvement=-1
n=35000, coeff=20.0, trial=6, GT MIS=17500, Greedy MIS=17436, |S|=34948, Oracle MIS=17384, Improvement=-52
n=35000, coeff=20.0, trial=6, GT MIS=17500, Greedy MIS=17436, |S|=33527, Oracle MIS=17500, Improvement=64
n=35000, coeff=20.0, trial=6, GT MIS=17500, Greedy MIS=17436, |S|=26494, Oracle MIS=17500, Improvement=64
n=35000, coeff=20.0, trial=6, GT MIS=17500, Greedy MIS=17436, |S|=19317, Oracle MIS=17500, Improvement=64
n=35000, coeff=20.0, trial=6, GT MIS=17500, Greedy MIS=17436, |S|=17606, Oracle MIS=17500, Improvement=64
n=35000, coeff=20.0, trial=6, GT MIS=17500, Greedy MIS=17436, |S|=17501, Oracle MIS=17500, Improvement=64
n=35000, coeff=20.0, trial=6, GT MIS=17500, Greedy MIS=17436, |S|=17500, Oracle MIS=17500, Improvement=64
n=35000, coeff=20.0, trial=7, GT MIS=17500, Greedy MIS=17232, |S|=35000, Oracle MIS=17232, Improvement=0
n=35000, coeff=20.0, trial=7, GT MIS=17500, Greedy MIS=17232, |S|=35000, Oracle MIS=17232, Improvement=0
n=35000, coeff=20.0, trial=7, GT MIS=17500, Greedy MIS=17232, |S|=35000, Oracle MIS=17232, Improvement=0
n=35000, coeff=20.0, trial=7, GT MIS=17500, Greedy MIS=17232, |S|=34913, Oracle MIS=17078, Improvement=-154
n=35000, coeff=20.0, trial=7, GT MIS=17500, Greedy MIS=17232, |S|=33114, Oracle MIS=17500, Improvement=268
n=35000, coeff=20.0, trial=7, GT MIS=17500, Greedy MIS=17232, |S|=25421, Oracle MIS=17500, Improvement=268
n=35000, coeff=20.0, trial=7, GT MIS=17500, Greedy MIS=17232, |S|=18860, Oracle MIS=17500, Improvement=268
n=35000, coeff=20.0, trial=7, GT MIS=17500, Greedy MIS=17232, |S|=17573, Oracle MIS=17500, Improvement=268
n=35000, coeff=20.0, trial=7, GT MIS=17500, Greedy MIS=17232, |S|=17501, Oracle MIS=17500, Improvement=268
n=35000, coeff=20.0, trial=7, GT MIS=17500, Greedy MIS=17232, |S|=17500, Oracle MIS=17500, Improvement=268
n=35000, coeff=20.0, trial=8, GT MIS=17500, Greedy MIS=16956, |S|=35000, Oracle MIS=16956, Improvement=0
n=35000, coeff=20.0, trial=8, GT MIS=17500, Greedy MIS=16956, |S|=35000, Oracle MIS=16956, Improvement=0
n=35000, coeff=20.0, trial=8, GT MIS=17500, Greedy MIS=16956, |S|=34998, Oracle MIS=16956, Improvement=0
n=35000, coeff=20.0, trial=8, GT MIS=17500, Greedy MIS=16956, |S|=34885, Oracle MIS=17235, Improvement=279
n=35000, coeff=20.0, trial=8, GT MIS=17500, Greedy MIS=16956, |S|=32765, Oracle MIS=17500, Improvement=544
n=35000, coeff=20.0, trial=8, GT MIS=17500, Greedy MIS=16956, |S|=25088, Oracle MIS=17500, Improvement=544
n=35000, coeff=20.0, trial=8, GT MIS=17500, Greedy MIS=16956, |S|=18874, Oracle MIS=17500, Improvement=544
n=35000, coeff=20.0, trial=8, GT MIS=17500, Greedy MIS=16956, |S|=17559, Oracle MIS=17500, Improvement=544
n=35000, coeff=20.0, trial=8, GT MIS=17500, Greedy MIS=16956, |S|=17500, Oracle MIS=17500, Improvement=544
n=35000, coeff=20.0, trial=8, GT MIS=17500, Greedy MIS=16956, |S|=17500, Oracle MIS=17500, Improvement=544
n=35000, coeff=20.0, trial=9, GT MIS=17500, Greedy MIS=17366, |S|=35000, Oracle MIS=17366, Improvement=0
n=35000, coeff=20.0, trial=9, GT MIS=17500, Greedy MIS=17366, |S|=35000, Oracle MIS=17366, Improvement=0
n=35000, coeff=20.0, trial=9, GT MIS=17500, Greedy MIS=17366, |S|=35000, Oracle MIS=17366, Improvement=0
n=35000, coeff=20.0, trial=9, GT MIS=17500, Greedy MIS=17366, |S|=34924, Oracle MIS=17223, Improvement=-143
n=35000, coeff=20.0, trial=9, GT MIS=17500, Greedy MIS=17366, |S|=33393, Oracle MIS=17500, Improvement=134
n=35000, coeff=20.0, trial=9, GT MIS=17500, Greedy MIS=17366, |S|=26303, Oracle MIS=17500, Improvement=134
n=35000, coeff=20.0, trial=9, GT MIS=17500, Greedy MIS=17366, |S|=19339, Oracle MIS=17500, Improvement=134
n=35000, coeff=20.0, trial=9, GT MIS=17500, Greedy MIS=17366, |S|=17600, Oracle MIS=17500, Improvement=134
n=35000, coeff=20.0, trial=9, GT MIS=17500, Greedy MIS=17366, |S|=17500, Oracle MIS=17500, Improvement=134
n=35000, coeff=20.0, trial=9, GT MIS=17500, Greedy MIS=17366, |S|=17500, Oracle MIS=17500, Improvement=134
Results saved to bipartite_experiment_results_epislons_35000.csv
