Running job on compute-3-07
Requested resources:
  - CPUs: 18
  - GPUs: 
  - Memory: 18000
n=5000, coeff=11, trial=0, GT MIS=2500, Greedy MIS=2475, |S|=5000, Oracle MIS=2475, Improvement=0
n=5000, coeff=11, trial=0, GT MIS=2500, Greedy MIS=2475, |S|=5000, Oracle MIS=2475, Improvement=0
n=5000, coeff=11, trial=0, GT MIS=2500, Greedy MIS=2475, |S|=5000, Oracle MIS=2475, Improvement=0
n=5000, coeff=11, trial=0, GT MIS=2500, Greedy MIS=2475, |S|=5000, Oracle MIS=2475, Improvement=0
n=5000, coeff=11, trial=0, GT MIS=2500, Greedy MIS=2475, |S|=4958, Oracle MIS=2477, Improvement=2
n=5000, coeff=11, trial=0, GT MIS=2500, Greedy MIS=2475, |S|=4670, Oracle MIS=2500, Improvement=25
n=5000, coeff=11, trial=0, GT MIS=2500, Greedy MIS=2475, |S|=4011, Oracle MIS=2500, Improvement=25
n=5000, coeff=11, trial=0, GT MIS=2500, Greedy MIS=2475, |S|=3130, Oracle MIS=2500, Improvement=25
n=5000, coeff=11, trial=0, GT MIS=2500, Greedy MIS=2475, |S|=2664, Oracle MIS=2500, Improvement=25
n=5000, coeff=11, trial=0, GT MIS=2500, Greedy MIS=2475, |S|=2530, Oracle MIS=2500, Improvement=25
n=5000, coeff=11, trial=1, GT MIS=2500, Greedy MIS=2450, |S|=5000, Oracle MIS=2450, Improvement=0
n=5000, coeff=11, trial=1, GT MIS=2500, Greedy MIS=2450, |S|=5000, Oracle MIS=2450, Improvement=0
n=5000, coeff=11, trial=1, GT MIS=2500, Greedy MIS=2450, |S|=5000, Oracle MIS=2450, Improvement=0
n=5000, coeff=11, trial=1, GT MIS=2500, Greedy MIS=2450, |S|=4999, Oracle MIS=2450, Improvement=0
n=5000, coeff=11, trial=1, GT MIS=2500, Greedy MIS=2450, |S|=4971, Oracle MIS=2450, Improvement=0
n=5000, coeff=11, trial=1, GT MIS=2500, Greedy MIS=2450, |S|=4763, Oracle MIS=2500, Improvement=50
n=5000, coeff=11, trial=1, GT MIS=2500, Greedy MIS=2450, |S|=4040, Oracle MIS=2500, Improvement=50
n=5000, coeff=11, trial=1, GT MIS=2500, Greedy MIS=2450, |S|=3212, Oracle MIS=2500, Improvement=50
n=5000, coeff=11, trial=1, GT MIS=2500, Greedy MIS=2450, |S|=2669, Oracle MIS=2500, Improvement=50
n=5000, coeff=11, trial=1, GT MIS=2500, Greedy MIS=2450, |S|=2521, Oracle MIS=2500, Improvement=50
n=5000, coeff=11, trial=2, GT MIS=2500, Greedy MIS=2451, |S|=5000, Oracle MIS=2451, Improvement=0
n=5000, coeff=11, trial=2, GT MIS=2500, Greedy MIS=2451, |S|=5000, Oracle MIS=2451, Improvement=0
n=5000, coeff=11, trial=2, GT MIS=2500, Greedy MIS=2451, |S|=5000, Oracle MIS=2451, Improvement=0
n=5000, coeff=11, trial=2, GT MIS=2500, Greedy MIS=2451, |S|=5000, Oracle MIS=2451, Improvement=0
n=5000, coeff=11, trial=2, GT MIS=2500, Greedy MIS=2451, |S|=4963, Oracle MIS=2477, Improvement=26
n=5000, coeff=11, trial=2, GT MIS=2500, Greedy MIS=2451, |S|=4733, Oracle MIS=2500, Improvement=49
n=5000, coeff=11, trial=2, GT MIS=2500, Greedy MIS=2451, |S|=4075, Oracle MIS=2500, Improvement=49
n=5000, coeff=11, trial=2, GT MIS=2500, Greedy MIS=2451, |S|=3181, Oracle MIS=2500, Improvement=49
n=5000, coeff=11, trial=2, GT MIS=2500, Greedy MIS=2451, |S|=2671, Oracle MIS=2500, Improvement=49
n=5000, coeff=11, trial=2, GT MIS=2500, Greedy MIS=2451, |S|=2522, Oracle MIS=2500, Improvement=49
n=5000, coeff=11, trial=3, GT MIS=2500, Greedy MIS=2475, |S|=5000, Oracle MIS=2475, Improvement=0
n=5000, coeff=11, trial=3, GT MIS=2500, Greedy MIS=2475, |S|=5000, Oracle MIS=2475, Improvement=0
n=5000, coeff=11, trial=3, GT MIS=2500, Greedy MIS=2475, |S|=5000, Oracle MIS=2475, Improvement=0
n=5000, coeff=11, trial=3, GT MIS=2500, Greedy MIS=2475, |S|=4999, Oracle MIS=2474, Improvement=-1
n=5000, coeff=11, trial=3, GT MIS=2500, Greedy MIS=2475, |S|=4958, Oracle MIS=2334, Improvement=-141
n=5000, coeff=11, trial=3, GT MIS=2500, Greedy MIS=2475, |S|=4705, Oracle MIS=2500, Improvement=25
n=5000, coeff=11, trial=3, GT MIS=2500, Greedy MIS=2475, |S|=3973, Oracle MIS=2500, Improvement=25
n=5000, coeff=11, trial=3, GT MIS=2500, Greedy MIS=2475, |S|=3091, Oracle MIS=2500, Improvement=25
n=5000, coeff=11, trial=3, GT MIS=2500, Greedy MIS=2475, |S|=2646, Oracle MIS=2500, Improvement=25
n=5000, coeff=11, trial=3, GT MIS=2500, Greedy MIS=2475, |S|=2532, Oracle MIS=2500, Improvement=25
n=5000, coeff=11, trial=4, GT MIS=2500, Greedy MIS=2448, |S|=5000, Oracle MIS=2448, Improvement=0
n=5000, coeff=11, trial=4, GT MIS=2500, Greedy MIS=2448, |S|=5000, Oracle MIS=2448, Improvement=0
n=5000, coeff=11, trial=4, GT MIS=2500, Greedy MIS=2448, |S|=5000, Oracle MIS=2448, Improvement=0
n=5000, coeff=11, trial=4, GT MIS=2500, Greedy MIS=2448, |S|=4997, Oracle MIS=2445, Improvement=-3
n=5000, coeff=11, trial=4, GT MIS=2500, Greedy MIS=2448, |S|=4961, Oracle MIS=2424, Improvement=-24
n=5000, coeff=11, trial=4, GT MIS=2500, Greedy MIS=2448, |S|=4735, Oracle MIS=2500, Improvement=52
n=5000, coeff=11, trial=4, GT MIS=2500, Greedy MIS=2448, |S|=4107, Oracle MIS=2500, Improvement=52
n=5000, coeff=11, trial=4, GT MIS=2500, Greedy MIS=2448, |S|=3246, Oracle MIS=2500, Improvement=52
n=5000, coeff=11, trial=4, GT MIS=2500, Greedy MIS=2448, |S|=2673, Oracle MIS=2500, Improvement=52
n=5000, coeff=11, trial=4, GT MIS=2500, Greedy MIS=2448, |S|=2521, Oracle MIS=2500, Improvement=52
n=5000, coeff=11, trial=5, GT MIS=2500, Greedy MIS=2477, |S|=5000, Oracle MIS=2477, Improvement=0
n=5000, coeff=11, trial=5, GT MIS=2500, Greedy MIS=2477, |S|=5000, Oracle MIS=2477, Improvement=0
n=5000, coeff=11, trial=5, GT MIS=2500, Greedy MIS=2477, |S|=4999, Oracle MIS=2476, Improvement=-1
n=5000, coeff=11, trial=5, GT MIS=2500, Greedy MIS=2477, |S|=4997, Oracle MIS=2474, Improvement=-3
n=5000, coeff=11, trial=5, GT MIS=2500, Greedy MIS=2477, |S|=4933, Oracle MIS=2339, Improvement=-138
n=5000, coeff=11, trial=5, GT MIS=2500, Greedy MIS=2477, |S|=4593, Oracle MIS=2500, Improvement=23
n=5000, coeff=11, trial=5, GT MIS=2500, Greedy MIS=2477, |S|=3775, Oracle MIS=2500, Improvement=23
n=5000, coeff=11, trial=5, GT MIS=2500, Greedy MIS=2477, |S|=2975, Oracle MIS=2500, Improvement=23
n=5000, coeff=11, trial=5, GT MIS=2500, Greedy MIS=2477, |S|=2619, Oracle MIS=2500, Improvement=23
n=5000, coeff=11, trial=5, GT MIS=2500, Greedy MIS=2477, |S|=2514, Oracle MIS=2500, Improvement=23
n=5000, coeff=11, trial=6, GT MIS=2500, Greedy MIS=2475, |S|=5000, Oracle MIS=2475, Improvement=0
n=5000, coeff=11, trial=6, GT MIS=2500, Greedy MIS=2475, |S|=5000, Oracle MIS=2475, Improvement=0
n=5000, coeff=11, trial=6, GT MIS=2500, Greedy MIS=2475, |S|=5000, Oracle MIS=2475, Improvement=0
n=5000, coeff=11, trial=6, GT MIS=2500, Greedy MIS=2475, |S|=4999, Oracle MIS=2474, Improvement=-1
n=5000, coeff=11, trial=6, GT MIS=2500, Greedy MIS=2475, |S|=4990, Oracle MIS=2465, Improvement=-10
n=5000, coeff=11, trial=6, GT MIS=2500, Greedy MIS=2475, |S|=4827, Oracle MIS=2478, Improvement=3
n=5000, coeff=11, trial=6, GT MIS=2500, Greedy MIS=2475, |S|=4214, Oracle MIS=2500, Improvement=25
n=5000, coeff=11, trial=6, GT MIS=2500, Greedy MIS=2475, |S|=3340, Oracle MIS=2500, Improvement=25
n=5000, coeff=11, trial=6, GT MIS=2500, Greedy MIS=2475, |S|=2730, Oracle MIS=2500, Improvement=25
n=5000, coeff=11, trial=6, GT MIS=2500, Greedy MIS=2475, |S|=2541, Oracle MIS=2500, Improvement=25
n=5000, coeff=11, trial=7, GT MIS=2500, Greedy MIS=2376, |S|=5000, Oracle MIS=2376, Improvement=0
n=5000, coeff=11, trial=7, GT MIS=2500, Greedy MIS=2376, |S|=5000, Oracle MIS=2376, Improvement=0
n=5000, coeff=11, trial=7, GT MIS=2500, Greedy MIS=2376, |S|=5000, Oracle MIS=2376, Improvement=0
n=5000, coeff=11, trial=7, GT MIS=2500, Greedy MIS=2376, |S|=4997, Oracle MIS=2373, Improvement=-3
n=5000, coeff=11, trial=7, GT MIS=2500, Greedy MIS=2376, |S|=4965, Oracle MIS=2375, Improvement=-1
n=5000, coeff=11, trial=7, GT MIS=2500, Greedy MIS=2376, |S|=4698, Oracle MIS=2500, Improvement=124
n=5000, coeff=11, trial=7, GT MIS=2500, Greedy MIS=2376, |S|=4014, Oracle MIS=2500, Improvement=124
n=5000, coeff=11, trial=7, GT MIS=2500, Greedy MIS=2376, |S|=3128, Oracle MIS=2500, Improvement=124
n=5000, coeff=11, trial=7, GT MIS=2500, Greedy MIS=2376, |S|=2643, Oracle MIS=2500, Improvement=124
n=5000, coeff=11, trial=7, GT MIS=2500, Greedy MIS=2376, |S|=2517, Oracle MIS=2500, Improvement=124
n=5000, coeff=11, trial=8, GT MIS=2500, Greedy MIS=2432, |S|=5000, Oracle MIS=2432, Improvement=0
n=5000, coeff=11, trial=8, GT MIS=2500, Greedy MIS=2432, |S|=5000, Oracle MIS=2432, Improvement=0
n=5000, coeff=11, trial=8, GT MIS=2500, Greedy MIS=2432, |S|=5000, Oracle MIS=2432, Improvement=0
n=5000, coeff=11, trial=8, GT MIS=2500, Greedy MIS=2432, |S|=5000, Oracle MIS=2432, Improvement=0
n=5000, coeff=11, trial=8, GT MIS=2500, Greedy MIS=2432, |S|=4963, Oracle MIS=2396, Improvement=-36
n=5000, coeff=11, trial=8, GT MIS=2500, Greedy MIS=2432, |S|=4708, Oracle MIS=2478, Improvement=46
n=5000, coeff=11, trial=8, GT MIS=2500, Greedy MIS=2432, |S|=4047, Oracle MIS=2500, Improvement=68
n=5000, coeff=11, trial=8, GT MIS=2500, Greedy MIS=2432, |S|=3207, Oracle MIS=2500, Improvement=68
n=5000, coeff=11, trial=8, GT MIS=2500, Greedy MIS=2432, |S|=2678, Oracle MIS=2500, Improvement=68
n=5000, coeff=11, trial=8, GT MIS=2500, Greedy MIS=2432, |S|=2522, Oracle MIS=2500, Improvement=68
n=5000, coeff=11, trial=9, GT MIS=2500, Greedy MIS=2452, |S|=5000, Oracle MIS=2452, Improvement=0
n=5000, coeff=11, trial=9, GT MIS=2500, Greedy MIS=2452, |S|=5000, Oracle MIS=2452, Improvement=0
n=5000, coeff=11, trial=9, GT MIS=2500, Greedy MIS=2452, |S|=5000, Oracle MIS=2452, Improvement=0
n=5000, coeff=11, trial=9, GT MIS=2500, Greedy MIS=2452, |S|=4999, Oracle MIS=2451, Improvement=-1
n=5000, coeff=11, trial=9, GT MIS=2500, Greedy MIS=2452, |S|=4962, Oracle MIS=2391, Improvement=-61
n=5000, coeff=11, trial=9, GT MIS=2500, Greedy MIS=2452, |S|=4696, Oracle MIS=2500, Improvement=48
n=5000, coeff=11, trial=9, GT MIS=2500, Greedy MIS=2452, |S|=4062, Oracle MIS=2500, Improvement=48
n=5000, coeff=11, trial=9, GT MIS=2500, Greedy MIS=2452, |S|=3123, Oracle MIS=2500, Improvement=48
n=5000, coeff=11, trial=9, GT MIS=2500, Greedy MIS=2452, |S|=2643, Oracle MIS=2500, Improvement=48
n=5000, coeff=11, trial=9, GT MIS=2500, Greedy MIS=2452, |S|=2518, Oracle MIS=2500, Improvement=48
n=5000, coeff=12, trial=0, GT MIS=2500, Greedy MIS=2500, |S|=5000, Oracle MIS=2500, Improvement=0
n=5000, coeff=12, trial=0, GT MIS=2500, Greedy MIS=2500, |S|=5000, Oracle MIS=2500, Improvement=0
n=5000, coeff=12, trial=0, GT MIS=2500, Greedy MIS=2500, |S|=5000, Oracle MIS=2500, Improvement=0
n=5000, coeff=12, trial=0, GT MIS=2500, Greedy MIS=2500, |S|=4998, Oracle MIS=2498, Improvement=-2
n=5000, coeff=12, trial=0, GT MIS=2500, Greedy MIS=2500, |S|=4944, Oracle MIS=2418, Improvement=-82
n=5000, coeff=12, trial=0, GT MIS=2500, Greedy MIS=2500, |S|=4609, Oracle MIS=2500, Improvement=0
n=5000, coeff=12, trial=0, GT MIS=2500, Greedy MIS=2500, |S|=3837, Oracle MIS=2500, Improvement=0
n=5000, coeff=12, trial=0, GT MIS=2500, Greedy MIS=2500, |S|=2981, Oracle MIS=2500, Improvement=0
n=5000, coeff=12, trial=0, GT MIS=2500, Greedy MIS=2500, |S|=2611, Oracle MIS=2500, Improvement=0
n=5000, coeff=12, trial=0, GT MIS=2500, Greedy MIS=2500, |S|=2520, Oracle MIS=2500, Improvement=0
n=5000, coeff=12, trial=1, GT MIS=2500, Greedy MIS=2472, |S|=5000, Oracle MIS=2472, Improvement=0
n=5000, coeff=12, trial=1, GT MIS=2500, Greedy MIS=2472, |S|=5000, Oracle MIS=2472, Improvement=0
n=5000, coeff=12, trial=1, GT MIS=2500, Greedy MIS=2472, |S|=5000, Oracle MIS=2472, Improvement=0
n=5000, coeff=12, trial=1, GT MIS=2500, Greedy MIS=2472, |S|=4998, Oracle MIS=2472, Improvement=0
n=5000, coeff=12, trial=1, GT MIS=2500, Greedy MIS=2472, |S|=4964, Oracle MIS=2472, Improvement=0
n=5000, coeff=12, trial=1, GT MIS=2500, Greedy MIS=2472, |S|=4715, Oracle MIS=2500, Improvement=28
n=5000, coeff=12, trial=1, GT MIS=2500, Greedy MIS=2472, |S|=3902, Oracle MIS=2500, Improvement=28
n=5000, coeff=12, trial=1, GT MIS=2500, Greedy MIS=2472, |S|=3071, Oracle MIS=2500, Improvement=28
n=5000, coeff=12, trial=1, GT MIS=2500, Greedy MIS=2472, |S|=2616, Oracle MIS=2500, Improvement=28
n=5000, coeff=12, trial=1, GT MIS=2500, Greedy MIS=2472, |S|=2511, Oracle MIS=2500, Improvement=28
n=5000, coeff=12, trial=2, GT MIS=2500, Greedy MIS=2418, |S|=5000, Oracle MIS=2418, Improvement=0
n=5000, coeff=12, trial=2, GT MIS=2500, Greedy MIS=2418, |S|=5000, Oracle MIS=2418, Improvement=0
n=5000, coeff=12, trial=2, GT MIS=2500, Greedy MIS=2418, |S|=5000, Oracle MIS=2418, Improvement=0
n=5000, coeff=12, trial=2, GT MIS=2500, Greedy MIS=2418, |S|=4999, Oracle MIS=2418, Improvement=0
n=5000, coeff=12, trial=2, GT MIS=2500, Greedy MIS=2418, |S|=4958, Oracle MIS=2472, Improvement=54
n=5000, coeff=12, trial=2, GT MIS=2500, Greedy MIS=2418, |S|=4683, Oracle MIS=2500, Improvement=82
n=5000, coeff=12, trial=2, GT MIS=2500, Greedy MIS=2418, |S|=3894, Oracle MIS=2500, Improvement=82
n=5000, coeff=12, trial=2, GT MIS=2500, Greedy MIS=2418, |S|=3047, Oracle MIS=2500, Improvement=82
n=5000, coeff=12, trial=2, GT MIS=2500, Greedy MIS=2418, |S|=2616, Oracle MIS=2500, Improvement=82
n=5000, coeff=12, trial=2, GT MIS=2500, Greedy MIS=2418, |S|=2511, Oracle MIS=2500, Improvement=82
n=5000, coeff=12, trial=3, GT MIS=2500, Greedy MIS=2500, |S|=5000, Oracle MIS=2500, Improvement=0
n=5000, coeff=12, trial=3, GT MIS=2500, Greedy MIS=2500, |S|=5000, Oracle MIS=2500, Improvement=0
n=5000, coeff=12, trial=3, GT MIS=2500, Greedy MIS=2500, |S|=5000, Oracle MIS=2500, Improvement=0
n=5000, coeff=12, trial=3, GT MIS=2500, Greedy MIS=2500, |S|=4999, Oracle MIS=2499, Improvement=-1
n=5000, coeff=12, trial=3, GT MIS=2500, Greedy MIS=2500, |S|=4945, Oracle MIS=2389, Improvement=-111
n=5000, coeff=12, trial=3, GT MIS=2500, Greedy MIS=2500, |S|=4642, Oracle MIS=2500, Improvement=0
n=5000, coeff=12, trial=3, GT MIS=2500, Greedy MIS=2500, |S|=3803, Oracle MIS=2500, Improvement=0
n=5000, coeff=12, trial=3, GT MIS=2500, Greedy MIS=2500, |S|=2976, Oracle MIS=2500, Improvement=0
n=5000, coeff=12, trial=3, GT MIS=2500, Greedy MIS=2500, |S|=2598, Oracle MIS=2500, Improvement=0
n=5000, coeff=12, trial=3, GT MIS=2500, Greedy MIS=2500, |S|=2516, Oracle MIS=2500, Improvement=0
n=5000, coeff=12, trial=4, GT MIS=2500, Greedy MIS=2472, |S|=5000, Oracle MIS=2472, Improvement=0
n=5000, coeff=12, trial=4, GT MIS=2500, Greedy MIS=2472, |S|=5000, Oracle MIS=2472, Improvement=0
n=5000, coeff=12, trial=4, GT MIS=2500, Greedy MIS=2472, |S|=5000, Oracle MIS=2472, Improvement=0
n=5000, coeff=12, trial=4, GT MIS=2500, Greedy MIS=2472, |S|=4998, Oracle MIS=2442, Improvement=-30
n=5000, coeff=12, trial=4, GT MIS=2500, Greedy MIS=2472, |S|=4957, Oracle MIS=2345, Improvement=-127
n=5000, coeff=12, trial=4, GT MIS=2500, Greedy MIS=2472, |S|=4666, Oracle MIS=2500, Improvement=28
n=5000, coeff=12, trial=4, GT MIS=2500, Greedy MIS=2472, |S|=3985, Oracle MIS=2500, Improvement=28
n=5000, coeff=12, trial=4, GT MIS=2500, Greedy MIS=2472, |S|=3080, Oracle MIS=2500, Improvement=28
n=5000, coeff=12, trial=4, GT MIS=2500, Greedy MIS=2472, |S|=2614, Oracle MIS=2500, Improvement=28
n=5000, coeff=12, trial=4, GT MIS=2500, Greedy MIS=2472, |S|=2515, Oracle MIS=2500, Improvement=28
n=5000, coeff=12, trial=5, GT MIS=2500, Greedy MIS=2477, |S|=5000, Oracle MIS=2477, Improvement=0
n=5000, coeff=12, trial=5, GT MIS=2500, Greedy MIS=2477, |S|=5000, Oracle MIS=2477, Improvement=0
n=5000, coeff=12, trial=5, GT MIS=2500, Greedy MIS=2477, |S|=4999, Oracle MIS=2476, Improvement=-1
n=5000, coeff=12, trial=5, GT MIS=2500, Greedy MIS=2477, |S|=4998, Oracle MIS=2475, Improvement=-2
n=5000, coeff=12, trial=5, GT MIS=2500, Greedy MIS=2477, |S|=4913, Oracle MIS=2258, Improvement=-219
n=5000, coeff=12, trial=5, GT MIS=2500, Greedy MIS=2477, |S|=4514, Oracle MIS=2500, Improvement=23
n=5000, coeff=12, trial=5, GT MIS=2500, Greedy MIS=2477, |S|=3626, Oracle MIS=2500, Improvement=23
n=5000, coeff=12, trial=5, GT MIS=2500, Greedy MIS=2477, |S|=2882, Oracle MIS=2500, Improvement=23
n=5000, coeff=12, trial=5, GT MIS=2500, Greedy MIS=2477, |S|=2580, Oracle MIS=2500, Improvement=23
n=5000, coeff=12, trial=5, GT MIS=2500, Greedy MIS=2477, |S|=2507, Oracle MIS=2500, Improvement=23
n=5000, coeff=12, trial=6, GT MIS=2500, Greedy MIS=2500, |S|=5000, Oracle MIS=2500, Improvement=0
n=5000, coeff=12, trial=6, GT MIS=2500, Greedy MIS=2500, |S|=5000, Oracle MIS=2500, Improvement=0
n=5000, coeff=12, trial=6, GT MIS=2500, Greedy MIS=2500, |S|=5000, Oracle MIS=2500, Improvement=0
n=5000, coeff=12, trial=6, GT MIS=2500, Greedy MIS=2500, |S|=5000, Oracle MIS=2500, Improvement=0
n=5000, coeff=12, trial=6, GT MIS=2500, Greedy MIS=2500, |S|=4984, Oracle MIS=2456, Improvement=-44
n=5000, coeff=12, trial=6, GT MIS=2500, Greedy MIS=2500, |S|=4801, Oracle MIS=2500, Improvement=0
n=5000, coeff=12, trial=6, GT MIS=2500, Greedy MIS=2500, |S|=4105, Oracle MIS=2500, Improvement=0
n=5000, coeff=12, trial=6, GT MIS=2500, Greedy MIS=2500, |S|=3199, Oracle MIS=2500, Improvement=0
n=5000, coeff=12, trial=6, GT MIS=2500, Greedy MIS=2500, |S|=2665, Oracle MIS=2500, Improvement=0
n=5000, coeff=12, trial=6, GT MIS=2500, Greedy MIS=2500, |S|=2524, Oracle MIS=2500, Improvement=0
n=5000, coeff=12, trial=7, GT MIS=2500, Greedy MIS=2500, |S|=5000, Oracle MIS=2500, Improvement=0
n=5000, coeff=12, trial=7, GT MIS=2500, Greedy MIS=2500, |S|=5000, Oracle MIS=2500, Improvement=0
n=5000, coeff=12, trial=7, GT MIS=2500, Greedy MIS=2500, |S|=5000, Oracle MIS=2500, Improvement=0
n=5000, coeff=12, trial=7, GT MIS=2500, Greedy MIS=2500, |S|=4998, Oracle MIS=2498, Improvement=-2
n=5000, coeff=12, trial=7, GT MIS=2500, Greedy MIS=2500, |S|=4958, Oracle MIS=2500, Improvement=0
n=5000, coeff=12, trial=7, GT MIS=2500, Greedy MIS=2500, |S|=4644, Oracle MIS=2500, Improvement=0
n=5000, coeff=12, trial=7, GT MIS=2500, Greedy MIS=2500, |S|=3862, Oracle MIS=2500, Improvement=0
n=5000, coeff=12, trial=7, GT MIS=2500, Greedy MIS=2500, |S|=3015, Oracle MIS=2500, Improvement=0
n=5000, coeff=12, trial=7, GT MIS=2500, Greedy MIS=2500, |S|=2599, Oracle MIS=2500, Improvement=0
n=5000, coeff=12, trial=7, GT MIS=2500, Greedy MIS=2500, |S|=2512, Oracle MIS=2500, Improvement=0
n=5000, coeff=12, trial=8, GT MIS=2500, Greedy MIS=2423, |S|=5000, Oracle MIS=2423, Improvement=0
n=5000, coeff=12, trial=8, GT MIS=2500, Greedy MIS=2423, |S|=5000, Oracle MIS=2423, Improvement=0
n=5000, coeff=12, trial=8, GT MIS=2500, Greedy MIS=2423, |S|=5000, Oracle MIS=2423, Improvement=0
n=5000, coeff=12, trial=8, GT MIS=2500, Greedy MIS=2423, |S|=4999, Oracle MIS=2422, Improvement=-1
n=5000, coeff=12, trial=8, GT MIS=2500, Greedy MIS=2423, |S|=4965, Oracle MIS=2389, Improvement=-34
n=5000, coeff=12, trial=8, GT MIS=2500, Greedy MIS=2423, |S|=4648, Oracle MIS=2500, Improvement=77
n=5000, coeff=12, trial=8, GT MIS=2500, Greedy MIS=2423, |S|=3910, Oracle MIS=2500, Improvement=77
n=5000, coeff=12, trial=8, GT MIS=2500, Greedy MIS=2423, |S|=3090, Oracle MIS=2500, Improvement=77
n=5000, coeff=12, trial=8, GT MIS=2500, Greedy MIS=2423, |S|=2624, Oracle MIS=2500, Improvement=77
n=5000, coeff=12, trial=8, GT MIS=2500, Greedy MIS=2423, |S|=2512, Oracle MIS=2500, Improvement=77
n=5000, coeff=12, trial=9, GT MIS=2500, Greedy MIS=2474, |S|=5000, Oracle MIS=2474, Improvement=0
n=5000, coeff=12, trial=9, GT MIS=2500, Greedy MIS=2474, |S|=5000, Oracle MIS=2474, Improvement=0
n=5000, coeff=12, trial=9, GT MIS=2500, Greedy MIS=2474, |S|=5000, Oracle MIS=2474, Improvement=0
n=5000, coeff=12, trial=9, GT MIS=2500, Greedy MIS=2474, |S|=4998, Oracle MIS=2472, Improvement=-2
n=5000, coeff=12, trial=9, GT MIS=2500, Greedy MIS=2474, |S|=4944, Oracle MIS=2474, Improvement=0
n=5000, coeff=12, trial=9, GT MIS=2500, Greedy MIS=2474, |S|=4656, Oracle MIS=2500, Improvement=26
n=5000, coeff=12, trial=9, GT MIS=2500, Greedy MIS=2474, |S|=3897, Oracle MIS=2500, Improvement=26
n=5000, coeff=12, trial=9, GT MIS=2500, Greedy MIS=2474, |S|=3014, Oracle MIS=2500, Improvement=26
n=5000, coeff=12, trial=9, GT MIS=2500, Greedy MIS=2474, |S|=2592, Oracle MIS=2500, Improvement=26
n=5000, coeff=12, trial=9, GT MIS=2500, Greedy MIS=2474, |S|=2508, Oracle MIS=2500, Improvement=26
n=5000, coeff=13, trial=0, GT MIS=2500, Greedy MIS=2500, |S|=5000, Oracle MIS=2500, Improvement=0
n=5000, coeff=13, trial=0, GT MIS=2500, Greedy MIS=2500, |S|=5000, Oracle MIS=2500, Improvement=0
n=5000, coeff=13, trial=0, GT MIS=2500, Greedy MIS=2500, |S|=5000, Oracle MIS=2500, Improvement=0
n=5000, coeff=13, trial=0, GT MIS=2500, Greedy MIS=2500, |S|=5000, Oracle MIS=2500, Improvement=0
n=5000, coeff=13, trial=0, GT MIS=2500, Greedy MIS=2500, |S|=4947, Oracle MIS=2385, Improvement=-115
n=5000, coeff=13, trial=0, GT MIS=2500, Greedy MIS=2500, |S|=4542, Oracle MIS=2500, Improvement=0
n=5000, coeff=13, trial=0, GT MIS=2500, Greedy MIS=2500, |S|=3714, Oracle MIS=2500, Improvement=0
n=5000, coeff=13, trial=0, GT MIS=2500, Greedy MIS=2500, |S|=2876, Oracle MIS=2500, Improvement=0
n=5000, coeff=13, trial=0, GT MIS=2500, Greedy MIS=2500, |S|=2571, Oracle MIS=2500, Improvement=0
n=5000, coeff=13, trial=0, GT MIS=2500, Greedy MIS=2500, |S|=2509, Oracle MIS=2500, Improvement=0
n=5000, coeff=13, trial=1, GT MIS=2500, Greedy MIS=2500, |S|=5000, Oracle MIS=2500, Improvement=0
n=5000, coeff=13, trial=1, GT MIS=2500, Greedy MIS=2500, |S|=5000, Oracle MIS=2500, Improvement=0
n=5000, coeff=13, trial=1, GT MIS=2500, Greedy MIS=2500, |S|=5000, Oracle MIS=2500, Improvement=0
n=5000, coeff=13, trial=1, GT MIS=2500, Greedy MIS=2500, |S|=4999, Oracle MIS=2500, Improvement=0
n=5000, coeff=13, trial=1, GT MIS=2500, Greedy MIS=2500, |S|=4963, Oracle MIS=2500, Improvement=0
n=5000, coeff=13, trial=1, GT MIS=2500, Greedy MIS=2500, |S|=4667, Oracle MIS=2500, Improvement=0
n=5000, coeff=13, trial=1, GT MIS=2500, Greedy MIS=2500, |S|=3772, Oracle MIS=2500, Improvement=0
n=5000, coeff=13, trial=1, GT MIS=2500, Greedy MIS=2500, |S|=2946, Oracle MIS=2500, Improvement=0
n=5000, coeff=13, trial=1, GT MIS=2500, Greedy MIS=2500, |S|=2585, Oracle MIS=2500, Improvement=0
n=5000, coeff=13, trial=1, GT MIS=2500, Greedy MIS=2500, |S|=2506, Oracle MIS=2500, Improvement=0
n=5000, coeff=13, trial=2, GT MIS=2500, Greedy MIS=2436, |S|=5000, Oracle MIS=2436, Improvement=0
n=5000, coeff=13, trial=2, GT MIS=2500, Greedy MIS=2436, |S|=5000, Oracle MIS=2436, Improvement=0
n=5000, coeff=13, trial=2, GT MIS=2500, Greedy MIS=2436, |S|=5000, Oracle MIS=2436, Improvement=0
n=5000, coeff=13, trial=2, GT MIS=2500, Greedy MIS=2436, |S|=4999, Oracle MIS=2436, Improvement=0
n=5000, coeff=13, trial=2, GT MIS=2500, Greedy MIS=2436, |S|=4937, Oracle MIS=2500, Improvement=64
n=5000, coeff=13, trial=2, GT MIS=2500, Greedy MIS=2436, |S|=4629, Oracle MIS=2500, Improvement=64
n=5000, coeff=13, trial=2, GT MIS=2500, Greedy MIS=2436, |S|=3748, Oracle MIS=2500, Improvement=64
n=5000, coeff=13, trial=2, GT MIS=2500, Greedy MIS=2436, |S|=2913, Oracle MIS=2500, Improvement=64
n=5000, coeff=13, trial=2, GT MIS=2500, Greedy MIS=2436, |S|=2576, Oracle MIS=2500, Improvement=64
n=5000, coeff=13, trial=2, GT MIS=2500, Greedy MIS=2436, |S|=2506, Oracle MIS=2500, Improvement=64
n=5000, coeff=13, trial=3, GT MIS=2500, Greedy MIS=2468, |S|=5000, Oracle MIS=2468, Improvement=0
n=5000, coeff=13, trial=3, GT MIS=2500, Greedy MIS=2468, |S|=5000, Oracle MIS=2468, Improvement=0
n=5000, coeff=13, trial=3, GT MIS=2500, Greedy MIS=2468, |S|=5000, Oracle MIS=2468, Improvement=0
n=5000, coeff=13, trial=3, GT MIS=2500, Greedy MIS=2468, |S|=5000, Oracle MIS=2468, Improvement=0
n=5000, coeff=13, trial=3, GT MIS=2500, Greedy MIS=2468, |S|=4944, Oracle MIS=2500, Improvement=32
n=5000, coeff=13, trial=3, GT MIS=2500, Greedy MIS=2468, |S|=4581, Oracle MIS=2500, Improvement=32
n=5000, coeff=13, trial=3, GT MIS=2500, Greedy MIS=2468, |S|=3644, Oracle MIS=2500, Improvement=32
n=5000, coeff=13, trial=3, GT MIS=2500, Greedy MIS=2468, |S|=2844, Oracle MIS=2500, Improvement=32
n=5000, coeff=13, trial=3, GT MIS=2500, Greedy MIS=2468, |S|=2581, Oracle MIS=2500, Improvement=32
n=5000, coeff=13, trial=3, GT MIS=2500, Greedy MIS=2468, |S|=2506, Oracle MIS=2500, Improvement=32
n=5000, coeff=13, trial=4, GT MIS=2500, Greedy MIS=2500, |S|=5000, Oracle MIS=2500, Improvement=0
n=5000, coeff=13, trial=4, GT MIS=2500, Greedy MIS=2500, |S|=5000, Oracle MIS=2500, Improvement=0
n=5000, coeff=13, trial=4, GT MIS=2500, Greedy MIS=2500, |S|=5000, Oracle MIS=2500, Improvement=0
n=5000, coeff=13, trial=4, GT MIS=2500, Greedy MIS=2500, |S|=4996, Oracle MIS=2496, Improvement=-4
n=5000, coeff=13, trial=4, GT MIS=2500, Greedy MIS=2500, |S|=4944, Oracle MIS=2322, Improvement=-178
n=5000, coeff=13, trial=4, GT MIS=2500, Greedy MIS=2500, |S|=4624, Oracle MIS=2500, Improvement=0
n=5000, coeff=13, trial=4, GT MIS=2500, Greedy MIS=2500, |S|=3814, Oracle MIS=2500, Improvement=0
n=5000, coeff=13, trial=4, GT MIS=2500, Greedy MIS=2500, |S|=2978, Oracle MIS=2500, Improvement=0
n=5000, coeff=13, trial=4, GT MIS=2500, Greedy MIS=2500, |S|=2570, Oracle MIS=2500, Improvement=0
n=5000, coeff=13, trial=4, GT MIS=2500, Greedy MIS=2500, |S|=2505, Oracle MIS=2500, Improvement=0
n=5000, coeff=13, trial=5, GT MIS=2500, Greedy MIS=2474, |S|=5000, Oracle MIS=2474, Improvement=0
n=5000, coeff=13, trial=5, GT MIS=2500, Greedy MIS=2474, |S|=5000, Oracle MIS=2474, Improvement=0
n=5000, coeff=13, trial=5, GT MIS=2500, Greedy MIS=2474, |S|=4999, Oracle MIS=2473, Improvement=-1
n=5000, coeff=13, trial=5, GT MIS=2500, Greedy MIS=2474, |S|=4997, Oracle MIS=2471, Improvement=-3
n=5000, coeff=13, trial=5, GT MIS=2500, Greedy MIS=2474, |S|=4897, Oracle MIS=2313, Improvement=-161
n=5000, coeff=13, trial=5, GT MIS=2500, Greedy MIS=2474, |S|=4424, Oracle MIS=2500, Improvement=26
n=5000, coeff=13, trial=5, GT MIS=2500, Greedy MIS=2474, |S|=3505, Oracle MIS=2500, Improvement=26
n=5000, coeff=13, trial=5, GT MIS=2500, Greedy MIS=2474, |S|=2789, Oracle MIS=2500, Improvement=26
n=5000, coeff=13, trial=5, GT MIS=2500, Greedy MIS=2474, |S|=2546, Oracle MIS=2500, Improvement=26
n=5000, coeff=13, trial=5, GT MIS=2500, Greedy MIS=2474, |S|=2506, Oracle MIS=2500, Improvement=26
n=5000, coeff=13, trial=6, GT MIS=2500, Greedy MIS=2500, |S|=5000, Oracle MIS=2500, Improvement=0
n=5000, coeff=13, trial=6, GT MIS=2500, Greedy MIS=2500, |S|=5000, Oracle MIS=2500, Improvement=0
n=5000, coeff=13, trial=6, GT MIS=2500, Greedy MIS=2500, |S|=5000, Oracle MIS=2500, Improvement=0
n=5000, coeff=13, trial=6, GT MIS=2500, Greedy MIS=2500, |S|=5000, Oracle MIS=2500, Improvement=0
n=5000, coeff=13, trial=6, GT MIS=2500, Greedy MIS=2500, |S|=4983, Oracle MIS=2421, Improvement=-79
n=5000, coeff=13, trial=6, GT MIS=2500, Greedy MIS=2500, |S|=4771, Oracle MIS=2500, Improvement=0
n=5000, coeff=13, trial=6, GT MIS=2500, Greedy MIS=2500, |S|=3987, Oracle MIS=2500, Improvement=0
n=5000, coeff=13, trial=6, GT MIS=2500, Greedy MIS=2500, |S|=3078, Oracle MIS=2500, Improvement=0
n=5000, coeff=13, trial=6, GT MIS=2500, Greedy MIS=2500, |S|=2612, Oracle MIS=2500, Improvement=0
n=5000, coeff=13, trial=6, GT MIS=2500, Greedy MIS=2500, |S|=2515, Oracle MIS=2500, Improvement=0
n=5000, coeff=13, trial=7, GT MIS=2500, Greedy MIS=2500, |S|=5000, Oracle MIS=2500, Improvement=0
n=5000, coeff=13, trial=7, GT MIS=2500, Greedy MIS=2500, |S|=5000, Oracle MIS=2500, Improvement=0
n=5000, coeff=13, trial=7, GT MIS=2500, Greedy MIS=2500, |S|=5000, Oracle MIS=2500, Improvement=0
n=5000, coeff=13, trial=7, GT MIS=2500, Greedy MIS=2500, |S|=4997, Oracle MIS=2497, Improvement=-3
n=5000, coeff=13, trial=7, GT MIS=2500, Greedy MIS=2500, |S|=4947, Oracle MIS=2469, Improvement=-31
n=5000, coeff=13, trial=7, GT MIS=2500, Greedy MIS=2500, |S|=4566, Oracle MIS=2500, Improvement=0
n=5000, coeff=13, trial=7, GT MIS=2500, Greedy MIS=2500, |S|=3733, Oracle MIS=2500, Improvement=0
n=5000, coeff=13, trial=7, GT MIS=2500, Greedy MIS=2500, |S|=2914, Oracle MIS=2500, Improvement=0
n=5000, coeff=13, trial=7, GT MIS=2500, Greedy MIS=2500, |S|=2570, Oracle MIS=2500, Improvement=0
n=5000, coeff=13, trial=7, GT MIS=2500, Greedy MIS=2500, |S|=2505, Oracle MIS=2500, Improvement=0
n=5000, coeff=13, trial=8, GT MIS=2500, Greedy MIS=2444, |S|=5000, Oracle MIS=2444, Improvement=0
n=5000, coeff=13, trial=8, GT MIS=2500, Greedy MIS=2444, |S|=5000, Oracle MIS=2444, Improvement=0
n=5000, coeff=13, trial=8, GT MIS=2500, Greedy MIS=2444, |S|=5000, Oracle MIS=2444, Improvement=0
n=5000, coeff=13, trial=8, GT MIS=2500, Greedy MIS=2444, |S|=5000, Oracle MIS=2444, Improvement=0
n=5000, coeff=13, trial=8, GT MIS=2500, Greedy MIS=2444, |S|=4955, Oracle MIS=2400, Improvement=-44
n=5000, coeff=13, trial=8, GT MIS=2500, Greedy MIS=2444, |S|=4574, Oracle MIS=2500, Improvement=56
n=5000, coeff=13, trial=8, GT MIS=2500, Greedy MIS=2444, |S|=3755, Oracle MIS=2500, Improvement=56
n=5000, coeff=13, trial=8, GT MIS=2500, Greedy MIS=2444, |S|=2963, Oracle MIS=2500, Improvement=56
n=5000, coeff=13, trial=8, GT MIS=2500, Greedy MIS=2444, |S|=2588, Oracle MIS=2500, Improvement=56
n=5000, coeff=13, trial=8, GT MIS=2500, Greedy MIS=2444, |S|=2508, Oracle MIS=2500, Improvement=56
n=5000, coeff=13, trial=9, GT MIS=2500, Greedy MIS=2470, |S|=5000, Oracle MIS=2470, Improvement=0
n=5000, coeff=13, trial=9, GT MIS=2500, Greedy MIS=2470, |S|=5000, Oracle MIS=2470, Improvement=0
n=5000, coeff=13, trial=9, GT MIS=2500, Greedy MIS=2470, |S|=5000, Oracle MIS=2470, Improvement=0
n=5000, coeff=13, trial=9, GT MIS=2500, Greedy MIS=2470, |S|=4997, Oracle MIS=2470, Improvement=0
n=5000, coeff=13, trial=9, GT MIS=2500, Greedy MIS=2470, |S|=4930, Oracle MIS=2470, Improvement=0
n=5000, coeff=13, trial=9, GT MIS=2500, Greedy MIS=2470, |S|=4578, Oracle MIS=2500, Improvement=30
n=5000, coeff=13, trial=9, GT MIS=2500, Greedy MIS=2470, |S|=3743, Oracle MIS=2500, Improvement=30
n=5000, coeff=13, trial=9, GT MIS=2500, Greedy MIS=2470, |S|=2888, Oracle MIS=2500, Improvement=30
n=5000, coeff=13, trial=9, GT MIS=2500, Greedy MIS=2470, |S|=2558, Oracle MIS=2500, Improvement=30
n=5000, coeff=13, trial=9, GT MIS=2500, Greedy MIS=2470, |S|=2503, Oracle MIS=2500, Improvement=30
n=5000, coeff=14, trial=0, GT MIS=2500, Greedy MIS=2465, |S|=5000, Oracle MIS=2465, Improvement=0
n=5000, coeff=14, trial=0, GT MIS=2500, Greedy MIS=2465, |S|=5000, Oracle MIS=2465, Improvement=0
n=5000, coeff=14, trial=0, GT MIS=2500, Greedy MIS=2465, |S|=5000, Oracle MIS=2465, Improvement=0
n=5000, coeff=14, trial=0, GT MIS=2500, Greedy MIS=2465, |S|=4998, Oracle MIS=2463, Improvement=-2
n=5000, coeff=14, trial=0, GT MIS=2500, Greedy MIS=2465, |S|=4928, Oracle MIS=2500, Improvement=35
n=5000, coeff=14, trial=0, GT MIS=2500, Greedy MIS=2465, |S|=4491, Oracle MIS=2500, Improvement=35
n=5000, coeff=14, trial=0, GT MIS=2500, Greedy MIS=2465, |S|=3579, Oracle MIS=2500, Improvement=35
n=5000, coeff=14, trial=0, GT MIS=2500, Greedy MIS=2465, |S|=2802, Oracle MIS=2500, Improvement=35
n=5000, coeff=14, trial=0, GT MIS=2500, Greedy MIS=2465, |S|=2543, Oracle MIS=2500, Improvement=35
n=5000, coeff=14, trial=0, GT MIS=2500, Greedy MIS=2465, |S|=2503, Oracle MIS=2500, Improvement=35
n=5000, coeff=14, trial=1, GT MIS=2500, Greedy MIS=2428, |S|=5000, Oracle MIS=2428, Improvement=0
n=5000, coeff=14, trial=1, GT MIS=2500, Greedy MIS=2428, |S|=5000, Oracle MIS=2428, Improvement=0
n=5000, coeff=14, trial=1, GT MIS=2500, Greedy MIS=2428, |S|=5000, Oracle MIS=2428, Improvement=0
n=5000, coeff=14, trial=1, GT MIS=2500, Greedy MIS=2428, |S|=4998, Oracle MIS=2428, Improvement=0
n=5000, coeff=14, trial=1, GT MIS=2500, Greedy MIS=2428, |S|=4948, Oracle MIS=2500, Improvement=72
n=5000, coeff=14, trial=1, GT MIS=2500, Greedy MIS=2428, |S|=4592, Oracle MIS=2500, Improvement=72
n=5000, coeff=14, trial=1, GT MIS=2500, Greedy MIS=2428, |S|=3662, Oracle MIS=2500, Improvement=72
n=5000, coeff=14, trial=1, GT MIS=2500, Greedy MIS=2428, |S|=2860, Oracle MIS=2500, Improvement=72
n=5000, coeff=14, trial=1, GT MIS=2500, Greedy MIS=2428, |S|=2558, Oracle MIS=2500, Improvement=72
n=5000, coeff=14, trial=1, GT MIS=2500, Greedy MIS=2428, |S|=2501, Oracle MIS=2500, Improvement=72
n=5000, coeff=14, trial=2, GT MIS=2500, Greedy MIS=2470, |S|=5000, Oracle MIS=2470, Improvement=0
n=5000, coeff=14, trial=2, GT MIS=2500, Greedy MIS=2470, |S|=5000, Oracle MIS=2470, Improvement=0
n=5000, coeff=14, trial=2, GT MIS=2500, Greedy MIS=2470, |S|=5000, Oracle MIS=2470, Improvement=0
n=5000, coeff=14, trial=2, GT MIS=2500, Greedy MIS=2470, |S|=4999, Oracle MIS=2470, Improvement=0
n=5000, coeff=14, trial=2, GT MIS=2500, Greedy MIS=2470, |S|=4935, Oracle MIS=2465, Improvement=-5
n=5000, coeff=14, trial=2, GT MIS=2500, Greedy MIS=2470, |S|=4565, Oracle MIS=2500, Improvement=30
n=5000, coeff=14, trial=2, GT MIS=2500, Greedy MIS=2470, |S|=3667, Oracle MIS=2500, Improvement=30
n=5000, coeff=14, trial=2, GT MIS=2500, Greedy MIS=2470, |S|=2836, Oracle MIS=2500, Improvement=30
n=5000, coeff=14, trial=2, GT MIS=2500, Greedy MIS=2470, |S|=2553, Oracle MIS=2500, Improvement=30
n=5000, coeff=14, trial=2, GT MIS=2500, Greedy MIS=2470, |S|=2502, Oracle MIS=2500, Improvement=30
n=5000, coeff=14, trial=3, GT MIS=2500, Greedy MIS=2500, |S|=5000, Oracle MIS=2500, Improvement=0
n=5000, coeff=14, trial=3, GT MIS=2500, Greedy MIS=2500, |S|=5000, Oracle MIS=2500, Improvement=0
n=5000, coeff=14, trial=3, GT MIS=2500, Greedy MIS=2500, |S|=5000, Oracle MIS=2500, Improvement=0
n=5000, coeff=14, trial=3, GT MIS=2500, Greedy MIS=2500, |S|=4999, Oracle MIS=2499, Improvement=-1
n=5000, coeff=14, trial=3, GT MIS=2500, Greedy MIS=2500, |S|=4931, Oracle MIS=2500, Improvement=0
n=5000, coeff=14, trial=3, GT MIS=2500, Greedy MIS=2500, |S|=4520, Oracle MIS=2500, Improvement=0
n=5000, coeff=14, trial=3, GT MIS=2500, Greedy MIS=2500, |S|=3542, Oracle MIS=2500, Improvement=0
n=5000, coeff=14, trial=3, GT MIS=2500, Greedy MIS=2500, |S|=2770, Oracle MIS=2500, Improvement=0
n=5000, coeff=14, trial=3, GT MIS=2500, Greedy MIS=2500, |S|=2550, Oracle MIS=2500, Improvement=0
n=5000, coeff=14, trial=3, GT MIS=2500, Greedy MIS=2500, |S|=2503, Oracle MIS=2500, Improvement=0
n=5000, coeff=14, trial=4, GT MIS=2500, Greedy MIS=2465, |S|=5000, Oracle MIS=2465, Improvement=0
n=5000, coeff=14, trial=4, GT MIS=2500, Greedy MIS=2465, |S|=5000, Oracle MIS=2465, Improvement=0
n=5000, coeff=14, trial=4, GT MIS=2500, Greedy MIS=2465, |S|=5000, Oracle MIS=2465, Improvement=0
n=5000, coeff=14, trial=4, GT MIS=2500, Greedy MIS=2465, |S|=4998, Oracle MIS=2463, Improvement=-2
n=5000, coeff=14, trial=4, GT MIS=2500, Greedy MIS=2465, |S|=4935, Oracle MIS=2431, Improvement=-34
n=5000, coeff=14, trial=4, GT MIS=2500, Greedy MIS=2465, |S|=4549, Oracle MIS=2500, Improvement=35
n=5000, coeff=14, trial=4, GT MIS=2500, Greedy MIS=2465, |S|=3713, Oracle MIS=2500, Improvement=35
n=5000, coeff=14, trial=4, GT MIS=2500, Greedy MIS=2465, |S|=2871, Oracle MIS=2500, Improvement=35
n=5000, coeff=14, trial=4, GT MIS=2500, Greedy MIS=2465, |S|=2546, Oracle MIS=2500, Improvement=35
n=5000, coeff=14, trial=4, GT MIS=2500, Greedy MIS=2465, |S|=2500, Oracle MIS=2500, Improvement=35
n=5000, coeff=14, trial=5, GT MIS=2500, Greedy MIS=2469, |S|=5000, Oracle MIS=2469, Improvement=0
n=5000, coeff=14, trial=5, GT MIS=2500, Greedy MIS=2469, |S|=5000, Oracle MIS=2469, Improvement=0
n=5000, coeff=14, trial=5, GT MIS=2500, Greedy MIS=2469, |S|=5000, Oracle MIS=2469, Improvement=0
n=5000, coeff=14, trial=5, GT MIS=2500, Greedy MIS=2469, |S|=4999, Oracle MIS=2468, Improvement=-1
n=5000, coeff=14, trial=5, GT MIS=2500, Greedy MIS=2469, |S|=4885, Oracle MIS=2468, Improvement=-1
n=5000, coeff=14, trial=5, GT MIS=2500, Greedy MIS=2469, |S|=4349, Oracle MIS=2500, Improvement=31
n=5000, coeff=14, trial=5, GT MIS=2500, Greedy MIS=2469, |S|=3393, Oracle MIS=2500, Improvement=31
n=5000, coeff=14, trial=5, GT MIS=2500, Greedy MIS=2469, |S|=2709, Oracle MIS=2500, Improvement=31
n=5000, coeff=14, trial=5, GT MIS=2500, Greedy MIS=2469, |S|=2528, Oracle MIS=2500, Improvement=31
n=5000, coeff=14, trial=5, GT MIS=2500, Greedy MIS=2469, |S|=2502, Oracle MIS=2500, Improvement=31
n=5000, coeff=14, trial=6, GT MIS=2500, Greedy MIS=2500, |S|=5000, Oracle MIS=2500, Improvement=0
n=5000, coeff=14, trial=6, GT MIS=2500, Greedy MIS=2500, |S|=5000, Oracle MIS=2500, Improvement=0
n=5000, coeff=14, trial=6, GT MIS=2500, Greedy MIS=2500, |S|=5000, Oracle MIS=2500, Improvement=0
n=5000, coeff=14, trial=6, GT MIS=2500, Greedy MIS=2500, |S|=5000, Oracle MIS=2500, Improvement=0
n=5000, coeff=14, trial=6, GT MIS=2500, Greedy MIS=2500, |S|=4974, Oracle MIS=2474, Improvement=-26
n=5000, coeff=14, trial=6, GT MIS=2500, Greedy MIS=2500, |S|=4712, Oracle MIS=2500, Improvement=0
n=5000, coeff=14, trial=6, GT MIS=2500, Greedy MIS=2500, |S|=3903, Oracle MIS=2500, Improvement=0
n=5000, coeff=14, trial=6, GT MIS=2500, Greedy MIS=2500, |S|=2958, Oracle MIS=2500, Improvement=0
n=5000, coeff=14, trial=6, GT MIS=2500, Greedy MIS=2500, |S|=2559, Oracle MIS=2500, Improvement=0
n=5000, coeff=14, trial=6, GT MIS=2500, Greedy MIS=2500, |S|=2507, Oracle MIS=2500, Improvement=0
n=5000, coeff=14, trial=7, GT MIS=2500, Greedy MIS=2467, |S|=5000, Oracle MIS=2467, Improvement=0
n=5000, coeff=14, trial=7, GT MIS=2500, Greedy MIS=2467, |S|=5000, Oracle MIS=2467, Improvement=0
n=5000, coeff=14, trial=7, GT MIS=2500, Greedy MIS=2467, |S|=5000, Oracle MIS=2467, Improvement=0
n=5000, coeff=14, trial=7, GT MIS=2500, Greedy MIS=2467, |S|=4996, Oracle MIS=2463, Improvement=-4
n=5000, coeff=14, trial=7, GT MIS=2500, Greedy MIS=2467, |S|=4937, Oracle MIS=2467, Improvement=0
n=5000, coeff=14, trial=7, GT MIS=2500, Greedy MIS=2467, |S|=4493, Oracle MIS=2500, Improvement=33
n=5000, coeff=14, trial=7, GT MIS=2500, Greedy MIS=2467, |S|=3638, Oracle MIS=2500, Improvement=33
n=5000, coeff=14, trial=7, GT MIS=2500, Greedy MIS=2467, |S|=2826, Oracle MIS=2500, Improvement=33
n=5000, coeff=14, trial=7, GT MIS=2500, Greedy MIS=2467, |S|=2538, Oracle MIS=2500, Improvement=33
n=5000, coeff=14, trial=7, GT MIS=2500, Greedy MIS=2467, |S|=2504, Oracle MIS=2500, Improvement=33
n=5000, coeff=14, trial=8, GT MIS=2500, Greedy MIS=2467, |S|=5000, Oracle MIS=2467, Improvement=0
n=5000, coeff=14, trial=8, GT MIS=2500, Greedy MIS=2467, |S|=5000, Oracle MIS=2467, Improvement=0
n=5000, coeff=14, trial=8, GT MIS=2500, Greedy MIS=2467, |S|=5000, Oracle MIS=2467, Improvement=0
n=5000, coeff=14, trial=8, GT MIS=2500, Greedy MIS=2467, |S|=4999, Oracle MIS=2467, Improvement=0
n=5000, coeff=14, trial=8, GT MIS=2500, Greedy MIS=2467, |S|=4947, Oracle MIS=2467, Improvement=0
n=5000, coeff=14, trial=8, GT MIS=2500, Greedy MIS=2467, |S|=4523, Oracle MIS=2500, Improvement=33
n=5000, coeff=14, trial=8, GT MIS=2500, Greedy MIS=2467, |S|=3647, Oracle MIS=2500, Improvement=33
n=5000, coeff=14, trial=8, GT MIS=2500, Greedy MIS=2467, |S|=2884, Oracle MIS=2500, Improvement=33
n=5000, coeff=14, trial=8, GT MIS=2500, Greedy MIS=2467, |S|=2559, Oracle MIS=2500, Improvement=33
n=5000, coeff=14, trial=8, GT MIS=2500, Greedy MIS=2467, |S|=2504, Oracle MIS=2500, Improvement=33
n=5000, coeff=14, trial=9, GT MIS=2500, Greedy MIS=2396, |S|=5000, Oracle MIS=2396, Improvement=0
n=5000, coeff=14, trial=9, GT MIS=2500, Greedy MIS=2396, |S|=5000, Oracle MIS=2396, Improvement=0
n=5000, coeff=14, trial=9, GT MIS=2500, Greedy MIS=2396, |S|=5000, Oracle MIS=2396, Improvement=0
n=5000, coeff=14, trial=9, GT MIS=2500, Greedy MIS=2396, |S|=4998, Oracle MIS=2396, Improvement=0
n=5000, coeff=14, trial=9, GT MIS=2500, Greedy MIS=2396, |S|=4926, Oracle MIS=2500, Improvement=104
n=5000, coeff=14, trial=9, GT MIS=2500, Greedy MIS=2396, |S|=4519, Oracle MIS=2500, Improvement=104
n=5000, coeff=14, trial=9, GT MIS=2500, Greedy MIS=2396, |S|=3634, Oracle MIS=2500, Improvement=104
n=5000, coeff=14, trial=9, GT MIS=2500, Greedy MIS=2396, |S|=2816, Oracle MIS=2500, Improvement=104
n=5000, coeff=14, trial=9, GT MIS=2500, Greedy MIS=2396, |S|=2543, Oracle MIS=2500, Improvement=104
n=5000, coeff=14, trial=9, GT MIS=2500, Greedy MIS=2396, |S|=2503, Oracle MIS=2500, Improvement=104
n=5000, coeff=15, trial=0, GT MIS=2500, Greedy MIS=2500, |S|=5000, Oracle MIS=2500, Improvement=0
n=5000, coeff=15, trial=0, GT MIS=2500, Greedy MIS=2500, |S|=5000, Oracle MIS=2500, Improvement=0
n=5000, coeff=15, trial=0, GT MIS=2500, Greedy MIS=2500, |S|=5000, Oracle MIS=2500, Improvement=0
n=5000, coeff=15, trial=0, GT MIS=2500, Greedy MIS=2500, |S|=4999, Oracle MIS=2499, Improvement=-1
n=5000, coeff=15, trial=0, GT MIS=2500, Greedy MIS=2500, |S|=4911, Oracle MIS=2427, Improvement=-73
n=5000, coeff=15, trial=0, GT MIS=2500, Greedy MIS=2500, |S|=4425, Oracle MIS=2500, Improvement=0
n=5000, coeff=15, trial=0, GT MIS=2500, Greedy MIS=2500, |S|=3449, Oracle MIS=2500, Improvement=0
n=5000, coeff=15, trial=0, GT MIS=2500, Greedy MIS=2500, |S|=2726, Oracle MIS=2500, Improvement=0
n=5000, coeff=15, trial=0, GT MIS=2500, Greedy MIS=2500, |S|=2534, Oracle MIS=2500, Improvement=0
n=5000, coeff=15, trial=0, GT MIS=2500, Greedy MIS=2500, |S|=2502, Oracle MIS=2500, Improvement=0
n=5000, coeff=15, trial=1, GT MIS=2500, Greedy MIS=2500, |S|=5000, Oracle MIS=2500, Improvement=0
n=5000, coeff=15, trial=1, GT MIS=2500, Greedy MIS=2500, |S|=5000, Oracle MIS=2500, Improvement=0
n=5000, coeff=15, trial=1, GT MIS=2500, Greedy MIS=2500, |S|=5000, Oracle MIS=2500, Improvement=0
n=5000, coeff=15, trial=1, GT MIS=2500, Greedy MIS=2500, |S|=4997, Oracle MIS=2497, Improvement=-3
n=5000, coeff=15, trial=1, GT MIS=2500, Greedy MIS=2500, |S|=4942, Oracle MIS=2461, Improvement=-39
n=5000, coeff=15, trial=1, GT MIS=2500, Greedy MIS=2500, |S|=4527, Oracle MIS=2500, Improvement=0
n=5000, coeff=15, trial=1, GT MIS=2500, Greedy MIS=2500, |S|=3519, Oracle MIS=2500, Improvement=0
n=5000, coeff=15, trial=1, GT MIS=2500, Greedy MIS=2500, |S|=2787, Oracle MIS=2500, Improvement=0
n=5000, coeff=15, trial=1, GT MIS=2500, Greedy MIS=2500, |S|=2537, Oracle MIS=2500, Improvement=0
n=5000, coeff=15, trial=1, GT MIS=2500, Greedy MIS=2500, |S|=2501, Oracle MIS=2500, Improvement=0
n=5000, coeff=15, trial=2, GT MIS=2500, Greedy MIS=2461, |S|=5000, Oracle MIS=2461, Improvement=0
n=5000, coeff=15, trial=2, GT MIS=2500, Greedy MIS=2461, |S|=5000, Oracle MIS=2461, Improvement=0
n=5000, coeff=15, trial=2, GT MIS=2500, Greedy MIS=2461, |S|=5000, Oracle MIS=2461, Improvement=0
n=5000, coeff=15, trial=2, GT MIS=2500, Greedy MIS=2461, |S|=4998, Oracle MIS=2461, Improvement=0
n=5000, coeff=15, trial=2, GT MIS=2500, Greedy MIS=2461, |S|=4929, Oracle MIS=2500, Improvement=39
n=5000, coeff=15, trial=2, GT MIS=2500, Greedy MIS=2461, |S|=4489, Oracle MIS=2500, Improvement=39
n=5000, coeff=15, trial=2, GT MIS=2500, Greedy MIS=2461, |S|=3538, Oracle MIS=2500, Improvement=39
n=5000, coeff=15, trial=2, GT MIS=2500, Greedy MIS=2461, |S|=2763, Oracle MIS=2500, Improvement=39
n=5000, coeff=15, trial=2, GT MIS=2500, Greedy MIS=2461, |S|=2538, Oracle MIS=2500, Improvement=39
n=5000, coeff=15, trial=2, GT MIS=2500, Greedy MIS=2461, |S|=2501, Oracle MIS=2500, Improvement=39
n=5000, coeff=15, trial=3, GT MIS=2500, Greedy MIS=2425, |S|=5000, Oracle MIS=2425, Improvement=0
n=5000, coeff=15, trial=3, GT MIS=2500, Greedy MIS=2425, |S|=5000, Oracle MIS=2425, Improvement=0
n=5000, coeff=15, trial=3, GT MIS=2500, Greedy MIS=2425, |S|=5000, Oracle MIS=2425, Improvement=0
n=5000, coeff=15, trial=3, GT MIS=2500, Greedy MIS=2425, |S|=4997, Oracle MIS=2425, Improvement=0
n=5000, coeff=15, trial=3, GT MIS=2500, Greedy MIS=2425, |S|=4917, Oracle MIS=2500, Improvement=75
n=5000, coeff=15, trial=3, GT MIS=2500, Greedy MIS=2425, |S|=4438, Oracle MIS=2500, Improvement=75
n=5000, coeff=15, trial=3, GT MIS=2500, Greedy MIS=2425, |S|=3432, Oracle MIS=2500, Improvement=75
n=5000, coeff=15, trial=3, GT MIS=2500, Greedy MIS=2425, |S|=2706, Oracle MIS=2500, Improvement=75
n=5000, coeff=15, trial=3, GT MIS=2500, Greedy MIS=2425, |S|=2532, Oracle MIS=2500, Improvement=75
n=5000, coeff=15, trial=3, GT MIS=2500, Greedy MIS=2425, |S|=2502, Oracle MIS=2500, Improvement=75
n=5000, coeff=15, trial=4, GT MIS=2500, Greedy MIS=2500, |S|=5000, Oracle MIS=2500, Improvement=0
n=5000, coeff=15, trial=4, GT MIS=2500, Greedy MIS=2500, |S|=5000, Oracle MIS=2500, Improvement=0
n=5000, coeff=15, trial=4, GT MIS=2500, Greedy MIS=2500, |S|=5000, Oracle MIS=2500, Improvement=0
n=5000, coeff=15, trial=4, GT MIS=2500, Greedy MIS=2500, |S|=4996, Oracle MIS=2496, Improvement=-4
n=5000, coeff=15, trial=4, GT MIS=2500, Greedy MIS=2500, |S|=4924, Oracle MIS=2315, Improvement=-185
n=5000, coeff=15, trial=4, GT MIS=2500, Greedy MIS=2500, |S|=4487, Oracle MIS=2500, Improvement=0
n=5000, coeff=15, trial=4, GT MIS=2500, Greedy MIS=2500, |S|=3602, Oracle MIS=2500, Improvement=0
n=5000, coeff=15, trial=4, GT MIS=2500, Greedy MIS=2500, |S|=2785, Oracle MIS=2500, Improvement=0
n=5000, coeff=15, trial=4, GT MIS=2500, Greedy MIS=2500, |S|=2530, Oracle MIS=2500, Improvement=0
n=5000, coeff=15, trial=4, GT MIS=2500, Greedy MIS=2500, |S|=2500, Oracle MIS=2500, Improvement=0
n=5000, coeff=15, trial=5, GT MIS=2500, Greedy MIS=2500, |S|=5000, Oracle MIS=2500, Improvement=0
n=5000, coeff=15, trial=5, GT MIS=2500, Greedy MIS=2500, |S|=5000, Oracle MIS=2500, Improvement=0
n=5000, coeff=15, trial=5, GT MIS=2500, Greedy MIS=2500, |S|=5000, Oracle MIS=2500, Improvement=0
n=5000, coeff=15, trial=5, GT MIS=2500, Greedy MIS=2500, |S|=4998, Oracle MIS=2498, Improvement=-2
n=5000, coeff=15, trial=5, GT MIS=2500, Greedy MIS=2500, |S|=4875, Oracle MIS=2465, Improvement=-35
n=5000, coeff=15, trial=5, GT MIS=2500, Greedy MIS=2500, |S|=4231, Oracle MIS=2500, Improvement=0
n=5000, coeff=15, trial=5, GT MIS=2500, Greedy MIS=2500, |S|=3246, Oracle MIS=2500, Improvement=0
n=5000, coeff=15, trial=5, GT MIS=2500, Greedy MIS=2500, |S|=2653, Oracle MIS=2500, Improvement=0
n=5000, coeff=15, trial=5, GT MIS=2500, Greedy MIS=2500, |S|=2516, Oracle MIS=2500, Improvement=0
n=5000, coeff=15, trial=5, GT MIS=2500, Greedy MIS=2500, |S|=2500, Oracle MIS=2500, Improvement=0
n=5000, coeff=15, trial=6, GT MIS=2500, Greedy MIS=2500, |S|=5000, Oracle MIS=2500, Improvement=0
n=5000, coeff=15, trial=6, GT MIS=2500, Greedy MIS=2500, |S|=5000, Oracle MIS=2500, Improvement=0
n=5000, coeff=15, trial=6, GT MIS=2500, Greedy MIS=2500, |S|=5000, Oracle MIS=2500, Improvement=0
n=5000, coeff=15, trial=6, GT MIS=2500, Greedy MIS=2500, |S|=5000, Oracle MIS=2500, Improvement=0
n=5000, coeff=15, trial=6, GT MIS=2500, Greedy MIS=2500, |S|=4971, Oracle MIS=2471, Improvement=-29
n=5000, coeff=15, trial=6, GT MIS=2500, Greedy MIS=2500, |S|=4668, Oracle MIS=2500, Improvement=0
n=5000, coeff=15, trial=6, GT MIS=2500, Greedy MIS=2500, |S|=3764, Oracle MIS=2500, Improvement=0
n=5000, coeff=15, trial=6, GT MIS=2500, Greedy MIS=2500, |S|=2864, Oracle MIS=2500, Improvement=0
n=5000, coeff=15, trial=6, GT MIS=2500, Greedy MIS=2500, |S|=2548, Oracle MIS=2500, Improvement=0
n=5000, coeff=15, trial=6, GT MIS=2500, Greedy MIS=2500, |S|=2503, Oracle MIS=2500, Improvement=0
n=5000, coeff=15, trial=7, GT MIS=2500, Greedy MIS=2500, |S|=5000, Oracle MIS=2500, Improvement=0
n=5000, coeff=15, trial=7, GT MIS=2500, Greedy MIS=2500, |S|=5000, Oracle MIS=2500, Improvement=0
n=5000, coeff=15, trial=7, GT MIS=2500, Greedy MIS=2500, |S|=5000, Oracle MIS=2500, Improvement=0
n=5000, coeff=15, trial=7, GT MIS=2500, Greedy MIS=2500, |S|=4998, Oracle MIS=2498, Improvement=-2
n=5000, coeff=15, trial=7, GT MIS=2500, Greedy MIS=2500, |S|=4918, Oracle MIS=2426, Improvement=-74
n=5000, coeff=15, trial=7, GT MIS=2500, Greedy MIS=2500, |S|=4435, Oracle MIS=2500, Improvement=0
n=5000, coeff=15, trial=7, GT MIS=2500, Greedy MIS=2500, |S|=3485, Oracle MIS=2500, Improvement=0
n=5000, coeff=15, trial=7, GT MIS=2500, Greedy MIS=2500, |S|=2747, Oracle MIS=2500, Improvement=0
n=5000, coeff=15, trial=7, GT MIS=2500, Greedy MIS=2500, |S|=2522, Oracle MIS=2500, Improvement=0
n=5000, coeff=15, trial=7, GT MIS=2500, Greedy MIS=2500, |S|=2503, Oracle MIS=2500, Improvement=0
n=5000, coeff=15, trial=8, GT MIS=2500, Greedy MIS=2500, |S|=5000, Oracle MIS=2500, Improvement=0
n=5000, coeff=15, trial=8, GT MIS=2500, Greedy MIS=2500, |S|=5000, Oracle MIS=2500, Improvement=0
n=5000, coeff=15, trial=8, GT MIS=2500, Greedy MIS=2500, |S|=5000, Oracle MIS=2500, Improvement=0
n=5000, coeff=15, trial=8, GT MIS=2500, Greedy MIS=2500, |S|=4999, Oracle MIS=2500, Improvement=0
n=5000, coeff=15, trial=8, GT MIS=2500, Greedy MIS=2500, |S|=4944, Oracle MIS=2500, Improvement=0
n=5000, coeff=15, trial=8, GT MIS=2500, Greedy MIS=2500, |S|=4470, Oracle MIS=2500, Improvement=0
n=5000, coeff=15, trial=8, GT MIS=2500, Greedy MIS=2500, |S|=3524, Oracle MIS=2500, Improvement=0
n=5000, coeff=15, trial=8, GT MIS=2500, Greedy MIS=2500, |S|=2788, Oracle MIS=2500, Improvement=0
n=5000, coeff=15, trial=8, GT MIS=2500, Greedy MIS=2500, |S|=2542, Oracle MIS=2500, Improvement=0
n=5000, coeff=15, trial=8, GT MIS=2500, Greedy MIS=2500, |S|=2501, Oracle MIS=2500, Improvement=0
n=5000, coeff=15, trial=9, GT MIS=2500, Greedy MIS=2500, |S|=5000, Oracle MIS=2500, Improvement=0
n=5000, coeff=15, trial=9, GT MIS=2500, Greedy MIS=2500, |S|=5000, Oracle MIS=2500, Improvement=0
n=5000, coeff=15, trial=9, GT MIS=2500, Greedy MIS=2500, |S|=5000, Oracle MIS=2500, Improvement=0
n=5000, coeff=15, trial=9, GT MIS=2500, Greedy MIS=2500, |S|=4997, Oracle MIS=2497, Improvement=-3
n=5000, coeff=15, trial=9, GT MIS=2500, Greedy MIS=2500, |S|=4924, Oracle MIS=2429, Improvement=-71
n=5000, coeff=15, trial=9, GT MIS=2500, Greedy MIS=2500, |S|=4446, Oracle MIS=2500, Improvement=0
n=5000, coeff=15, trial=9, GT MIS=2500, Greedy MIS=2500, |S|=3533, Oracle MIS=2500, Improvement=0
n=5000, coeff=15, trial=9, GT MIS=2500, Greedy MIS=2500, |S|=2729, Oracle MIS=2500, Improvement=0
n=5000, coeff=15, trial=9, GT MIS=2500, Greedy MIS=2500, |S|=2526, Oracle MIS=2500, Improvement=0
n=5000, coeff=15, trial=9, GT MIS=2500, Greedy MIS=2500, |S|=2501, Oracle MIS=2500, Improvement=0
Results saved to bipartite_experiment_results_epislons_5000.csv
