Running job on compute-3-04
Requested resources:
  - CPUs: 12
  - GPUs: 
  - Memory: 18000
n=25000, coeff=20.0, trial=0, GT MIS=12500, Greedy MIS=12180, |S|=25000, Oracle MIS=12180, Improvement=0
n=25000, coeff=20.0, trial=0, GT MIS=12500, Greedy MIS=12180, |S|=25000, Oracle MIS=12180, Improvement=0
n=25000, coeff=20.0, trial=0, GT MIS=12500, Greedy MIS=12180, |S|=25000, Oracle MIS=12180, Improvement=0
n=25000, coeff=20.0, trial=0, GT MIS=12500, Greedy MIS=12180, |S|=24954, Oracle MIS=12299, Improvement=119
n=25000, coeff=20.0, trial=0, GT MIS=12500, Greedy MIS=12180, |S|=23857, Oracle MIS=12500, Improvement=320
n=25000, coeff=20.0, trial=0, GT MIS=12500, Greedy MIS=12180, |S|=18791, Oracle MIS=12500, Improvement=320
n=25000, coeff=20.0, trial=0, GT MIS=12500, Greedy MIS=12180, |S|=13746, Oracle MIS=12500, Improvement=320
n=25000, coeff=20.0, trial=0, GT MIS=12500, Greedy MIS=12180, |S|=12566, Oracle MIS=12500, Improvement=320
n=25000, coeff=20.0, trial=0, GT MIS=12500, Greedy MIS=12180, |S|=12500, Oracle MIS=12500, Improvement=320
n=25000, coeff=20.0, trial=0, GT MIS=12500, Greedy MIS=12180, |S|=12500, Oracle MIS=12500, Improvement=320
n=25000, coeff=20.0, trial=1, GT MIS=12500, Greedy MIS=12251, |S|=25000, Oracle MIS=12251, Improvement=0
n=25000, coeff=20.0, trial=1, GT MIS=12500, Greedy MIS=12251, |S|=25000, Oracle MIS=12251, Improvement=0
n=25000, coeff=20.0, trial=1, GT MIS=12500, Greedy MIS=12251, |S|=24999, Oracle MIS=12251, Improvement=0
n=25000, coeff=20.0, trial=1, GT MIS=12500, Greedy MIS=12251, |S|=24930, Oracle MIS=12316, Improvement=65
n=25000, coeff=20.0, trial=1, GT MIS=12500, Greedy MIS=12251, |S|=23729, Oracle MIS=12500, Improvement=249
n=25000, coeff=20.0, trial=1, GT MIS=12500, Greedy MIS=12251, |S|=18789, Oracle MIS=12500, Improvement=249
n=25000, coeff=20.0, trial=1, GT MIS=12500, Greedy MIS=12251, |S|=13662, Oracle MIS=12500, Improvement=249
n=25000, coeff=20.0, trial=1, GT MIS=12500, Greedy MIS=12251, |S|=12570, Oracle MIS=12500, Improvement=249
n=25000, coeff=20.0, trial=1, GT MIS=12500, Greedy MIS=12251, |S|=12503, Oracle MIS=12500, Improvement=249
n=25000, coeff=20.0, trial=1, GT MIS=12500, Greedy MIS=12251, |S|=12500, Oracle MIS=12500, Improvement=249
n=25000, coeff=20.0, trial=2, GT MIS=12500, Greedy MIS=12375, |S|=25000, Oracle MIS=12375, Improvement=0
n=25000, coeff=20.0, trial=2, GT MIS=12500, Greedy MIS=12375, |S|=25000, Oracle MIS=12375, Improvement=0
n=25000, coeff=20.0, trial=2, GT MIS=12500, Greedy MIS=12375, |S|=25000, Oracle MIS=12375, Improvement=0
n=25000, coeff=20.0, trial=2, GT MIS=12500, Greedy MIS=12375, |S|=24939, Oracle MIS=12314, Improvement=-61
n=25000, coeff=20.0, trial=2, GT MIS=12500, Greedy MIS=12375, |S|=23586, Oracle MIS=12500, Improvement=125
n=25000, coeff=20.0, trial=2, GT MIS=12500, Greedy MIS=12375, |S|=18463, Oracle MIS=12500, Improvement=125
n=25000, coeff=20.0, trial=2, GT MIS=12500, Greedy MIS=12375, |S|=13637, Oracle MIS=12500, Improvement=125
n=25000, coeff=20.0, trial=2, GT MIS=12500, Greedy MIS=12375, |S|=12566, Oracle MIS=12500, Improvement=125
n=25000, coeff=20.0, trial=2, GT MIS=12500, Greedy MIS=12375, |S|=12501, Oracle MIS=12500, Improvement=125
n=25000, coeff=20.0, trial=2, GT MIS=12500, Greedy MIS=12375, |S|=12500, Oracle MIS=12500, Improvement=125
n=25000, coeff=20.0, trial=3, GT MIS=12500, Greedy MIS=12375, |S|=25000, Oracle MIS=12375, Improvement=0
n=25000, coeff=20.0, trial=3, GT MIS=12500, Greedy MIS=12375, |S|=25000, Oracle MIS=12375, Improvement=0
n=25000, coeff=20.0, trial=3, GT MIS=12500, Greedy MIS=12375, |S|=25000, Oracle MIS=12375, Improvement=0
n=25000, coeff=20.0, trial=3, GT MIS=12500, Greedy MIS=12375, |S|=24933, Oracle MIS=12308, Improvement=-67
n=25000, coeff=20.0, trial=3, GT MIS=12500, Greedy MIS=12375, |S|=23787, Oracle MIS=12500, Improvement=125
n=25000, coeff=20.0, trial=3, GT MIS=12500, Greedy MIS=12375, |S|=18877, Oracle MIS=12500, Improvement=125
n=25000, coeff=20.0, trial=3, GT MIS=12500, Greedy MIS=12375, |S|=13822, Oracle MIS=12500, Improvement=125
n=25000, coeff=20.0, trial=3, GT MIS=12500, Greedy MIS=12375, |S|=12595, Oracle MIS=12500, Improvement=125
n=25000, coeff=20.0, trial=3, GT MIS=12500, Greedy MIS=12375, |S|=12506, Oracle MIS=12500, Improvement=125
n=25000, coeff=20.0, trial=3, GT MIS=12500, Greedy MIS=12375, |S|=12500, Oracle MIS=12500, Improvement=125
n=25000, coeff=20.0, trial=4, GT MIS=12500, Greedy MIS=12240, |S|=25000, Oracle MIS=12240, Improvement=0
n=25000, coeff=20.0, trial=4, GT MIS=12500, Greedy MIS=12240, |S|=25000, Oracle MIS=12240, Improvement=0
n=25000, coeff=20.0, trial=4, GT MIS=12500, Greedy MIS=12240, |S|=25000, Oracle MIS=12240, Improvement=0
n=25000, coeff=20.0, trial=4, GT MIS=12500, Greedy MIS=12240, |S|=24937, Oracle MIS=12178, Improvement=-62
n=25000, coeff=20.0, trial=4, GT MIS=12500, Greedy MIS=12240, |S|=23429, Oracle MIS=12500, Improvement=260
n=25000, coeff=20.0, trial=4, GT MIS=12500, Greedy MIS=12240, |S|=18043, Oracle MIS=12500, Improvement=260
n=25000, coeff=20.0, trial=4, GT MIS=12500, Greedy MIS=12240, |S|=13515, Oracle MIS=12500, Improvement=260
n=25000, coeff=20.0, trial=4, GT MIS=12500, Greedy MIS=12240, |S|=12571, Oracle MIS=12500, Improvement=260
n=25000, coeff=20.0, trial=4, GT MIS=12500, Greedy MIS=12240, |S|=12501, Oracle MIS=12500, Improvement=260
n=25000, coeff=20.0, trial=4, GT MIS=12500, Greedy MIS=12240, |S|=12500, Oracle MIS=12500, Improvement=260
n=25000, coeff=20.0, trial=5, GT MIS=12500, Greedy MIS=12115, |S|=25000, Oracle MIS=12115, Improvement=0
n=25000, coeff=20.0, trial=5, GT MIS=12500, Greedy MIS=12115, |S|=25000, Oracle MIS=12115, Improvement=0
n=25000, coeff=20.0, trial=5, GT MIS=12500, Greedy MIS=12115, |S|=25000, Oracle MIS=12115, Improvement=0
n=25000, coeff=20.0, trial=5, GT MIS=12500, Greedy MIS=12115, |S|=24965, Oracle MIS=12372, Improvement=257
n=25000, coeff=20.0, trial=5, GT MIS=12500, Greedy MIS=12115, |S|=24099, Oracle MIS=12500, Improvement=385
n=25000, coeff=20.0, trial=5, GT MIS=12500, Greedy MIS=12115, |S|=19419, Oracle MIS=12500, Improvement=385
n=25000, coeff=20.0, trial=5, GT MIS=12500, Greedy MIS=12115, |S|=14121, Oracle MIS=12500, Improvement=385
n=25000, coeff=20.0, trial=5, GT MIS=12500, Greedy MIS=12115, |S|=12603, Oracle MIS=12500, Improvement=385
n=25000, coeff=20.0, trial=5, GT MIS=12500, Greedy MIS=12115, |S|=12500, Oracle MIS=12500, Improvement=385
n=25000, coeff=20.0, trial=5, GT MIS=12500, Greedy MIS=12115, |S|=12500, Oracle MIS=12500, Improvement=385
n=25000, coeff=20.0, trial=6, GT MIS=12500, Greedy MIS=12373, |S|=25000, Oracle MIS=12373, Improvement=0
n=25000, coeff=20.0, trial=6, GT MIS=12500, Greedy MIS=12373, |S|=25000, Oracle MIS=12373, Improvement=0
n=25000, coeff=20.0, trial=6, GT MIS=12500, Greedy MIS=12373, |S|=25000, Oracle MIS=12373, Improvement=0
n=25000, coeff=20.0, trial=6, GT MIS=12500, Greedy MIS=12373, |S|=24960, Oracle MIS=12373, Improvement=0
n=25000, coeff=20.0, trial=6, GT MIS=12500, Greedy MIS=12373, |S|=23829, Oracle MIS=12500, Improvement=127
n=25000, coeff=20.0, trial=6, GT MIS=12500, Greedy MIS=12373, |S|=18903, Oracle MIS=12500, Improvement=127
n=25000, coeff=20.0, trial=6, GT MIS=12500, Greedy MIS=12373, |S|=13977, Oracle MIS=12500, Improvement=127
n=25000, coeff=20.0, trial=6, GT MIS=12500, Greedy MIS=12373, |S|=12604, Oracle MIS=12500, Improvement=127
n=25000, coeff=20.0, trial=6, GT MIS=12500, Greedy MIS=12373, |S|=12501, Oracle MIS=12500, Improvement=127
n=25000, coeff=20.0, trial=6, GT MIS=12500, Greedy MIS=12373, |S|=12500, Oracle MIS=12500, Improvement=127
n=25000, coeff=20.0, trial=7, GT MIS=12500, Greedy MIS=12309, |S|=25000, Oracle MIS=12309, Improvement=0
n=25000, coeff=20.0, trial=7, GT MIS=12500, Greedy MIS=12309, |S|=25000, Oracle MIS=12309, Improvement=0
n=25000, coeff=20.0, trial=7, GT MIS=12500, Greedy MIS=12309, |S|=25000, Oracle MIS=12309, Improvement=0
n=25000, coeff=20.0, trial=7, GT MIS=12500, Greedy MIS=12309, |S|=24931, Oracle MIS=12175, Improvement=-134
n=25000, coeff=20.0, trial=7, GT MIS=12500, Greedy MIS=12309, |S|=23507, Oracle MIS=12500, Improvement=191
n=25000, coeff=20.0, trial=7, GT MIS=12500, Greedy MIS=12309, |S|=18475, Oracle MIS=12500, Improvement=191
n=25000, coeff=20.0, trial=7, GT MIS=12500, Greedy MIS=12309, |S|=13638, Oracle MIS=12500, Improvement=191
n=25000, coeff=20.0, trial=7, GT MIS=12500, Greedy MIS=12309, |S|=12593, Oracle MIS=12500, Improvement=191
n=25000, coeff=20.0, trial=7, GT MIS=12500, Greedy MIS=12309, |S|=12501, Oracle MIS=12500, Improvement=191
n=25000, coeff=20.0, trial=7, GT MIS=12500, Greedy MIS=12309, |S|=12500, Oracle MIS=12500, Improvement=191
n=25000, coeff=20.0, trial=8, GT MIS=12500, Greedy MIS=12107, |S|=25000, Oracle MIS=12107, Improvement=0
n=25000, coeff=20.0, trial=8, GT MIS=12500, Greedy MIS=12107, |S|=25000, Oracle MIS=12107, Improvement=0
n=25000, coeff=20.0, trial=8, GT MIS=12500, Greedy MIS=12107, |S|=24999, Oracle MIS=12107, Improvement=0
n=25000, coeff=20.0, trial=8, GT MIS=12500, Greedy MIS=12107, |S|=24946, Oracle MIS=12107, Improvement=0
n=25000, coeff=20.0, trial=8, GT MIS=12500, Greedy MIS=12107, |S|=23817, Oracle MIS=12500, Improvement=393
n=25000, coeff=20.0, trial=8, GT MIS=12500, Greedy MIS=12107, |S|=18955, Oracle MIS=12500, Improvement=393
n=25000, coeff=20.0, trial=8, GT MIS=12500, Greedy MIS=12107, |S|=13951, Oracle MIS=12500, Improvement=393
n=25000, coeff=20.0, trial=8, GT MIS=12500, Greedy MIS=12107, |S|=12576, Oracle MIS=12500, Improvement=393
n=25000, coeff=20.0, trial=8, GT MIS=12500, Greedy MIS=12107, |S|=12501, Oracle MIS=12500, Improvement=393
n=25000, coeff=20.0, trial=8, GT MIS=12500, Greedy MIS=12107, |S|=12500, Oracle MIS=12500, Improvement=393
n=25000, coeff=20.0, trial=9, GT MIS=12500, Greedy MIS=12114, |S|=25000, Oracle MIS=12114, Improvement=0
n=25000, coeff=20.0, trial=9, GT MIS=12500, Greedy MIS=12114, |S|=25000, Oracle MIS=12114, Improvement=0
n=25000, coeff=20.0, trial=9, GT MIS=12500, Greedy MIS=12114, |S|=25000, Oracle MIS=12114, Improvement=0
n=25000, coeff=20.0, trial=9, GT MIS=12500, Greedy MIS=12114, |S|=24964, Oracle MIS=12500, Improvement=386
n=25000, coeff=20.0, trial=9, GT MIS=12500, Greedy MIS=12114, |S|=23777, Oracle MIS=12500, Improvement=386
n=25000, coeff=20.0, trial=9, GT MIS=12500, Greedy MIS=12114, |S|=18713, Oracle MIS=12500, Improvement=386
n=25000, coeff=20.0, trial=9, GT MIS=12500, Greedy MIS=12114, |S|=13836, Oracle MIS=12500, Improvement=386
n=25000, coeff=20.0, trial=9, GT MIS=12500, Greedy MIS=12114, |S|=12572, Oracle MIS=12500, Improvement=386
n=25000, coeff=20.0, trial=9, GT MIS=12500, Greedy MIS=12114, |S|=12502, Oracle MIS=12500, Improvement=386
n=25000, coeff=20.0, trial=9, GT MIS=12500, Greedy MIS=12114, |S|=12500, Oracle MIS=12500, Improvement=386
Results saved to bipartite_experiment_results_epislons_25000.csv
