Running job on compute-3-05
Requested resources:
  - CPUs: 18
  - GPUs: 
  - Memory: 18000
n=55000, coeff=15.0, trial=0, GT MIS=27500, Greedy MIS=26609, |S|=55000, Oracle MIS=26609, Improvement=0
n=55000, coeff=15.0, trial=0, GT MIS=27500, Greedy MIS=26609, |S|=55000, Oracle MIS=26609, Improvement=0
n=55000, coeff=15.0, trial=0, GT MIS=27500, Greedy MIS=26609, |S|=55000, Oracle MIS=26609, Improvement=0
n=55000, coeff=15.0, trial=0, GT MIS=27500, Greedy MIS=26609, |S|=54946, Oracle MIS=26760, Improvement=151
n=55000, coeff=15.0, trial=0, GT MIS=27500, Greedy MIS=26609, |S|=53480, Oracle MIS=27453, Improvement=844
n=55000, coeff=15.0, trial=0, GT MIS=27500, Greedy MIS=26609, |S|=45697, Oracle MIS=27500, Improvement=891
n=55000, coeff=15.0, trial=0, GT MIS=27500, Greedy MIS=26609, |S|=34070, Oracle MIS=27500, Improvement=891
n=55000, coeff=15.0, trial=0, GT MIS=27500, Greedy MIS=26609, |S|=28445, Oracle MIS=27500, Improvement=891
n=55000, coeff=15.0, trial=0, GT MIS=27500, Greedy MIS=26609, |S|=27545, Oracle MIS=27500, Improvement=891
n=55000, coeff=15.0, trial=0, GT MIS=27500, Greedy MIS=26609, |S|=27500, Oracle MIS=27500, Improvement=891
n=55000, coeff=15.0, trial=1, GT MIS=27500, Greedy MIS=27356, |S|=55000, Oracle MIS=27356, Improvement=0
n=55000, coeff=15.0, trial=1, GT MIS=27500, Greedy MIS=27356, |S|=55000, Oracle MIS=27356, Improvement=0
n=55000, coeff=15.0, trial=1, GT MIS=27500, Greedy MIS=27356, |S|=55000, Oracle MIS=27356, Improvement=0
n=55000, coeff=15.0, trial=1, GT MIS=27500, Greedy MIS=27356, |S|=54925, Oracle MIS=27356, Improvement=0
n=55000, coeff=15.0, trial=1, GT MIS=27500, Greedy MIS=27356, |S|=53295, Oracle MIS=27407, Improvement=51
n=55000, coeff=15.0, trial=1, GT MIS=27500, Greedy MIS=27356, |S|=44838, Oracle MIS=27500, Improvement=144
n=55000, coeff=15.0, trial=1, GT MIS=27500, Greedy MIS=27356, |S|=33084, Oracle MIS=27500, Improvement=144
n=55000, coeff=15.0, trial=1, GT MIS=27500, Greedy MIS=27356, |S|=28198, Oracle MIS=27500, Improvement=144
n=55000, coeff=15.0, trial=1, GT MIS=27500, Greedy MIS=27356, |S|=27539, Oracle MIS=27499, Improvement=143
n=55000, coeff=15.0, trial=1, GT MIS=27500, Greedy MIS=27356, |S|=27500, Oracle MIS=27499, Improvement=143
n=55000, coeff=15.0, trial=2, GT MIS=27500, Greedy MIS=27097, |S|=55000, Oracle MIS=27097, Improvement=0
n=55000, coeff=15.0, trial=2, GT MIS=27500, Greedy MIS=27097, |S|=55000, Oracle MIS=27097, Improvement=0
n=55000, coeff=15.0, trial=2, GT MIS=27500, Greedy MIS=27097, |S|=54998, Oracle MIS=27095, Improvement=-2
n=55000, coeff=15.0, trial=2, GT MIS=27500, Greedy MIS=27097, |S|=54916, Oracle MIS=27200, Improvement=103
n=55000, coeff=15.0, trial=2, GT MIS=27500, Greedy MIS=27097, |S|=53248, Oracle MIS=27500, Improvement=403
n=55000, coeff=15.0, trial=2, GT MIS=27500, Greedy MIS=27097, |S|=44685, Oracle MIS=27500, Improvement=403
n=55000, coeff=15.0, trial=2, GT MIS=27500, Greedy MIS=27097, |S|=32998, Oracle MIS=27500, Improvement=403
n=55000, coeff=15.0, trial=2, GT MIS=27500, Greedy MIS=27097, |S|=28185, Oracle MIS=27500, Improvement=403
n=55000, coeff=15.0, trial=2, GT MIS=27500, Greedy MIS=27097, |S|=27540, Oracle MIS=27500, Improvement=403
n=55000, coeff=15.0, trial=2, GT MIS=27500, Greedy MIS=27097, |S|=27501, Oracle MIS=27500, Improvement=403
n=55000, coeff=15.0, trial=3, GT MIS=27500, Greedy MIS=26747, |S|=55000, Oracle MIS=26747, Improvement=0
n=55000, coeff=15.0, trial=3, GT MIS=27500, Greedy MIS=26747, |S|=55000, Oracle MIS=26747, Improvement=0
n=55000, coeff=15.0, trial=3, GT MIS=27500, Greedy MIS=26747, |S|=55000, Oracle MIS=26747, Improvement=0
n=55000, coeff=15.0, trial=3, GT MIS=27500, Greedy MIS=26747, |S|=54926, Oracle MIS=27163, Improvement=416
n=55000, coeff=15.0, trial=3, GT MIS=27500, Greedy MIS=26747, |S|=53373, Oracle MIS=27363, Improvement=616
n=55000, coeff=15.0, trial=3, GT MIS=27500, Greedy MIS=26747, |S|=45489, Oracle MIS=27500, Improvement=753
n=55000, coeff=15.0, trial=3, GT MIS=27500, Greedy MIS=26747, |S|=33906, Oracle MIS=27500, Improvement=753
n=55000, coeff=15.0, trial=3, GT MIS=27500, Greedy MIS=26747, |S|=28380, Oracle MIS=27500, Improvement=753
n=55000, coeff=15.0, trial=3, GT MIS=27500, Greedy MIS=26747, |S|=27560, Oracle MIS=27500, Improvement=753
n=55000, coeff=15.0, trial=3, GT MIS=27500, Greedy MIS=26747, |S|=27501, Oracle MIS=27500, Improvement=753
n=55000, coeff=15.0, trial=4, GT MIS=27500, Greedy MIS=27500, |S|=55000, Oracle MIS=27500, Improvement=0
n=55000, coeff=15.0, trial=4, GT MIS=27500, Greedy MIS=27500, |S|=55000, Oracle MIS=27500, Improvement=0
n=55000, coeff=15.0, trial=4, GT MIS=27500, Greedy MIS=27500, |S|=55000, Oracle MIS=27500, Improvement=0
n=55000, coeff=15.0, trial=4, GT MIS=27500, Greedy MIS=27500, |S|=54934, Oracle MIS=27500, Improvement=0
n=55000, coeff=15.0, trial=4, GT MIS=27500, Greedy MIS=27500, |S|=53386, Oracle MIS=27500, Improvement=0
n=55000, coeff=15.0, trial=4, GT MIS=27500, Greedy MIS=27500, |S|=45445, Oracle MIS=27500, Improvement=0
n=55000, coeff=15.0, trial=4, GT MIS=27500, Greedy MIS=27500, |S|=33599, Oracle MIS=27500, Improvement=0
n=55000, coeff=15.0, trial=4, GT MIS=27500, Greedy MIS=27500, |S|=28323, Oracle MIS=27500, Improvement=0
n=55000, coeff=15.0, trial=4, GT MIS=27500, Greedy MIS=27500, |S|=27536, Oracle MIS=27500, Improvement=0
n=55000, coeff=15.0, trial=4, GT MIS=27500, Greedy MIS=27500, |S|=27500, Oracle MIS=27500, Improvement=0
n=55000, coeff=15.0, trial=5, GT MIS=27500, Greedy MIS=26755, |S|=55000, Oracle MIS=26755, Improvement=0
n=55000, coeff=15.0, trial=5, GT MIS=27500, Greedy MIS=26755, |S|=55000, Oracle MIS=26755, Improvement=0
n=55000, coeff=15.0, trial=5, GT MIS=27500, Greedy MIS=26755, |S|=55000, Oracle MIS=26755, Improvement=0
n=55000, coeff=15.0, trial=5, GT MIS=27500, Greedy MIS=26755, |S|=54952, Oracle MIS=27259, Improvement=504
n=55000, coeff=15.0, trial=5, GT MIS=27500, Greedy MIS=26755, |S|=53672, Oracle MIS=27408, Improvement=653
n=55000, coeff=15.0, trial=5, GT MIS=27500, Greedy MIS=26755, |S|=46428, Oracle MIS=27500, Improvement=745
n=55000, coeff=15.0, trial=5, GT MIS=27500, Greedy MIS=26755, |S|=34205, Oracle MIS=27500, Improvement=745
n=55000, coeff=15.0, trial=5, GT MIS=27500, Greedy MIS=26755, |S|=28474, Oracle MIS=27500, Improvement=745
n=55000, coeff=15.0, trial=5, GT MIS=27500, Greedy MIS=26755, |S|=27555, Oracle MIS=27499, Improvement=744
n=55000, coeff=15.0, trial=5, GT MIS=27500, Greedy MIS=26755, |S|=27500, Oracle MIS=27499, Improvement=744
n=55000, coeff=15.0, trial=6, GT MIS=27500, Greedy MIS=27401, |S|=55000, Oracle MIS=27401, Improvement=0
n=55000, coeff=15.0, trial=6, GT MIS=27500, Greedy MIS=27401, |S|=55000, Oracle MIS=27401, Improvement=0
n=55000, coeff=15.0, trial=6, GT MIS=27500, Greedy MIS=27401, |S|=54999, Oracle MIS=27400, Improvement=-1
n=55000, coeff=15.0, trial=6, GT MIS=27500, Greedy MIS=27401, |S|=54926, Oracle MIS=27327, Improvement=-74
n=55000, coeff=15.0, trial=6, GT MIS=27500, Greedy MIS=27401, |S|=53237, Oracle MIS=27500, Improvement=99
n=55000, coeff=15.0, trial=6, GT MIS=27500, Greedy MIS=27401, |S|=45216, Oracle MIS=27500, Improvement=99
n=55000, coeff=15.0, trial=6, GT MIS=27500, Greedy MIS=27401, |S|=33387, Oracle MIS=27500, Improvement=99
n=55000, coeff=15.0, trial=6, GT MIS=27500, Greedy MIS=27401, |S|=28277, Oracle MIS=27500, Improvement=99
n=55000, coeff=15.0, trial=6, GT MIS=27500, Greedy MIS=27401, |S|=27538, Oracle MIS=27500, Improvement=99
n=55000, coeff=15.0, trial=6, GT MIS=27500, Greedy MIS=27401, |S|=27500, Oracle MIS=27500, Improvement=99
n=55000, coeff=15.0, trial=7, GT MIS=27500, Greedy MIS=27305, |S|=55000, Oracle MIS=27305, Improvement=0
n=55000, coeff=15.0, trial=7, GT MIS=27500, Greedy MIS=27305, |S|=55000, Oracle MIS=27305, Improvement=0
n=55000, coeff=15.0, trial=7, GT MIS=27500, Greedy MIS=27305, |S|=55000, Oracle MIS=27305, Improvement=0
n=55000, coeff=15.0, trial=7, GT MIS=27500, Greedy MIS=27305, |S|=54932, Oracle MIS=27237, Improvement=-68
n=55000, coeff=15.0, trial=7, GT MIS=27500, Greedy MIS=27305, |S|=53497, Oracle MIS=27453, Improvement=148
n=55000, coeff=15.0, trial=7, GT MIS=27500, Greedy MIS=27305, |S|=45666, Oracle MIS=27500, Improvement=195
n=55000, coeff=15.0, trial=7, GT MIS=27500, Greedy MIS=27305, |S|=33920, Oracle MIS=27500, Improvement=195
n=55000, coeff=15.0, trial=7, GT MIS=27500, Greedy MIS=27305, |S|=28358, Oracle MIS=27500, Improvement=195
n=55000, coeff=15.0, trial=7, GT MIS=27500, Greedy MIS=27305, |S|=27538, Oracle MIS=27500, Improvement=195
n=55000, coeff=15.0, trial=7, GT MIS=27500, Greedy MIS=27305, |S|=27500, Oracle MIS=27500, Improvement=195
n=55000, coeff=15.0, trial=8, GT MIS=27500, Greedy MIS=27120, |S|=55000, Oracle MIS=27120, Improvement=0
n=55000, coeff=15.0, trial=8, GT MIS=27500, Greedy MIS=27120, |S|=55000, Oracle MIS=27120, Improvement=0
n=55000, coeff=15.0, trial=8, GT MIS=27500, Greedy MIS=27120, |S|=55000, Oracle MIS=27120, Improvement=0
n=55000, coeff=15.0, trial=8, GT MIS=27500, Greedy MIS=27120, |S|=54932, Oracle MIS=27055, Improvement=-65
n=55000, coeff=15.0, trial=8, GT MIS=27500, Greedy MIS=27120, |S|=53527, Oracle MIS=27460, Improvement=340
n=55000, coeff=15.0, trial=8, GT MIS=27500, Greedy MIS=27120, |S|=45915, Oracle MIS=27500, Improvement=380
n=55000, coeff=15.0, trial=8, GT MIS=27500, Greedy MIS=27120, |S|=34154, Oracle MIS=27500, Improvement=380
n=55000, coeff=15.0, trial=8, GT MIS=27500, Greedy MIS=27120, |S|=28448, Oracle MIS=27500, Improvement=380
n=55000, coeff=15.0, trial=8, GT MIS=27500, Greedy MIS=27120, |S|=27566, Oracle MIS=27500, Improvement=380
n=55000, coeff=15.0, trial=8, GT MIS=27500, Greedy MIS=27120, |S|=27500, Oracle MIS=27499, Improvement=379
n=55000, coeff=15.0, trial=9, GT MIS=27500, Greedy MIS=27049, |S|=55000, Oracle MIS=27049, Improvement=0
n=55000, coeff=15.0, trial=9, GT MIS=27500, Greedy MIS=27049, |S|=55000, Oracle MIS=27049, Improvement=0
n=55000, coeff=15.0, trial=9, GT MIS=27500, Greedy MIS=27049, |S|=54999, Oracle MIS=27049, Improvement=0
n=55000, coeff=15.0, trial=9, GT MIS=27500, Greedy MIS=27049, |S|=54913, Oracle MIS=27049, Improvement=0
n=55000, coeff=15.0, trial=9, GT MIS=27500, Greedy MIS=27049, |S|=53510, Oracle MIS=27452, Improvement=403
n=55000, coeff=15.0, trial=9, GT MIS=27500, Greedy MIS=27049, |S|=45758, Oracle MIS=27500, Improvement=451
n=55000, coeff=15.0, trial=9, GT MIS=27500, Greedy MIS=27049, |S|=34132, Oracle MIS=27500, Improvement=451
n=55000, coeff=15.0, trial=9, GT MIS=27500, Greedy MIS=27049, |S|=28397, Oracle MIS=27500, Improvement=451
n=55000, coeff=15.0, trial=9, GT MIS=27500, Greedy MIS=27049, |S|=27547, Oracle MIS=27500, Improvement=451
n=55000, coeff=15.0, trial=9, GT MIS=27500, Greedy MIS=27049, |S|=27501, Oracle MIS=27500, Improvement=451
Results saved to bipartite_experiment_results_epislons_55000.csv
