Running job on compute-3-07
Requested resources:
  - CPUs: 18
  - GPUs: 
  - Memory: 18000
n=75000, coeff=11.0, trial=0, GT MIS=37500, Greedy MIS=36048, |S|=75000, Oracle MIS=36048, Improvement=0
n=75000, coeff=11.0, trial=0, GT MIS=37500, Greedy MIS=36048, |S|=75000, Oracle MIS=36048, Improvement=0
n=75000, coeff=11.0, trial=0, GT MIS=37500, Greedy MIS=36048, |S|=74999, Oracle MIS=36048, Improvement=0
n=75000, coeff=11.0, trial=0, GT MIS=37500, Greedy MIS=36048, |S|=74948, Oracle MIS=36048, Improvement=0
n=75000, coeff=11.0, trial=0, GT MIS=37500, Greedy MIS=36048, |S|=73899, Oracle MIS=37231, Improvement=1183
n=75000, coeff=11.0, trial=0, GT MIS=37500, Greedy MIS=36048, |S|=67317, Oracle MIS=37500, Improvement=1452
n=75000, coeff=11.0, trial=0, GT MIS=37500, Greedy MIS=36048, |S|=52797, Oracle MIS=37500, Improvement=1452
n=75000, coeff=11.0, trial=0, GT MIS=37500, Greedy MIS=36048, |S|=41816, Oracle MIS=37500, Improvement=1452
n=75000, coeff=11.0, trial=0, GT MIS=37500, Greedy MIS=36048, |S|=38043, Oracle MIS=37500, Improvement=1452
n=75000, coeff=11.0, trial=0, GT MIS=37500, Greedy MIS=36048, |S|=37535, Oracle MIS=37500, Improvement=1452
n=75000, coeff=11.0, trial=1, GT MIS=37500, Greedy MIS=36438, |S|=75000, Oracle MIS=36438, Improvement=0
n=75000, coeff=11.0, trial=1, GT MIS=37500, Greedy MIS=36438, |S|=75000, Oracle MIS=36438, Improvement=0
n=75000, coeff=11.0, trial=1, GT MIS=37500, Greedy MIS=36438, |S|=75000, Oracle MIS=36438, Improvement=0
n=75000, coeff=11.0, trial=1, GT MIS=37500, Greedy MIS=36438, |S|=74949, Oracle MIS=36438, Improvement=0
n=75000, coeff=11.0, trial=1, GT MIS=37500, Greedy MIS=36438, |S|=74056, Oracle MIS=37155, Improvement=717
n=75000, coeff=11.0, trial=1, GT MIS=37500, Greedy MIS=36438, |S|=67691, Oracle MIS=37500, Improvement=1062
n=75000, coeff=11.0, trial=1, GT MIS=37500, Greedy MIS=36438, |S|=53631, Oracle MIS=37500, Improvement=1062
n=75000, coeff=11.0, trial=1, GT MIS=37500, Greedy MIS=36438, |S|=41913, Oracle MIS=37500, Improvement=1062
n=75000, coeff=11.0, trial=1, GT MIS=37500, Greedy MIS=36438, |S|=38108, Oracle MIS=37500, Improvement=1062
n=75000, coeff=11.0, trial=1, GT MIS=37500, Greedy MIS=36438, |S|=37529, Oracle MIS=37499, Improvement=1061
n=75000, coeff=11.0, trial=2, GT MIS=37500, Greedy MIS=36892, |S|=75000, Oracle MIS=36892, Improvement=0
n=75000, coeff=11.0, trial=2, GT MIS=37500, Greedy MIS=36892, |S|=75000, Oracle MIS=36892, Improvement=0
n=75000, coeff=11.0, trial=2, GT MIS=37500, Greedy MIS=36892, |S|=74999, Oracle MIS=36891, Improvement=-1
n=75000, coeff=11.0, trial=2, GT MIS=37500, Greedy MIS=36892, |S|=74948, Oracle MIS=36562, Improvement=-330
n=75000, coeff=11.0, trial=2, GT MIS=37500, Greedy MIS=36892, |S|=73991, Oracle MIS=36988, Improvement=96
n=75000, coeff=11.0, trial=2, GT MIS=37500, Greedy MIS=36892, |S|=67583, Oracle MIS=37500, Improvement=608
n=75000, coeff=11.0, trial=2, GT MIS=37500, Greedy MIS=36892, |S|=53413, Oracle MIS=37500, Improvement=608
n=75000, coeff=11.0, trial=2, GT MIS=37500, Greedy MIS=36892, |S|=42077, Oracle MIS=37500, Improvement=608
n=75000, coeff=11.0, trial=2, GT MIS=37500, Greedy MIS=36892, |S|=38136, Oracle MIS=37500, Improvement=608
n=75000, coeff=11.0, trial=2, GT MIS=37500, Greedy MIS=36892, |S|=37543, Oracle MIS=37500, Improvement=608
n=75000, coeff=11.0, trial=3, GT MIS=37500, Greedy MIS=37126, |S|=75000, Oracle MIS=37126, Improvement=0
n=75000, coeff=11.0, trial=3, GT MIS=37500, Greedy MIS=37126, |S|=75000, Oracle MIS=37126, Improvement=0
n=75000, coeff=11.0, trial=3, GT MIS=37500, Greedy MIS=37126, |S|=74999, Oracle MIS=37125, Improvement=-1
n=75000, coeff=11.0, trial=3, GT MIS=37500, Greedy MIS=37126, |S|=74948, Oracle MIS=37074, Improvement=-52
n=75000, coeff=11.0, trial=3, GT MIS=37500, Greedy MIS=37126, |S|=74041, Oracle MIS=37129, Improvement=3
n=75000, coeff=11.0, trial=3, GT MIS=37500, Greedy MIS=37126, |S|=67845, Oracle MIS=37500, Improvement=374
n=75000, coeff=11.0, trial=3, GT MIS=37500, Greedy MIS=37126, |S|=53693, Oracle MIS=37500, Improvement=374
n=75000, coeff=11.0, trial=3, GT MIS=37500, Greedy MIS=37126, |S|=42005, Oracle MIS=37500, Improvement=374
n=75000, coeff=11.0, trial=3, GT MIS=37500, Greedy MIS=37126, |S|=38138, Oracle MIS=37500, Improvement=374
n=75000, coeff=11.0, trial=3, GT MIS=37500, Greedy MIS=37126, |S|=37538, Oracle MIS=37499, Improvement=373
n=75000, coeff=11.0, trial=4, GT MIS=37500, Greedy MIS=37096, |S|=75000, Oracle MIS=37096, Improvement=0
n=75000, coeff=11.0, trial=4, GT MIS=37500, Greedy MIS=37096, |S|=75000, Oracle MIS=37096, Improvement=0
n=75000, coeff=11.0, trial=4, GT MIS=37500, Greedy MIS=37096, |S|=75000, Oracle MIS=37096, Improvement=0
n=75000, coeff=11.0, trial=4, GT MIS=37500, Greedy MIS=37096, |S|=74954, Oracle MIS=37016, Improvement=-80
n=75000, coeff=11.0, trial=4, GT MIS=37500, Greedy MIS=37096, |S|=74043, Oracle MIS=36881, Improvement=-215
n=75000, coeff=11.0, trial=4, GT MIS=37500, Greedy MIS=37096, |S|=67480, Oracle MIS=37500, Improvement=404
n=75000, coeff=11.0, trial=4, GT MIS=37500, Greedy MIS=37096, |S|=53382, Oracle MIS=37500, Improvement=404
n=75000, coeff=11.0, trial=4, GT MIS=37500, Greedy MIS=37096, |S|=41939, Oracle MIS=37500, Improvement=404
n=75000, coeff=11.0, trial=4, GT MIS=37500, Greedy MIS=37096, |S|=38106, Oracle MIS=37500, Improvement=404
n=75000, coeff=11.0, trial=4, GT MIS=37500, Greedy MIS=37096, |S|=37544, Oracle MIS=37500, Improvement=404
n=75000, coeff=11.0, trial=5, GT MIS=37500, Greedy MIS=36946, |S|=75000, Oracle MIS=36946, Improvement=0
n=75000, coeff=11.0, trial=5, GT MIS=37500, Greedy MIS=36946, |S|=75000, Oracle MIS=36946, Improvement=0
n=75000, coeff=11.0, trial=5, GT MIS=37500, Greedy MIS=36946, |S|=75000, Oracle MIS=36946, Improvement=0
n=75000, coeff=11.0, trial=5, GT MIS=37500, Greedy MIS=36946, |S|=74959, Oracle MIS=36905, Improvement=-41
n=75000, coeff=11.0, trial=5, GT MIS=37500, Greedy MIS=36946, |S|=74053, Oracle MIS=37119, Improvement=173
n=75000, coeff=11.0, trial=5, GT MIS=37500, Greedy MIS=36946, |S|=67829, Oracle MIS=37500, Improvement=554
n=75000, coeff=11.0, trial=5, GT MIS=37500, Greedy MIS=36946, |S|=53505, Oracle MIS=37500, Improvement=554
n=75000, coeff=11.0, trial=5, GT MIS=37500, Greedy MIS=36946, |S|=42130, Oracle MIS=37500, Improvement=554
n=75000, coeff=11.0, trial=5, GT MIS=37500, Greedy MIS=36946, |S|=38175, Oracle MIS=37500, Improvement=554
n=75000, coeff=11.0, trial=5, GT MIS=37500, Greedy MIS=36946, |S|=37528, Oracle MIS=37500, Improvement=554
n=75000, coeff=11.0, trial=6, GT MIS=37500, Greedy MIS=36821, |S|=75000, Oracle MIS=36821, Improvement=0
n=75000, coeff=11.0, trial=6, GT MIS=37500, Greedy MIS=36821, |S|=75000, Oracle MIS=36821, Improvement=0
n=75000, coeff=11.0, trial=6, GT MIS=37500, Greedy MIS=36821, |S|=75000, Oracle MIS=36821, Improvement=0
n=75000, coeff=11.0, trial=6, GT MIS=37500, Greedy MIS=36821, |S|=74951, Oracle MIS=36773, Improvement=-48
n=75000, coeff=11.0, trial=6, GT MIS=37500, Greedy MIS=36821, |S|=73851, Oracle MIS=37123, Improvement=302
n=75000, coeff=11.0, trial=6, GT MIS=37500, Greedy MIS=36821, |S|=66980, Oracle MIS=37500, Improvement=679
n=75000, coeff=11.0, trial=6, GT MIS=37500, Greedy MIS=36821, |S|=52259, Oracle MIS=37500, Improvement=679
n=75000, coeff=11.0, trial=6, GT MIS=37500, Greedy MIS=36821, |S|=41445, Oracle MIS=37500, Improvement=679
n=75000, coeff=11.0, trial=6, GT MIS=37500, Greedy MIS=36821, |S|=38002, Oracle MIS=37500, Improvement=679
n=75000, coeff=11.0, trial=6, GT MIS=37500, Greedy MIS=36821, |S|=37540, Oracle MIS=37500, Improvement=679
n=75000, coeff=11.0, trial=7, GT MIS=37500, Greedy MIS=37055, |S|=75000, Oracle MIS=37055, Improvement=0
n=75000, coeff=11.0, trial=7, GT MIS=37500, Greedy MIS=37055, |S|=75000, Oracle MIS=37055, Improvement=0
n=75000, coeff=11.0, trial=7, GT MIS=37500, Greedy MIS=37055, |S|=74999, Oracle MIS=37054, Improvement=-1
n=75000, coeff=11.0, trial=7, GT MIS=37500, Greedy MIS=37055, |S|=74947, Oracle MIS=36967, Improvement=-88
n=75000, coeff=11.0, trial=7, GT MIS=37500, Greedy MIS=37055, |S|=74015, Oracle MIS=37125, Improvement=70
n=75000, coeff=11.0, trial=7, GT MIS=37500, Greedy MIS=37055, |S|=67693, Oracle MIS=37500, Improvement=445
n=75000, coeff=11.0, trial=7, GT MIS=37500, Greedy MIS=37055, |S|=53397, Oracle MIS=37500, Improvement=445
n=75000, coeff=11.0, trial=7, GT MIS=37500, Greedy MIS=37055, |S|=42017, Oracle MIS=37500, Improvement=445
n=75000, coeff=11.0, trial=7, GT MIS=37500, Greedy MIS=37055, |S|=38115, Oracle MIS=37500, Improvement=445
n=75000, coeff=11.0, trial=7, GT MIS=37500, Greedy MIS=37055, |S|=37538, Oracle MIS=37500, Improvement=445
n=75000, coeff=11.0, trial=8, GT MIS=37500, Greedy MIS=36757, |S|=75000, Oracle MIS=36757, Improvement=0
n=75000, coeff=11.0, trial=8, GT MIS=37500, Greedy MIS=36757, |S|=75000, Oracle MIS=36757, Improvement=0
n=75000, coeff=11.0, trial=8, GT MIS=37500, Greedy MIS=36757, |S|=75000, Oracle MIS=36757, Improvement=0
n=75000, coeff=11.0, trial=8, GT MIS=37500, Greedy MIS=36757, |S|=74952, Oracle MIS=36712, Improvement=-45
n=75000, coeff=11.0, trial=8, GT MIS=37500, Greedy MIS=36757, |S|=74005, Oracle MIS=37089, Improvement=332
n=75000, coeff=11.0, trial=8, GT MIS=37500, Greedy MIS=36757, |S|=67855, Oracle MIS=37500, Improvement=743
n=75000, coeff=11.0, trial=8, GT MIS=37500, Greedy MIS=36757, |S|=53640, Oracle MIS=37500, Improvement=743
n=75000, coeff=11.0, trial=8, GT MIS=37500, Greedy MIS=36757, |S|=42092, Oracle MIS=37500, Improvement=743
n=75000, coeff=11.0, trial=8, GT MIS=37500, Greedy MIS=36757, |S|=38085, Oracle MIS=37500, Improvement=743
n=75000, coeff=11.0, trial=8, GT MIS=37500, Greedy MIS=36757, |S|=37541, Oracle MIS=37500, Improvement=743
n=75000, coeff=11.0, trial=9, GT MIS=37500, Greedy MIS=37190, |S|=75000, Oracle MIS=37190, Improvement=0
n=75000, coeff=11.0, trial=9, GT MIS=37500, Greedy MIS=37190, |S|=75000, Oracle MIS=37190, Improvement=0
n=75000, coeff=11.0, trial=9, GT MIS=37500, Greedy MIS=37190, |S|=75000, Oracle MIS=37190, Improvement=0
n=75000, coeff=11.0, trial=9, GT MIS=37500, Greedy MIS=37190, |S|=74961, Oracle MIS=37151, Improvement=-39
n=75000, coeff=11.0, trial=9, GT MIS=37500, Greedy MIS=37190, |S|=74127, Oracle MIS=37060, Improvement=-130
n=75000, coeff=11.0, trial=9, GT MIS=37500, Greedy MIS=37190, |S|=68161, Oracle MIS=37500, Improvement=310
n=75000, coeff=11.0, trial=9, GT MIS=37500, Greedy MIS=37190, |S|=54178, Oracle MIS=37500, Improvement=310
n=75000, coeff=11.0, trial=9, GT MIS=37500, Greedy MIS=37190, |S|=42154, Oracle MIS=37500, Improvement=310
n=75000, coeff=11.0, trial=9, GT MIS=37500, Greedy MIS=37190, |S|=38157, Oracle MIS=37500, Improvement=310
n=75000, coeff=11.0, trial=9, GT MIS=37500, Greedy MIS=37190, |S|=37533, Oracle MIS=37500, Improvement=310
Results saved to bipartite_experiment_results_epislons_75000.csv
