Running job on compute-0-01
Requested resources:
  - CPUs: 12
  - GPUs: 
  - Memory: 18000
Skipping n=85000, coeff=9.0, trial=0, epsilon=0.025 as entry already exists.
Skipping n=85000, coeff=9.0, trial=0, epsilon=0.05 as entry already exists.
Skipping n=85000, coeff=9.0, trial=0, epsilon=0.075 as entry already exists.
Skipping n=85000, coeff=9.0, trial=0, epsilon=0.1 as entry already exists.
Skipping n=85000, coeff=9.0, trial=0, epsilon=0.125 as entry already exists.
Skipping n=85000, coeff=9.0, trial=0, epsilon=0.15 as entry already exists.
Skipping n=85000, coeff=9.0, trial=0, epsilon=0.175 as entry already exists.
Skipping n=85000, coeff=9.0, trial=0, epsilon=0.2 as entry already exists.
Skipping n=85000, coeff=9.0, trial=0, epsilon=0.225 as entry already exists.
Skipping n=85000, coeff=9.0, trial=0, epsilon=0.25 as entry already exists.
Skipping n=85000, coeff=9.0, trial=1, epsilon=0.025 as entry already exists.
Skipping n=85000, coeff=9.0, trial=1, epsilon=0.05 as entry already exists.
Skipping n=85000, coeff=9.0, trial=1, epsilon=0.075 as entry already exists.
Skipping n=85000, coeff=9.0, trial=1, epsilon=0.1 as entry already exists.
Skipping n=85000, coeff=9.0, trial=1, epsilon=0.125 as entry already exists.
Skipping n=85000, coeff=9.0, trial=1, epsilon=0.15 as entry already exists.
Skipping n=85000, coeff=9.0, trial=1, epsilon=0.175 as entry already exists.
Skipping n=85000, coeff=9.0, trial=1, epsilon=0.2 as entry already exists.
Skipping n=85000, coeff=9.0, trial=1, epsilon=0.225 as entry already exists.
Skipping n=85000, coeff=9.0, trial=1, epsilon=0.25 as entry already exists.
Skipping n=85000, coeff=9.0, trial=2, epsilon=0.025 as entry already exists.
Skipping n=85000, coeff=9.0, trial=2, epsilon=0.05 as entry already exists.
Skipping n=85000, coeff=9.0, trial=2, epsilon=0.075 as entry already exists.
Skipping n=85000, coeff=9.0, trial=2, epsilon=0.1 as entry already exists.
Skipping n=85000, coeff=9.0, trial=2, epsilon=0.125 as entry already exists.
Skipping n=85000, coeff=9.0, trial=2, epsilon=0.15 as entry already exists.
Skipping n=85000, coeff=9.0, trial=2, epsilon=0.175 as entry already exists.
Skipping n=85000, coeff=9.0, trial=2, epsilon=0.2 as entry already exists.
Skipping n=85000, coeff=9.0, trial=2, epsilon=0.225 as entry already exists.
Skipping n=85000, coeff=9.0, trial=2, epsilon=0.25 as entry already exists.
Skipping n=85000, coeff=9.0, trial=3, epsilon=0.025 as entry already exists.
Skipping n=85000, coeff=9.0, trial=3, epsilon=0.05 as entry already exists.
Skipping n=85000, coeff=9.0, trial=3, epsilon=0.075 as entry already exists.
Skipping n=85000, coeff=9.0, trial=3, epsilon=0.1 as entry already exists.
Skipping n=85000, coeff=9.0, trial=3, epsilon=0.125 as entry already exists.
Skipping n=85000, coeff=9.0, trial=3, epsilon=0.15 as entry already exists.
Skipping n=85000, coeff=9.0, trial=3, epsilon=0.175 as entry already exists.
Skipping n=85000, coeff=9.0, trial=3, epsilon=0.2 as entry already exists.
Skipping n=85000, coeff=9.0, trial=3, epsilon=0.225 as entry already exists.
Skipping n=85000, coeff=9.0, trial=3, epsilon=0.25 as entry already exists.
Skipping n=85000, coeff=9.0, trial=4, epsilon=0.025 as entry already exists.
Skipping n=85000, coeff=9.0, trial=4, epsilon=0.05 as entry already exists.
Skipping n=85000, coeff=9.0, trial=4, epsilon=0.075 as entry already exists.
Skipping n=85000, coeff=9.0, trial=4, epsilon=0.1 as entry already exists.
Skipping n=85000, coeff=9.0, trial=4, epsilon=0.125 as entry already exists.
Skipping n=85000, coeff=9.0, trial=4, epsilon=0.15 as entry already exists.
Skipping n=85000, coeff=9.0, trial=4, epsilon=0.175 as entry already exists.
Skipping n=85000, coeff=9.0, trial=4, epsilon=0.2 as entry already exists.
Skipping n=85000, coeff=9.0, trial=4, epsilon=0.225 as entry already exists.
Skipping n=85000, coeff=9.0, trial=4, epsilon=0.25 as entry already exists.
Skipping n=85000, coeff=9.0, trial=5, epsilon=0.025 as entry already exists.
Skipping n=85000, coeff=9.0, trial=5, epsilon=0.05 as entry already exists.
Skipping n=85000, coeff=9.0, trial=5, epsilon=0.075 as entry already exists.
Skipping n=85000, coeff=9.0, trial=5, epsilon=0.1 as entry already exists.
Skipping n=85000, coeff=9.0, trial=5, epsilon=0.125 as entry already exists.
Skipping n=85000, coeff=9.0, trial=5, epsilon=0.15 as entry already exists.
Skipping n=85000, coeff=9.0, trial=5, epsilon=0.175 as entry already exists.
Skipping n=85000, coeff=9.0, trial=5, epsilon=0.2 as entry already exists.
Skipping n=85000, coeff=9.0, trial=5, epsilon=0.225 as entry already exists.
Skipping n=85000, coeff=9.0, trial=5, epsilon=0.25 as entry already exists.
Skipping n=85000, coeff=9.0, trial=6, epsilon=0.025 as entry already exists.
Skipping n=85000, coeff=9.0, trial=6, epsilon=0.05 as entry already exists.
Skipping n=85000, coeff=9.0, trial=6, epsilon=0.075 as entry already exists.
Skipping n=85000, coeff=9.0, trial=6, epsilon=0.1 as entry already exists.
Skipping n=85000, coeff=9.0, trial=6, epsilon=0.125 as entry already exists.
Skipping n=85000, coeff=9.0, trial=6, epsilon=0.15 as entry already exists.
Skipping n=85000, coeff=9.0, trial=6, epsilon=0.175 as entry already exists.
Skipping n=85000, coeff=9.0, trial=6, epsilon=0.2 as entry already exists.
Skipping n=85000, coeff=9.0, trial=6, epsilon=0.225 as entry already exists.
Skipping n=85000, coeff=9.0, trial=6, epsilon=0.25 as entry already exists.
Skipping n=85000, coeff=9.0, trial=7, epsilon=0.025 as entry already exists.
Skipping n=85000, coeff=9.0, trial=7, epsilon=0.05 as entry already exists.
Skipping n=85000, coeff=9.0, trial=7, epsilon=0.075 as entry already exists.
Skipping n=85000, coeff=9.0, trial=7, epsilon=0.1 as entry already exists.
Skipping n=85000, coeff=9.0, trial=7, epsilon=0.125 as entry already exists.
Skipping n=85000, coeff=9.0, trial=7, epsilon=0.15 as entry already exists.
Skipping n=85000, coeff=9.0, trial=7, epsilon=0.175 as entry already exists.
Skipping n=85000, coeff=9.0, trial=7, epsilon=0.2 as entry already exists.
Skipping n=85000, coeff=9.0, trial=7, epsilon=0.225 as entry already exists.
Skipping n=85000, coeff=9.0, trial=7, epsilon=0.25 as entry already exists.
n=85000, coeff=9.0, trial=8, GT MIS=42500, Greedy MIS=41188, |S|=85000, Oracle MIS=41188, Improvement=0
n=85000, coeff=9.0, trial=8, GT MIS=42500, Greedy MIS=41188, |S|=85000, Oracle MIS=41188, Improvement=0
n=85000, coeff=9.0, trial=8, GT MIS=42500, Greedy MIS=41188, |S|=85000, Oracle MIS=41188, Improvement=0
n=85000, coeff=9.0, trial=8, GT MIS=42500, Greedy MIS=41188, |S|=84956, Oracle MIS=41146, Improvement=-42
n=85000, coeff=9.0, trial=8, GT MIS=42500, Greedy MIS=41188, |S|=84220, Oracle MIS=41238, Improvement=50
n=85000, coeff=9.0, trial=8, GT MIS=42500, Greedy MIS=41188, |S|=79272, Oracle MIS=42500, Improvement=1312
n=85000, coeff=9.0, trial=8, GT MIS=42500, Greedy MIS=41188, |S|=65927, Oracle MIS=42500, Improvement=1312
n=85000, coeff=9.0, trial=8, GT MIS=42500, Greedy MIS=41188, |S|=51872, Oracle MIS=42500, Improvement=1312
n=85000, coeff=9.0, trial=8, GT MIS=42500, Greedy MIS=41188, |S|=44432, Oracle MIS=42498, Improvement=1310
n=85000, coeff=9.0, trial=8, GT MIS=42500, Greedy MIS=41188, |S|=42705, Oracle MIS=42497, Improvement=1309
n=85000, coeff=9.0, trial=9, GT MIS=42500, Greedy MIS=42056, |S|=85000, Oracle MIS=42056, Improvement=0
n=85000, coeff=9.0, trial=9, GT MIS=42500, Greedy MIS=42056, |S|=85000, Oracle MIS=42056, Improvement=0
n=85000, coeff=9.0, trial=9, GT MIS=42500, Greedy MIS=42056, |S|=85000, Oracle MIS=42056, Improvement=0
n=85000, coeff=9.0, trial=9, GT MIS=42500, Greedy MIS=42056, |S|=84952, Oracle MIS=42008, Improvement=-48
n=85000, coeff=9.0, trial=9, GT MIS=42500, Greedy MIS=42056, |S|=84105, Oracle MIS=41898, Improvement=-158
n=85000, coeff=9.0, trial=9, GT MIS=42500, Greedy MIS=42056, |S|=78986, Oracle MIS=42478, Improvement=422
n=85000, coeff=9.0, trial=9, GT MIS=42500, Greedy MIS=42056, |S|=65517, Oracle MIS=42500, Improvement=444
n=85000, coeff=9.0, trial=9, GT MIS=42500, Greedy MIS=42056, |S|=51256, Oracle MIS=42500, Improvement=444
n=85000, coeff=9.0, trial=9, GT MIS=42500, Greedy MIS=42056, |S|=44436, Oracle MIS=42500, Improvement=444
n=85000, coeff=9.0, trial=9, GT MIS=42500, Greedy MIS=42056, |S|=42705, Oracle MIS=42500, Improvement=444
Results saved to bipartite_experiment_results_epislons_85000.csv
