Running job on compute-3-03
Requested resources:
  - CPUs: 32
  - GPUs: 
  - Memory: 24000
n=20000, coeff=8, trial=0, GT MIS=10000, Greedy MIS=9882, |S|=20000, Oracle MIS=9882, Improvement=0
n=20000, coeff=8, trial=0, GT MIS=10000, Greedy MIS=9882, |S|=20000, Oracle MIS=9882, Improvement=0
n=20000, coeff=8, trial=0, GT MIS=10000, Greedy MIS=9882, |S|=19999, Oracle MIS=9881, Improvement=-1
n=20000, coeff=8, trial=0, GT MIS=10000, Greedy MIS=9882, |S|=19993, Oracle MIS=9875, Improvement=-7
n=20000, coeff=8, trial=0, GT MIS=10000, Greedy MIS=9882, |S|=19898, Oracle MIS=9404, Improvement=-478
n=20000, coeff=8, trial=0, GT MIS=10000, Greedy MIS=9882, |S|=19262, Oracle MIS=9930, Improvement=48
n=20000, coeff=8, trial=0, GT MIS=10000, Greedy MIS=9882, |S|=17306, Oracle MIS=10000, Improvement=118
n=20000, coeff=8, trial=0, GT MIS=10000, Greedy MIS=9882, |S|=13861, Oracle MIS=10000, Improvement=118
n=20000, coeff=8, trial=0, GT MIS=10000, Greedy MIS=9882, |S|=11315, Oracle MIS=10000, Improvement=118
n=20000, coeff=8, trial=0, GT MIS=10000, Greedy MIS=9882, |S|=10274, Oracle MIS=10000, Improvement=118
n=20000, coeff=8, trial=1, GT MIS=10000, Greedy MIS=9941, |S|=20000, Oracle MIS=9941, Improvement=0
n=20000, coeff=8, trial=1, GT MIS=10000, Greedy MIS=9941, |S|=20000, Oracle MIS=9941, Improvement=0
n=20000, coeff=8, trial=1, GT MIS=10000, Greedy MIS=9941, |S|=20000, Oracle MIS=9941, Improvement=0
n=20000, coeff=8, trial=1, GT MIS=10000, Greedy MIS=9941, |S|=19990, Oracle MIS=9931, Improvement=-10
n=20000, coeff=8, trial=1, GT MIS=10000, Greedy MIS=9941, |S|=19852, Oracle MIS=9790, Improvement=-151
n=20000, coeff=8, trial=1, GT MIS=10000, Greedy MIS=9941, |S|=19002, Oracle MIS=9967, Improvement=26
n=20000, coeff=8, trial=1, GT MIS=10000, Greedy MIS=9941, |S|=16757, Oracle MIS=10000, Improvement=59
n=20000, coeff=8, trial=1, GT MIS=10000, Greedy MIS=9941, |S|=13482, Oracle MIS=10000, Improvement=59
n=20000, coeff=8, trial=1, GT MIS=10000, Greedy MIS=9941, |S|=11204, Oracle MIS=9999, Improvement=58
n=20000, coeff=8, trial=1, GT MIS=10000, Greedy MIS=9941, |S|=10235, Oracle MIS=10000, Improvement=59
n=20000, coeff=8, trial=2, GT MIS=10000, Greedy MIS=9699, |S|=20000, Oracle MIS=9699, Improvement=0
n=20000, coeff=8, trial=2, GT MIS=10000, Greedy MIS=9699, |S|=20000, Oracle MIS=9699, Improvement=0
n=20000, coeff=8, trial=2, GT MIS=10000, Greedy MIS=9699, |S|=20000, Oracle MIS=9699, Improvement=0
n=20000, coeff=8, trial=2, GT MIS=10000, Greedy MIS=9699, |S|=19994, Oracle MIS=9673, Improvement=-26
n=20000, coeff=8, trial=2, GT MIS=10000, Greedy MIS=9699, |S|=19884, Oracle MIS=9448, Improvement=-251
n=20000, coeff=8, trial=2, GT MIS=10000, Greedy MIS=9699, |S|=19125, Oracle MIS=9948, Improvement=249
n=20000, coeff=8, trial=2, GT MIS=10000, Greedy MIS=9699, |S|=16857, Oracle MIS=10000, Improvement=301
n=20000, coeff=8, trial=2, GT MIS=10000, Greedy MIS=9699, |S|=13607, Oracle MIS=10000, Improvement=301
n=20000, coeff=8, trial=2, GT MIS=10000, Greedy MIS=9699, |S|=11240, Oracle MIS=10000, Improvement=301
n=20000, coeff=8, trial=2, GT MIS=10000, Greedy MIS=9699, |S|=10263, Oracle MIS=10000, Improvement=301
n=20000, coeff=8, trial=3, GT MIS=10000, Greedy MIS=9731, |S|=20000, Oracle MIS=9731, Improvement=0
n=20000, coeff=8, trial=3, GT MIS=10000, Greedy MIS=9731, |S|=20000, Oracle MIS=9731, Improvement=0
n=20000, coeff=8, trial=3, GT MIS=10000, Greedy MIS=9731, |S|=20000, Oracle MIS=9731, Improvement=0
n=20000, coeff=8, trial=3, GT MIS=10000, Greedy MIS=9731, |S|=19991, Oracle MIS=9722, Improvement=-9
n=20000, coeff=8, trial=3, GT MIS=10000, Greedy MIS=9731, |S|=19887, Oracle MIS=9389, Improvement=-342
n=20000, coeff=8, trial=3, GT MIS=10000, Greedy MIS=9731, |S|=19137, Oracle MIS=9965, Improvement=234
n=20000, coeff=8, trial=3, GT MIS=10000, Greedy MIS=9731, |S|=16979, Oracle MIS=10000, Improvement=269
n=20000, coeff=8, trial=3, GT MIS=10000, Greedy MIS=9731, |S|=13686, Oracle MIS=10000, Improvement=269
n=20000, coeff=8, trial=3, GT MIS=10000, Greedy MIS=9731, |S|=11221, Oracle MIS=9999, Improvement=268
n=20000, coeff=8, trial=3, GT MIS=10000, Greedy MIS=9731, |S|=10242, Oracle MIS=10000, Improvement=269
n=20000, coeff=8, trial=4, GT MIS=10000, Greedy MIS=9828, |S|=20000, Oracle MIS=9828, Improvement=0
n=20000, coeff=8, trial=4, GT MIS=10000, Greedy MIS=9828, |S|=20000, Oracle MIS=9828, Improvement=0
n=20000, coeff=8, trial=4, GT MIS=10000, Greedy MIS=9828, |S|=20000, Oracle MIS=9828, Improvement=0
n=20000, coeff=8, trial=4, GT MIS=10000, Greedy MIS=9828, |S|=19994, Oracle MIS=9828, Improvement=0
n=20000, coeff=8, trial=4, GT MIS=10000, Greedy MIS=9828, |S|=19898, Oracle MIS=9828, Improvement=0
n=20000, coeff=8, trial=4, GT MIS=10000, Greedy MIS=9828, |S|=19160, Oracle MIS=9983, Improvement=155
n=20000, coeff=8, trial=4, GT MIS=10000, Greedy MIS=9828, |S|=16863, Oracle MIS=10000, Improvement=172
n=20000, coeff=8, trial=4, GT MIS=10000, Greedy MIS=9828, |S|=13529, Oracle MIS=10000, Improvement=172
n=20000, coeff=8, trial=4, GT MIS=10000, Greedy MIS=9828, |S|=11166, Oracle MIS=10000, Improvement=172
n=20000, coeff=8, trial=4, GT MIS=10000, Greedy MIS=9828, |S|=10249, Oracle MIS=10000, Improvement=172
n=20000, coeff=9, trial=0, GT MIS=10000, Greedy MIS=9542, |S|=20000, Oracle MIS=9542, Improvement=0
n=20000, coeff=9, trial=0, GT MIS=10000, Greedy MIS=9542, |S|=20000, Oracle MIS=9542, Improvement=0
n=20000, coeff=9, trial=0, GT MIS=10000, Greedy MIS=9542, |S|=19999, Oracle MIS=9542, Improvement=0
n=20000, coeff=9, trial=0, GT MIS=10000, Greedy MIS=9542, |S|=19994, Oracle MIS=9542, Improvement=0
n=20000, coeff=9, trial=0, GT MIS=10000, Greedy MIS=9542, |S|=19881, Oracle MIS=9542, Improvement=0
n=20000, coeff=9, trial=0, GT MIS=10000, Greedy MIS=9542, |S|=19092, Oracle MIS=9979, Improvement=437
n=20000, coeff=9, trial=0, GT MIS=10000, Greedy MIS=9542, |S|=16622, Oracle MIS=10000, Improvement=458
n=20000, coeff=9, trial=0, GT MIS=10000, Greedy MIS=9542, |S|=13166, Oracle MIS=10000, Improvement=458
n=20000, coeff=9, trial=0, GT MIS=10000, Greedy MIS=9542, |S|=10886, Oracle MIS=9999, Improvement=457
n=20000, coeff=9, trial=0, GT MIS=10000, Greedy MIS=9542, |S|=10160, Oracle MIS=10000, Improvement=458
n=20000, coeff=9, trial=1, GT MIS=10000, Greedy MIS=9820, |S|=20000, Oracle MIS=9820, Improvement=0
n=20000, coeff=9, trial=1, GT MIS=10000, Greedy MIS=9820, |S|=20000, Oracle MIS=9820, Improvement=0
n=20000, coeff=9, trial=1, GT MIS=10000, Greedy MIS=9820, |S|=20000, Oracle MIS=9820, Improvement=0
n=20000, coeff=9, trial=1, GT MIS=10000, Greedy MIS=9820, |S|=19986, Oracle MIS=9806, Improvement=-14
n=20000, coeff=9, trial=1, GT MIS=10000, Greedy MIS=9820, |S|=19836, Oracle MIS=9526, Improvement=-294
n=20000, coeff=9, trial=1, GT MIS=10000, Greedy MIS=9820, |S|=18796, Oracle MIS=10000, Improvement=180
n=20000, coeff=9, trial=1, GT MIS=10000, Greedy MIS=9820, |S|=16083, Oracle MIS=10000, Improvement=180
n=20000, coeff=9, trial=1, GT MIS=10000, Greedy MIS=9820, |S|=12844, Oracle MIS=10000, Improvement=180
n=20000, coeff=9, trial=1, GT MIS=10000, Greedy MIS=9820, |S|=10814, Oracle MIS=10000, Improvement=180
n=20000, coeff=9, trial=1, GT MIS=10000, Greedy MIS=9820, |S|=10121, Oracle MIS=10000, Improvement=180
n=20000, coeff=9, trial=2, GT MIS=10000, Greedy MIS=9779, |S|=20000, Oracle MIS=9779, Improvement=0
n=20000, coeff=9, trial=2, GT MIS=10000, Greedy MIS=9779, |S|=20000, Oracle MIS=9779, Improvement=0
n=20000, coeff=9, trial=2, GT MIS=10000, Greedy MIS=9779, |S|=20000, Oracle MIS=9779, Improvement=0
n=20000, coeff=9, trial=2, GT MIS=10000, Greedy MIS=9779, |S|=19993, Oracle MIS=9772, Improvement=-7
n=20000, coeff=9, trial=2, GT MIS=10000, Greedy MIS=9779, |S|=19865, Oracle MIS=9622, Improvement=-157
n=20000, coeff=9, trial=2, GT MIS=10000, Greedy MIS=9779, |S|=18910, Oracle MIS=9980, Improvement=201
n=20000, coeff=9, trial=2, GT MIS=10000, Greedy MIS=9779, |S|=16194, Oracle MIS=10000, Improvement=221
n=20000, coeff=9, trial=2, GT MIS=10000, Greedy MIS=9779, |S|=12932, Oracle MIS=10000, Improvement=221
n=20000, coeff=9, trial=2, GT MIS=10000, Greedy MIS=9779, |S|=10816, Oracle MIS=10000, Improvement=221
n=20000, coeff=9, trial=2, GT MIS=10000, Greedy MIS=9779, |S|=10137, Oracle MIS=10000, Improvement=221
n=20000, coeff=9, trial=3, GT MIS=10000, Greedy MIS=9724, |S|=20000, Oracle MIS=9724, Improvement=0
n=20000, coeff=9, trial=3, GT MIS=10000, Greedy MIS=9724, |S|=20000, Oracle MIS=9724, Improvement=0
n=20000, coeff=9, trial=3, GT MIS=10000, Greedy MIS=9724, |S|=20000, Oracle MIS=9724, Improvement=0
n=20000, coeff=9, trial=3, GT MIS=10000, Greedy MIS=9724, |S|=19992, Oracle MIS=9724, Improvement=0
n=20000, coeff=9, trial=3, GT MIS=10000, Greedy MIS=9724, |S|=19872, Oracle MIS=9724, Improvement=0
n=20000, coeff=9, trial=3, GT MIS=10000, Greedy MIS=9724, |S|=18988, Oracle MIS=9980, Improvement=256
n=20000, coeff=9, trial=3, GT MIS=10000, Greedy MIS=9724, |S|=16367, Oracle MIS=10000, Improvement=276
n=20000, coeff=9, trial=3, GT MIS=10000, Greedy MIS=9724, |S|=13001, Oracle MIS=10000, Improvement=276
n=20000, coeff=9, trial=3, GT MIS=10000, Greedy MIS=9724, |S|=10796, Oracle MIS=9999, Improvement=275
n=20000, coeff=9, trial=3, GT MIS=10000, Greedy MIS=9724, |S|=10125, Oracle MIS=10000, Improvement=276
n=20000, coeff=9, trial=4, GT MIS=10000, Greedy MIS=9686, |S|=20000, Oracle MIS=9686, Improvement=0
n=20000, coeff=9, trial=4, GT MIS=10000, Greedy MIS=9686, |S|=20000, Oracle MIS=9686, Improvement=0
n=20000, coeff=9, trial=4, GT MIS=10000, Greedy MIS=9686, |S|=20000, Oracle MIS=9686, Improvement=0
n=20000, coeff=9, trial=4, GT MIS=10000, Greedy MIS=9686, |S|=19996, Oracle MIS=9682, Improvement=-4
n=20000, coeff=9, trial=4, GT MIS=10000, Greedy MIS=9686, |S|=19875, Oracle MIS=9519, Improvement=-167
n=20000, coeff=9, trial=4, GT MIS=10000, Greedy MIS=9686, |S|=18960, Oracle MIS=10000, Improvement=314
n=20000, coeff=9, trial=4, GT MIS=10000, Greedy MIS=9686, |S|=16213, Oracle MIS=10000, Improvement=314
n=20000, coeff=9, trial=4, GT MIS=10000, Greedy MIS=9686, |S|=12782, Oracle MIS=10000, Improvement=314
n=20000, coeff=9, trial=4, GT MIS=10000, Greedy MIS=9686, |S|=10825, Oracle MIS=10000, Improvement=314
n=20000, coeff=9, trial=4, GT MIS=10000, Greedy MIS=9686, |S|=10117, Oracle MIS=10000, Improvement=314
n=20000, coeff=10, trial=0, GT MIS=10000, Greedy MIS=9901, |S|=20000, Oracle MIS=9901, Improvement=0
n=20000, coeff=10, trial=0, GT MIS=10000, Greedy MIS=9901, |S|=20000, Oracle MIS=9901, Improvement=0
n=20000, coeff=10, trial=0, GT MIS=10000, Greedy MIS=9901, |S|=20000, Oracle MIS=9901, Improvement=0
n=20000, coeff=10, trial=0, GT MIS=10000, Greedy MIS=9901, |S|=19993, Oracle MIS=9894, Improvement=-7
n=20000, coeff=10, trial=0, GT MIS=10000, Greedy MIS=9901, |S|=19861, Oracle MIS=9662, Improvement=-239
n=20000, coeff=10, trial=0, GT MIS=10000, Greedy MIS=9901, |S|=18941, Oracle MIS=10000, Improvement=99
n=20000, coeff=10, trial=0, GT MIS=10000, Greedy MIS=9901, |S|=16119, Oracle MIS=10000, Improvement=99
n=20000, coeff=10, trial=0, GT MIS=10000, Greedy MIS=9901, |S|=12557, Oracle MIS=10000, Improvement=99
n=20000, coeff=10, trial=0, GT MIS=10000, Greedy MIS=9901, |S|=10573, Oracle MIS=10000, Improvement=99
n=20000, coeff=10, trial=0, GT MIS=10000, Greedy MIS=9901, |S|=10078, Oracle MIS=10000, Improvement=99
n=20000, coeff=10, trial=1, GT MIS=10000, Greedy MIS=9715, |S|=20000, Oracle MIS=9715, Improvement=0
n=20000, coeff=10, trial=1, GT MIS=10000, Greedy MIS=9715, |S|=20000, Oracle MIS=9715, Improvement=0
n=20000, coeff=10, trial=1, GT MIS=10000, Greedy MIS=9715, |S|=19999, Oracle MIS=9715, Improvement=0
n=20000, coeff=10, trial=1, GT MIS=10000, Greedy MIS=9715, |S|=19987, Oracle MIS=9715, Improvement=0
n=20000, coeff=10, trial=1, GT MIS=10000, Greedy MIS=9715, |S|=19790, Oracle MIS=9715, Improvement=0
n=20000, coeff=10, trial=1, GT MIS=10000, Greedy MIS=9715, |S|=18488, Oracle MIS=10000, Improvement=285
n=20000, coeff=10, trial=1, GT MIS=10000, Greedy MIS=9715, |S|=15440, Oracle MIS=10000, Improvement=285
n=20000, coeff=10, trial=1, GT MIS=10000, Greedy MIS=9715, |S|=12197, Oracle MIS=10000, Improvement=285
n=20000, coeff=10, trial=1, GT MIS=10000, Greedy MIS=9715, |S|=10515, Oracle MIS=10000, Improvement=285
n=20000, coeff=10, trial=1, GT MIS=10000, Greedy MIS=9715, |S|=10060, Oracle MIS=10000, Improvement=285
n=20000, coeff=10, trial=2, GT MIS=10000, Greedy MIS=9923, |S|=20000, Oracle MIS=9923, Improvement=0
n=20000, coeff=10, trial=2, GT MIS=10000, Greedy MIS=9923, |S|=20000, Oracle MIS=9923, Improvement=0
n=20000, coeff=10, trial=2, GT MIS=10000, Greedy MIS=9923, |S|=20000, Oracle MIS=9923, Improvement=0
n=20000, coeff=10, trial=2, GT MIS=10000, Greedy MIS=9923, |S|=19989, Oracle MIS=9912, Improvement=-11
n=20000, coeff=10, trial=2, GT MIS=10000, Greedy MIS=9923, |S|=19831, Oracle MIS=9653, Improvement=-270
n=20000, coeff=10, trial=2, GT MIS=10000, Greedy MIS=9923, |S|=18663, Oracle MIS=10000, Improvement=77
n=20000, coeff=10, trial=2, GT MIS=10000, Greedy MIS=9923, |S|=15547, Oracle MIS=10000, Improvement=77
n=20000, coeff=10, trial=2, GT MIS=10000, Greedy MIS=9923, |S|=12239, Oracle MIS=10000, Improvement=77
n=20000, coeff=10, trial=2, GT MIS=10000, Greedy MIS=9923, |S|=10531, Oracle MIS=10000, Improvement=77
n=20000, coeff=10, trial=2, GT MIS=10000, Greedy MIS=9923, |S|=10061, Oracle MIS=10000, Improvement=77
n=20000, coeff=10, trial=3, GT MIS=10000, Greedy MIS=9870, |S|=20000, Oracle MIS=9870, Improvement=0
n=20000, coeff=10, trial=3, GT MIS=10000, Greedy MIS=9870, |S|=20000, Oracle MIS=9870, Improvement=0
n=20000, coeff=10, trial=3, GT MIS=10000, Greedy MIS=9870, |S|=20000, Oracle MIS=9870, Improvement=0
n=20000, coeff=10, trial=3, GT MIS=10000, Greedy MIS=9870, |S|=19994, Oracle MIS=9864, Improvement=-6
n=20000, coeff=10, trial=3, GT MIS=10000, Greedy MIS=9870, |S|=19833, Oracle MIS=9920, Improvement=50
n=20000, coeff=10, trial=3, GT MIS=10000, Greedy MIS=9870, |S|=18725, Oracle MIS=10000, Improvement=130
n=20000, coeff=10, trial=3, GT MIS=10000, Greedy MIS=9870, |S|=15772, Oracle MIS=10000, Improvement=130
n=20000, coeff=10, trial=3, GT MIS=10000, Greedy MIS=9870, |S|=12305, Oracle MIS=10000, Improvement=130
n=20000, coeff=10, trial=3, GT MIS=10000, Greedy MIS=9870, |S|=10488, Oracle MIS=9999, Improvement=129
n=20000, coeff=10, trial=3, GT MIS=10000, Greedy MIS=9870, |S|=10051, Oracle MIS=10000, Improvement=130
n=20000, coeff=10, trial=4, GT MIS=10000, Greedy MIS=9901, |S|=20000, Oracle MIS=9901, Improvement=0
n=20000, coeff=10, trial=4, GT MIS=10000, Greedy MIS=9901, |S|=20000, Oracle MIS=9901, Improvement=0
n=20000, coeff=10, trial=4, GT MIS=10000, Greedy MIS=9901, |S|=20000, Oracle MIS=9901, Improvement=0
n=20000, coeff=10, trial=4, GT MIS=10000, Greedy MIS=9901, |S|=19992, Oracle MIS=9894, Improvement=-7
n=20000, coeff=10, trial=4, GT MIS=10000, Greedy MIS=9901, |S|=19839, Oracle MIS=9665, Improvement=-236
n=20000, coeff=10, trial=4, GT MIS=10000, Greedy MIS=9901, |S|=18699, Oracle MIS=10000, Improvement=99
n=20000, coeff=10, trial=4, GT MIS=10000, Greedy MIS=9901, |S|=15603, Oracle MIS=10000, Improvement=99
n=20000, coeff=10, trial=4, GT MIS=10000, Greedy MIS=9901, |S|=12219, Oracle MIS=10000, Improvement=99
n=20000, coeff=10, trial=4, GT MIS=10000, Greedy MIS=9901, |S|=10525, Oracle MIS=10000, Improvement=99
n=20000, coeff=10, trial=4, GT MIS=10000, Greedy MIS=9901, |S|=10070, Oracle MIS=10000, Improvement=99
Results saved to bipartite_experiment_results_epislons_20000.csv
