Running job on compute-0-54
Requested resources:
  - CPUs: 12
  - GPUs: 
  - Memory: 18000
Skipping n=45000, coeff=14.0, trial=0, epsilon=0.025 as entry already exists.
Skipping n=45000, coeff=14.0, trial=0, epsilon=0.05 as entry already exists.
Skipping n=45000, coeff=14.0, trial=0, epsilon=0.075 as entry already exists.
Skipping n=45000, coeff=14.0, trial=0, epsilon=0.1 as entry already exists.
Skipping n=45000, coeff=14.0, trial=0, epsilon=0.125 as entry already exists.
Skipping n=45000, coeff=14.0, trial=0, epsilon=0.15 as entry already exists.
Skipping n=45000, coeff=14.0, trial=0, epsilon=0.175 as entry already exists.
n=45000, coeff=14.0, trial=0, GT MIS=22500, Greedy MIS=22369, |S|=23573, Oracle MIS=22500, Improvement=131
n=45000, coeff=14.0, trial=0, GT MIS=22500, Greedy MIS=22369, |S|=22601, Oracle MIS=22500, Improvement=131
n=45000, coeff=14.0, trial=0, GT MIS=22500, Greedy MIS=22369, |S|=22505, Oracle MIS=22500, Improvement=131
n=45000, coeff=14.0, trial=1, GT MIS=22500, Greedy MIS=22100, |S|=45000, Oracle MIS=22100, Improvement=0
n=45000, coeff=14.0, trial=1, GT MIS=22500, Greedy MIS=22100, |S|=45000, Oracle MIS=22100, Improvement=0
n=45000, coeff=14.0, trial=1, GT MIS=22500, Greedy MIS=22100, |S|=45000, Oracle MIS=22100, Improvement=0
n=45000, coeff=14.0, trial=1, GT MIS=22500, Greedy MIS=22100, |S|=44961, Oracle MIS=22100, Improvement=0
n=45000, coeff=14.0, trial=1, GT MIS=22500, Greedy MIS=22100, |S|=43989, Oracle MIS=22373, Improvement=273
n=45000, coeff=14.0, trial=1, GT MIS=22500, Greedy MIS=22100, |S|=38438, Oracle MIS=22500, Improvement=400
n=45000, coeff=14.0, trial=1, GT MIS=22500, Greedy MIS=22100, |S|=29080, Oracle MIS=22500, Improvement=400
n=45000, coeff=14.0, trial=1, GT MIS=22500, Greedy MIS=22100, |S|=23663, Oracle MIS=22500, Improvement=400
n=45000, coeff=14.0, trial=1, GT MIS=22500, Greedy MIS=22100, |S|=22603, Oracle MIS=22500, Improvement=400
n=45000, coeff=14.0, trial=1, GT MIS=22500, Greedy MIS=22100, |S|=22500, Oracle MIS=22500, Improvement=400
n=45000, coeff=14.0, trial=2, GT MIS=22500, Greedy MIS=22280, |S|=45000, Oracle MIS=22280, Improvement=0
n=45000, coeff=14.0, trial=2, GT MIS=22500, Greedy MIS=22280, |S|=45000, Oracle MIS=22280, Improvement=0
n=45000, coeff=14.0, trial=2, GT MIS=22500, Greedy MIS=22280, |S|=45000, Oracle MIS=22280, Improvement=0
n=45000, coeff=14.0, trial=2, GT MIS=22500, Greedy MIS=22280, |S|=44964, Oracle MIS=22199, Improvement=-81
n=45000, coeff=14.0, trial=2, GT MIS=22500, Greedy MIS=22280, |S|=44045, Oracle MIS=22369, Improvement=89
n=45000, coeff=14.0, trial=2, GT MIS=22500, Greedy MIS=22280, |S|=38595, Oracle MIS=22500, Improvement=220
n=45000, coeff=14.0, trial=2, GT MIS=22500, Greedy MIS=22280, |S|=29225, Oracle MIS=22500, Improvement=220
n=45000, coeff=14.0, trial=2, GT MIS=22500, Greedy MIS=22280, |S|=23726, Oracle MIS=22500, Improvement=220
n=45000, coeff=14.0, trial=2, GT MIS=22500, Greedy MIS=22280, |S|=22597, Oracle MIS=22500, Improvement=220
n=45000, coeff=14.0, trial=2, GT MIS=22500, Greedy MIS=22280, |S|=22504, Oracle MIS=22500, Improvement=220
n=45000, coeff=14.0, trial=3, GT MIS=22500, Greedy MIS=22237, |S|=45000, Oracle MIS=22237, Improvement=0
n=45000, coeff=14.0, trial=3, GT MIS=22500, Greedy MIS=22237, |S|=45000, Oracle MIS=22237, Improvement=0
n=45000, coeff=14.0, trial=3, GT MIS=22500, Greedy MIS=22237, |S|=45000, Oracle MIS=22237, Improvement=0
n=45000, coeff=14.0, trial=3, GT MIS=22500, Greedy MIS=22237, |S|=44952, Oracle MIS=22099, Improvement=-138
n=45000, coeff=14.0, trial=3, GT MIS=22500, Greedy MIS=22237, |S|=44020, Oracle MIS=22416, Improvement=179
n=45000, coeff=14.0, trial=3, GT MIS=22500, Greedy MIS=22237, |S|=38644, Oracle MIS=22500, Improvement=263
n=45000, coeff=14.0, trial=3, GT MIS=22500, Greedy MIS=22237, |S|=29064, Oracle MIS=22500, Improvement=263
n=45000, coeff=14.0, trial=3, GT MIS=22500, Greedy MIS=22237, |S|=23677, Oracle MIS=22500, Improvement=263
n=45000, coeff=14.0, trial=3, GT MIS=22500, Greedy MIS=22237, |S|=22576, Oracle MIS=22500, Improvement=263
n=45000, coeff=14.0, trial=3, GT MIS=22500, Greedy MIS=22237, |S|=22504, Oracle MIS=22500, Improvement=263
n=45000, coeff=14.0, trial=4, GT MIS=22500, Greedy MIS=21920, |S|=45000, Oracle MIS=21920, Improvement=0
n=45000, coeff=14.0, trial=4, GT MIS=22500, Greedy MIS=21920, |S|=45000, Oracle MIS=21920, Improvement=0
n=45000, coeff=14.0, trial=4, GT MIS=22500, Greedy MIS=21920, |S|=45000, Oracle MIS=21920, Improvement=0
n=45000, coeff=14.0, trial=4, GT MIS=22500, Greedy MIS=21920, |S|=44952, Oracle MIS=21827, Improvement=-93
n=45000, coeff=14.0, trial=4, GT MIS=22500, Greedy MIS=21920, |S|=44003, Oracle MIS=22373, Improvement=453
n=45000, coeff=14.0, trial=4, GT MIS=22500, Greedy MIS=21920, |S|=38642, Oracle MIS=22500, Improvement=580
n=45000, coeff=14.0, trial=4, GT MIS=22500, Greedy MIS=21920, |S|=29381, Oracle MIS=22500, Improvement=580
n=45000, coeff=14.0, trial=4, GT MIS=22500, Greedy MIS=21920, |S|=23663, Oracle MIS=22500, Improvement=580
n=45000, coeff=14.0, trial=4, GT MIS=22500, Greedy MIS=21920, |S|=22573, Oracle MIS=22500, Improvement=580
n=45000, coeff=14.0, trial=4, GT MIS=22500, Greedy MIS=21920, |S|=22502, Oracle MIS=22500, Improvement=580
n=45000, coeff=14.0, trial=5, GT MIS=22500, Greedy MIS=22233, |S|=45000, Oracle MIS=22233, Improvement=0
n=45000, coeff=14.0, trial=5, GT MIS=22500, Greedy MIS=22233, |S|=45000, Oracle MIS=22233, Improvement=0
n=45000, coeff=14.0, trial=5, GT MIS=22500, Greedy MIS=22233, |S|=45000, Oracle MIS=22233, Improvement=0
n=45000, coeff=14.0, trial=5, GT MIS=22500, Greedy MIS=22233, |S|=44963, Oracle MIS=22233, Improvement=0
n=45000, coeff=14.0, trial=5, GT MIS=22500, Greedy MIS=22233, |S|=44092, Oracle MIS=22414, Improvement=181
n=45000, coeff=14.0, trial=5, GT MIS=22500, Greedy MIS=22233, |S|=38925, Oracle MIS=22500, Improvement=267
n=45000, coeff=14.0, trial=5, GT MIS=22500, Greedy MIS=22233, |S|=29464, Oracle MIS=22500, Improvement=267
n=45000, coeff=14.0, trial=5, GT MIS=22500, Greedy MIS=22233, |S|=23757, Oracle MIS=22500, Improvement=267
n=45000, coeff=14.0, trial=5, GT MIS=22500, Greedy MIS=22233, |S|=22593, Oracle MIS=22500, Improvement=267
n=45000, coeff=14.0, trial=5, GT MIS=22500, Greedy MIS=22233, |S|=22501, Oracle MIS=22499, Improvement=266
n=45000, coeff=14.0, trial=6, GT MIS=22500, Greedy MIS=22155, |S|=45000, Oracle MIS=22155, Improvement=0
n=45000, coeff=14.0, trial=6, GT MIS=22500, Greedy MIS=22155, |S|=45000, Oracle MIS=22155, Improvement=0
n=45000, coeff=14.0, trial=6, GT MIS=22500, Greedy MIS=22155, |S|=44998, Oracle MIS=22153, Improvement=-2
n=45000, coeff=14.0, trial=6, GT MIS=22500, Greedy MIS=22155, |S|=44947, Oracle MIS=22060, Improvement=-95
n=45000, coeff=14.0, trial=6, GT MIS=22500, Greedy MIS=22155, |S|=43876, Oracle MIS=22500, Improvement=345
n=45000, coeff=14.0, trial=6, GT MIS=22500, Greedy MIS=22155, |S|=37915, Oracle MIS=22500, Improvement=345
n=45000, coeff=14.0, trial=6, GT MIS=22500, Greedy MIS=22155, |S|=28509, Oracle MIS=22500, Improvement=345
n=45000, coeff=14.0, trial=6, GT MIS=22500, Greedy MIS=22155, |S|=23498, Oracle MIS=22500, Improvement=345
n=45000, coeff=14.0, trial=6, GT MIS=22500, Greedy MIS=22155, |S|=22562, Oracle MIS=22500, Improvement=345
n=45000, coeff=14.0, trial=6, GT MIS=22500, Greedy MIS=22155, |S|=22502, Oracle MIS=22500, Improvement=345
n=45000, coeff=14.0, trial=7, GT MIS=22500, Greedy MIS=22191, |S|=45000, Oracle MIS=22191, Improvement=0
n=45000, coeff=14.0, trial=7, GT MIS=22500, Greedy MIS=22191, |S|=45000, Oracle MIS=22191, Improvement=0
n=45000, coeff=14.0, trial=7, GT MIS=22500, Greedy MIS=22191, |S|=45000, Oracle MIS=22191, Improvement=0
n=45000, coeff=14.0, trial=7, GT MIS=22500, Greedy MIS=22191, |S|=44963, Oracle MIS=22191, Improvement=0
n=45000, coeff=14.0, trial=7, GT MIS=22500, Greedy MIS=22191, |S|=43835, Oracle MIS=22458, Improvement=267
n=45000, coeff=14.0, trial=7, GT MIS=22500, Greedy MIS=22191, |S|=38052, Oracle MIS=22500, Improvement=309
n=45000, coeff=14.0, trial=7, GT MIS=22500, Greedy MIS=22191, |S|=28623, Oracle MIS=22500, Improvement=309
n=45000, coeff=14.0, trial=7, GT MIS=22500, Greedy MIS=22191, |S|=23562, Oracle MIS=22500, Improvement=309
n=45000, coeff=14.0, trial=7, GT MIS=22500, Greedy MIS=22191, |S|=22563, Oracle MIS=22500, Improvement=309
n=45000, coeff=14.0, trial=7, GT MIS=22500, Greedy MIS=22191, |S|=22502, Oracle MIS=22500, Improvement=309
n=45000, coeff=14.0, trial=8, GT MIS=22500, Greedy MIS=21604, |S|=45000, Oracle MIS=21604, Improvement=0
n=45000, coeff=14.0, trial=8, GT MIS=22500, Greedy MIS=21604, |S|=45000, Oracle MIS=21604, Improvement=0
n=45000, coeff=14.0, trial=8, GT MIS=22500, Greedy MIS=21604, |S|=45000, Oracle MIS=21604, Improvement=0
n=45000, coeff=14.0, trial=8, GT MIS=22500, Greedy MIS=21604, |S|=44950, Oracle MIS=21558, Improvement=-46
n=45000, coeff=14.0, trial=8, GT MIS=22500, Greedy MIS=21604, |S|=43943, Oracle MIS=22459, Improvement=855
n=45000, coeff=14.0, trial=8, GT MIS=22500, Greedy MIS=21604, |S|=38082, Oracle MIS=22500, Improvement=896
n=45000, coeff=14.0, trial=8, GT MIS=22500, Greedy MIS=21604, |S|=28761, Oracle MIS=22500, Improvement=896
n=45000, coeff=14.0, trial=8, GT MIS=22500, Greedy MIS=21604, |S|=23577, Oracle MIS=22500, Improvement=896
n=45000, coeff=14.0, trial=8, GT MIS=22500, Greedy MIS=21604, |S|=22576, Oracle MIS=22500, Improvement=896
n=45000, coeff=14.0, trial=8, GT MIS=22500, Greedy MIS=21604, |S|=22503, Oracle MIS=22500, Improvement=896
n=45000, coeff=14.0, trial=9, GT MIS=22500, Greedy MIS=22145, |S|=45000, Oracle MIS=22145, Improvement=0
n=45000, coeff=14.0, trial=9, GT MIS=22500, Greedy MIS=22145, |S|=45000, Oracle MIS=22145, Improvement=0
n=45000, coeff=14.0, trial=9, GT MIS=22500, Greedy MIS=22145, |S|=45000, Oracle MIS=22145, Improvement=0
n=45000, coeff=14.0, trial=9, GT MIS=22500, Greedy MIS=22145, |S|=44942, Oracle MIS=22145, Improvement=0
n=45000, coeff=14.0, trial=9, GT MIS=22500, Greedy MIS=22145, |S|=43848, Oracle MIS=22375, Improvement=230
n=45000, coeff=14.0, trial=9, GT MIS=22500, Greedy MIS=22145, |S|=37882, Oracle MIS=22500, Improvement=355
n=45000, coeff=14.0, trial=9, GT MIS=22500, Greedy MIS=22145, |S|=28596, Oracle MIS=22500, Improvement=355
n=45000, coeff=14.0, trial=9, GT MIS=22500, Greedy MIS=22145, |S|=23521, Oracle MIS=22500, Improvement=355
n=45000, coeff=14.0, trial=9, GT MIS=22500, Greedy MIS=22145, |S|=22579, Oracle MIS=22500, Improvement=355
n=45000, coeff=14.0, trial=9, GT MIS=22500, Greedy MIS=22145, |S|=22503, Oracle MIS=22500, Improvement=355
Results saved to bipartite_experiment_results_epislons_45000.csv
