Running job on compute-3-04
Requested resources:
  - CPUs: 12
  - GPUs: 
  - Memory: 18000
n=50000, coeff=50.0, trial=0, GT MIS=25000, Greedy MIS=24585, |S|=50000, Oracle MIS=24585, Improvement=0
n=50000, coeff=50.0, trial=0, GT MIS=25000, Greedy MIS=24585, |S|=50000, Oracle MIS=24585, Improvement=0
n=50000, coeff=50.0, trial=0, GT MIS=25000, Greedy MIS=24585, |S|=49967, Oracle MIS=25000, Improvement=415
n=50000, coeff=50.0, trial=0, GT MIS=25000, Greedy MIS=24585, |S|=45594, Oracle MIS=25000, Improvement=415
n=50000, coeff=50.0, trial=0, GT MIS=25000, Greedy MIS=24585, |S|=28652, Oracle MIS=25000, Improvement=415
n=50000, coeff=50.0, trial=0, GT MIS=25000, Greedy MIS=24585, |S|=25031, Oracle MIS=25000, Improvement=415
n=50000, coeff=50.0, trial=0, GT MIS=25000, Greedy MIS=24585, |S|=25000, Oracle MIS=25000, Improvement=415
n=50000, coeff=50.0, trial=0, GT MIS=25000, Greedy MIS=24585, |S|=25000, Oracle MIS=25000, Improvement=415
n=50000, coeff=50.0, trial=0, GT MIS=25000, Greedy MIS=24585, |S|=25000, Oracle MIS=25000, Improvement=415
n=50000, coeff=50.0, trial=0, GT MIS=25000, Greedy MIS=24585, |S|=25000, Oracle MIS=25000, Improvement=415
n=50000, coeff=50.0, trial=1, GT MIS=25000, Greedy MIS=25000, |S|=50000, Oracle MIS=25000, Improvement=0
n=50000, coeff=50.0, trial=1, GT MIS=25000, Greedy MIS=25000, |S|=50000, Oracle MIS=25000, Improvement=0
n=50000, coeff=50.0, trial=1, GT MIS=25000, Greedy MIS=25000, |S|=49967, Oracle MIS=24967, Improvement=-33
n=50000, coeff=50.0, trial=1, GT MIS=25000, Greedy MIS=25000, |S|=46208, Oracle MIS=25000, Improvement=0
n=50000, coeff=50.0, trial=1, GT MIS=25000, Greedy MIS=25000, |S|=29339, Oracle MIS=25000, Improvement=0
n=50000, coeff=50.0, trial=1, GT MIS=25000, Greedy MIS=25000, |S|=25042, Oracle MIS=25000, Improvement=0
n=50000, coeff=50.0, trial=1, GT MIS=25000, Greedy MIS=25000, |S|=25000, Oracle MIS=25000, Improvement=0
n=50000, coeff=50.0, trial=1, GT MIS=25000, Greedy MIS=25000, |S|=25000, Oracle MIS=25000, Improvement=0
n=50000, coeff=50.0, trial=1, GT MIS=25000, Greedy MIS=25000, |S|=25000, Oracle MIS=25000, Improvement=0
n=50000, coeff=50.0, trial=1, GT MIS=25000, Greedy MIS=25000, |S|=25000, Oracle MIS=25000, Improvement=0
n=50000, coeff=50.0, trial=2, GT MIS=25000, Greedy MIS=25000, |S|=50000, Oracle MIS=25000, Improvement=0
n=50000, coeff=50.0, trial=2, GT MIS=25000, Greedy MIS=25000, |S|=50000, Oracle MIS=25000, Improvement=0
n=50000, coeff=50.0, trial=2, GT MIS=25000, Greedy MIS=25000, |S|=49939, Oracle MIS=25000, Improvement=0
n=50000, coeff=50.0, trial=2, GT MIS=25000, Greedy MIS=25000, |S|=45009, Oracle MIS=25000, Improvement=0
n=50000, coeff=50.0, trial=2, GT MIS=25000, Greedy MIS=25000, |S|=28387, Oracle MIS=25000, Improvement=0
n=50000, coeff=50.0, trial=2, GT MIS=25000, Greedy MIS=25000, |S|=25036, Oracle MIS=25000, Improvement=0
n=50000, coeff=50.0, trial=2, GT MIS=25000, Greedy MIS=25000, |S|=25000, Oracle MIS=25000, Improvement=0
n=50000, coeff=50.0, trial=2, GT MIS=25000, Greedy MIS=25000, |S|=25000, Oracle MIS=25000, Improvement=0
n=50000, coeff=50.0, trial=2, GT MIS=25000, Greedy MIS=25000, |S|=25000, Oracle MIS=25000, Improvement=0
n=50000, coeff=50.0, trial=2, GT MIS=25000, Greedy MIS=25000, |S|=25000, Oracle MIS=25000, Improvement=0
n=50000, coeff=50.0, trial=3, GT MIS=25000, Greedy MIS=25000, |S|=50000, Oracle MIS=25000, Improvement=0
n=50000, coeff=50.0, trial=3, GT MIS=25000, Greedy MIS=25000, |S|=50000, Oracle MIS=25000, Improvement=0
n=50000, coeff=50.0, trial=3, GT MIS=25000, Greedy MIS=25000, |S|=49969, Oracle MIS=25000, Improvement=0
n=50000, coeff=50.0, trial=3, GT MIS=25000, Greedy MIS=25000, |S|=45553, Oracle MIS=25000, Improvement=0
n=50000, coeff=50.0, trial=3, GT MIS=25000, Greedy MIS=25000, |S|=28648, Oracle MIS=25000, Improvement=0
n=50000, coeff=50.0, trial=3, GT MIS=25000, Greedy MIS=25000, |S|=25027, Oracle MIS=25000, Improvement=0
n=50000, coeff=50.0, trial=3, GT MIS=25000, Greedy MIS=25000, |S|=25000, Oracle MIS=25000, Improvement=0
n=50000, coeff=50.0, trial=3, GT MIS=25000, Greedy MIS=25000, |S|=25000, Oracle MIS=25000, Improvement=0
n=50000, coeff=50.0, trial=3, GT MIS=25000, Greedy MIS=25000, |S|=25000, Oracle MIS=25000, Improvement=0
n=50000, coeff=50.0, trial=3, GT MIS=25000, Greedy MIS=25000, |S|=25000, Oracle MIS=25000, Improvement=0
n=50000, coeff=50.0, trial=4, GT MIS=25000, Greedy MIS=25000, |S|=50000, Oracle MIS=25000, Improvement=0
n=50000, coeff=50.0, trial=4, GT MIS=25000, Greedy MIS=25000, |S|=50000, Oracle MIS=25000, Improvement=0
n=50000, coeff=50.0, trial=4, GT MIS=25000, Greedy MIS=25000, |S|=49979, Oracle MIS=25000, Improvement=0
n=50000, coeff=50.0, trial=4, GT MIS=25000, Greedy MIS=25000, |S|=46530, Oracle MIS=25000, Improvement=0
n=50000, coeff=50.0, trial=4, GT MIS=25000, Greedy MIS=25000, |S|=29241, Oracle MIS=25000, Improvement=0
n=50000, coeff=50.0, trial=4, GT MIS=25000, Greedy MIS=25000, |S|=25057, Oracle MIS=25000, Improvement=0
n=50000, coeff=50.0, trial=4, GT MIS=25000, Greedy MIS=25000, |S|=25000, Oracle MIS=25000, Improvement=0
n=50000, coeff=50.0, trial=4, GT MIS=25000, Greedy MIS=25000, |S|=25000, Oracle MIS=25000, Improvement=0
n=50000, coeff=50.0, trial=4, GT MIS=25000, Greedy MIS=25000, |S|=25000, Oracle MIS=25000, Improvement=0
n=50000, coeff=50.0, trial=4, GT MIS=25000, Greedy MIS=25000, |S|=25000, Oracle MIS=25000, Improvement=0
n=50000, coeff=50.0, trial=5, GT MIS=25000, Greedy MIS=25000, |S|=50000, Oracle MIS=25000, Improvement=0
n=50000, coeff=50.0, trial=5, GT MIS=25000, Greedy MIS=25000, |S|=50000, Oracle MIS=25000, Improvement=0
n=50000, coeff=50.0, trial=5, GT MIS=25000, Greedy MIS=25000, |S|=49959, Oracle MIS=25000, Improvement=0
n=50000, coeff=50.0, trial=5, GT MIS=25000, Greedy MIS=25000, |S|=44635, Oracle MIS=25000, Improvement=0
n=50000, coeff=50.0, trial=5, GT MIS=25000, Greedy MIS=25000, |S|=27789, Oracle MIS=25000, Improvement=0
n=50000, coeff=50.0, trial=5, GT MIS=25000, Greedy MIS=25000, |S|=25021, Oracle MIS=25000, Improvement=0
n=50000, coeff=50.0, trial=5, GT MIS=25000, Greedy MIS=25000, |S|=25000, Oracle MIS=25000, Improvement=0
n=50000, coeff=50.0, trial=5, GT MIS=25000, Greedy MIS=25000, |S|=25000, Oracle MIS=25000, Improvement=0
n=50000, coeff=50.0, trial=5, GT MIS=25000, Greedy MIS=25000, |S|=25000, Oracle MIS=25000, Improvement=0
n=50000, coeff=50.0, trial=5, GT MIS=25000, Greedy MIS=25000, |S|=25000, Oracle MIS=25000, Improvement=0
n=50000, coeff=50.0, trial=6, GT MIS=25000, Greedy MIS=25000, |S|=50000, Oracle MIS=25000, Improvement=0
n=50000, coeff=50.0, trial=6, GT MIS=25000, Greedy MIS=25000, |S|=50000, Oracle MIS=25000, Improvement=0
n=50000, coeff=50.0, trial=6, GT MIS=25000, Greedy MIS=25000, |S|=49968, Oracle MIS=24968, Improvement=-32
n=50000, coeff=50.0, trial=6, GT MIS=25000, Greedy MIS=25000, |S|=45803, Oracle MIS=25000, Improvement=0
n=50000, coeff=50.0, trial=6, GT MIS=25000, Greedy MIS=25000, |S|=28783, Oracle MIS=25000, Improvement=0
n=50000, coeff=50.0, trial=6, GT MIS=25000, Greedy MIS=25000, |S|=25042, Oracle MIS=25000, Improvement=0
n=50000, coeff=50.0, trial=6, GT MIS=25000, Greedy MIS=25000, |S|=25000, Oracle MIS=25000, Improvement=0
n=50000, coeff=50.0, trial=6, GT MIS=25000, Greedy MIS=25000, |S|=25000, Oracle MIS=25000, Improvement=0
n=50000, coeff=50.0, trial=6, GT MIS=25000, Greedy MIS=25000, |S|=25000, Oracle MIS=25000, Improvement=0
n=50000, coeff=50.0, trial=6, GT MIS=25000, Greedy MIS=25000, |S|=25000, Oracle MIS=25000, Improvement=0
n=50000, coeff=50.0, trial=7, GT MIS=25000, Greedy MIS=24377, |S|=50000, Oracle MIS=24377, Improvement=0
n=50000, coeff=50.0, trial=7, GT MIS=25000, Greedy MIS=24377, |S|=50000, Oracle MIS=24377, Improvement=0
n=50000, coeff=50.0, trial=7, GT MIS=25000, Greedy MIS=24377, |S|=49936, Oracle MIS=25000, Improvement=623
n=50000, coeff=50.0, trial=7, GT MIS=25000, Greedy MIS=24377, |S|=44851, Oracle MIS=25000, Improvement=623
n=50000, coeff=50.0, trial=7, GT MIS=25000, Greedy MIS=24377, |S|=28263, Oracle MIS=25000, Improvement=623
n=50000, coeff=50.0, trial=7, GT MIS=25000, Greedy MIS=24377, |S|=25037, Oracle MIS=25000, Improvement=623
n=50000, coeff=50.0, trial=7, GT MIS=25000, Greedy MIS=24377, |S|=25000, Oracle MIS=25000, Improvement=623
n=50000, coeff=50.0, trial=7, GT MIS=25000, Greedy MIS=24377, |S|=25000, Oracle MIS=25000, Improvement=623
n=50000, coeff=50.0, trial=7, GT MIS=25000, Greedy MIS=24377, |S|=25000, Oracle MIS=25000, Improvement=623
n=50000, coeff=50.0, trial=7, GT MIS=25000, Greedy MIS=24377, |S|=25000, Oracle MIS=25000, Improvement=623
n=50000, coeff=50.0, trial=8, GT MIS=25000, Greedy MIS=24790, |S|=50000, Oracle MIS=24790, Improvement=0
n=50000, coeff=50.0, trial=8, GT MIS=25000, Greedy MIS=24790, |S|=50000, Oracle MIS=24790, Improvement=0
n=50000, coeff=50.0, trial=8, GT MIS=25000, Greedy MIS=24790, |S|=49966, Oracle MIS=25000, Improvement=210
n=50000, coeff=50.0, trial=8, GT MIS=25000, Greedy MIS=24790, |S|=46224, Oracle MIS=25000, Improvement=210
n=50000, coeff=50.0, trial=8, GT MIS=25000, Greedy MIS=24790, |S|=29184, Oracle MIS=25000, Improvement=210
n=50000, coeff=50.0, trial=8, GT MIS=25000, Greedy MIS=24790, |S|=25067, Oracle MIS=25000, Improvement=210
n=50000, coeff=50.0, trial=8, GT MIS=25000, Greedy MIS=24790, |S|=25000, Oracle MIS=25000, Improvement=210
n=50000, coeff=50.0, trial=8, GT MIS=25000, Greedy MIS=24790, |S|=25000, Oracle MIS=25000, Improvement=210
n=50000, coeff=50.0, trial=8, GT MIS=25000, Greedy MIS=24790, |S|=25000, Oracle MIS=25000, Improvement=210
n=50000, coeff=50.0, trial=8, GT MIS=25000, Greedy MIS=24790, |S|=25000, Oracle MIS=25000, Improvement=210
n=50000, coeff=50.0, trial=9, GT MIS=25000, Greedy MIS=25000, |S|=50000, Oracle MIS=25000, Improvement=0
n=50000, coeff=50.0, trial=9, GT MIS=25000, Greedy MIS=25000, |S|=50000, Oracle MIS=25000, Improvement=0
n=50000, coeff=50.0, trial=9, GT MIS=25000, Greedy MIS=25000, |S|=49965, Oracle MIS=25000, Improvement=0
n=50000, coeff=50.0, trial=9, GT MIS=25000, Greedy MIS=25000, |S|=45916, Oracle MIS=25000, Improvement=0
n=50000, coeff=50.0, trial=9, GT MIS=25000, Greedy MIS=25000, |S|=28751, Oracle MIS=25000, Improvement=0
n=50000, coeff=50.0, trial=9, GT MIS=25000, Greedy MIS=25000, |S|=25037, Oracle MIS=25000, Improvement=0
n=50000, coeff=50.0, trial=9, GT MIS=25000, Greedy MIS=25000, |S|=25000, Oracle MIS=25000, Improvement=0
n=50000, coeff=50.0, trial=9, GT MIS=25000, Greedy MIS=25000, |S|=25000, Oracle MIS=25000, Improvement=0
n=50000, coeff=50.0, trial=9, GT MIS=25000, Greedy MIS=25000, |S|=25000, Oracle MIS=25000, Improvement=0
n=50000, coeff=50.0, trial=9, GT MIS=25000, Greedy MIS=25000, |S|=25000, Oracle MIS=25000, Improvement=0
Results saved to bipartite_experiment_results_epislons_50000.csv
