Running job on compute-0-01
Requested resources:
  - CPUs: 18
  - GPUs: 
  - Memory: 18000
n=65000, coeff=13.0, trial=0, GT MIS=32500, Greedy MIS=31892, |S|=65000, Oracle MIS=31892, Improvement=0
n=65000, coeff=13.0, trial=0, GT MIS=32500, Greedy MIS=31892, |S|=65000, Oracle MIS=31892, Improvement=0
n=65000, coeff=13.0, trial=0, GT MIS=32500, Greedy MIS=31892, |S|=65000, Oracle MIS=31892, Improvement=0
n=65000, coeff=13.0, trial=0, GT MIS=32500, Greedy MIS=31892, |S|=64943, Oracle MIS=31892, Improvement=0
n=65000, coeff=13.0, trial=0, GT MIS=32500, Greedy MIS=31892, |S|=63820, Oracle MIS=32459, Improvement=567
n=65000, coeff=13.0, trial=0, GT MIS=32500, Greedy MIS=31892, |S|=56742, Oracle MIS=32500, Improvement=608
n=65000, coeff=13.0, trial=0, GT MIS=32500, Greedy MIS=31892, |S|=42845, Oracle MIS=32500, Improvement=608
n=65000, coeff=13.0, trial=0, GT MIS=32500, Greedy MIS=31892, |S|=34553, Oracle MIS=32500, Improvement=608
n=65000, coeff=13.0, trial=0, GT MIS=32500, Greedy MIS=31892, |S|=32678, Oracle MIS=32500, Improvement=608
n=65000, coeff=13.0, trial=0, GT MIS=32500, Greedy MIS=31892, |S|=32506, Oracle MIS=32500, Improvement=608
n=65000, coeff=13.0, trial=1, GT MIS=32500, Greedy MIS=31618, |S|=65000, Oracle MIS=31618, Improvement=0
n=65000, coeff=13.0, trial=1, GT MIS=32500, Greedy MIS=31618, |S|=65000, Oracle MIS=31618, Improvement=0
n=65000, coeff=13.0, trial=1, GT MIS=32500, Greedy MIS=31618, |S|=65000, Oracle MIS=31618, Improvement=0
n=65000, coeff=13.0, trial=1, GT MIS=32500, Greedy MIS=31618, |S|=64964, Oracle MIS=31453, Improvement=-165
n=65000, coeff=13.0, trial=1, GT MIS=32500, Greedy MIS=31618, |S|=63869, Oracle MIS=32377, Improvement=759
n=65000, coeff=13.0, trial=1, GT MIS=32500, Greedy MIS=31618, |S|=57071, Oracle MIS=32500, Improvement=882
n=65000, coeff=13.0, trial=1, GT MIS=32500, Greedy MIS=31618, |S|=43299, Oracle MIS=32500, Improvement=882
n=65000, coeff=13.0, trial=1, GT MIS=32500, Greedy MIS=31618, |S|=34748, Oracle MIS=32500, Improvement=882
n=65000, coeff=13.0, trial=1, GT MIS=32500, Greedy MIS=31618, |S|=32711, Oracle MIS=32500, Improvement=882
n=65000, coeff=13.0, trial=1, GT MIS=32500, Greedy MIS=31618, |S|=32509, Oracle MIS=32500, Improvement=882
n=65000, coeff=13.0, trial=2, GT MIS=32500, Greedy MIS=32333, |S|=65000, Oracle MIS=32333, Improvement=0
n=65000, coeff=13.0, trial=2, GT MIS=32500, Greedy MIS=32333, |S|=65000, Oracle MIS=32333, Improvement=0
n=65000, coeff=13.0, trial=2, GT MIS=32500, Greedy MIS=32333, |S|=64999, Oracle MIS=32332, Improvement=-1
n=65000, coeff=13.0, trial=2, GT MIS=32500, Greedy MIS=32333, |S|=64942, Oracle MIS=32276, Improvement=-57
n=65000, coeff=13.0, trial=2, GT MIS=32500, Greedy MIS=32333, |S|=63768, Oracle MIS=32291, Improvement=-42
n=65000, coeff=13.0, trial=2, GT MIS=32500, Greedy MIS=32333, |S|=56485, Oracle MIS=32500, Improvement=167
n=65000, coeff=13.0, trial=2, GT MIS=32500, Greedy MIS=32333, |S|=42895, Oracle MIS=32500, Improvement=167
n=65000, coeff=13.0, trial=2, GT MIS=32500, Greedy MIS=32333, |S|=34548, Oracle MIS=32500, Improvement=167
n=65000, coeff=13.0, trial=2, GT MIS=32500, Greedy MIS=32333, |S|=32678, Oracle MIS=32500, Improvement=167
n=65000, coeff=13.0, trial=2, GT MIS=32500, Greedy MIS=32333, |S|=32511, Oracle MIS=32500, Improvement=167
n=65000, coeff=13.0, trial=3, GT MIS=32500, Greedy MIS=32123, |S|=65000, Oracle MIS=32123, Improvement=0
n=65000, coeff=13.0, trial=3, GT MIS=32500, Greedy MIS=32123, |S|=65000, Oracle MIS=32123, Improvement=0
n=65000, coeff=13.0, trial=3, GT MIS=32500, Greedy MIS=32123, |S|=65000, Oracle MIS=32123, Improvement=0
n=65000, coeff=13.0, trial=3, GT MIS=32500, Greedy MIS=32123, |S|=64961, Oracle MIS=32085, Improvement=-38
n=65000, coeff=13.0, trial=3, GT MIS=32500, Greedy MIS=32123, |S|=63863, Oracle MIS=32214, Improvement=91
n=65000, coeff=13.0, trial=3, GT MIS=32500, Greedy MIS=32123, |S|=56839, Oracle MIS=32500, Improvement=377
n=65000, coeff=13.0, trial=3, GT MIS=32500, Greedy MIS=32123, |S|=43154, Oracle MIS=32500, Improvement=377
n=65000, coeff=13.0, trial=3, GT MIS=32500, Greedy MIS=32123, |S|=34699, Oracle MIS=32500, Improvement=377
n=65000, coeff=13.0, trial=3, GT MIS=32500, Greedy MIS=32123, |S|=32703, Oracle MIS=32500, Improvement=377
n=65000, coeff=13.0, trial=3, GT MIS=32500, Greedy MIS=32123, |S|=32511, Oracle MIS=32500, Improvement=377
n=65000, coeff=13.0, trial=4, GT MIS=32500, Greedy MIS=32122, |S|=65000, Oracle MIS=32122, Improvement=0
n=65000, coeff=13.0, trial=4, GT MIS=32500, Greedy MIS=32122, |S|=65000, Oracle MIS=32122, Improvement=0
n=65000, coeff=13.0, trial=4, GT MIS=32500, Greedy MIS=32122, |S|=64999, Oracle MIS=32121, Improvement=-1
n=65000, coeff=13.0, trial=4, GT MIS=32500, Greedy MIS=32122, |S|=64945, Oracle MIS=32025, Improvement=-97
n=65000, coeff=13.0, trial=4, GT MIS=32500, Greedy MIS=32122, |S|=63675, Oracle MIS=32423, Improvement=301
n=65000, coeff=13.0, trial=4, GT MIS=32500, Greedy MIS=32122, |S|=56365, Oracle MIS=32500, Improvement=378
n=65000, coeff=13.0, trial=4, GT MIS=32500, Greedy MIS=32122, |S|=42697, Oracle MIS=32500, Improvement=378
n=65000, coeff=13.0, trial=4, GT MIS=32500, Greedy MIS=32122, |S|=34550, Oracle MIS=32500, Improvement=378
n=65000, coeff=13.0, trial=4, GT MIS=32500, Greedy MIS=32122, |S|=32682, Oracle MIS=32500, Improvement=378
n=65000, coeff=13.0, trial=4, GT MIS=32500, Greedy MIS=32122, |S|=32506, Oracle MIS=32500, Improvement=378
n=65000, coeff=13.0, trial=5, GT MIS=32500, Greedy MIS=32248, |S|=65000, Oracle MIS=32248, Improvement=0
n=65000, coeff=13.0, trial=5, GT MIS=32500, Greedy MIS=32248, |S|=65000, Oracle MIS=32248, Improvement=0
n=65000, coeff=13.0, trial=5, GT MIS=32500, Greedy MIS=32248, |S|=65000, Oracle MIS=32248, Improvement=0
n=65000, coeff=13.0, trial=5, GT MIS=32500, Greedy MIS=32248, |S|=64970, Oracle MIS=32004, Improvement=-244
n=65000, coeff=13.0, trial=5, GT MIS=32500, Greedy MIS=32248, |S|=63959, Oracle MIS=32168, Improvement=-80
n=65000, coeff=13.0, trial=5, GT MIS=32500, Greedy MIS=32248, |S|=57263, Oracle MIS=32500, Improvement=252
n=65000, coeff=13.0, trial=5, GT MIS=32500, Greedy MIS=32248, |S|=43497, Oracle MIS=32500, Improvement=252
n=65000, coeff=13.0, trial=5, GT MIS=32500, Greedy MIS=32248, |S|=34775, Oracle MIS=32500, Improvement=252
n=65000, coeff=13.0, trial=5, GT MIS=32500, Greedy MIS=32248, |S|=32689, Oracle MIS=32500, Improvement=252
n=65000, coeff=13.0, trial=5, GT MIS=32500, Greedy MIS=32248, |S|=32512, Oracle MIS=32500, Improvement=252
n=65000, coeff=13.0, trial=6, GT MIS=32500, Greedy MIS=32181, |S|=65000, Oracle MIS=32181, Improvement=0
n=65000, coeff=13.0, trial=6, GT MIS=32500, Greedy MIS=32181, |S|=65000, Oracle MIS=32181, Improvement=0
n=65000, coeff=13.0, trial=6, GT MIS=32500, Greedy MIS=32181, |S|=65000, Oracle MIS=32181, Improvement=0
n=65000, coeff=13.0, trial=6, GT MIS=32500, Greedy MIS=32181, |S|=64952, Oracle MIS=32133, Improvement=-48
n=65000, coeff=13.0, trial=6, GT MIS=32500, Greedy MIS=32181, |S|=63713, Oracle MIS=32299, Improvement=118
n=65000, coeff=13.0, trial=6, GT MIS=32500, Greedy MIS=32181, |S|=56314, Oracle MIS=32500, Improvement=319
n=65000, coeff=13.0, trial=6, GT MIS=32500, Greedy MIS=32181, |S|=42628, Oracle MIS=32500, Improvement=319
n=65000, coeff=13.0, trial=6, GT MIS=32500, Greedy MIS=32181, |S|=34431, Oracle MIS=32500, Improvement=319
n=65000, coeff=13.0, trial=6, GT MIS=32500, Greedy MIS=32181, |S|=32648, Oracle MIS=32500, Improvement=319
n=65000, coeff=13.0, trial=6, GT MIS=32500, Greedy MIS=32181, |S|=32505, Oracle MIS=32500, Improvement=319
n=65000, coeff=13.0, trial=7, GT MIS=32500, Greedy MIS=31102, |S|=65000, Oracle MIS=31102, Improvement=0
n=65000, coeff=13.0, trial=7, GT MIS=32500, Greedy MIS=31102, |S|=65000, Oracle MIS=31102, Improvement=0
n=65000, coeff=13.0, trial=7, GT MIS=32500, Greedy MIS=31102, |S|=65000, Oracle MIS=31102, Improvement=0
n=65000, coeff=13.0, trial=7, GT MIS=32500, Greedy MIS=31102, |S|=64957, Oracle MIS=31994, Improvement=892
n=65000, coeff=13.0, trial=7, GT MIS=32500, Greedy MIS=31102, |S|=63742, Oracle MIS=32418, Improvement=1316
n=65000, coeff=13.0, trial=7, GT MIS=32500, Greedy MIS=31102, |S|=56637, Oracle MIS=32500, Improvement=1398
n=65000, coeff=13.0, trial=7, GT MIS=32500, Greedy MIS=31102, |S|=42766, Oracle MIS=32500, Improvement=1398
n=65000, coeff=13.0, trial=7, GT MIS=32500, Greedy MIS=31102, |S|=34558, Oracle MIS=32500, Improvement=1398
n=65000, coeff=13.0, trial=7, GT MIS=32500, Greedy MIS=31102, |S|=32703, Oracle MIS=32500, Improvement=1398
n=65000, coeff=13.0, trial=7, GT MIS=32500, Greedy MIS=31102, |S|=32507, Oracle MIS=32500, Improvement=1398
n=65000, coeff=13.0, trial=8, GT MIS=32500, Greedy MIS=31657, |S|=65000, Oracle MIS=31657, Improvement=0
n=65000, coeff=13.0, trial=8, GT MIS=32500, Greedy MIS=31657, |S|=65000, Oracle MIS=31657, Improvement=0
n=65000, coeff=13.0, trial=8, GT MIS=32500, Greedy MIS=31657, |S|=64999, Oracle MIS=31441, Improvement=-216
n=65000, coeff=13.0, trial=8, GT MIS=32500, Greedy MIS=31657, |S|=64944, Oracle MIS=31392, Improvement=-265
n=65000, coeff=13.0, trial=8, GT MIS=32500, Greedy MIS=31657, |S|=63715, Oracle MIS=32303, Improvement=646
n=65000, coeff=13.0, trial=8, GT MIS=32500, Greedy MIS=31657, |S|=56463, Oracle MIS=32500, Improvement=843
n=65000, coeff=13.0, trial=8, GT MIS=32500, Greedy MIS=31657, |S|=42801, Oracle MIS=32500, Improvement=843
n=65000, coeff=13.0, trial=8, GT MIS=32500, Greedy MIS=31657, |S|=34588, Oracle MIS=32500, Improvement=843
n=65000, coeff=13.0, trial=8, GT MIS=32500, Greedy MIS=31657, |S|=32689, Oracle MIS=32499, Improvement=842
n=65000, coeff=13.0, trial=8, GT MIS=32500, Greedy MIS=31657, |S|=32502, Oracle MIS=32498, Improvement=841
n=65000, coeff=13.0, trial=9, GT MIS=32500, Greedy MIS=31780, |S|=65000, Oracle MIS=31780, Improvement=0
n=65000, coeff=13.0, trial=9, GT MIS=32500, Greedy MIS=31780, |S|=65000, Oracle MIS=31780, Improvement=0
n=65000, coeff=13.0, trial=9, GT MIS=32500, Greedy MIS=31780, |S|=65000, Oracle MIS=31780, Improvement=0
n=65000, coeff=13.0, trial=9, GT MIS=32500, Greedy MIS=31780, |S|=64942, Oracle MIS=31780, Improvement=0
n=65000, coeff=13.0, trial=9, GT MIS=32500, Greedy MIS=31780, |S|=63656, Oracle MIS=32459, Improvement=679
n=65000, coeff=13.0, trial=9, GT MIS=32500, Greedy MIS=31780, |S|=56105, Oracle MIS=32500, Improvement=720
n=65000, coeff=13.0, trial=9, GT MIS=32500, Greedy MIS=31780, |S|=42318, Oracle MIS=32500, Improvement=720
n=65000, coeff=13.0, trial=9, GT MIS=32500, Greedy MIS=31780, |S|=34326, Oracle MIS=32500, Improvement=720
n=65000, coeff=13.0, trial=9, GT MIS=32500, Greedy MIS=31780, |S|=32664, Oracle MIS=32500, Improvement=720
n=65000, coeff=13.0, trial=9, GT MIS=32500, Greedy MIS=31780, |S|=32507, Oracle MIS=32500, Improvement=720
Results saved to bipartite_experiment_results_epislons_65000.csv
