Running job on compute-0-40
Requested resources:
  - CPUs: 18
  - GPUs: 
  - Memory: 18000
n=60000, coeff=7.0, trial=0, GT MIS=30000, Greedy MIS=29117, |S|=60000, Oracle MIS=29117, Improvement=0
n=60000, coeff=7.0, trial=0, GT MIS=30000, Greedy MIS=29117, |S|=60000, Oracle MIS=29117, Improvement=0
n=60000, coeff=7.0, trial=0, GT MIS=30000, Greedy MIS=29117, |S|=60000, Oracle MIS=29117, Improvement=0
n=60000, coeff=7.0, trial=0, GT MIS=30000, Greedy MIS=29117, |S|=59979, Oracle MIS=29096, Improvement=-21
n=60000, coeff=7.0, trial=0, GT MIS=30000, Greedy MIS=29117, |S|=59639, Oracle MIS=29528, Improvement=411
n=60000, coeff=7.0, trial=0, GT MIS=30000, Greedy MIS=29117, |S|=57582, Oracle MIS=29938, Improvement=821
n=60000, coeff=7.0, trial=0, GT MIS=30000, Greedy MIS=29117, |S|=51469, Oracle MIS=30000, Improvement=883
n=60000, coeff=7.0, trial=0, GT MIS=30000, Greedy MIS=29117, |S|=41667, Oracle MIS=30000, Improvement=883
n=60000, coeff=7.0, trial=0, GT MIS=30000, Greedy MIS=29117, |S|=34037, Oracle MIS=30000, Improvement=883
n=60000, coeff=7.0, trial=0, GT MIS=30000, Greedy MIS=29117, |S|=30844, Oracle MIS=29999, Improvement=882
n=60000, coeff=7.0, trial=1, GT MIS=30000, Greedy MIS=29399, |S|=60000, Oracle MIS=29399, Improvement=0
n=60000, coeff=7.0, trial=1, GT MIS=30000, Greedy MIS=29399, |S|=60000, Oracle MIS=29399, Improvement=0
n=60000, coeff=7.0, trial=1, GT MIS=30000, Greedy MIS=29399, |S|=60000, Oracle MIS=29399, Improvement=0
n=60000, coeff=7.0, trial=1, GT MIS=30000, Greedy MIS=29399, |S|=59989, Oracle MIS=29388, Improvement=-11
n=60000, coeff=7.0, trial=1, GT MIS=30000, Greedy MIS=29399, |S|=59706, Oracle MIS=28363, Improvement=-1036
n=60000, coeff=7.0, trial=1, GT MIS=30000, Greedy MIS=29399, |S|=57566, Oracle MIS=29915, Improvement=516
n=60000, coeff=7.0, trial=1, GT MIS=30000, Greedy MIS=29399, |S|=51345, Oracle MIS=30000, Improvement=601
n=60000, coeff=7.0, trial=1, GT MIS=30000, Greedy MIS=29399, |S|=41625, Oracle MIS=30000, Improvement=601
n=60000, coeff=7.0, trial=1, GT MIS=30000, Greedy MIS=29399, |S|=34094, Oracle MIS=30000, Improvement=601
n=60000, coeff=7.0, trial=1, GT MIS=30000, Greedy MIS=29399, |S|=30848, Oracle MIS=29997, Improvement=598
n=60000, coeff=7.0, trial=2, GT MIS=30000, Greedy MIS=29401, |S|=60000, Oracle MIS=29401, Improvement=0
n=60000, coeff=7.0, trial=2, GT MIS=30000, Greedy MIS=29401, |S|=60000, Oracle MIS=29401, Improvement=0
n=60000, coeff=7.0, trial=2, GT MIS=30000, Greedy MIS=29401, |S|=60000, Oracle MIS=29401, Improvement=0
n=60000, coeff=7.0, trial=2, GT MIS=30000, Greedy MIS=29401, |S|=59986, Oracle MIS=29387, Improvement=-14
n=60000, coeff=7.0, trial=2, GT MIS=30000, Greedy MIS=29401, |S|=59719, Oracle MIS=28803, Improvement=-598
n=60000, coeff=7.0, trial=2, GT MIS=30000, Greedy MIS=29401, |S|=57540, Oracle MIS=29920, Improvement=519
n=60000, coeff=7.0, trial=2, GT MIS=30000, Greedy MIS=29401, |S|=51417, Oracle MIS=30000, Improvement=599
n=60000, coeff=7.0, trial=2, GT MIS=30000, Greedy MIS=29401, |S|=41892, Oracle MIS=30000, Improvement=599
n=60000, coeff=7.0, trial=2, GT MIS=30000, Greedy MIS=29401, |S|=34239, Oracle MIS=29999, Improvement=598
n=60000, coeff=7.0, trial=2, GT MIS=30000, Greedy MIS=29401, |S|=30975, Oracle MIS=30000, Improvement=599
n=60000, coeff=7.0, trial=3, GT MIS=30000, Greedy MIS=29464, |S|=60000, Oracle MIS=29464, Improvement=0
n=60000, coeff=7.0, trial=3, GT MIS=30000, Greedy MIS=29464, |S|=60000, Oracle MIS=29464, Improvement=0
n=60000, coeff=7.0, trial=3, GT MIS=30000, Greedy MIS=29464, |S|=59998, Oracle MIS=29463, Improvement=-1
n=60000, coeff=7.0, trial=3, GT MIS=30000, Greedy MIS=29464, |S|=59979, Oracle MIS=29444, Improvement=-20
n=60000, coeff=7.0, trial=3, GT MIS=30000, Greedy MIS=29464, |S|=59681, Oracle MIS=29272, Improvement=-192
n=60000, coeff=7.0, trial=3, GT MIS=30000, Greedy MIS=29464, |S|=57542, Oracle MIS=29871, Improvement=407
n=60000, coeff=7.0, trial=3, GT MIS=30000, Greedy MIS=29464, |S|=51165, Oracle MIS=29999, Improvement=535
n=60000, coeff=7.0, trial=3, GT MIS=30000, Greedy MIS=29464, |S|=41360, Oracle MIS=29999, Improvement=535
n=60000, coeff=7.0, trial=3, GT MIS=30000, Greedy MIS=29464, |S|=34009, Oracle MIS=30000, Improvement=536
n=60000, coeff=7.0, trial=3, GT MIS=30000, Greedy MIS=29464, |S|=30886, Oracle MIS=29997, Improvement=533
n=60000, coeff=7.0, trial=4, GT MIS=30000, Greedy MIS=28785, |S|=60000, Oracle MIS=28785, Improvement=0
n=60000, coeff=7.0, trial=4, GT MIS=30000, Greedy MIS=28785, |S|=60000, Oracle MIS=28785, Improvement=0
n=60000, coeff=7.0, trial=4, GT MIS=30000, Greedy MIS=28785, |S|=60000, Oracle MIS=28785, Improvement=0
n=60000, coeff=7.0, trial=4, GT MIS=30000, Greedy MIS=28785, |S|=59976, Oracle MIS=28766, Improvement=-19
n=60000, coeff=7.0, trial=4, GT MIS=30000, Greedy MIS=28785, |S|=59684, Oracle MIS=29322, Improvement=537
n=60000, coeff=7.0, trial=4, GT MIS=30000, Greedy MIS=28785, |S|=57694, Oracle MIS=29932, Improvement=1147
n=60000, coeff=7.0, trial=4, GT MIS=30000, Greedy MIS=28785, |S|=51505, Oracle MIS=30000, Improvement=1215
n=60000, coeff=7.0, trial=4, GT MIS=30000, Greedy MIS=28785, |S|=41600, Oracle MIS=30000, Improvement=1215
n=60000, coeff=7.0, trial=4, GT MIS=30000, Greedy MIS=28785, |S|=34248, Oracle MIS=30000, Improvement=1215
n=60000, coeff=7.0, trial=4, GT MIS=30000, Greedy MIS=28785, |S|=30961, Oracle MIS=30000, Improvement=1215
n=60000, coeff=7.0, trial=5, GT MIS=30000, Greedy MIS=29323, |S|=60000, Oracle MIS=29323, Improvement=0
n=60000, coeff=7.0, trial=5, GT MIS=30000, Greedy MIS=29323, |S|=60000, Oracle MIS=29323, Improvement=0
n=60000, coeff=7.0, trial=5, GT MIS=30000, Greedy MIS=29323, |S|=60000, Oracle MIS=29323, Improvement=0
n=60000, coeff=7.0, trial=5, GT MIS=30000, Greedy MIS=29323, |S|=59979, Oracle MIS=29302, Improvement=-21
n=60000, coeff=7.0, trial=5, GT MIS=30000, Greedy MIS=29323, |S|=59656, Oracle MIS=28456, Improvement=-867
n=60000, coeff=7.0, trial=5, GT MIS=30000, Greedy MIS=29323, |S|=57550, Oracle MIS=29887, Improvement=564
n=60000, coeff=7.0, trial=5, GT MIS=30000, Greedy MIS=29323, |S|=51518, Oracle MIS=30000, Improvement=677
n=60000, coeff=7.0, trial=5, GT MIS=30000, Greedy MIS=29323, |S|=41804, Oracle MIS=30000, Improvement=677
n=60000, coeff=7.0, trial=5, GT MIS=30000, Greedy MIS=29323, |S|=34282, Oracle MIS=30000, Improvement=677
n=60000, coeff=7.0, trial=5, GT MIS=30000, Greedy MIS=29323, |S|=30930, Oracle MIS=30000, Improvement=677
n=60000, coeff=7.0, trial=6, GT MIS=30000, Greedy MIS=29350, |S|=60000, Oracle MIS=29350, Improvement=0
n=60000, coeff=7.0, trial=6, GT MIS=30000, Greedy MIS=29350, |S|=60000, Oracle MIS=29350, Improvement=0
n=60000, coeff=7.0, trial=6, GT MIS=30000, Greedy MIS=29350, |S|=60000, Oracle MIS=29350, Improvement=0
n=60000, coeff=7.0, trial=6, GT MIS=30000, Greedy MIS=29350, |S|=59988, Oracle MIS=29338, Improvement=-12
n=60000, coeff=7.0, trial=6, GT MIS=30000, Greedy MIS=29350, |S|=59696, Oracle MIS=28718, Improvement=-632
n=60000, coeff=7.0, trial=6, GT MIS=30000, Greedy MIS=29350, |S|=57464, Oracle MIS=29968, Improvement=618
n=60000, coeff=7.0, trial=6, GT MIS=30000, Greedy MIS=29350, |S|=51352, Oracle MIS=30000, Improvement=650
n=60000, coeff=7.0, trial=6, GT MIS=30000, Greedy MIS=29350, |S|=41749, Oracle MIS=30000, Improvement=650
n=60000, coeff=7.0, trial=6, GT MIS=30000, Greedy MIS=29350, |S|=34086, Oracle MIS=30000, Improvement=650
n=60000, coeff=7.0, trial=6, GT MIS=30000, Greedy MIS=29350, |S|=30850, Oracle MIS=29997, Improvement=647
n=60000, coeff=7.0, trial=7, GT MIS=30000, Greedy MIS=29157, |S|=60000, Oracle MIS=29157, Improvement=0
n=60000, coeff=7.0, trial=7, GT MIS=30000, Greedy MIS=29157, |S|=60000, Oracle MIS=29157, Improvement=0
n=60000, coeff=7.0, trial=7, GT MIS=30000, Greedy MIS=29157, |S|=59998, Oracle MIS=29155, Improvement=-2
n=60000, coeff=7.0, trial=7, GT MIS=30000, Greedy MIS=29157, |S|=59978, Oracle MIS=29117, Improvement=-40
n=60000, coeff=7.0, trial=7, GT MIS=30000, Greedy MIS=29157, |S|=59704, Oracle MIS=28019, Improvement=-1138
n=60000, coeff=7.0, trial=7, GT MIS=30000, Greedy MIS=29157, |S|=57511, Oracle MIS=29855, Improvement=698
n=60000, coeff=7.0, trial=7, GT MIS=30000, Greedy MIS=29157, |S|=51099, Oracle MIS=30000, Improvement=843
n=60000, coeff=7.0, trial=7, GT MIS=30000, Greedy MIS=29157, |S|=41292, Oracle MIS=30000, Improvement=843
n=60000, coeff=7.0, trial=7, GT MIS=30000, Greedy MIS=29157, |S|=34019, Oracle MIS=30000, Improvement=843
n=60000, coeff=7.0, trial=7, GT MIS=30000, Greedy MIS=29157, |S|=30886, Oracle MIS=29997, Improvement=840
n=60000, coeff=7.0, trial=8, GT MIS=30000, Greedy MIS=29360, |S|=60000, Oracle MIS=29360, Improvement=0
n=60000, coeff=7.0, trial=8, GT MIS=30000, Greedy MIS=29360, |S|=60000, Oracle MIS=29360, Improvement=0
n=60000, coeff=7.0, trial=8, GT MIS=30000, Greedy MIS=29360, |S|=59999, Oracle MIS=29359, Improvement=-1
n=60000, coeff=7.0, trial=8, GT MIS=30000, Greedy MIS=29360, |S|=59975, Oracle MIS=29335, Improvement=-25
n=60000, coeff=7.0, trial=8, GT MIS=30000, Greedy MIS=29360, |S|=59685, Oracle MIS=29453, Improvement=93
n=60000, coeff=7.0, trial=8, GT MIS=30000, Greedy MIS=29360, |S|=57726, Oracle MIS=29939, Improvement=579
n=60000, coeff=7.0, trial=8, GT MIS=30000, Greedy MIS=29360, |S|=51675, Oracle MIS=30000, Improvement=640
n=60000, coeff=7.0, trial=8, GT MIS=30000, Greedy MIS=29360, |S|=41603, Oracle MIS=30000, Improvement=640
n=60000, coeff=7.0, trial=8, GT MIS=30000, Greedy MIS=29360, |S|=34106, Oracle MIS=30000, Improvement=640
n=60000, coeff=7.0, trial=8, GT MIS=30000, Greedy MIS=29360, |S|=30855, Oracle MIS=29999, Improvement=639
n=60000, coeff=7.0, trial=9, GT MIS=30000, Greedy MIS=29294, |S|=60000, Oracle MIS=29294, Improvement=0
n=60000, coeff=7.0, trial=9, GT MIS=30000, Greedy MIS=29294, |S|=60000, Oracle MIS=29294, Improvement=0
n=60000, coeff=7.0, trial=9, GT MIS=30000, Greedy MIS=29294, |S|=60000, Oracle MIS=29294, Improvement=0
n=60000, coeff=7.0, trial=9, GT MIS=30000, Greedy MIS=29294, |S|=59982, Oracle MIS=29258, Improvement=-36
n=60000, coeff=7.0, trial=9, GT MIS=30000, Greedy MIS=29294, |S|=59707, Oracle MIS=28538, Improvement=-756
n=60000, coeff=7.0, trial=9, GT MIS=30000, Greedy MIS=29294, |S|=57870, Oracle MIS=29895, Improvement=601
n=60000, coeff=7.0, trial=9, GT MIS=30000, Greedy MIS=29294, |S|=52036, Oracle MIS=30000, Improvement=706
n=60000, coeff=7.0, trial=9, GT MIS=30000, Greedy MIS=29294, |S|=42059, Oracle MIS=30000, Improvement=706
n=60000, coeff=7.0, trial=9, GT MIS=30000, Greedy MIS=29294, |S|=34277, Oracle MIS=29999, Improvement=705
n=60000, coeff=7.0, trial=9, GT MIS=30000, Greedy MIS=29294, |S|=31005, Oracle MIS=29999, Improvement=705
Results saved to bipartite_experiment_results_epislons_60000.csv
