Running job on compute-3-07
Requested resources:
  - CPUs: 12
  - GPUs: 
  - Memory: 18000
n=45000, coeff=20.0, trial=0, GT MIS=22500, Greedy MIS=22371, |S|=45000, Oracle MIS=22371, Improvement=0
n=45000, coeff=20.0, trial=0, GT MIS=22500, Greedy MIS=22371, |S|=45000, Oracle MIS=22371, Improvement=0
n=45000, coeff=20.0, trial=0, GT MIS=22500, Greedy MIS=22371, |S|=45000, Oracle MIS=22371, Improvement=0
n=45000, coeff=20.0, trial=0, GT MIS=22500, Greedy MIS=22371, |S|=44865, Oracle MIS=22238, Improvement=-133
n=45000, coeff=20.0, trial=0, GT MIS=22500, Greedy MIS=22371, |S|=42156, Oracle MIS=22500, Improvement=129
n=45000, coeff=20.0, trial=0, GT MIS=22500, Greedy MIS=22371, |S|=32007, Oracle MIS=22500, Improvement=129
n=45000, coeff=20.0, trial=0, GT MIS=22500, Greedy MIS=22371, |S|=24091, Oracle MIS=22500, Improvement=129
n=45000, coeff=20.0, trial=0, GT MIS=22500, Greedy MIS=22371, |S|=22590, Oracle MIS=22500, Improvement=129
n=45000, coeff=20.0, trial=0, GT MIS=22500, Greedy MIS=22371, |S|=22501, Oracle MIS=22500, Improvement=129
n=45000, coeff=20.0, trial=0, GT MIS=22500, Greedy MIS=22371, |S|=22500, Oracle MIS=22500, Improvement=129
n=45000, coeff=20.0, trial=1, GT MIS=22500, Greedy MIS=22224, |S|=45000, Oracle MIS=22224, Improvement=0
n=45000, coeff=20.0, trial=1, GT MIS=22500, Greedy MIS=22224, |S|=45000, Oracle MIS=22224, Improvement=0
n=45000, coeff=20.0, trial=1, GT MIS=22500, Greedy MIS=22224, |S|=44999, Oracle MIS=22223, Improvement=-1
n=45000, coeff=20.0, trial=1, GT MIS=22500, Greedy MIS=22224, |S|=44891, Oracle MIS=21908, Improvement=-316
n=45000, coeff=20.0, trial=1, GT MIS=22500, Greedy MIS=22224, |S|=42340, Oracle MIS=22500, Improvement=276
n=45000, coeff=20.0, trial=1, GT MIS=22500, Greedy MIS=22224, |S|=32502, Oracle MIS=22500, Improvement=276
n=45000, coeff=20.0, trial=1, GT MIS=22500, Greedy MIS=22224, |S|=24251, Oracle MIS=22500, Improvement=276
n=45000, coeff=20.0, trial=1, GT MIS=22500, Greedy MIS=22224, |S|=22601, Oracle MIS=22500, Improvement=276
n=45000, coeff=20.0, trial=1, GT MIS=22500, Greedy MIS=22224, |S|=22502, Oracle MIS=22500, Improvement=276
n=45000, coeff=20.0, trial=1, GT MIS=22500, Greedy MIS=22224, |S|=22500, Oracle MIS=22500, Improvement=276
n=45000, coeff=20.0, trial=2, GT MIS=22500, Greedy MIS=21944, |S|=45000, Oracle MIS=21944, Improvement=0
n=45000, coeff=20.0, trial=2, GT MIS=22500, Greedy MIS=21944, |S|=45000, Oracle MIS=21944, Improvement=0
n=45000, coeff=20.0, trial=2, GT MIS=22500, Greedy MIS=21944, |S|=44999, Oracle MIS=21943, Improvement=-1
n=45000, coeff=20.0, trial=2, GT MIS=22500, Greedy MIS=21944, |S|=44891, Oracle MIS=21839, Improvement=-105
n=45000, coeff=20.0, trial=2, GT MIS=22500, Greedy MIS=21944, |S|=42405, Oracle MIS=22500, Improvement=556
n=45000, coeff=20.0, trial=2, GT MIS=22500, Greedy MIS=21944, |S|=32638, Oracle MIS=22500, Improvement=556
n=45000, coeff=20.0, trial=2, GT MIS=22500, Greedy MIS=21944, |S|=24317, Oracle MIS=22500, Improvement=556
n=45000, coeff=20.0, trial=2, GT MIS=22500, Greedy MIS=21944, |S|=22611, Oracle MIS=22500, Improvement=556
n=45000, coeff=20.0, trial=2, GT MIS=22500, Greedy MIS=21944, |S|=22505, Oracle MIS=22500, Improvement=556
n=45000, coeff=20.0, trial=2, GT MIS=22500, Greedy MIS=21944, |S|=22500, Oracle MIS=22500, Improvement=556
n=45000, coeff=20.0, trial=3, GT MIS=22500, Greedy MIS=22096, |S|=45000, Oracle MIS=22096, Improvement=0
n=45000, coeff=20.0, trial=3, GT MIS=22500, Greedy MIS=22096, |S|=45000, Oracle MIS=22096, Improvement=0
n=45000, coeff=20.0, trial=3, GT MIS=22500, Greedy MIS=22096, |S|=44998, Oracle MIS=22096, Improvement=0
n=45000, coeff=20.0, trial=3, GT MIS=22500, Greedy MIS=22096, |S|=44889, Oracle MIS=22235, Improvement=139
n=45000, coeff=20.0, trial=3, GT MIS=22500, Greedy MIS=22096, |S|=42356, Oracle MIS=22500, Improvement=404
n=45000, coeff=20.0, trial=3, GT MIS=22500, Greedy MIS=22096, |S|=32674, Oracle MIS=22500, Improvement=404
n=45000, coeff=20.0, trial=3, GT MIS=22500, Greedy MIS=22096, |S|=24200, Oracle MIS=22500, Improvement=404
n=45000, coeff=20.0, trial=3, GT MIS=22500, Greedy MIS=22096, |S|=22584, Oracle MIS=22500, Improvement=404
n=45000, coeff=20.0, trial=3, GT MIS=22500, Greedy MIS=22096, |S|=22500, Oracle MIS=22500, Improvement=404
n=45000, coeff=20.0, trial=3, GT MIS=22500, Greedy MIS=22096, |S|=22500, Oracle MIS=22500, Improvement=404
n=45000, coeff=20.0, trial=4, GT MIS=22500, Greedy MIS=22159, |S|=45000, Oracle MIS=22159, Improvement=0
n=45000, coeff=20.0, trial=4, GT MIS=22500, Greedy MIS=22159, |S|=45000, Oracle MIS=22159, Improvement=0
n=45000, coeff=20.0, trial=4, GT MIS=22500, Greedy MIS=22159, |S|=45000, Oracle MIS=22159, Improvement=0
n=45000, coeff=20.0, trial=4, GT MIS=22500, Greedy MIS=22159, |S|=44874, Oracle MIS=22036, Improvement=-123
n=45000, coeff=20.0, trial=4, GT MIS=22500, Greedy MIS=22159, |S|=42420, Oracle MIS=22500, Improvement=341
n=45000, coeff=20.0, trial=4, GT MIS=22500, Greedy MIS=22159, |S|=32868, Oracle MIS=22500, Improvement=341
n=45000, coeff=20.0, trial=4, GT MIS=22500, Greedy MIS=22159, |S|=24446, Oracle MIS=22500, Improvement=341
n=45000, coeff=20.0, trial=4, GT MIS=22500, Greedy MIS=22159, |S|=22604, Oracle MIS=22500, Improvement=341
n=45000, coeff=20.0, trial=4, GT MIS=22500, Greedy MIS=22159, |S|=22500, Oracle MIS=22500, Improvement=341
n=45000, coeff=20.0, trial=4, GT MIS=22500, Greedy MIS=22159, |S|=22500, Oracle MIS=22500, Improvement=341
n=45000, coeff=20.0, trial=5, GT MIS=22500, Greedy MIS=22365, |S|=45000, Oracle MIS=22365, Improvement=0
n=45000, coeff=20.0, trial=5, GT MIS=22500, Greedy MIS=22365, |S|=45000, Oracle MIS=22365, Improvement=0
n=45000, coeff=20.0, trial=5, GT MIS=22500, Greedy MIS=22365, |S|=45000, Oracle MIS=22365, Improvement=0
n=45000, coeff=20.0, trial=5, GT MIS=22500, Greedy MIS=22365, |S|=44885, Oracle MIS=22114, Improvement=-251
n=45000, coeff=20.0, trial=5, GT MIS=22500, Greedy MIS=22365, |S|=42576, Oracle MIS=22500, Improvement=135
n=45000, coeff=20.0, trial=5, GT MIS=22500, Greedy MIS=22365, |S|=33111, Oracle MIS=22500, Improvement=135
n=45000, coeff=20.0, trial=5, GT MIS=22500, Greedy MIS=22365, |S|=24437, Oracle MIS=22500, Improvement=135
n=45000, coeff=20.0, trial=5, GT MIS=22500, Greedy MIS=22365, |S|=22613, Oracle MIS=22500, Improvement=135
n=45000, coeff=20.0, trial=5, GT MIS=22500, Greedy MIS=22365, |S|=22502, Oracle MIS=22500, Improvement=135
n=45000, coeff=20.0, trial=5, GT MIS=22500, Greedy MIS=22365, |S|=22500, Oracle MIS=22500, Improvement=135
n=45000, coeff=20.0, trial=6, GT MIS=22500, Greedy MIS=22241, |S|=45000, Oracle MIS=22241, Improvement=0
n=45000, coeff=20.0, trial=6, GT MIS=22500, Greedy MIS=22241, |S|=45000, Oracle MIS=22241, Improvement=0
n=45000, coeff=20.0, trial=6, GT MIS=22500, Greedy MIS=22241, |S|=44999, Oracle MIS=22240, Improvement=-1
n=45000, coeff=20.0, trial=6, GT MIS=22500, Greedy MIS=22241, |S|=44837, Oracle MIS=22081, Improvement=-160
n=45000, coeff=20.0, trial=6, GT MIS=22500, Greedy MIS=22241, |S|=42135, Oracle MIS=22500, Improvement=259
n=45000, coeff=20.0, trial=6, GT MIS=22500, Greedy MIS=22241, |S|=31803, Oracle MIS=22500, Improvement=259
n=45000, coeff=20.0, trial=6, GT MIS=22500, Greedy MIS=22241, |S|=23993, Oracle MIS=22500, Improvement=259
n=45000, coeff=20.0, trial=6, GT MIS=22500, Greedy MIS=22241, |S|=22574, Oracle MIS=22500, Improvement=259
n=45000, coeff=20.0, trial=6, GT MIS=22500, Greedy MIS=22241, |S|=22501, Oracle MIS=22500, Improvement=259
n=45000, coeff=20.0, trial=6, GT MIS=22500, Greedy MIS=22241, |S|=22500, Oracle MIS=22500, Improvement=259
n=45000, coeff=20.0, trial=7, GT MIS=22500, Greedy MIS=22365, |S|=45000, Oracle MIS=22365, Improvement=0
n=45000, coeff=20.0, trial=7, GT MIS=22500, Greedy MIS=22365, |S|=45000, Oracle MIS=22365, Improvement=0
n=45000, coeff=20.0, trial=7, GT MIS=22500, Greedy MIS=22365, |S|=44999, Oracle MIS=22364, Improvement=-1
n=45000, coeff=20.0, trial=7, GT MIS=22500, Greedy MIS=22365, |S|=44828, Oracle MIS=21917, Improvement=-448
n=45000, coeff=20.0, trial=7, GT MIS=22500, Greedy MIS=22365, |S|=41928, Oracle MIS=22500, Improvement=135
n=45000, coeff=20.0, trial=7, GT MIS=22500, Greedy MIS=22365, |S|=31945, Oracle MIS=22500, Improvement=135
n=45000, coeff=20.0, trial=7, GT MIS=22500, Greedy MIS=22365, |S|=24011, Oracle MIS=22500, Improvement=135
n=45000, coeff=20.0, trial=7, GT MIS=22500, Greedy MIS=22365, |S|=22570, Oracle MIS=22500, Improvement=135
n=45000, coeff=20.0, trial=7, GT MIS=22500, Greedy MIS=22365, |S|=22500, Oracle MIS=22500, Improvement=135
n=45000, coeff=20.0, trial=7, GT MIS=22500, Greedy MIS=22365, |S|=22500, Oracle MIS=22500, Improvement=135
n=45000, coeff=20.0, trial=8, GT MIS=22500, Greedy MIS=22433, |S|=45000, Oracle MIS=22433, Improvement=0
n=45000, coeff=20.0, trial=8, GT MIS=22500, Greedy MIS=22433, |S|=45000, Oracle MIS=22433, Improvement=0
n=45000, coeff=20.0, trial=8, GT MIS=22500, Greedy MIS=22433, |S|=44998, Oracle MIS=22431, Improvement=-2
n=45000, coeff=20.0, trial=8, GT MIS=22500, Greedy MIS=22433, |S|=44865, Oracle MIS=21656, Improvement=-777
n=45000, coeff=20.0, trial=8, GT MIS=22500, Greedy MIS=22433, |S|=42205, Oracle MIS=22500, Improvement=67
n=45000, coeff=20.0, trial=8, GT MIS=22500, Greedy MIS=22433, |S|=31842, Oracle MIS=22500, Improvement=67
n=45000, coeff=20.0, trial=8, GT MIS=22500, Greedy MIS=22433, |S|=24084, Oracle MIS=22500, Improvement=67
n=45000, coeff=20.0, trial=8, GT MIS=22500, Greedy MIS=22433, |S|=22578, Oracle MIS=22500, Improvement=67
n=45000, coeff=20.0, trial=8, GT MIS=22500, Greedy MIS=22433, |S|=22501, Oracle MIS=22500, Improvement=67
n=45000, coeff=20.0, trial=8, GT MIS=22500, Greedy MIS=22433, |S|=22499, Oracle MIS=22499, Improvement=66
n=45000, coeff=20.0, trial=9, GT MIS=22500, Greedy MIS=22500, |S|=45000, Oracle MIS=22500, Improvement=0
n=45000, coeff=20.0, trial=9, GT MIS=22500, Greedy MIS=22500, |S|=45000, Oracle MIS=22500, Improvement=0
n=45000, coeff=20.0, trial=9, GT MIS=22500, Greedy MIS=22500, |S|=44997, Oracle MIS=22500, Improvement=0
n=45000, coeff=20.0, trial=9, GT MIS=22500, Greedy MIS=22500, |S|=44841, Oracle MIS=22500, Improvement=0
n=45000, coeff=20.0, trial=9, GT MIS=22500, Greedy MIS=22500, |S|=41914, Oracle MIS=22500, Improvement=0
n=45000, coeff=20.0, trial=9, GT MIS=22500, Greedy MIS=22500, |S|=31711, Oracle MIS=22500, Improvement=0
n=45000, coeff=20.0, trial=9, GT MIS=22500, Greedy MIS=22500, |S|=24046, Oracle MIS=22500, Improvement=0
n=45000, coeff=20.0, trial=9, GT MIS=22500, Greedy MIS=22500, |S|=22574, Oracle MIS=22500, Improvement=0
n=45000, coeff=20.0, trial=9, GT MIS=22500, Greedy MIS=22500, |S|=22501, Oracle MIS=22500, Improvement=0
n=45000, coeff=20.0, trial=9, GT MIS=22500, Greedy MIS=22500, |S|=22500, Oracle MIS=22500, Improvement=0
Results saved to bipartite_experiment_results_epislons_45000.csv
