Running job on compute-0-54
Requested resources:
  - CPUs: 18
  - GPUs: 
  - Memory: 18000
n=55000, coeff=10.0, trial=0, GT MIS=27500, Greedy MIS=26963, |S|=55000, Oracle MIS=26963, Improvement=0
n=55000, coeff=10.0, trial=0, GT MIS=27500, Greedy MIS=26963, |S|=55000, Oracle MIS=26963, Improvement=0
n=55000, coeff=10.0, trial=0, GT MIS=27500, Greedy MIS=26963, |S|=55000, Oracle MIS=26963, Improvement=0
n=55000, coeff=10.0, trial=0, GT MIS=27500, Greedy MIS=26963, |S|=54975, Oracle MIS=26963, Improvement=0
n=55000, coeff=10.0, trial=0, GT MIS=27500, Greedy MIS=26963, |S|=54498, Oracle MIS=27118, Improvement=155
n=55000, coeff=10.0, trial=0, GT MIS=27500, Greedy MIS=26963, |S|=50934, Oracle MIS=27500, Improvement=537
n=55000, coeff=10.0, trial=0, GT MIS=27500, Greedy MIS=26963, |S|=42071, Oracle MIS=27500, Improvement=537
n=55000, coeff=10.0, trial=0, GT MIS=27500, Greedy MIS=26963, |S|=32681, Oracle MIS=27500, Improvement=537
n=55000, coeff=10.0, trial=0, GT MIS=27500, Greedy MIS=26963, |S|=28444, Oracle MIS=27500, Improvement=537
n=55000, coeff=10.0, trial=0, GT MIS=27500, Greedy MIS=26963, |S|=27593, Oracle MIS=27500, Improvement=537
n=55000, coeff=10.0, trial=1, GT MIS=27500, Greedy MIS=27026, |S|=55000, Oracle MIS=27026, Improvement=0
n=55000, coeff=10.0, trial=1, GT MIS=27500, Greedy MIS=27026, |S|=55000, Oracle MIS=27026, Improvement=0
n=55000, coeff=10.0, trial=1, GT MIS=27500, Greedy MIS=27026, |S|=55000, Oracle MIS=27026, Improvement=0
n=55000, coeff=10.0, trial=1, GT MIS=27500, Greedy MIS=27026, |S|=54971, Oracle MIS=26999, Improvement=-27
n=55000, coeff=10.0, trial=1, GT MIS=27500, Greedy MIS=27026, |S|=54402, Oracle MIS=27059, Improvement=33
n=55000, coeff=10.0, trial=1, GT MIS=27500, Greedy MIS=27026, |S|=50440, Oracle MIS=27500, Improvement=474
n=55000, coeff=10.0, trial=1, GT MIS=27500, Greedy MIS=27026, |S|=41172, Oracle MIS=27500, Improvement=474
n=55000, coeff=10.0, trial=1, GT MIS=27500, Greedy MIS=27026, |S|=32081, Oracle MIS=27500, Improvement=474
n=55000, coeff=10.0, trial=1, GT MIS=27500, Greedy MIS=27026, |S|=28310, Oracle MIS=27500, Improvement=474
n=55000, coeff=10.0, trial=1, GT MIS=27500, Greedy MIS=27026, |S|=27595, Oracle MIS=27500, Improvement=474
n=55000, coeff=10.0, trial=2, GT MIS=27500, Greedy MIS=27088, |S|=55000, Oracle MIS=27088, Improvement=0
n=55000, coeff=10.0, trial=2, GT MIS=27500, Greedy MIS=27088, |S|=55000, Oracle MIS=27088, Improvement=0
n=55000, coeff=10.0, trial=2, GT MIS=27500, Greedy MIS=27088, |S|=54999, Oracle MIS=27087, Improvement=-1
n=55000, coeff=10.0, trial=2, GT MIS=27500, Greedy MIS=27088, |S|=54966, Oracle MIS=27054, Improvement=-34
n=55000, coeff=10.0, trial=2, GT MIS=27500, Greedy MIS=27088, |S|=54395, Oracle MIS=27182, Improvement=94
n=55000, coeff=10.0, trial=2, GT MIS=27500, Greedy MIS=27088, |S|=50314, Oracle MIS=27500, Improvement=412
n=55000, coeff=10.0, trial=2, GT MIS=27500, Greedy MIS=27088, |S|=40990, Oracle MIS=27500, Improvement=412
n=55000, coeff=10.0, trial=2, GT MIS=27500, Greedy MIS=27088, |S|=31900, Oracle MIS=27500, Improvement=412
n=55000, coeff=10.0, trial=2, GT MIS=27500, Greedy MIS=27088, |S|=28266, Oracle MIS=27500, Improvement=412
n=55000, coeff=10.0, trial=2, GT MIS=27500, Greedy MIS=27088, |S|=27577, Oracle MIS=27500, Improvement=412
n=55000, coeff=10.0, trial=3, GT MIS=27500, Greedy MIS=26789, |S|=55000, Oracle MIS=26789, Improvement=0
n=55000, coeff=10.0, trial=3, GT MIS=27500, Greedy MIS=26789, |S|=55000, Oracle MIS=26789, Improvement=0
n=55000, coeff=10.0, trial=3, GT MIS=27500, Greedy MIS=26789, |S|=55000, Oracle MIS=26789, Improvement=0
n=55000, coeff=10.0, trial=3, GT MIS=27500, Greedy MIS=26789, |S|=54979, Oracle MIS=26768, Improvement=-21
n=55000, coeff=10.0, trial=3, GT MIS=27500, Greedy MIS=26789, |S|=54423, Oracle MIS=27214, Improvement=425
n=55000, coeff=10.0, trial=3, GT MIS=27500, Greedy MIS=26789, |S|=50735, Oracle MIS=27500, Improvement=711
n=55000, coeff=10.0, trial=3, GT MIS=27500, Greedy MIS=26789, |S|=42051, Oracle MIS=27500, Improvement=711
n=55000, coeff=10.0, trial=3, GT MIS=27500, Greedy MIS=26789, |S|=32679, Oracle MIS=27500, Improvement=711
n=55000, coeff=10.0, trial=3, GT MIS=27500, Greedy MIS=26789, |S|=28416, Oracle MIS=27500, Improvement=711
n=55000, coeff=10.0, trial=3, GT MIS=27500, Greedy MIS=26789, |S|=27584, Oracle MIS=27499, Improvement=710
n=55000, coeff=10.0, trial=4, GT MIS=27500, Greedy MIS=27016, |S|=55000, Oracle MIS=27016, Improvement=0
n=55000, coeff=10.0, trial=4, GT MIS=27500, Greedy MIS=27016, |S|=55000, Oracle MIS=27016, Improvement=0
n=55000, coeff=10.0, trial=4, GT MIS=27500, Greedy MIS=27016, |S|=55000, Oracle MIS=27016, Improvement=0
n=55000, coeff=10.0, trial=4, GT MIS=27500, Greedy MIS=27016, |S|=54976, Oracle MIS=26963, Improvement=-53
n=55000, coeff=10.0, trial=4, GT MIS=27500, Greedy MIS=27016, |S|=54391, Oracle MIS=27302, Improvement=286
n=55000, coeff=10.0, trial=4, GT MIS=27500, Greedy MIS=27016, |S|=50645, Oracle MIS=27476, Improvement=460
n=55000, coeff=10.0, trial=4, GT MIS=27500, Greedy MIS=27016, |S|=41751, Oracle MIS=27500, Improvement=484
n=55000, coeff=10.0, trial=4, GT MIS=27500, Greedy MIS=27016, |S|=32422, Oracle MIS=27500, Improvement=484
n=55000, coeff=10.0, trial=4, GT MIS=27500, Greedy MIS=27016, |S|=28362, Oracle MIS=27500, Improvement=484
n=55000, coeff=10.0, trial=4, GT MIS=27500, Greedy MIS=27016, |S|=27584, Oracle MIS=27499, Improvement=483
n=55000, coeff=10.0, trial=5, GT MIS=27500, Greedy MIS=26987, |S|=55000, Oracle MIS=26987, Improvement=0
n=55000, coeff=10.0, trial=5, GT MIS=27500, Greedy MIS=26987, |S|=55000, Oracle MIS=26987, Improvement=0
n=55000, coeff=10.0, trial=5, GT MIS=27500, Greedy MIS=26987, |S|=55000, Oracle MIS=26987, Improvement=0
n=55000, coeff=10.0, trial=5, GT MIS=27500, Greedy MIS=26987, |S|=54977, Oracle MIS=26987, Improvement=0
n=55000, coeff=10.0, trial=5, GT MIS=27500, Greedy MIS=26987, |S|=54508, Oracle MIS=27357, Improvement=370
n=55000, coeff=10.0, trial=5, GT MIS=27500, Greedy MIS=26987, |S|=51236, Oracle MIS=27500, Improvement=513
n=55000, coeff=10.0, trial=5, GT MIS=27500, Greedy MIS=26987, |S|=42403, Oracle MIS=27500, Improvement=513
n=55000, coeff=10.0, trial=5, GT MIS=27500, Greedy MIS=26987, |S|=32898, Oracle MIS=27500, Improvement=513
n=55000, coeff=10.0, trial=5, GT MIS=27500, Greedy MIS=26987, |S|=28517, Oracle MIS=27500, Improvement=513
n=55000, coeff=10.0, trial=5, GT MIS=27500, Greedy MIS=26987, |S|=27606, Oracle MIS=27500, Improvement=513
n=55000, coeff=10.0, trial=6, GT MIS=27500, Greedy MIS=27175, |S|=55000, Oracle MIS=27175, Improvement=0
n=55000, coeff=10.0, trial=6, GT MIS=27500, Greedy MIS=27175, |S|=55000, Oracle MIS=27175, Improvement=0
n=55000, coeff=10.0, trial=6, GT MIS=27500, Greedy MIS=27175, |S|=54999, Oracle MIS=27174, Improvement=-1
n=55000, coeff=10.0, trial=6, GT MIS=27500, Greedy MIS=27175, |S|=54966, Oracle MIS=27141, Improvement=-34
n=55000, coeff=10.0, trial=6, GT MIS=27500, Greedy MIS=27175, |S|=54392, Oracle MIS=27116, Improvement=-59
n=55000, coeff=10.0, trial=6, GT MIS=27500, Greedy MIS=27175, |S|=50591, Oracle MIS=27500, Improvement=325
n=55000, coeff=10.0, trial=6, GT MIS=27500, Greedy MIS=27175, |S|=41422, Oracle MIS=27500, Improvement=325
n=55000, coeff=10.0, trial=6, GT MIS=27500, Greedy MIS=27175, |S|=32247, Oracle MIS=27500, Improvement=325
n=55000, coeff=10.0, trial=6, GT MIS=27500, Greedy MIS=27175, |S|=28384, Oracle MIS=27500, Improvement=325
n=55000, coeff=10.0, trial=6, GT MIS=27500, Greedy MIS=27175, |S|=27583, Oracle MIS=27500, Improvement=325
n=55000, coeff=10.0, trial=7, GT MIS=27500, Greedy MIS=27245, |S|=55000, Oracle MIS=27245, Improvement=0
n=55000, coeff=10.0, trial=7, GT MIS=27500, Greedy MIS=27245, |S|=55000, Oracle MIS=27245, Improvement=0
n=55000, coeff=10.0, trial=7, GT MIS=27500, Greedy MIS=27245, |S|=54999, Oracle MIS=27244, Improvement=-1
n=55000, coeff=10.0, trial=7, GT MIS=27500, Greedy MIS=27245, |S|=54968, Oracle MIS=27215, Improvement=-30
n=55000, coeff=10.0, trial=7, GT MIS=27500, Greedy MIS=27245, |S|=54481, Oracle MIS=26699, Improvement=-546
n=55000, coeff=10.0, trial=7, GT MIS=27500, Greedy MIS=27245, |S|=50878, Oracle MIS=27500, Improvement=255
n=55000, coeff=10.0, trial=7, GT MIS=27500, Greedy MIS=27245, |S|=42045, Oracle MIS=27500, Improvement=255
n=55000, coeff=10.0, trial=7, GT MIS=27500, Greedy MIS=27245, |S|=32569, Oracle MIS=27500, Improvement=255
n=55000, coeff=10.0, trial=7, GT MIS=27500, Greedy MIS=27245, |S|=28458, Oracle MIS=27500, Improvement=255
n=55000, coeff=10.0, trial=7, GT MIS=27500, Greedy MIS=27245, |S|=27617, Oracle MIS=27499, Improvement=254
n=55000, coeff=10.0, trial=8, GT MIS=27500, Greedy MIS=26544, |S|=55000, Oracle MIS=26544, Improvement=0
n=55000, coeff=10.0, trial=8, GT MIS=27500, Greedy MIS=26544, |S|=55000, Oracle MIS=26544, Improvement=0
n=55000, coeff=10.0, trial=8, GT MIS=27500, Greedy MIS=26544, |S|=55000, Oracle MIS=26544, Improvement=0
n=55000, coeff=10.0, trial=8, GT MIS=27500, Greedy MIS=26544, |S|=54971, Oracle MIS=26486, Improvement=-58
n=55000, coeff=10.0, trial=8, GT MIS=27500, Greedy MIS=26544, |S|=54489, Oracle MIS=27068, Improvement=524
n=55000, coeff=10.0, trial=8, GT MIS=27500, Greedy MIS=26544, |S|=50980, Oracle MIS=27478, Improvement=934
n=55000, coeff=10.0, trial=8, GT MIS=27500, Greedy MIS=26544, |S|=42381, Oracle MIS=27500, Improvement=956
n=55000, coeff=10.0, trial=8, GT MIS=27500, Greedy MIS=26544, |S|=32900, Oracle MIS=27500, Improvement=956
n=55000, coeff=10.0, trial=8, GT MIS=27500, Greedy MIS=26544, |S|=28457, Oracle MIS=27500, Improvement=956
n=55000, coeff=10.0, trial=8, GT MIS=27500, Greedy MIS=26544, |S|=27612, Oracle MIS=27500, Improvement=956
n=55000, coeff=10.0, trial=9, GT MIS=27500, Greedy MIS=26460, |S|=55000, Oracle MIS=26460, Improvement=0
n=55000, coeff=10.0, trial=9, GT MIS=27500, Greedy MIS=26460, |S|=55000, Oracle MIS=26460, Improvement=0
n=55000, coeff=10.0, trial=9, GT MIS=27500, Greedy MIS=26460, |S|=54999, Oracle MIS=26459, Improvement=-1
n=55000, coeff=10.0, trial=9, GT MIS=27500, Greedy MIS=26460, |S|=54960, Oracle MIS=26929, Improvement=469
n=55000, coeff=10.0, trial=9, GT MIS=27500, Greedy MIS=26460, |S|=54447, Oracle MIS=26929, Improvement=469
n=55000, coeff=10.0, trial=9, GT MIS=27500, Greedy MIS=26460, |S|=50965, Oracle MIS=27476, Improvement=1016
n=55000, coeff=10.0, trial=9, GT MIS=27500, Greedy MIS=26460, |S|=42103, Oracle MIS=27500, Improvement=1040
n=55000, coeff=10.0, trial=9, GT MIS=27500, Greedy MIS=26460, |S|=32646, Oracle MIS=27500, Improvement=1040
n=55000, coeff=10.0, trial=9, GT MIS=27500, Greedy MIS=26460, |S|=28442, Oracle MIS=27500, Improvement=1040
n=55000, coeff=10.0, trial=9, GT MIS=27500, Greedy MIS=26460, |S|=27587, Oracle MIS=27499, Improvement=1039
Results saved to bipartite_experiment_results_epislons_55000.csv
