Running job on compute-3-03
Requested resources:
  - CPUs: 18
  - GPUs: 
  - Memory: 18000
n=30000, coeff=11, trial=0, GT MIS=15000, Greedy MIS=14567, |S|=30000, Oracle MIS=14567, Improvement=0
n=30000, coeff=11, trial=0, GT MIS=15000, Greedy MIS=14567, |S|=30000, Oracle MIS=14567, Improvement=0
n=30000, coeff=11, trial=0, GT MIS=15000, Greedy MIS=14567, |S|=30000, Oracle MIS=14567, Improvement=0
n=30000, coeff=11, trial=0, GT MIS=15000, Greedy MIS=14567, |S|=29989, Oracle MIS=14460, Improvement=-107
n=30000, coeff=11, trial=0, GT MIS=15000, Greedy MIS=14567, |S|=29699, Oracle MIS=14713, Improvement=146
n=30000, coeff=11, trial=0, GT MIS=15000, Greedy MIS=14567, |S|=27723, Oracle MIS=15000, Improvement=433
n=30000, coeff=11, trial=0, GT MIS=15000, Greedy MIS=14567, |S|=22562, Oracle MIS=15000, Improvement=433
n=30000, coeff=11, trial=0, GT MIS=15000, Greedy MIS=14567, |S|=17504, Oracle MIS=15000, Improvement=433
n=30000, coeff=11, trial=0, GT MIS=15000, Greedy MIS=14567, |S|=15397, Oracle MIS=15000, Improvement=433
n=30000, coeff=11, trial=0, GT MIS=15000, Greedy MIS=14567, |S|=15036, Oracle MIS=15000, Improvement=433
n=30000, coeff=11, trial=1, GT MIS=15000, Greedy MIS=14819, |S|=30000, Oracle MIS=14819, Improvement=0
n=30000, coeff=11, trial=1, GT MIS=15000, Greedy MIS=14819, |S|=30000, Oracle MIS=14819, Improvement=0
n=30000, coeff=11, trial=1, GT MIS=15000, Greedy MIS=14819, |S|=30000, Oracle MIS=14819, Improvement=0
n=30000, coeff=11, trial=1, GT MIS=15000, Greedy MIS=14819, |S|=29978, Oracle MIS=14797, Improvement=-22
n=30000, coeff=11, trial=1, GT MIS=15000, Greedy MIS=14819, |S|=29699, Oracle MIS=14940, Improvement=121
n=30000, coeff=11, trial=1, GT MIS=15000, Greedy MIS=14819, |S|=27707, Oracle MIS=15000, Improvement=181
n=30000, coeff=11, trial=1, GT MIS=15000, Greedy MIS=14819, |S|=22696, Oracle MIS=15000, Improvement=181
n=30000, coeff=11, trial=1, GT MIS=15000, Greedy MIS=14819, |S|=17785, Oracle MIS=15000, Improvement=181
n=30000, coeff=11, trial=1, GT MIS=15000, Greedy MIS=14819, |S|=15488, Oracle MIS=15000, Improvement=181
n=30000, coeff=11, trial=1, GT MIS=15000, Greedy MIS=14819, |S|=15034, Oracle MIS=15000, Improvement=181
n=30000, coeff=11, trial=2, GT MIS=15000, Greedy MIS=14941, |S|=30000, Oracle MIS=14941, Improvement=0
n=30000, coeff=11, trial=2, GT MIS=15000, Greedy MIS=14941, |S|=30000, Oracle MIS=14941, Improvement=0
n=30000, coeff=11, trial=2, GT MIS=15000, Greedy MIS=14941, |S|=30000, Oracle MIS=14941, Improvement=0
n=30000, coeff=11, trial=2, GT MIS=15000, Greedy MIS=14941, |S|=29986, Oracle MIS=14927, Improvement=-14
n=30000, coeff=11, trial=2, GT MIS=15000, Greedy MIS=14941, |S|=29683, Oracle MIS=14625, Improvement=-316
n=30000, coeff=11, trial=2, GT MIS=15000, Greedy MIS=14941, |S|=27572, Oracle MIS=15000, Improvement=59
n=30000, coeff=11, trial=2, GT MIS=15000, Greedy MIS=14941, |S|=22419, Oracle MIS=15000, Improvement=59
n=30000, coeff=11, trial=2, GT MIS=15000, Greedy MIS=14941, |S|=17452, Oracle MIS=15000, Improvement=59
n=30000, coeff=11, trial=2, GT MIS=15000, Greedy MIS=14941, |S|=15453, Oracle MIS=15000, Improvement=59
n=30000, coeff=11, trial=2, GT MIS=15000, Greedy MIS=14941, |S|=15039, Oracle MIS=15000, Improvement=59
n=30000, coeff=11, trial=3, GT MIS=15000, Greedy MIS=14791, |S|=30000, Oracle MIS=14791, Improvement=0
n=30000, coeff=11, trial=3, GT MIS=15000, Greedy MIS=14791, |S|=30000, Oracle MIS=14791, Improvement=0
n=30000, coeff=11, trial=3, GT MIS=15000, Greedy MIS=14791, |S|=30000, Oracle MIS=14791, Improvement=0
n=30000, coeff=11, trial=3, GT MIS=15000, Greedy MIS=14791, |S|=29995, Oracle MIS=14786, Improvement=-5
n=30000, coeff=11, trial=3, GT MIS=15000, Greedy MIS=14791, |S|=29753, Oracle MIS=13931, Improvement=-860
n=30000, coeff=11, trial=3, GT MIS=15000, Greedy MIS=14791, |S|=28001, Oracle MIS=15000, Improvement=209
n=30000, coeff=11, trial=3, GT MIS=15000, Greedy MIS=14791, |S|=22913, Oracle MIS=15000, Improvement=209
n=30000, coeff=11, trial=3, GT MIS=15000, Greedy MIS=14791, |S|=17638, Oracle MIS=15000, Improvement=209
n=30000, coeff=11, trial=3, GT MIS=15000, Greedy MIS=14791, |S|=15455, Oracle MIS=15000, Improvement=209
n=30000, coeff=11, trial=3, GT MIS=15000, Greedy MIS=14791, |S|=15043, Oracle MIS=15000, Improvement=209
n=30000, coeff=11, trial=4, GT MIS=15000, Greedy MIS=14565, |S|=30000, Oracle MIS=14565, Improvement=0
n=30000, coeff=11, trial=4, GT MIS=15000, Greedy MIS=14565, |S|=30000, Oracle MIS=14565, Improvement=0
n=30000, coeff=11, trial=4, GT MIS=15000, Greedy MIS=14565, |S|=30000, Oracle MIS=14565, Improvement=0
n=30000, coeff=11, trial=4, GT MIS=15000, Greedy MIS=14565, |S|=29990, Oracle MIS=14557, Improvement=-8
n=30000, coeff=11, trial=4, GT MIS=15000, Greedy MIS=14565, |S|=29677, Oracle MIS=14690, Improvement=125
n=30000, coeff=11, trial=4, GT MIS=15000, Greedy MIS=14565, |S|=27438, Oracle MIS=15000, Improvement=435
n=30000, coeff=11, trial=4, GT MIS=15000, Greedy MIS=14565, |S|=21997, Oracle MIS=15000, Improvement=435
n=30000, coeff=11, trial=4, GT MIS=15000, Greedy MIS=14565, |S|=17244, Oracle MIS=15000, Improvement=435
n=30000, coeff=11, trial=4, GT MIS=15000, Greedy MIS=14565, |S|=15394, Oracle MIS=15000, Improvement=435
n=30000, coeff=11, trial=4, GT MIS=15000, Greedy MIS=14565, |S|=15037, Oracle MIS=15000, Improvement=435
n=30000, coeff=11, trial=5, GT MIS=15000, Greedy MIS=14750, |S|=30000, Oracle MIS=14750, Improvement=0
n=30000, coeff=11, trial=5, GT MIS=15000, Greedy MIS=14750, |S|=30000, Oracle MIS=14750, Improvement=0
n=30000, coeff=11, trial=5, GT MIS=15000, Greedy MIS=14750, |S|=30000, Oracle MIS=14750, Improvement=0
n=30000, coeff=11, trial=5, GT MIS=15000, Greedy MIS=14750, |S|=29984, Oracle MIS=14734, Improvement=-16
n=30000, coeff=11, trial=5, GT MIS=15000, Greedy MIS=14750, |S|=29622, Oracle MIS=14718, Improvement=-32
n=30000, coeff=11, trial=5, GT MIS=15000, Greedy MIS=14750, |S|=27251, Oracle MIS=15000, Improvement=250
n=30000, coeff=11, trial=5, GT MIS=15000, Greedy MIS=14750, |S|=21977, Oracle MIS=15000, Improvement=250
n=30000, coeff=11, trial=5, GT MIS=15000, Greedy MIS=14750, |S|=17208, Oracle MIS=15000, Improvement=250
n=30000, coeff=11, trial=5, GT MIS=15000, Greedy MIS=14750, |S|=15394, Oracle MIS=15000, Improvement=250
n=30000, coeff=11, trial=5, GT MIS=15000, Greedy MIS=14750, |S|=15023, Oracle MIS=15000, Improvement=250
n=30000, coeff=11, trial=6, GT MIS=15000, Greedy MIS=14691, |S|=30000, Oracle MIS=14691, Improvement=0
n=30000, coeff=11, trial=6, GT MIS=15000, Greedy MIS=14691, |S|=30000, Oracle MIS=14691, Improvement=0
n=30000, coeff=11, trial=6, GT MIS=15000, Greedy MIS=14691, |S|=30000, Oracle MIS=14691, Improvement=0
n=30000, coeff=11, trial=6, GT MIS=15000, Greedy MIS=14691, |S|=29986, Oracle MIS=14677, Improvement=-14
n=30000, coeff=11, trial=6, GT MIS=15000, Greedy MIS=14691, |S|=29737, Oracle MIS=14379, Improvement=-312
n=30000, coeff=11, trial=6, GT MIS=15000, Greedy MIS=14691, |S|=27787, Oracle MIS=15000, Improvement=309
n=30000, coeff=11, trial=6, GT MIS=15000, Greedy MIS=14691, |S|=22596, Oracle MIS=15000, Improvement=309
n=30000, coeff=11, trial=6, GT MIS=15000, Greedy MIS=14691, |S|=17397, Oracle MIS=15000, Improvement=309
n=30000, coeff=11, trial=6, GT MIS=15000, Greedy MIS=14691, |S|=15388, Oracle MIS=15000, Improvement=309
n=30000, coeff=11, trial=6, GT MIS=15000, Greedy MIS=14691, |S|=15028, Oracle MIS=15000, Improvement=309
n=30000, coeff=11, trial=7, GT MIS=15000, Greedy MIS=14729, |S|=30000, Oracle MIS=14729, Improvement=0
n=30000, coeff=11, trial=7, GT MIS=15000, Greedy MIS=14729, |S|=30000, Oracle MIS=14729, Improvement=0
n=30000, coeff=11, trial=7, GT MIS=15000, Greedy MIS=14729, |S|=30000, Oracle MIS=14729, Improvement=0
n=30000, coeff=11, trial=7, GT MIS=15000, Greedy MIS=14729, |S|=29989, Oracle MIS=14729, Improvement=0
n=30000, coeff=11, trial=7, GT MIS=15000, Greedy MIS=14729, |S|=29673, Oracle MIS=14825, Improvement=96
n=30000, coeff=11, trial=7, GT MIS=15000, Greedy MIS=14729, |S|=27563, Oracle MIS=15000, Improvement=271
n=30000, coeff=11, trial=7, GT MIS=15000, Greedy MIS=14729, |S|=22248, Oracle MIS=15000, Improvement=271
n=30000, coeff=11, trial=7, GT MIS=15000, Greedy MIS=14729, |S|=17316, Oracle MIS=15000, Improvement=271
n=30000, coeff=11, trial=7, GT MIS=15000, Greedy MIS=14729, |S|=15389, Oracle MIS=15000, Improvement=271
n=30000, coeff=11, trial=7, GT MIS=15000, Greedy MIS=14729, |S|=15039, Oracle MIS=15000, Improvement=271
n=30000, coeff=11, trial=8, GT MIS=15000, Greedy MIS=14779, |S|=30000, Oracle MIS=14779, Improvement=0
n=30000, coeff=11, trial=8, GT MIS=15000, Greedy MIS=14779, |S|=30000, Oracle MIS=14779, Improvement=0
n=30000, coeff=11, trial=8, GT MIS=15000, Greedy MIS=14779, |S|=30000, Oracle MIS=14779, Improvement=0
n=30000, coeff=11, trial=8, GT MIS=15000, Greedy MIS=14779, |S|=29979, Oracle MIS=14759, Improvement=-20
n=30000, coeff=11, trial=8, GT MIS=15000, Greedy MIS=14779, |S|=29664, Oracle MIS=14722, Improvement=-57
n=30000, coeff=11, trial=8, GT MIS=15000, Greedy MIS=14779, |S|=27395, Oracle MIS=15000, Improvement=221
n=30000, coeff=11, trial=8, GT MIS=15000, Greedy MIS=14779, |S|=22216, Oracle MIS=15000, Improvement=221
n=30000, coeff=11, trial=8, GT MIS=15000, Greedy MIS=14779, |S|=17382, Oracle MIS=15000, Improvement=221
n=30000, coeff=11, trial=8, GT MIS=15000, Greedy MIS=14779, |S|=15414, Oracle MIS=15000, Improvement=221
n=30000, coeff=11, trial=8, GT MIS=15000, Greedy MIS=14779, |S|=15033, Oracle MIS=15000, Improvement=221
n=30000, coeff=11, trial=9, GT MIS=15000, Greedy MIS=14760, |S|=30000, Oracle MIS=14760, Improvement=0
n=30000, coeff=11, trial=9, GT MIS=15000, Greedy MIS=14760, |S|=30000, Oracle MIS=14760, Improvement=0
n=30000, coeff=11, trial=9, GT MIS=15000, Greedy MIS=14760, |S|=30000, Oracle MIS=14760, Improvement=0
n=30000, coeff=11, trial=9, GT MIS=15000, Greedy MIS=14760, |S|=29988, Oracle MIS=14748, Improvement=-12
n=30000, coeff=11, trial=9, GT MIS=15000, Greedy MIS=14760, |S|=29676, Oracle MIS=14080, Improvement=-680
n=30000, coeff=11, trial=9, GT MIS=15000, Greedy MIS=14760, |S|=27595, Oracle MIS=14975, Improvement=215
n=30000, coeff=11, trial=9, GT MIS=15000, Greedy MIS=14760, |S|=22526, Oracle MIS=15000, Improvement=240
n=30000, coeff=11, trial=9, GT MIS=15000, Greedy MIS=14760, |S|=17654, Oracle MIS=15000, Improvement=240
n=30000, coeff=11, trial=9, GT MIS=15000, Greedy MIS=14760, |S|=15438, Oracle MIS=15000, Improvement=240
n=30000, coeff=11, trial=9, GT MIS=15000, Greedy MIS=14760, |S|=15035, Oracle MIS=15000, Improvement=240
n=30000, coeff=12, trial=0, GT MIS=15000, Greedy MIS=14836, |S|=30000, Oracle MIS=14836, Improvement=0
n=30000, coeff=12, trial=0, GT MIS=15000, Greedy MIS=14836, |S|=30000, Oracle MIS=14836, Improvement=0
n=30000, coeff=12, trial=0, GT MIS=15000, Greedy MIS=14836, |S|=30000, Oracle MIS=14836, Improvement=0
n=30000, coeff=12, trial=0, GT MIS=15000, Greedy MIS=14836, |S|=29987, Oracle MIS=14823, Improvement=-13
n=30000, coeff=12, trial=0, GT MIS=15000, Greedy MIS=14836, |S|=29641, Oracle MIS=14966, Improvement=130
n=30000, coeff=12, trial=0, GT MIS=15000, Greedy MIS=14836, |S|=27285, Oracle MIS=15000, Improvement=164
n=30000, coeff=12, trial=0, GT MIS=15000, Greedy MIS=14836, |S|=21572, Oracle MIS=15000, Improvement=164
n=30000, coeff=12, trial=0, GT MIS=15000, Greedy MIS=14836, |S|=16860, Oracle MIS=15000, Improvement=164
n=30000, coeff=12, trial=0, GT MIS=15000, Greedy MIS=14836, |S|=15236, Oracle MIS=15000, Improvement=164
n=30000, coeff=12, trial=0, GT MIS=15000, Greedy MIS=14836, |S|=15015, Oracle MIS=15000, Improvement=164
n=30000, coeff=12, trial=1, GT MIS=15000, Greedy MIS=14930, |S|=30000, Oracle MIS=14930, Improvement=0
n=30000, coeff=12, trial=1, GT MIS=15000, Greedy MIS=14930, |S|=30000, Oracle MIS=14930, Improvement=0
n=30000, coeff=12, trial=1, GT MIS=15000, Greedy MIS=14930, |S|=30000, Oracle MIS=14930, Improvement=0
n=30000, coeff=12, trial=1, GT MIS=15000, Greedy MIS=14930, |S|=29975, Oracle MIS=14905, Improvement=-25
n=30000, coeff=12, trial=1, GT MIS=15000, Greedy MIS=14930, |S|=29620, Oracle MIS=14896, Improvement=-34
n=30000, coeff=12, trial=1, GT MIS=15000, Greedy MIS=14930, |S|=27266, Oracle MIS=15000, Improvement=70
n=30000, coeff=12, trial=1, GT MIS=15000, Greedy MIS=14930, |S|=21736, Oracle MIS=15000, Improvement=70
n=30000, coeff=12, trial=1, GT MIS=15000, Greedy MIS=14930, |S|=17149, Oracle MIS=15000, Improvement=70
n=30000, coeff=12, trial=1, GT MIS=15000, Greedy MIS=14930, |S|=15274, Oracle MIS=15000, Improvement=70
n=30000, coeff=12, trial=1, GT MIS=15000, Greedy MIS=14930, |S|=15015, Oracle MIS=15000, Improvement=70
n=30000, coeff=12, trial=2, GT MIS=15000, Greedy MIS=14934, |S|=30000, Oracle MIS=14934, Improvement=0
n=30000, coeff=12, trial=2, GT MIS=15000, Greedy MIS=14934, |S|=30000, Oracle MIS=14934, Improvement=0
n=30000, coeff=12, trial=2, GT MIS=15000, Greedy MIS=14934, |S|=30000, Oracle MIS=14934, Improvement=0
n=30000, coeff=12, trial=2, GT MIS=15000, Greedy MIS=14934, |S|=29984, Oracle MIS=14918, Improvement=-16
n=30000, coeff=12, trial=2, GT MIS=15000, Greedy MIS=14934, |S|=29595, Oracle MIS=14217, Improvement=-717
n=30000, coeff=12, trial=2, GT MIS=15000, Greedy MIS=14934, |S|=27198, Oracle MIS=15000, Improvement=66
n=30000, coeff=12, trial=2, GT MIS=15000, Greedy MIS=14934, |S|=21432, Oracle MIS=15000, Improvement=66
n=30000, coeff=12, trial=2, GT MIS=15000, Greedy MIS=14934, |S|=16810, Oracle MIS=15000, Improvement=66
n=30000, coeff=12, trial=2, GT MIS=15000, Greedy MIS=14934, |S|=15262, Oracle MIS=15000, Improvement=66
n=30000, coeff=12, trial=2, GT MIS=15000, Greedy MIS=14934, |S|=15015, Oracle MIS=15000, Improvement=66
n=30000, coeff=12, trial=3, GT MIS=15000, Greedy MIS=14865, |S|=30000, Oracle MIS=14865, Improvement=0
n=30000, coeff=12, trial=3, GT MIS=15000, Greedy MIS=14865, |S|=30000, Oracle MIS=14865, Improvement=0
n=30000, coeff=12, trial=3, GT MIS=15000, Greedy MIS=14865, |S|=30000, Oracle MIS=14865, Improvement=0
n=30000, coeff=12, trial=3, GT MIS=15000, Greedy MIS=14865, |S|=29990, Oracle MIS=14855, Improvement=-10
n=30000, coeff=12, trial=3, GT MIS=15000, Greedy MIS=14865, |S|=29683, Oracle MIS=14064, Improvement=-801
n=30000, coeff=12, trial=3, GT MIS=15000, Greedy MIS=14865, |S|=27607, Oracle MIS=15000, Improvement=135
n=30000, coeff=12, trial=3, GT MIS=15000, Greedy MIS=14865, |S|=21964, Oracle MIS=15000, Improvement=135
n=30000, coeff=12, trial=3, GT MIS=15000, Greedy MIS=14865, |S|=17022, Oracle MIS=15000, Improvement=135
n=30000, coeff=12, trial=3, GT MIS=15000, Greedy MIS=14865, |S|=15275, Oracle MIS=15000, Improvement=135
n=30000, coeff=12, trial=3, GT MIS=15000, Greedy MIS=14865, |S|=15018, Oracle MIS=15000, Improvement=135
n=30000, coeff=12, trial=4, GT MIS=15000, Greedy MIS=14614, |S|=30000, Oracle MIS=14614, Improvement=0
n=30000, coeff=12, trial=4, GT MIS=15000, Greedy MIS=14614, |S|=30000, Oracle MIS=14614, Improvement=0
n=30000, coeff=12, trial=4, GT MIS=15000, Greedy MIS=14614, |S|=30000, Oracle MIS=14614, Improvement=0
n=30000, coeff=12, trial=4, GT MIS=15000, Greedy MIS=14614, |S|=29984, Oracle MIS=14614, Improvement=0
n=30000, coeff=12, trial=4, GT MIS=15000, Greedy MIS=14614, |S|=29607, Oracle MIS=14902, Improvement=288
n=30000, coeff=12, trial=4, GT MIS=15000, Greedy MIS=14614, |S|=26919, Oracle MIS=15000, Improvement=386
n=30000, coeff=12, trial=4, GT MIS=15000, Greedy MIS=14614, |S|=21107, Oracle MIS=15000, Improvement=386
n=30000, coeff=12, trial=4, GT MIS=15000, Greedy MIS=14614, |S|=16685, Oracle MIS=15000, Improvement=386
n=30000, coeff=12, trial=4, GT MIS=15000, Greedy MIS=14614, |S|=15216, Oracle MIS=15000, Improvement=386
n=30000, coeff=12, trial=4, GT MIS=15000, Greedy MIS=14614, |S|=15013, Oracle MIS=15000, Improvement=386
n=30000, coeff=12, trial=5, GT MIS=15000, Greedy MIS=14259, |S|=30000, Oracle MIS=14259, Improvement=0
n=30000, coeff=12, trial=5, GT MIS=15000, Greedy MIS=14259, |S|=30000, Oracle MIS=14259, Improvement=0
n=30000, coeff=12, trial=5, GT MIS=15000, Greedy MIS=14259, |S|=30000, Oracle MIS=14259, Improvement=0
n=30000, coeff=12, trial=5, GT MIS=15000, Greedy MIS=14259, |S|=29982, Oracle MIS=14259, Improvement=0
n=30000, coeff=12, trial=5, GT MIS=15000, Greedy MIS=14259, |S|=29535, Oracle MIS=14865, Improvement=606
n=30000, coeff=12, trial=5, GT MIS=15000, Greedy MIS=14259, |S|=26749, Oracle MIS=15000, Improvement=741
n=30000, coeff=12, trial=5, GT MIS=15000, Greedy MIS=14259, |S|=20958, Oracle MIS=15000, Improvement=741
n=30000, coeff=12, trial=5, GT MIS=15000, Greedy MIS=14259, |S|=16648, Oracle MIS=15000, Improvement=741
n=30000, coeff=12, trial=5, GT MIS=15000, Greedy MIS=14259, |S|=15216, Oracle MIS=15000, Improvement=741
n=30000, coeff=12, trial=5, GT MIS=15000, Greedy MIS=14259, |S|=15011, Oracle MIS=15000, Improvement=741
n=30000, coeff=12, trial=6, GT MIS=15000, Greedy MIS=14967, |S|=30000, Oracle MIS=14967, Improvement=0
n=30000, coeff=12, trial=6, GT MIS=15000, Greedy MIS=14967, |S|=30000, Oracle MIS=14967, Improvement=0
n=30000, coeff=12, trial=6, GT MIS=15000, Greedy MIS=14967, |S|=30000, Oracle MIS=14967, Improvement=0
n=30000, coeff=12, trial=6, GT MIS=15000, Greedy MIS=14967, |S|=29986, Oracle MIS=14953, Improvement=-14
n=30000, coeff=12, trial=6, GT MIS=15000, Greedy MIS=14967, |S|=29683, Oracle MIS=14443, Improvement=-524
n=30000, coeff=12, trial=6, GT MIS=15000, Greedy MIS=14967, |S|=27383, Oracle MIS=15000, Improvement=33
n=30000, coeff=12, trial=6, GT MIS=15000, Greedy MIS=14967, |S|=21616, Oracle MIS=15000, Improvement=33
n=30000, coeff=12, trial=6, GT MIS=15000, Greedy MIS=14967, |S|=16772, Oracle MIS=15000, Improvement=33
n=30000, coeff=12, trial=6, GT MIS=15000, Greedy MIS=14967, |S|=15230, Oracle MIS=15000, Improvement=33
n=30000, coeff=12, trial=6, GT MIS=15000, Greedy MIS=14967, |S|=15010, Oracle MIS=15000, Improvement=33
n=30000, coeff=12, trial=7, GT MIS=15000, Greedy MIS=14799, |S|=30000, Oracle MIS=14799, Improvement=0
n=30000, coeff=12, trial=7, GT MIS=15000, Greedy MIS=14799, |S|=30000, Oracle MIS=14799, Improvement=0
n=30000, coeff=12, trial=7, GT MIS=15000, Greedy MIS=14799, |S|=30000, Oracle MIS=14799, Improvement=0
n=30000, coeff=12, trial=7, GT MIS=15000, Greedy MIS=14799, |S|=29985, Oracle MIS=14784, Improvement=-15
n=30000, coeff=12, trial=7, GT MIS=15000, Greedy MIS=14799, |S|=29574, Oracle MIS=14800, Improvement=1
n=30000, coeff=12, trial=7, GT MIS=15000, Greedy MIS=14799, |S|=27121, Oracle MIS=15000, Improvement=201
n=30000, coeff=12, trial=7, GT MIS=15000, Greedy MIS=14799, |S|=21280, Oracle MIS=15000, Improvement=201
n=30000, coeff=12, trial=7, GT MIS=15000, Greedy MIS=14799, |S|=16693, Oracle MIS=15000, Improvement=201
n=30000, coeff=12, trial=7, GT MIS=15000, Greedy MIS=14799, |S|=15240, Oracle MIS=15000, Improvement=201
n=30000, coeff=12, trial=7, GT MIS=15000, Greedy MIS=14799, |S|=15019, Oracle MIS=15000, Improvement=201
n=30000, coeff=12, trial=8, GT MIS=15000, Greedy MIS=14646, |S|=30000, Oracle MIS=14646, Improvement=0
n=30000, coeff=12, trial=8, GT MIS=15000, Greedy MIS=14646, |S|=30000, Oracle MIS=14646, Improvement=0
n=30000, coeff=12, trial=8, GT MIS=15000, Greedy MIS=14646, |S|=30000, Oracle MIS=14646, Improvement=0
n=30000, coeff=12, trial=8, GT MIS=15000, Greedy MIS=14646, |S|=29979, Oracle MIS=14625, Improvement=-21
n=30000, coeff=12, trial=8, GT MIS=15000, Greedy MIS=14646, |S|=29571, Oracle MIS=14829, Improvement=183
n=30000, coeff=12, trial=8, GT MIS=15000, Greedy MIS=14646, |S|=26874, Oracle MIS=15000, Improvement=354
n=30000, coeff=12, trial=8, GT MIS=15000, Greedy MIS=14646, |S|=21300, Oracle MIS=15000, Improvement=354
n=30000, coeff=12, trial=8, GT MIS=15000, Greedy MIS=14646, |S|=16782, Oracle MIS=15000, Improvement=354
n=30000, coeff=12, trial=8, GT MIS=15000, Greedy MIS=14646, |S|=15231, Oracle MIS=15000, Improvement=354
n=30000, coeff=12, trial=8, GT MIS=15000, Greedy MIS=14646, |S|=15013, Oracle MIS=15000, Improvement=354
n=30000, coeff=12, trial=9, GT MIS=15000, Greedy MIS=14657, |S|=30000, Oracle MIS=14657, Improvement=0
n=30000, coeff=12, trial=9, GT MIS=15000, Greedy MIS=14657, |S|=30000, Oracle MIS=14657, Improvement=0
n=30000, coeff=12, trial=9, GT MIS=15000, Greedy MIS=14657, |S|=30000, Oracle MIS=14657, Improvement=0
n=30000, coeff=12, trial=9, GT MIS=15000, Greedy MIS=14657, |S|=29977, Oracle MIS=14599, Improvement=-58
n=30000, coeff=12, trial=9, GT MIS=15000, Greedy MIS=14657, |S|=29608, Oracle MIS=14800, Improvement=143
n=30000, coeff=12, trial=9, GT MIS=15000, Greedy MIS=14657, |S|=27175, Oracle MIS=15000, Improvement=343
n=30000, coeff=12, trial=9, GT MIS=15000, Greedy MIS=14657, |S|=21539, Oracle MIS=15000, Improvement=343
n=30000, coeff=12, trial=9, GT MIS=15000, Greedy MIS=14657, |S|=16981, Oracle MIS=15000, Improvement=343
n=30000, coeff=12, trial=9, GT MIS=15000, Greedy MIS=14657, |S|=15253, Oracle MIS=15000, Improvement=343
n=30000, coeff=12, trial=9, GT MIS=15000, Greedy MIS=14657, |S|=15014, Oracle MIS=15000, Improvement=343
n=30000, coeff=13, trial=0, GT MIS=15000, Greedy MIS=14849, |S|=30000, Oracle MIS=14849, Improvement=0
n=30000, coeff=13, trial=0, GT MIS=15000, Greedy MIS=14849, |S|=30000, Oracle MIS=14849, Improvement=0
n=30000, coeff=13, trial=0, GT MIS=15000, Greedy MIS=14849, |S|=30000, Oracle MIS=14849, Improvement=0
n=30000, coeff=13, trial=0, GT MIS=15000, Greedy MIS=14849, |S|=29988, Oracle MIS=14837, Improvement=-12
n=30000, coeff=13, trial=0, GT MIS=15000, Greedy MIS=14849, |S|=29606, Oracle MIS=14844, Improvement=-5
n=30000, coeff=13, trial=0, GT MIS=15000, Greedy MIS=14849, |S|=26831, Oracle MIS=15000, Improvement=151
n=30000, coeff=13, trial=0, GT MIS=15000, Greedy MIS=14849, |S|=20741, Oracle MIS=15000, Improvement=151
n=30000, coeff=13, trial=0, GT MIS=15000, Greedy MIS=14849, |S|=16383, Oracle MIS=15000, Improvement=151
n=30000, coeff=13, trial=0, GT MIS=15000, Greedy MIS=14849, |S|=15125, Oracle MIS=15000, Improvement=151
n=30000, coeff=13, trial=0, GT MIS=15000, Greedy MIS=14849, |S|=15011, Oracle MIS=14999, Improvement=150
n=30000, coeff=13, trial=1, GT MIS=15000, Greedy MIS=14924, |S|=30000, Oracle MIS=14924, Improvement=0
n=30000, coeff=13, trial=1, GT MIS=15000, Greedy MIS=14924, |S|=30000, Oracle MIS=14924, Improvement=0
n=30000, coeff=13, trial=1, GT MIS=15000, Greedy MIS=14924, |S|=30000, Oracle MIS=14924, Improvement=0
n=30000, coeff=13, trial=1, GT MIS=15000, Greedy MIS=14924, |S|=29980, Oracle MIS=14672, Improvement=-252
n=30000, coeff=13, trial=1, GT MIS=15000, Greedy MIS=14924, |S|=29521, Oracle MIS=14888, Improvement=-36
n=30000, coeff=13, trial=1, GT MIS=15000, Greedy MIS=14924, |S|=26780, Oracle MIS=15000, Improvement=76
n=30000, coeff=13, trial=1, GT MIS=15000, Greedy MIS=14924, |S|=20912, Oracle MIS=15000, Improvement=76
n=30000, coeff=13, trial=1, GT MIS=15000, Greedy MIS=14924, |S|=16599, Oracle MIS=15000, Improvement=76
n=30000, coeff=13, trial=1, GT MIS=15000, Greedy MIS=14924, |S|=15167, Oracle MIS=15000, Improvement=76
n=30000, coeff=13, trial=1, GT MIS=15000, Greedy MIS=14924, |S|=15008, Oracle MIS=15000, Improvement=76
n=30000, coeff=13, trial=2, GT MIS=15000, Greedy MIS=14962, |S|=30000, Oracle MIS=14962, Improvement=0
n=30000, coeff=13, trial=2, GT MIS=15000, Greedy MIS=14962, |S|=30000, Oracle MIS=14962, Improvement=0
n=30000, coeff=13, trial=2, GT MIS=15000, Greedy MIS=14962, |S|=30000, Oracle MIS=14962, Improvement=0
n=30000, coeff=13, trial=2, GT MIS=15000, Greedy MIS=14962, |S|=29985, Oracle MIS=14947, Improvement=-15
n=30000, coeff=13, trial=2, GT MIS=15000, Greedy MIS=14962, |S|=29524, Oracle MIS=14382, Improvement=-580
n=30000, coeff=13, trial=2, GT MIS=15000, Greedy MIS=14962, |S|=26633, Oracle MIS=15000, Improvement=38
n=30000, coeff=13, trial=2, GT MIS=15000, Greedy MIS=14962, |S|=20535, Oracle MIS=15000, Improvement=38
n=30000, coeff=13, trial=2, GT MIS=15000, Greedy MIS=14962, |S|=16352, Oracle MIS=15000, Improvement=38
n=30000, coeff=13, trial=2, GT MIS=15000, Greedy MIS=14962, |S|=15154, Oracle MIS=15000, Improvement=38
n=30000, coeff=13, trial=2, GT MIS=15000, Greedy MIS=14962, |S|=15007, Oracle MIS=15000, Improvement=38
n=30000, coeff=13, trial=3, GT MIS=15000, Greedy MIS=14771, |S|=30000, Oracle MIS=14771, Improvement=0
n=30000, coeff=13, trial=3, GT MIS=15000, Greedy MIS=14771, |S|=30000, Oracle MIS=14771, Improvement=0
n=30000, coeff=13, trial=3, GT MIS=15000, Greedy MIS=14771, |S|=30000, Oracle MIS=14771, Improvement=0
n=30000, coeff=13, trial=3, GT MIS=15000, Greedy MIS=14771, |S|=29986, Oracle MIS=14358, Improvement=-413
n=30000, coeff=13, trial=3, GT MIS=15000, Greedy MIS=14771, |S|=29610, Oracle MIS=14767, Improvement=-4
n=30000, coeff=13, trial=3, GT MIS=15000, Greedy MIS=14771, |S|=27089, Oracle MIS=15000, Improvement=229
n=30000, coeff=13, trial=3, GT MIS=15000, Greedy MIS=14771, |S|=21004, Oracle MIS=15000, Improvement=229
n=30000, coeff=13, trial=3, GT MIS=15000, Greedy MIS=14771, |S|=16507, Oracle MIS=15000, Improvement=229
n=30000, coeff=13, trial=3, GT MIS=15000, Greedy MIS=14771, |S|=15161, Oracle MIS=15000, Improvement=229
n=30000, coeff=13, trial=3, GT MIS=15000, Greedy MIS=14771, |S|=15008, Oracle MIS=15000, Improvement=229
n=30000, coeff=13, trial=4, GT MIS=15000, Greedy MIS=14585, |S|=30000, Oracle MIS=14585, Improvement=0
n=30000, coeff=13, trial=4, GT MIS=15000, Greedy MIS=14585, |S|=30000, Oracle MIS=14585, Improvement=0
n=30000, coeff=13, trial=4, GT MIS=15000, Greedy MIS=14585, |S|=30000, Oracle MIS=14585, Improvement=0
n=30000, coeff=13, trial=4, GT MIS=15000, Greedy MIS=14585, |S|=29980, Oracle MIS=14565, Improvement=-20
n=30000, coeff=13, trial=4, GT MIS=15000, Greedy MIS=14585, |S|=29495, Oracle MIS=14889, Improvement=304
n=30000, coeff=13, trial=4, GT MIS=15000, Greedy MIS=14585, |S|=26389, Oracle MIS=15000, Improvement=415
n=30000, coeff=13, trial=4, GT MIS=15000, Greedy MIS=14585, |S|=20205, Oracle MIS=15000, Improvement=415
n=30000, coeff=13, trial=4, GT MIS=15000, Greedy MIS=14585, |S|=16224, Oracle MIS=15000, Improvement=415
n=30000, coeff=13, trial=4, GT MIS=15000, Greedy MIS=14585, |S|=15128, Oracle MIS=15000, Improvement=415
n=30000, coeff=13, trial=4, GT MIS=15000, Greedy MIS=14585, |S|=15006, Oracle MIS=15000, Improvement=415
n=30000, coeff=13, trial=5, GT MIS=15000, Greedy MIS=14411, |S|=30000, Oracle MIS=14411, Improvement=0
n=30000, coeff=13, trial=5, GT MIS=15000, Greedy MIS=14411, |S|=30000, Oracle MIS=14411, Improvement=0
n=30000, coeff=13, trial=5, GT MIS=15000, Greedy MIS=14411, |S|=30000, Oracle MIS=14411, Improvement=0
n=30000, coeff=13, trial=5, GT MIS=15000, Greedy MIS=14411, |S|=29979, Oracle MIS=14351, Improvement=-60
n=30000, coeff=13, trial=5, GT MIS=15000, Greedy MIS=14411, |S|=29452, Oracle MIS=14962, Improvement=551
n=30000, coeff=13, trial=5, GT MIS=15000, Greedy MIS=14411, |S|=26163, Oracle MIS=15000, Improvement=589
n=30000, coeff=13, trial=5, GT MIS=15000, Greedy MIS=14411, |S|=20131, Oracle MIS=15000, Improvement=589
n=30000, coeff=13, trial=5, GT MIS=15000, Greedy MIS=14411, |S|=16166, Oracle MIS=15000, Improvement=589
n=30000, coeff=13, trial=5, GT MIS=15000, Greedy MIS=14411, |S|=15119, Oracle MIS=15000, Improvement=589
n=30000, coeff=13, trial=5, GT MIS=15000, Greedy MIS=14411, |S|=15004, Oracle MIS=15000, Improvement=589
n=30000, coeff=13, trial=6, GT MIS=15000, Greedy MIS=14766, |S|=30000, Oracle MIS=14766, Improvement=0
n=30000, coeff=13, trial=6, GT MIS=15000, Greedy MIS=14766, |S|=30000, Oracle MIS=14766, Improvement=0
n=30000, coeff=13, trial=6, GT MIS=15000, Greedy MIS=14766, |S|=30000, Oracle MIS=14766, Improvement=0
n=30000, coeff=13, trial=6, GT MIS=15000, Greedy MIS=14766, |S|=29983, Oracle MIS=14749, Improvement=-17
n=30000, coeff=13, trial=6, GT MIS=15000, Greedy MIS=14766, |S|=29629, Oracle MIS=14403, Improvement=-363
n=30000, coeff=13, trial=6, GT MIS=15000, Greedy MIS=14766, |S|=26934, Oracle MIS=15000, Improvement=234
n=30000, coeff=13, trial=6, GT MIS=15000, Greedy MIS=14766, |S|=20674, Oracle MIS=15000, Improvement=234
n=30000, coeff=13, trial=6, GT MIS=15000, Greedy MIS=14766, |S|=16307, Oracle MIS=15000, Improvement=234
n=30000, coeff=13, trial=6, GT MIS=15000, Greedy MIS=14766, |S|=15131, Oracle MIS=15000, Improvement=234
n=30000, coeff=13, trial=6, GT MIS=15000, Greedy MIS=14766, |S|=15005, Oracle MIS=15000, Improvement=234
n=30000, coeff=13, trial=7, GT MIS=15000, Greedy MIS=14541, |S|=30000, Oracle MIS=14541, Improvement=0
n=30000, coeff=13, trial=7, GT MIS=15000, Greedy MIS=14541, |S|=30000, Oracle MIS=14541, Improvement=0
n=30000, coeff=13, trial=7, GT MIS=15000, Greedy MIS=14541, |S|=29999, Oracle MIS=14540, Improvement=-1
n=30000, coeff=13, trial=7, GT MIS=15000, Greedy MIS=14541, |S|=29980, Oracle MIS=14522, Improvement=-19
n=30000, coeff=13, trial=7, GT MIS=15000, Greedy MIS=14541, |S|=29489, Oracle MIS=14929, Improvement=388
n=30000, coeff=13, trial=7, GT MIS=15000, Greedy MIS=14541, |S|=26618, Oracle MIS=15000, Improvement=459
n=30000, coeff=13, trial=7, GT MIS=15000, Greedy MIS=14541, |S|=20504, Oracle MIS=15000, Improvement=459
n=30000, coeff=13, trial=7, GT MIS=15000, Greedy MIS=14541, |S|=16249, Oracle MIS=15000, Improvement=459
n=30000, coeff=13, trial=7, GT MIS=15000, Greedy MIS=14541, |S|=15139, Oracle MIS=14999, Improvement=458
n=30000, coeff=13, trial=7, GT MIS=15000, Greedy MIS=14541, |S|=15010, Oracle MIS=14999, Improvement=458
n=30000, coeff=13, trial=8, GT MIS=15000, Greedy MIS=14925, |S|=30000, Oracle MIS=14925, Improvement=0
n=30000, coeff=13, trial=8, GT MIS=15000, Greedy MIS=14925, |S|=30000, Oracle MIS=14925, Improvement=0
n=30000, coeff=13, trial=8, GT MIS=15000, Greedy MIS=14925, |S|=30000, Oracle MIS=14925, Improvement=0
n=30000, coeff=13, trial=8, GT MIS=15000, Greedy MIS=14925, |S|=29972, Oracle MIS=14780, Improvement=-145
n=30000, coeff=13, trial=8, GT MIS=15000, Greedy MIS=14925, |S|=29482, Oracle MIS=15000, Improvement=75
n=30000, coeff=13, trial=8, GT MIS=15000, Greedy MIS=14925, |S|=26284, Oracle MIS=15000, Improvement=75
n=30000, coeff=13, trial=8, GT MIS=15000, Greedy MIS=14925, |S|=20403, Oracle MIS=15000, Improvement=75
n=30000, coeff=13, trial=8, GT MIS=15000, Greedy MIS=14925, |S|=16305, Oracle MIS=15000, Improvement=75
n=30000, coeff=13, trial=8, GT MIS=15000, Greedy MIS=14925, |S|=15132, Oracle MIS=15000, Improvement=75
n=30000, coeff=13, trial=8, GT MIS=15000, Greedy MIS=14925, |S|=15003, Oracle MIS=15000, Improvement=75
n=30000, coeff=13, trial=9, GT MIS=15000, Greedy MIS=14738, |S|=30000, Oracle MIS=14738, Improvement=0
n=30000, coeff=13, trial=9, GT MIS=15000, Greedy MIS=14738, |S|=30000, Oracle MIS=14738, Improvement=0
n=30000, coeff=13, trial=9, GT MIS=15000, Greedy MIS=14738, |S|=30000, Oracle MIS=14738, Improvement=0
n=30000, coeff=13, trial=9, GT MIS=15000, Greedy MIS=14738, |S|=29983, Oracle MIS=14721, Improvement=-17
n=30000, coeff=13, trial=9, GT MIS=15000, Greedy MIS=14738, |S|=29537, Oracle MIS=14817, Improvement=79
n=30000, coeff=13, trial=9, GT MIS=15000, Greedy MIS=14738, |S|=26688, Oracle MIS=15000, Improvement=262
n=30000, coeff=13, trial=9, GT MIS=15000, Greedy MIS=14738, |S|=20657, Oracle MIS=15000, Improvement=262
n=30000, coeff=13, trial=9, GT MIS=15000, Greedy MIS=14738, |S|=16467, Oracle MIS=15000, Improvement=262
n=30000, coeff=13, trial=9, GT MIS=15000, Greedy MIS=14738, |S|=15148, Oracle MIS=15000, Improvement=262
n=30000, coeff=13, trial=9, GT MIS=15000, Greedy MIS=14738, |S|=15012, Oracle MIS=15000, Improvement=262
n=30000, coeff=14, trial=0, GT MIS=15000, Greedy MIS=14651, |S|=30000, Oracle MIS=14651, Improvement=0
n=30000, coeff=14, trial=0, GT MIS=15000, Greedy MIS=14651, |S|=30000, Oracle MIS=14651, Improvement=0
n=30000, coeff=14, trial=0, GT MIS=15000, Greedy MIS=14651, |S|=30000, Oracle MIS=14651, Improvement=0
n=30000, coeff=14, trial=0, GT MIS=15000, Greedy MIS=14651, |S|=29981, Oracle MIS=14651, Improvement=0
n=30000, coeff=14, trial=0, GT MIS=15000, Greedy MIS=14651, |S|=29499, Oracle MIS=14958, Improvement=307
n=30000, coeff=14, trial=0, GT MIS=15000, Greedy MIS=14651, |S|=26256, Oracle MIS=15000, Improvement=349
n=30000, coeff=14, trial=0, GT MIS=15000, Greedy MIS=14651, |S|=19898, Oracle MIS=15000, Improvement=349
n=30000, coeff=14, trial=0, GT MIS=15000, Greedy MIS=14651, |S|=15970, Oracle MIS=15000, Improvement=349
n=30000, coeff=14, trial=0, GT MIS=15000, Greedy MIS=14651, |S|=15077, Oracle MIS=15000, Improvement=349
n=30000, coeff=14, trial=0, GT MIS=15000, Greedy MIS=14651, |S|=15001, Oracle MIS=14999, Improvement=348
n=30000, coeff=14, trial=1, GT MIS=15000, Greedy MIS=14622, |S|=30000, Oracle MIS=14622, Improvement=0
n=30000, coeff=14, trial=1, GT MIS=15000, Greedy MIS=14622, |S|=30000, Oracle MIS=14622, Improvement=0
n=30000, coeff=14, trial=1, GT MIS=15000, Greedy MIS=14622, |S|=30000, Oracle MIS=14622, Improvement=0
n=30000, coeff=14, trial=1, GT MIS=15000, Greedy MIS=14622, |S|=29977, Oracle MIS=14599, Improvement=-23
n=30000, coeff=14, trial=1, GT MIS=15000, Greedy MIS=14622, |S|=29406, Oracle MIS=14919, Improvement=297
n=30000, coeff=14, trial=1, GT MIS=15000, Greedy MIS=14622, |S|=26265, Oracle MIS=15000, Improvement=378
n=30000, coeff=14, trial=1, GT MIS=15000, Greedy MIS=14622, |S|=20088, Oracle MIS=15000, Improvement=378
n=30000, coeff=14, trial=1, GT MIS=15000, Greedy MIS=14622, |S|=16151, Oracle MIS=15000, Improvement=378
n=30000, coeff=14, trial=1, GT MIS=15000, Greedy MIS=14622, |S|=15097, Oracle MIS=15000, Improvement=378
n=30000, coeff=14, trial=1, GT MIS=15000, Greedy MIS=14622, |S|=15001, Oracle MIS=15000, Improvement=378
n=30000, coeff=14, trial=2, GT MIS=15000, Greedy MIS=14746, |S|=30000, Oracle MIS=14746, Improvement=0
n=30000, coeff=14, trial=2, GT MIS=15000, Greedy MIS=14746, |S|=30000, Oracle MIS=14746, Improvement=0
n=30000, coeff=14, trial=2, GT MIS=15000, Greedy MIS=14746, |S|=30000, Oracle MIS=14746, Improvement=0
n=30000, coeff=14, trial=2, GT MIS=15000, Greedy MIS=14746, |S|=29975, Oracle MIS=14721, Improvement=-25
n=30000, coeff=14, trial=2, GT MIS=15000, Greedy MIS=14746, |S|=29430, Oracle MIS=14918, Improvement=172
n=30000, coeff=14, trial=2, GT MIS=15000, Greedy MIS=14746, |S|=26149, Oracle MIS=15000, Improvement=254
n=30000, coeff=14, trial=2, GT MIS=15000, Greedy MIS=14746, |S|=19783, Oracle MIS=15000, Improvement=254
n=30000, coeff=14, trial=2, GT MIS=15000, Greedy MIS=14746, |S|=15991, Oracle MIS=15000, Improvement=254
n=30000, coeff=14, trial=2, GT MIS=15000, Greedy MIS=14746, |S|=15084, Oracle MIS=15000, Improvement=254
n=30000, coeff=14, trial=2, GT MIS=15000, Greedy MIS=14746, |S|=15002, Oracle MIS=15000, Improvement=254
n=30000, coeff=14, trial=3, GT MIS=15000, Greedy MIS=14266, |S|=30000, Oracle MIS=14266, Improvement=0
n=30000, coeff=14, trial=3, GT MIS=15000, Greedy MIS=14266, |S|=30000, Oracle MIS=14266, Improvement=0
n=30000, coeff=14, trial=3, GT MIS=15000, Greedy MIS=14266, |S|=30000, Oracle MIS=14266, Improvement=0
n=30000, coeff=14, trial=3, GT MIS=15000, Greedy MIS=14266, |S|=29986, Oracle MIS=14253, Improvement=-13
n=30000, coeff=14, trial=3, GT MIS=15000, Greedy MIS=14266, |S|=29523, Oracle MIS=15000, Improvement=734
n=30000, coeff=14, trial=3, GT MIS=15000, Greedy MIS=14266, |S|=26665, Oracle MIS=15000, Improvement=734
n=30000, coeff=14, trial=3, GT MIS=15000, Greedy MIS=14266, |S|=20203, Oracle MIS=15000, Improvement=734
n=30000, coeff=14, trial=3, GT MIS=15000, Greedy MIS=14266, |S|=16039, Oracle MIS=15000, Improvement=734
n=30000, coeff=14, trial=3, GT MIS=15000, Greedy MIS=14266, |S|=15091, Oracle MIS=15000, Improvement=734
n=30000, coeff=14, trial=3, GT MIS=15000, Greedy MIS=14266, |S|=15006, Oracle MIS=15000, Improvement=734
n=30000, coeff=14, trial=4, GT MIS=15000, Greedy MIS=14755, |S|=30000, Oracle MIS=14755, Improvement=0
n=30000, coeff=14, trial=4, GT MIS=15000, Greedy MIS=14755, |S|=30000, Oracle MIS=14755, Improvement=0
n=30000, coeff=14, trial=4, GT MIS=15000, Greedy MIS=14755, |S|=29999, Oracle MIS=14755, Improvement=0
n=30000, coeff=14, trial=4, GT MIS=15000, Greedy MIS=14755, |S|=29972, Oracle MIS=14755, Improvement=0
n=30000, coeff=14, trial=4, GT MIS=15000, Greedy MIS=14755, |S|=29380, Oracle MIS=14798, Improvement=43
n=30000, coeff=14, trial=4, GT MIS=15000, Greedy MIS=14755, |S|=25784, Oracle MIS=15000, Improvement=245
n=30000, coeff=14, trial=4, GT MIS=15000, Greedy MIS=14755, |S|=19457, Oracle MIS=15000, Improvement=245
n=30000, coeff=14, trial=4, GT MIS=15000, Greedy MIS=14755, |S|=15806, Oracle MIS=15000, Improvement=245
n=30000, coeff=14, trial=4, GT MIS=15000, Greedy MIS=14755, |S|=15063, Oracle MIS=15000, Improvement=245
n=30000, coeff=14, trial=4, GT MIS=15000, Greedy MIS=14755, |S|=15003, Oracle MIS=15000, Improvement=245
n=30000, coeff=14, trial=5, GT MIS=15000, Greedy MIS=14873, |S|=30000, Oracle MIS=14873, Improvement=0
n=30000, coeff=14, trial=5, GT MIS=15000, Greedy MIS=14873, |S|=30000, Oracle MIS=14873, Improvement=0
n=30000, coeff=14, trial=5, GT MIS=15000, Greedy MIS=14873, |S|=29999, Oracle MIS=14873, Improvement=0
n=30000, coeff=14, trial=5, GT MIS=15000, Greedy MIS=14873, |S|=29971, Oracle MIS=14873, Improvement=0
n=30000, coeff=14, trial=5, GT MIS=15000, Greedy MIS=14873, |S|=29336, Oracle MIS=14917, Improvement=44
n=30000, coeff=14, trial=5, GT MIS=15000, Greedy MIS=14873, |S|=25599, Oracle MIS=15000, Improvement=127
n=30000, coeff=14, trial=5, GT MIS=15000, Greedy MIS=14873, |S|=19289, Oracle MIS=15000, Improvement=127
n=30000, coeff=14, trial=5, GT MIS=15000, Greedy MIS=14873, |S|=15794, Oracle MIS=15000, Improvement=127
n=30000, coeff=14, trial=5, GT MIS=15000, Greedy MIS=14873, |S|=15067, Oracle MIS=15000, Improvement=127
n=30000, coeff=14, trial=5, GT MIS=15000, Greedy MIS=14873, |S|=15002, Oracle MIS=15000, Improvement=127
n=30000, coeff=14, trial=6, GT MIS=15000, Greedy MIS=14957, |S|=30000, Oracle MIS=14957, Improvement=0
n=30000, coeff=14, trial=6, GT MIS=15000, Greedy MIS=14957, |S|=30000, Oracle MIS=14957, Improvement=0
n=30000, coeff=14, trial=6, GT MIS=15000, Greedy MIS=14957, |S|=30000, Oracle MIS=14957, Improvement=0
n=30000, coeff=14, trial=6, GT MIS=15000, Greedy MIS=14957, |S|=29978, Oracle MIS=14935, Improvement=-22
n=30000, coeff=14, trial=6, GT MIS=15000, Greedy MIS=14957, |S|=29517, Oracle MIS=14792, Improvement=-165
n=30000, coeff=14, trial=6, GT MIS=15000, Greedy MIS=14957, |S|=26429, Oracle MIS=15000, Improvement=43
n=30000, coeff=14, trial=6, GT MIS=15000, Greedy MIS=14957, |S|=19869, Oracle MIS=15000, Improvement=43
n=30000, coeff=14, trial=6, GT MIS=15000, Greedy MIS=14957, |S|=15924, Oracle MIS=15000, Improvement=43
n=30000, coeff=14, trial=6, GT MIS=15000, Greedy MIS=14957, |S|=15071, Oracle MIS=15000, Improvement=43
n=30000, coeff=14, trial=6, GT MIS=15000, Greedy MIS=14957, |S|=15001, Oracle MIS=15000, Improvement=43
n=30000, coeff=14, trial=7, GT MIS=15000, Greedy MIS=14583, |S|=30000, Oracle MIS=14583, Improvement=0
n=30000, coeff=14, trial=7, GT MIS=15000, Greedy MIS=14583, |S|=30000, Oracle MIS=14583, Improvement=0
n=30000, coeff=14, trial=7, GT MIS=15000, Greedy MIS=14583, |S|=29999, Oracle MIS=14583, Improvement=0
n=30000, coeff=14, trial=7, GT MIS=15000, Greedy MIS=14583, |S|=29967, Oracle MIS=14583, Improvement=0
n=30000, coeff=14, trial=7, GT MIS=15000, Greedy MIS=14583, |S|=29349, Oracle MIS=14965, Improvement=382
n=30000, coeff=14, trial=7, GT MIS=15000, Greedy MIS=14583, |S|=26075, Oracle MIS=15000, Improvement=417
n=30000, coeff=14, trial=7, GT MIS=15000, Greedy MIS=14583, |S|=19638, Oracle MIS=15000, Improvement=417
n=30000, coeff=14, trial=7, GT MIS=15000, Greedy MIS=14583, |S|=15879, Oracle MIS=15000, Improvement=417
n=30000, coeff=14, trial=7, GT MIS=15000, Greedy MIS=14583, |S|=15080, Oracle MIS=15000, Improvement=417
n=30000, coeff=14, trial=7, GT MIS=15000, Greedy MIS=14583, |S|=15005, Oracle MIS=15000, Improvement=417
n=30000, coeff=14, trial=8, GT MIS=15000, Greedy MIS=14703, |S|=30000, Oracle MIS=14703, Improvement=0
n=30000, coeff=14, trial=8, GT MIS=15000, Greedy MIS=14703, |S|=30000, Oracle MIS=14703, Improvement=0
n=30000, coeff=14, trial=8, GT MIS=15000, Greedy MIS=14703, |S|=30000, Oracle MIS=14703, Improvement=0
n=30000, coeff=14, trial=8, GT MIS=15000, Greedy MIS=14703, |S|=29969, Oracle MIS=14672, Improvement=-31
n=30000, coeff=14, trial=8, GT MIS=15000, Greedy MIS=14703, |S|=29379, Oracle MIS=15000, Improvement=297
n=30000, coeff=14, trial=8, GT MIS=15000, Greedy MIS=14703, |S|=25775, Oracle MIS=15000, Improvement=297
n=30000, coeff=14, trial=8, GT MIS=15000, Greedy MIS=14703, |S|=19621, Oracle MIS=15000, Improvement=297
n=30000, coeff=14, trial=8, GT MIS=15000, Greedy MIS=14703, |S|=15903, Oracle MIS=15000, Improvement=297
n=30000, coeff=14, trial=8, GT MIS=15000, Greedy MIS=14703, |S|=15079, Oracle MIS=15000, Improvement=297
n=30000, coeff=14, trial=8, GT MIS=15000, Greedy MIS=14703, |S|=15002, Oracle MIS=15000, Improvement=297
n=30000, coeff=14, trial=9, GT MIS=15000, Greedy MIS=14840, |S|=30000, Oracle MIS=14840, Improvement=0
n=30000, coeff=14, trial=9, GT MIS=15000, Greedy MIS=14840, |S|=30000, Oracle MIS=14840, Improvement=0
n=30000, coeff=14, trial=9, GT MIS=15000, Greedy MIS=14840, |S|=30000, Oracle MIS=14840, Improvement=0
n=30000, coeff=14, trial=9, GT MIS=15000, Greedy MIS=14840, |S|=29980, Oracle MIS=14820, Improvement=-20
n=30000, coeff=14, trial=9, GT MIS=15000, Greedy MIS=14840, |S|=29446, Oracle MIS=14882, Improvement=42
n=30000, coeff=14, trial=9, GT MIS=15000, Greedy MIS=14840, |S|=26051, Oracle MIS=15000, Improvement=160
n=30000, coeff=14, trial=9, GT MIS=15000, Greedy MIS=14840, |S|=19824, Oracle MIS=15000, Improvement=160
n=30000, coeff=14, trial=9, GT MIS=15000, Greedy MIS=14840, |S|=16073, Oracle MIS=15000, Improvement=160
n=30000, coeff=14, trial=9, GT MIS=15000, Greedy MIS=14840, |S|=15096, Oracle MIS=15000, Improvement=160
n=30000, coeff=14, trial=9, GT MIS=15000, Greedy MIS=14840, |S|=15002, Oracle MIS=15000, Improvement=160
n=30000, coeff=15, trial=0, GT MIS=15000, Greedy MIS=14434, |S|=30000, Oracle MIS=14434, Improvement=0
n=30000, coeff=15, trial=0, GT MIS=15000, Greedy MIS=14434, |S|=30000, Oracle MIS=14434, Improvement=0
n=30000, coeff=15, trial=0, GT MIS=15000, Greedy MIS=14434, |S|=30000, Oracle MIS=14434, Improvement=0
n=30000, coeff=15, trial=0, GT MIS=15000, Greedy MIS=14434, |S|=29983, Oracle MIS=14434, Improvement=0
n=30000, coeff=15, trial=0, GT MIS=15000, Greedy MIS=14434, |S|=29406, Oracle MIS=14910, Improvement=476
n=30000, coeff=15, trial=0, GT MIS=15000, Greedy MIS=14434, |S|=25681, Oracle MIS=15000, Improvement=566
n=30000, coeff=15, trial=0, GT MIS=15000, Greedy MIS=14434, |S|=19167, Oracle MIS=15000, Improvement=566
n=30000, coeff=15, trial=0, GT MIS=15000, Greedy MIS=14434, |S|=15708, Oracle MIS=15000, Improvement=566
n=30000, coeff=15, trial=0, GT MIS=15000, Greedy MIS=14434, |S|=15041, Oracle MIS=15000, Improvement=566
n=30000, coeff=15, trial=0, GT MIS=15000, Greedy MIS=14434, |S|=15001, Oracle MIS=15000, Improvement=566
n=30000, coeff=15, trial=1, GT MIS=15000, Greedy MIS=14355, |S|=30000, Oracle MIS=14355, Improvement=0
n=30000, coeff=15, trial=1, GT MIS=15000, Greedy MIS=14355, |S|=30000, Oracle MIS=14355, Improvement=0
n=30000, coeff=15, trial=1, GT MIS=15000, Greedy MIS=14355, |S|=30000, Oracle MIS=14355, Improvement=0
n=30000, coeff=15, trial=1, GT MIS=15000, Greedy MIS=14355, |S|=29964, Oracle MIS=14355, Improvement=0
n=30000, coeff=15, trial=1, GT MIS=15000, Greedy MIS=14355, |S|=29309, Oracle MIS=14866, Improvement=511
n=30000, coeff=15, trial=1, GT MIS=15000, Greedy MIS=14355, |S|=25656, Oracle MIS=15000, Improvement=645
n=30000, coeff=15, trial=1, GT MIS=15000, Greedy MIS=14355, |S|=19354, Oracle MIS=15000, Improvement=645
n=30000, coeff=15, trial=1, GT MIS=15000, Greedy MIS=14355, |S|=15785, Oracle MIS=15000, Improvement=645
n=30000, coeff=15, trial=1, GT MIS=15000, Greedy MIS=14355, |S|=15045, Oracle MIS=15000, Improvement=645
n=30000, coeff=15, trial=1, GT MIS=15000, Greedy MIS=14355, |S|=15003, Oracle MIS=15000, Improvement=645
n=30000, coeff=15, trial=2, GT MIS=15000, Greedy MIS=14912, |S|=30000, Oracle MIS=14912, Improvement=0
n=30000, coeff=15, trial=2, GT MIS=15000, Greedy MIS=14912, |S|=30000, Oracle MIS=14912, Improvement=0
n=30000, coeff=15, trial=2, GT MIS=15000, Greedy MIS=14912, |S|=30000, Oracle MIS=14912, Improvement=0
n=30000, coeff=15, trial=2, GT MIS=15000, Greedy MIS=14912, |S|=29969, Oracle MIS=14881, Improvement=-31
n=30000, coeff=15, trial=2, GT MIS=15000, Greedy MIS=14912, |S|=29348, Oracle MIS=14908, Improvement=-4
n=30000, coeff=15, trial=2, GT MIS=15000, Greedy MIS=14912, |S|=25523, Oracle MIS=15000, Improvement=88
n=30000, coeff=15, trial=2, GT MIS=15000, Greedy MIS=14912, |S|=19040, Oracle MIS=15000, Improvement=88
n=30000, coeff=15, trial=2, GT MIS=15000, Greedy MIS=14912, |S|=15732, Oracle MIS=14999, Improvement=87
n=30000, coeff=15, trial=2, GT MIS=15000, Greedy MIS=14912, |S|=15044, Oracle MIS=15000, Improvement=88
n=30000, coeff=15, trial=2, GT MIS=15000, Greedy MIS=14912, |S|=15000, Oracle MIS=15000, Improvement=88
n=30000, coeff=15, trial=3, GT MIS=15000, Greedy MIS=14668, |S|=30000, Oracle MIS=14668, Improvement=0
n=30000, coeff=15, trial=3, GT MIS=15000, Greedy MIS=14668, |S|=30000, Oracle MIS=14668, Improvement=0
n=30000, coeff=15, trial=3, GT MIS=15000, Greedy MIS=14668, |S|=30000, Oracle MIS=14668, Improvement=0
n=30000, coeff=15, trial=3, GT MIS=15000, Greedy MIS=14668, |S|=29987, Oracle MIS=14668, Improvement=0
n=30000, coeff=15, trial=3, GT MIS=15000, Greedy MIS=14668, |S|=29421, Oracle MIS=15000, Improvement=332
n=30000, coeff=15, trial=3, GT MIS=15000, Greedy MIS=14668, |S|=26097, Oracle MIS=15000, Improvement=332
n=30000, coeff=15, trial=3, GT MIS=15000, Greedy MIS=14668, |S|=19499, Oracle MIS=15000, Improvement=332
n=30000, coeff=15, trial=3, GT MIS=15000, Greedy MIS=14668, |S|=15730, Oracle MIS=15000, Improvement=332
n=30000, coeff=15, trial=3, GT MIS=15000, Greedy MIS=14668, |S|=15046, Oracle MIS=15000, Improvement=332
n=30000, coeff=15, trial=3, GT MIS=15000, Greedy MIS=14668, |S|=15001, Oracle MIS=15000, Improvement=332
n=30000, coeff=15, trial=4, GT MIS=15000, Greedy MIS=14540, |S|=30000, Oracle MIS=14540, Improvement=0
n=30000, coeff=15, trial=4, GT MIS=15000, Greedy MIS=14540, |S|=30000, Oracle MIS=14540, Improvement=0
n=30000, coeff=15, trial=4, GT MIS=15000, Greedy MIS=14540, |S|=29999, Oracle MIS=14540, Improvement=0
n=30000, coeff=15, trial=4, GT MIS=15000, Greedy MIS=14540, |S|=29964, Oracle MIS=14540, Improvement=0
n=30000, coeff=15, trial=4, GT MIS=15000, Greedy MIS=14540, |S|=29248, Oracle MIS=14826, Improvement=286
n=30000, coeff=15, trial=4, GT MIS=15000, Greedy MIS=14540, |S|=25224, Oracle MIS=15000, Improvement=460
n=30000, coeff=15, trial=4, GT MIS=15000, Greedy MIS=14540, |S|=18757, Oracle MIS=15000, Improvement=460
n=30000, coeff=15, trial=4, GT MIS=15000, Greedy MIS=14540, |S|=15561, Oracle MIS=15000, Improvement=460
n=30000, coeff=15, trial=4, GT MIS=15000, Greedy MIS=14540, |S|=15037, Oracle MIS=15000, Improvement=460
n=30000, coeff=15, trial=4, GT MIS=15000, Greedy MIS=14540, |S|=15002, Oracle MIS=15000, Improvement=460
n=30000, coeff=15, trial=5, GT MIS=15000, Greedy MIS=14436, |S|=30000, Oracle MIS=14436, Improvement=0
n=30000, coeff=15, trial=5, GT MIS=15000, Greedy MIS=14436, |S|=30000, Oracle MIS=14436, Improvement=0
n=30000, coeff=15, trial=5, GT MIS=15000, Greedy MIS=14436, |S|=29998, Oracle MIS=14434, Improvement=-2
n=30000, coeff=15, trial=5, GT MIS=15000, Greedy MIS=14436, |S|=29968, Oracle MIS=14405, Improvement=-31
n=30000, coeff=15, trial=5, GT MIS=15000, Greedy MIS=14436, |S|=29200, Oracle MIS=14955, Improvement=519
n=30000, coeff=15, trial=5, GT MIS=15000, Greedy MIS=14436, |S|=24979, Oracle MIS=15000, Improvement=564
n=30000, coeff=15, trial=5, GT MIS=15000, Greedy MIS=14436, |S|=18580, Oracle MIS=15000, Improvement=564
n=30000, coeff=15, trial=5, GT MIS=15000, Greedy MIS=14436, |S|=15552, Oracle MIS=15000, Improvement=564
n=30000, coeff=15, trial=5, GT MIS=15000, Greedy MIS=14436, |S|=15031, Oracle MIS=15000, Improvement=564
n=30000, coeff=15, trial=5, GT MIS=15000, Greedy MIS=14436, |S|=15001, Oracle MIS=15000, Improvement=564
n=30000, coeff=15, trial=6, GT MIS=15000, Greedy MIS=14905, |S|=30000, Oracle MIS=14905, Improvement=0
n=30000, coeff=15, trial=6, GT MIS=15000, Greedy MIS=14905, |S|=30000, Oracle MIS=14905, Improvement=0
n=30000, coeff=15, trial=6, GT MIS=15000, Greedy MIS=14905, |S|=30000, Oracle MIS=14905, Improvement=0
n=30000, coeff=15, trial=6, GT MIS=15000, Greedy MIS=14905, |S|=29975, Oracle MIS=14880, Improvement=-25
n=30000, coeff=15, trial=6, GT MIS=15000, Greedy MIS=14905, |S|=29447, Oracle MIS=14680, Improvement=-225
n=30000, coeff=15, trial=6, GT MIS=15000, Greedy MIS=14905, |S|=25732, Oracle MIS=15000, Improvement=95
n=30000, coeff=15, trial=6, GT MIS=15000, Greedy MIS=14905, |S|=19166, Oracle MIS=15000, Improvement=95
n=30000, coeff=15, trial=6, GT MIS=15000, Greedy MIS=14905, |S|=15644, Oracle MIS=15000, Improvement=95
n=30000, coeff=15, trial=6, GT MIS=15000, Greedy MIS=14905, |S|=15034, Oracle MIS=15000, Improvement=95
n=30000, coeff=15, trial=6, GT MIS=15000, Greedy MIS=14905, |S|=15001, Oracle MIS=15000, Improvement=95
n=30000, coeff=15, trial=7, GT MIS=15000, Greedy MIS=14956, |S|=30000, Oracle MIS=14956, Improvement=0
n=30000, coeff=15, trial=7, GT MIS=15000, Greedy MIS=14956, |S|=30000, Oracle MIS=14956, Improvement=0
n=30000, coeff=15, trial=7, GT MIS=15000, Greedy MIS=14956, |S|=30000, Oracle MIS=14956, Improvement=0
n=30000, coeff=15, trial=7, GT MIS=15000, Greedy MIS=14956, |S|=29959, Oracle MIS=14915, Improvement=-41
n=30000, coeff=15, trial=7, GT MIS=15000, Greedy MIS=14956, |S|=29256, Oracle MIS=14962, Improvement=6
n=30000, coeff=15, trial=7, GT MIS=15000, Greedy MIS=14956, |S|=25455, Oracle MIS=15000, Improvement=44
n=30000, coeff=15, trial=7, GT MIS=15000, Greedy MIS=14956, |S|=18985, Oracle MIS=15000, Improvement=44
n=30000, coeff=15, trial=7, GT MIS=15000, Greedy MIS=14956, |S|=15675, Oracle MIS=15000, Improvement=44
n=30000, coeff=15, trial=7, GT MIS=15000, Greedy MIS=14956, |S|=15048, Oracle MIS=15000, Improvement=44
n=30000, coeff=15, trial=7, GT MIS=15000, Greedy MIS=14956, |S|=15003, Oracle MIS=15000, Improvement=44
n=30000, coeff=15, trial=8, GT MIS=15000, Greedy MIS=14954, |S|=30000, Oracle MIS=14954, Improvement=0
n=30000, coeff=15, trial=8, GT MIS=15000, Greedy MIS=14954, |S|=30000, Oracle MIS=14954, Improvement=0
n=30000, coeff=15, trial=8, GT MIS=15000, Greedy MIS=14954, |S|=30000, Oracle MIS=14954, Improvement=0
n=30000, coeff=15, trial=8, GT MIS=15000, Greedy MIS=14954, |S|=29967, Oracle MIS=14921, Improvement=-33
n=30000, coeff=15, trial=8, GT MIS=15000, Greedy MIS=14954, |S|=29193, Oracle MIS=15000, Improvement=46
n=30000, coeff=15, trial=8, GT MIS=15000, Greedy MIS=14954, |S|=25222, Oracle MIS=15000, Improvement=46
n=30000, coeff=15, trial=8, GT MIS=15000, Greedy MIS=14954, |S|=18910, Oracle MIS=15000, Improvement=46
n=30000, coeff=15, trial=8, GT MIS=15000, Greedy MIS=14954, |S|=15614, Oracle MIS=15000, Improvement=46
n=30000, coeff=15, trial=8, GT MIS=15000, Greedy MIS=14954, |S|=15040, Oracle MIS=15000, Improvement=46
n=30000, coeff=15, trial=8, GT MIS=15000, Greedy MIS=14954, |S|=15000, Oracle MIS=15000, Improvement=46
n=30000, coeff=15, trial=9, GT MIS=15000, Greedy MIS=14732, |S|=30000, Oracle MIS=14732, Improvement=0
n=30000, coeff=15, trial=9, GT MIS=15000, Greedy MIS=14732, |S|=30000, Oracle MIS=14732, Improvement=0
n=30000, coeff=15, trial=9, GT MIS=15000, Greedy MIS=14732, |S|=30000, Oracle MIS=14732, Improvement=0
n=30000, coeff=15, trial=9, GT MIS=15000, Greedy MIS=14732, |S|=29969, Oracle MIS=14732, Improvement=0
n=30000, coeff=15, trial=9, GT MIS=15000, Greedy MIS=14732, |S|=29342, Oracle MIS=14916, Improvement=184
n=30000, coeff=15, trial=9, GT MIS=15000, Greedy MIS=14732, |S|=25454, Oracle MIS=15000, Improvement=268
n=30000, coeff=15, trial=9, GT MIS=15000, Greedy MIS=14732, |S|=19012, Oracle MIS=15000, Improvement=268
n=30000, coeff=15, trial=9, GT MIS=15000, Greedy MIS=14732, |S|=15772, Oracle MIS=15000, Improvement=268
n=30000, coeff=15, trial=9, GT MIS=15000, Greedy MIS=14732, |S|=15037, Oracle MIS=15000, Improvement=268
n=30000, coeff=15, trial=9, GT MIS=15000, Greedy MIS=14732, |S|=15000, Oracle MIS=15000, Improvement=268
Results saved to bipartite_experiment_results_epislons_30000.csv
