Running job on compute-3-07
Requested resources:
  - CPUs: 18
  - GPUs: 
  - Memory: 18000
n=75000, coeff=8.0, trial=0, GT MIS=37500, Greedy MIS=36999, |S|=75000, Oracle MIS=36999, Improvement=0
n=75000, coeff=8.0, trial=0, GT MIS=37500, Greedy MIS=36999, |S|=75000, Oracle MIS=36999, Improvement=0
n=75000, coeff=8.0, trial=0, GT MIS=37500, Greedy MIS=36999, |S|=74999, Oracle MIS=36998, Improvement=-1
n=75000, coeff=8.0, trial=0, GT MIS=37500, Greedy MIS=36999, |S|=74965, Oracle MIS=36922, Improvement=-77
n=75000, coeff=8.0, trial=0, GT MIS=37500, Greedy MIS=36999, |S|=74417, Oracle MIS=35856, Improvement=-1143
n=75000, coeff=8.0, trial=0, GT MIS=37500, Greedy MIS=36999, |S|=70818, Oracle MIS=37463, Improvement=464
n=75000, coeff=8.0, trial=0, GT MIS=37500, Greedy MIS=36999, |S|=60386, Oracle MIS=37500, Improvement=501
n=75000, coeff=8.0, trial=0, GT MIS=37500, Greedy MIS=36999, |S|=47941, Oracle MIS=37500, Improvement=501
n=75000, coeff=8.0, trial=0, GT MIS=37500, Greedy MIS=36999, |S|=40455, Oracle MIS=37500, Improvement=501
n=75000, coeff=8.0, trial=0, GT MIS=37500, Greedy MIS=36999, |S|=37986, Oracle MIS=37500, Improvement=501
n=75000, coeff=8.0, trial=1, GT MIS=37500, Greedy MIS=36760, |S|=75000, Oracle MIS=36760, Improvement=0
n=75000, coeff=8.0, trial=1, GT MIS=37500, Greedy MIS=36760, |S|=75000, Oracle MIS=36760, Improvement=0
n=75000, coeff=8.0, trial=1, GT MIS=37500, Greedy MIS=36760, |S|=75000, Oracle MIS=36760, Improvement=0
n=75000, coeff=8.0, trial=1, GT MIS=37500, Greedy MIS=36760, |S|=74976, Oracle MIS=36664, Improvement=-96
n=75000, coeff=8.0, trial=1, GT MIS=37500, Greedy MIS=36760, |S|=74515, Oracle MIS=35812, Improvement=-948
n=75000, coeff=8.0, trial=1, GT MIS=37500, Greedy MIS=36760, |S|=71183, Oracle MIS=37382, Improvement=622
n=75000, coeff=8.0, trial=1, GT MIS=37500, Greedy MIS=36760, |S|=61122, Oracle MIS=37500, Improvement=740
n=75000, coeff=8.0, trial=1, GT MIS=37500, Greedy MIS=36760, |S|=48278, Oracle MIS=37500, Improvement=740
n=75000, coeff=8.0, trial=1, GT MIS=37500, Greedy MIS=36760, |S|=40534, Oracle MIS=37500, Improvement=740
n=75000, coeff=8.0, trial=1, GT MIS=37500, Greedy MIS=36760, |S|=37973, Oracle MIS=37500, Improvement=740
n=75000, coeff=8.0, trial=2, GT MIS=37500, Greedy MIS=37000, |S|=75000, Oracle MIS=37000, Improvement=0
n=75000, coeff=8.0, trial=2, GT MIS=37500, Greedy MIS=37000, |S|=75000, Oracle MIS=37000, Improvement=0
n=75000, coeff=8.0, trial=2, GT MIS=37500, Greedy MIS=37000, |S|=75000, Oracle MIS=37000, Improvement=0
n=75000, coeff=8.0, trial=2, GT MIS=37500, Greedy MIS=37000, |S|=74974, Oracle MIS=36974, Improvement=-26
n=75000, coeff=8.0, trial=2, GT MIS=37500, Greedy MIS=37000, |S|=74494, Oracle MIS=35955, Improvement=-1045
n=75000, coeff=8.0, trial=2, GT MIS=37500, Greedy MIS=37000, |S|=71150, Oracle MIS=37460, Improvement=460
n=75000, coeff=8.0, trial=2, GT MIS=37500, Greedy MIS=37000, |S|=60815, Oracle MIS=37500, Improvement=500
n=75000, coeff=8.0, trial=2, GT MIS=37500, Greedy MIS=37000, |S|=48410, Oracle MIS=37500, Improvement=500
n=75000, coeff=8.0, trial=2, GT MIS=37500, Greedy MIS=37000, |S|=40549, Oracle MIS=37500, Improvement=500
n=75000, coeff=8.0, trial=2, GT MIS=37500, Greedy MIS=37000, |S|=38069, Oracle MIS=37500, Improvement=500
n=75000, coeff=8.0, trial=3, GT MIS=37500, Greedy MIS=37028, |S|=75000, Oracle MIS=37028, Improvement=0
n=75000, coeff=8.0, trial=3, GT MIS=37500, Greedy MIS=37028, |S|=75000, Oracle MIS=37028, Improvement=0
n=75000, coeff=8.0, trial=3, GT MIS=37500, Greedy MIS=37028, |S|=75000, Oracle MIS=37028, Improvement=0
n=75000, coeff=8.0, trial=3, GT MIS=37500, Greedy MIS=37028, |S|=74965, Oracle MIS=36994, Improvement=-34
n=75000, coeff=8.0, trial=3, GT MIS=37500, Greedy MIS=37028, |S|=74501, Oracle MIS=36177, Improvement=-851
n=75000, coeff=8.0, trial=3, GT MIS=37500, Greedy MIS=37028, |S|=71140, Oracle MIS=37462, Improvement=434
n=75000, coeff=8.0, trial=3, GT MIS=37500, Greedy MIS=37028, |S|=61277, Oracle MIS=37500, Improvement=472
n=75000, coeff=8.0, trial=3, GT MIS=37500, Greedy MIS=37028, |S|=48474, Oracle MIS=37500, Improvement=472
n=75000, coeff=8.0, trial=3, GT MIS=37500, Greedy MIS=37028, |S|=40531, Oracle MIS=37500, Improvement=472
n=75000, coeff=8.0, trial=3, GT MIS=37500, Greedy MIS=37028, |S|=37979, Oracle MIS=37498, Improvement=470
n=75000, coeff=8.0, trial=4, GT MIS=37500, Greedy MIS=36678, |S|=75000, Oracle MIS=36678, Improvement=0
n=75000, coeff=8.0, trial=4, GT MIS=37500, Greedy MIS=36678, |S|=75000, Oracle MIS=36678, Improvement=0
n=75000, coeff=8.0, trial=4, GT MIS=37500, Greedy MIS=36678, |S|=75000, Oracle MIS=36678, Improvement=0
n=75000, coeff=8.0, trial=4, GT MIS=37500, Greedy MIS=36678, |S|=74972, Oracle MIS=36628, Improvement=-50
n=75000, coeff=8.0, trial=4, GT MIS=37500, Greedy MIS=36678, |S|=74485, Oracle MIS=35783, Improvement=-895
n=75000, coeff=8.0, trial=4, GT MIS=37500, Greedy MIS=36678, |S|=71017, Oracle MIS=37480, Improvement=802
n=75000, coeff=8.0, trial=4, GT MIS=37500, Greedy MIS=36678, |S|=60713, Oracle MIS=37500, Improvement=822
n=75000, coeff=8.0, trial=4, GT MIS=37500, Greedy MIS=36678, |S|=48324, Oracle MIS=37500, Improvement=822
n=75000, coeff=8.0, trial=4, GT MIS=37500, Greedy MIS=36678, |S|=40513, Oracle MIS=37500, Improvement=822
n=75000, coeff=8.0, trial=4, GT MIS=37500, Greedy MIS=36678, |S|=38001, Oracle MIS=37496, Improvement=818
n=75000, coeff=8.0, trial=5, GT MIS=37500, Greedy MIS=37081, |S|=75000, Oracle MIS=37081, Improvement=0
n=75000, coeff=8.0, trial=5, GT MIS=37500, Greedy MIS=37081, |S|=75000, Oracle MIS=37081, Improvement=0
n=75000, coeff=8.0, trial=5, GT MIS=37500, Greedy MIS=37081, |S|=75000, Oracle MIS=37081, Improvement=0
n=75000, coeff=8.0, trial=5, GT MIS=37500, Greedy MIS=37081, |S|=74974, Oracle MIS=36851, Improvement=-230
n=75000, coeff=8.0, trial=5, GT MIS=37500, Greedy MIS=37081, |S|=74532, Oracle MIS=35414, Improvement=-1667
n=75000, coeff=8.0, trial=5, GT MIS=37500, Greedy MIS=37081, |S|=71264, Oracle MIS=37483, Improvement=402
n=75000, coeff=8.0, trial=5, GT MIS=37500, Greedy MIS=37081, |S|=61076, Oracle MIS=37500, Improvement=419
n=75000, coeff=8.0, trial=5, GT MIS=37500, Greedy MIS=37081, |S|=48466, Oracle MIS=37500, Improvement=419
n=75000, coeff=8.0, trial=5, GT MIS=37500, Greedy MIS=37081, |S|=40681, Oracle MIS=37500, Improvement=419
n=75000, coeff=8.0, trial=5, GT MIS=37500, Greedy MIS=37081, |S|=38014, Oracle MIS=37499, Improvement=418
n=75000, coeff=8.0, trial=6, GT MIS=37500, Greedy MIS=36894, |S|=75000, Oracle MIS=36894, Improvement=0
n=75000, coeff=8.0, trial=6, GT MIS=37500, Greedy MIS=36894, |S|=75000, Oracle MIS=36894, Improvement=0
n=75000, coeff=8.0, trial=6, GT MIS=37500, Greedy MIS=36894, |S|=75000, Oracle MIS=36894, Improvement=0
n=75000, coeff=8.0, trial=6, GT MIS=37500, Greedy MIS=36894, |S|=74966, Oracle MIS=36861, Improvement=-33
n=75000, coeff=8.0, trial=6, GT MIS=37500, Greedy MIS=36894, |S|=74393, Oracle MIS=35638, Improvement=-1256
n=75000, coeff=8.0, trial=6, GT MIS=37500, Greedy MIS=36894, |S|=70767, Oracle MIS=37480, Improvement=586
n=75000, coeff=8.0, trial=6, GT MIS=37500, Greedy MIS=36894, |S|=60127, Oracle MIS=37500, Improvement=606
n=75000, coeff=8.0, trial=6, GT MIS=37500, Greedy MIS=36894, |S|=47639, Oracle MIS=37500, Improvement=606
n=75000, coeff=8.0, trial=6, GT MIS=37500, Greedy MIS=36894, |S|=40140, Oracle MIS=37500, Improvement=606
n=75000, coeff=8.0, trial=6, GT MIS=37500, Greedy MIS=36894, |S|=37939, Oracle MIS=37500, Improvement=606
n=75000, coeff=8.0, trial=7, GT MIS=37500, Greedy MIS=36727, |S|=75000, Oracle MIS=36727, Improvement=0
n=75000, coeff=8.0, trial=7, GT MIS=37500, Greedy MIS=36727, |S|=75000, Oracle MIS=36727, Improvement=0
n=75000, coeff=8.0, trial=7, GT MIS=37500, Greedy MIS=36727, |S|=75000, Oracle MIS=36727, Improvement=0
n=75000, coeff=8.0, trial=7, GT MIS=37500, Greedy MIS=36727, |S|=74975, Oracle MIS=36702, Improvement=-25
n=75000, coeff=8.0, trial=7, GT MIS=37500, Greedy MIS=36727, |S|=74455, Oracle MIS=34846, Improvement=-1881
n=75000, coeff=8.0, trial=7, GT MIS=37500, Greedy MIS=36727, |S|=71053, Oracle MIS=37440, Improvement=713
n=75000, coeff=8.0, trial=7, GT MIS=37500, Greedy MIS=36727, |S|=60991, Oracle MIS=37500, Improvement=773
n=75000, coeff=8.0, trial=7, GT MIS=37500, Greedy MIS=36727, |S|=48285, Oracle MIS=37500, Improvement=773
n=75000, coeff=8.0, trial=7, GT MIS=37500, Greedy MIS=36727, |S|=40542, Oracle MIS=37500, Improvement=773
n=75000, coeff=8.0, trial=7, GT MIS=37500, Greedy MIS=36727, |S|=37973, Oracle MIS=37500, Improvement=773
n=75000, coeff=8.0, trial=8, GT MIS=37500, Greedy MIS=36973, |S|=75000, Oracle MIS=36973, Improvement=0
n=75000, coeff=8.0, trial=8, GT MIS=37500, Greedy MIS=36973, |S|=75000, Oracle MIS=36973, Improvement=0
n=75000, coeff=8.0, trial=8, GT MIS=37500, Greedy MIS=36973, |S|=75000, Oracle MIS=36973, Improvement=0
n=75000, coeff=8.0, trial=8, GT MIS=37500, Greedy MIS=36973, |S|=74974, Oracle MIS=36878, Improvement=-95
n=75000, coeff=8.0, trial=8, GT MIS=37500, Greedy MIS=36973, |S|=74505, Oracle MIS=36010, Improvement=-963
n=75000, coeff=8.0, trial=8, GT MIS=37500, Greedy MIS=36973, |S|=71189, Oracle MIS=37480, Improvement=507
n=75000, coeff=8.0, trial=8, GT MIS=37500, Greedy MIS=36973, |S|=61067, Oracle MIS=37500, Improvement=527
n=75000, coeff=8.0, trial=8, GT MIS=37500, Greedy MIS=36973, |S|=48626, Oracle MIS=37500, Improvement=527
n=75000, coeff=8.0, trial=8, GT MIS=37500, Greedy MIS=36973, |S|=40521, Oracle MIS=37500, Improvement=527
n=75000, coeff=8.0, trial=8, GT MIS=37500, Greedy MIS=36973, |S|=38009, Oracle MIS=37500, Improvement=527
n=75000, coeff=8.0, trial=9, GT MIS=37500, Greedy MIS=37185, |S|=75000, Oracle MIS=37185, Improvement=0
n=75000, coeff=8.0, trial=9, GT MIS=37500, Greedy MIS=37185, |S|=75000, Oracle MIS=37185, Improvement=0
n=75000, coeff=8.0, trial=9, GT MIS=37500, Greedy MIS=37185, |S|=75000, Oracle MIS=37185, Improvement=0
n=75000, coeff=8.0, trial=9, GT MIS=37500, Greedy MIS=37185, |S|=74977, Oracle MIS=37163, Improvement=-22
n=75000, coeff=8.0, trial=9, GT MIS=37500, Greedy MIS=37185, |S|=74574, Oracle MIS=36398, Improvement=-787
n=75000, coeff=8.0, trial=9, GT MIS=37500, Greedy MIS=37185, |S|=71336, Oracle MIS=37461, Improvement=276
n=75000, coeff=8.0, trial=9, GT MIS=37500, Greedy MIS=37185, |S|=61623, Oracle MIS=37500, Improvement=315
n=75000, coeff=8.0, trial=9, GT MIS=37500, Greedy MIS=37185, |S|=48726, Oracle MIS=37500, Improvement=315
n=75000, coeff=8.0, trial=9, GT MIS=37500, Greedy MIS=37185, |S|=40573, Oracle MIS=37500, Improvement=315
n=75000, coeff=8.0, trial=9, GT MIS=37500, Greedy MIS=37185, |S|=38012, Oracle MIS=37500, Improvement=315
Results saved to bipartite_experiment_results_epislons_75000.csv
