Running job on compute-0-01
Requested resources:
  - CPUs: 12
  - GPUs: 
  - Memory: 18000
Skipping n=85000, coeff=13.0, trial=0, epsilon=0.025 as entry already exists.
Skipping n=85000, coeff=13.0, trial=0, epsilon=0.05 as entry already exists.
Skipping n=85000, coeff=13.0, trial=0, epsilon=0.075 as entry already exists.
Skipping n=85000, coeff=13.0, trial=0, epsilon=0.1 as entry already exists.
Skipping n=85000, coeff=13.0, trial=0, epsilon=0.125 as entry already exists.
Skipping n=85000, coeff=13.0, trial=0, epsilon=0.15 as entry already exists.
Skipping n=85000, coeff=13.0, trial=0, epsilon=0.175 as entry already exists.
Skipping n=85000, coeff=13.0, trial=0, epsilon=0.2 as entry already exists.
Skipping n=85000, coeff=13.0, trial=0, epsilon=0.225 as entry already exists.
Skipping n=85000, coeff=13.0, trial=0, epsilon=0.25 as entry already exists.
Skipping n=85000, coeff=13.0, trial=1, epsilon=0.025 as entry already exists.
Skipping n=85000, coeff=13.0, trial=1, epsilon=0.05 as entry already exists.
Skipping n=85000, coeff=13.0, trial=1, epsilon=0.075 as entry already exists.
Skipping n=85000, coeff=13.0, trial=1, epsilon=0.1 as entry already exists.
Skipping n=85000, coeff=13.0, trial=1, epsilon=0.125 as entry already exists.
Skipping n=85000, coeff=13.0, trial=1, epsilon=0.15 as entry already exists.
Skipping n=85000, coeff=13.0, trial=1, epsilon=0.175 as entry already exists.
Skipping n=85000, coeff=13.0, trial=1, epsilon=0.2 as entry already exists.
Skipping n=85000, coeff=13.0, trial=1, epsilon=0.225 as entry already exists.
Skipping n=85000, coeff=13.0, trial=1, epsilon=0.25 as entry already exists.
Skipping n=85000, coeff=13.0, trial=2, epsilon=0.025 as entry already exists.
Skipping n=85000, coeff=13.0, trial=2, epsilon=0.05 as entry already exists.
Skipping n=85000, coeff=13.0, trial=2, epsilon=0.075 as entry already exists.
Skipping n=85000, coeff=13.0, trial=2, epsilon=0.1 as entry already exists.
Skipping n=85000, coeff=13.0, trial=2, epsilon=0.125 as entry already exists.
Skipping n=85000, coeff=13.0, trial=2, epsilon=0.15 as entry already exists.
Skipping n=85000, coeff=13.0, trial=2, epsilon=0.175 as entry already exists.
Skipping n=85000, coeff=13.0, trial=2, epsilon=0.2 as entry already exists.
Skipping n=85000, coeff=13.0, trial=2, epsilon=0.225 as entry already exists.
Skipping n=85000, coeff=13.0, trial=2, epsilon=0.25 as entry already exists.
Skipping n=85000, coeff=13.0, trial=3, epsilon=0.025 as entry already exists.
Skipping n=85000, coeff=13.0, trial=3, epsilon=0.05 as entry already exists.
Skipping n=85000, coeff=13.0, trial=3, epsilon=0.075 as entry already exists.
Skipping n=85000, coeff=13.0, trial=3, epsilon=0.1 as entry already exists.
Skipping n=85000, coeff=13.0, trial=3, epsilon=0.125 as entry already exists.
Skipping n=85000, coeff=13.0, trial=3, epsilon=0.15 as entry already exists.
Skipping n=85000, coeff=13.0, trial=3, epsilon=0.175 as entry already exists.
Skipping n=85000, coeff=13.0, trial=3, epsilon=0.2 as entry already exists.
Skipping n=85000, coeff=13.0, trial=3, epsilon=0.225 as entry already exists.
Skipping n=85000, coeff=13.0, trial=3, epsilon=0.25 as entry already exists.
Skipping n=85000, coeff=13.0, trial=4, epsilon=0.025 as entry already exists.
Skipping n=85000, coeff=13.0, trial=4, epsilon=0.05 as entry already exists.
Skipping n=85000, coeff=13.0, trial=4, epsilon=0.075 as entry already exists.
Skipping n=85000, coeff=13.0, trial=4, epsilon=0.1 as entry already exists.
Skipping n=85000, coeff=13.0, trial=4, epsilon=0.125 as entry already exists.
Skipping n=85000, coeff=13.0, trial=4, epsilon=0.15 as entry already exists.
Skipping n=85000, coeff=13.0, trial=4, epsilon=0.175 as entry already exists.
Skipping n=85000, coeff=13.0, trial=4, epsilon=0.2 as entry already exists.
Skipping n=85000, coeff=13.0, trial=4, epsilon=0.225 as entry already exists.
Skipping n=85000, coeff=13.0, trial=4, epsilon=0.25 as entry already exists.
Skipping n=85000, coeff=13.0, trial=5, epsilon=0.025 as entry already exists.
Skipping n=85000, coeff=13.0, trial=5, epsilon=0.05 as entry already exists.
Skipping n=85000, coeff=13.0, trial=5, epsilon=0.075 as entry already exists.
Skipping n=85000, coeff=13.0, trial=5, epsilon=0.1 as entry already exists.
Skipping n=85000, coeff=13.0, trial=5, epsilon=0.125 as entry already exists.
Skipping n=85000, coeff=13.0, trial=5, epsilon=0.15 as entry already exists.
Skipping n=85000, coeff=13.0, trial=5, epsilon=0.175 as entry already exists.
Skipping n=85000, coeff=13.0, trial=5, epsilon=0.2 as entry already exists.
Skipping n=85000, coeff=13.0, trial=5, epsilon=0.225 as entry already exists.
Skipping n=85000, coeff=13.0, trial=5, epsilon=0.25 as entry already exists.
Skipping n=85000, coeff=13.0, trial=6, epsilon=0.025 as entry already exists.
Skipping n=85000, coeff=13.0, trial=6, epsilon=0.05 as entry already exists.
Skipping n=85000, coeff=13.0, trial=6, epsilon=0.075 as entry already exists.
Skipping n=85000, coeff=13.0, trial=6, epsilon=0.1 as entry already exists.
Skipping n=85000, coeff=13.0, trial=6, epsilon=0.125 as entry already exists.
Skipping n=85000, coeff=13.0, trial=6, epsilon=0.15 as entry already exists.
Skipping n=85000, coeff=13.0, trial=6, epsilon=0.175 as entry already exists.
Skipping n=85000, coeff=13.0, trial=6, epsilon=0.2 as entry already exists.
Skipping n=85000, coeff=13.0, trial=6, epsilon=0.225 as entry already exists.
Skipping n=85000, coeff=13.0, trial=6, epsilon=0.25 as entry already exists.
Skipping n=85000, coeff=13.0, trial=7, epsilon=0.025 as entry already exists.
Skipping n=85000, coeff=13.0, trial=7, epsilon=0.05 as entry already exists.
Skipping n=85000, coeff=13.0, trial=7, epsilon=0.075 as entry already exists.
Skipping n=85000, coeff=13.0, trial=7, epsilon=0.1 as entry already exists.
Skipping n=85000, coeff=13.0, trial=7, epsilon=0.125 as entry already exists.
Skipping n=85000, coeff=13.0, trial=7, epsilon=0.15 as entry already exists.
n=85000, coeff=13.0, trial=7, GT MIS=42500, Greedy MIS=41667, |S|=54936, Oracle MIS=42500, Improvement=833
n=85000, coeff=13.0, trial=7, GT MIS=42500, Greedy MIS=41667, |S|=44872, Oracle MIS=42499, Improvement=832
n=85000, coeff=13.0, trial=7, GT MIS=42500, Greedy MIS=41667, |S|=42657, Oracle MIS=42499, Improvement=832
n=85000, coeff=13.0, trial=7, GT MIS=42500, Greedy MIS=41667, |S|=42504, Oracle MIS=42498, Improvement=831
n=85000, coeff=13.0, trial=8, GT MIS=42500, Greedy MIS=41165, |S|=85000, Oracle MIS=41165, Improvement=0
n=85000, coeff=13.0, trial=8, GT MIS=42500, Greedy MIS=41165, |S|=85000, Oracle MIS=41165, Improvement=0
n=85000, coeff=13.0, trial=8, GT MIS=42500, Greedy MIS=41165, |S|=85000, Oracle MIS=41165, Improvement=0
n=85000, coeff=13.0, trial=8, GT MIS=42500, Greedy MIS=41165, |S|=84921, Oracle MIS=40779, Improvement=-386
n=85000, coeff=13.0, trial=8, GT MIS=42500, Greedy MIS=41165, |S|=83112, Oracle MIS=42377, Improvement=1212
n=85000, coeff=13.0, trial=8, GT MIS=42500, Greedy MIS=41165, |S|=72752, Oracle MIS=42500, Improvement=1335
n=85000, coeff=13.0, trial=8, GT MIS=42500, Greedy MIS=41165, |S|=54919, Oracle MIS=42500, Improvement=1335
n=85000, coeff=13.0, trial=8, GT MIS=42500, Greedy MIS=41165, |S|=44792, Oracle MIS=42500, Improvement=1335
n=85000, coeff=13.0, trial=8, GT MIS=42500, Greedy MIS=41165, |S|=42662, Oracle MIS=42500, Improvement=1335
n=85000, coeff=13.0, trial=8, GT MIS=42500, Greedy MIS=41165, |S|=42503, Oracle MIS=42500, Improvement=1335
n=85000, coeff=13.0, trial=9, GT MIS=42500, Greedy MIS=41809, |S|=85000, Oracle MIS=41809, Improvement=0
n=85000, coeff=13.0, trial=9, GT MIS=42500, Greedy MIS=41809, |S|=85000, Oracle MIS=41809, Improvement=0
n=85000, coeff=13.0, trial=9, GT MIS=42500, Greedy MIS=41809, |S|=84999, Oracle MIS=41808, Improvement=-1
n=85000, coeff=13.0, trial=9, GT MIS=42500, Greedy MIS=41809, |S|=84896, Oracle MIS=41531, Improvement=-278
n=85000, coeff=13.0, trial=9, GT MIS=42500, Greedy MIS=41809, |S|=82921, Oracle MIS=42500, Improvement=691
n=85000, coeff=13.0, trial=9, GT MIS=42500, Greedy MIS=41809, |S|=72411, Oracle MIS=42500, Improvement=691
n=85000, coeff=13.0, trial=9, GT MIS=42500, Greedy MIS=41809, |S|=54518, Oracle MIS=42500, Improvement=691
n=85000, coeff=13.0, trial=9, GT MIS=42500, Greedy MIS=41809, |S|=44644, Oracle MIS=42500, Improvement=691
n=85000, coeff=13.0, trial=9, GT MIS=42500, Greedy MIS=41809, |S|=42657, Oracle MIS=42500, Improvement=691
n=85000, coeff=13.0, trial=9, GT MIS=42500, Greedy MIS=41809, |S|=42502, Oracle MIS=42500, Improvement=691
Results saved to bipartite_experiment_results_epislons_85000.csv
