Running job on compute-0-39
Requested resources:
  - CPUs: 12
  - GPUs: 
  - Memory: 18000
n=10000, coeff=30.0, trial=0, GT MIS=5000, Greedy MIS=5000, |S|=10000, Oracle MIS=5000, Improvement=0
n=10000, coeff=30.0, trial=0, GT MIS=5000, Greedy MIS=5000, |S|=10000, Oracle MIS=5000, Improvement=0
n=10000, coeff=30.0, trial=0, GT MIS=5000, Greedy MIS=5000, |S|=10000, Oracle MIS=5000, Improvement=0
n=10000, coeff=30.0, trial=0, GT MIS=5000, Greedy MIS=5000, |S|=9964, Oracle MIS=5000, Improvement=0
n=10000, coeff=30.0, trial=0, GT MIS=5000, Greedy MIS=5000, |S|=9105, Oracle MIS=5000, Improvement=0
n=10000, coeff=30.0, trial=0, GT MIS=5000, Greedy MIS=5000, |S|=6523, Oracle MIS=5000, Improvement=0
n=10000, coeff=30.0, trial=0, GT MIS=5000, Greedy MIS=5000, |S|=5103, Oracle MIS=5000, Improvement=0
n=10000, coeff=30.0, trial=0, GT MIS=5000, Greedy MIS=5000, |S|=5001, Oracle MIS=5000, Improvement=0
n=10000, coeff=30.0, trial=0, GT MIS=5000, Greedy MIS=5000, |S|=5000, Oracle MIS=5000, Improvement=0
n=10000, coeff=30.0, trial=0, GT MIS=5000, Greedy MIS=5000, |S|=5000, Oracle MIS=5000, Improvement=0
n=10000, coeff=30.0, trial=1, GT MIS=5000, Greedy MIS=5000, |S|=10000, Oracle MIS=5000, Improvement=0
n=10000, coeff=30.0, trial=1, GT MIS=5000, Greedy MIS=5000, |S|=10000, Oracle MIS=5000, Improvement=0
n=10000, coeff=30.0, trial=1, GT MIS=5000, Greedy MIS=5000, |S|=10000, Oracle MIS=5000, Improvement=0
n=10000, coeff=30.0, trial=1, GT MIS=5000, Greedy MIS=5000, |S|=9902, Oracle MIS=5000, Improvement=0
n=10000, coeff=30.0, trial=1, GT MIS=5000, Greedy MIS=5000, |S|=8608, Oracle MIS=5000, Improvement=0
n=10000, coeff=30.0, trial=1, GT MIS=5000, Greedy MIS=5000, |S|=5963, Oracle MIS=5000, Improvement=0
n=10000, coeff=30.0, trial=1, GT MIS=5000, Greedy MIS=5000, |S|=5062, Oracle MIS=5000, Improvement=0
n=10000, coeff=30.0, trial=1, GT MIS=5000, Greedy MIS=5000, |S|=5001, Oracle MIS=5000, Improvement=0
n=10000, coeff=30.0, trial=1, GT MIS=5000, Greedy MIS=5000, |S|=5000, Oracle MIS=5000, Improvement=0
n=10000, coeff=30.0, trial=1, GT MIS=5000, Greedy MIS=5000, |S|=5000, Oracle MIS=5000, Improvement=0
n=10000, coeff=30.0, trial=2, GT MIS=5000, Greedy MIS=5000, |S|=10000, Oracle MIS=5000, Improvement=0
n=10000, coeff=30.0, trial=2, GT MIS=5000, Greedy MIS=5000, |S|=10000, Oracle MIS=5000, Improvement=0
n=10000, coeff=30.0, trial=2, GT MIS=5000, Greedy MIS=5000, |S|=10000, Oracle MIS=5000, Improvement=0
n=10000, coeff=30.0, trial=2, GT MIS=5000, Greedy MIS=5000, |S|=9952, Oracle MIS=5000, Improvement=0
n=10000, coeff=30.0, trial=2, GT MIS=5000, Greedy MIS=5000, |S|=8939, Oracle MIS=5000, Improvement=0
n=10000, coeff=30.0, trial=2, GT MIS=5000, Greedy MIS=5000, |S|=6238, Oracle MIS=5000, Improvement=0
n=10000, coeff=30.0, trial=2, GT MIS=5000, Greedy MIS=5000, |S|=5091, Oracle MIS=5000, Improvement=0
n=10000, coeff=30.0, trial=2, GT MIS=5000, Greedy MIS=5000, |S|=5002, Oracle MIS=5000, Improvement=0
n=10000, coeff=30.0, trial=2, GT MIS=5000, Greedy MIS=5000, |S|=5000, Oracle MIS=5000, Improvement=0
n=10000, coeff=30.0, trial=2, GT MIS=5000, Greedy MIS=5000, |S|=5000, Oracle MIS=5000, Improvement=0
n=10000, coeff=30.0, trial=3, GT MIS=5000, Greedy MIS=5000, |S|=10000, Oracle MIS=5000, Improvement=0
n=10000, coeff=30.0, trial=3, GT MIS=5000, Greedy MIS=5000, |S|=10000, Oracle MIS=5000, Improvement=0
n=10000, coeff=30.0, trial=3, GT MIS=5000, Greedy MIS=5000, |S|=10000, Oracle MIS=5000, Improvement=0
n=10000, coeff=30.0, trial=3, GT MIS=5000, Greedy MIS=5000, |S|=9936, Oracle MIS=5000, Improvement=0
n=10000, coeff=30.0, trial=3, GT MIS=5000, Greedy MIS=5000, |S|=8534, Oracle MIS=5000, Improvement=0
n=10000, coeff=30.0, trial=3, GT MIS=5000, Greedy MIS=5000, |S|=5847, Oracle MIS=5000, Improvement=0
n=10000, coeff=30.0, trial=3, GT MIS=5000, Greedy MIS=5000, |S|=5049, Oracle MIS=5000, Improvement=0
n=10000, coeff=30.0, trial=3, GT MIS=5000, Greedy MIS=5000, |S|=5001, Oracle MIS=5000, Improvement=0
n=10000, coeff=30.0, trial=3, GT MIS=5000, Greedy MIS=5000, |S|=5000, Oracle MIS=5000, Improvement=0
n=10000, coeff=30.0, trial=3, GT MIS=5000, Greedy MIS=5000, |S|=5000, Oracle MIS=5000, Improvement=0
n=10000, coeff=30.0, trial=4, GT MIS=5000, Greedy MIS=4903, |S|=10000, Oracle MIS=4903, Improvement=0
n=10000, coeff=30.0, trial=4, GT MIS=5000, Greedy MIS=4903, |S|=10000, Oracle MIS=4903, Improvement=0
n=10000, coeff=30.0, trial=4, GT MIS=5000, Greedy MIS=4903, |S|=10000, Oracle MIS=4903, Improvement=0
n=10000, coeff=30.0, trial=4, GT MIS=5000, Greedy MIS=4903, |S|=9883, Oracle MIS=5000, Improvement=97
n=10000, coeff=30.0, trial=4, GT MIS=5000, Greedy MIS=4903, |S|=8588, Oracle MIS=5000, Improvement=97
n=10000, coeff=30.0, trial=4, GT MIS=5000, Greedy MIS=4903, |S|=5883, Oracle MIS=5000, Improvement=97
n=10000, coeff=30.0, trial=4, GT MIS=5000, Greedy MIS=4903, |S|=5046, Oracle MIS=5000, Improvement=97
n=10000, coeff=30.0, trial=4, GT MIS=5000, Greedy MIS=4903, |S|=5000, Oracle MIS=5000, Improvement=97
n=10000, coeff=30.0, trial=4, GT MIS=5000, Greedy MIS=4903, |S|=5000, Oracle MIS=5000, Improvement=97
n=10000, coeff=30.0, trial=4, GT MIS=5000, Greedy MIS=4903, |S|=5000, Oracle MIS=5000, Improvement=97
n=10000, coeff=30.0, trial=5, GT MIS=5000, Greedy MIS=4904, |S|=10000, Oracle MIS=4904, Improvement=0
n=10000, coeff=30.0, trial=5, GT MIS=5000, Greedy MIS=4904, |S|=10000, Oracle MIS=4904, Improvement=0
n=10000, coeff=30.0, trial=5, GT MIS=5000, Greedy MIS=4904, |S|=9999, Oracle MIS=4903, Improvement=-1
n=10000, coeff=30.0, trial=5, GT MIS=5000, Greedy MIS=4904, |S|=9937, Oracle MIS=5000, Improvement=96
n=10000, coeff=30.0, trial=5, GT MIS=5000, Greedy MIS=4904, |S|=8886, Oracle MIS=5000, Improvement=96
n=10000, coeff=30.0, trial=5, GT MIS=5000, Greedy MIS=4904, |S|=6273, Oracle MIS=5000, Improvement=96
n=10000, coeff=30.0, trial=5, GT MIS=5000, Greedy MIS=4904, |S|=5082, Oracle MIS=5000, Improvement=96
n=10000, coeff=30.0, trial=5, GT MIS=5000, Greedy MIS=4904, |S|=5001, Oracle MIS=5000, Improvement=96
n=10000, coeff=30.0, trial=5, GT MIS=5000, Greedy MIS=4904, |S|=5000, Oracle MIS=5000, Improvement=96
n=10000, coeff=30.0, trial=5, GT MIS=5000, Greedy MIS=4904, |S|=5000, Oracle MIS=5000, Improvement=96
n=10000, coeff=30.0, trial=6, GT MIS=5000, Greedy MIS=5000, |S|=10000, Oracle MIS=5000, Improvement=0
n=10000, coeff=30.0, trial=6, GT MIS=5000, Greedy MIS=5000, |S|=10000, Oracle MIS=5000, Improvement=0
n=10000, coeff=30.0, trial=6, GT MIS=5000, Greedy MIS=5000, |S|=10000, Oracle MIS=5000, Improvement=0
n=10000, coeff=30.0, trial=6, GT MIS=5000, Greedy MIS=5000, |S|=9920, Oracle MIS=5000, Improvement=0
n=10000, coeff=30.0, trial=6, GT MIS=5000, Greedy MIS=5000, |S|=8663, Oracle MIS=5000, Improvement=0
n=10000, coeff=30.0, trial=6, GT MIS=5000, Greedy MIS=5000, |S|=6016, Oracle MIS=5000, Improvement=0
n=10000, coeff=30.0, trial=6, GT MIS=5000, Greedy MIS=5000, |S|=5053, Oracle MIS=5000, Improvement=0
n=10000, coeff=30.0, trial=6, GT MIS=5000, Greedy MIS=5000, |S|=5001, Oracle MIS=5000, Improvement=0
n=10000, coeff=30.0, trial=6, GT MIS=5000, Greedy MIS=5000, |S|=5000, Oracle MIS=5000, Improvement=0
n=10000, coeff=30.0, trial=6, GT MIS=5000, Greedy MIS=5000, |S|=5000, Oracle MIS=5000, Improvement=0
n=10000, coeff=30.0, trial=7, GT MIS=5000, Greedy MIS=5000, |S|=10000, Oracle MIS=5000, Improvement=0
n=10000, coeff=30.0, trial=7, GT MIS=5000, Greedy MIS=5000, |S|=10000, Oracle MIS=5000, Improvement=0
n=10000, coeff=30.0, trial=7, GT MIS=5000, Greedy MIS=5000, |S|=10000, Oracle MIS=5000, Improvement=0
n=10000, coeff=30.0, trial=7, GT MIS=5000, Greedy MIS=5000, |S|=9949, Oracle MIS=4949, Improvement=-51
n=10000, coeff=30.0, trial=7, GT MIS=5000, Greedy MIS=5000, |S|=8912, Oracle MIS=5000, Improvement=0
n=10000, coeff=30.0, trial=7, GT MIS=5000, Greedy MIS=5000, |S|=6182, Oracle MIS=5000, Improvement=0
n=10000, coeff=30.0, trial=7, GT MIS=5000, Greedy MIS=5000, |S|=5078, Oracle MIS=5000, Improvement=0
n=10000, coeff=30.0, trial=7, GT MIS=5000, Greedy MIS=5000, |S|=5001, Oracle MIS=5000, Improvement=0
n=10000, coeff=30.0, trial=7, GT MIS=5000, Greedy MIS=5000, |S|=5000, Oracle MIS=5000, Improvement=0
n=10000, coeff=30.0, trial=7, GT MIS=5000, Greedy MIS=5000, |S|=5000, Oracle MIS=5000, Improvement=0
n=10000, coeff=30.0, trial=8, GT MIS=5000, Greedy MIS=5000, |S|=10000, Oracle MIS=5000, Improvement=0
n=10000, coeff=30.0, trial=8, GT MIS=5000, Greedy MIS=5000, |S|=10000, Oracle MIS=5000, Improvement=0
n=10000, coeff=30.0, trial=8, GT MIS=5000, Greedy MIS=5000, |S|=10000, Oracle MIS=5000, Improvement=0
n=10000, coeff=30.0, trial=8, GT MIS=5000, Greedy MIS=5000, |S|=9952, Oracle MIS=4952, Improvement=-48
n=10000, coeff=30.0, trial=8, GT MIS=5000, Greedy MIS=5000, |S|=8959, Oracle MIS=5000, Improvement=0
n=10000, coeff=30.0, trial=8, GT MIS=5000, Greedy MIS=5000, |S|=6311, Oracle MIS=5000, Improvement=0
n=10000, coeff=30.0, trial=8, GT MIS=5000, Greedy MIS=5000, |S|=5083, Oracle MIS=5000, Improvement=0
n=10000, coeff=30.0, trial=8, GT MIS=5000, Greedy MIS=5000, |S|=5002, Oracle MIS=5000, Improvement=0
n=10000, coeff=30.0, trial=8, GT MIS=5000, Greedy MIS=5000, |S|=5000, Oracle MIS=5000, Improvement=0
n=10000, coeff=30.0, trial=8, GT MIS=5000, Greedy MIS=5000, |S|=5000, Oracle MIS=5000, Improvement=0
n=10000, coeff=30.0, trial=9, GT MIS=5000, Greedy MIS=5000, |S|=10000, Oracle MIS=5000, Improvement=0
n=10000, coeff=30.0, trial=9, GT MIS=5000, Greedy MIS=5000, |S|=10000, Oracle MIS=5000, Improvement=0
n=10000, coeff=30.0, trial=9, GT MIS=5000, Greedy MIS=5000, |S|=9999, Oracle MIS=4999, Improvement=-1
n=10000, coeff=30.0, trial=9, GT MIS=5000, Greedy MIS=5000, |S|=9940, Oracle MIS=4940, Improvement=-60
n=10000, coeff=30.0, trial=9, GT MIS=5000, Greedy MIS=5000, |S|=8910, Oracle MIS=5000, Improvement=0
n=10000, coeff=30.0, trial=9, GT MIS=5000, Greedy MIS=5000, |S|=6110, Oracle MIS=5000, Improvement=0
n=10000, coeff=30.0, trial=9, GT MIS=5000, Greedy MIS=5000, |S|=5084, Oracle MIS=5000, Improvement=0
n=10000, coeff=30.0, trial=9, GT MIS=5000, Greedy MIS=5000, |S|=5003, Oracle MIS=5000, Improvement=0
n=10000, coeff=30.0, trial=9, GT MIS=5000, Greedy MIS=5000, |S|=5000, Oracle MIS=5000, Improvement=0
n=10000, coeff=30.0, trial=9, GT MIS=5000, Greedy MIS=5000, |S|=5000, Oracle MIS=5000, Improvement=0
Results saved to bipartite_experiment_results_epislons_10000.csv
