Running job on compute-0-01
Requested resources:
  - CPUs: 12
  - GPUs: 
  - Memory: 18000
Skipping n=85000, coeff=14.0, trial=0, epsilon=0.025 as entry already exists.
Skipping n=85000, coeff=14.0, trial=0, epsilon=0.05 as entry already exists.
Skipping n=85000, coeff=14.0, trial=0, epsilon=0.075 as entry already exists.
Skipping n=85000, coeff=14.0, trial=0, epsilon=0.1 as entry already exists.
Skipping n=85000, coeff=14.0, trial=0, epsilon=0.125 as entry already exists.
Skipping n=85000, coeff=14.0, trial=0, epsilon=0.15 as entry already exists.
Skipping n=85000, coeff=14.0, trial=0, epsilon=0.175 as entry already exists.
Skipping n=85000, coeff=14.0, trial=0, epsilon=0.2 as entry already exists.
Skipping n=85000, coeff=14.0, trial=0, epsilon=0.225 as entry already exists.
Skipping n=85000, coeff=14.0, trial=0, epsilon=0.25 as entry already exists.
Skipping n=85000, coeff=14.0, trial=1, epsilon=0.025 as entry already exists.
Skipping n=85000, coeff=14.0, trial=1, epsilon=0.05 as entry already exists.
Skipping n=85000, coeff=14.0, trial=1, epsilon=0.075 as entry already exists.
Skipping n=85000, coeff=14.0, trial=1, epsilon=0.1 as entry already exists.
Skipping n=85000, coeff=14.0, trial=1, epsilon=0.125 as entry already exists.
Skipping n=85000, coeff=14.0, trial=1, epsilon=0.15 as entry already exists.
Skipping n=85000, coeff=14.0, trial=1, epsilon=0.175 as entry already exists.
Skipping n=85000, coeff=14.0, trial=1, epsilon=0.2 as entry already exists.
Skipping n=85000, coeff=14.0, trial=1, epsilon=0.225 as entry already exists.
Skipping n=85000, coeff=14.0, trial=1, epsilon=0.25 as entry already exists.
Skipping n=85000, coeff=14.0, trial=2, epsilon=0.025 as entry already exists.
Skipping n=85000, coeff=14.0, trial=2, epsilon=0.05 as entry already exists.
Skipping n=85000, coeff=14.0, trial=2, epsilon=0.075 as entry already exists.
Skipping n=85000, coeff=14.0, trial=2, epsilon=0.1 as entry already exists.
Skipping n=85000, coeff=14.0, trial=2, epsilon=0.125 as entry already exists.
Skipping n=85000, coeff=14.0, trial=2, epsilon=0.15 as entry already exists.
Skipping n=85000, coeff=14.0, trial=2, epsilon=0.175 as entry already exists.
Skipping n=85000, coeff=14.0, trial=2, epsilon=0.2 as entry already exists.
Skipping n=85000, coeff=14.0, trial=2, epsilon=0.225 as entry already exists.
Skipping n=85000, coeff=14.0, trial=2, epsilon=0.25 as entry already exists.
Skipping n=85000, coeff=14.0, trial=3, epsilon=0.025 as entry already exists.
Skipping n=85000, coeff=14.0, trial=3, epsilon=0.05 as entry already exists.
Skipping n=85000, coeff=14.0, trial=3, epsilon=0.075 as entry already exists.
Skipping n=85000, coeff=14.0, trial=3, epsilon=0.1 as entry already exists.
Skipping n=85000, coeff=14.0, trial=3, epsilon=0.125 as entry already exists.
Skipping n=85000, coeff=14.0, trial=3, epsilon=0.15 as entry already exists.
Skipping n=85000, coeff=14.0, trial=3, epsilon=0.175 as entry already exists.
Skipping n=85000, coeff=14.0, trial=3, epsilon=0.2 as entry already exists.
Skipping n=85000, coeff=14.0, trial=3, epsilon=0.225 as entry already exists.
Skipping n=85000, coeff=14.0, trial=3, epsilon=0.25 as entry already exists.
Skipping n=85000, coeff=14.0, trial=4, epsilon=0.025 as entry already exists.
Skipping n=85000, coeff=14.0, trial=4, epsilon=0.05 as entry already exists.
Skipping n=85000, coeff=14.0, trial=4, epsilon=0.075 as entry already exists.
Skipping n=85000, coeff=14.0, trial=4, epsilon=0.1 as entry already exists.
Skipping n=85000, coeff=14.0, trial=4, epsilon=0.125 as entry already exists.
Skipping n=85000, coeff=14.0, trial=4, epsilon=0.15 as entry already exists.
Skipping n=85000, coeff=14.0, trial=4, epsilon=0.175 as entry already exists.
Skipping n=85000, coeff=14.0, trial=4, epsilon=0.2 as entry already exists.
Skipping n=85000, coeff=14.0, trial=4, epsilon=0.225 as entry already exists.
Skipping n=85000, coeff=14.0, trial=4, epsilon=0.25 as entry already exists.
Skipping n=85000, coeff=14.0, trial=5, epsilon=0.025 as entry already exists.
Skipping n=85000, coeff=14.0, trial=5, epsilon=0.05 as entry already exists.
Skipping n=85000, coeff=14.0, trial=5, epsilon=0.075 as entry already exists.
Skipping n=85000, coeff=14.0, trial=5, epsilon=0.1 as entry already exists.
Skipping n=85000, coeff=14.0, trial=5, epsilon=0.125 as entry already exists.
Skipping n=85000, coeff=14.0, trial=5, epsilon=0.15 as entry already exists.
Skipping n=85000, coeff=14.0, trial=5, epsilon=0.175 as entry already exists.
Skipping n=85000, coeff=14.0, trial=5, epsilon=0.2 as entry already exists.
Skipping n=85000, coeff=14.0, trial=5, epsilon=0.225 as entry already exists.
Skipping n=85000, coeff=14.0, trial=5, epsilon=0.25 as entry already exists.
Skipping n=85000, coeff=14.0, trial=6, epsilon=0.025 as entry already exists.
Skipping n=85000, coeff=14.0, trial=6, epsilon=0.05 as entry already exists.
Skipping n=85000, coeff=14.0, trial=6, epsilon=0.075 as entry already exists.
Skipping n=85000, coeff=14.0, trial=6, epsilon=0.1 as entry already exists.
Skipping n=85000, coeff=14.0, trial=6, epsilon=0.125 as entry already exists.
Skipping n=85000, coeff=14.0, trial=6, epsilon=0.15 as entry already exists.
Skipping n=85000, coeff=14.0, trial=6, epsilon=0.175 as entry already exists.
Skipping n=85000, coeff=14.0, trial=6, epsilon=0.2 as entry already exists.
Skipping n=85000, coeff=14.0, trial=6, epsilon=0.225 as entry already exists.
Skipping n=85000, coeff=14.0, trial=6, epsilon=0.25 as entry already exists.
Skipping n=85000, coeff=14.0, trial=7, epsilon=0.025 as entry already exists.
Skipping n=85000, coeff=14.0, trial=7, epsilon=0.05 as entry already exists.
Skipping n=85000, coeff=14.0, trial=7, epsilon=0.075 as entry already exists.
Skipping n=85000, coeff=14.0, trial=7, epsilon=0.1 as entry already exists.
Skipping n=85000, coeff=14.0, trial=7, epsilon=0.125 as entry already exists.
Skipping n=85000, coeff=14.0, trial=7, epsilon=0.15 as entry already exists.
Skipping n=85000, coeff=14.0, trial=7, epsilon=0.175 as entry already exists.
Skipping n=85000, coeff=14.0, trial=7, epsilon=0.2 as entry already exists.
Skipping n=85000, coeff=14.0, trial=7, epsilon=0.225 as entry already exists.
Skipping n=85000, coeff=14.0, trial=7, epsilon=0.25 as entry already exists.
n=85000, coeff=14.0, trial=8, GT MIS=42500, Greedy MIS=41892, |S|=85000, Oracle MIS=41892, Improvement=0
n=85000, coeff=14.0, trial=8, GT MIS=42500, Greedy MIS=41892, |S|=85000, Oracle MIS=41892, Improvement=0
n=85000, coeff=14.0, trial=8, GT MIS=42500, Greedy MIS=41892, |S|=85000, Oracle MIS=41892, Improvement=0
n=85000, coeff=14.0, trial=8, GT MIS=42500, Greedy MIS=41892, |S|=84914, Oracle MIS=41807, Improvement=-85
n=85000, coeff=14.0, trial=8, GT MIS=42500, Greedy MIS=41892, |S|=82682, Oracle MIS=42228, Improvement=336
n=85000, coeff=14.0, trial=8, GT MIS=42500, Greedy MIS=41892, |S|=70787, Oracle MIS=42500, Improvement=608
n=85000, coeff=14.0, trial=8, GT MIS=42500, Greedy MIS=41892, |S|=52676, Oracle MIS=42500, Improvement=608
n=85000, coeff=14.0, trial=8, GT MIS=42500, Greedy MIS=41892, |S|=44013, Oracle MIS=42500, Improvement=608
n=85000, coeff=14.0, trial=8, GT MIS=42500, Greedy MIS=41892, |S|=42579, Oracle MIS=42500, Improvement=608
n=85000, coeff=14.0, trial=8, GT MIS=42500, Greedy MIS=41892, |S|=42502, Oracle MIS=42500, Improvement=608
n=85000, coeff=14.0, trial=9, GT MIS=42500, Greedy MIS=41888, |S|=85000, Oracle MIS=41888, Improvement=0
n=85000, coeff=14.0, trial=9, GT MIS=42500, Greedy MIS=41888, |S|=85000, Oracle MIS=41888, Improvement=0
n=85000, coeff=14.0, trial=9, GT MIS=42500, Greedy MIS=41888, |S|=84998, Oracle MIS=41886, Improvement=-2
n=85000, coeff=14.0, trial=9, GT MIS=42500, Greedy MIS=41888, |S|=84884, Oracle MIS=41631, Improvement=-257
n=85000, coeff=14.0, trial=9, GT MIS=42500, Greedy MIS=41888, |S|=82511, Oracle MIS=42367, Improvement=479
n=85000, coeff=14.0, trial=9, GT MIS=42500, Greedy MIS=41888, |S|=70601, Oracle MIS=42500, Improvement=612
n=85000, coeff=14.0, trial=9, GT MIS=42500, Greedy MIS=41888, |S|=52306, Oracle MIS=42500, Improvement=612
n=85000, coeff=14.0, trial=9, GT MIS=42500, Greedy MIS=41888, |S|=43929, Oracle MIS=42500, Improvement=612
n=85000, coeff=14.0, trial=9, GT MIS=42500, Greedy MIS=41888, |S|=42576, Oracle MIS=42500, Improvement=612
n=85000, coeff=14.0, trial=9, GT MIS=42500, Greedy MIS=41888, |S|=42500, Oracle MIS=42500, Improvement=612
Results saved to bipartite_experiment_results_epislons_85000.csv
