Running job on compute-3-02
Requested resources:
  - CPUs: 18
  - GPUs: 
  - Memory: 18000
n=15000, coeff=11, trial=0, GT MIS=7500, Greedy MIS=7272, |S|=15000, Oracle MIS=7272, Improvement=0
n=15000, coeff=11, trial=0, GT MIS=7500, Greedy MIS=7272, |S|=15000, Oracle MIS=7272, Improvement=0
n=15000, coeff=11, trial=0, GT MIS=7500, Greedy MIS=7272, |S|=15000, Oracle MIS=7272, Improvement=0
n=15000, coeff=11, trial=0, GT MIS=7500, Greedy MIS=7272, |S|=14993, Oracle MIS=7265, Improvement=-7
n=15000, coeff=11, trial=0, GT MIS=7500, Greedy MIS=7272, |S|=14867, Oracle MIS=7387, Improvement=115
n=15000, coeff=11, trial=0, GT MIS=7500, Greedy MIS=7272, |S|=14090, Oracle MIS=7500, Improvement=228
n=15000, coeff=11, trial=0, GT MIS=7500, Greedy MIS=7272, |S|=11755, Oracle MIS=7500, Improvement=228
n=15000, coeff=11, trial=0, GT MIS=7500, Greedy MIS=7272, |S|=9145, Oracle MIS=7500, Improvement=228
n=15000, coeff=11, trial=0, GT MIS=7500, Greedy MIS=7272, |S|=7862, Oracle MIS=7500, Improvement=228
n=15000, coeff=11, trial=0, GT MIS=7500, Greedy MIS=7272, |S|=7538, Oracle MIS=7500, Improvement=228
n=15000, coeff=11, trial=1, GT MIS=7500, Greedy MIS=7418, |S|=15000, Oracle MIS=7418, Improvement=0
n=15000, coeff=11, trial=1, GT MIS=7500, Greedy MIS=7418, |S|=15000, Oracle MIS=7418, Improvement=0
n=15000, coeff=11, trial=1, GT MIS=7500, Greedy MIS=7418, |S|=15000, Oracle MIS=7418, Improvement=0
n=15000, coeff=11, trial=1, GT MIS=7500, Greedy MIS=7418, |S|=14997, Oracle MIS=7415, Improvement=-3
n=15000, coeff=11, trial=1, GT MIS=7500, Greedy MIS=7418, |S|=14832, Oracle MIS=7047, Improvement=-371
n=15000, coeff=11, trial=1, GT MIS=7500, Greedy MIS=7418, |S|=13823, Oracle MIS=7500, Improvement=82
n=15000, coeff=11, trial=1, GT MIS=7500, Greedy MIS=7418, |S|=11377, Oracle MIS=7500, Improvement=82
n=15000, coeff=11, trial=1, GT MIS=7500, Greedy MIS=7418, |S|=8939, Oracle MIS=7500, Improvement=82
n=15000, coeff=11, trial=1, GT MIS=7500, Greedy MIS=7418, |S|=7791, Oracle MIS=7500, Improvement=82
n=15000, coeff=11, trial=1, GT MIS=7500, Greedy MIS=7418, |S|=7521, Oracle MIS=7500, Improvement=82
n=15000, coeff=11, trial=2, GT MIS=7500, Greedy MIS=7332, |S|=15000, Oracle MIS=7332, Improvement=0
n=15000, coeff=11, trial=2, GT MIS=7500, Greedy MIS=7332, |S|=15000, Oracle MIS=7332, Improvement=0
n=15000, coeff=11, trial=2, GT MIS=7500, Greedy MIS=7332, |S|=15000, Oracle MIS=7332, Improvement=0
n=15000, coeff=11, trial=2, GT MIS=7500, Greedy MIS=7332, |S|=14990, Oracle MIS=7322, Improvement=-10
n=15000, coeff=11, trial=2, GT MIS=7500, Greedy MIS=7332, |S|=14820, Oracle MIS=7414, Improvement=82
n=15000, coeff=11, trial=2, GT MIS=7500, Greedy MIS=7332, |S|=13827, Oracle MIS=7500, Improvement=168
n=15000, coeff=11, trial=2, GT MIS=7500, Greedy MIS=7332, |S|=11411, Oracle MIS=7500, Improvement=168
n=15000, coeff=11, trial=2, GT MIS=7500, Greedy MIS=7332, |S|=8850, Oracle MIS=7500, Improvement=168
n=15000, coeff=11, trial=2, GT MIS=7500, Greedy MIS=7332, |S|=7764, Oracle MIS=7500, Improvement=168
n=15000, coeff=11, trial=2, GT MIS=7500, Greedy MIS=7332, |S|=7528, Oracle MIS=7500, Improvement=168
n=15000, coeff=11, trial=3, GT MIS=7500, Greedy MIS=7355, |S|=15000, Oracle MIS=7355, Improvement=0
n=15000, coeff=11, trial=3, GT MIS=7500, Greedy MIS=7355, |S|=15000, Oracle MIS=7355, Improvement=0
n=15000, coeff=11, trial=3, GT MIS=7500, Greedy MIS=7355, |S|=15000, Oracle MIS=7355, Improvement=0
n=15000, coeff=11, trial=3, GT MIS=7500, Greedy MIS=7355, |S|=14995, Oracle MIS=7350, Improvement=-5
n=15000, coeff=11, trial=3, GT MIS=7500, Greedy MIS=7355, |S|=14896, Oracle MIS=7385, Improvement=30
n=15000, coeff=11, trial=3, GT MIS=7500, Greedy MIS=7355, |S|=14131, Oracle MIS=7500, Improvement=145
n=15000, coeff=11, trial=3, GT MIS=7500, Greedy MIS=7355, |S|=11754, Oracle MIS=7500, Improvement=145
n=15000, coeff=11, trial=3, GT MIS=7500, Greedy MIS=7355, |S|=9076, Oracle MIS=7500, Improvement=145
n=15000, coeff=11, trial=3, GT MIS=7500, Greedy MIS=7355, |S|=7833, Oracle MIS=7499, Improvement=144
n=15000, coeff=11, trial=3, GT MIS=7500, Greedy MIS=7355, |S|=7533, Oracle MIS=7500, Improvement=145
n=15000, coeff=11, trial=4, GT MIS=7500, Greedy MIS=7419, |S|=15000, Oracle MIS=7419, Improvement=0
n=15000, coeff=11, trial=4, GT MIS=7500, Greedy MIS=7419, |S|=15000, Oracle MIS=7419, Improvement=0
n=15000, coeff=11, trial=4, GT MIS=7500, Greedy MIS=7419, |S|=15000, Oracle MIS=7419, Improvement=0
n=15000, coeff=11, trial=4, GT MIS=7500, Greedy MIS=7419, |S|=14990, Oracle MIS=7380, Improvement=-39
n=15000, coeff=11, trial=4, GT MIS=7500, Greedy MIS=7419, |S|=14803, Oracle MIS=7390, Improvement=-29
n=15000, coeff=11, trial=4, GT MIS=7500, Greedy MIS=7419, |S|=13734, Oracle MIS=7500, Improvement=81
n=15000, coeff=11, trial=4, GT MIS=7500, Greedy MIS=7419, |S|=11258, Oracle MIS=7500, Improvement=81
n=15000, coeff=11, trial=4, GT MIS=7500, Greedy MIS=7419, |S|=8785, Oracle MIS=7500, Improvement=81
n=15000, coeff=11, trial=4, GT MIS=7500, Greedy MIS=7419, |S|=7750, Oracle MIS=7500, Improvement=81
n=15000, coeff=11, trial=4, GT MIS=7500, Greedy MIS=7419, |S|=7526, Oracle MIS=7500, Improvement=81
n=15000, coeff=11, trial=5, GT MIS=7500, Greedy MIS=7443, |S|=15000, Oracle MIS=7443, Improvement=0
n=15000, coeff=11, trial=5, GT MIS=7500, Greedy MIS=7443, |S|=15000, Oracle MIS=7443, Improvement=0
n=15000, coeff=11, trial=5, GT MIS=7500, Greedy MIS=7443, |S|=15000, Oracle MIS=7443, Improvement=0
n=15000, coeff=11, trial=5, GT MIS=7500, Greedy MIS=7443, |S|=14992, Oracle MIS=7443, Improvement=0
n=15000, coeff=11, trial=5, GT MIS=7500, Greedy MIS=7443, |S|=14853, Oracle MIS=7473, Improvement=30
n=15000, coeff=11, trial=5, GT MIS=7500, Greedy MIS=7443, |S|=13918, Oracle MIS=7500, Improvement=57
n=15000, coeff=11, trial=5, GT MIS=7500, Greedy MIS=7443, |S|=11667, Oracle MIS=7500, Improvement=57
n=15000, coeff=11, trial=5, GT MIS=7500, Greedy MIS=7443, |S|=9149, Oracle MIS=7500, Improvement=57
n=15000, coeff=11, trial=5, GT MIS=7500, Greedy MIS=7443, |S|=7794, Oracle MIS=7500, Improvement=57
n=15000, coeff=11, trial=5, GT MIS=7500, Greedy MIS=7443, |S|=7535, Oracle MIS=7500, Improvement=57
n=15000, coeff=11, trial=6, GT MIS=7500, Greedy MIS=7420, |S|=15000, Oracle MIS=7420, Improvement=0
n=15000, coeff=11, trial=6, GT MIS=7500, Greedy MIS=7420, |S|=15000, Oracle MIS=7420, Improvement=0
n=15000, coeff=11, trial=6, GT MIS=7500, Greedy MIS=7420, |S|=15000, Oracle MIS=7420, Improvement=0
n=15000, coeff=11, trial=6, GT MIS=7500, Greedy MIS=7420, |S|=14994, Oracle MIS=7414, Improvement=-6
n=15000, coeff=11, trial=6, GT MIS=7500, Greedy MIS=7420, |S|=14864, Oracle MIS=7443, Improvement=23
n=15000, coeff=11, trial=6, GT MIS=7500, Greedy MIS=7420, |S|=13919, Oracle MIS=7500, Improvement=80
n=15000, coeff=11, trial=6, GT MIS=7500, Greedy MIS=7420, |S|=11661, Oracle MIS=7500, Improvement=80
n=15000, coeff=11, trial=6, GT MIS=7500, Greedy MIS=7420, |S|=9027, Oracle MIS=7500, Improvement=80
n=15000, coeff=11, trial=6, GT MIS=7500, Greedy MIS=7420, |S|=7805, Oracle MIS=7500, Improvement=80
n=15000, coeff=11, trial=6, GT MIS=7500, Greedy MIS=7420, |S|=7526, Oracle MIS=7500, Improvement=80
n=15000, coeff=11, trial=7, GT MIS=7500, Greedy MIS=7411, |S|=15000, Oracle MIS=7411, Improvement=0
n=15000, coeff=11, trial=7, GT MIS=7500, Greedy MIS=7411, |S|=15000, Oracle MIS=7411, Improvement=0
n=15000, coeff=11, trial=7, GT MIS=7500, Greedy MIS=7411, |S|=15000, Oracle MIS=7411, Improvement=0
n=15000, coeff=11, trial=7, GT MIS=7500, Greedy MIS=7411, |S|=14995, Oracle MIS=7406, Improvement=-5
n=15000, coeff=11, trial=7, GT MIS=7500, Greedy MIS=7411, |S|=14841, Oracle MIS=7392, Improvement=-19
n=15000, coeff=11, trial=7, GT MIS=7500, Greedy MIS=7411, |S|=13791, Oracle MIS=7500, Improvement=89
n=15000, coeff=11, trial=7, GT MIS=7500, Greedy MIS=7411, |S|=11331, Oracle MIS=7500, Improvement=89
n=15000, coeff=11, trial=7, GT MIS=7500, Greedy MIS=7411, |S|=8865, Oracle MIS=7500, Improvement=89
n=15000, coeff=11, trial=7, GT MIS=7500, Greedy MIS=7411, |S|=7772, Oracle MIS=7500, Improvement=89
n=15000, coeff=11, trial=7, GT MIS=7500, Greedy MIS=7411, |S|=7535, Oracle MIS=7500, Improvement=89
n=15000, coeff=11, trial=8, GT MIS=7500, Greedy MIS=7363, |S|=15000, Oracle MIS=7363, Improvement=0
n=15000, coeff=11, trial=8, GT MIS=7500, Greedy MIS=7363, |S|=15000, Oracle MIS=7363, Improvement=0
n=15000, coeff=11, trial=8, GT MIS=7500, Greedy MIS=7363, |S|=15000, Oracle MIS=7363, Improvement=0
n=15000, coeff=11, trial=8, GT MIS=7500, Greedy MIS=7363, |S|=15000, Oracle MIS=7363, Improvement=0
n=15000, coeff=11, trial=8, GT MIS=7500, Greedy MIS=7363, |S|=14910, Oracle MIS=7274, Improvement=-89
n=15000, coeff=11, trial=8, GT MIS=7500, Greedy MIS=7363, |S|=14217, Oracle MIS=7500, Improvement=137
n=15000, coeff=11, trial=8, GT MIS=7500, Greedy MIS=7363, |S|=12027, Oracle MIS=7500, Improvement=137
n=15000, coeff=11, trial=8, GT MIS=7500, Greedy MIS=7363, |S|=9462, Oracle MIS=7500, Improvement=137
n=15000, coeff=11, trial=8, GT MIS=7500, Greedy MIS=7363, |S|=7922, Oracle MIS=7499, Improvement=136
n=15000, coeff=11, trial=8, GT MIS=7500, Greedy MIS=7363, |S|=7545, Oracle MIS=7499, Improvement=136
n=15000, coeff=11, trial=9, GT MIS=7500, Greedy MIS=7443, |S|=15000, Oracle MIS=7443, Improvement=0
n=15000, coeff=11, trial=9, GT MIS=7500, Greedy MIS=7443, |S|=15000, Oracle MIS=7443, Improvement=0
n=15000, coeff=11, trial=9, GT MIS=7500, Greedy MIS=7443, |S|=15000, Oracle MIS=7443, Improvement=0
n=15000, coeff=11, trial=9, GT MIS=7500, Greedy MIS=7443, |S|=14995, Oracle MIS=7438, Improvement=-5
n=15000, coeff=11, trial=9, GT MIS=7500, Greedy MIS=7443, |S|=14895, Oracle MIS=7339, Improvement=-104
n=15000, coeff=11, trial=9, GT MIS=7500, Greedy MIS=7443, |S|=13997, Oracle MIS=7500, Improvement=57
n=15000, coeff=11, trial=9, GT MIS=7500, Greedy MIS=7443, |S|=11638, Oracle MIS=7500, Improvement=57
n=15000, coeff=11, trial=9, GT MIS=7500, Greedy MIS=7443, |S|=9100, Oracle MIS=7500, Improvement=57
n=15000, coeff=11, trial=9, GT MIS=7500, Greedy MIS=7443, |S|=7827, Oracle MIS=7500, Improvement=57
n=15000, coeff=11, trial=9, GT MIS=7500, Greedy MIS=7443, |S|=7527, Oracle MIS=7500, Improvement=57
n=15000, coeff=12, trial=0, GT MIS=7500, Greedy MIS=7202, |S|=15000, Oracle MIS=7202, Improvement=0
n=15000, coeff=12, trial=0, GT MIS=7500, Greedy MIS=7202, |S|=15000, Oracle MIS=7202, Improvement=0
n=15000, coeff=12, trial=0, GT MIS=7500, Greedy MIS=7202, |S|=15000, Oracle MIS=7202, Improvement=0
n=15000, coeff=12, trial=0, GT MIS=7500, Greedy MIS=7202, |S|=14994, Oracle MIS=7202, Improvement=0
n=15000, coeff=12, trial=0, GT MIS=7500, Greedy MIS=7202, |S|=14862, Oracle MIS=7270, Improvement=68
n=15000, coeff=12, trial=0, GT MIS=7500, Greedy MIS=7202, |S|=13927, Oracle MIS=7500, Improvement=298
n=15000, coeff=12, trial=0, GT MIS=7500, Greedy MIS=7202, |S|=11333, Oracle MIS=7500, Improvement=298
n=15000, coeff=12, trial=0, GT MIS=7500, Greedy MIS=7202, |S|=8791, Oracle MIS=7500, Improvement=298
n=15000, coeff=12, trial=0, GT MIS=7500, Greedy MIS=7202, |S|=7756, Oracle MIS=7500, Improvement=298
n=15000, coeff=12, trial=0, GT MIS=7500, Greedy MIS=7202, |S|=7518, Oracle MIS=7500, Improvement=298
n=15000, coeff=12, trial=1, GT MIS=7500, Greedy MIS=7343, |S|=15000, Oracle MIS=7343, Improvement=0
n=15000, coeff=12, trial=1, GT MIS=7500, Greedy MIS=7343, |S|=15000, Oracle MIS=7343, Improvement=0
n=15000, coeff=12, trial=1, GT MIS=7500, Greedy MIS=7343, |S|=15000, Oracle MIS=7343, Improvement=0
n=15000, coeff=12, trial=1, GT MIS=7500, Greedy MIS=7343, |S|=14993, Oracle MIS=7337, Improvement=-6
n=15000, coeff=12, trial=1, GT MIS=7500, Greedy MIS=7343, |S|=14796, Oracle MIS=7214, Improvement=-129
n=15000, coeff=12, trial=1, GT MIS=7500, Greedy MIS=7343, |S|=13609, Oracle MIS=7500, Improvement=157
n=15000, coeff=12, trial=1, GT MIS=7500, Greedy MIS=7343, |S|=10978, Oracle MIS=7500, Improvement=157
n=15000, coeff=12, trial=1, GT MIS=7500, Greedy MIS=7343, |S|=8628, Oracle MIS=7500, Improvement=157
n=15000, coeff=12, trial=1, GT MIS=7500, Greedy MIS=7343, |S|=7676, Oracle MIS=7500, Improvement=157
n=15000, coeff=12, trial=1, GT MIS=7500, Greedy MIS=7343, |S|=7509, Oracle MIS=7500, Improvement=157
n=15000, coeff=12, trial=2, GT MIS=7500, Greedy MIS=7368, |S|=15000, Oracle MIS=7368, Improvement=0
n=15000, coeff=12, trial=2, GT MIS=7500, Greedy MIS=7368, |S|=15000, Oracle MIS=7368, Improvement=0
n=15000, coeff=12, trial=2, GT MIS=7500, Greedy MIS=7368, |S|=15000, Oracle MIS=7368, Improvement=0
n=15000, coeff=12, trial=2, GT MIS=7500, Greedy MIS=7368, |S|=14990, Oracle MIS=7358, Improvement=-10
n=15000, coeff=12, trial=2, GT MIS=7500, Greedy MIS=7368, |S|=14798, Oracle MIS=7469, Improvement=101
n=15000, coeff=12, trial=2, GT MIS=7500, Greedy MIS=7368, |S|=13642, Oracle MIS=7500, Improvement=132
n=15000, coeff=12, trial=2, GT MIS=7500, Greedy MIS=7368, |S|=10957, Oracle MIS=7500, Improvement=132
n=15000, coeff=12, trial=2, GT MIS=7500, Greedy MIS=7368, |S|=8531, Oracle MIS=7500, Improvement=132
n=15000, coeff=12, trial=2, GT MIS=7500, Greedy MIS=7368, |S|=7654, Oracle MIS=7500, Improvement=132
n=15000, coeff=12, trial=2, GT MIS=7500, Greedy MIS=7368, |S|=7517, Oracle MIS=7500, Improvement=132
n=15000, coeff=12, trial=3, GT MIS=7500, Greedy MIS=7343, |S|=15000, Oracle MIS=7343, Improvement=0
n=15000, coeff=12, trial=3, GT MIS=7500, Greedy MIS=7343, |S|=15000, Oracle MIS=7343, Improvement=0
n=15000, coeff=12, trial=3, GT MIS=7500, Greedy MIS=7343, |S|=15000, Oracle MIS=7343, Improvement=0
n=15000, coeff=12, trial=3, GT MIS=7500, Greedy MIS=7343, |S|=14993, Oracle MIS=7336, Improvement=-7
n=15000, coeff=12, trial=3, GT MIS=7500, Greedy MIS=7343, |S|=14873, Oracle MIS=7469, Improvement=126
n=15000, coeff=12, trial=3, GT MIS=7500, Greedy MIS=7343, |S|=13951, Oracle MIS=7500, Improvement=157
n=15000, coeff=12, trial=3, GT MIS=7500, Greedy MIS=7343, |S|=11352, Oracle MIS=7500, Improvement=157
n=15000, coeff=12, trial=3, GT MIS=7500, Greedy MIS=7343, |S|=8748, Oracle MIS=7500, Improvement=157
n=15000, coeff=12, trial=3, GT MIS=7500, Greedy MIS=7343, |S|=7722, Oracle MIS=7500, Improvement=157
n=15000, coeff=12, trial=3, GT MIS=7500, Greedy MIS=7343, |S|=7520, Oracle MIS=7500, Improvement=157
n=15000, coeff=12, trial=4, GT MIS=7500, Greedy MIS=7338, |S|=15000, Oracle MIS=7338, Improvement=0
n=15000, coeff=12, trial=4, GT MIS=7500, Greedy MIS=7338, |S|=15000, Oracle MIS=7338, Improvement=0
n=15000, coeff=12, trial=4, GT MIS=7500, Greedy MIS=7338, |S|=15000, Oracle MIS=7338, Improvement=0
n=15000, coeff=12, trial=4, GT MIS=7500, Greedy MIS=7338, |S|=14988, Oracle MIS=7338, Improvement=0
n=15000, coeff=12, trial=4, GT MIS=7500, Greedy MIS=7338, |S|=14738, Oracle MIS=7439, Improvement=101
n=15000, coeff=12, trial=4, GT MIS=7500, Greedy MIS=7338, |S|=13516, Oracle MIS=7500, Improvement=162
n=15000, coeff=12, trial=4, GT MIS=7500, Greedy MIS=7338, |S|=10801, Oracle MIS=7500, Improvement=162
n=15000, coeff=12, trial=4, GT MIS=7500, Greedy MIS=7338, |S|=8472, Oracle MIS=7500, Improvement=162
n=15000, coeff=12, trial=4, GT MIS=7500, Greedy MIS=7338, |S|=7641, Oracle MIS=7500, Improvement=162
n=15000, coeff=12, trial=4, GT MIS=7500, Greedy MIS=7338, |S|=7515, Oracle MIS=7500, Improvement=162
n=15000, coeff=12, trial=5, GT MIS=7500, Greedy MIS=7470, |S|=15000, Oracle MIS=7470, Improvement=0
n=15000, coeff=12, trial=5, GT MIS=7500, Greedy MIS=7470, |S|=15000, Oracle MIS=7470, Improvement=0
n=15000, coeff=12, trial=5, GT MIS=7500, Greedy MIS=7470, |S|=15000, Oracle MIS=7470, Improvement=0
n=15000, coeff=12, trial=5, GT MIS=7500, Greedy MIS=7470, |S|=14994, Oracle MIS=7470, Improvement=0
n=15000, coeff=12, trial=5, GT MIS=7500, Greedy MIS=7470, |S|=14821, Oracle MIS=7470, Improvement=0
n=15000, coeff=12, trial=5, GT MIS=7500, Greedy MIS=7470, |S|=13749, Oracle MIS=7500, Improvement=30
n=15000, coeff=12, trial=5, GT MIS=7500, Greedy MIS=7470, |S|=11222, Oracle MIS=7500, Improvement=30
n=15000, coeff=12, trial=5, GT MIS=7500, Greedy MIS=7470, |S|=8782, Oracle MIS=7500, Improvement=30
n=15000, coeff=12, trial=5, GT MIS=7500, Greedy MIS=7470, |S|=7679, Oracle MIS=7500, Improvement=30
n=15000, coeff=12, trial=5, GT MIS=7500, Greedy MIS=7470, |S|=7517, Oracle MIS=7500, Improvement=30
n=15000, coeff=12, trial=6, GT MIS=7500, Greedy MIS=7115, |S|=15000, Oracle MIS=7115, Improvement=0
n=15000, coeff=12, trial=6, GT MIS=7500, Greedy MIS=7115, |S|=15000, Oracle MIS=7115, Improvement=0
n=15000, coeff=12, trial=6, GT MIS=7500, Greedy MIS=7115, |S|=15000, Oracle MIS=7115, Improvement=0
n=15000, coeff=12, trial=6, GT MIS=7500, Greedy MIS=7115, |S|=14995, Oracle MIS=7110, Improvement=-5
n=15000, coeff=12, trial=6, GT MIS=7500, Greedy MIS=7115, |S|=14819, Oracle MIS=7469, Improvement=354
n=15000, coeff=12, trial=6, GT MIS=7500, Greedy MIS=7115, |S|=13723, Oracle MIS=7500, Improvement=385
n=15000, coeff=12, trial=6, GT MIS=7500, Greedy MIS=7115, |S|=11271, Oracle MIS=7500, Improvement=385
n=15000, coeff=12, trial=6, GT MIS=7500, Greedy MIS=7115, |S|=8671, Oracle MIS=7500, Improvement=385
n=15000, coeff=12, trial=6, GT MIS=7500, Greedy MIS=7115, |S|=7689, Oracle MIS=7500, Improvement=385
n=15000, coeff=12, trial=6, GT MIS=7500, Greedy MIS=7115, |S|=7517, Oracle MIS=7500, Improvement=385
n=15000, coeff=12, trial=7, GT MIS=7500, Greedy MIS=7467, |S|=15000, Oracle MIS=7467, Improvement=0
n=15000, coeff=12, trial=7, GT MIS=7500, Greedy MIS=7467, |S|=15000, Oracle MIS=7467, Improvement=0
n=15000, coeff=12, trial=7, GT MIS=7500, Greedy MIS=7467, |S|=15000, Oracle MIS=7467, Improvement=0
n=15000, coeff=12, trial=7, GT MIS=7500, Greedy MIS=7467, |S|=14993, Oracle MIS=7460, Improvement=-7
n=15000, coeff=12, trial=7, GT MIS=7500, Greedy MIS=7467, |S|=14797, Oracle MIS=7167, Improvement=-300
n=15000, coeff=12, trial=7, GT MIS=7500, Greedy MIS=7467, |S|=13613, Oracle MIS=7500, Improvement=33
n=15000, coeff=12, trial=7, GT MIS=7500, Greedy MIS=7467, |S|=10840, Oracle MIS=7500, Improvement=33
n=15000, coeff=12, trial=7, GT MIS=7500, Greedy MIS=7467, |S|=8527, Oracle MIS=7500, Improvement=33
n=15000, coeff=12, trial=7, GT MIS=7500, Greedy MIS=7467, |S|=7677, Oracle MIS=7500, Improvement=33
n=15000, coeff=12, trial=7, GT MIS=7500, Greedy MIS=7467, |S|=7513, Oracle MIS=7500, Improvement=33
n=15000, coeff=12, trial=8, GT MIS=7500, Greedy MIS=7369, |S|=15000, Oracle MIS=7369, Improvement=0
n=15000, coeff=12, trial=8, GT MIS=7500, Greedy MIS=7369, |S|=15000, Oracle MIS=7369, Improvement=0
n=15000, coeff=12, trial=8, GT MIS=7500, Greedy MIS=7369, |S|=15000, Oracle MIS=7369, Improvement=0
n=15000, coeff=12, trial=8, GT MIS=7500, Greedy MIS=7369, |S|=14997, Oracle MIS=7366, Improvement=-3
n=15000, coeff=12, trial=8, GT MIS=7500, Greedy MIS=7369, |S|=14893, Oracle MIS=7435, Improvement=66
n=15000, coeff=12, trial=8, GT MIS=7500, Greedy MIS=7369, |S|=14071, Oracle MIS=7500, Improvement=131
n=15000, coeff=12, trial=8, GT MIS=7500, Greedy MIS=7369, |S|=11644, Oracle MIS=7500, Improvement=131
n=15000, coeff=12, trial=8, GT MIS=7500, Greedy MIS=7369, |S|=9080, Oracle MIS=7500, Improvement=131
n=15000, coeff=12, trial=8, GT MIS=7500, Greedy MIS=7369, |S|=7763, Oracle MIS=7499, Improvement=130
n=15000, coeff=12, trial=8, GT MIS=7500, Greedy MIS=7369, |S|=7531, Oracle MIS=7499, Improvement=130
n=15000, coeff=12, trial=9, GT MIS=7500, Greedy MIS=7370, |S|=15000, Oracle MIS=7370, Improvement=0
n=15000, coeff=12, trial=9, GT MIS=7500, Greedy MIS=7370, |S|=15000, Oracle MIS=7370, Improvement=0
n=15000, coeff=12, trial=9, GT MIS=7500, Greedy MIS=7370, |S|=15000, Oracle MIS=7370, Improvement=0
n=15000, coeff=12, trial=9, GT MIS=7500, Greedy MIS=7370, |S|=14991, Oracle MIS=7361, Improvement=-9
n=15000, coeff=12, trial=9, GT MIS=7500, Greedy MIS=7370, |S|=14865, Oracle MIS=7376, Improvement=6
n=15000, coeff=12, trial=9, GT MIS=7500, Greedy MIS=7370, |S|=13800, Oracle MIS=7500, Improvement=130
n=15000, coeff=12, trial=9, GT MIS=7500, Greedy MIS=7370, |S|=11232, Oracle MIS=7500, Improvement=130
n=15000, coeff=12, trial=9, GT MIS=7500, Greedy MIS=7370, |S|=8751, Oracle MIS=7500, Improvement=130
n=15000, coeff=12, trial=9, GT MIS=7500, Greedy MIS=7370, |S|=7719, Oracle MIS=7500, Improvement=130
n=15000, coeff=12, trial=9, GT MIS=7500, Greedy MIS=7370, |S|=7518, Oracle MIS=7500, Improvement=130
n=15000, coeff=13, trial=0, GT MIS=7500, Greedy MIS=7352, |S|=15000, Oracle MIS=7352, Improvement=0
n=15000, coeff=13, trial=0, GT MIS=7500, Greedy MIS=7352, |S|=15000, Oracle MIS=7352, Improvement=0
n=15000, coeff=13, trial=0, GT MIS=7500, Greedy MIS=7352, |S|=15000, Oracle MIS=7352, Improvement=0
n=15000, coeff=13, trial=0, GT MIS=7500, Greedy MIS=7352, |S|=14990, Oracle MIS=7342, Improvement=-10
n=15000, coeff=13, trial=0, GT MIS=7500, Greedy MIS=7352, |S|=14836, Oracle MIS=7391, Improvement=39
n=15000, coeff=13, trial=0, GT MIS=7500, Greedy MIS=7352, |S|=13707, Oracle MIS=7500, Improvement=148
n=15000, coeff=13, trial=0, GT MIS=7500, Greedy MIS=7352, |S|=10922, Oracle MIS=7500, Improvement=148
n=15000, coeff=13, trial=0, GT MIS=7500, Greedy MIS=7352, |S|=8495, Oracle MIS=7500, Improvement=148
n=15000, coeff=13, trial=0, GT MIS=7500, Greedy MIS=7352, |S|=7655, Oracle MIS=7500, Improvement=148
n=15000, coeff=13, trial=0, GT MIS=7500, Greedy MIS=7352, |S|=7504, Oracle MIS=7500, Improvement=148
n=15000, coeff=13, trial=1, GT MIS=7500, Greedy MIS=6968, |S|=15000, Oracle MIS=6968, Improvement=0
n=15000, coeff=13, trial=1, GT MIS=7500, Greedy MIS=6968, |S|=15000, Oracle MIS=6968, Improvement=0
n=15000, coeff=13, trial=1, GT MIS=7500, Greedy MIS=6968, |S|=15000, Oracle MIS=6968, Improvement=0
n=15000, coeff=13, trial=1, GT MIS=7500, Greedy MIS=6968, |S|=14994, Oracle MIS=6964, Improvement=-4
n=15000, coeff=13, trial=1, GT MIS=7500, Greedy MIS=6968, |S|=14728, Oracle MIS=7500, Improvement=532
n=15000, coeff=13, trial=1, GT MIS=7500, Greedy MIS=6968, |S|=13349, Oracle MIS=7500, Improvement=532
n=15000, coeff=13, trial=1, GT MIS=7500, Greedy MIS=6968, |S|=10507, Oracle MIS=7500, Improvement=532
n=15000, coeff=13, trial=1, GT MIS=7500, Greedy MIS=6968, |S|=8337, Oracle MIS=7500, Improvement=532
n=15000, coeff=13, trial=1, GT MIS=7500, Greedy MIS=6968, |S|=7598, Oracle MIS=7500, Improvement=532
n=15000, coeff=13, trial=1, GT MIS=7500, Greedy MIS=6968, |S|=7502, Oracle MIS=7500, Improvement=532
n=15000, coeff=13, trial=2, GT MIS=7500, Greedy MIS=7428, |S|=15000, Oracle MIS=7428, Improvement=0
n=15000, coeff=13, trial=2, GT MIS=7500, Greedy MIS=7428, |S|=15000, Oracle MIS=7428, Improvement=0
n=15000, coeff=13, trial=2, GT MIS=7500, Greedy MIS=7428, |S|=15000, Oracle MIS=7428, Improvement=0
n=15000, coeff=13, trial=2, GT MIS=7500, Greedy MIS=7428, |S|=14990, Oracle MIS=7382, Improvement=-46
n=15000, coeff=13, trial=2, GT MIS=7500, Greedy MIS=7428, |S|=14749, Oracle MIS=7466, Improvement=38
n=15000, coeff=13, trial=2, GT MIS=7500, Greedy MIS=7428, |S|=13400, Oracle MIS=7500, Improvement=72
n=15000, coeff=13, trial=2, GT MIS=7500, Greedy MIS=7428, |S|=10521, Oracle MIS=7500, Improvement=72
n=15000, coeff=13, trial=2, GT MIS=7500, Greedy MIS=7428, |S|=8270, Oracle MIS=7500, Improvement=72
n=15000, coeff=13, trial=2, GT MIS=7500, Greedy MIS=7428, |S|=7586, Oracle MIS=7500, Improvement=72
n=15000, coeff=13, trial=2, GT MIS=7500, Greedy MIS=7428, |S|=7505, Oracle MIS=7500, Improvement=72
n=15000, coeff=13, trial=3, GT MIS=7500, Greedy MIS=7362, |S|=15000, Oracle MIS=7362, Improvement=0
n=15000, coeff=13, trial=3, GT MIS=7500, Greedy MIS=7362, |S|=15000, Oracle MIS=7362, Improvement=0
n=15000, coeff=13, trial=3, GT MIS=7500, Greedy MIS=7362, |S|=15000, Oracle MIS=7362, Improvement=0
n=15000, coeff=13, trial=3, GT MIS=7500, Greedy MIS=7362, |S|=14995, Oracle MIS=7357, Improvement=-5
n=15000, coeff=13, trial=3, GT MIS=7500, Greedy MIS=7362, |S|=14848, Oracle MIS=7464, Improvement=102
n=15000, coeff=13, trial=3, GT MIS=7500, Greedy MIS=7362, |S|=13737, Oracle MIS=7500, Improvement=138
n=15000, coeff=13, trial=3, GT MIS=7500, Greedy MIS=7362, |S|=10894, Oracle MIS=7500, Improvement=138
n=15000, coeff=13, trial=3, GT MIS=7500, Greedy MIS=7362, |S|=8499, Oracle MIS=7500, Improvement=138
n=15000, coeff=13, trial=3, GT MIS=7500, Greedy MIS=7362, |S|=7628, Oracle MIS=7500, Improvement=138
n=15000, coeff=13, trial=3, GT MIS=7500, Greedy MIS=7362, |S|=7511, Oracle MIS=7500, Improvement=138
n=15000, coeff=13, trial=4, GT MIS=7500, Greedy MIS=7319, |S|=15000, Oracle MIS=7319, Improvement=0
n=15000, coeff=13, trial=4, GT MIS=7500, Greedy MIS=7319, |S|=15000, Oracle MIS=7319, Improvement=0
n=15000, coeff=13, trial=4, GT MIS=7500, Greedy MIS=7319, |S|=15000, Oracle MIS=7319, Improvement=0
n=15000, coeff=13, trial=4, GT MIS=7500, Greedy MIS=7319, |S|=14984, Oracle MIS=7319, Improvement=0
n=15000, coeff=13, trial=4, GT MIS=7500, Greedy MIS=7319, |S|=14686, Oracle MIS=7467, Improvement=148
n=15000, coeff=13, trial=4, GT MIS=7500, Greedy MIS=7319, |S|=13262, Oracle MIS=7500, Improvement=181
n=15000, coeff=13, trial=4, GT MIS=7500, Greedy MIS=7319, |S|=10403, Oracle MIS=7500, Improvement=181
n=15000, coeff=13, trial=4, GT MIS=7500, Greedy MIS=7319, |S|=8230, Oracle MIS=7500, Improvement=181
n=15000, coeff=13, trial=4, GT MIS=7500, Greedy MIS=7319, |S|=7573, Oracle MIS=7500, Improvement=181
n=15000, coeff=13, trial=4, GT MIS=7500, Greedy MIS=7319, |S|=7506, Oracle MIS=7500, Improvement=181
n=15000, coeff=13, trial=5, GT MIS=7500, Greedy MIS=7250, |S|=15000, Oracle MIS=7250, Improvement=0
n=15000, coeff=13, trial=5, GT MIS=7500, Greedy MIS=7250, |S|=15000, Oracle MIS=7250, Improvement=0
n=15000, coeff=13, trial=5, GT MIS=7500, Greedy MIS=7250, |S|=15000, Oracle MIS=7250, Improvement=0
n=15000, coeff=13, trial=5, GT MIS=7500, Greedy MIS=7250, |S|=14992, Oracle MIS=7250, Improvement=0
n=15000, coeff=13, trial=5, GT MIS=7500, Greedy MIS=7250, |S|=14777, Oracle MIS=7465, Improvement=215
n=15000, coeff=13, trial=5, GT MIS=7500, Greedy MIS=7250, |S|=13491, Oracle MIS=7500, Improvement=250
n=15000, coeff=13, trial=5, GT MIS=7500, Greedy MIS=7250, |S|=10813, Oracle MIS=7500, Improvement=250
n=15000, coeff=13, trial=5, GT MIS=7500, Greedy MIS=7250, |S|=8473, Oracle MIS=7500, Improvement=250
n=15000, coeff=13, trial=5, GT MIS=7500, Greedy MIS=7250, |S|=7614, Oracle MIS=7500, Improvement=250
n=15000, coeff=13, trial=5, GT MIS=7500, Greedy MIS=7250, |S|=7508, Oracle MIS=7500, Improvement=250
n=15000, coeff=13, trial=6, GT MIS=7500, Greedy MIS=7399, |S|=15000, Oracle MIS=7399, Improvement=0
n=15000, coeff=13, trial=6, GT MIS=7500, Greedy MIS=7399, |S|=15000, Oracle MIS=7399, Improvement=0
n=15000, coeff=13, trial=6, GT MIS=7500, Greedy MIS=7399, |S|=15000, Oracle MIS=7399, Improvement=0
n=15000, coeff=13, trial=6, GT MIS=7500, Greedy MIS=7399, |S|=14992, Oracle MIS=7391, Improvement=-8
n=15000, coeff=13, trial=6, GT MIS=7500, Greedy MIS=7399, |S|=14759, Oracle MIS=7286, Improvement=-113
n=15000, coeff=13, trial=6, GT MIS=7500, Greedy MIS=7399, |S|=13473, Oracle MIS=7500, Improvement=101
n=15000, coeff=13, trial=6, GT MIS=7500, Greedy MIS=7399, |S|=10787, Oracle MIS=7500, Improvement=101
n=15000, coeff=13, trial=6, GT MIS=7500, Greedy MIS=7399, |S|=8356, Oracle MIS=7500, Improvement=101
n=15000, coeff=13, trial=6, GT MIS=7500, Greedy MIS=7399, |S|=7624, Oracle MIS=7500, Improvement=101
n=15000, coeff=13, trial=6, GT MIS=7500, Greedy MIS=7399, |S|=7508, Oracle MIS=7500, Improvement=101
n=15000, coeff=13, trial=7, GT MIS=7500, Greedy MIS=7500, |S|=15000, Oracle MIS=7500, Improvement=0
n=15000, coeff=13, trial=7, GT MIS=7500, Greedy MIS=7500, |S|=15000, Oracle MIS=7500, Improvement=0
n=15000, coeff=13, trial=7, GT MIS=7500, Greedy MIS=7500, |S|=15000, Oracle MIS=7500, Improvement=0
n=15000, coeff=13, trial=7, GT MIS=7500, Greedy MIS=7500, |S|=14992, Oracle MIS=7492, Improvement=-8
n=15000, coeff=13, trial=7, GT MIS=7500, Greedy MIS=7500, |S|=14765, Oracle MIS=7160, Improvement=-340
n=15000, coeff=13, trial=7, GT MIS=7500, Greedy MIS=7500, |S|=13338, Oracle MIS=7500, Improvement=0
n=15000, coeff=13, trial=7, GT MIS=7500, Greedy MIS=7500, |S|=10432, Oracle MIS=7500, Improvement=0
n=15000, coeff=13, trial=7, GT MIS=7500, Greedy MIS=7500, |S|=8253, Oracle MIS=7500, Improvement=0
n=15000, coeff=13, trial=7, GT MIS=7500, Greedy MIS=7500, |S|=7606, Oracle MIS=7500, Improvement=0
n=15000, coeff=13, trial=7, GT MIS=7500, Greedy MIS=7500, |S|=7503, Oracle MIS=7500, Improvement=0
n=15000, coeff=13, trial=8, GT MIS=7500, Greedy MIS=7392, |S|=15000, Oracle MIS=7392, Improvement=0
n=15000, coeff=13, trial=8, GT MIS=7500, Greedy MIS=7392, |S|=15000, Oracle MIS=7392, Improvement=0
n=15000, coeff=13, trial=8, GT MIS=7500, Greedy MIS=7392, |S|=15000, Oracle MIS=7392, Improvement=0
n=15000, coeff=13, trial=8, GT MIS=7500, Greedy MIS=7392, |S|=14996, Oracle MIS=7388, Improvement=-4
n=15000, coeff=13, trial=8, GT MIS=7500, Greedy MIS=7392, |S|=14867, Oracle MIS=7468, Improvement=76
n=15000, coeff=13, trial=8, GT MIS=7500, Greedy MIS=7392, |S|=13917, Oracle MIS=7500, Improvement=108
n=15000, coeff=13, trial=8, GT MIS=7500, Greedy MIS=7392, |S|=11268, Oracle MIS=7500, Improvement=108
n=15000, coeff=13, trial=8, GT MIS=7500, Greedy MIS=7392, |S|=8727, Oracle MIS=7500, Improvement=108
n=15000, coeff=13, trial=8, GT MIS=7500, Greedy MIS=7392, |S|=7680, Oracle MIS=7499, Improvement=107
n=15000, coeff=13, trial=8, GT MIS=7500, Greedy MIS=7392, |S|=7511, Oracle MIS=7499, Improvement=107
n=15000, coeff=13, trial=9, GT MIS=7500, Greedy MIS=7500, |S|=15000, Oracle MIS=7500, Improvement=0
n=15000, coeff=13, trial=9, GT MIS=7500, Greedy MIS=7500, |S|=15000, Oracle MIS=7500, Improvement=0
n=15000, coeff=13, trial=9, GT MIS=7500, Greedy MIS=7500, |S|=15000, Oracle MIS=7500, Improvement=0
n=15000, coeff=13, trial=9, GT MIS=7500, Greedy MIS=7500, |S|=14990, Oracle MIS=7490, Improvement=-10
n=15000, coeff=13, trial=9, GT MIS=7500, Greedy MIS=7500, |S|=14840, Oracle MIS=7166, Improvement=-334
n=15000, coeff=13, trial=9, GT MIS=7500, Greedy MIS=7500, |S|=13586, Oracle MIS=7500, Improvement=0
n=15000, coeff=13, trial=9, GT MIS=7500, Greedy MIS=7500, |S|=10801, Oracle MIS=7500, Improvement=0
n=15000, coeff=13, trial=9, GT MIS=7500, Greedy MIS=7500, |S|=8443, Oracle MIS=7500, Improvement=0
n=15000, coeff=13, trial=9, GT MIS=7500, Greedy MIS=7500, |S|=7627, Oracle MIS=7500, Improvement=0
n=15000, coeff=13, trial=9, GT MIS=7500, Greedy MIS=7500, |S|=7507, Oracle MIS=7500, Improvement=0
n=15000, coeff=14, trial=0, GT MIS=7500, Greedy MIS=7500, |S|=15000, Oracle MIS=7500, Improvement=0
n=15000, coeff=14, trial=0, GT MIS=7500, Greedy MIS=7500, |S|=15000, Oracle MIS=7500, Improvement=0
n=15000, coeff=14, trial=0, GT MIS=7500, Greedy MIS=7500, |S|=15000, Oracle MIS=7500, Improvement=0
n=15000, coeff=14, trial=0, GT MIS=7500, Greedy MIS=7500, |S|=14990, Oracle MIS=7490, Improvement=-10
n=15000, coeff=14, trial=0, GT MIS=7500, Greedy MIS=7500, |S|=14803, Oracle MIS=7424, Improvement=-76
n=15000, coeff=14, trial=0, GT MIS=7500, Greedy MIS=7500, |S|=13492, Oracle MIS=7500, Improvement=0
n=15000, coeff=14, trial=0, GT MIS=7500, Greedy MIS=7500, |S|=10511, Oracle MIS=7500, Improvement=0
n=15000, coeff=14, trial=0, GT MIS=7500, Greedy MIS=7500, |S|=8257, Oracle MIS=7500, Improvement=0
n=15000, coeff=14, trial=0, GT MIS=7500, Greedy MIS=7500, |S|=7586, Oracle MIS=7500, Improvement=0
n=15000, coeff=14, trial=0, GT MIS=7500, Greedy MIS=7500, |S|=7502, Oracle MIS=7500, Improvement=0
n=15000, coeff=14, trial=1, GT MIS=7500, Greedy MIS=7301, |S|=15000, Oracle MIS=7301, Improvement=0
n=15000, coeff=14, trial=1, GT MIS=7500, Greedy MIS=7301, |S|=15000, Oracle MIS=7301, Improvement=0
n=15000, coeff=14, trial=1, GT MIS=7500, Greedy MIS=7301, |S|=15000, Oracle MIS=7301, Improvement=0
n=15000, coeff=14, trial=1, GT MIS=7500, Greedy MIS=7301, |S|=14986, Oracle MIS=7387, Improvement=86
n=15000, coeff=14, trial=1, GT MIS=7500, Greedy MIS=7301, |S|=14676, Oracle MIS=7464, Improvement=163
n=15000, coeff=14, trial=1, GT MIS=7500, Greedy MIS=7301, |S|=13113, Oracle MIS=7500, Improvement=199
n=15000, coeff=14, trial=1, GT MIS=7500, Greedy MIS=7301, |S|=10062, Oracle MIS=7500, Improvement=199
n=15000, coeff=14, trial=1, GT MIS=7500, Greedy MIS=7301, |S|=8123, Oracle MIS=7500, Improvement=199
n=15000, coeff=14, trial=1, GT MIS=7500, Greedy MIS=7301, |S|=7552, Oracle MIS=7500, Improvement=199
n=15000, coeff=14, trial=1, GT MIS=7500, Greedy MIS=7301, |S|=7500, Oracle MIS=7500, Improvement=199
n=15000, coeff=14, trial=2, GT MIS=7500, Greedy MIS=7383, |S|=15000, Oracle MIS=7383, Improvement=0
n=15000, coeff=14, trial=2, GT MIS=7500, Greedy MIS=7383, |S|=15000, Oracle MIS=7383, Improvement=0
n=15000, coeff=14, trial=2, GT MIS=7500, Greedy MIS=7383, |S|=15000, Oracle MIS=7383, Improvement=0
n=15000, coeff=14, trial=2, GT MIS=7500, Greedy MIS=7383, |S|=14986, Oracle MIS=7369, Improvement=-14
n=15000, coeff=14, trial=2, GT MIS=7500, Greedy MIS=7383, |S|=14697, Oracle MIS=7461, Improvement=78
n=15000, coeff=14, trial=2, GT MIS=7500, Greedy MIS=7383, |S|=13145, Oracle MIS=7500, Improvement=117
n=15000, coeff=14, trial=2, GT MIS=7500, Greedy MIS=7383, |S|=10091, Oracle MIS=7500, Improvement=117
n=15000, coeff=14, trial=2, GT MIS=7500, Greedy MIS=7383, |S|=8074, Oracle MIS=7500, Improvement=117
n=15000, coeff=14, trial=2, GT MIS=7500, Greedy MIS=7383, |S|=7555, Oracle MIS=7500, Improvement=117
n=15000, coeff=14, trial=2, GT MIS=7500, Greedy MIS=7383, |S|=7504, Oracle MIS=7500, Improvement=117
n=15000, coeff=14, trial=3, GT MIS=7500, Greedy MIS=7423, |S|=15000, Oracle MIS=7423, Improvement=0
n=15000, coeff=14, trial=3, GT MIS=7500, Greedy MIS=7423, |S|=15000, Oracle MIS=7423, Improvement=0
n=15000, coeff=14, trial=3, GT MIS=7500, Greedy MIS=7423, |S|=15000, Oracle MIS=7423, Improvement=0
n=15000, coeff=14, trial=3, GT MIS=7500, Greedy MIS=7423, |S|=14995, Oracle MIS=7418, Improvement=-5
n=15000, coeff=14, trial=3, GT MIS=7500, Greedy MIS=7423, |S|=14813, Oracle MIS=7422, Improvement=-1
n=15000, coeff=14, trial=3, GT MIS=7500, Greedy MIS=7423, |S|=13527, Oracle MIS=7500, Improvement=77
n=15000, coeff=14, trial=3, GT MIS=7500, Greedy MIS=7423, |S|=10494, Oracle MIS=7500, Improvement=77
n=15000, coeff=14, trial=3, GT MIS=7500, Greedy MIS=7423, |S|=8202, Oracle MIS=7500, Improvement=77
n=15000, coeff=14, trial=3, GT MIS=7500, Greedy MIS=7423, |S|=7573, Oracle MIS=7500, Improvement=77
n=15000, coeff=14, trial=3, GT MIS=7500, Greedy MIS=7423, |S|=7506, Oracle MIS=7500, Improvement=77
n=15000, coeff=14, trial=4, GT MIS=7500, Greedy MIS=7105, |S|=15000, Oracle MIS=7105, Improvement=0
n=15000, coeff=14, trial=4, GT MIS=7500, Greedy MIS=7105, |S|=15000, Oracle MIS=7105, Improvement=0
n=15000, coeff=14, trial=4, GT MIS=7500, Greedy MIS=7105, |S|=15000, Oracle MIS=7105, Improvement=0
n=15000, coeff=14, trial=4, GT MIS=7500, Greedy MIS=7105, |S|=14981, Oracle MIS=7087, Improvement=-18
n=15000, coeff=14, trial=4, GT MIS=7500, Greedy MIS=7105, |S|=14636, Oracle MIS=7462, Improvement=357
n=15000, coeff=14, trial=4, GT MIS=7500, Greedy MIS=7105, |S|=13000, Oracle MIS=7500, Improvement=395
n=15000, coeff=14, trial=4, GT MIS=7500, Greedy MIS=7105, |S|=9934, Oracle MIS=7500, Improvement=395
n=15000, coeff=14, trial=4, GT MIS=7500, Greedy MIS=7105, |S|=7990, Oracle MIS=7500, Improvement=395
n=15000, coeff=14, trial=4, GT MIS=7500, Greedy MIS=7105, |S|=7538, Oracle MIS=7500, Improvement=395
n=15000, coeff=14, trial=4, GT MIS=7500, Greedy MIS=7105, |S|=7502, Oracle MIS=7500, Improvement=395
n=15000, coeff=14, trial=5, GT MIS=7500, Greedy MIS=7143, |S|=15000, Oracle MIS=7143, Improvement=0
n=15000, coeff=14, trial=5, GT MIS=7500, Greedy MIS=7143, |S|=15000, Oracle MIS=7143, Improvement=0
n=15000, coeff=14, trial=5, GT MIS=7500, Greedy MIS=7143, |S|=15000, Oracle MIS=7143, Improvement=0
n=15000, coeff=14, trial=5, GT MIS=7500, Greedy MIS=7143, |S|=14992, Oracle MIS=7143, Improvement=0
n=15000, coeff=14, trial=5, GT MIS=7500, Greedy MIS=7143, |S|=14746, Oracle MIS=7462, Improvement=319
n=15000, coeff=14, trial=5, GT MIS=7500, Greedy MIS=7143, |S|=13224, Oracle MIS=7500, Improvement=357
n=15000, coeff=14, trial=5, GT MIS=7500, Greedy MIS=7143, |S|=10360, Oracle MIS=7500, Improvement=357
n=15000, coeff=14, trial=5, GT MIS=7500, Greedy MIS=7143, |S|=8215, Oracle MIS=7500, Improvement=357
n=15000, coeff=14, trial=5, GT MIS=7500, Greedy MIS=7143, |S|=7567, Oracle MIS=7500, Improvement=357
n=15000, coeff=14, trial=5, GT MIS=7500, Greedy MIS=7143, |S|=7504, Oracle MIS=7500, Improvement=357
n=15000, coeff=14, trial=6, GT MIS=7500, Greedy MIS=7424, |S|=15000, Oracle MIS=7424, Improvement=0
n=15000, coeff=14, trial=6, GT MIS=7500, Greedy MIS=7424, |S|=15000, Oracle MIS=7424, Improvement=0
n=15000, coeff=14, trial=6, GT MIS=7500, Greedy MIS=7424, |S|=15000, Oracle MIS=7424, Improvement=0
n=15000, coeff=14, trial=6, GT MIS=7500, Greedy MIS=7424, |S|=14989, Oracle MIS=7413, Improvement=-11
n=15000, coeff=14, trial=6, GT MIS=7500, Greedy MIS=7424, |S|=14726, Oracle MIS=7388, Improvement=-36
n=15000, coeff=14, trial=6, GT MIS=7500, Greedy MIS=7424, |S|=13208, Oracle MIS=7500, Improvement=76
n=15000, coeff=14, trial=6, GT MIS=7500, Greedy MIS=7424, |S|=10340, Oracle MIS=7500, Improvement=76
n=15000, coeff=14, trial=6, GT MIS=7500, Greedy MIS=7424, |S|=8138, Oracle MIS=7500, Improvement=76
n=15000, coeff=14, trial=6, GT MIS=7500, Greedy MIS=7424, |S|=7575, Oracle MIS=7500, Improvement=76
n=15000, coeff=14, trial=6, GT MIS=7500, Greedy MIS=7424, |S|=7502, Oracle MIS=7500, Improvement=76
n=15000, coeff=14, trial=7, GT MIS=7500, Greedy MIS=7462, |S|=15000, Oracle MIS=7462, Improvement=0
n=15000, coeff=14, trial=7, GT MIS=7500, Greedy MIS=7462, |S|=15000, Oracle MIS=7462, Improvement=0
n=15000, coeff=14, trial=7, GT MIS=7500, Greedy MIS=7462, |S|=15000, Oracle MIS=7462, Improvement=0
n=15000, coeff=14, trial=7, GT MIS=7500, Greedy MIS=7462, |S|=14984, Oracle MIS=7446, Improvement=-16
n=15000, coeff=14, trial=7, GT MIS=7500, Greedy MIS=7462, |S|=14718, Oracle MIS=7151, Improvement=-311
n=15000, coeff=14, trial=7, GT MIS=7500, Greedy MIS=7462, |S|=13053, Oracle MIS=7500, Improvement=38
n=15000, coeff=14, trial=7, GT MIS=7500, Greedy MIS=7462, |S|=10003, Oracle MIS=7500, Improvement=38
n=15000, coeff=14, trial=7, GT MIS=7500, Greedy MIS=7462, |S|=8052, Oracle MIS=7500, Improvement=38
n=15000, coeff=14, trial=7, GT MIS=7500, Greedy MIS=7462, |S|=7562, Oracle MIS=7500, Improvement=38
n=15000, coeff=14, trial=7, GT MIS=7500, Greedy MIS=7462, |S|=7503, Oracle MIS=7500, Improvement=38
n=15000, coeff=14, trial=8, GT MIS=7500, Greedy MIS=7383, |S|=15000, Oracle MIS=7383, Improvement=0
n=15000, coeff=14, trial=8, GT MIS=7500, Greedy MIS=7383, |S|=15000, Oracle MIS=7383, Improvement=0
n=15000, coeff=14, trial=8, GT MIS=7500, Greedy MIS=7383, |S|=15000, Oracle MIS=7383, Improvement=0
n=15000, coeff=14, trial=8, GT MIS=7500, Greedy MIS=7383, |S|=14998, Oracle MIS=7381, Improvement=-2
n=15000, coeff=14, trial=8, GT MIS=7500, Greedy MIS=7383, |S|=14847, Oracle MIS=7465, Improvement=82
n=15000, coeff=14, trial=8, GT MIS=7500, Greedy MIS=7383, |S|=13764, Oracle MIS=7500, Improvement=117
n=15000, coeff=14, trial=8, GT MIS=7500, Greedy MIS=7383, |S|=10836, Oracle MIS=7500, Improvement=117
n=15000, coeff=14, trial=8, GT MIS=7500, Greedy MIS=7383, |S|=8451, Oracle MIS=7500, Improvement=117
n=15000, coeff=14, trial=8, GT MIS=7500, Greedy MIS=7383, |S|=7606, Oracle MIS=7500, Improvement=117
n=15000, coeff=14, trial=8, GT MIS=7500, Greedy MIS=7383, |S|=7505, Oracle MIS=7500, Improvement=117
n=15000, coeff=14, trial=9, GT MIS=7500, Greedy MIS=7265, |S|=15000, Oracle MIS=7265, Improvement=0
n=15000, coeff=14, trial=9, GT MIS=7500, Greedy MIS=7265, |S|=15000, Oracle MIS=7265, Improvement=0
n=15000, coeff=14, trial=9, GT MIS=7500, Greedy MIS=7265, |S|=15000, Oracle MIS=7265, Improvement=0
n=15000, coeff=14, trial=9, GT MIS=7500, Greedy MIS=7265, |S|=14985, Oracle MIS=7251, Improvement=-14
n=15000, coeff=14, trial=9, GT MIS=7500, Greedy MIS=7265, |S|=14800, Oracle MIS=7383, Improvement=118
n=15000, coeff=14, trial=9, GT MIS=7500, Greedy MIS=7265, |S|=13397, Oracle MIS=7500, Improvement=235
n=15000, coeff=14, trial=9, GT MIS=7500, Greedy MIS=7265, |S|=10362, Oracle MIS=7500, Improvement=235
n=15000, coeff=14, trial=9, GT MIS=7500, Greedy MIS=7265, |S|=8223, Oracle MIS=7500, Improvement=235
n=15000, coeff=14, trial=9, GT MIS=7500, Greedy MIS=7265, |S|=7570, Oracle MIS=7500, Improvement=235
n=15000, coeff=14, trial=9, GT MIS=7500, Greedy MIS=7265, |S|=7502, Oracle MIS=7500, Improvement=235
n=15000, coeff=15, trial=0, GT MIS=7500, Greedy MIS=7500, |S|=15000, Oracle MIS=7500, Improvement=0
n=15000, coeff=15, trial=0, GT MIS=7500, Greedy MIS=7500, |S|=15000, Oracle MIS=7500, Improvement=0
n=15000, coeff=15, trial=0, GT MIS=7500, Greedy MIS=7500, |S|=15000, Oracle MIS=7500, Improvement=0
n=15000, coeff=15, trial=0, GT MIS=7500, Greedy MIS=7500, |S|=14985, Oracle MIS=7500, Improvement=0
n=15000, coeff=15, trial=0, GT MIS=7500, Greedy MIS=7500, |S|=14772, Oracle MIS=7500, Improvement=0
n=15000, coeff=15, trial=0, GT MIS=7500, Greedy MIS=7500, |S|=13236, Oracle MIS=7500, Improvement=0
n=15000, coeff=15, trial=0, GT MIS=7500, Greedy MIS=7500, |S|=10147, Oracle MIS=7500, Improvement=0
n=15000, coeff=15, trial=0, GT MIS=7500, Greedy MIS=7500, |S|=8047, Oracle MIS=7500, Improvement=0
n=15000, coeff=15, trial=0, GT MIS=7500, Greedy MIS=7500, |S|=7548, Oracle MIS=7500, Improvement=0
n=15000, coeff=15, trial=0, GT MIS=7500, Greedy MIS=7500, |S|=7502, Oracle MIS=7500, Improvement=0
n=15000, coeff=15, trial=1, GT MIS=7500, Greedy MIS=7500, |S|=15000, Oracle MIS=7500, Improvement=0
n=15000, coeff=15, trial=1, GT MIS=7500, Greedy MIS=7500, |S|=15000, Oracle MIS=7500, Improvement=0
n=15000, coeff=15, trial=1, GT MIS=7500, Greedy MIS=7500, |S|=15000, Oracle MIS=7500, Improvement=0
n=15000, coeff=15, trial=1, GT MIS=7500, Greedy MIS=7500, |S|=14985, Oracle MIS=7485, Improvement=-15
n=15000, coeff=15, trial=1, GT MIS=7500, Greedy MIS=7500, |S|=14639, Oracle MIS=7459, Improvement=-41
n=15000, coeff=15, trial=1, GT MIS=7500, Greedy MIS=7500, |S|=12837, Oracle MIS=7500, Improvement=0
n=15000, coeff=15, trial=1, GT MIS=7500, Greedy MIS=7500, |S|=9689, Oracle MIS=7500, Improvement=0
n=15000, coeff=15, trial=1, GT MIS=7500, Greedy MIS=7500, |S|=7941, Oracle MIS=7500, Improvement=0
n=15000, coeff=15, trial=1, GT MIS=7500, Greedy MIS=7500, |S|=7538, Oracle MIS=7500, Improvement=0
n=15000, coeff=15, trial=1, GT MIS=7500, Greedy MIS=7500, |S|=7500, Oracle MIS=7500, Improvement=0
n=15000, coeff=15, trial=2, GT MIS=7500, Greedy MIS=7419, |S|=15000, Oracle MIS=7419, Improvement=0
n=15000, coeff=15, trial=2, GT MIS=7500, Greedy MIS=7419, |S|=15000, Oracle MIS=7419, Improvement=0
n=15000, coeff=15, trial=2, GT MIS=7500, Greedy MIS=7419, |S|=15000, Oracle MIS=7419, Improvement=0
n=15000, coeff=15, trial=2, GT MIS=7500, Greedy MIS=7419, |S|=14983, Oracle MIS=7402, Improvement=-17
n=15000, coeff=15, trial=2, GT MIS=7500, Greedy MIS=7419, |S|=14652, Oracle MIS=7500, Improvement=81
n=15000, coeff=15, trial=2, GT MIS=7500, Greedy MIS=7419, |S|=12843, Oracle MIS=7500, Improvement=81
n=15000, coeff=15, trial=2, GT MIS=7500, Greedy MIS=7419, |S|=9643, Oracle MIS=7500, Improvement=81
n=15000, coeff=15, trial=2, GT MIS=7500, Greedy MIS=7419, |S|=7929, Oracle MIS=7500, Improvement=81
n=15000, coeff=15, trial=2, GT MIS=7500, Greedy MIS=7419, |S|=7531, Oracle MIS=7500, Improvement=81
n=15000, coeff=15, trial=2, GT MIS=7500, Greedy MIS=7419, |S|=7500, Oracle MIS=7500, Improvement=81
n=15000, coeff=15, trial=3, GT MIS=7500, Greedy MIS=7417, |S|=15000, Oracle MIS=7417, Improvement=0
n=15000, coeff=15, trial=3, GT MIS=7500, Greedy MIS=7417, |S|=15000, Oracle MIS=7417, Improvement=0
n=15000, coeff=15, trial=3, GT MIS=7500, Greedy MIS=7417, |S|=15000, Oracle MIS=7417, Improvement=0
n=15000, coeff=15, trial=3, GT MIS=7500, Greedy MIS=7417, |S|=14991, Oracle MIS=7238, Improvement=-179
n=15000, coeff=15, trial=3, GT MIS=7500, Greedy MIS=7417, |S|=14771, Oracle MIS=7416, Improvement=-1
n=15000, coeff=15, trial=3, GT MIS=7500, Greedy MIS=7417, |S|=13299, Oracle MIS=7500, Improvement=83
n=15000, coeff=15, trial=3, GT MIS=7500, Greedy MIS=7417, |S|=10078, Oracle MIS=7500, Improvement=83
n=15000, coeff=15, trial=3, GT MIS=7500, Greedy MIS=7417, |S|=8045, Oracle MIS=7500, Improvement=83
n=15000, coeff=15, trial=3, GT MIS=7500, Greedy MIS=7417, |S|=7548, Oracle MIS=7500, Improvement=83
n=15000, coeff=15, trial=3, GT MIS=7500, Greedy MIS=7417, |S|=7500, Oracle MIS=7500, Improvement=83
n=15000, coeff=15, trial=4, GT MIS=7500, Greedy MIS=7416, |S|=15000, Oracle MIS=7416, Improvement=0
n=15000, coeff=15, trial=4, GT MIS=7500, Greedy MIS=7416, |S|=15000, Oracle MIS=7416, Improvement=0
n=15000, coeff=15, trial=4, GT MIS=7500, Greedy MIS=7416, |S|=15000, Oracle MIS=7416, Improvement=0
n=15000, coeff=15, trial=4, GT MIS=7500, Greedy MIS=7416, |S|=14979, Oracle MIS=7416, Improvement=0
n=15000, coeff=15, trial=4, GT MIS=7500, Greedy MIS=7416, |S|=14577, Oracle MIS=7500, Improvement=84
n=15000, coeff=15, trial=4, GT MIS=7500, Greedy MIS=7416, |S|=12738, Oracle MIS=7500, Improvement=84
n=15000, coeff=15, trial=4, GT MIS=7500, Greedy MIS=7416, |S|=9540, Oracle MIS=7500, Improvement=84
n=15000, coeff=15, trial=4, GT MIS=7500, Greedy MIS=7416, |S|=7831, Oracle MIS=7500, Improvement=84
n=15000, coeff=15, trial=4, GT MIS=7500, Greedy MIS=7416, |S|=7519, Oracle MIS=7500, Improvement=84
n=15000, coeff=15, trial=4, GT MIS=7500, Greedy MIS=7416, |S|=7500, Oracle MIS=7500, Improvement=84
n=15000, coeff=15, trial=5, GT MIS=7500, Greedy MIS=7457, |S|=15000, Oracle MIS=7457, Improvement=0
n=15000, coeff=15, trial=5, GT MIS=7500, Greedy MIS=7457, |S|=15000, Oracle MIS=7457, Improvement=0
n=15000, coeff=15, trial=5, GT MIS=7500, Greedy MIS=7457, |S|=15000, Oracle MIS=7457, Improvement=0
n=15000, coeff=15, trial=5, GT MIS=7500, Greedy MIS=7457, |S|=14989, Oracle MIS=7457, Improvement=0
n=15000, coeff=15, trial=5, GT MIS=7500, Greedy MIS=7457, |S|=14722, Oracle MIS=7500, Improvement=43
n=15000, coeff=15, trial=5, GT MIS=7500, Greedy MIS=7457, |S|=12995, Oracle MIS=7500, Improvement=43
n=15000, coeff=15, trial=5, GT MIS=7500, Greedy MIS=7457, |S|=9937, Oracle MIS=7500, Improvement=43
n=15000, coeff=15, trial=5, GT MIS=7500, Greedy MIS=7457, |S|=8024, Oracle MIS=7500, Improvement=43
n=15000, coeff=15, trial=5, GT MIS=7500, Greedy MIS=7457, |S|=7539, Oracle MIS=7500, Improvement=43
n=15000, coeff=15, trial=5, GT MIS=7500, Greedy MIS=7457, |S|=7501, Oracle MIS=7500, Improvement=43
n=15000, coeff=15, trial=6, GT MIS=7500, Greedy MIS=7458, |S|=15000, Oracle MIS=7458, Improvement=0
n=15000, coeff=15, trial=6, GT MIS=7500, Greedy MIS=7458, |S|=15000, Oracle MIS=7458, Improvement=0
n=15000, coeff=15, trial=6, GT MIS=7500, Greedy MIS=7458, |S|=15000, Oracle MIS=7458, Improvement=0
n=15000, coeff=15, trial=6, GT MIS=7500, Greedy MIS=7458, |S|=14988, Oracle MIS=7446, Improvement=-12
n=15000, coeff=15, trial=6, GT MIS=7500, Greedy MIS=7458, |S|=14673, Oracle MIS=7500, Improvement=42
n=15000, coeff=15, trial=6, GT MIS=7500, Greedy MIS=7458, |S|=12975, Oracle MIS=7500, Improvement=42
n=15000, coeff=15, trial=6, GT MIS=7500, Greedy MIS=7458, |S|=9923, Oracle MIS=7500, Improvement=42
n=15000, coeff=15, trial=6, GT MIS=7500, Greedy MIS=7458, |S|=7969, Oracle MIS=7500, Improvement=42
n=15000, coeff=15, trial=6, GT MIS=7500, Greedy MIS=7458, |S|=7548, Oracle MIS=7500, Improvement=42
n=15000, coeff=15, trial=6, GT MIS=7500, Greedy MIS=7458, |S|=7501, Oracle MIS=7500, Improvement=42
n=15000, coeff=15, trial=7, GT MIS=7500, Greedy MIS=7461, |S|=15000, Oracle MIS=7461, Improvement=0
n=15000, coeff=15, trial=7, GT MIS=7500, Greedy MIS=7461, |S|=15000, Oracle MIS=7461, Improvement=0
n=15000, coeff=15, trial=7, GT MIS=7500, Greedy MIS=7461, |S|=15000, Oracle MIS=7461, Improvement=0
n=15000, coeff=15, trial=7, GT MIS=7500, Greedy MIS=7461, |S|=14980, Oracle MIS=7441, Improvement=-20
n=15000, coeff=15, trial=7, GT MIS=7500, Greedy MIS=7461, |S|=14652, Oracle MIS=7377, Improvement=-84
n=15000, coeff=15, trial=7, GT MIS=7500, Greedy MIS=7461, |S|=12761, Oracle MIS=7500, Improvement=39
n=15000, coeff=15, trial=7, GT MIS=7500, Greedy MIS=7461, |S|=9582, Oracle MIS=7500, Improvement=39
n=15000, coeff=15, trial=7, GT MIS=7500, Greedy MIS=7461, |S|=7904, Oracle MIS=7500, Improvement=39
n=15000, coeff=15, trial=7, GT MIS=7500, Greedy MIS=7461, |S|=7538, Oracle MIS=7500, Improvement=39
n=15000, coeff=15, trial=7, GT MIS=7500, Greedy MIS=7461, |S|=7501, Oracle MIS=7500, Improvement=39
n=15000, coeff=15, trial=8, GT MIS=7500, Greedy MIS=7333, |S|=15000, Oracle MIS=7333, Improvement=0
n=15000, coeff=15, trial=8, GT MIS=7500, Greedy MIS=7333, |S|=15000, Oracle MIS=7333, Improvement=0
n=15000, coeff=15, trial=8, GT MIS=7500, Greedy MIS=7333, |S|=15000, Oracle MIS=7333, Improvement=0
n=15000, coeff=15, trial=8, GT MIS=7500, Greedy MIS=7333, |S|=14999, Oracle MIS=7332, Improvement=-1
n=15000, coeff=15, trial=8, GT MIS=7500, Greedy MIS=7333, |S|=14825, Oracle MIS=7460, Improvement=127
n=15000, coeff=15, trial=8, GT MIS=7500, Greedy MIS=7333, |S|=13541, Oracle MIS=7500, Improvement=167
n=15000, coeff=15, trial=8, GT MIS=7500, Greedy MIS=7333, |S|=10470, Oracle MIS=7500, Improvement=167
n=15000, coeff=15, trial=8, GT MIS=7500, Greedy MIS=7333, |S|=8204, Oracle MIS=7500, Improvement=167
n=15000, coeff=15, trial=8, GT MIS=7500, Greedy MIS=7333, |S|=7560, Oracle MIS=7499, Improvement=166
n=15000, coeff=15, trial=8, GT MIS=7500, Greedy MIS=7333, |S|=7502, Oracle MIS=7499, Improvement=166
n=15000, coeff=15, trial=9, GT MIS=7500, Greedy MIS=7457, |S|=15000, Oracle MIS=7457, Improvement=0
n=15000, coeff=15, trial=9, GT MIS=7500, Greedy MIS=7457, |S|=15000, Oracle MIS=7457, Improvement=0
n=15000, coeff=15, trial=9, GT MIS=7500, Greedy MIS=7457, |S|=15000, Oracle MIS=7457, Improvement=0
n=15000, coeff=15, trial=9, GT MIS=7500, Greedy MIS=7457, |S|=14983, Oracle MIS=7354, Improvement=-103
n=15000, coeff=15, trial=9, GT MIS=7500, Greedy MIS=7457, |S|=14764, Oracle MIS=7291, Improvement=-166
n=15000, coeff=15, trial=9, GT MIS=7500, Greedy MIS=7457, |S|=13150, Oracle MIS=7500, Improvement=43
n=15000, coeff=15, trial=9, GT MIS=7500, Greedy MIS=7457, |S|=9945, Oracle MIS=7500, Improvement=43
n=15000, coeff=15, trial=9, GT MIS=7500, Greedy MIS=7457, |S|=8044, Oracle MIS=7500, Improvement=43
n=15000, coeff=15, trial=9, GT MIS=7500, Greedy MIS=7457, |S|=7539, Oracle MIS=7500, Improvement=43
n=15000, coeff=15, trial=9, GT MIS=7500, Greedy MIS=7457, |S|=7503, Oracle MIS=7500, Improvement=43
Results saved to bipartite_experiment_results_epislons_15000.csv
