Running job on compute-0-01
Requested resources:
  - CPUs: 18
  - GPUs: 
  - Memory: 18000
n=45000, coeff=15.0, trial=0, GT MIS=22500, Greedy MIS=22115, |S|=45000, Oracle MIS=22115, Improvement=0
n=45000, coeff=15.0, trial=0, GT MIS=22500, Greedy MIS=22115, |S|=45000, Oracle MIS=22115, Improvement=0
n=45000, coeff=15.0, trial=0, GT MIS=22500, Greedy MIS=22115, |S|=45000, Oracle MIS=22115, Improvement=0
n=45000, coeff=15.0, trial=0, GT MIS=22500, Greedy MIS=22115, |S|=44948, Oracle MIS=22064, Improvement=-51
n=45000, coeff=15.0, trial=0, GT MIS=22500, Greedy MIS=22115, |S|=43715, Oracle MIS=22500, Improvement=385
n=45000, coeff=15.0, trial=0, GT MIS=22500, Greedy MIS=22115, |S|=37153, Oracle MIS=22500, Improvement=385
n=45000, coeff=15.0, trial=0, GT MIS=22500, Greedy MIS=22115, |S|=27743, Oracle MIS=22500, Improvement=385
n=45000, coeff=15.0, trial=0, GT MIS=22500, Greedy MIS=22115, |S|=23285, Oracle MIS=22500, Improvement=385
n=45000, coeff=15.0, trial=0, GT MIS=22500, Greedy MIS=22115, |S|=22552, Oracle MIS=22500, Improvement=385
n=45000, coeff=15.0, trial=0, GT MIS=22500, Greedy MIS=22115, |S|=22502, Oracle MIS=22500, Improvement=385
n=45000, coeff=15.0, trial=1, GT MIS=22500, Greedy MIS=22115, |S|=45000, Oracle MIS=22115, Improvement=0
n=45000, coeff=15.0, trial=1, GT MIS=22500, Greedy MIS=22115, |S|=45000, Oracle MIS=22115, Improvement=0
n=45000, coeff=15.0, trial=1, GT MIS=22500, Greedy MIS=22115, |S|=45000, Oracle MIS=22115, Improvement=0
n=45000, coeff=15.0, trial=1, GT MIS=22500, Greedy MIS=22115, |S|=44957, Oracle MIS=22115, Improvement=0
n=45000, coeff=15.0, trial=1, GT MIS=22500, Greedy MIS=22115, |S|=43826, Oracle MIS=22408, Improvement=293
n=45000, coeff=15.0, trial=1, GT MIS=22500, Greedy MIS=22115, |S|=37525, Oracle MIS=22500, Improvement=385
n=45000, coeff=15.0, trial=1, GT MIS=22500, Greedy MIS=22115, |S|=28008, Oracle MIS=22500, Improvement=385
n=45000, coeff=15.0, trial=1, GT MIS=22500, Greedy MIS=22115, |S|=23320, Oracle MIS=22500, Improvement=385
n=45000, coeff=15.0, trial=1, GT MIS=22500, Greedy MIS=22115, |S|=22567, Oracle MIS=22500, Improvement=385
n=45000, coeff=15.0, trial=1, GT MIS=22500, Greedy MIS=22115, |S|=22501, Oracle MIS=22500, Improvement=385
n=45000, coeff=15.0, trial=2, GT MIS=22500, Greedy MIS=22307, |S|=45000, Oracle MIS=22307, Improvement=0
n=45000, coeff=15.0, trial=2, GT MIS=22500, Greedy MIS=22307, |S|=45000, Oracle MIS=22307, Improvement=0
n=45000, coeff=15.0, trial=2, GT MIS=22500, Greedy MIS=22307, |S|=45000, Oracle MIS=22307, Improvement=0
n=45000, coeff=15.0, trial=2, GT MIS=22500, Greedy MIS=22307, |S|=44964, Oracle MIS=22271, Improvement=-36
n=45000, coeff=15.0, trial=2, GT MIS=22500, Greedy MIS=22307, |S|=43852, Oracle MIS=22269, Improvement=-38
n=45000, coeff=15.0, trial=2, GT MIS=22500, Greedy MIS=22307, |S|=37612, Oracle MIS=22500, Improvement=193
n=45000, coeff=15.0, trial=2, GT MIS=22500, Greedy MIS=22307, |S|=28141, Oracle MIS=22500, Improvement=193
n=45000, coeff=15.0, trial=2, GT MIS=22500, Greedy MIS=22307, |S|=23332, Oracle MIS=22500, Improvement=193
n=45000, coeff=15.0, trial=2, GT MIS=22500, Greedy MIS=22307, |S|=22559, Oracle MIS=22500, Improvement=193
n=45000, coeff=15.0, trial=2, GT MIS=22500, Greedy MIS=22307, |S|=22502, Oracle MIS=22500, Improvement=193
n=45000, coeff=15.0, trial=3, GT MIS=22500, Greedy MIS=21817, |S|=45000, Oracle MIS=21817, Improvement=0
n=45000, coeff=15.0, trial=3, GT MIS=22500, Greedy MIS=21817, |S|=45000, Oracle MIS=21817, Improvement=0
n=45000, coeff=15.0, trial=3, GT MIS=22500, Greedy MIS=21817, |S|=45000, Oracle MIS=21817, Improvement=0
n=45000, coeff=15.0, trial=3, GT MIS=22500, Greedy MIS=21817, |S|=44954, Oracle MIS=21817, Improvement=0
n=45000, coeff=15.0, trial=3, GT MIS=22500, Greedy MIS=21817, |S|=43880, Oracle MIS=22410, Improvement=593
n=45000, coeff=15.0, trial=3, GT MIS=22500, Greedy MIS=21817, |S|=37690, Oracle MIS=22500, Improvement=683
n=45000, coeff=15.0, trial=3, GT MIS=22500, Greedy MIS=21817, |S|=27997, Oracle MIS=22500, Improvement=683
n=45000, coeff=15.0, trial=3, GT MIS=22500, Greedy MIS=21817, |S|=23295, Oracle MIS=22500, Improvement=683
n=45000, coeff=15.0, trial=3, GT MIS=22500, Greedy MIS=21817, |S|=22545, Oracle MIS=22500, Improvement=683
n=45000, coeff=15.0, trial=3, GT MIS=22500, Greedy MIS=21817, |S|=22502, Oracle MIS=22500, Improvement=683
n=45000, coeff=15.0, trial=4, GT MIS=22500, Greedy MIS=21957, |S|=45000, Oracle MIS=21957, Improvement=0
n=45000, coeff=15.0, trial=4, GT MIS=22500, Greedy MIS=21957, |S|=45000, Oracle MIS=21957, Improvement=0
n=45000, coeff=15.0, trial=4, GT MIS=22500, Greedy MIS=21957, |S|=45000, Oracle MIS=21957, Improvement=0
n=45000, coeff=15.0, trial=4, GT MIS=22500, Greedy MIS=21957, |S|=44956, Oracle MIS=21764, Improvement=-193
n=45000, coeff=15.0, trial=4, GT MIS=22500, Greedy MIS=21957, |S|=43842, Oracle MIS=22365, Improvement=408
n=45000, coeff=15.0, trial=4, GT MIS=22500, Greedy MIS=21957, |S|=37689, Oracle MIS=22500, Improvement=543
n=45000, coeff=15.0, trial=4, GT MIS=22500, Greedy MIS=21957, |S|=28305, Oracle MIS=22500, Improvement=543
n=45000, coeff=15.0, trial=4, GT MIS=22500, Greedy MIS=21957, |S|=23295, Oracle MIS=22500, Improvement=543
n=45000, coeff=15.0, trial=4, GT MIS=22500, Greedy MIS=21957, |S|=22544, Oracle MIS=22500, Improvement=543
n=45000, coeff=15.0, trial=4, GT MIS=22500, Greedy MIS=21957, |S|=22501, Oracle MIS=22500, Improvement=543
n=45000, coeff=15.0, trial=5, GT MIS=22500, Greedy MIS=22160, |S|=45000, Oracle MIS=22160, Improvement=0
n=45000, coeff=15.0, trial=5, GT MIS=22500, Greedy MIS=22160, |S|=45000, Oracle MIS=22160, Improvement=0
n=45000, coeff=15.0, trial=5, GT MIS=22500, Greedy MIS=22160, |S|=45000, Oracle MIS=22160, Improvement=0
n=45000, coeff=15.0, trial=5, GT MIS=22500, Greedy MIS=22160, |S|=44950, Oracle MIS=21915, Improvement=-245
n=45000, coeff=15.0, trial=5, GT MIS=22500, Greedy MIS=22160, |S|=43961, Oracle MIS=22453, Improvement=293
n=45000, coeff=15.0, trial=5, GT MIS=22500, Greedy MIS=22160, |S|=38027, Oracle MIS=22500, Improvement=340
n=45000, coeff=15.0, trial=5, GT MIS=22500, Greedy MIS=22160, |S|=28313, Oracle MIS=22500, Improvement=340
n=45000, coeff=15.0, trial=5, GT MIS=22500, Greedy MIS=22160, |S|=23374, Oracle MIS=22500, Improvement=340
n=45000, coeff=15.0, trial=5, GT MIS=22500, Greedy MIS=22160, |S|=22552, Oracle MIS=22500, Improvement=340
n=45000, coeff=15.0, trial=5, GT MIS=22500, Greedy MIS=22160, |S|=22500, Oracle MIS=22499, Improvement=339
n=45000, coeff=15.0, trial=6, GT MIS=22500, Greedy MIS=21585, |S|=45000, Oracle MIS=21585, Improvement=0
n=45000, coeff=15.0, trial=6, GT MIS=22500, Greedy MIS=21585, |S|=45000, Oracle MIS=21585, Improvement=0
n=45000, coeff=15.0, trial=6, GT MIS=22500, Greedy MIS=21585, |S|=44998, Oracle MIS=21583, Improvement=-2
n=45000, coeff=15.0, trial=6, GT MIS=22500, Greedy MIS=21585, |S|=44940, Oracle MIS=21286, Improvement=-299
n=45000, coeff=15.0, trial=6, GT MIS=22500, Greedy MIS=21585, |S|=43692, Oracle MIS=22500, Improvement=915
n=45000, coeff=15.0, trial=6, GT MIS=22500, Greedy MIS=21585, |S|=36964, Oracle MIS=22500, Improvement=915
n=45000, coeff=15.0, trial=6, GT MIS=22500, Greedy MIS=21585, |S|=27407, Oracle MIS=22500, Improvement=915
n=45000, coeff=15.0, trial=6, GT MIS=22500, Greedy MIS=21585, |S|=23218, Oracle MIS=22500, Improvement=915
n=45000, coeff=15.0, trial=6, GT MIS=22500, Greedy MIS=21585, |S|=22534, Oracle MIS=22500, Improvement=915
n=45000, coeff=15.0, trial=6, GT MIS=22500, Greedy MIS=21585, |S|=22501, Oracle MIS=22500, Improvement=915
n=45000, coeff=15.0, trial=7, GT MIS=22500, Greedy MIS=21959, |S|=45000, Oracle MIS=21959, Improvement=0
n=45000, coeff=15.0, trial=7, GT MIS=22500, Greedy MIS=21959, |S|=45000, Oracle MIS=21959, Improvement=0
n=45000, coeff=15.0, trial=7, GT MIS=22500, Greedy MIS=21959, |S|=44999, Oracle MIS=21959, Improvement=0
n=45000, coeff=15.0, trial=7, GT MIS=22500, Greedy MIS=21959, |S|=44948, Oracle MIS=21959, Improvement=0
n=45000, coeff=15.0, trial=7, GT MIS=22500, Greedy MIS=21959, |S|=43608, Oracle MIS=22500, Improvement=541
n=45000, coeff=15.0, trial=7, GT MIS=22500, Greedy MIS=21959, |S|=37100, Oracle MIS=22500, Improvement=541
n=45000, coeff=15.0, trial=7, GT MIS=22500, Greedy MIS=21959, |S|=27589, Oracle MIS=22500, Improvement=541
n=45000, coeff=15.0, trial=7, GT MIS=22500, Greedy MIS=21959, |S|=23228, Oracle MIS=22500, Improvement=541
n=45000, coeff=15.0, trial=7, GT MIS=22500, Greedy MIS=21959, |S|=22535, Oracle MIS=22500, Improvement=541
n=45000, coeff=15.0, trial=7, GT MIS=22500, Greedy MIS=21959, |S|=22500, Oracle MIS=22500, Improvement=541
n=45000, coeff=15.0, trial=8, GT MIS=22500, Greedy MIS=22311, |S|=45000, Oracle MIS=22311, Improvement=0
n=45000, coeff=15.0, trial=8, GT MIS=22500, Greedy MIS=22311, |S|=45000, Oracle MIS=22311, Improvement=0
n=45000, coeff=15.0, trial=8, GT MIS=22500, Greedy MIS=22311, |S|=45000, Oracle MIS=22311, Improvement=0
n=45000, coeff=15.0, trial=8, GT MIS=22500, Greedy MIS=22311, |S|=44945, Oracle MIS=22256, Improvement=-55
n=45000, coeff=15.0, trial=8, GT MIS=22500, Greedy MIS=22311, |S|=43781, Oracle MIS=22455, Improvement=144
n=45000, coeff=15.0, trial=8, GT MIS=22500, Greedy MIS=22311, |S|=37102, Oracle MIS=22500, Improvement=189
n=45000, coeff=15.0, trial=8, GT MIS=22500, Greedy MIS=22311, |S|=27733, Oracle MIS=22500, Improvement=189
n=45000, coeff=15.0, trial=8, GT MIS=22500, Greedy MIS=22311, |S|=23267, Oracle MIS=22500, Improvement=189
n=45000, coeff=15.0, trial=8, GT MIS=22500, Greedy MIS=22311, |S|=22535, Oracle MIS=22500, Improvement=189
n=45000, coeff=15.0, trial=8, GT MIS=22500, Greedy MIS=22311, |S|=22504, Oracle MIS=22500, Improvement=189
n=45000, coeff=15.0, trial=9, GT MIS=22500, Greedy MIS=21493, |S|=45000, Oracle MIS=21493, Improvement=0
n=45000, coeff=15.0, trial=9, GT MIS=22500, Greedy MIS=21493, |S|=45000, Oracle MIS=21493, Improvement=0
n=45000, coeff=15.0, trial=9, GT MIS=22500, Greedy MIS=21493, |S|=44997, Oracle MIS=21490, Improvement=-3
n=45000, coeff=15.0, trial=9, GT MIS=22500, Greedy MIS=21493, |S|=44928, Oracle MIS=21425, Improvement=-68
n=45000, coeff=15.0, trial=9, GT MIS=22500, Greedy MIS=21493, |S|=43589, Oracle MIS=22500, Improvement=1007
n=45000, coeff=15.0, trial=9, GT MIS=22500, Greedy MIS=21493, |S|=36910, Oracle MIS=22500, Improvement=1007
n=45000, coeff=15.0, trial=9, GT MIS=22500, Greedy MIS=21493, |S|=27562, Oracle MIS=22500, Improvement=1007
n=45000, coeff=15.0, trial=9, GT MIS=22500, Greedy MIS=21493, |S|=23164, Oracle MIS=22500, Improvement=1007
n=45000, coeff=15.0, trial=9, GT MIS=22500, Greedy MIS=21493, |S|=22535, Oracle MIS=22500, Improvement=1007
n=45000, coeff=15.0, trial=9, GT MIS=22500, Greedy MIS=21493, |S|=22501, Oracle MIS=22500, Improvement=1007
Results saved to bipartite_experiment_results_epislons_45000.csv
