Running job on compute-3-04
Requested resources:
  - CPUs: 64
  - GPUs: 
  - Memory: 48000
n=5000, coeff=1, trial=0, GT MIS=2539, Greedy MIS=2539, |S|=5000, Oracle MIS=2539, Improvement=0
n=5000, coeff=1, trial=0, GT MIS=2539, Greedy MIS=2539, |S|=4999, Oracle MIS=2539, Improvement=0
n=5000, coeff=1, trial=0, GT MIS=2539, Greedy MIS=2539, |S|=4992, Oracle MIS=2533, Improvement=-6
n=5000, coeff=1, trial=0, GT MIS=2539, Greedy MIS=2539, |S|=4984, Oracle MIS=2527, Improvement=-12
n=5000, coeff=1, trial=0, GT MIS=2539, Greedy MIS=2539, |S|=4943, Oracle MIS=2495, Improvement=-44
n=5000, coeff=1, trial=0, GT MIS=2539, Greedy MIS=2539, |S|=4871, Oracle MIS=2440, Improvement=-99
n=5000, coeff=1, trial=0, GT MIS=2539, Greedy MIS=2539, |S|=4765, Oracle MIS=2360, Improvement=-179
n=5000, coeff=1, trial=0, GT MIS=2539, Greedy MIS=2539, |S|=4610, Oracle MIS=2276, Improvement=-263
n=5000, coeff=1, trial=0, GT MIS=2539, Greedy MIS=2539, |S|=4352, Oracle MIS=2528, Improvement=-11
n=5000, coeff=1, trial=0, GT MIS=2539, Greedy MIS=2539, |S|=4038, Oracle MIS=2515, Improvement=-24
n=5000, coeff=1, trial=1, GT MIS=2560, Greedy MIS=2547, |S|=4998, Oracle MIS=2547, Improvement=0
n=5000, coeff=1, trial=1, GT MIS=2560, Greedy MIS=2547, |S|=4995, Oracle MIS=2545, Improvement=-2
n=5000, coeff=1, trial=1, GT MIS=2560, Greedy MIS=2547, |S|=4992, Oracle MIS=2543, Improvement=-4
n=5000, coeff=1, trial=1, GT MIS=2560, Greedy MIS=2547, |S|=4983, Oracle MIS=2538, Improvement=-9
n=5000, coeff=1, trial=1, GT MIS=2560, Greedy MIS=2547, |S|=4947, Oracle MIS=2507, Improvement=-40
n=5000, coeff=1, trial=1, GT MIS=2560, Greedy MIS=2547, |S|=4896, Oracle MIS=2471, Improvement=-76
n=5000, coeff=1, trial=1, GT MIS=2560, Greedy MIS=2547, |S|=4778, Oracle MIS=2385, Improvement=-162
n=5000, coeff=1, trial=1, GT MIS=2560, Greedy MIS=2547, |S|=4651, Oracle MIS=2549, Improvement=2
n=5000, coeff=1, trial=1, GT MIS=2560, Greedy MIS=2547, |S|=4384, Oracle MIS=2550, Improvement=3
n=5000, coeff=1, trial=1, GT MIS=2560, Greedy MIS=2547, |S|=4047, Oracle MIS=2534, Improvement=-13
n=5000, coeff=1, trial=2, GT MIS=2542, Greedy MIS=2542, |S|=5000, Oracle MIS=2542, Improvement=0
n=5000, coeff=1, trial=2, GT MIS=2542, Greedy MIS=2542, |S|=4998, Oracle MIS=2542, Improvement=0
n=5000, coeff=1, trial=2, GT MIS=2542, Greedy MIS=2542, |S|=4997, Oracle MIS=2542, Improvement=0
n=5000, coeff=1, trial=2, GT MIS=2542, Greedy MIS=2542, |S|=4986, Oracle MIS=2542, Improvement=0
n=5000, coeff=1, trial=2, GT MIS=2542, Greedy MIS=2542, |S|=4956, Oracle MIS=2542, Improvement=0
n=5000, coeff=1, trial=2, GT MIS=2542, Greedy MIS=2542, |S|=4903, Oracle MIS=2540, Improvement=-2
n=5000, coeff=1, trial=2, GT MIS=2542, Greedy MIS=2542, |S|=4813, Oracle MIS=2536, Improvement=-6
n=5000, coeff=1, trial=2, GT MIS=2542, Greedy MIS=2542, |S|=4698, Oracle MIS=2533, Improvement=-9
n=5000, coeff=1, trial=2, GT MIS=2542, Greedy MIS=2542, |S|=4456, Oracle MIS=2525, Improvement=-17
n=5000, coeff=1, trial=2, GT MIS=2542, Greedy MIS=2542, |S|=4143, Oracle MIS=2514, Improvement=-28
n=5000, coeff=1, trial=3, GT MIS=2554, Greedy MIS=2554, |S|=4999, Oracle MIS=2554, Improvement=0
n=5000, coeff=1, trial=3, GT MIS=2554, Greedy MIS=2554, |S|=4999, Oracle MIS=2554, Improvement=0
n=5000, coeff=1, trial=3, GT MIS=2554, Greedy MIS=2554, |S|=4994, Oracle MIS=2553, Improvement=-1
n=5000, coeff=1, trial=3, GT MIS=2554, Greedy MIS=2554, |S|=4984, Oracle MIS=2552, Improvement=-2
n=5000, coeff=1, trial=3, GT MIS=2554, Greedy MIS=2554, |S|=4952, Oracle MIS=2552, Improvement=-2
n=5000, coeff=1, trial=3, GT MIS=2554, Greedy MIS=2554, |S|=4904, Oracle MIS=2551, Improvement=-3
n=5000, coeff=1, trial=3, GT MIS=2554, Greedy MIS=2554, |S|=4815, Oracle MIS=2549, Improvement=-5
n=5000, coeff=1, trial=3, GT MIS=2554, Greedy MIS=2554, |S|=4683, Oracle MIS=2550, Improvement=-4
n=5000, coeff=1, trial=3, GT MIS=2554, Greedy MIS=2554, |S|=4435, Oracle MIS=2540, Improvement=-14
n=5000, coeff=1, trial=3, GT MIS=2554, Greedy MIS=2554, |S|=4114, Oracle MIS=2524, Improvement=-30
n=5000, coeff=1, trial=4, GT MIS=2540, Greedy MIS=2540, |S|=5000, Oracle MIS=2540, Improvement=0
n=5000, coeff=1, trial=4, GT MIS=2540, Greedy MIS=2540, |S|=4998, Oracle MIS=2539, Improvement=-1
n=5000, coeff=1, trial=4, GT MIS=2540, Greedy MIS=2540, |S|=4994, Oracle MIS=2539, Improvement=-1
n=5000, coeff=1, trial=4, GT MIS=2540, Greedy MIS=2540, |S|=4976, Oracle MIS=2539, Improvement=-1
n=5000, coeff=1, trial=4, GT MIS=2540, Greedy MIS=2540, |S|=4954, Oracle MIS=2539, Improvement=-1
n=5000, coeff=1, trial=4, GT MIS=2540, Greedy MIS=2540, |S|=4900, Oracle MIS=2538, Improvement=-2
n=5000, coeff=1, trial=4, GT MIS=2540, Greedy MIS=2540, |S|=4804, Oracle MIS=2536, Improvement=-4
n=5000, coeff=1, trial=4, GT MIS=2540, Greedy MIS=2540, |S|=4682, Oracle MIS=2530, Improvement=-10
n=5000, coeff=1, trial=4, GT MIS=2540, Greedy MIS=2540, |S|=4464, Oracle MIS=2529, Improvement=-11
n=5000, coeff=1, trial=4, GT MIS=2540, Greedy MIS=2540, |S|=4123, Oracle MIS=2516, Improvement=-24
n=5000, coeff=2, trial=0, GT MIS=2500, Greedy MIS=2480, |S|=5000, Oracle MIS=2480, Improvement=0
n=5000, coeff=2, trial=0, GT MIS=2500, Greedy MIS=2480, |S|=5000, Oracle MIS=2480, Improvement=0
n=5000, coeff=2, trial=0, GT MIS=2500, Greedy MIS=2480, |S|=4999, Oracle MIS=2479, Improvement=-1
n=5000, coeff=2, trial=0, GT MIS=2500, Greedy MIS=2480, |S|=4998, Oracle MIS=2478, Improvement=-2
n=5000, coeff=2, trial=0, GT MIS=2500, Greedy MIS=2480, |S|=4976, Oracle MIS=2458, Improvement=-22
n=5000, coeff=2, trial=0, GT MIS=2500, Greedy MIS=2480, |S|=4915, Oracle MIS=2392, Improvement=-88
n=5000, coeff=2, trial=0, GT MIS=2500, Greedy MIS=2480, |S|=4790, Oracle MIS=2237, Improvement=-243
n=5000, coeff=2, trial=0, GT MIS=2500, Greedy MIS=2480, |S|=4574, Oracle MIS=2479, Improvement=-1
n=5000, coeff=2, trial=0, GT MIS=2500, Greedy MIS=2480, |S|=4194, Oracle MIS=2479, Improvement=-1
n=5000, coeff=2, trial=0, GT MIS=2500, Greedy MIS=2480, |S|=3869, Oracle MIS=2497, Improvement=17
n=5000, coeff=2, trial=1, GT MIS=2501, Greedy MIS=2481, |S|=5000, Oracle MIS=2481, Improvement=0
n=5000, coeff=2, trial=1, GT MIS=2501, Greedy MIS=2481, |S|=5000, Oracle MIS=2481, Improvement=0
n=5000, coeff=2, trial=1, GT MIS=2501, Greedy MIS=2481, |S|=5000, Oracle MIS=2481, Improvement=0
n=5000, coeff=2, trial=1, GT MIS=2501, Greedy MIS=2481, |S|=4993, Oracle MIS=2474, Improvement=-7
n=5000, coeff=2, trial=1, GT MIS=2501, Greedy MIS=2481, |S|=4983, Oracle MIS=2463, Improvement=-18
n=5000, coeff=2, trial=1, GT MIS=2501, Greedy MIS=2481, |S|=4945, Oracle MIS=2424, Improvement=-57
n=5000, coeff=2, trial=1, GT MIS=2501, Greedy MIS=2481, |S|=4831, Oracle MIS=2281, Improvement=-200
n=5000, coeff=2, trial=1, GT MIS=2501, Greedy MIS=2481, |S|=4576, Oracle MIS=2472, Improvement=-9
n=5000, coeff=2, trial=1, GT MIS=2501, Greedy MIS=2481, |S|=4231, Oracle MIS=2471, Improvement=-10
n=5000, coeff=2, trial=1, GT MIS=2501, Greedy MIS=2481, |S|=3765, Oracle MIS=2496, Improvement=15
n=5000, coeff=2, trial=2, GT MIS=2500, Greedy MIS=2480, |S|=5000, Oracle MIS=2480, Improvement=0
n=5000, coeff=2, trial=2, GT MIS=2500, Greedy MIS=2480, |S|=5000, Oracle MIS=2480, Improvement=0
n=5000, coeff=2, trial=2, GT MIS=2500, Greedy MIS=2480, |S|=5000, Oracle MIS=2480, Improvement=0
n=5000, coeff=2, trial=2, GT MIS=2500, Greedy MIS=2480, |S|=4998, Oracle MIS=2478, Improvement=-2
n=5000, coeff=2, trial=2, GT MIS=2500, Greedy MIS=2480, |S|=4984, Oracle MIS=2466, Improvement=-14
n=5000, coeff=2, trial=2, GT MIS=2500, Greedy MIS=2480, |S|=4939, Oracle MIS=2418, Improvement=-62
n=5000, coeff=2, trial=2, GT MIS=2500, Greedy MIS=2480, |S|=4834, Oracle MIS=2286, Improvement=-194
n=5000, coeff=2, trial=2, GT MIS=2500, Greedy MIS=2480, |S|=4612, Oracle MIS=2476, Improvement=-4
n=5000, coeff=2, trial=2, GT MIS=2500, Greedy MIS=2480, |S|=4208, Oracle MIS=2476, Improvement=-4
n=5000, coeff=2, trial=2, GT MIS=2500, Greedy MIS=2480, |S|=3819, Oracle MIS=2497, Improvement=17
n=5000, coeff=2, trial=3, GT MIS=2501, Greedy MIS=2476, |S|=5000, Oracle MIS=2476, Improvement=0
n=5000, coeff=2, trial=3, GT MIS=2501, Greedy MIS=2476, |S|=5000, Oracle MIS=2476, Improvement=0
n=5000, coeff=2, trial=3, GT MIS=2501, Greedy MIS=2476, |S|=4999, Oracle MIS=2475, Improvement=-1
n=5000, coeff=2, trial=3, GT MIS=2501, Greedy MIS=2476, |S|=4994, Oracle MIS=2470, Improvement=-6
n=5000, coeff=2, trial=3, GT MIS=2501, Greedy MIS=2476, |S|=4972, Oracle MIS=2445, Improvement=-31
n=5000, coeff=2, trial=3, GT MIS=2501, Greedy MIS=2476, |S|=4923, Oracle MIS=2386, Improvement=-90
n=5000, coeff=2, trial=3, GT MIS=2501, Greedy MIS=2476, |S|=4828, Oracle MIS=2280, Improvement=-196
n=5000, coeff=2, trial=3, GT MIS=2501, Greedy MIS=2476, |S|=4580, Oracle MIS=2484, Improvement=8
n=5000, coeff=2, trial=3, GT MIS=2501, Greedy MIS=2476, |S|=4198, Oracle MIS=2484, Improvement=8
n=5000, coeff=2, trial=3, GT MIS=2501, Greedy MIS=2476, |S|=3912, Oracle MIS=2501, Improvement=25
n=5000, coeff=2, trial=4, GT MIS=2501, Greedy MIS=2489, |S|=5000, Oracle MIS=2489, Improvement=0
n=5000, coeff=2, trial=4, GT MIS=2501, Greedy MIS=2489, |S|=5000, Oracle MIS=2489, Improvement=0
n=5000, coeff=2, trial=4, GT MIS=2501, Greedy MIS=2489, |S|=4999, Oracle MIS=2488, Improvement=-1
n=5000, coeff=2, trial=4, GT MIS=2501, Greedy MIS=2489, |S|=4994, Oracle MIS=2483, Improvement=-6
n=5000, coeff=2, trial=4, GT MIS=2501, Greedy MIS=2489, |S|=4983, Oracle MIS=2472, Improvement=-17
n=5000, coeff=2, trial=4, GT MIS=2501, Greedy MIS=2489, |S|=4935, Oracle MIS=2411, Improvement=-78
n=5000, coeff=2, trial=4, GT MIS=2501, Greedy MIS=2489, |S|=4834, Oracle MIS=2303, Improvement=-186
n=5000, coeff=2, trial=4, GT MIS=2501, Greedy MIS=2489, |S|=4626, Oracle MIS=1983, Improvement=-506
n=5000, coeff=2, trial=4, GT MIS=2501, Greedy MIS=2489, |S|=4264, Oracle MIS=2480, Improvement=-9
n=5000, coeff=2, trial=4, GT MIS=2501, Greedy MIS=2489, |S|=3881, Oracle MIS=2498, Improvement=9
n=5000, coeff=3, trial=0, GT MIS=2500, Greedy MIS=2469, |S|=5000, Oracle MIS=2469, Improvement=0
n=5000, coeff=3, trial=0, GT MIS=2500, Greedy MIS=2469, |S|=5000, Oracle MIS=2469, Improvement=0
n=5000, coeff=3, trial=0, GT MIS=2500, Greedy MIS=2469, |S|=5000, Oracle MIS=2469, Improvement=0
n=5000, coeff=3, trial=0, GT MIS=2500, Greedy MIS=2469, |S|=4999, Oracle MIS=2468, Improvement=-1
n=5000, coeff=3, trial=0, GT MIS=2500, Greedy MIS=2469, |S|=4976, Oracle MIS=2446, Improvement=-23
n=5000, coeff=3, trial=0, GT MIS=2500, Greedy MIS=2469, |S|=4915, Oracle MIS=2374, Improvement=-95
n=5000, coeff=3, trial=0, GT MIS=2500, Greedy MIS=2469, |S|=4754, Oracle MIS=2465, Improvement=-4
n=5000, coeff=3, trial=0, GT MIS=2500, Greedy MIS=2469, |S|=4458, Oracle MIS=2468, Improvement=-1
n=5000, coeff=3, trial=0, GT MIS=2500, Greedy MIS=2469, |S|=4033, Oracle MIS=2499, Improvement=30
n=5000, coeff=3, trial=0, GT MIS=2500, Greedy MIS=2469, |S|=3495, Oracle MIS=2498, Improvement=29
n=5000, coeff=3, trial=1, GT MIS=2500, Greedy MIS=2471, |S|=5000, Oracle MIS=2471, Improvement=0
n=5000, coeff=3, trial=1, GT MIS=2500, Greedy MIS=2471, |S|=5000, Oracle MIS=2471, Improvement=0
n=5000, coeff=3, trial=1, GT MIS=2500, Greedy MIS=2471, |S|=4999, Oracle MIS=2470, Improvement=-1
n=5000, coeff=3, trial=1, GT MIS=2500, Greedy MIS=2471, |S|=4996, Oracle MIS=2464, Improvement=-7
n=5000, coeff=3, trial=1, GT MIS=2500, Greedy MIS=2471, |S|=4987, Oracle MIS=2455, Improvement=-16
n=5000, coeff=3, trial=1, GT MIS=2500, Greedy MIS=2471, |S|=4946, Oracle MIS=2407, Improvement=-64
n=5000, coeff=3, trial=1, GT MIS=2500, Greedy MIS=2471, |S|=4768, Oracle MIS=2131, Improvement=-340
n=5000, coeff=3, trial=1, GT MIS=2500, Greedy MIS=2471, |S|=4525, Oracle MIS=2452, Improvement=-19
n=5000, coeff=3, trial=1, GT MIS=2500, Greedy MIS=2471, |S|=4058, Oracle MIS=2498, Improvement=27
n=5000, coeff=3, trial=1, GT MIS=2500, Greedy MIS=2471, |S|=3497, Oracle MIS=2498, Improvement=27
n=5000, coeff=3, trial=2, GT MIS=2500, Greedy MIS=2473, |S|=5000, Oracle MIS=2473, Improvement=0
n=5000, coeff=3, trial=2, GT MIS=2500, Greedy MIS=2473, |S|=5000, Oracle MIS=2473, Improvement=0
n=5000, coeff=3, trial=2, GT MIS=2500, Greedy MIS=2473, |S|=5000, Oracle MIS=2473, Improvement=0
n=5000, coeff=3, trial=2, GT MIS=2500, Greedy MIS=2473, |S|=4998, Oracle MIS=2471, Improvement=-2
n=5000, coeff=3, trial=2, GT MIS=2500, Greedy MIS=2473, |S|=4989, Oracle MIS=2459, Improvement=-14
n=5000, coeff=3, trial=2, GT MIS=2500, Greedy MIS=2473, |S|=4931, Oracle MIS=2387, Improvement=-86
n=5000, coeff=3, trial=2, GT MIS=2500, Greedy MIS=2473, |S|=4779, Oracle MIS=2184, Improvement=-289
n=5000, coeff=3, trial=2, GT MIS=2500, Greedy MIS=2473, |S|=4482, Oracle MIS=2496, Improvement=23
n=5000, coeff=3, trial=2, GT MIS=2500, Greedy MIS=2473, |S|=3968, Oracle MIS=2500, Improvement=27
n=5000, coeff=3, trial=2, GT MIS=2500, Greedy MIS=2473, |S|=3435, Oracle MIS=2500, Improvement=27
n=5000, coeff=3, trial=3, GT MIS=2500, Greedy MIS=2481, |S|=5000, Oracle MIS=2481, Improvement=0
n=5000, coeff=3, trial=3, GT MIS=2500, Greedy MIS=2481, |S|=5000, Oracle MIS=2481, Improvement=0
n=5000, coeff=3, trial=3, GT MIS=2500, Greedy MIS=2481, |S|=4998, Oracle MIS=2479, Improvement=-2
n=5000, coeff=3, trial=3, GT MIS=2500, Greedy MIS=2481, |S|=4996, Oracle MIS=2477, Improvement=-4
n=5000, coeff=3, trial=3, GT MIS=2500, Greedy MIS=2481, |S|=4982, Oracle MIS=2454, Improvement=-27
n=5000, coeff=3, trial=3, GT MIS=2500, Greedy MIS=2481, |S|=4920, Oracle MIS=2367, Improvement=-114
n=5000, coeff=3, trial=3, GT MIS=2500, Greedy MIS=2481, |S|=4746, Oracle MIS=2464, Improvement=-17
n=5000, coeff=3, trial=3, GT MIS=2500, Greedy MIS=2481, |S|=4451, Oracle MIS=2491, Improvement=10
n=5000, coeff=3, trial=3, GT MIS=2500, Greedy MIS=2481, |S|=4032, Oracle MIS=2499, Improvement=18
n=5000, coeff=3, trial=3, GT MIS=2500, Greedy MIS=2481, |S|=3517, Oracle MIS=2500, Improvement=19
n=5000, coeff=3, trial=4, GT MIS=2500, Greedy MIS=2466, |S|=5000, Oracle MIS=2466, Improvement=0
n=5000, coeff=3, trial=4, GT MIS=2500, Greedy MIS=2466, |S|=5000, Oracle MIS=2466, Improvement=0
n=5000, coeff=3, trial=4, GT MIS=2500, Greedy MIS=2466, |S|=5000, Oracle MIS=2466, Improvement=0
n=5000, coeff=3, trial=4, GT MIS=2500, Greedy MIS=2466, |S|=5000, Oracle MIS=2466, Improvement=0
n=5000, coeff=3, trial=4, GT MIS=2500, Greedy MIS=2466, |S|=4988, Oracle MIS=2446, Improvement=-20
n=5000, coeff=3, trial=4, GT MIS=2500, Greedy MIS=2466, |S|=4929, Oracle MIS=2366, Improvement=-100
n=5000, coeff=3, trial=4, GT MIS=2500, Greedy MIS=2466, |S|=4784, Oracle MIS=2478, Improvement=12
n=5000, coeff=3, trial=4, GT MIS=2500, Greedy MIS=2466, |S|=4516, Oracle MIS=2481, Improvement=15
n=5000, coeff=3, trial=4, GT MIS=2500, Greedy MIS=2466, |S|=4090, Oracle MIS=2499, Improvement=33
n=5000, coeff=3, trial=4, GT MIS=2500, Greedy MIS=2466, |S|=3518, Oracle MIS=2498, Improvement=32
n=5000, coeff=4, trial=0, GT MIS=2500, Greedy MIS=2254, |S|=5000, Oracle MIS=2254, Improvement=0
n=5000, coeff=4, trial=0, GT MIS=2500, Greedy MIS=2254, |S|=5000, Oracle MIS=2254, Improvement=0
n=5000, coeff=4, trial=0, GT MIS=2500, Greedy MIS=2254, |S|=5000, Oracle MIS=2254, Improvement=0
n=5000, coeff=4, trial=0, GT MIS=2500, Greedy MIS=2254, |S|=5000, Oracle MIS=2254, Improvement=0
n=5000, coeff=4, trial=0, GT MIS=2500, Greedy MIS=2254, |S|=4986, Oracle MIS=2374, Improvement=120
n=5000, coeff=4, trial=0, GT MIS=2500, Greedy MIS=2254, |S|=4934, Oracle MIS=2421, Improvement=167
n=5000, coeff=4, trial=0, GT MIS=2500, Greedy MIS=2254, |S|=4696, Oracle MIS=2463, Improvement=209
n=5000, coeff=4, trial=0, GT MIS=2500, Greedy MIS=2254, |S|=4339, Oracle MIS=2497, Improvement=243
n=5000, coeff=4, trial=0, GT MIS=2500, Greedy MIS=2254, |S|=3803, Oracle MIS=2500, Improvement=246
n=5000, coeff=4, trial=0, GT MIS=2500, Greedy MIS=2254, |S|=3223, Oracle MIS=2500, Improvement=246
n=5000, coeff=4, trial=1, GT MIS=2500, Greedy MIS=2495, |S|=5000, Oracle MIS=2495, Improvement=0
n=5000, coeff=4, trial=1, GT MIS=2500, Greedy MIS=2495, |S|=5000, Oracle MIS=2495, Improvement=0
n=5000, coeff=4, trial=1, GT MIS=2500, Greedy MIS=2495, |S|=5000, Oracle MIS=2495, Improvement=0
n=5000, coeff=4, trial=1, GT MIS=2500, Greedy MIS=2495, |S|=4999, Oracle MIS=2494, Improvement=-1
n=5000, coeff=4, trial=1, GT MIS=2500, Greedy MIS=2495, |S|=4984, Oracle MIS=2475, Improvement=-20
n=5000, coeff=4, trial=1, GT MIS=2500, Greedy MIS=2495, |S|=4932, Oracle MIS=2403, Improvement=-92
n=5000, coeff=4, trial=1, GT MIS=2500, Greedy MIS=2495, |S|=4742, Oracle MIS=2451, Improvement=-44
n=5000, coeff=4, trial=1, GT MIS=2500, Greedy MIS=2495, |S|=4399, Oracle MIS=2486, Improvement=-9
n=5000, coeff=4, trial=1, GT MIS=2500, Greedy MIS=2495, |S|=3831, Oracle MIS=2498, Improvement=3
n=5000, coeff=4, trial=1, GT MIS=2500, Greedy MIS=2495, |S|=3231, Oracle MIS=2500, Improvement=5
n=5000, coeff=4, trial=2, GT MIS=2500, Greedy MIS=2434, |S|=5000, Oracle MIS=2434, Improvement=0
n=5000, coeff=4, trial=2, GT MIS=2500, Greedy MIS=2434, |S|=5000, Oracle MIS=2434, Improvement=0
n=5000, coeff=4, trial=2, GT MIS=2500, Greedy MIS=2434, |S|=5000, Oracle MIS=2434, Improvement=0
n=5000, coeff=4, trial=2, GT MIS=2500, Greedy MIS=2434, |S|=4998, Oracle MIS=2432, Improvement=-2
n=5000, coeff=4, trial=2, GT MIS=2500, Greedy MIS=2434, |S|=4986, Oracle MIS=2386, Improvement=-48
n=5000, coeff=4, trial=2, GT MIS=2500, Greedy MIS=2434, |S|=4940, Oracle MIS=2386, Improvement=-48
n=5000, coeff=4, trial=2, GT MIS=2500, Greedy MIS=2434, |S|=4731, Oracle MIS=2467, Improvement=33
n=5000, coeff=4, trial=2, GT MIS=2500, Greedy MIS=2434, |S|=4342, Oracle MIS=2497, Improvement=63
n=5000, coeff=4, trial=2, GT MIS=2500, Greedy MIS=2434, |S|=3773, Oracle MIS=2500, Improvement=66
n=5000, coeff=4, trial=2, GT MIS=2500, Greedy MIS=2434, |S|=3147, Oracle MIS=2500, Improvement=66
n=5000, coeff=4, trial=3, GT MIS=2500, Greedy MIS=2343, |S|=5000, Oracle MIS=2343, Improvement=0
n=5000, coeff=4, trial=3, GT MIS=2500, Greedy MIS=2343, |S|=5000, Oracle MIS=2343, Improvement=0
n=5000, coeff=4, trial=3, GT MIS=2500, Greedy MIS=2343, |S|=4999, Oracle MIS=2342, Improvement=-1
n=5000, coeff=4, trial=3, GT MIS=2500, Greedy MIS=2343, |S|=4997, Oracle MIS=2340, Improvement=-3
n=5000, coeff=4, trial=3, GT MIS=2500, Greedy MIS=2343, |S|=4981, Oracle MIS=2410, Improvement=67
n=5000, coeff=4, trial=3, GT MIS=2500, Greedy MIS=2343, |S|=4919, Oracle MIS=2410, Improvement=67
n=5000, coeff=4, trial=3, GT MIS=2500, Greedy MIS=2343, |S|=4695, Oracle MIS=2470, Improvement=127
n=5000, coeff=4, trial=3, GT MIS=2500, Greedy MIS=2343, |S|=4275, Oracle MIS=2500, Improvement=157
n=5000, coeff=4, trial=3, GT MIS=2500, Greedy MIS=2343, |S|=3775, Oracle MIS=2500, Improvement=157
n=5000, coeff=4, trial=3, GT MIS=2500, Greedy MIS=2343, |S|=3243, Oracle MIS=2500, Improvement=157
n=5000, coeff=4, trial=4, GT MIS=2500, Greedy MIS=2302, |S|=5000, Oracle MIS=2302, Improvement=0
n=5000, coeff=4, trial=4, GT MIS=2500, Greedy MIS=2302, |S|=5000, Oracle MIS=2302, Improvement=0
n=5000, coeff=4, trial=4, GT MIS=2500, Greedy MIS=2302, |S|=5000, Oracle MIS=2302, Improvement=0
n=5000, coeff=4, trial=4, GT MIS=2500, Greedy MIS=2302, |S|=5000, Oracle MIS=2302, Improvement=0
n=5000, coeff=4, trial=4, GT MIS=2500, Greedy MIS=2302, |S|=4984, Oracle MIS=2302, Improvement=0
n=5000, coeff=4, trial=4, GT MIS=2500, Greedy MIS=2302, |S|=4935, Oracle MIS=2386, Improvement=84
n=5000, coeff=4, trial=4, GT MIS=2500, Greedy MIS=2302, |S|=4765, Oracle MIS=2482, Improvement=180
n=5000, coeff=4, trial=4, GT MIS=2500, Greedy MIS=2302, |S|=4390, Oracle MIS=2492, Improvement=190
n=5000, coeff=4, trial=4, GT MIS=2500, Greedy MIS=2302, |S|=3820, Oracle MIS=2500, Improvement=198
n=5000, coeff=4, trial=4, GT MIS=2500, Greedy MIS=2302, |S|=3214, Oracle MIS=2500, Improvement=198
n=5000, coeff=5, trial=0, GT MIS=2500, Greedy MIS=2425, |S|=5000, Oracle MIS=2425, Improvement=0
n=5000, coeff=5, trial=0, GT MIS=2500, Greedy MIS=2425, |S|=5000, Oracle MIS=2425, Improvement=0
n=5000, coeff=5, trial=0, GT MIS=2500, Greedy MIS=2425, |S|=5000, Oracle MIS=2425, Improvement=0
n=5000, coeff=5, trial=0, GT MIS=2500, Greedy MIS=2425, |S|=5000, Oracle MIS=2425, Improvement=0
n=5000, coeff=5, trial=0, GT MIS=2500, Greedy MIS=2425, |S|=4987, Oracle MIS=2413, Improvement=-12
n=5000, coeff=5, trial=0, GT MIS=2500, Greedy MIS=2425, |S|=4900, Oracle MIS=2458, Improvement=33
n=5000, coeff=5, trial=0, GT MIS=2500, Greedy MIS=2425, |S|=4628, Oracle MIS=2482, Improvement=57
n=5000, coeff=5, trial=0, GT MIS=2500, Greedy MIS=2425, |S|=4121, Oracle MIS=2496, Improvement=71
n=5000, coeff=5, trial=0, GT MIS=2500, Greedy MIS=2425, |S|=3523, Oracle MIS=2500, Improvement=75
n=5000, coeff=5, trial=0, GT MIS=2500, Greedy MIS=2425, |S|=3041, Oracle MIS=2500, Improvement=75
n=5000, coeff=5, trial=1, GT MIS=2500, Greedy MIS=2476, |S|=5000, Oracle MIS=2476, Improvement=0
n=5000, coeff=5, trial=1, GT MIS=2500, Greedy MIS=2476, |S|=5000, Oracle MIS=2476, Improvement=0
n=5000, coeff=5, trial=1, GT MIS=2500, Greedy MIS=2476, |S|=5000, Oracle MIS=2476, Improvement=0
n=5000, coeff=5, trial=1, GT MIS=2500, Greedy MIS=2476, |S|=4999, Oracle MIS=2475, Improvement=-1
n=5000, coeff=5, trial=1, GT MIS=2500, Greedy MIS=2476, |S|=4988, Oracle MIS=2464, Improvement=-12
n=5000, coeff=5, trial=1, GT MIS=2500, Greedy MIS=2476, |S|=4934, Oracle MIS=2340, Improvement=-136
n=5000, coeff=5, trial=1, GT MIS=2500, Greedy MIS=2476, |S|=4683, Oracle MIS=2445, Improvement=-31
n=5000, coeff=5, trial=1, GT MIS=2500, Greedy MIS=2476, |S|=4206, Oracle MIS=2500, Improvement=24
n=5000, coeff=5, trial=1, GT MIS=2500, Greedy MIS=2476, |S|=3559, Oracle MIS=2500, Improvement=24
n=5000, coeff=5, trial=1, GT MIS=2500, Greedy MIS=2476, |S|=3018, Oracle MIS=2499, Improvement=23
n=5000, coeff=5, trial=2, GT MIS=2500, Greedy MIS=2402, |S|=5000, Oracle MIS=2402, Improvement=0
n=5000, coeff=5, trial=2, GT MIS=2500, Greedy MIS=2402, |S|=5000, Oracle MIS=2402, Improvement=0
n=5000, coeff=5, trial=2, GT MIS=2500, Greedy MIS=2402, |S|=5000, Oracle MIS=2402, Improvement=0
n=5000, coeff=5, trial=2, GT MIS=2500, Greedy MIS=2402, |S|=4999, Oracle MIS=2401, Improvement=-1
n=5000, coeff=5, trial=2, GT MIS=2500, Greedy MIS=2402, |S|=4986, Oracle MIS=2390, Improvement=-12
n=5000, coeff=5, trial=2, GT MIS=2500, Greedy MIS=2402, |S|=4925, Oracle MIS=2383, Improvement=-19
n=5000, coeff=5, trial=2, GT MIS=2500, Greedy MIS=2402, |S|=4674, Oracle MIS=2470, Improvement=68
n=5000, coeff=5, trial=2, GT MIS=2500, Greedy MIS=2402, |S|=4145, Oracle MIS=2500, Improvement=98
n=5000, coeff=5, trial=2, GT MIS=2500, Greedy MIS=2402, |S|=3525, Oracle MIS=2500, Improvement=98
n=5000, coeff=5, trial=2, GT MIS=2500, Greedy MIS=2402, |S|=2990, Oracle MIS=2500, Improvement=98
n=5000, coeff=5, trial=3, GT MIS=2500, Greedy MIS=2445, |S|=5000, Oracle MIS=2445, Improvement=0
n=5000, coeff=5, trial=3, GT MIS=2500, Greedy MIS=2445, |S|=5000, Oracle MIS=2445, Improvement=0
n=5000, coeff=5, trial=3, GT MIS=2500, Greedy MIS=2445, |S|=4999, Oracle MIS=2444, Improvement=-1
n=5000, coeff=5, trial=3, GT MIS=2500, Greedy MIS=2445, |S|=4997, Oracle MIS=2442, Improvement=-3
n=5000, coeff=5, trial=3, GT MIS=2500, Greedy MIS=2445, |S|=4973, Oracle MIS=2402, Improvement=-43
n=5000, coeff=5, trial=3, GT MIS=2500, Greedy MIS=2445, |S|=4903, Oracle MIS=2407, Improvement=-38
n=5000, coeff=5, trial=3, GT MIS=2500, Greedy MIS=2445, |S|=4620, Oracle MIS=2500, Improvement=55
n=5000, coeff=5, trial=3, GT MIS=2500, Greedy MIS=2445, |S|=4108, Oracle MIS=2500, Improvement=55
n=5000, coeff=5, trial=3, GT MIS=2500, Greedy MIS=2445, |S|=3547, Oracle MIS=2500, Improvement=55
n=5000, coeff=5, trial=3, GT MIS=2500, Greedy MIS=2445, |S|=3072, Oracle MIS=2500, Improvement=55
n=5000, coeff=5, trial=4, GT MIS=2500, Greedy MIS=2456, |S|=5000, Oracle MIS=2456, Improvement=0
n=5000, coeff=5, trial=4, GT MIS=2500, Greedy MIS=2456, |S|=5000, Oracle MIS=2456, Improvement=0
n=5000, coeff=5, trial=4, GT MIS=2500, Greedy MIS=2456, |S|=5000, Oracle MIS=2456, Improvement=0
n=5000, coeff=5, trial=4, GT MIS=2500, Greedy MIS=2456, |S|=4999, Oracle MIS=2447, Improvement=-9
n=5000, coeff=5, trial=4, GT MIS=2500, Greedy MIS=2456, |S|=4988, Oracle MIS=2421, Improvement=-35
n=5000, coeff=5, trial=4, GT MIS=2500, Greedy MIS=2456, |S|=4917, Oracle MIS=2290, Improvement=-166
n=5000, coeff=5, trial=4, GT MIS=2500, Greedy MIS=2456, |S|=4676, Oracle MIS=2487, Improvement=31
n=5000, coeff=5, trial=4, GT MIS=2500, Greedy MIS=2456, |S|=4216, Oracle MIS=2500, Improvement=44
n=5000, coeff=5, trial=4, GT MIS=2500, Greedy MIS=2456, |S|=3569, Oracle MIS=2500, Improvement=44
n=5000, coeff=5, trial=4, GT MIS=2500, Greedy MIS=2456, |S|=3030, Oracle MIS=2500, Improvement=44
n=5000, coeff=6, trial=0, GT MIS=2500, Greedy MIS=2458, |S|=5000, Oracle MIS=2458, Improvement=0
n=5000, coeff=6, trial=0, GT MIS=2500, Greedy MIS=2458, |S|=5000, Oracle MIS=2458, Improvement=0
n=5000, coeff=6, trial=0, GT MIS=2500, Greedy MIS=2458, |S|=5000, Oracle MIS=2458, Improvement=0
n=5000, coeff=6, trial=0, GT MIS=2500, Greedy MIS=2458, |S|=4999, Oracle MIS=2458, Improvement=0
n=5000, coeff=6, trial=0, GT MIS=2500, Greedy MIS=2458, |S|=4989, Oracle MIS=2458, Improvement=0
n=5000, coeff=6, trial=0, GT MIS=2500, Greedy MIS=2458, |S|=4885, Oracle MIS=2480, Improvement=22
n=5000, coeff=6, trial=0, GT MIS=2500, Greedy MIS=2458, |S|=4539, Oracle MIS=2500, Improvement=42
n=5000, coeff=6, trial=0, GT MIS=2500, Greedy MIS=2458, |S|=3972, Oracle MIS=2500, Improvement=42
n=5000, coeff=6, trial=0, GT MIS=2500, Greedy MIS=2458, |S|=3317, Oracle MIS=2500, Improvement=42
n=5000, coeff=6, trial=0, GT MIS=2500, Greedy MIS=2458, |S|=2843, Oracle MIS=2500, Improvement=42
n=5000, coeff=6, trial=1, GT MIS=2500, Greedy MIS=2500, |S|=5000, Oracle MIS=2500, Improvement=0
n=5000, coeff=6, trial=1, GT MIS=2500, Greedy MIS=2500, |S|=5000, Oracle MIS=2500, Improvement=0
n=5000, coeff=6, trial=1, GT MIS=2500, Greedy MIS=2500, |S|=5000, Oracle MIS=2500, Improvement=0
n=5000, coeff=6, trial=1, GT MIS=2500, Greedy MIS=2500, |S|=5000, Oracle MIS=2500, Improvement=0
n=5000, coeff=6, trial=1, GT MIS=2500, Greedy MIS=2500, |S|=4983, Oracle MIS=2483, Improvement=-17
n=5000, coeff=6, trial=1, GT MIS=2500, Greedy MIS=2500, |S|=4912, Oracle MIS=2393, Improvement=-107
n=5000, coeff=6, trial=1, GT MIS=2500, Greedy MIS=2500, |S|=4624, Oracle MIS=2500, Improvement=0
n=5000, coeff=6, trial=1, GT MIS=2500, Greedy MIS=2500, |S|=4043, Oracle MIS=2500, Improvement=0
n=5000, coeff=6, trial=1, GT MIS=2500, Greedy MIS=2500, |S|=3375, Oracle MIS=2500, Improvement=0
n=5000, coeff=6, trial=1, GT MIS=2500, Greedy MIS=2500, |S|=2861, Oracle MIS=2500, Improvement=0
n=5000, coeff=6, trial=2, GT MIS=2500, Greedy MIS=2406, |S|=5000, Oracle MIS=2406, Improvement=0
n=5000, coeff=6, trial=2, GT MIS=2500, Greedy MIS=2406, |S|=5000, Oracle MIS=2406, Improvement=0
n=5000, coeff=6, trial=2, GT MIS=2500, Greedy MIS=2406, |S|=5000, Oracle MIS=2406, Improvement=0
n=5000, coeff=6, trial=2, GT MIS=2500, Greedy MIS=2406, |S|=4999, Oracle MIS=2405, Improvement=-1
n=5000, coeff=6, trial=2, GT MIS=2500, Greedy MIS=2406, |S|=4983, Oracle MIS=2369, Improvement=-37
n=5000, coeff=6, trial=2, GT MIS=2500, Greedy MIS=2406, |S|=4895, Oracle MIS=2330, Improvement=-76
n=5000, coeff=6, trial=2, GT MIS=2500, Greedy MIS=2406, |S|=4572, Oracle MIS=2493, Improvement=87
n=5000, coeff=6, trial=2, GT MIS=2500, Greedy MIS=2406, |S|=3992, Oracle MIS=2500, Improvement=94
n=5000, coeff=6, trial=2, GT MIS=2500, Greedy MIS=2406, |S|=3301, Oracle MIS=2500, Improvement=94
n=5000, coeff=6, trial=2, GT MIS=2500, Greedy MIS=2406, |S|=2821, Oracle MIS=2500, Improvement=94
n=5000, coeff=6, trial=3, GT MIS=2500, Greedy MIS=2462, |S|=5000, Oracle MIS=2462, Improvement=0
n=5000, coeff=6, trial=3, GT MIS=2500, Greedy MIS=2462, |S|=5000, Oracle MIS=2462, Improvement=0
n=5000, coeff=6, trial=3, GT MIS=2500, Greedy MIS=2462, |S|=4999, Oracle MIS=2461, Improvement=-1
n=5000, coeff=6, trial=3, GT MIS=2500, Greedy MIS=2462, |S|=4997, Oracle MIS=2459, Improvement=-3
n=5000, coeff=6, trial=3, GT MIS=2500, Greedy MIS=2462, |S|=4979, Oracle MIS=2441, Improvement=-21
n=5000, coeff=6, trial=3, GT MIS=2500, Greedy MIS=2462, |S|=4859, Oracle MIS=2225, Improvement=-237
n=5000, coeff=6, trial=3, GT MIS=2500, Greedy MIS=2462, |S|=4511, Oracle MIS=2500, Improvement=38
n=5000, coeff=6, trial=3, GT MIS=2500, Greedy MIS=2462, |S|=3967, Oracle MIS=2500, Improvement=38
n=5000, coeff=6, trial=3, GT MIS=2500, Greedy MIS=2462, |S|=3328, Oracle MIS=2500, Improvement=38
n=5000, coeff=6, trial=3, GT MIS=2500, Greedy MIS=2462, |S|=2838, Oracle MIS=2500, Improvement=38
n=5000, coeff=6, trial=4, GT MIS=2500, Greedy MIS=2349, |S|=5000, Oracle MIS=2349, Improvement=0
n=5000, coeff=6, trial=4, GT MIS=2500, Greedy MIS=2349, |S|=5000, Oracle MIS=2349, Improvement=0
n=5000, coeff=6, trial=4, GT MIS=2500, Greedy MIS=2349, |S|=5000, Oracle MIS=2349, Improvement=0
n=5000, coeff=6, trial=4, GT MIS=2500, Greedy MIS=2349, |S|=5000, Oracle MIS=2349, Improvement=0
n=5000, coeff=6, trial=4, GT MIS=2500, Greedy MIS=2349, |S|=4985, Oracle MIS=2440, Improvement=91
n=5000, coeff=6, trial=4, GT MIS=2500, Greedy MIS=2349, |S|=4893, Oracle MIS=2440, Improvement=91
n=5000, coeff=6, trial=4, GT MIS=2500, Greedy MIS=2349, |S|=4612, Oracle MIS=2493, Improvement=144
n=5000, coeff=6, trial=4, GT MIS=2500, Greedy MIS=2349, |S|=4040, Oracle MIS=2500, Improvement=151
n=5000, coeff=6, trial=4, GT MIS=2500, Greedy MIS=2349, |S|=3357, Oracle MIS=2500, Improvement=151
n=5000, coeff=6, trial=4, GT MIS=2500, Greedy MIS=2349, |S|=2856, Oracle MIS=2500, Improvement=151
n=5000, coeff=7, trial=0, GT MIS=2500, Greedy MIS=2431, |S|=5000, Oracle MIS=2431, Improvement=0
n=5000, coeff=7, trial=0, GT MIS=2500, Greedy MIS=2431, |S|=5000, Oracle MIS=2431, Improvement=0
n=5000, coeff=7, trial=0, GT MIS=2500, Greedy MIS=2431, |S|=5000, Oracle MIS=2431, Improvement=0
n=5000, coeff=7, trial=0, GT MIS=2500, Greedy MIS=2431, |S|=4999, Oracle MIS=2430, Improvement=-1
n=5000, coeff=7, trial=0, GT MIS=2500, Greedy MIS=2431, |S|=4980, Oracle MIS=2412, Improvement=-19
n=5000, coeff=7, trial=0, GT MIS=2500, Greedy MIS=2431, |S|=4862, Oracle MIS=2488, Improvement=57
n=5000, coeff=7, trial=0, GT MIS=2500, Greedy MIS=2431, |S|=4452, Oracle MIS=2500, Improvement=69
n=5000, coeff=7, trial=0, GT MIS=2500, Greedy MIS=2431, |S|=3761, Oracle MIS=2500, Improvement=69
n=5000, coeff=7, trial=0, GT MIS=2500, Greedy MIS=2431, |S|=3100, Oracle MIS=2500, Improvement=69
n=5000, coeff=7, trial=0, GT MIS=2500, Greedy MIS=2431, |S|=2733, Oracle MIS=2500, Improvement=69
n=5000, coeff=7, trial=1, GT MIS=2500, Greedy MIS=2464, |S|=5000, Oracle MIS=2464, Improvement=0
n=5000, coeff=7, trial=1, GT MIS=2500, Greedy MIS=2464, |S|=5000, Oracle MIS=2464, Improvement=0
n=5000, coeff=7, trial=1, GT MIS=2500, Greedy MIS=2464, |S|=5000, Oracle MIS=2464, Improvement=0
n=5000, coeff=7, trial=1, GT MIS=2500, Greedy MIS=2464, |S|=5000, Oracle MIS=2464, Improvement=0
n=5000, coeff=7, trial=1, GT MIS=2500, Greedy MIS=2464, |S|=4987, Oracle MIS=2451, Improvement=-13
n=5000, coeff=7, trial=1, GT MIS=2500, Greedy MIS=2464, |S|=4900, Oracle MIS=2353, Improvement=-111
n=5000, coeff=7, trial=1, GT MIS=2500, Greedy MIS=2464, |S|=4547, Oracle MIS=2500, Improvement=36
n=5000, coeff=7, trial=1, GT MIS=2500, Greedy MIS=2464, |S|=3886, Oracle MIS=2500, Improvement=36
n=5000, coeff=7, trial=1, GT MIS=2500, Greedy MIS=2464, |S|=3184, Oracle MIS=2500, Improvement=36
n=5000, coeff=7, trial=1, GT MIS=2500, Greedy MIS=2464, |S|=2733, Oracle MIS=2500, Improvement=36
n=5000, coeff=7, trial=2, GT MIS=2500, Greedy MIS=2462, |S|=5000, Oracle MIS=2462, Improvement=0
n=5000, coeff=7, trial=2, GT MIS=2500, Greedy MIS=2462, |S|=5000, Oracle MIS=2462, Improvement=0
n=5000, coeff=7, trial=2, GT MIS=2500, Greedy MIS=2462, |S|=5000, Oracle MIS=2462, Improvement=0
n=5000, coeff=7, trial=2, GT MIS=2500, Greedy MIS=2462, |S|=5000, Oracle MIS=2462, Improvement=0
n=5000, coeff=7, trial=2, GT MIS=2500, Greedy MIS=2462, |S|=4981, Oracle MIS=2431, Improvement=-31
n=5000, coeff=7, trial=2, GT MIS=2500, Greedy MIS=2462, |S|=4876, Oracle MIS=2425, Improvement=-37
n=5000, coeff=7, trial=2, GT MIS=2500, Greedy MIS=2462, |S|=4496, Oracle MIS=2500, Improvement=38
n=5000, coeff=7, trial=2, GT MIS=2500, Greedy MIS=2462, |S|=3815, Oracle MIS=2500, Improvement=38
n=5000, coeff=7, trial=2, GT MIS=2500, Greedy MIS=2462, |S|=3093, Oracle MIS=2500, Improvement=38
n=5000, coeff=7, trial=2, GT MIS=2500, Greedy MIS=2462, |S|=2703, Oracle MIS=2500, Improvement=38
n=5000, coeff=7, trial=3, GT MIS=2500, Greedy MIS=2461, |S|=5000, Oracle MIS=2461, Improvement=0
n=5000, coeff=7, trial=3, GT MIS=2500, Greedy MIS=2461, |S|=5000, Oracle MIS=2461, Improvement=0
n=5000, coeff=7, trial=3, GT MIS=2500, Greedy MIS=2461, |S|=5000, Oracle MIS=2461, Improvement=0
n=5000, coeff=7, trial=3, GT MIS=2500, Greedy MIS=2461, |S|=4997, Oracle MIS=2458, Improvement=-3
n=5000, coeff=7, trial=3, GT MIS=2500, Greedy MIS=2461, |S|=4978, Oracle MIS=2440, Improvement=-21
n=5000, coeff=7, trial=3, GT MIS=2500, Greedy MIS=2461, |S|=4838, Oracle MIS=2462, Improvement=1
n=5000, coeff=7, trial=3, GT MIS=2500, Greedy MIS=2461, |S|=4433, Oracle MIS=2500, Improvement=39
n=5000, coeff=7, trial=3, GT MIS=2500, Greedy MIS=2461, |S|=3751, Oracle MIS=2500, Improvement=39
n=5000, coeff=7, trial=3, GT MIS=2500, Greedy MIS=2461, |S|=3123, Oracle MIS=2500, Improvement=39
n=5000, coeff=7, trial=3, GT MIS=2500, Greedy MIS=2461, |S|=2725, Oracle MIS=2500, Improvement=39
n=5000, coeff=7, trial=4, GT MIS=2500, Greedy MIS=2408, |S|=5000, Oracle MIS=2408, Improvement=0
n=5000, coeff=7, trial=4, GT MIS=2500, Greedy MIS=2408, |S|=5000, Oracle MIS=2408, Improvement=0
n=5000, coeff=7, trial=4, GT MIS=2500, Greedy MIS=2408, |S|=5000, Oracle MIS=2408, Improvement=0
n=5000, coeff=7, trial=4, GT MIS=2500, Greedy MIS=2408, |S|=5000, Oracle MIS=2408, Improvement=0
n=5000, coeff=7, trial=4, GT MIS=2500, Greedy MIS=2408, |S|=4984, Oracle MIS=2408, Improvement=0
n=5000, coeff=7, trial=4, GT MIS=2500, Greedy MIS=2408, |S|=4872, Oracle MIS=2477, Improvement=69
n=5000, coeff=7, trial=4, GT MIS=2500, Greedy MIS=2408, |S|=4565, Oracle MIS=2490, Improvement=82
n=5000, coeff=7, trial=4, GT MIS=2500, Greedy MIS=2408, |S|=3871, Oracle MIS=2500, Improvement=92
n=5000, coeff=7, trial=4, GT MIS=2500, Greedy MIS=2408, |S|=3159, Oracle MIS=2500, Improvement=92
n=5000, coeff=7, trial=4, GT MIS=2500, Greedy MIS=2408, |S|=2721, Oracle MIS=2500, Improvement=92
n=5000, coeff=8, trial=0, GT MIS=2500, Greedy MIS=2484, |S|=5000, Oracle MIS=2484, Improvement=0
n=5000, coeff=8, trial=0, GT MIS=2500, Greedy MIS=2484, |S|=5000, Oracle MIS=2484, Improvement=0
n=5000, coeff=8, trial=0, GT MIS=2500, Greedy MIS=2484, |S|=5000, Oracle MIS=2484, Improvement=0
n=5000, coeff=8, trial=0, GT MIS=2500, Greedy MIS=2484, |S|=4998, Oracle MIS=2483, Improvement=-1
n=5000, coeff=8, trial=0, GT MIS=2500, Greedy MIS=2484, |S|=4979, Oracle MIS=2464, Improvement=-20
n=5000, coeff=8, trial=0, GT MIS=2500, Greedy MIS=2484, |S|=4822, Oracle MIS=2500, Improvement=16
n=5000, coeff=8, trial=0, GT MIS=2500, Greedy MIS=2484, |S|=4319, Oracle MIS=2500, Improvement=16
n=5000, coeff=8, trial=0, GT MIS=2500, Greedy MIS=2484, |S|=3591, Oracle MIS=2500, Improvement=16
n=5000, coeff=8, trial=0, GT MIS=2500, Greedy MIS=2484, |S|=2957, Oracle MIS=2500, Improvement=16
n=5000, coeff=8, trial=0, GT MIS=2500, Greedy MIS=2484, |S|=2634, Oracle MIS=2500, Improvement=16
n=5000, coeff=8, trial=1, GT MIS=2500, Greedy MIS=2455, |S|=5000, Oracle MIS=2455, Improvement=0
n=5000, coeff=8, trial=1, GT MIS=2500, Greedy MIS=2455, |S|=5000, Oracle MIS=2455, Improvement=0
n=5000, coeff=8, trial=1, GT MIS=2500, Greedy MIS=2455, |S|=5000, Oracle MIS=2455, Improvement=0
n=5000, coeff=8, trial=1, GT MIS=2500, Greedy MIS=2455, |S|=5000, Oracle MIS=2455, Improvement=0
n=5000, coeff=8, trial=1, GT MIS=2500, Greedy MIS=2455, |S|=4980, Oracle MIS=2372, Improvement=-83
n=5000, coeff=8, trial=1, GT MIS=2500, Greedy MIS=2455, |S|=4875, Oracle MIS=2405, Improvement=-50
n=5000, coeff=8, trial=1, GT MIS=2500, Greedy MIS=2455, |S|=4412, Oracle MIS=2500, Improvement=45
n=5000, coeff=8, trial=1, GT MIS=2500, Greedy MIS=2455, |S|=3721, Oracle MIS=2500, Improvement=45
n=5000, coeff=8, trial=1, GT MIS=2500, Greedy MIS=2455, |S|=3017, Oracle MIS=2500, Improvement=45
n=5000, coeff=8, trial=1, GT MIS=2500, Greedy MIS=2455, |S|=2623, Oracle MIS=2500, Improvement=45
n=5000, coeff=8, trial=2, GT MIS=2500, Greedy MIS=2484, |S|=5000, Oracle MIS=2484, Improvement=0
n=5000, coeff=8, trial=2, GT MIS=2500, Greedy MIS=2484, |S|=5000, Oracle MIS=2484, Improvement=0
n=5000, coeff=8, trial=2, GT MIS=2500, Greedy MIS=2484, |S|=5000, Oracle MIS=2484, Improvement=0
n=5000, coeff=8, trial=2, GT MIS=2500, Greedy MIS=2484, |S|=4999, Oracle MIS=2483, Improvement=-1
n=5000, coeff=8, trial=2, GT MIS=2500, Greedy MIS=2484, |S|=4983, Oracle MIS=2452, Improvement=-32
n=5000, coeff=8, trial=2, GT MIS=2500, Greedy MIS=2484, |S|=4858, Oracle MIS=2439, Improvement=-45
n=5000, coeff=8, trial=2, GT MIS=2500, Greedy MIS=2484, |S|=4372, Oracle MIS=2500, Improvement=16
n=5000, coeff=8, trial=2, GT MIS=2500, Greedy MIS=2484, |S|=3629, Oracle MIS=2500, Improvement=16
n=5000, coeff=8, trial=2, GT MIS=2500, Greedy MIS=2484, |S|=2942, Oracle MIS=2500, Improvement=16
n=5000, coeff=8, trial=2, GT MIS=2500, Greedy MIS=2484, |S|=2624, Oracle MIS=2500, Improvement=16
n=5000, coeff=8, trial=3, GT MIS=2500, Greedy MIS=2500, |S|=5000, Oracle MIS=2500, Improvement=0
n=5000, coeff=8, trial=3, GT MIS=2500, Greedy MIS=2500, |S|=5000, Oracle MIS=2500, Improvement=0
n=5000, coeff=8, trial=3, GT MIS=2500, Greedy MIS=2500, |S|=5000, Oracle MIS=2500, Improvement=0
n=5000, coeff=8, trial=3, GT MIS=2500, Greedy MIS=2500, |S|=4996, Oracle MIS=2496, Improvement=-4
n=5000, coeff=8, trial=3, GT MIS=2500, Greedy MIS=2500, |S|=4969, Oracle MIS=2421, Improvement=-79
n=5000, coeff=8, trial=3, GT MIS=2500, Greedy MIS=2500, |S|=4812, Oracle MIS=2441, Improvement=-59
n=5000, coeff=8, trial=3, GT MIS=2500, Greedy MIS=2500, |S|=4309, Oracle MIS=2500, Improvement=0
n=5000, coeff=8, trial=3, GT MIS=2500, Greedy MIS=2500, |S|=3561, Oracle MIS=2500, Improvement=0
n=5000, coeff=8, trial=3, GT MIS=2500, Greedy MIS=2500, |S|=2963, Oracle MIS=2500, Improvement=0
n=5000, coeff=8, trial=3, GT MIS=2500, Greedy MIS=2500, |S|=2627, Oracle MIS=2500, Improvement=0
n=5000, coeff=8, trial=4, GT MIS=2500, Greedy MIS=2436, |S|=5000, Oracle MIS=2436, Improvement=0
n=5000, coeff=8, trial=4, GT MIS=2500, Greedy MIS=2436, |S|=5000, Oracle MIS=2436, Improvement=0
n=5000, coeff=8, trial=4, GT MIS=2500, Greedy MIS=2436, |S|=5000, Oracle MIS=2436, Improvement=0
n=5000, coeff=8, trial=4, GT MIS=2500, Greedy MIS=2436, |S|=4999, Oracle MIS=2435, Improvement=-1
n=5000, coeff=8, trial=4, GT MIS=2500, Greedy MIS=2436, |S|=4982, Oracle MIS=2402, Improvement=-34
n=5000, coeff=8, trial=4, GT MIS=2500, Greedy MIS=2436, |S|=4834, Oracle MIS=2442, Improvement=6
n=5000, coeff=8, trial=4, GT MIS=2500, Greedy MIS=2436, |S|=4431, Oracle MIS=2500, Improvement=64
n=5000, coeff=8, trial=4, GT MIS=2500, Greedy MIS=2436, |S|=3714, Oracle MIS=2500, Improvement=64
n=5000, coeff=8, trial=4, GT MIS=2500, Greedy MIS=2436, |S|=2993, Oracle MIS=2500, Improvement=64
n=5000, coeff=8, trial=4, GT MIS=2500, Greedy MIS=2436, |S|=2639, Oracle MIS=2500, Improvement=64
n=5000, coeff=9, trial=0, GT MIS=2500, Greedy MIS=2500, |S|=5000, Oracle MIS=2500, Improvement=0
n=5000, coeff=9, trial=0, GT MIS=2500, Greedy MIS=2500, |S|=5000, Oracle MIS=2500, Improvement=0
n=5000, coeff=9, trial=0, GT MIS=2500, Greedy MIS=2500, |S|=5000, Oracle MIS=2500, Improvement=0
n=5000, coeff=9, trial=0, GT MIS=2500, Greedy MIS=2500, |S|=5000, Oracle MIS=2500, Improvement=0
n=5000, coeff=9, trial=0, GT MIS=2500, Greedy MIS=2500, |S|=4975, Oracle MIS=2456, Improvement=-44
n=5000, coeff=9, trial=0, GT MIS=2500, Greedy MIS=2500, |S|=4771, Oracle MIS=2483, Improvement=-17
n=5000, coeff=9, trial=0, GT MIS=2500, Greedy MIS=2500, |S|=4241, Oracle MIS=2500, Improvement=0
n=5000, coeff=9, trial=0, GT MIS=2500, Greedy MIS=2500, |S|=3397, Oracle MIS=2500, Improvement=0
n=5000, coeff=9, trial=0, GT MIS=2500, Greedy MIS=2500, |S|=2823, Oracle MIS=2500, Improvement=0
n=5000, coeff=9, trial=0, GT MIS=2500, Greedy MIS=2500, |S|=2584, Oracle MIS=2500, Improvement=0
n=5000, coeff=9, trial=1, GT MIS=2500, Greedy MIS=2336, |S|=5000, Oracle MIS=2336, Improvement=0
n=5000, coeff=9, trial=1, GT MIS=2500, Greedy MIS=2336, |S|=5000, Oracle MIS=2336, Improvement=0
n=5000, coeff=9, trial=1, GT MIS=2500, Greedy MIS=2336, |S|=5000, Oracle MIS=2336, Improvement=0
n=5000, coeff=9, trial=1, GT MIS=2500, Greedy MIS=2336, |S|=5000, Oracle MIS=2336, Improvement=0
n=5000, coeff=9, trial=1, GT MIS=2500, Greedy MIS=2336, |S|=4979, Oracle MIS=2426, Improvement=90
n=5000, coeff=9, trial=1, GT MIS=2500, Greedy MIS=2336, |S|=4847, Oracle MIS=2500, Improvement=164
n=5000, coeff=9, trial=1, GT MIS=2500, Greedy MIS=2336, |S|=4293, Oracle MIS=2500, Improvement=164
n=5000, coeff=9, trial=1, GT MIS=2500, Greedy MIS=2336, |S|=3540, Oracle MIS=2500, Improvement=164
n=5000, coeff=9, trial=1, GT MIS=2500, Greedy MIS=2336, |S|=2860, Oracle MIS=2500, Improvement=164
n=5000, coeff=9, trial=1, GT MIS=2500, Greedy MIS=2336, |S|=2576, Oracle MIS=2500, Improvement=164
n=5000, coeff=9, trial=2, GT MIS=2500, Greedy MIS=2362, |S|=5000, Oracle MIS=2362, Improvement=0
n=5000, coeff=9, trial=2, GT MIS=2500, Greedy MIS=2362, |S|=5000, Oracle MIS=2362, Improvement=0
n=5000, coeff=9, trial=2, GT MIS=2500, Greedy MIS=2362, |S|=5000, Oracle MIS=2362, Improvement=0
n=5000, coeff=9, trial=2, GT MIS=2500, Greedy MIS=2362, |S|=4998, Oracle MIS=2362, Improvement=0
n=5000, coeff=9, trial=2, GT MIS=2500, Greedy MIS=2362, |S|=4979, Oracle MIS=2462, Improvement=100
n=5000, coeff=9, trial=2, GT MIS=2500, Greedy MIS=2362, |S|=4822, Oracle MIS=2500, Improvement=138
n=5000, coeff=9, trial=2, GT MIS=2500, Greedy MIS=2362, |S|=4303, Oracle MIS=2500, Improvement=138
n=5000, coeff=9, trial=2, GT MIS=2500, Greedy MIS=2362, |S|=3448, Oracle MIS=2500, Improvement=138
n=5000, coeff=9, trial=2, GT MIS=2500, Greedy MIS=2362, |S|=2833, Oracle MIS=2500, Improvement=138
n=5000, coeff=9, trial=2, GT MIS=2500, Greedy MIS=2362, |S|=2575, Oracle MIS=2500, Improvement=138
n=5000, coeff=9, trial=3, GT MIS=2500, Greedy MIS=2500, |S|=5000, Oracle MIS=2500, Improvement=0
n=5000, coeff=9, trial=3, GT MIS=2500, Greedy MIS=2500, |S|=5000, Oracle MIS=2500, Improvement=0
n=5000, coeff=9, trial=3, GT MIS=2500, Greedy MIS=2500, |S|=5000, Oracle MIS=2500, Improvement=0
n=5000, coeff=9, trial=3, GT MIS=2500, Greedy MIS=2500, |S|=4997, Oracle MIS=2497, Improvement=-3
n=5000, coeff=9, trial=3, GT MIS=2500, Greedy MIS=2500, |S|=4967, Oracle MIS=2467, Improvement=-33
n=5000, coeff=9, trial=3, GT MIS=2500, Greedy MIS=2500, |S|=4780, Oracle MIS=2484, Improvement=-16
n=5000, coeff=9, trial=3, GT MIS=2500, Greedy MIS=2500, |S|=4218, Oracle MIS=2500, Improvement=0
n=5000, coeff=9, trial=3, GT MIS=2500, Greedy MIS=2500, |S|=3373, Oracle MIS=2500, Improvement=0
n=5000, coeff=9, trial=3, GT MIS=2500, Greedy MIS=2500, |S|=2829, Oracle MIS=2500, Improvement=0
n=5000, coeff=9, trial=3, GT MIS=2500, Greedy MIS=2500, |S|=2587, Oracle MIS=2500, Improvement=0
n=5000, coeff=9, trial=4, GT MIS=2500, Greedy MIS=2386, |S|=5000, Oracle MIS=2386, Improvement=0
n=5000, coeff=9, trial=4, GT MIS=2500, Greedy MIS=2386, |S|=5000, Oracle MIS=2386, Improvement=0
n=5000, coeff=9, trial=4, GT MIS=2500, Greedy MIS=2386, |S|=5000, Oracle MIS=2386, Improvement=0
n=5000, coeff=9, trial=4, GT MIS=2500, Greedy MIS=2386, |S|=5000, Oracle MIS=2386, Improvement=0
n=5000, coeff=9, trial=4, GT MIS=2500, Greedy MIS=2386, |S|=4972, Oracle MIS=2359, Improvement=-27
n=5000, coeff=9, trial=4, GT MIS=2500, Greedy MIS=2386, |S|=4804, Oracle MIS=2483, Improvement=97
n=5000, coeff=9, trial=4, GT MIS=2500, Greedy MIS=2386, |S|=4350, Oracle MIS=2500, Improvement=114
n=5000, coeff=9, trial=4, GT MIS=2500, Greedy MIS=2386, |S|=3534, Oracle MIS=2500, Improvement=114
n=5000, coeff=9, trial=4, GT MIS=2500, Greedy MIS=2386, |S|=2850, Oracle MIS=2500, Improvement=114
n=5000, coeff=9, trial=4, GT MIS=2500, Greedy MIS=2386, |S|=2587, Oracle MIS=2500, Improvement=114
n=5000, coeff=10, trial=0, GT MIS=2500, Greedy MIS=2454, |S|=5000, Oracle MIS=2454, Improvement=0
n=5000, coeff=10, trial=0, GT MIS=2500, Greedy MIS=2454, |S|=5000, Oracle MIS=2454, Improvement=0
n=5000, coeff=10, trial=0, GT MIS=2500, Greedy MIS=2454, |S|=5000, Oracle MIS=2454, Improvement=0
n=5000, coeff=10, trial=0, GT MIS=2500, Greedy MIS=2454, |S|=4999, Oracle MIS=2453, Improvement=-1
n=5000, coeff=10, trial=0, GT MIS=2500, Greedy MIS=2454, |S|=4970, Oracle MIS=2459, Improvement=5
n=5000, coeff=10, trial=0, GT MIS=2500, Greedy MIS=2454, |S|=4751, Oracle MIS=2482, Improvement=28
n=5000, coeff=10, trial=0, GT MIS=2500, Greedy MIS=2454, |S|=4147, Oracle MIS=2500, Improvement=46
n=5000, coeff=10, trial=0, GT MIS=2500, Greedy MIS=2454, |S|=3256, Oracle MIS=2500, Improvement=46
n=5000, coeff=10, trial=0, GT MIS=2500, Greedy MIS=2454, |S|=2728, Oracle MIS=2500, Improvement=46
n=5000, coeff=10, trial=0, GT MIS=2500, Greedy MIS=2454, |S|=2559, Oracle MIS=2500, Improvement=46
n=5000, coeff=10, trial=1, GT MIS=2500, Greedy MIS=2477, |S|=5000, Oracle MIS=2477, Improvement=0
n=5000, coeff=10, trial=1, GT MIS=2500, Greedy MIS=2477, |S|=5000, Oracle MIS=2477, Improvement=0
n=5000, coeff=10, trial=1, GT MIS=2500, Greedy MIS=2477, |S|=5000, Oracle MIS=2477, Improvement=0
n=5000, coeff=10, trial=1, GT MIS=2500, Greedy MIS=2477, |S|=4999, Oracle MIS=2477, Improvement=0
n=5000, coeff=10, trial=1, GT MIS=2500, Greedy MIS=2477, |S|=4980, Oracle MIS=2500, Improvement=23
n=5000, coeff=10, trial=1, GT MIS=2500, Greedy MIS=2477, |S|=4788, Oracle MIS=2500, Improvement=23
n=5000, coeff=10, trial=1, GT MIS=2500, Greedy MIS=2477, |S|=4210, Oracle MIS=2500, Improvement=23
n=5000, coeff=10, trial=1, GT MIS=2500, Greedy MIS=2477, |S|=3356, Oracle MIS=2500, Improvement=23
n=5000, coeff=10, trial=1, GT MIS=2500, Greedy MIS=2477, |S|=2767, Oracle MIS=2500, Improvement=23
n=5000, coeff=10, trial=1, GT MIS=2500, Greedy MIS=2477, |S|=2536, Oracle MIS=2500, Improvement=23
n=5000, coeff=10, trial=2, GT MIS=2500, Greedy MIS=2458, |S|=5000, Oracle MIS=2458, Improvement=0
n=5000, coeff=10, trial=2, GT MIS=2500, Greedy MIS=2458, |S|=5000, Oracle MIS=2458, Improvement=0
n=5000, coeff=10, trial=2, GT MIS=2500, Greedy MIS=2458, |S|=5000, Oracle MIS=2458, Improvement=0
n=5000, coeff=10, trial=2, GT MIS=2500, Greedy MIS=2458, |S|=5000, Oracle MIS=2458, Improvement=0
n=5000, coeff=10, trial=2, GT MIS=2500, Greedy MIS=2458, |S|=4975, Oracle MIS=2413, Improvement=-45
n=5000, coeff=10, trial=2, GT MIS=2500, Greedy MIS=2458, |S|=4785, Oracle MIS=2500, Improvement=42
n=5000, coeff=10, trial=2, GT MIS=2500, Greedy MIS=2458, |S|=4184, Oracle MIS=2500, Improvement=42
n=5000, coeff=10, trial=2, GT MIS=2500, Greedy MIS=2458, |S|=3297, Oracle MIS=2500, Improvement=42
n=5000, coeff=10, trial=2, GT MIS=2500, Greedy MIS=2458, |S|=2731, Oracle MIS=2500, Improvement=42
n=5000, coeff=10, trial=2, GT MIS=2500, Greedy MIS=2458, |S|=2549, Oracle MIS=2500, Improvement=42
n=5000, coeff=10, trial=3, GT MIS=2500, Greedy MIS=2500, |S|=5000, Oracle MIS=2500, Improvement=0
n=5000, coeff=10, trial=3, GT MIS=2500, Greedy MIS=2500, |S|=5000, Oracle MIS=2500, Improvement=0
n=5000, coeff=10, trial=3, GT MIS=2500, Greedy MIS=2500, |S|=5000, Oracle MIS=2500, Improvement=0
n=5000, coeff=10, trial=3, GT MIS=2500, Greedy MIS=2500, |S|=4998, Oracle MIS=2498, Improvement=-2
n=5000, coeff=10, trial=3, GT MIS=2500, Greedy MIS=2500, |S|=4962, Oracle MIS=2462, Improvement=-38
n=5000, coeff=10, trial=3, GT MIS=2500, Greedy MIS=2500, |S|=4742, Oracle MIS=2483, Improvement=-17
n=5000, coeff=10, trial=3, GT MIS=2500, Greedy MIS=2500, |S|=4101, Oracle MIS=2500, Improvement=0
n=5000, coeff=10, trial=3, GT MIS=2500, Greedy MIS=2500, |S|=3227, Oracle MIS=2500, Improvement=0
n=5000, coeff=10, trial=3, GT MIS=2500, Greedy MIS=2500, |S|=2721, Oracle MIS=2500, Improvement=0
n=5000, coeff=10, trial=3, GT MIS=2500, Greedy MIS=2500, |S|=2553, Oracle MIS=2500, Improvement=0
n=5000, coeff=10, trial=4, GT MIS=2500, Greedy MIS=2433, |S|=5000, Oracle MIS=2433, Improvement=0
n=5000, coeff=10, trial=4, GT MIS=2500, Greedy MIS=2433, |S|=5000, Oracle MIS=2433, Improvement=0
n=5000, coeff=10, trial=4, GT MIS=2500, Greedy MIS=2433, |S|=5000, Oracle MIS=2433, Improvement=0
n=5000, coeff=10, trial=4, GT MIS=2500, Greedy MIS=2433, |S|=4998, Oracle MIS=2433, Improvement=0
n=5000, coeff=10, trial=4, GT MIS=2500, Greedy MIS=2433, |S|=4970, Oracle MIS=2433, Improvement=0
n=5000, coeff=10, trial=4, GT MIS=2500, Greedy MIS=2433, |S|=4776, Oracle MIS=2500, Improvement=67
n=5000, coeff=10, trial=4, GT MIS=2500, Greedy MIS=2433, |S|=4252, Oracle MIS=2500, Improvement=67
n=5000, coeff=10, trial=4, GT MIS=2500, Greedy MIS=2433, |S|=3357, Oracle MIS=2500, Improvement=67
n=5000, coeff=10, trial=4, GT MIS=2500, Greedy MIS=2433, |S|=2745, Oracle MIS=2500, Improvement=67
n=5000, coeff=10, trial=4, GT MIS=2500, Greedy MIS=2433, |S|=2542, Oracle MIS=2500, Improvement=67
Results saved to bipartite_experiment_results_epislons_5000.csv
