Running job on compute-3-07
Requested resources:
  - CPUs: 12
  - GPUs: 
  - Memory: 18000
Skipping n=70000, coeff=1.0, trial=0, epsilon=0.025 as entry already exists.
Skipping n=70000, coeff=1.0, trial=0, epsilon=0.05 as entry already exists.
Skipping n=70000, coeff=1.0, trial=0, epsilon=0.075 as entry already exists.
Skipping n=70000, coeff=1.0, trial=0, epsilon=0.1 as entry already exists.
Skipping n=70000, coeff=1.0, trial=0, epsilon=0.125 as entry already exists.
Skipping n=70000, coeff=1.0, trial=0, epsilon=0.15 as entry already exists.
Skipping n=70000, coeff=1.0, trial=0, epsilon=0.175 as entry already exists.
Skipping n=70000, coeff=1.0, trial=0, epsilon=0.2 as entry already exists.
Skipping n=70000, coeff=1.0, trial=0, epsilon=0.225 as entry already exists.
Skipping n=70000, coeff=1.0, trial=0, epsilon=0.25 as entry already exists.
Skipping n=70000, coeff=1.0, trial=1, epsilon=0.025 as entry already exists.
Skipping n=70000, coeff=1.0, trial=1, epsilon=0.05 as entry already exists.
Skipping n=70000, coeff=1.0, trial=1, epsilon=0.075 as entry already exists.
Skipping n=70000, coeff=1.0, trial=1, epsilon=0.1 as entry already exists.
Skipping n=70000, coeff=1.0, trial=1, epsilon=0.125 as entry already exists.
Skipping n=70000, coeff=1.0, trial=1, epsilon=0.15 as entry already exists.
Skipping n=70000, coeff=1.0, trial=1, epsilon=0.175 as entry already exists.
Skipping n=70000, coeff=1.0, trial=1, epsilon=0.2 as entry already exists.
Skipping n=70000, coeff=1.0, trial=1, epsilon=0.225 as entry already exists.
Skipping n=70000, coeff=1.0, trial=1, epsilon=0.25 as entry already exists.
Skipping n=70000, coeff=1.0, trial=2, epsilon=0.025 as entry already exists.
Skipping n=70000, coeff=1.0, trial=2, epsilon=0.05 as entry already exists.
Skipping n=70000, coeff=1.0, trial=2, epsilon=0.075 as entry already exists.
Skipping n=70000, coeff=1.0, trial=2, epsilon=0.1 as entry already exists.
Skipping n=70000, coeff=1.0, trial=2, epsilon=0.125 as entry already exists.
Skipping n=70000, coeff=1.0, trial=2, epsilon=0.15 as entry already exists.
Skipping n=70000, coeff=1.0, trial=2, epsilon=0.175 as entry already exists.
Skipping n=70000, coeff=1.0, trial=2, epsilon=0.2 as entry already exists.
Skipping n=70000, coeff=1.0, trial=2, epsilon=0.225 as entry already exists.
Skipping n=70000, coeff=1.0, trial=2, epsilon=0.25 as entry already exists.
Skipping n=70000, coeff=1.0, trial=3, epsilon=0.025 as entry already exists.
Skipping n=70000, coeff=1.0, trial=3, epsilon=0.05 as entry already exists.
Skipping n=70000, coeff=1.0, trial=3, epsilon=0.075 as entry already exists.
Skipping n=70000, coeff=1.0, trial=3, epsilon=0.1 as entry already exists.
Skipping n=70000, coeff=1.0, trial=3, epsilon=0.125 as entry already exists.
Skipping n=70000, coeff=1.0, trial=3, epsilon=0.15 as entry already exists.
Skipping n=70000, coeff=1.0, trial=3, epsilon=0.175 as entry already exists.
Skipping n=70000, coeff=1.0, trial=3, epsilon=0.2 as entry already exists.
Skipping n=70000, coeff=1.0, trial=3, epsilon=0.225 as entry already exists.
Skipping n=70000, coeff=1.0, trial=3, epsilon=0.25 as entry already exists.
Skipping n=70000, coeff=1.0, trial=4, epsilon=0.025 as entry already exists.
Skipping n=70000, coeff=1.0, trial=4, epsilon=0.05 as entry already exists.
Skipping n=70000, coeff=1.0, trial=4, epsilon=0.075 as entry already exists.
Skipping n=70000, coeff=1.0, trial=4, epsilon=0.1 as entry already exists.
Skipping n=70000, coeff=1.0, trial=4, epsilon=0.125 as entry already exists.
Skipping n=70000, coeff=1.0, trial=4, epsilon=0.15 as entry already exists.
Skipping n=70000, coeff=1.0, trial=4, epsilon=0.175 as entry already exists.
Skipping n=70000, coeff=1.0, trial=4, epsilon=0.2 as entry already exists.
Skipping n=70000, coeff=1.0, trial=4, epsilon=0.225 as entry already exists.
Skipping n=70000, coeff=1.0, trial=4, epsilon=0.25 as entry already exists.
Skipping n=70000, coeff=1.0, trial=5, epsilon=0.025 as entry already exists.
Skipping n=70000, coeff=1.0, trial=5, epsilon=0.05 as entry already exists.
Skipping n=70000, coeff=1.0, trial=5, epsilon=0.075 as entry already exists.
Skipping n=70000, coeff=1.0, trial=5, epsilon=0.1 as entry already exists.
Skipping n=70000, coeff=1.0, trial=5, epsilon=0.125 as entry already exists.
Skipping n=70000, coeff=1.0, trial=5, epsilon=0.15 as entry already exists.
Skipping n=70000, coeff=1.0, trial=5, epsilon=0.175 as entry already exists.
Skipping n=70000, coeff=1.0, trial=5, epsilon=0.2 as entry already exists.
Skipping n=70000, coeff=1.0, trial=5, epsilon=0.225 as entry already exists.
Skipping n=70000, coeff=1.0, trial=5, epsilon=0.25 as entry already exists.
Skipping n=70000, coeff=1.0, trial=6, epsilon=0.025 as entry already exists.
Skipping n=70000, coeff=1.0, trial=6, epsilon=0.05 as entry already exists.
Skipping n=70000, coeff=1.0, trial=6, epsilon=0.075 as entry already exists.
Skipping n=70000, coeff=1.0, trial=6, epsilon=0.1 as entry already exists.
Skipping n=70000, coeff=1.0, trial=6, epsilon=0.125 as entry already exists.
Skipping n=70000, coeff=1.0, trial=6, epsilon=0.15 as entry already exists.
Skipping n=70000, coeff=1.0, trial=6, epsilon=0.175 as entry already exists.
Skipping n=70000, coeff=1.0, trial=6, epsilon=0.2 as entry already exists.
Skipping n=70000, coeff=1.0, trial=6, epsilon=0.225 as entry already exists.
Skipping n=70000, coeff=1.0, trial=6, epsilon=0.25 as entry already exists.
Skipping n=70000, coeff=1.0, trial=7, epsilon=0.025 as entry already exists.
Skipping n=70000, coeff=1.0, trial=7, epsilon=0.05 as entry already exists.
Skipping n=70000, coeff=1.0, trial=7, epsilon=0.075 as entry already exists.
Skipping n=70000, coeff=1.0, trial=7, epsilon=0.1 as entry already exists.
Skipping n=70000, coeff=1.0, trial=7, epsilon=0.125 as entry already exists.
Skipping n=70000, coeff=1.0, trial=7, epsilon=0.15 as entry already exists.
Skipping n=70000, coeff=1.0, trial=7, epsilon=0.175 as entry already exists.
Skipping n=70000, coeff=1.0, trial=7, epsilon=0.2 as entry already exists.
n=70000, coeff=1.0, trial=7, GT MIS=35148, Greedy MIS=35146, |S|=61213, Oracle MIS=35049, Improvement=-97
n=70000, coeff=1.0, trial=7, GT MIS=35148, Greedy MIS=35146, |S|=56484, Oracle MIS=34955, Improvement=-191
n=70000, coeff=1.0, trial=8, GT MIS=35140, Greedy MIS=35140, |S|=70000, Oracle MIS=35140, Improvement=0
n=70000, coeff=1.0, trial=8, GT MIS=35140, Greedy MIS=35140, |S|=69996, Oracle MIS=35140, Improvement=0
n=70000, coeff=1.0, trial=8, GT MIS=35140, Greedy MIS=35140, |S|=69977, Oracle MIS=35138, Improvement=-2
n=70000, coeff=1.0, trial=8, GT MIS=35140, Greedy MIS=35140, |S|=69877, Oracle MIS=35136, Improvement=-4
n=70000, coeff=1.0, trial=8, GT MIS=35140, Greedy MIS=35140, |S|=69666, Oracle MIS=35127, Improvement=-13
n=70000, coeff=1.0, trial=8, GT MIS=35140, Greedy MIS=35140, |S|=68865, Oracle MIS=35116, Improvement=-24
n=70000, coeff=1.0, trial=8, GT MIS=35140, Greedy MIS=35140, |S|=67014, Oracle MIS=35094, Improvement=-46
n=70000, coeff=1.0, trial=8, GT MIS=35140, Greedy MIS=35140, |S|=65039, Oracle MIS=35089, Improvement=-51
n=70000, coeff=1.0, trial=8, GT MIS=35140, Greedy MIS=35140, |S|=61424, Oracle MIS=35032, Improvement=-108
n=70000, coeff=1.0, trial=8, GT MIS=35140, Greedy MIS=35140, |S|=56887, Oracle MIS=34973, Improvement=-167
n=70000, coeff=1.0, trial=9, GT MIS=35164, Greedy MIS=35164, |S|=70000, Oracle MIS=35164, Improvement=0
n=70000, coeff=1.0, trial=9, GT MIS=35164, Greedy MIS=35164, |S|=69996, Oracle MIS=35163, Improvement=-1
n=70000, coeff=1.0, trial=9, GT MIS=35164, Greedy MIS=35164, |S|=69961, Oracle MIS=35159, Improvement=-5
n=70000, coeff=1.0, trial=9, GT MIS=35164, Greedy MIS=35164, |S|=69867, Oracle MIS=35153, Improvement=-11
n=70000, coeff=1.0, trial=9, GT MIS=35164, Greedy MIS=35164, |S|=69659, Oracle MIS=35151, Improvement=-13
n=70000, coeff=1.0, trial=9, GT MIS=35164, Greedy MIS=35164, |S|=68888, Oracle MIS=35134, Improvement=-30
n=70000, coeff=1.0, trial=9, GT MIS=35164, Greedy MIS=35164, |S|=66979, Oracle MIS=35113, Improvement=-51
n=70000, coeff=1.0, trial=9, GT MIS=35164, Greedy MIS=35164, |S|=65020, Oracle MIS=35102, Improvement=-62
n=70000, coeff=1.0, trial=9, GT MIS=35164, Greedy MIS=35164, |S|=61539, Oracle MIS=35061, Improvement=-103
n=70000, coeff=1.0, trial=9, GT MIS=35164, Greedy MIS=35164, |S|=57046, Oracle MIS=34985, Improvement=-179
Results saved to bipartite_experiment_results_epislons_70000.csv
