Running job on compute-3-03
Requested resources:
  - CPUs: 18
  - GPUs: 
  - Memory: 18000
n=20000, coeff=11, trial=0, GT MIS=10000, Greedy MIS=9787, |S|=20000, Oracle MIS=9787, Improvement=0
n=20000, coeff=11, trial=0, GT MIS=10000, Greedy MIS=9787, |S|=20000, Oracle MIS=9787, Improvement=0
n=20000, coeff=11, trial=0, GT MIS=10000, Greedy MIS=9787, |S|=20000, Oracle MIS=9787, Improvement=0
n=20000, coeff=11, trial=0, GT MIS=10000, Greedy MIS=9787, |S|=19993, Oracle MIS=9787, Improvement=0
n=20000, coeff=11, trial=0, GT MIS=10000, Greedy MIS=9787, |S|=19831, Oracle MIS=9910, Improvement=123
n=20000, coeff=11, trial=0, GT MIS=10000, Greedy MIS=9787, |S|=18676, Oracle MIS=10000, Improvement=213
n=20000, coeff=11, trial=0, GT MIS=10000, Greedy MIS=9787, |S|=15557, Oracle MIS=10000, Improvement=213
n=20000, coeff=11, trial=0, GT MIS=10000, Greedy MIS=9787, |S|=11971, Oracle MIS=10000, Improvement=213
n=20000, coeff=11, trial=0, GT MIS=10000, Greedy MIS=9787, |S|=10367, Oracle MIS=10000, Improvement=213
n=20000, coeff=11, trial=0, GT MIS=10000, Greedy MIS=9787, |S|=10038, Oracle MIS=10000, Improvement=213
n=20000, coeff=11, trial=1, GT MIS=10000, Greedy MIS=9911, |S|=20000, Oracle MIS=9911, Improvement=0
n=20000, coeff=11, trial=1, GT MIS=10000, Greedy MIS=9911, |S|=20000, Oracle MIS=9911, Improvement=0
n=20000, coeff=11, trial=1, GT MIS=10000, Greedy MIS=9911, |S|=20000, Oracle MIS=9911, Improvement=0
n=20000, coeff=11, trial=1, GT MIS=10000, Greedy MIS=9911, |S|=19984, Oracle MIS=9895, Improvement=-16
n=20000, coeff=11, trial=1, GT MIS=10000, Greedy MIS=9911, |S|=19730, Oracle MIS=9888, Improvement=-23
n=20000, coeff=11, trial=1, GT MIS=10000, Greedy MIS=9911, |S|=18187, Oracle MIS=10000, Improvement=89
n=20000, coeff=11, trial=1, GT MIS=10000, Greedy MIS=9911, |S|=14879, Oracle MIS=10000, Improvement=89
n=20000, coeff=11, trial=1, GT MIS=10000, Greedy MIS=9911, |S|=11617, Oracle MIS=10000, Improvement=89
n=20000, coeff=11, trial=1, GT MIS=10000, Greedy MIS=9911, |S|=10317, Oracle MIS=10000, Improvement=89
n=20000, coeff=11, trial=1, GT MIS=10000, Greedy MIS=9911, |S|=10026, Oracle MIS=10000, Improvement=89
n=20000, coeff=11, trial=2, GT MIS=10000, Greedy MIS=9823, |S|=20000, Oracle MIS=9823, Improvement=0
n=20000, coeff=11, trial=2, GT MIS=10000, Greedy MIS=9823, |S|=20000, Oracle MIS=9823, Improvement=0
n=20000, coeff=11, trial=2, GT MIS=10000, Greedy MIS=9823, |S|=20000, Oracle MIS=9823, Improvement=0
n=20000, coeff=11, trial=2, GT MIS=10000, Greedy MIS=9823, |S|=19986, Oracle MIS=9809, Improvement=-14
n=20000, coeff=11, trial=2, GT MIS=10000, Greedy MIS=9823, |S|=19785, Oracle MIS=9824, Improvement=1
n=20000, coeff=11, trial=2, GT MIS=10000, Greedy MIS=9823, |S|=18386, Oracle MIS=10000, Improvement=177
n=20000, coeff=11, trial=2, GT MIS=10000, Greedy MIS=9823, |S|=15048, Oracle MIS=10000, Improvement=177
n=20000, coeff=11, trial=2, GT MIS=10000, Greedy MIS=9823, |S|=11760, Oracle MIS=10000, Improvement=177
n=20000, coeff=11, trial=2, GT MIS=10000, Greedy MIS=9823, |S|=10320, Oracle MIS=10000, Improvement=177
n=20000, coeff=11, trial=2, GT MIS=10000, Greedy MIS=9823, |S|=10037, Oracle MIS=10000, Improvement=177
n=20000, coeff=11, trial=3, GT MIS=10000, Greedy MIS=9970, |S|=20000, Oracle MIS=9970, Improvement=0
n=20000, coeff=11, trial=3, GT MIS=10000, Greedy MIS=9970, |S|=20000, Oracle MIS=9970, Improvement=0
n=20000, coeff=11, trial=3, GT MIS=10000, Greedy MIS=9970, |S|=20000, Oracle MIS=9970, Improvement=0
n=20000, coeff=11, trial=3, GT MIS=10000, Greedy MIS=9970, |S|=19992, Oracle MIS=9962, Improvement=-8
n=20000, coeff=11, trial=3, GT MIS=10000, Greedy MIS=9970, |S|=19800, Oracle MIS=9771, Improvement=-199
n=20000, coeff=11, trial=3, GT MIS=10000, Greedy MIS=9970, |S|=18431, Oracle MIS=10000, Improvement=30
n=20000, coeff=11, trial=3, GT MIS=10000, Greedy MIS=9970, |S|=15252, Oracle MIS=10000, Improvement=30
n=20000, coeff=11, trial=3, GT MIS=10000, Greedy MIS=9970, |S|=11825, Oracle MIS=10000, Improvement=30
n=20000, coeff=11, trial=3, GT MIS=10000, Greedy MIS=9970, |S|=10299, Oracle MIS=10000, Improvement=30
n=20000, coeff=11, trial=3, GT MIS=10000, Greedy MIS=9970, |S|=10032, Oracle MIS=10000, Improvement=30
n=20000, coeff=11, trial=4, GT MIS=10000, Greedy MIS=9970, |S|=20000, Oracle MIS=9970, Improvement=0
n=20000, coeff=11, trial=4, GT MIS=10000, Greedy MIS=9970, |S|=20000, Oracle MIS=9970, Improvement=0
n=20000, coeff=11, trial=4, GT MIS=10000, Greedy MIS=9970, |S|=20000, Oracle MIS=9970, Improvement=0
n=20000, coeff=11, trial=4, GT MIS=10000, Greedy MIS=9970, |S|=19989, Oracle MIS=9970, Improvement=0
n=20000, coeff=11, trial=4, GT MIS=10000, Greedy MIS=9970, |S|=19784, Oracle MIS=10000, Improvement=30
n=20000, coeff=11, trial=4, GT MIS=10000, Greedy MIS=9970, |S|=18461, Oracle MIS=10000, Improvement=30
n=20000, coeff=11, trial=4, GT MIS=10000, Greedy MIS=9970, |S|=15052, Oracle MIS=10000, Improvement=30
n=20000, coeff=11, trial=4, GT MIS=10000, Greedy MIS=9970, |S|=11695, Oracle MIS=10000, Improvement=30
n=20000, coeff=11, trial=4, GT MIS=10000, Greedy MIS=9970, |S|=10334, Oracle MIS=10000, Improvement=30
n=20000, coeff=11, trial=4, GT MIS=10000, Greedy MIS=9970, |S|=10027, Oracle MIS=10000, Improvement=30
n=20000, coeff=11, trial=5, GT MIS=10000, Greedy MIS=9848, |S|=20000, Oracle MIS=9848, Improvement=0
n=20000, coeff=11, trial=5, GT MIS=10000, Greedy MIS=9848, |S|=20000, Oracle MIS=9848, Improvement=0
n=20000, coeff=11, trial=5, GT MIS=10000, Greedy MIS=9848, |S|=20000, Oracle MIS=9848, Improvement=0
n=20000, coeff=11, trial=5, GT MIS=10000, Greedy MIS=9848, |S|=19989, Oracle MIS=9848, Improvement=0
n=20000, coeff=11, trial=5, GT MIS=10000, Greedy MIS=9848, |S|=19786, Oracle MIS=9910, Improvement=62
n=20000, coeff=11, trial=5, GT MIS=10000, Greedy MIS=9848, |S|=18429, Oracle MIS=10000, Improvement=152
n=20000, coeff=11, trial=5, GT MIS=10000, Greedy MIS=9848, |S|=15102, Oracle MIS=10000, Improvement=152
n=20000, coeff=11, trial=5, GT MIS=10000, Greedy MIS=9848, |S|=11647, Oracle MIS=10000, Improvement=152
n=20000, coeff=11, trial=5, GT MIS=10000, Greedy MIS=9848, |S|=10303, Oracle MIS=10000, Improvement=152
n=20000, coeff=11, trial=5, GT MIS=10000, Greedy MIS=9848, |S|=10022, Oracle MIS=9999, Improvement=151
n=20000, coeff=11, trial=6, GT MIS=10000, Greedy MIS=9854, |S|=20000, Oracle MIS=9854, Improvement=0
n=20000, coeff=11, trial=6, GT MIS=10000, Greedy MIS=9854, |S|=20000, Oracle MIS=9854, Improvement=0
n=20000, coeff=11, trial=6, GT MIS=10000, Greedy MIS=9854, |S|=20000, Oracle MIS=9854, Improvement=0
n=20000, coeff=11, trial=6, GT MIS=10000, Greedy MIS=9854, |S|=19988, Oracle MIS=9782, Improvement=-72
n=20000, coeff=11, trial=6, GT MIS=10000, Greedy MIS=9854, |S|=19778, Oracle MIS=9893, Improvement=39
n=20000, coeff=11, trial=6, GT MIS=10000, Greedy MIS=9854, |S|=18475, Oracle MIS=9976, Improvement=122
n=20000, coeff=11, trial=6, GT MIS=10000, Greedy MIS=9854, |S|=15263, Oracle MIS=10000, Improvement=146
n=20000, coeff=11, trial=6, GT MIS=10000, Greedy MIS=9854, |S|=11764, Oracle MIS=10000, Improvement=146
n=20000, coeff=11, trial=6, GT MIS=10000, Greedy MIS=9854, |S|=10359, Oracle MIS=10000, Improvement=146
n=20000, coeff=11, trial=6, GT MIS=10000, Greedy MIS=9854, |S|=10035, Oracle MIS=10000, Improvement=146
n=20000, coeff=11, trial=7, GT MIS=10000, Greedy MIS=9765, |S|=20000, Oracle MIS=9765, Improvement=0
n=20000, coeff=11, trial=7, GT MIS=10000, Greedy MIS=9765, |S|=20000, Oracle MIS=9765, Improvement=0
n=20000, coeff=11, trial=7, GT MIS=10000, Greedy MIS=9765, |S|=20000, Oracle MIS=9765, Improvement=0
n=20000, coeff=11, trial=7, GT MIS=10000, Greedy MIS=9765, |S|=19991, Oracle MIS=9726, Improvement=-39
n=20000, coeff=11, trial=7, GT MIS=10000, Greedy MIS=9765, |S|=19739, Oracle MIS=9742, Improvement=-23
n=20000, coeff=11, trial=7, GT MIS=10000, Greedy MIS=9765, |S|=18251, Oracle MIS=10000, Improvement=235
n=20000, coeff=11, trial=7, GT MIS=10000, Greedy MIS=9765, |S|=14925, Oracle MIS=10000, Improvement=235
n=20000, coeff=11, trial=7, GT MIS=10000, Greedy MIS=9765, |S|=11595, Oracle MIS=10000, Improvement=235
n=20000, coeff=11, trial=7, GT MIS=10000, Greedy MIS=9765, |S|=10265, Oracle MIS=10000, Improvement=235
n=20000, coeff=11, trial=7, GT MIS=10000, Greedy MIS=9765, |S|=10023, Oracle MIS=10000, Improvement=235
n=20000, coeff=11, trial=8, GT MIS=10000, Greedy MIS=9914, |S|=20000, Oracle MIS=9914, Improvement=0
n=20000, coeff=11, trial=8, GT MIS=10000, Greedy MIS=9914, |S|=20000, Oracle MIS=9914, Improvement=0
n=20000, coeff=11, trial=8, GT MIS=10000, Greedy MIS=9914, |S|=20000, Oracle MIS=9914, Improvement=0
n=20000, coeff=11, trial=8, GT MIS=10000, Greedy MIS=9914, |S|=19990, Oracle MIS=9874, Improvement=-40
n=20000, coeff=11, trial=8, GT MIS=10000, Greedy MIS=9914, |S|=19833, Oracle MIS=9600, Improvement=-314
n=20000, coeff=11, trial=8, GT MIS=10000, Greedy MIS=9914, |S|=18640, Oracle MIS=9975, Improvement=61
n=20000, coeff=11, trial=8, GT MIS=10000, Greedy MIS=9914, |S|=15481, Oracle MIS=10000, Improvement=86
n=20000, coeff=11, trial=8, GT MIS=10000, Greedy MIS=9914, |S|=11952, Oracle MIS=10000, Improvement=86
n=20000, coeff=11, trial=8, GT MIS=10000, Greedy MIS=9914, |S|=10404, Oracle MIS=10000, Improvement=86
n=20000, coeff=11, trial=8, GT MIS=10000, Greedy MIS=9914, |S|=10037, Oracle MIS=10000, Improvement=86
n=20000, coeff=11, trial=9, GT MIS=10000, Greedy MIS=9823, |S|=20000, Oracle MIS=9823, Improvement=0
n=20000, coeff=11, trial=9, GT MIS=10000, Greedy MIS=9823, |S|=20000, Oracle MIS=9823, Improvement=0
n=20000, coeff=11, trial=9, GT MIS=10000, Greedy MIS=9823, |S|=20000, Oracle MIS=9823, Improvement=0
n=20000, coeff=11, trial=9, GT MIS=10000, Greedy MIS=9823, |S|=19992, Oracle MIS=9816, Improvement=-7
n=20000, coeff=11, trial=9, GT MIS=10000, Greedy MIS=9823, |S|=19813, Oracle MIS=9796, Improvement=-27
n=20000, coeff=11, trial=9, GT MIS=10000, Greedy MIS=9823, |S|=18459, Oracle MIS=10000, Improvement=177
n=20000, coeff=11, trial=9, GT MIS=10000, Greedy MIS=9823, |S|=15329, Oracle MIS=10000, Improvement=177
n=20000, coeff=11, trial=9, GT MIS=10000, Greedy MIS=9823, |S|=11859, Oracle MIS=10000, Improvement=177
n=20000, coeff=11, trial=9, GT MIS=10000, Greedy MIS=9823, |S|=10329, Oracle MIS=10000, Improvement=177
n=20000, coeff=11, trial=9, GT MIS=10000, Greedy MIS=9823, |S|=10031, Oracle MIS=9999, Improvement=176
n=20000, coeff=12, trial=0, GT MIS=10000, Greedy MIS=9827, |S|=20000, Oracle MIS=9827, Improvement=0
n=20000, coeff=12, trial=0, GT MIS=10000, Greedy MIS=9827, |S|=20000, Oracle MIS=9827, Improvement=0
n=20000, coeff=12, trial=0, GT MIS=10000, Greedy MIS=9827, |S|=20000, Oracle MIS=9827, Improvement=0
n=20000, coeff=12, trial=0, GT MIS=10000, Greedy MIS=9827, |S|=19987, Oracle MIS=9827, Improvement=0
n=20000, coeff=12, trial=0, GT MIS=10000, Greedy MIS=9827, |S|=19799, Oracle MIS=9932, Improvement=105
n=20000, coeff=12, trial=0, GT MIS=10000, Greedy MIS=9827, |S|=18435, Oracle MIS=10000, Improvement=173
n=20000, coeff=12, trial=0, GT MIS=10000, Greedy MIS=9827, |S|=14913, Oracle MIS=10000, Improvement=173
n=20000, coeff=12, trial=0, GT MIS=10000, Greedy MIS=9827, |S|=11511, Oracle MIS=10000, Improvement=173
n=20000, coeff=12, trial=0, GT MIS=10000, Greedy MIS=9827, |S|=10212, Oracle MIS=10000, Improvement=173
n=20000, coeff=12, trial=0, GT MIS=10000, Greedy MIS=9827, |S|=10019, Oracle MIS=10000, Improvement=173
n=20000, coeff=12, trial=1, GT MIS=10000, Greedy MIS=9899, |S|=20000, Oracle MIS=9899, Improvement=0
n=20000, coeff=12, trial=1, GT MIS=10000, Greedy MIS=9899, |S|=20000, Oracle MIS=9899, Improvement=0
n=20000, coeff=12, trial=1, GT MIS=10000, Greedy MIS=9899, |S|=20000, Oracle MIS=9899, Improvement=0
n=20000, coeff=12, trial=1, GT MIS=10000, Greedy MIS=9899, |S|=19977, Oracle MIS=9876, Improvement=-23
n=20000, coeff=12, trial=1, GT MIS=10000, Greedy MIS=9899, |S|=19691, Oracle MIS=9905, Improvement=6
n=20000, coeff=12, trial=1, GT MIS=10000, Greedy MIS=9899, |S|=17909, Oracle MIS=10000, Improvement=101
n=20000, coeff=12, trial=1, GT MIS=10000, Greedy MIS=9899, |S|=14314, Oracle MIS=10000, Improvement=101
n=20000, coeff=12, trial=1, GT MIS=10000, Greedy MIS=9899, |S|=11207, Oracle MIS=10000, Improvement=101
n=20000, coeff=12, trial=1, GT MIS=10000, Greedy MIS=9899, |S|=10190, Oracle MIS=10000, Improvement=101
n=20000, coeff=12, trial=1, GT MIS=10000, Greedy MIS=9899, |S|=10015, Oracle MIS=10000, Improvement=101
n=20000, coeff=12, trial=2, GT MIS=10000, Greedy MIS=9871, |S|=20000, Oracle MIS=9871, Improvement=0
n=20000, coeff=12, trial=2, GT MIS=10000, Greedy MIS=9871, |S|=20000, Oracle MIS=9871, Improvement=0
n=20000, coeff=12, trial=2, GT MIS=10000, Greedy MIS=9871, |S|=20000, Oracle MIS=9871, Improvement=0
n=20000, coeff=12, trial=2, GT MIS=10000, Greedy MIS=9871, |S|=19990, Oracle MIS=9871, Improvement=0
n=20000, coeff=12, trial=2, GT MIS=10000, Greedy MIS=9871, |S|=19745, Oracle MIS=9905, Improvement=34
n=20000, coeff=12, trial=2, GT MIS=10000, Greedy MIS=9871, |S|=18140, Oracle MIS=10000, Improvement=129
n=20000, coeff=12, trial=2, GT MIS=10000, Greedy MIS=9871, |S|=14429, Oracle MIS=10000, Improvement=129
n=20000, coeff=12, trial=2, GT MIS=10000, Greedy MIS=9871, |S|=11328, Oracle MIS=10000, Improvement=129
n=20000, coeff=12, trial=2, GT MIS=10000, Greedy MIS=9871, |S|=10169, Oracle MIS=10000, Improvement=129
n=20000, coeff=12, trial=2, GT MIS=10000, Greedy MIS=9871, |S|=10011, Oracle MIS=10000, Improvement=129
n=20000, coeff=12, trial=3, GT MIS=10000, Greedy MIS=9585, |S|=20000, Oracle MIS=9585, Improvement=0
n=20000, coeff=12, trial=3, GT MIS=10000, Greedy MIS=9585, |S|=20000, Oracle MIS=9585, Improvement=0
n=20000, coeff=12, trial=3, GT MIS=10000, Greedy MIS=9585, |S|=20000, Oracle MIS=9585, Improvement=0
n=20000, coeff=12, trial=3, GT MIS=10000, Greedy MIS=9585, |S|=19992, Oracle MIS=9585, Improvement=0
n=20000, coeff=12, trial=3, GT MIS=10000, Greedy MIS=9585, |S|=19751, Oracle MIS=9932, Improvement=347
n=20000, coeff=12, trial=3, GT MIS=10000, Greedy MIS=9585, |S|=18176, Oracle MIS=10000, Improvement=415
n=20000, coeff=12, trial=3, GT MIS=10000, Greedy MIS=9585, |S|=14636, Oracle MIS=10000, Improvement=415
n=20000, coeff=12, trial=3, GT MIS=10000, Greedy MIS=9585, |S|=11364, Oracle MIS=10000, Improvement=415
n=20000, coeff=12, trial=3, GT MIS=10000, Greedy MIS=9585, |S|=10173, Oracle MIS=10000, Improvement=415
n=20000, coeff=12, trial=3, GT MIS=10000, Greedy MIS=9585, |S|=10012, Oracle MIS=10000, Improvement=415
n=20000, coeff=12, trial=4, GT MIS=10000, Greedy MIS=9966, |S|=20000, Oracle MIS=9966, Improvement=0
n=20000, coeff=12, trial=4, GT MIS=10000, Greedy MIS=9966, |S|=20000, Oracle MIS=9966, Improvement=0
n=20000, coeff=12, trial=4, GT MIS=10000, Greedy MIS=9966, |S|=20000, Oracle MIS=9966, Improvement=0
n=20000, coeff=12, trial=4, GT MIS=10000, Greedy MIS=9966, |S|=19989, Oracle MIS=9966, Improvement=0
n=20000, coeff=12, trial=4, GT MIS=10000, Greedy MIS=9966, |S|=19743, Oracle MIS=10000, Improvement=34
n=20000, coeff=12, trial=4, GT MIS=10000, Greedy MIS=9966, |S|=18146, Oracle MIS=10000, Improvement=34
n=20000, coeff=12, trial=4, GT MIS=10000, Greedy MIS=9966, |S|=14495, Oracle MIS=10000, Improvement=34
n=20000, coeff=12, trial=4, GT MIS=10000, Greedy MIS=9966, |S|=11287, Oracle MIS=10000, Improvement=34
n=20000, coeff=12, trial=4, GT MIS=10000, Greedy MIS=9966, |S|=10216, Oracle MIS=10000, Improvement=34
n=20000, coeff=12, trial=4, GT MIS=10000, Greedy MIS=9966, |S|=10013, Oracle MIS=10000, Improvement=34
n=20000, coeff=12, trial=5, GT MIS=10000, Greedy MIS=9796, |S|=20000, Oracle MIS=9796, Improvement=0
n=20000, coeff=12, trial=5, GT MIS=10000, Greedy MIS=9796, |S|=20000, Oracle MIS=9796, Improvement=0
n=20000, coeff=12, trial=5, GT MIS=10000, Greedy MIS=9796, |S|=20000, Oracle MIS=9796, Improvement=0
n=20000, coeff=12, trial=5, GT MIS=10000, Greedy MIS=9796, |S|=19987, Oracle MIS=9796, Improvement=0
n=20000, coeff=12, trial=5, GT MIS=10000, Greedy MIS=9796, |S|=19738, Oracle MIS=9901, Improvement=105
n=20000, coeff=12, trial=5, GT MIS=10000, Greedy MIS=9796, |S|=18156, Oracle MIS=10000, Improvement=204
n=20000, coeff=12, trial=5, GT MIS=10000, Greedy MIS=9796, |S|=14464, Oracle MIS=10000, Improvement=204
n=20000, coeff=12, trial=5, GT MIS=10000, Greedy MIS=9796, |S|=11251, Oracle MIS=10000, Improvement=204
n=20000, coeff=12, trial=5, GT MIS=10000, Greedy MIS=9796, |S|=10175, Oracle MIS=10000, Improvement=204
n=20000, coeff=12, trial=5, GT MIS=10000, Greedy MIS=9796, |S|=10012, Oracle MIS=10000, Improvement=204
n=20000, coeff=12, trial=6, GT MIS=10000, Greedy MIS=9968, |S|=20000, Oracle MIS=9968, Improvement=0
n=20000, coeff=12, trial=6, GT MIS=10000, Greedy MIS=9968, |S|=20000, Oracle MIS=9968, Improvement=0
n=20000, coeff=12, trial=6, GT MIS=10000, Greedy MIS=9968, |S|=20000, Oracle MIS=9968, Improvement=0
n=20000, coeff=12, trial=6, GT MIS=10000, Greedy MIS=9968, |S|=19984, Oracle MIS=9952, Improvement=-16
n=20000, coeff=12, trial=6, GT MIS=10000, Greedy MIS=9968, |S|=19741, Oracle MIS=9418, Improvement=-550
n=20000, coeff=12, trial=6, GT MIS=10000, Greedy MIS=9968, |S|=18247, Oracle MIS=10000, Improvement=32
n=20000, coeff=12, trial=6, GT MIS=10000, Greedy MIS=9968, |S|=14640, Oracle MIS=10000, Improvement=32
n=20000, coeff=12, trial=6, GT MIS=10000, Greedy MIS=9968, |S|=11377, Oracle MIS=10000, Improvement=32
n=20000, coeff=12, trial=6, GT MIS=10000, Greedy MIS=9968, |S|=10219, Oracle MIS=10000, Improvement=32
n=20000, coeff=12, trial=6, GT MIS=10000, Greedy MIS=9968, |S|=10021, Oracle MIS=10000, Improvement=32
n=20000, coeff=12, trial=7, GT MIS=10000, Greedy MIS=9804, |S|=20000, Oracle MIS=9804, Improvement=0
n=20000, coeff=12, trial=7, GT MIS=10000, Greedy MIS=9804, |S|=20000, Oracle MIS=9804, Improvement=0
n=20000, coeff=12, trial=7, GT MIS=10000, Greedy MIS=9804, |S|=20000, Oracle MIS=9804, Improvement=0
n=20000, coeff=12, trial=7, GT MIS=10000, Greedy MIS=9804, |S|=19987, Oracle MIS=9791, Improvement=-13
n=20000, coeff=12, trial=7, GT MIS=10000, Greedy MIS=9804, |S|=19696, Oracle MIS=9841, Improvement=37
n=20000, coeff=12, trial=7, GT MIS=10000, Greedy MIS=9804, |S|=17919, Oracle MIS=10000, Improvement=196
n=20000, coeff=12, trial=7, GT MIS=10000, Greedy MIS=9804, |S|=14279, Oracle MIS=10000, Improvement=196
n=20000, coeff=12, trial=7, GT MIS=10000, Greedy MIS=9804, |S|=11173, Oracle MIS=10000, Improvement=196
n=20000, coeff=12, trial=7, GT MIS=10000, Greedy MIS=9804, |S|=10167, Oracle MIS=10000, Improvement=196
n=20000, coeff=12, trial=7, GT MIS=10000, Greedy MIS=9804, |S|=10006, Oracle MIS=10000, Improvement=196
n=20000, coeff=12, trial=8, GT MIS=10000, Greedy MIS=10000, |S|=20000, Oracle MIS=10000, Improvement=0
n=20000, coeff=12, trial=8, GT MIS=10000, Greedy MIS=10000, |S|=20000, Oracle MIS=10000, Improvement=0
n=20000, coeff=12, trial=8, GT MIS=10000, Greedy MIS=10000, |S|=20000, Oracle MIS=10000, Improvement=0
n=20000, coeff=12, trial=8, GT MIS=10000, Greedy MIS=10000, |S|=19993, Oracle MIS=9993, Improvement=-7
n=20000, coeff=12, trial=8, GT MIS=10000, Greedy MIS=10000, |S|=19794, Oracle MIS=9696, Improvement=-304
n=20000, coeff=12, trial=8, GT MIS=10000, Greedy MIS=10000, |S|=18377, Oracle MIS=10000, Improvement=0
n=20000, coeff=12, trial=8, GT MIS=10000, Greedy MIS=10000, |S|=14895, Oracle MIS=10000, Improvement=0
n=20000, coeff=12, trial=8, GT MIS=10000, Greedy MIS=10000, |S|=11486, Oracle MIS=10000, Improvement=0
n=20000, coeff=12, trial=8, GT MIS=10000, Greedy MIS=10000, |S|=10229, Oracle MIS=10000, Improvement=0
n=20000, coeff=12, trial=8, GT MIS=10000, Greedy MIS=10000, |S|=10026, Oracle MIS=10000, Improvement=0
n=20000, coeff=12, trial=9, GT MIS=10000, Greedy MIS=9804, |S|=20000, Oracle MIS=9804, Improvement=0
n=20000, coeff=12, trial=9, GT MIS=10000, Greedy MIS=9804, |S|=20000, Oracle MIS=9804, Improvement=0
n=20000, coeff=12, trial=9, GT MIS=10000, Greedy MIS=9804, |S|=20000, Oracle MIS=9804, Improvement=0
n=20000, coeff=12, trial=9, GT MIS=10000, Greedy MIS=9804, |S|=19991, Oracle MIS=9698, Improvement=-106
n=20000, coeff=12, trial=9, GT MIS=10000, Greedy MIS=9804, |S|=19766, Oracle MIS=9698, Improvement=-106
n=20000, coeff=12, trial=9, GT MIS=10000, Greedy MIS=9804, |S|=18131, Oracle MIS=10000, Improvement=196
n=20000, coeff=12, trial=9, GT MIS=10000, Greedy MIS=9804, |S|=14730, Oracle MIS=10000, Improvement=196
n=20000, coeff=12, trial=9, GT MIS=10000, Greedy MIS=9804, |S|=11361, Oracle MIS=10000, Improvement=196
n=20000, coeff=12, trial=9, GT MIS=10000, Greedy MIS=9804, |S|=10186, Oracle MIS=10000, Improvement=196
n=20000, coeff=12, trial=9, GT MIS=10000, Greedy MIS=9804, |S|=10018, Oracle MIS=10000, Improvement=196
n=20000, coeff=13, trial=0, GT MIS=10000, Greedy MIS=9815, |S|=20000, Oracle MIS=9815, Improvement=0
n=20000, coeff=13, trial=0, GT MIS=10000, Greedy MIS=9815, |S|=20000, Oracle MIS=9815, Improvement=0
n=20000, coeff=13, trial=0, GT MIS=10000, Greedy MIS=9815, |S|=20000, Oracle MIS=9815, Improvement=0
n=20000, coeff=13, trial=0, GT MIS=10000, Greedy MIS=9815, |S|=19989, Oracle MIS=9729, Improvement=-86
n=20000, coeff=13, trial=0, GT MIS=10000, Greedy MIS=9815, |S|=19759, Oracle MIS=9886, Improvement=71
n=20000, coeff=13, trial=0, GT MIS=10000, Greedy MIS=9815, |S|=18134, Oracle MIS=10000, Improvement=185
n=20000, coeff=13, trial=0, GT MIS=10000, Greedy MIS=9815, |S|=14383, Oracle MIS=10000, Improvement=185
n=20000, coeff=13, trial=0, GT MIS=10000, Greedy MIS=9815, |S|=11112, Oracle MIS=10000, Improvement=185
n=20000, coeff=13, trial=0, GT MIS=10000, Greedy MIS=9815, |S|=10133, Oracle MIS=10000, Improvement=185
n=20000, coeff=13, trial=0, GT MIS=10000, Greedy MIS=9815, |S|=10005, Oracle MIS=10000, Improvement=185
n=20000, coeff=13, trial=1, GT MIS=10000, Greedy MIS=9817, |S|=20000, Oracle MIS=9817, Improvement=0
n=20000, coeff=13, trial=1, GT MIS=10000, Greedy MIS=9817, |S|=20000, Oracle MIS=9817, Improvement=0
n=20000, coeff=13, trial=1, GT MIS=10000, Greedy MIS=9817, |S|=20000, Oracle MIS=9817, Improvement=0
n=20000, coeff=13, trial=1, GT MIS=10000, Greedy MIS=9817, |S|=19976, Oracle MIS=9793, Improvement=-24
n=20000, coeff=13, trial=1, GT MIS=10000, Greedy MIS=9817, |S|=19643, Oracle MIS=9965, Improvement=148
n=20000, coeff=13, trial=1, GT MIS=10000, Greedy MIS=9817, |S|=17529, Oracle MIS=10000, Improvement=183
n=20000, coeff=13, trial=1, GT MIS=10000, Greedy MIS=9817, |S|=13723, Oracle MIS=10000, Improvement=183
n=20000, coeff=13, trial=1, GT MIS=10000, Greedy MIS=9817, |S|=10901, Oracle MIS=10000, Improvement=183
n=20000, coeff=13, trial=1, GT MIS=10000, Greedy MIS=9817, |S|=10104, Oracle MIS=10000, Improvement=183
n=20000, coeff=13, trial=1, GT MIS=10000, Greedy MIS=9817, |S|=10007, Oracle MIS=10000, Improvement=183
n=20000, coeff=13, trial=2, GT MIS=10000, Greedy MIS=9815, |S|=20000, Oracle MIS=9815, Improvement=0
n=20000, coeff=13, trial=2, GT MIS=10000, Greedy MIS=9815, |S|=20000, Oracle MIS=9815, Improvement=0
n=20000, coeff=13, trial=2, GT MIS=10000, Greedy MIS=9815, |S|=20000, Oracle MIS=9815, Improvement=0
n=20000, coeff=13, trial=2, GT MIS=10000, Greedy MIS=9815, |S|=19989, Oracle MIS=9853, Improvement=38
n=20000, coeff=13, trial=2, GT MIS=10000, Greedy MIS=9815, |S|=19703, Oracle MIS=9966, Improvement=151
n=20000, coeff=13, trial=2, GT MIS=10000, Greedy MIS=9815, |S|=17832, Oracle MIS=10000, Improvement=185
n=20000, coeff=13, trial=2, GT MIS=10000, Greedy MIS=9815, |S|=13831, Oracle MIS=10000, Improvement=185
n=20000, coeff=13, trial=2, GT MIS=10000, Greedy MIS=9815, |S|=10947, Oracle MIS=10000, Improvement=185
n=20000, coeff=13, trial=2, GT MIS=10000, Greedy MIS=9815, |S|=10108, Oracle MIS=10000, Improvement=185
n=20000, coeff=13, trial=2, GT MIS=10000, Greedy MIS=9815, |S|=10005, Oracle MIS=10000, Improvement=185
n=20000, coeff=13, trial=3, GT MIS=10000, Greedy MIS=9889, |S|=20000, Oracle MIS=9889, Improvement=0
n=20000, coeff=13, trial=3, GT MIS=10000, Greedy MIS=9889, |S|=20000, Oracle MIS=9889, Improvement=0
n=20000, coeff=13, trial=3, GT MIS=10000, Greedy MIS=9889, |S|=20000, Oracle MIS=9889, Improvement=0
n=20000, coeff=13, trial=3, GT MIS=10000, Greedy MIS=9889, |S|=19990, Oracle MIS=9880, Improvement=-9
n=20000, coeff=13, trial=3, GT MIS=10000, Greedy MIS=9889, |S|=19695, Oracle MIS=9964, Improvement=75
n=20000, coeff=13, trial=3, GT MIS=10000, Greedy MIS=9889, |S|=17856, Oracle MIS=10000, Improvement=111
n=20000, coeff=13, trial=3, GT MIS=10000, Greedy MIS=9889, |S|=14065, Oracle MIS=10000, Improvement=111
n=20000, coeff=13, trial=3, GT MIS=10000, Greedy MIS=9889, |S|=11001, Oracle MIS=10000, Improvement=111
n=20000, coeff=13, trial=3, GT MIS=10000, Greedy MIS=9889, |S|=10104, Oracle MIS=10000, Improvement=111
n=20000, coeff=13, trial=3, GT MIS=10000, Greedy MIS=9889, |S|=10002, Oracle MIS=10000, Improvement=111
n=20000, coeff=13, trial=4, GT MIS=10000, Greedy MIS=9774, |S|=20000, Oracle MIS=9774, Improvement=0
n=20000, coeff=13, trial=4, GT MIS=10000, Greedy MIS=9774, |S|=20000, Oracle MIS=9774, Improvement=0
n=20000, coeff=13, trial=4, GT MIS=10000, Greedy MIS=9774, |S|=20000, Oracle MIS=9774, Improvement=0
n=20000, coeff=13, trial=4, GT MIS=10000, Greedy MIS=9774, |S|=19984, Oracle MIS=9774, Improvement=0
n=20000, coeff=13, trial=4, GT MIS=10000, Greedy MIS=9774, |S|=19684, Oracle MIS=10000, Improvement=226
n=20000, coeff=13, trial=4, GT MIS=10000, Greedy MIS=9774, |S|=17824, Oracle MIS=10000, Improvement=226
n=20000, coeff=13, trial=4, GT MIS=10000, Greedy MIS=9774, |S|=13910, Oracle MIS=10000, Improvement=226
n=20000, coeff=13, trial=4, GT MIS=10000, Greedy MIS=9774, |S|=10978, Oracle MIS=10000, Improvement=226
n=20000, coeff=13, trial=4, GT MIS=10000, Greedy MIS=9774, |S|=10133, Oracle MIS=10000, Improvement=226
n=20000, coeff=13, trial=4, GT MIS=10000, Greedy MIS=9774, |S|=10006, Oracle MIS=10000, Improvement=226
n=20000, coeff=13, trial=5, GT MIS=10000, Greedy MIS=9968, |S|=20000, Oracle MIS=9968, Improvement=0
n=20000, coeff=13, trial=5, GT MIS=10000, Greedy MIS=9968, |S|=20000, Oracle MIS=9968, Improvement=0
n=20000, coeff=13, trial=5, GT MIS=10000, Greedy MIS=9968, |S|=20000, Oracle MIS=9968, Improvement=0
n=20000, coeff=13, trial=5, GT MIS=10000, Greedy MIS=9968, |S|=19983, Oracle MIS=9951, Improvement=-17
n=20000, coeff=13, trial=5, GT MIS=10000, Greedy MIS=9968, |S|=19701, Oracle MIS=9963, Improvement=-5
n=20000, coeff=13, trial=5, GT MIS=10000, Greedy MIS=9968, |S|=17832, Oracle MIS=10000, Improvement=32
n=20000, coeff=13, trial=5, GT MIS=10000, Greedy MIS=9968, |S|=13854, Oracle MIS=10000, Improvement=32
n=20000, coeff=13, trial=5, GT MIS=10000, Greedy MIS=9968, |S|=10926, Oracle MIS=10000, Improvement=32
n=20000, coeff=13, trial=5, GT MIS=10000, Greedy MIS=9968, |S|=10104, Oracle MIS=10000, Improvement=32
n=20000, coeff=13, trial=5, GT MIS=10000, Greedy MIS=9968, |S|=10002, Oracle MIS=10000, Improvement=32
n=20000, coeff=13, trial=6, GT MIS=10000, Greedy MIS=9817, |S|=20000, Oracle MIS=9817, Improvement=0
n=20000, coeff=13, trial=6, GT MIS=10000, Greedy MIS=9817, |S|=20000, Oracle MIS=9817, Improvement=0
n=20000, coeff=13, trial=6, GT MIS=10000, Greedy MIS=9817, |S|=20000, Oracle MIS=9817, Improvement=0
n=20000, coeff=13, trial=6, GT MIS=10000, Greedy MIS=9817, |S|=19983, Oracle MIS=9801, Improvement=-16
n=20000, coeff=13, trial=6, GT MIS=10000, Greedy MIS=9817, |S|=19703, Oracle MIS=9928, Improvement=111
n=20000, coeff=13, trial=6, GT MIS=10000, Greedy MIS=9817, |S|=17939, Oracle MIS=10000, Improvement=183
n=20000, coeff=13, trial=6, GT MIS=10000, Greedy MIS=9817, |S|=14077, Oracle MIS=10000, Improvement=183
n=20000, coeff=13, trial=6, GT MIS=10000, Greedy MIS=9817, |S|=11009, Oracle MIS=10000, Improvement=183
n=20000, coeff=13, trial=6, GT MIS=10000, Greedy MIS=9817, |S|=10145, Oracle MIS=10000, Improvement=183
n=20000, coeff=13, trial=6, GT MIS=10000, Greedy MIS=9817, |S|=10009, Oracle MIS=10000, Improvement=183
n=20000, coeff=13, trial=7, GT MIS=10000, Greedy MIS=9860, |S|=20000, Oracle MIS=9860, Improvement=0
n=20000, coeff=13, trial=7, GT MIS=10000, Greedy MIS=9860, |S|=20000, Oracle MIS=9860, Improvement=0
n=20000, coeff=13, trial=7, GT MIS=10000, Greedy MIS=9860, |S|=20000, Oracle MIS=9860, Improvement=0
n=20000, coeff=13, trial=7, GT MIS=10000, Greedy MIS=9860, |S|=19985, Oracle MIS=9860, Improvement=0
n=20000, coeff=13, trial=7, GT MIS=10000, Greedy MIS=9860, |S|=19620, Oracle MIS=9897, Improvement=37
n=20000, coeff=13, trial=7, GT MIS=10000, Greedy MIS=9860, |S|=17582, Oracle MIS=10000, Improvement=140
n=20000, coeff=13, trial=7, GT MIS=10000, Greedy MIS=9860, |S|=13736, Oracle MIS=10000, Improvement=140
n=20000, coeff=13, trial=7, GT MIS=10000, Greedy MIS=9860, |S|=10847, Oracle MIS=10000, Improvement=140
n=20000, coeff=13, trial=7, GT MIS=10000, Greedy MIS=9860, |S|=10097, Oracle MIS=10000, Improvement=140
n=20000, coeff=13, trial=7, GT MIS=10000, Greedy MIS=9860, |S|=10002, Oracle MIS=10000, Improvement=140
n=20000, coeff=13, trial=8, GT MIS=10000, Greedy MIS=9891, |S|=20000, Oracle MIS=9891, Improvement=0
n=20000, coeff=13, trial=8, GT MIS=10000, Greedy MIS=9891, |S|=20000, Oracle MIS=9891, Improvement=0
n=20000, coeff=13, trial=8, GT MIS=10000, Greedy MIS=9891, |S|=20000, Oracle MIS=9891, Improvement=0
n=20000, coeff=13, trial=8, GT MIS=10000, Greedy MIS=9891, |S|=19988, Oracle MIS=9879, Improvement=-12
n=20000, coeff=13, trial=8, GT MIS=10000, Greedy MIS=9891, |S|=19776, Oracle MIS=9668, Improvement=-223
n=20000, coeff=13, trial=8, GT MIS=10000, Greedy MIS=9891, |S|=18141, Oracle MIS=10000, Improvement=109
n=20000, coeff=13, trial=8, GT MIS=10000, Greedy MIS=9891, |S|=14344, Oracle MIS=10000, Improvement=109
n=20000, coeff=13, trial=8, GT MIS=10000, Greedy MIS=9891, |S|=11127, Oracle MIS=10000, Improvement=109
n=20000, coeff=13, trial=8, GT MIS=10000, Greedy MIS=9891, |S|=10143, Oracle MIS=10000, Improvement=109
n=20000, coeff=13, trial=8, GT MIS=10000, Greedy MIS=9891, |S|=10014, Oracle MIS=10000, Improvement=109
n=20000, coeff=13, trial=9, GT MIS=10000, Greedy MIS=9744, |S|=20000, Oracle MIS=9744, Improvement=0
n=20000, coeff=13, trial=9, GT MIS=10000, Greedy MIS=9744, |S|=20000, Oracle MIS=9744, Improvement=0
n=20000, coeff=13, trial=9, GT MIS=10000, Greedy MIS=9744, |S|=20000, Oracle MIS=9744, Improvement=0
n=20000, coeff=13, trial=9, GT MIS=10000, Greedy MIS=9744, |S|=19993, Oracle MIS=9738, Improvement=-6
n=20000, coeff=13, trial=9, GT MIS=10000, Greedy MIS=9744, |S|=19726, Oracle MIS=9930, Improvement=186
n=20000, coeff=13, trial=9, GT MIS=10000, Greedy MIS=9744, |S|=17820, Oracle MIS=10000, Improvement=256
n=20000, coeff=13, trial=9, GT MIS=10000, Greedy MIS=9744, |S|=14152, Oracle MIS=10000, Improvement=256
n=20000, coeff=13, trial=9, GT MIS=10000, Greedy MIS=9744, |S|=11034, Oracle MIS=10000, Improvement=256
n=20000, coeff=13, trial=9, GT MIS=10000, Greedy MIS=9744, |S|=10124, Oracle MIS=10000, Improvement=256
n=20000, coeff=13, trial=9, GT MIS=10000, Greedy MIS=9744, |S|=10007, Oracle MIS=10000, Improvement=256
n=20000, coeff=14, trial=0, GT MIS=10000, Greedy MIS=9919, |S|=20000, Oracle MIS=9919, Improvement=0
n=20000, coeff=14, trial=0, GT MIS=10000, Greedy MIS=9919, |S|=20000, Oracle MIS=9919, Improvement=0
n=20000, coeff=14, trial=0, GT MIS=10000, Greedy MIS=9919, |S|=20000, Oracle MIS=9919, Improvement=0
n=20000, coeff=14, trial=0, GT MIS=10000, Greedy MIS=9919, |S|=19990, Oracle MIS=9909, Improvement=-10
n=20000, coeff=14, trial=0, GT MIS=10000, Greedy MIS=9919, |S|=19717, Oracle MIS=9959, Improvement=40
n=20000, coeff=14, trial=0, GT MIS=10000, Greedy MIS=9919, |S|=17805, Oracle MIS=10000, Improvement=81
n=20000, coeff=14, trial=0, GT MIS=10000, Greedy MIS=9919, |S|=13844, Oracle MIS=10000, Improvement=81
n=20000, coeff=14, trial=0, GT MIS=10000, Greedy MIS=9919, |S|=10811, Oracle MIS=10000, Improvement=81
n=20000, coeff=14, trial=0, GT MIS=10000, Greedy MIS=9919, |S|=10067, Oracle MIS=10000, Improvement=81
n=20000, coeff=14, trial=0, GT MIS=10000, Greedy MIS=9919, |S|=10004, Oracle MIS=10000, Improvement=81
n=20000, coeff=14, trial=1, GT MIS=10000, Greedy MIS=9757, |S|=20000, Oracle MIS=9757, Improvement=0
n=20000, coeff=14, trial=1, GT MIS=10000, Greedy MIS=9757, |S|=20000, Oracle MIS=9757, Improvement=0
n=20000, coeff=14, trial=1, GT MIS=10000, Greedy MIS=9757, |S|=20000, Oracle MIS=9757, Improvement=0
n=20000, coeff=14, trial=1, GT MIS=10000, Greedy MIS=9757, |S|=19975, Oracle MIS=9610, Improvement=-147
n=20000, coeff=14, trial=1, GT MIS=10000, Greedy MIS=9757, |S|=19555, Oracle MIS=9961, Improvement=204
n=20000, coeff=14, trial=1, GT MIS=10000, Greedy MIS=9757, |S|=17179, Oracle MIS=10000, Improvement=243
n=20000, coeff=14, trial=1, GT MIS=10000, Greedy MIS=9757, |S|=13193, Oracle MIS=10000, Improvement=243
n=20000, coeff=14, trial=1, GT MIS=10000, Greedy MIS=9757, |S|=10654, Oracle MIS=10000, Improvement=243
n=20000, coeff=14, trial=1, GT MIS=10000, Greedy MIS=9757, |S|=10060, Oracle MIS=10000, Improvement=243
n=20000, coeff=14, trial=1, GT MIS=10000, Greedy MIS=9757, |S|=10002, Oracle MIS=10000, Improvement=243
n=20000, coeff=14, trial=2, GT MIS=10000, Greedy MIS=9876, |S|=20000, Oracle MIS=9876, Improvement=0
n=20000, coeff=14, trial=2, GT MIS=10000, Greedy MIS=9876, |S|=20000, Oracle MIS=9876, Improvement=0
n=20000, coeff=14, trial=2, GT MIS=10000, Greedy MIS=9876, |S|=20000, Oracle MIS=9876, Improvement=0
n=20000, coeff=14, trial=2, GT MIS=10000, Greedy MIS=9876, |S|=19989, Oracle MIS=9876, Improvement=0
n=20000, coeff=14, trial=2, GT MIS=10000, Greedy MIS=9876, |S|=19640, Oracle MIS=10000, Improvement=124
n=20000, coeff=14, trial=2, GT MIS=10000, Greedy MIS=9876, |S|=17453, Oracle MIS=10000, Improvement=124
n=20000, coeff=14, trial=2, GT MIS=10000, Greedy MIS=9876, |S|=13269, Oracle MIS=10000, Improvement=124
n=20000, coeff=14, trial=2, GT MIS=10000, Greedy MIS=9876, |S|=10682, Oracle MIS=10000, Improvement=124
n=20000, coeff=14, trial=2, GT MIS=10000, Greedy MIS=9876, |S|=10058, Oracle MIS=10000, Improvement=124
n=20000, coeff=14, trial=2, GT MIS=10000, Greedy MIS=9876, |S|=10003, Oracle MIS=10000, Improvement=124
n=20000, coeff=14, trial=3, GT MIS=10000, Greedy MIS=9916, |S|=20000, Oracle MIS=9916, Improvement=0
n=20000, coeff=14, trial=3, GT MIS=10000, Greedy MIS=9916, |S|=20000, Oracle MIS=9916, Improvement=0
n=20000, coeff=14, trial=3, GT MIS=10000, Greedy MIS=9916, |S|=20000, Oracle MIS=9916, Improvement=0
n=20000, coeff=14, trial=3, GT MIS=10000, Greedy MIS=9916, |S|=19983, Oracle MIS=9916, Improvement=0
n=20000, coeff=14, trial=3, GT MIS=10000, Greedy MIS=9916, |S|=19613, Oracle MIS=10000, Improvement=84
n=20000, coeff=14, trial=3, GT MIS=10000, Greedy MIS=9916, |S|=17536, Oracle MIS=10000, Improvement=84
n=20000, coeff=14, trial=3, GT MIS=10000, Greedy MIS=9916, |S|=13529, Oracle MIS=10000, Improvement=84
n=20000, coeff=14, trial=3, GT MIS=10000, Greedy MIS=9916, |S|=10729, Oracle MIS=10000, Improvement=84
n=20000, coeff=14, trial=3, GT MIS=10000, Greedy MIS=9916, |S|=10055, Oracle MIS=10000, Improvement=84
n=20000, coeff=14, trial=3, GT MIS=10000, Greedy MIS=9916, |S|=10001, Oracle MIS=10000, Improvement=84
n=20000, coeff=14, trial=4, GT MIS=10000, Greedy MIS=9920, |S|=20000, Oracle MIS=9920, Improvement=0
n=20000, coeff=14, trial=4, GT MIS=10000, Greedy MIS=9920, |S|=20000, Oracle MIS=9920, Improvement=0
n=20000, coeff=14, trial=4, GT MIS=10000, Greedy MIS=9920, |S|=20000, Oracle MIS=9920, Improvement=0
n=20000, coeff=14, trial=4, GT MIS=10000, Greedy MIS=9920, |S|=19981, Oracle MIS=9920, Improvement=0
n=20000, coeff=14, trial=4, GT MIS=10000, Greedy MIS=9920, |S|=19623, Oracle MIS=9961, Improvement=41
n=20000, coeff=14, trial=4, GT MIS=10000, Greedy MIS=9920, |S|=17470, Oracle MIS=10000, Improvement=80
n=20000, coeff=14, trial=4, GT MIS=10000, Greedy MIS=9920, |S|=13336, Oracle MIS=10000, Improvement=80
n=20000, coeff=14, trial=4, GT MIS=10000, Greedy MIS=9920, |S|=10698, Oracle MIS=10000, Improvement=80
n=20000, coeff=14, trial=4, GT MIS=10000, Greedy MIS=9920, |S|=10072, Oracle MIS=10000, Improvement=80
n=20000, coeff=14, trial=4, GT MIS=10000, Greedy MIS=9920, |S|=10001, Oracle MIS=9999, Improvement=79
n=20000, coeff=14, trial=5, GT MIS=10000, Greedy MIS=9790, |S|=20000, Oracle MIS=9790, Improvement=0
n=20000, coeff=14, trial=5, GT MIS=10000, Greedy MIS=9790, |S|=20000, Oracle MIS=9790, Improvement=0
n=20000, coeff=14, trial=5, GT MIS=10000, Greedy MIS=9790, |S|=20000, Oracle MIS=9790, Improvement=0
n=20000, coeff=14, trial=5, GT MIS=10000, Greedy MIS=9790, |S|=19988, Oracle MIS=9790, Improvement=0
n=20000, coeff=14, trial=5, GT MIS=10000, Greedy MIS=9790, |S|=19624, Oracle MIS=9959, Improvement=169
n=20000, coeff=14, trial=5, GT MIS=10000, Greedy MIS=9790, |S|=17457, Oracle MIS=10000, Improvement=210
n=20000, coeff=14, trial=5, GT MIS=10000, Greedy MIS=9790, |S|=13286, Oracle MIS=10000, Improvement=210
n=20000, coeff=14, trial=5, GT MIS=10000, Greedy MIS=9790, |S|=10681, Oracle MIS=10000, Improvement=210
n=20000, coeff=14, trial=5, GT MIS=10000, Greedy MIS=9790, |S|=10054, Oracle MIS=10000, Improvement=210
n=20000, coeff=14, trial=5, GT MIS=10000, Greedy MIS=9790, |S|=10000, Oracle MIS=10000, Improvement=210
n=20000, coeff=14, trial=6, GT MIS=10000, Greedy MIS=9918, |S|=20000, Oracle MIS=9918, Improvement=0
n=20000, coeff=14, trial=6, GT MIS=10000, Greedy MIS=9918, |S|=20000, Oracle MIS=9918, Improvement=0
n=20000, coeff=14, trial=6, GT MIS=10000, Greedy MIS=9918, |S|=20000, Oracle MIS=9918, Improvement=0
n=20000, coeff=14, trial=6, GT MIS=10000, Greedy MIS=9918, |S|=19980, Oracle MIS=9898, Improvement=-20
n=20000, coeff=14, trial=6, GT MIS=10000, Greedy MIS=9918, |S|=19645, Oracle MIS=9843, Improvement=-75
n=20000, coeff=14, trial=6, GT MIS=10000, Greedy MIS=9918, |S|=17575, Oracle MIS=10000, Improvement=82
n=20000, coeff=14, trial=6, GT MIS=10000, Greedy MIS=9918, |S|=13531, Oracle MIS=10000, Improvement=82
n=20000, coeff=14, trial=6, GT MIS=10000, Greedy MIS=9918, |S|=10782, Oracle MIS=10000, Improvement=82
n=20000, coeff=14, trial=6, GT MIS=10000, Greedy MIS=9918, |S|=10074, Oracle MIS=10000, Improvement=82
n=20000, coeff=14, trial=6, GT MIS=10000, Greedy MIS=9918, |S|=10002, Oracle MIS=10000, Improvement=82
n=20000, coeff=14, trial=7, GT MIS=10000, Greedy MIS=10000, |S|=20000, Oracle MIS=10000, Improvement=0
n=20000, coeff=14, trial=7, GT MIS=10000, Greedy MIS=10000, |S|=20000, Oracle MIS=10000, Improvement=0
n=20000, coeff=14, trial=7, GT MIS=10000, Greedy MIS=10000, |S|=20000, Oracle MIS=10000, Improvement=0
n=20000, coeff=14, trial=7, GT MIS=10000, Greedy MIS=10000, |S|=19980, Oracle MIS=9980, Improvement=-20
n=20000, coeff=14, trial=7, GT MIS=10000, Greedy MIS=10000, |S|=19541, Oracle MIS=9923, Improvement=-77
n=20000, coeff=14, trial=7, GT MIS=10000, Greedy MIS=10000, |S|=17195, Oracle MIS=10000, Improvement=0
n=20000, coeff=14, trial=7, GT MIS=10000, Greedy MIS=10000, |S|=13191, Oracle MIS=10000, Improvement=0
n=20000, coeff=14, trial=7, GT MIS=10000, Greedy MIS=10000, |S|=10593, Oracle MIS=10000, Improvement=0
n=20000, coeff=14, trial=7, GT MIS=10000, Greedy MIS=10000, |S|=10052, Oracle MIS=10000, Improvement=0
n=20000, coeff=14, trial=7, GT MIS=10000, Greedy MIS=10000, |S|=10001, Oracle MIS=10000, Improvement=0
n=20000, coeff=14, trial=8, GT MIS=10000, Greedy MIS=9879, |S|=20000, Oracle MIS=9879, Improvement=0
n=20000, coeff=14, trial=8, GT MIS=10000, Greedy MIS=9879, |S|=20000, Oracle MIS=9879, Improvement=0
n=20000, coeff=14, trial=8, GT MIS=10000, Greedy MIS=9879, |S|=20000, Oracle MIS=9879, Improvement=0
n=20000, coeff=14, trial=8, GT MIS=10000, Greedy MIS=9879, |S|=19993, Oracle MIS=9872, Improvement=-7
n=20000, coeff=14, trial=8, GT MIS=10000, Greedy MIS=9879, |S|=19740, Oracle MIS=9921, Improvement=42
n=20000, coeff=14, trial=8, GT MIS=10000, Greedy MIS=9879, |S|=17774, Oracle MIS=10000, Improvement=121
n=20000, coeff=14, trial=8, GT MIS=10000, Greedy MIS=9879, |S|=13714, Oracle MIS=10000, Improvement=121
n=20000, coeff=14, trial=8, GT MIS=10000, Greedy MIS=9879, |S|=10823, Oracle MIS=10000, Improvement=121
n=20000, coeff=14, trial=8, GT MIS=10000, Greedy MIS=9879, |S|=10091, Oracle MIS=10000, Improvement=121
n=20000, coeff=14, trial=8, GT MIS=10000, Greedy MIS=9879, |S|=10009, Oracle MIS=10000, Improvement=121
n=20000, coeff=14, trial=9, GT MIS=10000, Greedy MIS=9676, |S|=20000, Oracle MIS=9676, Improvement=0
n=20000, coeff=14, trial=9, GT MIS=10000, Greedy MIS=9676, |S|=20000, Oracle MIS=9676, Improvement=0
n=20000, coeff=14, trial=9, GT MIS=10000, Greedy MIS=9676, |S|=20000, Oracle MIS=9676, Improvement=0
n=20000, coeff=14, trial=9, GT MIS=10000, Greedy MIS=9676, |S|=19990, Oracle MIS=9713, Improvement=37
n=20000, coeff=14, trial=9, GT MIS=10000, Greedy MIS=9676, |S|=19626, Oracle MIS=9755, Improvement=79
n=20000, coeff=14, trial=9, GT MIS=10000, Greedy MIS=9676, |S|=17450, Oracle MIS=10000, Improvement=324
n=20000, coeff=14, trial=9, GT MIS=10000, Greedy MIS=9676, |S|=13683, Oracle MIS=10000, Improvement=324
n=20000, coeff=14, trial=9, GT MIS=10000, Greedy MIS=9676, |S|=10750, Oracle MIS=10000, Improvement=324
n=20000, coeff=14, trial=9, GT MIS=10000, Greedy MIS=9676, |S|=10065, Oracle MIS=10000, Improvement=324
n=20000, coeff=14, trial=9, GT MIS=10000, Greedy MIS=9676, |S|=10003, Oracle MIS=10000, Improvement=324
n=20000, coeff=15, trial=0, GT MIS=10000, Greedy MIS=9863, |S|=20000, Oracle MIS=9863, Improvement=0
n=20000, coeff=15, trial=0, GT MIS=10000, Greedy MIS=9863, |S|=20000, Oracle MIS=9863, Improvement=0
n=20000, coeff=15, trial=0, GT MIS=10000, Greedy MIS=9863, |S|=20000, Oracle MIS=9863, Improvement=0
n=20000, coeff=15, trial=0, GT MIS=10000, Greedy MIS=9863, |S|=19986, Oracle MIS=9863, Improvement=0
n=20000, coeff=15, trial=0, GT MIS=10000, Greedy MIS=9863, |S|=19648, Oracle MIS=10000, Improvement=137
n=20000, coeff=15, trial=0, GT MIS=10000, Greedy MIS=9863, |S|=17455, Oracle MIS=10000, Improvement=137
n=20000, coeff=15, trial=0, GT MIS=10000, Greedy MIS=9863, |S|=13277, Oracle MIS=10000, Improvement=137
n=20000, coeff=15, trial=0, GT MIS=10000, Greedy MIS=9863, |S|=10588, Oracle MIS=10000, Improvement=137
n=20000, coeff=15, trial=0, GT MIS=10000, Greedy MIS=9863, |S|=10043, Oracle MIS=10000, Improvement=137
n=20000, coeff=15, trial=0, GT MIS=10000, Greedy MIS=9863, |S|=10000, Oracle MIS=10000, Improvement=137
n=20000, coeff=15, trial=1, GT MIS=10000, Greedy MIS=10000, |S|=20000, Oracle MIS=10000, Improvement=0
n=20000, coeff=15, trial=1, GT MIS=10000, Greedy MIS=10000, |S|=20000, Oracle MIS=10000, Improvement=0
n=20000, coeff=15, trial=1, GT MIS=10000, Greedy MIS=10000, |S|=19999, Oracle MIS=9999, Improvement=-1
n=20000, coeff=15, trial=1, GT MIS=10000, Greedy MIS=10000, |S|=19967, Oracle MIS=9967, Improvement=-33
n=20000, coeff=15, trial=1, GT MIS=10000, Greedy MIS=10000, |S|=19462, Oracle MIS=9959, Improvement=-41
n=20000, coeff=15, trial=1, GT MIS=10000, Greedy MIS=10000, |S|=16785, Oracle MIS=10000, Improvement=0
n=20000, coeff=15, trial=1, GT MIS=10000, Greedy MIS=10000, |S|=12644, Oracle MIS=10000, Improvement=0
n=20000, coeff=15, trial=1, GT MIS=10000, Greedy MIS=10000, |S|=10450, Oracle MIS=9999, Improvement=-1
n=20000, coeff=15, trial=1, GT MIS=10000, Greedy MIS=10000, |S|=10035, Oracle MIS=10000, Improvement=0
n=20000, coeff=15, trial=1, GT MIS=10000, Greedy MIS=10000, |S|=10001, Oracle MIS=10000, Improvement=0
n=20000, coeff=15, trial=2, GT MIS=10000, Greedy MIS=9910, |S|=20000, Oracle MIS=9910, Improvement=0
n=20000, coeff=15, trial=2, GT MIS=10000, Greedy MIS=9910, |S|=20000, Oracle MIS=9910, Improvement=0
n=20000, coeff=15, trial=2, GT MIS=10000, Greedy MIS=9910, |S|=20000, Oracle MIS=9910, Improvement=0
n=20000, coeff=15, trial=2, GT MIS=10000, Greedy MIS=9910, |S|=19985, Oracle MIS=9910, Improvement=0
n=20000, coeff=15, trial=2, GT MIS=10000, Greedy MIS=9910, |S|=19575, Oracle MIS=10000, Improvement=90
n=20000, coeff=15, trial=2, GT MIS=10000, Greedy MIS=9910, |S|=17061, Oracle MIS=10000, Improvement=90
n=20000, coeff=15, trial=2, GT MIS=10000, Greedy MIS=9910, |S|=12755, Oracle MIS=10000, Improvement=90
n=20000, coeff=15, trial=2, GT MIS=10000, Greedy MIS=9910, |S|=10487, Oracle MIS=10000, Improvement=90
n=20000, coeff=15, trial=2, GT MIS=10000, Greedy MIS=9910, |S|=10042, Oracle MIS=10000, Improvement=90
n=20000, coeff=15, trial=2, GT MIS=10000, Greedy MIS=9910, |S|=10001, Oracle MIS=10000, Improvement=90
n=20000, coeff=15, trial=3, GT MIS=10000, Greedy MIS=9866, |S|=20000, Oracle MIS=9866, Improvement=0
n=20000, coeff=15, trial=3, GT MIS=10000, Greedy MIS=9866, |S|=20000, Oracle MIS=9866, Improvement=0
n=20000, coeff=15, trial=3, GT MIS=10000, Greedy MIS=9866, |S|=20000, Oracle MIS=9866, Improvement=0
n=20000, coeff=15, trial=3, GT MIS=10000, Greedy MIS=9866, |S|=19975, Oracle MIS=9841, Improvement=-25
n=20000, coeff=15, trial=3, GT MIS=10000, Greedy MIS=9866, |S|=19555, Oracle MIS=10000, Improvement=134
n=20000, coeff=15, trial=3, GT MIS=10000, Greedy MIS=9866, |S|=17125, Oracle MIS=10000, Improvement=134
n=20000, coeff=15, trial=3, GT MIS=10000, Greedy MIS=9866, |S|=12973, Oracle MIS=10000, Improvement=134
n=20000, coeff=15, trial=3, GT MIS=10000, Greedy MIS=9866, |S|=10526, Oracle MIS=10000, Improvement=134
n=20000, coeff=15, trial=3, GT MIS=10000, Greedy MIS=9866, |S|=10038, Oracle MIS=10000, Improvement=134
n=20000, coeff=15, trial=3, GT MIS=10000, Greedy MIS=9866, |S|=10001, Oracle MIS=10000, Improvement=134
n=20000, coeff=15, trial=4, GT MIS=10000, Greedy MIS=9955, |S|=20000, Oracle MIS=9955, Improvement=0
n=20000, coeff=15, trial=4, GT MIS=10000, Greedy MIS=9955, |S|=20000, Oracle MIS=9955, Improvement=0
n=20000, coeff=15, trial=4, GT MIS=10000, Greedy MIS=9955, |S|=20000, Oracle MIS=9955, Improvement=0
n=20000, coeff=15, trial=4, GT MIS=10000, Greedy MIS=9955, |S|=19986, Oracle MIS=9955, Improvement=0
n=20000, coeff=15, trial=4, GT MIS=10000, Greedy MIS=9955, |S|=19564, Oracle MIS=10000, Improvement=45
n=20000, coeff=15, trial=4, GT MIS=10000, Greedy MIS=9955, |S|=17090, Oracle MIS=10000, Improvement=45
n=20000, coeff=15, trial=4, GT MIS=10000, Greedy MIS=9955, |S|=12771, Oracle MIS=10000, Improvement=45
n=20000, coeff=15, trial=4, GT MIS=10000, Greedy MIS=9955, |S|=10519, Oracle MIS=10000, Improvement=45
n=20000, coeff=15, trial=4, GT MIS=10000, Greedy MIS=9955, |S|=10044, Oracle MIS=10000, Improvement=45
n=20000, coeff=15, trial=4, GT MIS=10000, Greedy MIS=9955, |S|=9999, Oracle MIS=9999, Improvement=44
n=20000, coeff=15, trial=5, GT MIS=10000, Greedy MIS=9822, |S|=20000, Oracle MIS=9822, Improvement=0
n=20000, coeff=15, trial=5, GT MIS=10000, Greedy MIS=9822, |S|=20000, Oracle MIS=9822, Improvement=0
n=20000, coeff=15, trial=5, GT MIS=10000, Greedy MIS=9822, |S|=20000, Oracle MIS=9822, Improvement=0
n=20000, coeff=15, trial=5, GT MIS=10000, Greedy MIS=9822, |S|=19987, Oracle MIS=9809, Improvement=-13
n=20000, coeff=15, trial=5, GT MIS=10000, Greedy MIS=9822, |S|=19569, Oracle MIS=10000, Improvement=178
n=20000, coeff=15, trial=5, GT MIS=10000, Greedy MIS=9822, |S|=17083, Oracle MIS=10000, Improvement=178
n=20000, coeff=15, trial=5, GT MIS=10000, Greedy MIS=9822, |S|=12744, Oracle MIS=10000, Improvement=178
n=20000, coeff=15, trial=5, GT MIS=10000, Greedy MIS=9822, |S|=10474, Oracle MIS=10000, Improvement=178
n=20000, coeff=15, trial=5, GT MIS=10000, Greedy MIS=9822, |S|=10023, Oracle MIS=10000, Improvement=178
n=20000, coeff=15, trial=5, GT MIS=10000, Greedy MIS=9822, |S|=10000, Oracle MIS=10000, Improvement=178
n=20000, coeff=15, trial=6, GT MIS=10000, Greedy MIS=10000, |S|=20000, Oracle MIS=10000, Improvement=0
n=20000, coeff=15, trial=6, GT MIS=10000, Greedy MIS=10000, |S|=20000, Oracle MIS=10000, Improvement=0
n=20000, coeff=15, trial=6, GT MIS=10000, Greedy MIS=10000, |S|=20000, Oracle MIS=10000, Improvement=0
n=20000, coeff=15, trial=6, GT MIS=10000, Greedy MIS=10000, |S|=19975, Oracle MIS=9705, Improvement=-295
n=20000, coeff=15, trial=6, GT MIS=10000, Greedy MIS=10000, |S|=19592, Oracle MIS=9877, Improvement=-123
n=20000, coeff=15, trial=6, GT MIS=10000, Greedy MIS=10000, |S|=17250, Oracle MIS=10000, Improvement=0
n=20000, coeff=15, trial=6, GT MIS=10000, Greedy MIS=10000, |S|=12998, Oracle MIS=10000, Improvement=0
n=20000, coeff=15, trial=6, GT MIS=10000, Greedy MIS=10000, |S|=10542, Oracle MIS=10000, Improvement=0
n=20000, coeff=15, trial=6, GT MIS=10000, Greedy MIS=10000, |S|=10049, Oracle MIS=10000, Improvement=0
n=20000, coeff=15, trial=6, GT MIS=10000, Greedy MIS=10000, |S|=10002, Oracle MIS=10000, Improvement=0
n=20000, coeff=15, trial=7, GT MIS=10000, Greedy MIS=9776, |S|=20000, Oracle MIS=9776, Improvement=0
n=20000, coeff=15, trial=7, GT MIS=10000, Greedy MIS=9776, |S|=20000, Oracle MIS=9776, Improvement=0
n=20000, coeff=15, trial=7, GT MIS=10000, Greedy MIS=9776, |S|=20000, Oracle MIS=9776, Improvement=0
n=20000, coeff=15, trial=7, GT MIS=10000, Greedy MIS=9776, |S|=19977, Oracle MIS=9753, Improvement=-23
n=20000, coeff=15, trial=7, GT MIS=10000, Greedy MIS=9776, |S|=19425, Oracle MIS=10000, Improvement=224
n=20000, coeff=15, trial=7, GT MIS=10000, Greedy MIS=9776, |S|=16796, Oracle MIS=10000, Improvement=224
n=20000, coeff=15, trial=7, GT MIS=10000, Greedy MIS=9776, |S|=12653, Oracle MIS=10000, Improvement=224
n=20000, coeff=15, trial=7, GT MIS=10000, Greedy MIS=9776, |S|=10425, Oracle MIS=10000, Improvement=224
n=20000, coeff=15, trial=7, GT MIS=10000, Greedy MIS=9776, |S|=10025, Oracle MIS=10000, Improvement=224
n=20000, coeff=15, trial=7, GT MIS=10000, Greedy MIS=9776, |S|=10001, Oracle MIS=10000, Improvement=224
n=20000, coeff=15, trial=8, GT MIS=10000, Greedy MIS=9915, |S|=20000, Oracle MIS=9915, Improvement=0
n=20000, coeff=15, trial=8, GT MIS=10000, Greedy MIS=9915, |S|=20000, Oracle MIS=9915, Improvement=0
n=20000, coeff=15, trial=8, GT MIS=10000, Greedy MIS=9915, |S|=20000, Oracle MIS=9915, Improvement=0
n=20000, coeff=15, trial=8, GT MIS=10000, Greedy MIS=9915, |S|=19989, Oracle MIS=9904, Improvement=-11
n=20000, coeff=15, trial=8, GT MIS=10000, Greedy MIS=9915, |S|=19704, Oracle MIS=9781, Improvement=-134
n=20000, coeff=15, trial=8, GT MIS=10000, Greedy MIS=9915, |S|=17396, Oracle MIS=10000, Improvement=85
n=20000, coeff=15, trial=8, GT MIS=10000, Greedy MIS=9915, |S|=13152, Oracle MIS=10000, Improvement=85
n=20000, coeff=15, trial=8, GT MIS=10000, Greedy MIS=9915, |S|=10602, Oracle MIS=10000, Improvement=85
n=20000, coeff=15, trial=8, GT MIS=10000, Greedy MIS=9915, |S|=10056, Oracle MIS=10000, Improvement=85
n=20000, coeff=15, trial=8, GT MIS=10000, Greedy MIS=9915, |S|=10007, Oracle MIS=10000, Improvement=85
n=20000, coeff=15, trial=9, GT MIS=10000, Greedy MIS=9830, |S|=20000, Oracle MIS=9830, Improvement=0
n=20000, coeff=15, trial=9, GT MIS=10000, Greedy MIS=9830, |S|=20000, Oracle MIS=9830, Improvement=0
n=20000, coeff=15, trial=9, GT MIS=10000, Greedy MIS=9830, |S|=20000, Oracle MIS=9830, Improvement=0
n=20000, coeff=15, trial=9, GT MIS=10000, Greedy MIS=9830, |S|=19991, Oracle MIS=9821, Improvement=-9
n=20000, coeff=15, trial=9, GT MIS=10000, Greedy MIS=9830, |S|=19602, Oracle MIS=9916, Improvement=86
n=20000, coeff=15, trial=9, GT MIS=10000, Greedy MIS=9830, |S|=17041, Oracle MIS=10000, Improvement=170
n=20000, coeff=15, trial=9, GT MIS=10000, Greedy MIS=9830, |S|=13140, Oracle MIS=10000, Improvement=170
n=20000, coeff=15, trial=9, GT MIS=10000, Greedy MIS=9830, |S|=10523, Oracle MIS=10000, Improvement=170
n=20000, coeff=15, trial=9, GT MIS=10000, Greedy MIS=9830, |S|=10038, Oracle MIS=10000, Improvement=170
n=20000, coeff=15, trial=9, GT MIS=10000, Greedy MIS=9830, |S|=10001, Oracle MIS=10000, Improvement=170
Results saved to bipartite_experiment_results_epislons_20000.csv
