Running job on compute-3-02
Requested resources:
  - CPUs: 12
  - GPUs: 
  - Memory: 18000
Skipping n=70000, coeff=7.0, trial=0, epsilon=0.025 as entry already exists.
Skipping n=70000, coeff=7.0, trial=0, epsilon=0.05 as entry already exists.
Skipping n=70000, coeff=7.0, trial=0, epsilon=0.075 as entry already exists.
Skipping n=70000, coeff=7.0, trial=0, epsilon=0.1 as entry already exists.
Skipping n=70000, coeff=7.0, trial=0, epsilon=0.125 as entry already exists.
Skipping n=70000, coeff=7.0, trial=0, epsilon=0.15 as entry already exists.
Skipping n=70000, coeff=7.0, trial=0, epsilon=0.175 as entry already exists.
Skipping n=70000, coeff=7.0, trial=0, epsilon=0.2 as entry already exists.
Skipping n=70000, coeff=7.0, trial=0, epsilon=0.225 as entry already exists.
Skipping n=70000, coeff=7.0, trial=0, epsilon=0.25 as entry already exists.
Skipping n=70000, coeff=7.0, trial=1, epsilon=0.025 as entry already exists.
Skipping n=70000, coeff=7.0, trial=1, epsilon=0.05 as entry already exists.
Skipping n=70000, coeff=7.0, trial=1, epsilon=0.075 as entry already exists.
Skipping n=70000, coeff=7.0, trial=1, epsilon=0.1 as entry already exists.
Skipping n=70000, coeff=7.0, trial=1, epsilon=0.125 as entry already exists.
Skipping n=70000, coeff=7.0, trial=1, epsilon=0.15 as entry already exists.
Skipping n=70000, coeff=7.0, trial=1, epsilon=0.175 as entry already exists.
Skipping n=70000, coeff=7.0, trial=1, epsilon=0.2 as entry already exists.
Skipping n=70000, coeff=7.0, trial=1, epsilon=0.225 as entry already exists.
Skipping n=70000, coeff=7.0, trial=1, epsilon=0.25 as entry already exists.
Skipping n=70000, coeff=7.0, trial=2, epsilon=0.025 as entry already exists.
Skipping n=70000, coeff=7.0, trial=2, epsilon=0.05 as entry already exists.
Skipping n=70000, coeff=7.0, trial=2, epsilon=0.075 as entry already exists.
Skipping n=70000, coeff=7.0, trial=2, epsilon=0.1 as entry already exists.
Skipping n=70000, coeff=7.0, trial=2, epsilon=0.125 as entry already exists.
Skipping n=70000, coeff=7.0, trial=2, epsilon=0.15 as entry already exists.
Skipping n=70000, coeff=7.0, trial=2, epsilon=0.175 as entry already exists.
Skipping n=70000, coeff=7.0, trial=2, epsilon=0.2 as entry already exists.
Skipping n=70000, coeff=7.0, trial=2, epsilon=0.225 as entry already exists.
Skipping n=70000, coeff=7.0, trial=2, epsilon=0.25 as entry already exists.
Skipping n=70000, coeff=7.0, trial=3, epsilon=0.025 as entry already exists.
Skipping n=70000, coeff=7.0, trial=3, epsilon=0.05 as entry already exists.
Skipping n=70000, coeff=7.0, trial=3, epsilon=0.075 as entry already exists.
Skipping n=70000, coeff=7.0, trial=3, epsilon=0.1 as entry already exists.
Skipping n=70000, coeff=7.0, trial=3, epsilon=0.125 as entry already exists.
Skipping n=70000, coeff=7.0, trial=3, epsilon=0.15 as entry already exists.
Skipping n=70000, coeff=7.0, trial=3, epsilon=0.175 as entry already exists.
Skipping n=70000, coeff=7.0, trial=3, epsilon=0.2 as entry already exists.
Skipping n=70000, coeff=7.0, trial=3, epsilon=0.225 as entry already exists.
Skipping n=70000, coeff=7.0, trial=3, epsilon=0.25 as entry already exists.
Skipping n=70000, coeff=7.0, trial=4, epsilon=0.025 as entry already exists.
Skipping n=70000, coeff=7.0, trial=4, epsilon=0.05 as entry already exists.
Skipping n=70000, coeff=7.0, trial=4, epsilon=0.075 as entry already exists.
Skipping n=70000, coeff=7.0, trial=4, epsilon=0.1 as entry already exists.
Skipping n=70000, coeff=7.0, trial=4, epsilon=0.125 as entry already exists.
Skipping n=70000, coeff=7.0, trial=4, epsilon=0.15 as entry already exists.
Skipping n=70000, coeff=7.0, trial=4, epsilon=0.175 as entry already exists.
Skipping n=70000, coeff=7.0, trial=4, epsilon=0.2 as entry already exists.
Skipping n=70000, coeff=7.0, trial=4, epsilon=0.225 as entry already exists.
Skipping n=70000, coeff=7.0, trial=4, epsilon=0.25 as entry already exists.
Skipping n=70000, coeff=7.0, trial=5, epsilon=0.025 as entry already exists.
Skipping n=70000, coeff=7.0, trial=5, epsilon=0.05 as entry already exists.
Skipping n=70000, coeff=7.0, trial=5, epsilon=0.075 as entry already exists.
Skipping n=70000, coeff=7.0, trial=5, epsilon=0.1 as entry already exists.
Skipping n=70000, coeff=7.0, trial=5, epsilon=0.125 as entry already exists.
Skipping n=70000, coeff=7.0, trial=5, epsilon=0.15 as entry already exists.
Skipping n=70000, coeff=7.0, trial=5, epsilon=0.175 as entry already exists.
Skipping n=70000, coeff=7.0, trial=5, epsilon=0.2 as entry already exists.
Skipping n=70000, coeff=7.0, trial=5, epsilon=0.225 as entry already exists.
Skipping n=70000, coeff=7.0, trial=5, epsilon=0.25 as entry already exists.
Skipping n=70000, coeff=7.0, trial=6, epsilon=0.025 as entry already exists.
Skipping n=70000, coeff=7.0, trial=6, epsilon=0.05 as entry already exists.
Skipping n=70000, coeff=7.0, trial=6, epsilon=0.075 as entry already exists.
Skipping n=70000, coeff=7.0, trial=6, epsilon=0.1 as entry already exists.
Skipping n=70000, coeff=7.0, trial=6, epsilon=0.125 as entry already exists.
Skipping n=70000, coeff=7.0, trial=6, epsilon=0.15 as entry already exists.
Skipping n=70000, coeff=7.0, trial=6, epsilon=0.175 as entry already exists.
Skipping n=70000, coeff=7.0, trial=6, epsilon=0.2 as entry already exists.
Skipping n=70000, coeff=7.0, trial=6, epsilon=0.225 as entry already exists.
Skipping n=70000, coeff=7.0, trial=6, epsilon=0.25 as entry already exists.
Skipping n=70000, coeff=7.0, trial=7, epsilon=0.025 as entry already exists.
Skipping n=70000, coeff=7.0, trial=7, epsilon=0.05 as entry already exists.
Skipping n=70000, coeff=7.0, trial=7, epsilon=0.075 as entry already exists.
Skipping n=70000, coeff=7.0, trial=7, epsilon=0.1 as entry already exists.
n=70000, coeff=7.0, trial=7, GT MIS=35000, Greedy MIS=34270, |S|=69625, Oracle MIS=33656, Improvement=-614
n=70000, coeff=7.0, trial=7, GT MIS=35000, Greedy MIS=34270, |S|=67105, Oracle MIS=34870, Improvement=600
n=70000, coeff=7.0, trial=7, GT MIS=35000, Greedy MIS=34270, |S|=59234, Oracle MIS=35000, Improvement=730
n=70000, coeff=7.0, trial=7, GT MIS=35000, Greedy MIS=34270, |S|=48098, Oracle MIS=35000, Improvement=730
n=70000, coeff=7.0, trial=7, GT MIS=35000, Greedy MIS=34270, |S|=39624, Oracle MIS=34999, Improvement=729
n=70000, coeff=7.0, trial=7, GT MIS=35000, Greedy MIS=34270, |S|=35933, Oracle MIS=34999, Improvement=729
n=70000, coeff=7.0, trial=8, GT MIS=35000, Greedy MIS=34459, |S|=70000, Oracle MIS=34459, Improvement=0
n=70000, coeff=7.0, trial=8, GT MIS=35000, Greedy MIS=34459, |S|=70000, Oracle MIS=34459, Improvement=0
n=70000, coeff=7.0, trial=8, GT MIS=35000, Greedy MIS=34459, |S|=70000, Oracle MIS=34459, Improvement=0
n=70000, coeff=7.0, trial=8, GT MIS=35000, Greedy MIS=34459, |S|=69979, Oracle MIS=34419, Improvement=-40
n=70000, coeff=7.0, trial=8, GT MIS=35000, Greedy MIS=34459, |S|=69694, Oracle MIS=33855, Improvement=-604
n=70000, coeff=7.0, trial=8, GT MIS=35000, Greedy MIS=34459, |S|=67535, Oracle MIS=34922, Improvement=463
n=70000, coeff=7.0, trial=8, GT MIS=35000, Greedy MIS=34459, |S|=60182, Oracle MIS=35000, Improvement=541
n=70000, coeff=7.0, trial=8, GT MIS=35000, Greedy MIS=34459, |S|=48884, Oracle MIS=35000, Improvement=541
n=70000, coeff=7.0, trial=8, GT MIS=35000, Greedy MIS=34459, |S|=39770, Oracle MIS=35000, Improvement=541
n=70000, coeff=7.0, trial=8, GT MIS=35000, Greedy MIS=34459, |S|=36027, Oracle MIS=34999, Improvement=540
n=70000, coeff=7.0, trial=9, GT MIS=35000, Greedy MIS=34145, |S|=70000, Oracle MIS=34145, Improvement=0
n=70000, coeff=7.0, trial=9, GT MIS=35000, Greedy MIS=34145, |S|=70000, Oracle MIS=34145, Improvement=0
n=70000, coeff=7.0, trial=9, GT MIS=35000, Greedy MIS=34145, |S|=69999, Oracle MIS=34144, Improvement=-1
n=70000, coeff=7.0, trial=9, GT MIS=35000, Greedy MIS=34145, |S|=69985, Oracle MIS=34112, Improvement=-33
n=70000, coeff=7.0, trial=9, GT MIS=35000, Greedy MIS=34145, |S|=69617, Oracle MIS=32828, Improvement=-1317
n=70000, coeff=7.0, trial=9, GT MIS=35000, Greedy MIS=34145, |S|=67286, Oracle MIS=34739, Improvement=594
n=70000, coeff=7.0, trial=9, GT MIS=35000, Greedy MIS=34145, |S|=59779, Oracle MIS=35000, Improvement=855
n=70000, coeff=7.0, trial=9, GT MIS=35000, Greedy MIS=34145, |S|=48482, Oracle MIS=35000, Improvement=855
n=70000, coeff=7.0, trial=9, GT MIS=35000, Greedy MIS=34145, |S|=39470, Oracle MIS=35000, Improvement=855
n=70000, coeff=7.0, trial=9, GT MIS=35000, Greedy MIS=34145, |S|=35856, Oracle MIS=34998, Improvement=853
Results saved to bipartite_experiment_results_epislons_70000.csv
