Running job on gpu-5-21
Requested resources:
  - CPUs: 32
  - GPUs: 
  - Memory: 24000
n=45000, coeff=2, trial=0, GT MIS=22500, Greedy MIS=22240, |S|=45000, Oracle MIS=22240, Improvement=0
n=45000, coeff=2, trial=0, GT MIS=22500, Greedy MIS=22240, |S|=44999, Oracle MIS=22239, Improvement=-1
n=45000, coeff=2, trial=0, GT MIS=22500, Greedy MIS=22240, |S|=44997, Oracle MIS=22237, Improvement=-3
n=45000, coeff=2, trial=0, GT MIS=22500, Greedy MIS=22240, |S|=44981, Oracle MIS=22217, Improvement=-23
n=45000, coeff=2, trial=0, GT MIS=22500, Greedy MIS=22240, |S|=44867, Oracle MIS=22091, Improvement=-149
n=45000, coeff=2, trial=0, GT MIS=22500, Greedy MIS=22240, |S|=44355, Oracle MIS=21489, Improvement=-751
n=45000, coeff=2, trial=0, GT MIS=22500, Greedy MIS=22240, |S|=43339, Oracle MIS=20046, Improvement=-2194
n=45000, coeff=2, trial=0, GT MIS=22500, Greedy MIS=22240, |S|=40830, Oracle MIS=22208, Improvement=-32
n=45000, coeff=2, trial=0, GT MIS=22500, Greedy MIS=22240, |S|=37527, Oracle MIS=22445, Improvement=205
n=45000, coeff=2, trial=0, GT MIS=22500, Greedy MIS=22240, |S|=33422, Oracle MIS=22472, Improvement=232
n=45000, coeff=2, trial=1, GT MIS=22503, Greedy MIS=22250, |S|=44999, Oracle MIS=22250, Improvement=0
n=45000, coeff=2, trial=1, GT MIS=22503, Greedy MIS=22250, |S|=44999, Oracle MIS=22250, Improvement=0
n=45000, coeff=2, trial=1, GT MIS=22503, Greedy MIS=22250, |S|=44999, Oracle MIS=22250, Improvement=0
n=45000, coeff=2, trial=1, GT MIS=22503, Greedy MIS=22250, |S|=44971, Oracle MIS=22250, Improvement=0
n=45000, coeff=2, trial=1, GT MIS=22503, Greedy MIS=22250, |S|=44859, Oracle MIS=22250, Improvement=0
n=45000, coeff=2, trial=1, GT MIS=22503, Greedy MIS=22250, |S|=44340, Oracle MIS=22250, Improvement=0
n=45000, coeff=2, trial=1, GT MIS=22503, Greedy MIS=22250, |S|=43248, Oracle MIS=22248, Improvement=-2
n=45000, coeff=2, trial=1, GT MIS=22503, Greedy MIS=22250, |S|=40624, Oracle MIS=22473, Improvement=223
n=45000, coeff=2, trial=1, GT MIS=22503, Greedy MIS=22250, |S|=37136, Oracle MIS=22488, Improvement=238
n=45000, coeff=2, trial=1, GT MIS=22503, Greedy MIS=22250, |S|=33096, Oracle MIS=22480, Improvement=230
n=45000, coeff=2, trial=2, GT MIS=22500, Greedy MIS=22193, |S|=45000, Oracle MIS=22193, Improvement=0
n=45000, coeff=2, trial=2, GT MIS=22500, Greedy MIS=22193, |S|=45000, Oracle MIS=22193, Improvement=0
n=45000, coeff=2, trial=2, GT MIS=22500, Greedy MIS=22193, |S|=45000, Oracle MIS=22193, Improvement=0
n=45000, coeff=2, trial=2, GT MIS=22500, Greedy MIS=22193, |S|=44984, Oracle MIS=22163, Improvement=-30
n=45000, coeff=2, trial=2, GT MIS=22500, Greedy MIS=22193, |S|=44876, Oracle MIS=22030, Improvement=-163
n=45000, coeff=2, trial=2, GT MIS=22500, Greedy MIS=22193, |S|=44381, Oracle MIS=21484, Improvement=-709
n=45000, coeff=2, trial=2, GT MIS=22500, Greedy MIS=22193, |S|=43364, Oracle MIS=19958, Improvement=-2235
n=45000, coeff=2, trial=2, GT MIS=22500, Greedy MIS=22193, |S|=40891, Oracle MIS=22176, Improvement=-17
n=45000, coeff=2, trial=2, GT MIS=22500, Greedy MIS=22193, |S|=37098, Oracle MIS=22452, Improvement=259
n=45000, coeff=2, trial=2, GT MIS=22500, Greedy MIS=22193, |S|=33470, Oracle MIS=22472, Improvement=279
n=45000, coeff=2, trial=3, GT MIS=22502, Greedy MIS=22221, |S|=45000, Oracle MIS=22221, Improvement=0
n=45000, coeff=2, trial=3, GT MIS=22502, Greedy MIS=22221, |S|=45000, Oracle MIS=22221, Improvement=0
n=45000, coeff=2, trial=3, GT MIS=22502, Greedy MIS=22221, |S|=44998, Oracle MIS=22220, Improvement=-1
n=45000, coeff=2, trial=3, GT MIS=22502, Greedy MIS=22221, |S|=44981, Oracle MIS=22204, Improvement=-17
n=45000, coeff=2, trial=3, GT MIS=22502, Greedy MIS=22221, |S|=44868, Oracle MIS=22076, Improvement=-145
n=45000, coeff=2, trial=3, GT MIS=22502, Greedy MIS=22221, |S|=44383, Oracle MIS=21485, Improvement=-736
n=45000, coeff=2, trial=3, GT MIS=22502, Greedy MIS=22221, |S|=43358, Oracle MIS=20084, Improvement=-2137
n=45000, coeff=2, trial=3, GT MIS=22502, Greedy MIS=22221, |S|=40803, Oracle MIS=22242, Improvement=21
n=45000, coeff=2, trial=3, GT MIS=22502, Greedy MIS=22221, |S|=37401, Oracle MIS=22461, Improvement=240
n=45000, coeff=2, trial=3, GT MIS=22502, Greedy MIS=22221, |S|=33187, Oracle MIS=22481, Improvement=260
n=45000, coeff=2, trial=4, GT MIS=22501, Greedy MIS=22225, |S|=45000, Oracle MIS=22225, Improvement=0
n=45000, coeff=2, trial=4, GT MIS=22501, Greedy MIS=22225, |S|=45000, Oracle MIS=22225, Improvement=0
n=45000, coeff=2, trial=4, GT MIS=22501, Greedy MIS=22225, |S|=44998, Oracle MIS=22223, Improvement=-2
n=45000, coeff=2, trial=4, GT MIS=22501, Greedy MIS=22225, |S|=44971, Oracle MIS=22188, Improvement=-37
n=45000, coeff=2, trial=4, GT MIS=22501, Greedy MIS=22225, |S|=44853, Oracle MIS=22059, Improvement=-166
n=45000, coeff=2, trial=4, GT MIS=22501, Greedy MIS=22225, |S|=44402, Oracle MIS=21534, Improvement=-691
n=45000, coeff=2, trial=4, GT MIS=22501, Greedy MIS=22225, |S|=43321, Oracle MIS=20000, Improvement=-2225
n=45000, coeff=2, trial=4, GT MIS=22501, Greedy MIS=22225, |S|=40909, Oracle MIS=22213, Improvement=-12
n=45000, coeff=2, trial=4, GT MIS=22501, Greedy MIS=22225, |S|=37392, Oracle MIS=22462, Improvement=237
n=45000, coeff=2, trial=4, GT MIS=22501, Greedy MIS=22225, |S|=33234, Oracle MIS=22484, Improvement=259
Results saved to bipartite_experiment_results_epislons_45000.csv
