Running job on compute-0-45
Requested resources:
  - CPUs: 12
  - GPUs: 
  - Memory: 18000
Skipping n=80000, coeff=5.0, trial=0, epsilon=0.025 as entry already exists.
Skipping n=80000, coeff=5.0, trial=0, epsilon=0.05 as entry already exists.
Skipping n=80000, coeff=5.0, trial=0, epsilon=0.075 as entry already exists.
Skipping n=80000, coeff=5.0, trial=0, epsilon=0.1 as entry already exists.
Skipping n=80000, coeff=5.0, trial=0, epsilon=0.125 as entry already exists.
Skipping n=80000, coeff=5.0, trial=0, epsilon=0.15 as entry already exists.
Skipping n=80000, coeff=5.0, trial=0, epsilon=0.175 as entry already exists.
Skipping n=80000, coeff=5.0, trial=0, epsilon=0.2 as entry already exists.
Skipping n=80000, coeff=5.0, trial=0, epsilon=0.225 as entry already exists.
Skipping n=80000, coeff=5.0, trial=0, epsilon=0.25 as entry already exists.
Skipping n=80000, coeff=5.0, trial=1, epsilon=0.025 as entry already exists.
Skipping n=80000, coeff=5.0, trial=1, epsilon=0.05 as entry already exists.
Skipping n=80000, coeff=5.0, trial=1, epsilon=0.075 as entry already exists.
Skipping n=80000, coeff=5.0, trial=1, epsilon=0.1 as entry already exists.
Skipping n=80000, coeff=5.0, trial=1, epsilon=0.125 as entry already exists.
Skipping n=80000, coeff=5.0, trial=1, epsilon=0.15 as entry already exists.
Skipping n=80000, coeff=5.0, trial=1, epsilon=0.175 as entry already exists.
Skipping n=80000, coeff=5.0, trial=1, epsilon=0.2 as entry already exists.
Skipping n=80000, coeff=5.0, trial=1, epsilon=0.225 as entry already exists.
Skipping n=80000, coeff=5.0, trial=1, epsilon=0.25 as entry already exists.
Skipping n=80000, coeff=5.0, trial=2, epsilon=0.025 as entry already exists.
Skipping n=80000, coeff=5.0, trial=2, epsilon=0.05 as entry already exists.
Skipping n=80000, coeff=5.0, trial=2, epsilon=0.075 as entry already exists.
Skipping n=80000, coeff=5.0, trial=2, epsilon=0.1 as entry already exists.
Skipping n=80000, coeff=5.0, trial=2, epsilon=0.125 as entry already exists.
Skipping n=80000, coeff=5.0, trial=2, epsilon=0.15 as entry already exists.
Skipping n=80000, coeff=5.0, trial=2, epsilon=0.175 as entry already exists.
Skipping n=80000, coeff=5.0, trial=2, epsilon=0.2 as entry already exists.
Skipping n=80000, coeff=5.0, trial=2, epsilon=0.225 as entry already exists.
Skipping n=80000, coeff=5.0, trial=2, epsilon=0.25 as entry already exists.
Skipping n=80000, coeff=5.0, trial=3, epsilon=0.025 as entry already exists.
Skipping n=80000, coeff=5.0, trial=3, epsilon=0.05 as entry already exists.
Skipping n=80000, coeff=5.0, trial=3, epsilon=0.075 as entry already exists.
Skipping n=80000, coeff=5.0, trial=3, epsilon=0.1 as entry already exists.
Skipping n=80000, coeff=5.0, trial=3, epsilon=0.125 as entry already exists.
Skipping n=80000, coeff=5.0, trial=3, epsilon=0.15 as entry already exists.
Skipping n=80000, coeff=5.0, trial=3, epsilon=0.175 as entry already exists.
Skipping n=80000, coeff=5.0, trial=3, epsilon=0.2 as entry already exists.
Skipping n=80000, coeff=5.0, trial=3, epsilon=0.225 as entry already exists.
Skipping n=80000, coeff=5.0, trial=3, epsilon=0.25 as entry already exists.
Skipping n=80000, coeff=5.0, trial=4, epsilon=0.025 as entry already exists.
Skipping n=80000, coeff=5.0, trial=4, epsilon=0.05 as entry already exists.
Skipping n=80000, coeff=5.0, trial=4, epsilon=0.075 as entry already exists.
Skipping n=80000, coeff=5.0, trial=4, epsilon=0.1 as entry already exists.
Skipping n=80000, coeff=5.0, trial=4, epsilon=0.125 as entry already exists.
Skipping n=80000, coeff=5.0, trial=4, epsilon=0.15 as entry already exists.
Skipping n=80000, coeff=5.0, trial=4, epsilon=0.175 as entry already exists.
Skipping n=80000, coeff=5.0, trial=4, epsilon=0.2 as entry already exists.
Skipping n=80000, coeff=5.0, trial=4, epsilon=0.225 as entry already exists.
Skipping n=80000, coeff=5.0, trial=4, epsilon=0.25 as entry already exists.
Skipping n=80000, coeff=5.0, trial=5, epsilon=0.025 as entry already exists.
Skipping n=80000, coeff=5.0, trial=5, epsilon=0.05 as entry already exists.
Skipping n=80000, coeff=5.0, trial=5, epsilon=0.075 as entry already exists.
Skipping n=80000, coeff=5.0, trial=5, epsilon=0.1 as entry already exists.
Skipping n=80000, coeff=5.0, trial=5, epsilon=0.125 as entry already exists.
Skipping n=80000, coeff=5.0, trial=5, epsilon=0.15 as entry already exists.
Skipping n=80000, coeff=5.0, trial=5, epsilon=0.175 as entry already exists.
Skipping n=80000, coeff=5.0, trial=5, epsilon=0.2 as entry already exists.
Skipping n=80000, coeff=5.0, trial=5, epsilon=0.225 as entry already exists.
Skipping n=80000, coeff=5.0, trial=5, epsilon=0.25 as entry already exists.
Skipping n=80000, coeff=5.0, trial=6, epsilon=0.025 as entry already exists.
Skipping n=80000, coeff=5.0, trial=6, epsilon=0.05 as entry already exists.
Skipping n=80000, coeff=5.0, trial=6, epsilon=0.075 as entry already exists.
Skipping n=80000, coeff=5.0, trial=6, epsilon=0.1 as entry already exists.
Skipping n=80000, coeff=5.0, trial=6, epsilon=0.125 as entry already exists.
Skipping n=80000, coeff=5.0, trial=6, epsilon=0.15 as entry already exists.
Skipping n=80000, coeff=5.0, trial=6, epsilon=0.175 as entry already exists.
Skipping n=80000, coeff=5.0, trial=6, epsilon=0.2 as entry already exists.
Skipping n=80000, coeff=5.0, trial=6, epsilon=0.225 as entry already exists.
Skipping n=80000, coeff=5.0, trial=6, epsilon=0.25 as entry already exists.
Skipping n=80000, coeff=5.0, trial=7, epsilon=0.025 as entry already exists.
Skipping n=80000, coeff=5.0, trial=7, epsilon=0.05 as entry already exists.
Skipping n=80000, coeff=5.0, trial=7, epsilon=0.075 as entry already exists.
n=80000, coeff=5.0, trial=7, GT MIS=40000, Greedy MIS=39305, |S|=79980, Oracle MIS=39261, Improvement=-44
n=80000, coeff=5.0, trial=7, GT MIS=40000, Greedy MIS=39305, |S|=79691, Oracle MIS=38792, Improvement=-513
n=80000, coeff=5.0, trial=7, GT MIS=40000, Greedy MIS=39305, |S|=77955, Oracle MIS=39274, Improvement=-31
n=80000, coeff=5.0, trial=7, GT MIS=40000, Greedy MIS=39305, |S|=72632, Oracle MIS=39974, Improvement=669
n=80000, coeff=5.0, trial=7, GT MIS=40000, Greedy MIS=39305, |S|=62380, Oracle MIS=40000, Improvement=695
n=80000, coeff=5.0, trial=7, GT MIS=40000, Greedy MIS=39305, |S|=51599, Oracle MIS=39998, Improvement=693
n=80000, coeff=5.0, trial=7, GT MIS=40000, Greedy MIS=39305, |S|=43949, Oracle MIS=39997, Improvement=692
n=80000, coeff=5.0, trial=8, GT MIS=40000, Greedy MIS=39474, |S|=80000, Oracle MIS=39474, Improvement=0
n=80000, coeff=5.0, trial=8, GT MIS=40000, Greedy MIS=39474, |S|=80000, Oracle MIS=39474, Improvement=0
n=80000, coeff=5.0, trial=8, GT MIS=40000, Greedy MIS=39474, |S|=79999, Oracle MIS=39473, Improvement=-1
n=80000, coeff=5.0, trial=8, GT MIS=40000, Greedy MIS=39474, |S|=79972, Oracle MIS=39410, Improvement=-64
n=80000, coeff=5.0, trial=8, GT MIS=40000, Greedy MIS=39474, |S|=79673, Oracle MIS=39000, Improvement=-474
n=80000, coeff=5.0, trial=8, GT MIS=40000, Greedy MIS=39474, |S|=78006, Oracle MIS=39369, Improvement=-105
n=80000, coeff=5.0, trial=8, GT MIS=40000, Greedy MIS=39474, |S|=72518, Oracle MIS=39956, Improvement=482
n=80000, coeff=5.0, trial=8, GT MIS=40000, Greedy MIS=39474, |S|=62276, Oracle MIS=40000, Improvement=526
n=80000, coeff=5.0, trial=8, GT MIS=40000, Greedy MIS=39474, |S|=51322, Oracle MIS=40000, Improvement=526
n=80000, coeff=5.0, trial=8, GT MIS=40000, Greedy MIS=39474, |S|=43917, Oracle MIS=39996, Improvement=522
n=80000, coeff=5.0, trial=9, GT MIS=40000, Greedy MIS=39205, |S|=80000, Oracle MIS=39205, Improvement=0
n=80000, coeff=5.0, trial=9, GT MIS=40000, Greedy MIS=39205, |S|=80000, Oracle MIS=39205, Improvement=0
n=80000, coeff=5.0, trial=9, GT MIS=40000, Greedy MIS=39205, |S|=79999, Oracle MIS=39204, Improvement=-1
n=80000, coeff=5.0, trial=9, GT MIS=40000, Greedy MIS=39205, |S|=79983, Oracle MIS=39188, Improvement=-17
n=80000, coeff=5.0, trial=9, GT MIS=40000, Greedy MIS=39205, |S|=79747, Oracle MIS=38836, Improvement=-369
n=80000, coeff=5.0, trial=9, GT MIS=40000, Greedy MIS=39205, |S|=78110, Oracle MIS=39302, Improvement=97
n=80000, coeff=5.0, trial=9, GT MIS=40000, Greedy MIS=39205, |S|=72772, Oracle MIS=39963, Improvement=758
n=80000, coeff=5.0, trial=9, GT MIS=40000, Greedy MIS=39205, |S|=62592, Oracle MIS=39999, Improvement=794
n=80000, coeff=5.0, trial=9, GT MIS=40000, Greedy MIS=39205, |S|=51560, Oracle MIS=39997, Improvement=792
n=80000, coeff=5.0, trial=9, GT MIS=40000, Greedy MIS=39205, |S|=44078, Oracle MIS=39993, Improvement=788
Results saved to bipartite_experiment_results_epislons_80000.csv
