Running job on compute-2-08
Requested resources:
  - CPUs: 18
  - GPUs: 
  - Memory: 18000
n=15000, coeff=1, trial=5, GT MIS=7565, Greedy MIS=7564, |S|=15000, Oracle MIS=7564, Improvement=0
n=15000, coeff=1, trial=5, GT MIS=7565, Greedy MIS=7564, |S|=14999, Oracle MIS=7563, Improvement=-1
n=15000, coeff=1, trial=5, GT MIS=7565, Greedy MIS=7564, |S|=14993, Oracle MIS=7557, Improvement=-7
n=15000, coeff=1, trial=5, GT MIS=7565, Greedy MIS=7564, |S|=14975, Oracle MIS=7542, Improvement=-22
n=15000, coeff=1, trial=5, GT MIS=7565, Greedy MIS=7564, |S|=14904, Oracle MIS=7476, Improvement=-88
n=15000, coeff=1, trial=5, GT MIS=7565, Greedy MIS=7564, |S|=14740, Oracle MIS=7336, Improvement=-228
n=15000, coeff=1, trial=5, GT MIS=7565, Greedy MIS=7564, |S|=14411, Oracle MIS=7067, Improvement=-497
n=15000, coeff=1, trial=5, GT MIS=7565, Greedy MIS=7564, |S|=13982, Oracle MIS=6715, Improvement=-849
n=15000, coeff=1, trial=5, GT MIS=7565, Greedy MIS=7564, |S|=13165, Oracle MIS=7544, Improvement=-20
n=15000, coeff=1, trial=5, GT MIS=7565, Greedy MIS=7564, |S|=12433, Oracle MIS=7536, Improvement=-28
n=15000, coeff=1, trial=6, GT MIS=7581, Greedy MIS=7581, |S|=15000, Oracle MIS=7581, Improvement=0
n=15000, coeff=1, trial=6, GT MIS=7581, Greedy MIS=7581, |S|=14999, Oracle MIS=7581, Improvement=0
n=15000, coeff=1, trial=6, GT MIS=7581, Greedy MIS=7581, |S|=14995, Oracle MIS=7581, Improvement=0
n=15000, coeff=1, trial=6, GT MIS=7581, Greedy MIS=7581, |S|=14962, Oracle MIS=7579, Improvement=-2
n=15000, coeff=1, trial=6, GT MIS=7581, Greedy MIS=7581, |S|=14921, Oracle MIS=7576, Improvement=-5
n=15000, coeff=1, trial=6, GT MIS=7581, Greedy MIS=7581, |S|=14731, Oracle MIS=7576, Improvement=-5
n=15000, coeff=1, trial=6, GT MIS=7581, Greedy MIS=7581, |S|=14524, Oracle MIS=7574, Improvement=-7
n=15000, coeff=1, trial=6, GT MIS=7581, Greedy MIS=7581, |S|=14052, Oracle MIS=7564, Improvement=-17
n=15000, coeff=1, trial=6, GT MIS=7581, Greedy MIS=7581, |S|=13309, Oracle MIS=7545, Improvement=-36
n=15000, coeff=1, trial=6, GT MIS=7581, Greedy MIS=7581, |S|=12096, Oracle MIS=7518, Improvement=-63
n=15000, coeff=1, trial=7, GT MIS=7575, Greedy MIS=7566, |S|=14999, Oracle MIS=7565, Improvement=-1
n=15000, coeff=1, trial=7, GT MIS=7575, Greedy MIS=7566, |S|=14998, Oracle MIS=7564, Improvement=-2
n=15000, coeff=1, trial=7, GT MIS=7575, Greedy MIS=7566, |S|=14992, Oracle MIS=7559, Improvement=-7
n=15000, coeff=1, trial=7, GT MIS=7575, Greedy MIS=7566, |S|=14961, Oracle MIS=7529, Improvement=-37
n=15000, coeff=1, trial=7, GT MIS=7575, Greedy MIS=7566, |S|=14896, Oracle MIS=7469, Improvement=-97
n=15000, coeff=1, trial=7, GT MIS=7575, Greedy MIS=7566, |S|=14644, Oracle MIS=7247, Improvement=-319
n=15000, coeff=1, trial=7, GT MIS=7575, Greedy MIS=7566, |S|=14366, Oracle MIS=7012, Improvement=-554
n=15000, coeff=1, trial=7, GT MIS=7575, Greedy MIS=7566, |S|=13818, Oracle MIS=6602, Improvement=-964
n=15000, coeff=1, trial=7, GT MIS=7575, Greedy MIS=7566, |S|=13033, Oracle MIS=7543, Improvement=-23
n=15000, coeff=1, trial=7, GT MIS=7575, Greedy MIS=7566, |S|=11697, Oracle MIS=7520, Improvement=-46
n=15000, coeff=1, trial=8, GT MIS=7565, Greedy MIS=7561, |S|=15000, Oracle MIS=7561, Improvement=0
n=15000, coeff=1, trial=8, GT MIS=7565, Greedy MIS=7561, |S|=14996, Oracle MIS=7557, Improvement=-4
n=15000, coeff=1, trial=8, GT MIS=7565, Greedy MIS=7561, |S|=14991, Oracle MIS=7553, Improvement=-8
n=15000, coeff=1, trial=8, GT MIS=7565, Greedy MIS=7561, |S|=14960, Oracle MIS=7525, Improvement=-36
n=15000, coeff=1, trial=8, GT MIS=7565, Greedy MIS=7561, |S|=14894, Oracle MIS=7462, Improvement=-99
n=15000, coeff=1, trial=8, GT MIS=7565, Greedy MIS=7561, |S|=14681, Oracle MIS=7264, Improvement=-297
n=15000, coeff=1, trial=8, GT MIS=7565, Greedy MIS=7561, |S|=14439, Oracle MIS=7053, Improvement=-508
n=15000, coeff=1, trial=8, GT MIS=7565, Greedy MIS=7561, |S|=13910, Oracle MIS=6657, Improvement=-904
n=15000, coeff=1, trial=8, GT MIS=7565, Greedy MIS=7561, |S|=13197, Oracle MIS=7520, Improvement=-41
n=15000, coeff=1, trial=8, GT MIS=7565, Greedy MIS=7561, |S|=11913, Oracle MIS=7486, Improvement=-75
n=15000, coeff=1, trial=9, GT MIS=7578, Greedy MIS=7578, |S|=15000, Oracle MIS=7578, Improvement=0
n=15000, coeff=1, trial=9, GT MIS=7578, Greedy MIS=7578, |S|=14995, Oracle MIS=7578, Improvement=0
n=15000, coeff=1, trial=9, GT MIS=7578, Greedy MIS=7578, |S|=14985, Oracle MIS=7578, Improvement=0
n=15000, coeff=1, trial=9, GT MIS=7578, Greedy MIS=7578, |S|=14955, Oracle MIS=7577, Improvement=-1
n=15000, coeff=1, trial=9, GT MIS=7578, Greedy MIS=7578, |S|=14910, Oracle MIS=7577, Improvement=-1
n=15000, coeff=1, trial=9, GT MIS=7578, Greedy MIS=7578, |S|=14708, Oracle MIS=7567, Improvement=-11
n=15000, coeff=1, trial=9, GT MIS=7578, Greedy MIS=7578, |S|=14472, Oracle MIS=7565, Improvement=-13
n=15000, coeff=1, trial=9, GT MIS=7578, Greedy MIS=7578, |S|=13992, Oracle MIS=7555, Improvement=-23
n=15000, coeff=1, trial=9, GT MIS=7578, Greedy MIS=7578, |S|=13285, Oracle MIS=7546, Improvement=-32
n=15000, coeff=1, trial=9, GT MIS=7578, Greedy MIS=7578, |S|=12025, Oracle MIS=7509, Improvement=-69
n=15000, coeff=2, trial=5, GT MIS=7501, Greedy MIS=7232, |S|=15000, Oracle MIS=7232, Improvement=0
n=15000, coeff=2, trial=5, GT MIS=7501, Greedy MIS=7232, |S|=15000, Oracle MIS=7232, Improvement=0
n=15000, coeff=2, trial=5, GT MIS=7501, Greedy MIS=7232, |S|=14999, Oracle MIS=7231, Improvement=-1
n=15000, coeff=2, trial=5, GT MIS=7501, Greedy MIS=7232, |S|=14991, Oracle MIS=7214, Improvement=-18
n=15000, coeff=2, trial=5, GT MIS=7501, Greedy MIS=7232, |S|=14967, Oracle MIS=7169, Improvement=-63
n=15000, coeff=2, trial=5, GT MIS=7501, Greedy MIS=7232, |S|=14810, Oracle MIS=6879, Improvement=-353
n=15000, coeff=2, trial=5, GT MIS=7501, Greedy MIS=7232, |S|=14391, Oracle MIS=7247, Improvement=15
n=15000, coeff=2, trial=5, GT MIS=7501, Greedy MIS=7232, |S|=13756, Oracle MIS=7263, Improvement=31
n=15000, coeff=2, trial=5, GT MIS=7501, Greedy MIS=7232, |S|=12617, Oracle MIS=7469, Improvement=237
n=15000, coeff=2, trial=5, GT MIS=7501, Greedy MIS=7232, |S|=11182, Oracle MIS=7487, Improvement=255
n=15000, coeff=2, trial=6, GT MIS=7501, Greedy MIS=7228, |S|=15000, Oracle MIS=7228, Improvement=0
n=15000, coeff=2, trial=6, GT MIS=7501, Greedy MIS=7228, |S|=15000, Oracle MIS=7228, Improvement=0
n=15000, coeff=2, trial=6, GT MIS=7501, Greedy MIS=7228, |S|=15000, Oracle MIS=7228, Improvement=0
n=15000, coeff=2, trial=6, GT MIS=7501, Greedy MIS=7228, |S|=14994, Oracle MIS=7228, Improvement=0
n=15000, coeff=2, trial=6, GT MIS=7501, Greedy MIS=7228, |S|=14950, Oracle MIS=7228, Improvement=0
n=15000, coeff=2, trial=6, GT MIS=7501, Greedy MIS=7228, |S|=14842, Oracle MIS=7228, Improvement=0
n=15000, coeff=2, trial=6, GT MIS=7501, Greedy MIS=7228, |S|=14430, Oracle MIS=7472, Improvement=244
n=15000, coeff=2, trial=6, GT MIS=7501, Greedy MIS=7228, |S|=13748, Oracle MIS=7472, Improvement=244
n=15000, coeff=2, trial=6, GT MIS=7501, Greedy MIS=7228, |S|=12667, Oracle MIS=7497, Improvement=269
n=15000, coeff=2, trial=6, GT MIS=7501, Greedy MIS=7228, |S|=11297, Oracle MIS=7488, Improvement=260
n=15000, coeff=2, trial=7, GT MIS=7501, Greedy MIS=7311, |S|=15000, Oracle MIS=7311, Improvement=0
n=15000, coeff=2, trial=7, GT MIS=7501, Greedy MIS=7311, |S|=15000, Oracle MIS=7311, Improvement=0
n=15000, coeff=2, trial=7, GT MIS=7501, Greedy MIS=7311, |S|=15000, Oracle MIS=7311, Improvement=0
n=15000, coeff=2, trial=7, GT MIS=7501, Greedy MIS=7311, |S|=14991, Oracle MIS=7301, Improvement=-10
n=15000, coeff=2, trial=7, GT MIS=7501, Greedy MIS=7311, |S|=14960, Oracle MIS=7259, Improvement=-52
n=15000, coeff=2, trial=7, GT MIS=7501, Greedy MIS=7311, |S|=14813, Oracle MIS=6979, Improvement=-332
n=15000, coeff=2, trial=7, GT MIS=7501, Greedy MIS=7311, |S|=14341, Oracle MIS=7245, Improvement=-66
n=15000, coeff=2, trial=7, GT MIS=7501, Greedy MIS=7311, |S|=13650, Oracle MIS=7268, Improvement=-43
n=15000, coeff=2, trial=7, GT MIS=7501, Greedy MIS=7311, |S|=12453, Oracle MIS=7477, Improvement=166
n=15000, coeff=2, trial=7, GT MIS=7501, Greedy MIS=7311, |S|=11021, Oracle MIS=7489, Improvement=178
n=15000, coeff=2, trial=8, GT MIS=7501, Greedy MIS=7287, |S|=15000, Oracle MIS=7287, Improvement=0
n=15000, coeff=2, trial=8, GT MIS=7501, Greedy MIS=7287, |S|=15000, Oracle MIS=7287, Improvement=0
n=15000, coeff=2, trial=8, GT MIS=7501, Greedy MIS=7287, |S|=15000, Oracle MIS=7287, Improvement=0
n=15000, coeff=2, trial=8, GT MIS=7501, Greedy MIS=7287, |S|=14998, Oracle MIS=7286, Improvement=-1
n=15000, coeff=2, trial=8, GT MIS=7501, Greedy MIS=7287, |S|=14968, Oracle MIS=7286, Improvement=-1
n=15000, coeff=2, trial=8, GT MIS=7501, Greedy MIS=7287, |S|=14873, Oracle MIS=7286, Improvement=-1
n=15000, coeff=2, trial=8, GT MIS=7501, Greedy MIS=7287, |S|=14449, Oracle MIS=7479, Improvement=192
n=15000, coeff=2, trial=8, GT MIS=7501, Greedy MIS=7287, |S|=13744, Oracle MIS=7477, Improvement=190
n=15000, coeff=2, trial=8, GT MIS=7501, Greedy MIS=7287, |S|=12653, Oracle MIS=7495, Improvement=208
n=15000, coeff=2, trial=8, GT MIS=7501, Greedy MIS=7287, |S|=11277, Oracle MIS=7485, Improvement=198
n=15000, coeff=2, trial=9, GT MIS=7503, Greedy MIS=7222, |S|=15000, Oracle MIS=7222, Improvement=0
n=15000, coeff=2, trial=9, GT MIS=7503, Greedy MIS=7222, |S|=15000, Oracle MIS=7222, Improvement=0
n=15000, coeff=2, trial=9, GT MIS=7503, Greedy MIS=7222, |S|=15000, Oracle MIS=7222, Improvement=0
n=15000, coeff=2, trial=9, GT MIS=7503, Greedy MIS=7222, |S|=14996, Oracle MIS=7222, Improvement=0
n=15000, coeff=2, trial=9, GT MIS=7503, Greedy MIS=7222, |S|=14940, Oracle MIS=7222, Improvement=0
n=15000, coeff=2, trial=9, GT MIS=7503, Greedy MIS=7222, |S|=14803, Oracle MIS=7224, Improvement=2
n=15000, coeff=2, trial=9, GT MIS=7503, Greedy MIS=7222, |S|=14332, Oracle MIS=7474, Improvement=252
n=15000, coeff=2, trial=9, GT MIS=7503, Greedy MIS=7222, |S|=13618, Oracle MIS=7477, Improvement=255
n=15000, coeff=2, trial=9, GT MIS=7503, Greedy MIS=7222, |S|=12501, Oracle MIS=7499, Improvement=277
n=15000, coeff=2, trial=9, GT MIS=7503, Greedy MIS=7222, |S|=11052, Oracle MIS=7493, Improvement=271
n=15000, coeff=3, trial=5, GT MIS=7500, Greedy MIS=7355, |S|=15000, Oracle MIS=7355, Improvement=0
n=15000, coeff=3, trial=5, GT MIS=7500, Greedy MIS=7355, |S|=15000, Oracle MIS=7355, Improvement=0
n=15000, coeff=3, trial=5, GT MIS=7500, Greedy MIS=7355, |S|=15000, Oracle MIS=7355, Improvement=0
n=15000, coeff=3, trial=5, GT MIS=7500, Greedy MIS=7355, |S|=14995, Oracle MIS=7350, Improvement=-5
n=15000, coeff=3, trial=5, GT MIS=7500, Greedy MIS=7355, |S|=14970, Oracle MIS=7306, Improvement=-49
n=15000, coeff=3, trial=5, GT MIS=7500, Greedy MIS=7355, |S|=14803, Oracle MIS=6910, Improvement=-445
n=15000, coeff=3, trial=5, GT MIS=7500, Greedy MIS=7355, |S|=14293, Oracle MIS=7371, Improvement=16
n=15000, coeff=3, trial=5, GT MIS=7500, Greedy MIS=7355, |S|=13358, Oracle MIS=7463, Improvement=108
n=15000, coeff=3, trial=5, GT MIS=7500, Greedy MIS=7355, |S|=11831, Oracle MIS=7500, Improvement=145
n=15000, coeff=3, trial=5, GT MIS=7500, Greedy MIS=7355, |S|=10115, Oracle MIS=7495, Improvement=140
n=15000, coeff=3, trial=6, GT MIS=7500, Greedy MIS=7358, |S|=15000, Oracle MIS=7358, Improvement=0
n=15000, coeff=3, trial=6, GT MIS=7500, Greedy MIS=7358, |S|=15000, Oracle MIS=7358, Improvement=0
n=15000, coeff=3, trial=6, GT MIS=7500, Greedy MIS=7358, |S|=14999, Oracle MIS=7357, Improvement=-1
n=15000, coeff=3, trial=6, GT MIS=7500, Greedy MIS=7358, |S|=14994, Oracle MIS=7352, Improvement=-6
n=15000, coeff=3, trial=6, GT MIS=7500, Greedy MIS=7358, |S|=14958, Oracle MIS=7305, Improvement=-53
n=15000, coeff=3, trial=6, GT MIS=7500, Greedy MIS=7358, |S|=14797, Oracle MIS=7063, Improvement=-295
n=15000, coeff=3, trial=6, GT MIS=7500, Greedy MIS=7358, |S|=14290, Oracle MIS=7326, Improvement=-32
n=15000, coeff=3, trial=6, GT MIS=7500, Greedy MIS=7358, |S|=13252, Oracle MIS=7470, Improvement=112
n=15000, coeff=3, trial=6, GT MIS=7500, Greedy MIS=7358, |S|=11866, Oracle MIS=7499, Improvement=141
n=15000, coeff=3, trial=6, GT MIS=7500, Greedy MIS=7358, |S|=10182, Oracle MIS=7497, Improvement=139
n=15000, coeff=3, trial=7, GT MIS=7500, Greedy MIS=7376, |S|=15000, Oracle MIS=7376, Improvement=0
n=15000, coeff=3, trial=7, GT MIS=7500, Greedy MIS=7376, |S|=15000, Oracle MIS=7376, Improvement=0
n=15000, coeff=3, trial=7, GT MIS=7500, Greedy MIS=7376, |S|=15000, Oracle MIS=7376, Improvement=0
n=15000, coeff=3, trial=7, GT MIS=7500, Greedy MIS=7376, |S|=14995, Oracle MIS=7371, Improvement=-5
n=15000, coeff=3, trial=7, GT MIS=7500, Greedy MIS=7376, |S|=14969, Oracle MIS=7341, Improvement=-35
n=15000, coeff=3, trial=7, GT MIS=7500, Greedy MIS=7376, |S|=14785, Oracle MIS=7080, Improvement=-296
n=15000, coeff=3, trial=7, GT MIS=7500, Greedy MIS=7376, |S|=14201, Oracle MIS=7386, Improvement=10
n=15000, coeff=3, trial=7, GT MIS=7500, Greedy MIS=7376, |S|=13161, Oracle MIS=7478, Improvement=102
n=15000, coeff=3, trial=7, GT MIS=7500, Greedy MIS=7376, |S|=11619, Oracle MIS=7497, Improvement=121
n=15000, coeff=3, trial=7, GT MIS=7500, Greedy MIS=7376, |S|=9964, Oracle MIS=7498, Improvement=122
n=15000, coeff=3, trial=8, GT MIS=7500, Greedy MIS=7398, |S|=15000, Oracle MIS=7398, Improvement=0
n=15000, coeff=3, trial=8, GT MIS=7500, Greedy MIS=7398, |S|=15000, Oracle MIS=7398, Improvement=0
n=15000, coeff=3, trial=8, GT MIS=7500, Greedy MIS=7398, |S|=15000, Oracle MIS=7398, Improvement=0
n=15000, coeff=3, trial=8, GT MIS=7500, Greedy MIS=7398, |S|=14997, Oracle MIS=7395, Improvement=-3
n=15000, coeff=3, trial=8, GT MIS=7500, Greedy MIS=7398, |S|=14967, Oracle MIS=7350, Improvement=-48
n=15000, coeff=3, trial=8, GT MIS=7500, Greedy MIS=7398, |S|=14828, Oracle MIS=7149, Improvement=-249
n=15000, coeff=3, trial=8, GT MIS=7500, Greedy MIS=7398, |S|=14366, Oracle MIS=7344, Improvement=-54
n=15000, coeff=3, trial=8, GT MIS=7500, Greedy MIS=7398, |S|=13497, Oracle MIS=7470, Improvement=72
n=15000, coeff=3, trial=8, GT MIS=7500, Greedy MIS=7398, |S|=12090, Oracle MIS=7495, Improvement=97
n=15000, coeff=3, trial=8, GT MIS=7500, Greedy MIS=7398, |S|=10321, Oracle MIS=7492, Improvement=94
n=15000, coeff=3, trial=9, GT MIS=7500, Greedy MIS=7306, |S|=15000, Oracle MIS=7306, Improvement=0
n=15000, coeff=3, trial=9, GT MIS=7500, Greedy MIS=7306, |S|=15000, Oracle MIS=7306, Improvement=0
n=15000, coeff=3, trial=9, GT MIS=7500, Greedy MIS=7306, |S|=14999, Oracle MIS=7305, Improvement=-1
n=15000, coeff=3, trial=9, GT MIS=7500, Greedy MIS=7306, |S|=14992, Oracle MIS=7298, Improvement=-8
n=15000, coeff=3, trial=9, GT MIS=7500, Greedy MIS=7306, |S|=14956, Oracle MIS=7211, Improvement=-95
n=15000, coeff=3, trial=9, GT MIS=7500, Greedy MIS=7306, |S|=14777, Oracle MIS=6903, Improvement=-403
n=15000, coeff=3, trial=9, GT MIS=7500, Greedy MIS=7306, |S|=14291, Oracle MIS=7346, Improvement=40
n=15000, coeff=3, trial=9, GT MIS=7500, Greedy MIS=7306, |S|=13366, Oracle MIS=7461, Improvement=155
n=15000, coeff=3, trial=9, GT MIS=7500, Greedy MIS=7306, |S|=11867, Oracle MIS=7499, Improvement=193
n=15000, coeff=3, trial=9, GT MIS=7500, Greedy MIS=7306, |S|=10182, Oracle MIS=7497, Improvement=191
n=15000, coeff=4, trial=5, GT MIS=7500, Greedy MIS=7163, |S|=15000, Oracle MIS=7163, Improvement=0
n=15000, coeff=4, trial=5, GT MIS=7500, Greedy MIS=7163, |S|=15000, Oracle MIS=7163, Improvement=0
n=15000, coeff=4, trial=5, GT MIS=7500, Greedy MIS=7163, |S|=15000, Oracle MIS=7163, Improvement=0
n=15000, coeff=4, trial=5, GT MIS=7500, Greedy MIS=7163, |S|=14997, Oracle MIS=7162, Improvement=-1
n=15000, coeff=4, trial=5, GT MIS=7500, Greedy MIS=7163, |S|=14967, Oracle MIS=7046, Improvement=-117
n=15000, coeff=4, trial=5, GT MIS=7500, Greedy MIS=7163, |S|=14753, Oracle MIS=7281, Improvement=118
n=15000, coeff=4, trial=5, GT MIS=7500, Greedy MIS=7163, |S|=14075, Oracle MIS=7475, Improvement=312
n=15000, coeff=4, trial=5, GT MIS=7500, Greedy MIS=7163, |S|=12880, Oracle MIS=7493, Improvement=330
n=15000, coeff=4, trial=5, GT MIS=7500, Greedy MIS=7163, |S|=10973, Oracle MIS=7499, Improvement=336
n=15000, coeff=4, trial=5, GT MIS=7500, Greedy MIS=7163, |S|=9438, Oracle MIS=7499, Improvement=336
n=15000, coeff=4, trial=6, GT MIS=7500, Greedy MIS=7289, |S|=15000, Oracle MIS=7289, Improvement=0
n=15000, coeff=4, trial=6, GT MIS=7500, Greedy MIS=7289, |S|=15000, Oracle MIS=7289, Improvement=0
n=15000, coeff=4, trial=6, GT MIS=7500, Greedy MIS=7289, |S|=15000, Oracle MIS=7289, Improvement=0
n=15000, coeff=4, trial=6, GT MIS=7500, Greedy MIS=7289, |S|=14997, Oracle MIS=7286, Improvement=-3
n=15000, coeff=4, trial=6, GT MIS=7500, Greedy MIS=7289, |S|=14963, Oracle MIS=7218, Improvement=-71
n=15000, coeff=4, trial=6, GT MIS=7500, Greedy MIS=7289, |S|=14744, Oracle MIS=7274, Improvement=-15
n=15000, coeff=4, trial=6, GT MIS=7500, Greedy MIS=7289, |S|=14085, Oracle MIS=7460, Improvement=171
n=15000, coeff=4, trial=6, GT MIS=7500, Greedy MIS=7289, |S|=12826, Oracle MIS=7499, Improvement=210
n=15000, coeff=4, trial=6, GT MIS=7500, Greedy MIS=7289, |S|=11077, Oracle MIS=7499, Improvement=210
n=15000, coeff=4, trial=6, GT MIS=7500, Greedy MIS=7289, |S|=9525, Oracle MIS=7498, Improvement=209
n=15000, coeff=4, trial=7, GT MIS=7500, Greedy MIS=7271, |S|=15000, Oracle MIS=7271, Improvement=0
n=15000, coeff=4, trial=7, GT MIS=7500, Greedy MIS=7271, |S|=15000, Oracle MIS=7271, Improvement=0
n=15000, coeff=4, trial=7, GT MIS=7500, Greedy MIS=7271, |S|=15000, Oracle MIS=7271, Improvement=0
n=15000, coeff=4, trial=7, GT MIS=7500, Greedy MIS=7271, |S|=14995, Oracle MIS=7268, Improvement=-3
n=15000, coeff=4, trial=7, GT MIS=7500, Greedy MIS=7271, |S|=14965, Oracle MIS=7240, Improvement=-31
n=15000, coeff=4, trial=7, GT MIS=7500, Greedy MIS=7271, |S|=14753, Oracle MIS=7363, Improvement=92
n=15000, coeff=4, trial=7, GT MIS=7500, Greedy MIS=7271, |S|=13996, Oracle MIS=7454, Improvement=183
n=15000, coeff=4, trial=7, GT MIS=7500, Greedy MIS=7271, |S|=12614, Oracle MIS=7500, Improvement=229
n=15000, coeff=4, trial=7, GT MIS=7500, Greedy MIS=7271, |S|=10795, Oracle MIS=7500, Improvement=229
n=15000, coeff=4, trial=7, GT MIS=7500, Greedy MIS=7271, |S|=9236, Oracle MIS=7500, Improvement=229
n=15000, coeff=4, trial=8, GT MIS=7500, Greedy MIS=7328, |S|=15000, Oracle MIS=7328, Improvement=0
n=15000, coeff=4, trial=8, GT MIS=7500, Greedy MIS=7328, |S|=15000, Oracle MIS=7328, Improvement=0
n=15000, coeff=4, trial=8, GT MIS=7500, Greedy MIS=7328, |S|=15000, Oracle MIS=7328, Improvement=0
n=15000, coeff=4, trial=8, GT MIS=7500, Greedy MIS=7328, |S|=14998, Oracle MIS=7326, Improvement=-2
n=15000, coeff=4, trial=8, GT MIS=7500, Greedy MIS=7328, |S|=14970, Oracle MIS=7277, Improvement=-51
n=15000, coeff=4, trial=8, GT MIS=7500, Greedy MIS=7328, |S|=14786, Oracle MIS=7233, Improvement=-95
n=15000, coeff=4, trial=8, GT MIS=7500, Greedy MIS=7328, |S|=14190, Oracle MIS=7415, Improvement=87
n=15000, coeff=4, trial=8, GT MIS=7500, Greedy MIS=7328, |S|=13064, Oracle MIS=7500, Improvement=172
n=15000, coeff=4, trial=8, GT MIS=7500, Greedy MIS=7328, |S|=11313, Oracle MIS=7498, Improvement=170
n=15000, coeff=4, trial=8, GT MIS=7500, Greedy MIS=7328, |S|=9614, Oracle MIS=7497, Improvement=169
n=15000, coeff=4, trial=9, GT MIS=7500, Greedy MIS=7257, |S|=15000, Oracle MIS=7257, Improvement=0
n=15000, coeff=4, trial=9, GT MIS=7500, Greedy MIS=7257, |S|=15000, Oracle MIS=7257, Improvement=0
n=15000, coeff=4, trial=9, GT MIS=7500, Greedy MIS=7257, |S|=15000, Oracle MIS=7257, Improvement=0
n=15000, coeff=4, trial=9, GT MIS=7500, Greedy MIS=7257, |S|=14994, Oracle MIS=7216, Improvement=-41
n=15000, coeff=4, trial=9, GT MIS=7500, Greedy MIS=7257, |S|=14949, Oracle MIS=7072, Improvement=-185
n=15000, coeff=4, trial=9, GT MIS=7500, Greedy MIS=7257, |S|=14768, Oracle MIS=7141, Improvement=-116
n=15000, coeff=4, trial=9, GT MIS=7500, Greedy MIS=7257, |S|=14124, Oracle MIS=7437, Improvement=180
n=15000, coeff=4, trial=9, GT MIS=7500, Greedy MIS=7257, |S|=12873, Oracle MIS=7489, Improvement=232
n=15000, coeff=4, trial=9, GT MIS=7500, Greedy MIS=7257, |S|=11086, Oracle MIS=7499, Improvement=242
n=15000, coeff=4, trial=9, GT MIS=7500, Greedy MIS=7257, |S|=9475, Oracle MIS=7498, Improvement=241
n=15000, coeff=5, trial=5, GT MIS=7500, Greedy MIS=7320, |S|=15000, Oracle MIS=7320, Improvement=0
n=15000, coeff=5, trial=5, GT MIS=7500, Greedy MIS=7320, |S|=15000, Oracle MIS=7320, Improvement=0
n=15000, coeff=5, trial=5, GT MIS=7500, Greedy MIS=7320, |S|=15000, Oracle MIS=7320, Improvement=0
n=15000, coeff=5, trial=5, GT MIS=7500, Greedy MIS=7320, |S|=14996, Oracle MIS=7320, Improvement=0
n=15000, coeff=5, trial=5, GT MIS=7500, Greedy MIS=7320, |S|=14959, Oracle MIS=7320, Improvement=0
n=15000, coeff=5, trial=5, GT MIS=7500, Greedy MIS=7320, |S|=14716, Oracle MIS=7320, Improvement=0
n=15000, coeff=5, trial=5, GT MIS=7500, Greedy MIS=7320, |S|=13906, Oracle MIS=7486, Improvement=166
n=15000, coeff=5, trial=5, GT MIS=7500, Greedy MIS=7320, |S|=12285, Oracle MIS=7500, Improvement=180
n=15000, coeff=5, trial=5, GT MIS=7500, Greedy MIS=7320, |S|=10284, Oracle MIS=7500, Improvement=180
n=15000, coeff=5, trial=5, GT MIS=7500, Greedy MIS=7320, |S|=8656, Oracle MIS=7499, Improvement=179
n=15000, coeff=5, trial=6, GT MIS=7500, Greedy MIS=7269, |S|=15000, Oracle MIS=7269, Improvement=0
n=15000, coeff=5, trial=6, GT MIS=7500, Greedy MIS=7269, |S|=15000, Oracle MIS=7269, Improvement=0
n=15000, coeff=5, trial=6, GT MIS=7500, Greedy MIS=7269, |S|=15000, Oracle MIS=7269, Improvement=0
n=15000, coeff=5, trial=6, GT MIS=7500, Greedy MIS=7269, |S|=14997, Oracle MIS=7256, Improvement=-13
n=15000, coeff=5, trial=6, GT MIS=7500, Greedy MIS=7269, |S|=14959, Oracle MIS=7138, Improvement=-131
n=15000, coeff=5, trial=6, GT MIS=7500, Greedy MIS=7269, |S|=14702, Oracle MIS=7246, Improvement=-23
n=15000, coeff=5, trial=6, GT MIS=7500, Greedy MIS=7269, |S|=13917, Oracle MIS=7468, Improvement=199
n=15000, coeff=5, trial=6, GT MIS=7500, Greedy MIS=7269, |S|=12248, Oracle MIS=7500, Improvement=231
n=15000, coeff=5, trial=6, GT MIS=7500, Greedy MIS=7269, |S|=10273, Oracle MIS=7499, Improvement=230
n=15000, coeff=5, trial=6, GT MIS=7500, Greedy MIS=7269, |S|=8652, Oracle MIS=7498, Improvement=229
n=15000, coeff=5, trial=7, GT MIS=7500, Greedy MIS=7146, |S|=15000, Oracle MIS=7146, Improvement=0
n=15000, coeff=5, trial=7, GT MIS=7500, Greedy MIS=7146, |S|=15000, Oracle MIS=7146, Improvement=0
n=15000, coeff=5, trial=7, GT MIS=7500, Greedy MIS=7146, |S|=15000, Oracle MIS=7146, Improvement=0
n=15000, coeff=5, trial=7, GT MIS=7500, Greedy MIS=7146, |S|=14997, Oracle MIS=7143, Improvement=-3
n=15000, coeff=5, trial=7, GT MIS=7500, Greedy MIS=7146, |S|=14959, Oracle MIS=7067, Improvement=-79
n=15000, coeff=5, trial=7, GT MIS=7500, Greedy MIS=7146, |S|=14705, Oracle MIS=7370, Improvement=224
n=15000, coeff=5, trial=7, GT MIS=7500, Greedy MIS=7146, |S|=13766, Oracle MIS=7500, Improvement=354
n=15000, coeff=5, trial=7, GT MIS=7500, Greedy MIS=7146, |S|=12082, Oracle MIS=7500, Improvement=354
n=15000, coeff=5, trial=7, GT MIS=7500, Greedy MIS=7146, |S|=10049, Oracle MIS=7500, Improvement=354
n=15000, coeff=5, trial=7, GT MIS=7500, Greedy MIS=7146, |S|=8633, Oracle MIS=7500, Improvement=354
n=15000, coeff=5, trial=8, GT MIS=7500, Greedy MIS=7329, |S|=15000, Oracle MIS=7329, Improvement=0
n=15000, coeff=5, trial=8, GT MIS=7500, Greedy MIS=7329, |S|=15000, Oracle MIS=7329, Improvement=0
n=15000, coeff=5, trial=8, GT MIS=7500, Greedy MIS=7329, |S|=14999, Oracle MIS=7328, Improvement=-1
n=15000, coeff=5, trial=8, GT MIS=7500, Greedy MIS=7329, |S|=14997, Oracle MIS=7326, Improvement=-3
n=15000, coeff=5, trial=8, GT MIS=7500, Greedy MIS=7329, |S|=14964, Oracle MIS=7294, Improvement=-35
n=15000, coeff=5, trial=8, GT MIS=7500, Greedy MIS=7329, |S|=14781, Oracle MIS=7187, Improvement=-142
n=15000, coeff=5, trial=8, GT MIS=7500, Greedy MIS=7329, |S|=14043, Oracle MIS=7459, Improvement=130
n=15000, coeff=5, trial=8, GT MIS=7500, Greedy MIS=7329, |S|=12567, Oracle MIS=7495, Improvement=166
n=15000, coeff=5, trial=8, GT MIS=7500, Greedy MIS=7329, |S|=10598, Oracle MIS=7500, Improvement=171
n=15000, coeff=5, trial=8, GT MIS=7500, Greedy MIS=7329, |S|=8824, Oracle MIS=7498, Improvement=169
n=15000, coeff=5, trial=9, GT MIS=7500, Greedy MIS=7399, |S|=15000, Oracle MIS=7399, Improvement=0
n=15000, coeff=5, trial=9, GT MIS=7500, Greedy MIS=7399, |S|=15000, Oracle MIS=7399, Improvement=0
n=15000, coeff=5, trial=9, GT MIS=7500, Greedy MIS=7399, |S|=15000, Oracle MIS=7399, Improvement=0
n=15000, coeff=5, trial=9, GT MIS=7500, Greedy MIS=7399, |S|=14997, Oracle MIS=7396, Improvement=-3
n=15000, coeff=5, trial=9, GT MIS=7500, Greedy MIS=7399, |S|=14953, Oracle MIS=7343, Improvement=-56
n=15000, coeff=5, trial=9, GT MIS=7500, Greedy MIS=7399, |S|=14723, Oracle MIS=6915, Improvement=-484
n=15000, coeff=5, trial=9, GT MIS=7500, Greedy MIS=7399, |S|=13949, Oracle MIS=7484, Improvement=85
n=15000, coeff=5, trial=9, GT MIS=7500, Greedy MIS=7399, |S|=12309, Oracle MIS=7500, Improvement=101
n=15000, coeff=5, trial=9, GT MIS=7500, Greedy MIS=7399, |S|=10366, Oracle MIS=7500, Improvement=101
n=15000, coeff=5, trial=9, GT MIS=7500, Greedy MIS=7399, |S|=8660, Oracle MIS=7499, Improvement=100
n=15000, coeff=6, trial=5, GT MIS=7500, Greedy MIS=7234, |S|=15000, Oracle MIS=7234, Improvement=0
n=15000, coeff=6, trial=5, GT MIS=7500, Greedy MIS=7234, |S|=15000, Oracle MIS=7234, Improvement=0
n=15000, coeff=6, trial=5, GT MIS=7500, Greedy MIS=7234, |S|=15000, Oracle MIS=7234, Improvement=0
n=15000, coeff=6, trial=5, GT MIS=7500, Greedy MIS=7234, |S|=14998, Oracle MIS=7232, Improvement=-2
n=15000, coeff=6, trial=5, GT MIS=7500, Greedy MIS=7234, |S|=14952, Oracle MIS=7164, Improvement=-70
n=15000, coeff=6, trial=5, GT MIS=7500, Greedy MIS=7234, |S|=14606, Oracle MIS=7469, Improvement=235
n=15000, coeff=6, trial=5, GT MIS=7500, Greedy MIS=7234, |S|=13570, Oracle MIS=7492, Improvement=258
n=15000, coeff=6, trial=5, GT MIS=7500, Greedy MIS=7234, |S|=11781, Oracle MIS=7500, Improvement=266
n=15000, coeff=6, trial=5, GT MIS=7500, Greedy MIS=7234, |S|=9578, Oracle MIS=7500, Improvement=266
n=15000, coeff=6, trial=5, GT MIS=7500, Greedy MIS=7234, |S|=8238, Oracle MIS=7500, Improvement=266
n=15000, coeff=6, trial=6, GT MIS=7500, Greedy MIS=7404, |S|=15000, Oracle MIS=7404, Improvement=0
n=15000, coeff=6, trial=6, GT MIS=7500, Greedy MIS=7404, |S|=15000, Oracle MIS=7404, Improvement=0
n=15000, coeff=6, trial=6, GT MIS=7500, Greedy MIS=7404, |S|=15000, Oracle MIS=7404, Improvement=0
n=15000, coeff=6, trial=6, GT MIS=7500, Greedy MIS=7404, |S|=14998, Oracle MIS=7402, Improvement=-2
n=15000, coeff=6, trial=6, GT MIS=7500, Greedy MIS=7404, |S|=14939, Oracle MIS=7083, Improvement=-321
n=15000, coeff=6, trial=6, GT MIS=7500, Greedy MIS=7404, |S|=14631, Oracle MIS=7292, Improvement=-112
n=15000, coeff=6, trial=6, GT MIS=7500, Greedy MIS=7404, |S|=13535, Oracle MIS=7491, Improvement=87
n=15000, coeff=6, trial=6, GT MIS=7500, Greedy MIS=7404, |S|=11607, Oracle MIS=7500, Improvement=96
n=15000, coeff=6, trial=6, GT MIS=7500, Greedy MIS=7404, |S|=9598, Oracle MIS=7499, Improvement=95
n=15000, coeff=6, trial=6, GT MIS=7500, Greedy MIS=7404, |S|=8273, Oracle MIS=7499, Improvement=95
n=15000, coeff=6, trial=7, GT MIS=7500, Greedy MIS=7339, |S|=15000, Oracle MIS=7339, Improvement=0
n=15000, coeff=6, trial=7, GT MIS=7500, Greedy MIS=7339, |S|=15000, Oracle MIS=7339, Improvement=0
n=15000, coeff=6, trial=7, GT MIS=7500, Greedy MIS=7339, |S|=14999, Oracle MIS=7338, Improvement=-1
n=15000, coeff=6, trial=7, GT MIS=7500, Greedy MIS=7339, |S|=14998, Oracle MIS=7337, Improvement=-2
n=15000, coeff=6, trial=7, GT MIS=7500, Greedy MIS=7339, |S|=14941, Oracle MIS=6934, Improvement=-405
n=15000, coeff=6, trial=7, GT MIS=7500, Greedy MIS=7339, |S|=14598, Oracle MIS=7268, Improvement=-71
n=15000, coeff=6, trial=7, GT MIS=7500, Greedy MIS=7339, |S|=13346, Oracle MIS=7492, Improvement=153
n=15000, coeff=6, trial=7, GT MIS=7500, Greedy MIS=7339, |S|=11406, Oracle MIS=7500, Improvement=161
n=15000, coeff=6, trial=7, GT MIS=7500, Greedy MIS=7339, |S|=9368, Oracle MIS=7500, Improvement=161
n=15000, coeff=6, trial=7, GT MIS=7500, Greedy MIS=7339, |S|=8179, Oracle MIS=7499, Improvement=160
n=15000, coeff=6, trial=8, GT MIS=7500, Greedy MIS=7435, |S|=15000, Oracle MIS=7435, Improvement=0
n=15000, coeff=6, trial=8, GT MIS=7500, Greedy MIS=7435, |S|=15000, Oracle MIS=7435, Improvement=0
n=15000, coeff=6, trial=8, GT MIS=7500, Greedy MIS=7435, |S|=14999, Oracle MIS=7434, Improvement=-1
n=15000, coeff=6, trial=8, GT MIS=7500, Greedy MIS=7435, |S|=14998, Oracle MIS=7433, Improvement=-2
n=15000, coeff=6, trial=8, GT MIS=7500, Greedy MIS=7435, |S|=14964, Oracle MIS=7399, Improvement=-36
n=15000, coeff=6, trial=8, GT MIS=7500, Greedy MIS=7435, |S|=14727, Oracle MIS=7025, Improvement=-410
n=15000, coeff=6, trial=8, GT MIS=7500, Greedy MIS=7435, |S|=13759, Oracle MIS=7490, Improvement=55
n=15000, coeff=6, trial=8, GT MIS=7500, Greedy MIS=7435, |S|=12026, Oracle MIS=7500, Improvement=65
n=15000, coeff=6, trial=8, GT MIS=7500, Greedy MIS=7435, |S|=9898, Oracle MIS=7500, Improvement=65
n=15000, coeff=6, trial=8, GT MIS=7500, Greedy MIS=7435, |S|=8395, Oracle MIS=7500, Improvement=65
n=15000, coeff=6, trial=9, GT MIS=7500, Greedy MIS=7081, |S|=15000, Oracle MIS=7081, Improvement=0
n=15000, coeff=6, trial=9, GT MIS=7500, Greedy MIS=7081, |S|=15000, Oracle MIS=7081, Improvement=0
n=15000, coeff=6, trial=9, GT MIS=7500, Greedy MIS=7081, |S|=15000, Oracle MIS=7081, Improvement=0
n=15000, coeff=6, trial=9, GT MIS=7500, Greedy MIS=7081, |S|=14997, Oracle MIS=7078, Improvement=-3
n=15000, coeff=6, trial=9, GT MIS=7500, Greedy MIS=7081, |S|=14955, Oracle MIS=7039, Improvement=-42
n=15000, coeff=6, trial=9, GT MIS=7500, Greedy MIS=7081, |S|=14656, Oracle MIS=7386, Improvement=305
n=15000, coeff=6, trial=9, GT MIS=7500, Greedy MIS=7081, |S|=13545, Oracle MIS=7491, Improvement=410
n=15000, coeff=6, trial=9, GT MIS=7500, Greedy MIS=7081, |S|=11814, Oracle MIS=7500, Improvement=419
n=15000, coeff=6, trial=9, GT MIS=7500, Greedy MIS=7081, |S|=9611, Oracle MIS=7500, Improvement=419
n=15000, coeff=6, trial=9, GT MIS=7500, Greedy MIS=7081, |S|=8248, Oracle MIS=7500, Improvement=419
n=15000, coeff=7, trial=5, GT MIS=7500, Greedy MIS=7213, |S|=15000, Oracle MIS=7213, Improvement=0
n=15000, coeff=7, trial=5, GT MIS=7500, Greedy MIS=7213, |S|=15000, Oracle MIS=7213, Improvement=0
n=15000, coeff=7, trial=5, GT MIS=7500, Greedy MIS=7213, |S|=15000, Oracle MIS=7213, Improvement=0
n=15000, coeff=7, trial=5, GT MIS=7500, Greedy MIS=7213, |S|=14998, Oracle MIS=7211, Improvement=-2
n=15000, coeff=7, trial=5, GT MIS=7500, Greedy MIS=7213, |S|=14937, Oracle MIS=7312, Improvement=99
n=15000, coeff=7, trial=5, GT MIS=7500, Greedy MIS=7213, |S|=14522, Oracle MIS=7456, Improvement=243
n=15000, coeff=7, trial=5, GT MIS=7500, Greedy MIS=7213, |S|=13236, Oracle MIS=7500, Improvement=287
n=15000, coeff=7, trial=5, GT MIS=7500, Greedy MIS=7213, |S|=11172, Oracle MIS=7500, Improvement=287
n=15000, coeff=7, trial=5, GT MIS=7500, Greedy MIS=7213, |S|=9047, Oracle MIS=7500, Improvement=287
n=15000, coeff=7, trial=5, GT MIS=7500, Greedy MIS=7213, |S|=7910, Oracle MIS=7500, Improvement=287
n=15000, coeff=7, trial=6, GT MIS=7500, Greedy MIS=7378, |S|=15000, Oracle MIS=7378, Improvement=0
n=15000, coeff=7, trial=6, GT MIS=7500, Greedy MIS=7378, |S|=15000, Oracle MIS=7378, Improvement=0
n=15000, coeff=7, trial=6, GT MIS=7500, Greedy MIS=7378, |S|=15000, Oracle MIS=7378, Improvement=0
n=15000, coeff=7, trial=6, GT MIS=7500, Greedy MIS=7378, |S|=14996, Oracle MIS=7374, Improvement=-4
n=15000, coeff=7, trial=6, GT MIS=7500, Greedy MIS=7378, |S|=14940, Oracle MIS=7320, Improvement=-58
n=15000, coeff=7, trial=6, GT MIS=7500, Greedy MIS=7378, |S|=14529, Oracle MIS=7353, Improvement=-25
n=15000, coeff=7, trial=6, GT MIS=7500, Greedy MIS=7378, |S|=13243, Oracle MIS=7500, Improvement=122
n=15000, coeff=7, trial=6, GT MIS=7500, Greedy MIS=7378, |S|=11087, Oracle MIS=7499, Improvement=121
n=15000, coeff=7, trial=6, GT MIS=7500, Greedy MIS=7378, |S|=9028, Oracle MIS=7497, Improvement=119
n=15000, coeff=7, trial=6, GT MIS=7500, Greedy MIS=7378, |S|=7937, Oracle MIS=7498, Improvement=120
n=15000, coeff=7, trial=7, GT MIS=7500, Greedy MIS=7239, |S|=15000, Oracle MIS=7239, Improvement=0
n=15000, coeff=7, trial=7, GT MIS=7500, Greedy MIS=7239, |S|=15000, Oracle MIS=7239, Improvement=0
n=15000, coeff=7, trial=7, GT MIS=7500, Greedy MIS=7239, |S|=15000, Oracle MIS=7239, Improvement=0
n=15000, coeff=7, trial=7, GT MIS=7500, Greedy MIS=7239, |S|=14997, Oracle MIS=7236, Improvement=-3
n=15000, coeff=7, trial=7, GT MIS=7500, Greedy MIS=7239, |S|=14927, Oracle MIS=7133, Improvement=-106
n=15000, coeff=7, trial=7, GT MIS=7500, Greedy MIS=7239, |S|=14470, Oracle MIS=7434, Improvement=195
n=15000, coeff=7, trial=7, GT MIS=7500, Greedy MIS=7239, |S|=13001, Oracle MIS=7500, Improvement=261
n=15000, coeff=7, trial=7, GT MIS=7500, Greedy MIS=7239, |S|=10732, Oracle MIS=7500, Improvement=261
n=15000, coeff=7, trial=7, GT MIS=7500, Greedy MIS=7239, |S|=8832, Oracle MIS=7500, Improvement=261
n=15000, coeff=7, trial=7, GT MIS=7500, Greedy MIS=7239, |S|=7860, Oracle MIS=7500, Improvement=261
n=15000, coeff=7, trial=8, GT MIS=7500, Greedy MIS=7414, |S|=15000, Oracle MIS=7414, Improvement=0
n=15000, coeff=7, trial=8, GT MIS=7500, Greedy MIS=7414, |S|=15000, Oracle MIS=7414, Improvement=0
n=15000, coeff=7, trial=8, GT MIS=7500, Greedy MIS=7414, |S|=15000, Oracle MIS=7414, Improvement=0
n=15000, coeff=7, trial=8, GT MIS=7500, Greedy MIS=7414, |S|=14997, Oracle MIS=7411, Improvement=-3
n=15000, coeff=7, trial=8, GT MIS=7500, Greedy MIS=7414, |S|=14955, Oracle MIS=7354, Improvement=-60
n=15000, coeff=7, trial=8, GT MIS=7500, Greedy MIS=7414, |S|=14639, Oracle MIS=7299, Improvement=-115
n=15000, coeff=7, trial=8, GT MIS=7500, Greedy MIS=7414, |S|=13502, Oracle MIS=7500, Improvement=86
n=15000, coeff=7, trial=8, GT MIS=7500, Greedy MIS=7414, |S|=11526, Oracle MIS=7500, Improvement=86
n=15000, coeff=7, trial=8, GT MIS=7500, Greedy MIS=7414, |S|=9304, Oracle MIS=7500, Improvement=86
n=15000, coeff=7, trial=8, GT MIS=7500, Greedy MIS=7414, |S|=7992, Oracle MIS=7500, Improvement=86
n=15000, coeff=7, trial=9, GT MIS=7500, Greedy MIS=7393, |S|=15000, Oracle MIS=7393, Improvement=0
n=15000, coeff=7, trial=9, GT MIS=7500, Greedy MIS=7393, |S|=15000, Oracle MIS=7393, Improvement=0
n=15000, coeff=7, trial=9, GT MIS=7500, Greedy MIS=7393, |S|=15000, Oracle MIS=7393, Improvement=0
n=15000, coeff=7, trial=9, GT MIS=7500, Greedy MIS=7393, |S|=14994, Oracle MIS=7387, Improvement=-6
n=15000, coeff=7, trial=9, GT MIS=7500, Greedy MIS=7393, |S|=14937, Oracle MIS=7090, Improvement=-303
n=15000, coeff=7, trial=9, GT MIS=7500, Greedy MIS=7393, |S|=14533, Oracle MIS=7415, Improvement=22
n=15000, coeff=7, trial=9, GT MIS=7500, Greedy MIS=7393, |S|=13269, Oracle MIS=7500, Improvement=107
n=15000, coeff=7, trial=9, GT MIS=7500, Greedy MIS=7393, |S|=11186, Oracle MIS=7500, Improvement=107
n=15000, coeff=7, trial=9, GT MIS=7500, Greedy MIS=7393, |S|=9063, Oracle MIS=7500, Improvement=107
n=15000, coeff=7, trial=9, GT MIS=7500, Greedy MIS=7393, |S|=7930, Oracle MIS=7500, Improvement=107
n=15000, coeff=8, trial=5, GT MIS=7500, Greedy MIS=7245, |S|=15000, Oracle MIS=7245, Improvement=0
n=15000, coeff=8, trial=5, GT MIS=7500, Greedy MIS=7245, |S|=15000, Oracle MIS=7245, Improvement=0
n=15000, coeff=8, trial=5, GT MIS=7500, Greedy MIS=7245, |S|=15000, Oracle MIS=7245, Improvement=0
n=15000, coeff=8, trial=5, GT MIS=7500, Greedy MIS=7245, |S|=14996, Oracle MIS=7241, Improvement=-4
n=15000, coeff=8, trial=5, GT MIS=7500, Greedy MIS=7245, |S|=14921, Oracle MIS=7349, Improvement=104
n=15000, coeff=8, trial=5, GT MIS=7500, Greedy MIS=7245, |S|=14411, Oracle MIS=7500, Improvement=255
n=15000, coeff=8, trial=5, GT MIS=7500, Greedy MIS=7245, |S|=12922, Oracle MIS=7500, Improvement=255
n=15000, coeff=8, trial=5, GT MIS=7500, Greedy MIS=7245, |S|=10631, Oracle MIS=7500, Improvement=255
n=15000, coeff=8, trial=5, GT MIS=7500, Greedy MIS=7245, |S|=8581, Oracle MIS=7500, Improvement=255
n=15000, coeff=8, trial=5, GT MIS=7500, Greedy MIS=7245, |S|=7725, Oracle MIS=7500, Improvement=255
n=15000, coeff=8, trial=6, GT MIS=7500, Greedy MIS=7463, |S|=15000, Oracle MIS=7463, Improvement=0
n=15000, coeff=8, trial=6, GT MIS=7500, Greedy MIS=7463, |S|=15000, Oracle MIS=7463, Improvement=0
n=15000, coeff=8, trial=6, GT MIS=7500, Greedy MIS=7463, |S|=15000, Oracle MIS=7463, Improvement=0
n=15000, coeff=8, trial=6, GT MIS=7500, Greedy MIS=7463, |S|=14994, Oracle MIS=7457, Improvement=-6
n=15000, coeff=8, trial=6, GT MIS=7500, Greedy MIS=7463, |S|=14931, Oracle MIS=7394, Improvement=-69
n=15000, coeff=8, trial=6, GT MIS=7500, Greedy MIS=7463, |S|=14407, Oracle MIS=7483, Improvement=20
n=15000, coeff=8, trial=6, GT MIS=7500, Greedy MIS=7463, |S|=12973, Oracle MIS=7500, Improvement=37
n=15000, coeff=8, trial=6, GT MIS=7500, Greedy MIS=7463, |S|=10476, Oracle MIS=7500, Improvement=37
n=15000, coeff=8, trial=6, GT MIS=7500, Greedy MIS=7463, |S|=8553, Oracle MIS=7499, Improvement=36
n=15000, coeff=8, trial=6, GT MIS=7500, Greedy MIS=7463, |S|=7740, Oracle MIS=7498, Improvement=35
n=15000, coeff=8, trial=7, GT MIS=7500, Greedy MIS=7295, |S|=15000, Oracle MIS=7295, Improvement=0
n=15000, coeff=8, trial=7, GT MIS=7500, Greedy MIS=7295, |S|=15000, Oracle MIS=7295, Improvement=0
n=15000, coeff=8, trial=7, GT MIS=7500, Greedy MIS=7295, |S|=15000, Oracle MIS=7295, Improvement=0
n=15000, coeff=8, trial=7, GT MIS=7500, Greedy MIS=7295, |S|=14997, Oracle MIS=7292, Improvement=-3
n=15000, coeff=8, trial=7, GT MIS=7500, Greedy MIS=7295, |S|=14898, Oracle MIS=7140, Improvement=-155
n=15000, coeff=8, trial=7, GT MIS=7500, Greedy MIS=7295, |S|=14343, Oracle MIS=7451, Improvement=156
n=15000, coeff=8, trial=7, GT MIS=7500, Greedy MIS=7295, |S|=12656, Oracle MIS=7500, Improvement=205
n=15000, coeff=8, trial=7, GT MIS=7500, Greedy MIS=7295, |S|=10192, Oracle MIS=7500, Improvement=205
n=15000, coeff=8, trial=7, GT MIS=7500, Greedy MIS=7295, |S|=8435, Oracle MIS=7500, Improvement=205
n=15000, coeff=8, trial=7, GT MIS=7500, Greedy MIS=7295, |S|=7709, Oracle MIS=7500, Improvement=205
n=15000, coeff=8, trial=8, GT MIS=7500, Greedy MIS=7338, |S|=15000, Oracle MIS=7338, Improvement=0
n=15000, coeff=8, trial=8, GT MIS=7500, Greedy MIS=7338, |S|=15000, Oracle MIS=7338, Improvement=0
n=15000, coeff=8, trial=8, GT MIS=7500, Greedy MIS=7338, |S|=15000, Oracle MIS=7338, Improvement=0
n=15000, coeff=8, trial=8, GT MIS=7500, Greedy MIS=7338, |S|=14999, Oracle MIS=7337, Improvement=-1
n=15000, coeff=8, trial=8, GT MIS=7500, Greedy MIS=7338, |S|=14933, Oracle MIS=7253, Improvement=-85
n=15000, coeff=8, trial=8, GT MIS=7500, Greedy MIS=7338, |S|=14572, Oracle MIS=7465, Improvement=127
n=15000, coeff=8, trial=8, GT MIS=7500, Greedy MIS=7338, |S|=13233, Oracle MIS=7500, Improvement=162
n=15000, coeff=8, trial=8, GT MIS=7500, Greedy MIS=7338, |S|=10881, Oracle MIS=7500, Improvement=162
n=15000, coeff=8, trial=8, GT MIS=7500, Greedy MIS=7338, |S|=8807, Oracle MIS=7500, Improvement=162
n=15000, coeff=8, trial=8, GT MIS=7500, Greedy MIS=7338, |S|=7812, Oracle MIS=7500, Improvement=162
n=15000, coeff=8, trial=9, GT MIS=7500, Greedy MIS=7335, |S|=15000, Oracle MIS=7335, Improvement=0
n=15000, coeff=8, trial=9, GT MIS=7500, Greedy MIS=7335, |S|=15000, Oracle MIS=7335, Improvement=0
n=15000, coeff=8, trial=9, GT MIS=7500, Greedy MIS=7335, |S|=15000, Oracle MIS=7335, Improvement=0
n=15000, coeff=8, trial=9, GT MIS=7500, Greedy MIS=7335, |S|=14995, Oracle MIS=7311, Improvement=-24
n=15000, coeff=8, trial=9, GT MIS=7500, Greedy MIS=7335, |S|=14917, Oracle MIS=7120, Improvement=-215
n=15000, coeff=8, trial=9, GT MIS=7500, Greedy MIS=7335, |S|=14441, Oracle MIS=7414, Improvement=79
n=15000, coeff=8, trial=9, GT MIS=7500, Greedy MIS=7335, |S|=12935, Oracle MIS=7500, Improvement=165
n=15000, coeff=8, trial=9, GT MIS=7500, Greedy MIS=7335, |S|=10645, Oracle MIS=7500, Improvement=165
n=15000, coeff=8, trial=9, GT MIS=7500, Greedy MIS=7335, |S|=8602, Oracle MIS=7500, Improvement=165
n=15000, coeff=8, trial=9, GT MIS=7500, Greedy MIS=7335, |S|=7747, Oracle MIS=7500, Improvement=165
n=15000, coeff=9, trial=5, GT MIS=7500, Greedy MIS=7357, |S|=15000, Oracle MIS=7357, Improvement=0
n=15000, coeff=9, trial=5, GT MIS=7500, Greedy MIS=7357, |S|=15000, Oracle MIS=7357, Improvement=0
n=15000, coeff=9, trial=5, GT MIS=7500, Greedy MIS=7357, |S|=15000, Oracle MIS=7357, Improvement=0
n=15000, coeff=9, trial=5, GT MIS=7500, Greedy MIS=7357, |S|=14992, Oracle MIS=7349, Improvement=-8
n=15000, coeff=9, trial=5, GT MIS=7500, Greedy MIS=7357, |S|=14909, Oracle MIS=7267, Improvement=-90
n=15000, coeff=9, trial=5, GT MIS=7500, Greedy MIS=7357, |S|=14255, Oracle MIS=7500, Improvement=143
n=15000, coeff=9, trial=5, GT MIS=7500, Greedy MIS=7357, |S|=12445, Oracle MIS=7500, Improvement=143
n=15000, coeff=9, trial=5, GT MIS=7500, Greedy MIS=7357, |S|=10126, Oracle MIS=7500, Improvement=143
n=15000, coeff=9, trial=5, GT MIS=7500, Greedy MIS=7357, |S|=8231, Oracle MIS=7500, Improvement=143
n=15000, coeff=9, trial=5, GT MIS=7500, Greedy MIS=7357, |S|=7623, Oracle MIS=7500, Improvement=143
n=15000, coeff=9, trial=6, GT MIS=7500, Greedy MIS=7369, |S|=15000, Oracle MIS=7369, Improvement=0
n=15000, coeff=9, trial=6, GT MIS=7500, Greedy MIS=7369, |S|=15000, Oracle MIS=7369, Improvement=0
n=15000, coeff=9, trial=6, GT MIS=7500, Greedy MIS=7369, |S|=15000, Oracle MIS=7369, Improvement=0
n=15000, coeff=9, trial=6, GT MIS=7500, Greedy MIS=7369, |S|=14996, Oracle MIS=7365, Improvement=-4
n=15000, coeff=9, trial=6, GT MIS=7500, Greedy MIS=7369, |S|=14918, Oracle MIS=7288, Improvement=-81
n=15000, coeff=9, trial=6, GT MIS=7500, Greedy MIS=7369, |S|=14283, Oracle MIS=7500, Improvement=131
n=15000, coeff=9, trial=6, GT MIS=7500, Greedy MIS=7369, |S|=12438, Oracle MIS=7500, Improvement=131
n=15000, coeff=9, trial=6, GT MIS=7500, Greedy MIS=7369, |S|=9957, Oracle MIS=7500, Improvement=131
n=15000, coeff=9, trial=6, GT MIS=7500, Greedy MIS=7369, |S|=8236, Oracle MIS=7500, Improvement=131
n=15000, coeff=9, trial=6, GT MIS=7500, Greedy MIS=7369, |S|=7629, Oracle MIS=7499, Improvement=130
n=15000, coeff=9, trial=7, GT MIS=7500, Greedy MIS=7459, |S|=15000, Oracle MIS=7459, Improvement=0
n=15000, coeff=9, trial=7, GT MIS=7500, Greedy MIS=7459, |S|=15000, Oracle MIS=7459, Improvement=0
n=15000, coeff=9, trial=7, GT MIS=7500, Greedy MIS=7459, |S|=15000, Oracle MIS=7459, Improvement=0
n=15000, coeff=9, trial=7, GT MIS=7500, Greedy MIS=7459, |S|=14997, Oracle MIS=7456, Improvement=-3
n=15000, coeff=9, trial=7, GT MIS=7500, Greedy MIS=7459, |S|=14899, Oracle MIS=7316, Improvement=-143
n=15000, coeff=9, trial=7, GT MIS=7500, Greedy MIS=7459, |S|=14182, Oracle MIS=7481, Improvement=22
n=15000, coeff=9, trial=7, GT MIS=7500, Greedy MIS=7459, |S|=12092, Oracle MIS=7500, Improvement=41
n=15000, coeff=9, trial=7, GT MIS=7500, Greedy MIS=7459, |S|=9669, Oracle MIS=7500, Improvement=41
n=15000, coeff=9, trial=7, GT MIS=7500, Greedy MIS=7459, |S|=8142, Oracle MIS=7500, Improvement=41
n=15000, coeff=9, trial=7, GT MIS=7500, Greedy MIS=7459, |S|=7625, Oracle MIS=7500, Improvement=41
n=15000, coeff=9, trial=8, GT MIS=7500, Greedy MIS=7172, |S|=15000, Oracle MIS=7172, Improvement=0
n=15000, coeff=9, trial=8, GT MIS=7500, Greedy MIS=7172, |S|=15000, Oracle MIS=7172, Improvement=0
n=15000, coeff=9, trial=8, GT MIS=7500, Greedy MIS=7172, |S|=15000, Oracle MIS=7172, Improvement=0
n=15000, coeff=9, trial=8, GT MIS=7500, Greedy MIS=7172, |S|=14999, Oracle MIS=7171, Improvement=-1
n=15000, coeff=9, trial=8, GT MIS=7500, Greedy MIS=7172, |S|=14924, Oracle MIS=7390, Improvement=218
n=15000, coeff=9, trial=8, GT MIS=7500, Greedy MIS=7172, |S|=14454, Oracle MIS=7480, Improvement=308
n=15000, coeff=9, trial=8, GT MIS=7500, Greedy MIS=7172, |S|=12803, Oracle MIS=7500, Improvement=328
n=15000, coeff=9, trial=8, GT MIS=7500, Greedy MIS=7172, |S|=10363, Oracle MIS=7500, Improvement=328
n=15000, coeff=9, trial=8, GT MIS=7500, Greedy MIS=7172, |S|=8463, Oracle MIS=7500, Improvement=328
n=15000, coeff=9, trial=8, GT MIS=7500, Greedy MIS=7172, |S|=7651, Oracle MIS=7499, Improvement=327
n=15000, coeff=9, trial=9, GT MIS=7500, Greedy MIS=7144, |S|=15000, Oracle MIS=7144, Improvement=0
n=15000, coeff=9, trial=9, GT MIS=7500, Greedy MIS=7144, |S|=15000, Oracle MIS=7144, Improvement=0
n=15000, coeff=9, trial=9, GT MIS=7500, Greedy MIS=7144, |S|=14999, Oracle MIS=7144, Improvement=0
n=15000, coeff=9, trial=9, GT MIS=7500, Greedy MIS=7144, |S|=14995, Oracle MIS=7144, Improvement=0
n=15000, coeff=9, trial=9, GT MIS=7500, Greedy MIS=7144, |S|=14910, Oracle MIS=7144, Improvement=0
n=15000, coeff=9, trial=9, GT MIS=7500, Greedy MIS=7144, |S|=14321, Oracle MIS=7482, Improvement=338
n=15000, coeff=9, trial=9, GT MIS=7500, Greedy MIS=7144, |S|=12461, Oracle MIS=7500, Improvement=356
n=15000, coeff=9, trial=9, GT MIS=7500, Greedy MIS=7144, |S|=10089, Oracle MIS=7500, Improvement=356
n=15000, coeff=9, trial=9, GT MIS=7500, Greedy MIS=7144, |S|=8258, Oracle MIS=7500, Improvement=356
n=15000, coeff=9, trial=9, GT MIS=7500, Greedy MIS=7144, |S|=7639, Oracle MIS=7500, Improvement=356
n=15000, coeff=10, trial=5, GT MIS=7500, Greedy MIS=7349, |S|=15000, Oracle MIS=7349, Improvement=0
n=15000, coeff=10, trial=5, GT MIS=7500, Greedy MIS=7349, |S|=15000, Oracle MIS=7349, Improvement=0
n=15000, coeff=10, trial=5, GT MIS=7500, Greedy MIS=7349, |S|=15000, Oracle MIS=7349, Improvement=0
n=15000, coeff=10, trial=5, GT MIS=7500, Greedy MIS=7349, |S|=14991, Oracle MIS=7340, Improvement=-9
n=15000, coeff=10, trial=5, GT MIS=7500, Greedy MIS=7349, |S|=14881, Oracle MIS=7449, Improvement=100
n=15000, coeff=10, trial=5, GT MIS=7500, Greedy MIS=7349, |S|=14086, Oracle MIS=7500, Improvement=151
n=15000, coeff=10, trial=5, GT MIS=7500, Greedy MIS=7349, |S|=12040, Oracle MIS=7500, Improvement=151
n=15000, coeff=10, trial=5, GT MIS=7500, Greedy MIS=7349, |S|=9597, Oracle MIS=7500, Improvement=151
n=15000, coeff=10, trial=5, GT MIS=7500, Greedy MIS=7349, |S|=7963, Oracle MIS=7500, Improvement=151
n=15000, coeff=10, trial=5, GT MIS=7500, Greedy MIS=7349, |S|=7557, Oracle MIS=7500, Improvement=151
n=15000, coeff=10, trial=6, GT MIS=7500, Greedy MIS=7303, |S|=15000, Oracle MIS=7303, Improvement=0
n=15000, coeff=10, trial=6, GT MIS=7500, Greedy MIS=7303, |S|=15000, Oracle MIS=7303, Improvement=0
n=15000, coeff=10, trial=6, GT MIS=7500, Greedy MIS=7303, |S|=15000, Oracle MIS=7303, Improvement=0
n=15000, coeff=10, trial=6, GT MIS=7500, Greedy MIS=7303, |S|=14993, Oracle MIS=7296, Improvement=-7
n=15000, coeff=10, trial=6, GT MIS=7500, Greedy MIS=7303, |S|=14885, Oracle MIS=7033, Improvement=-270
n=15000, coeff=10, trial=6, GT MIS=7500, Greedy MIS=7303, |S|=14120, Oracle MIS=7500, Improvement=197
n=15000, coeff=10, trial=6, GT MIS=7500, Greedy MIS=7303, |S|=12064, Oracle MIS=7500, Improvement=197
n=15000, coeff=10, trial=6, GT MIS=7500, Greedy MIS=7303, |S|=9443, Oracle MIS=7500, Improvement=197
n=15000, coeff=10, trial=6, GT MIS=7500, Greedy MIS=7303, |S|=7969, Oracle MIS=7500, Improvement=197
n=15000, coeff=10, trial=6, GT MIS=7500, Greedy MIS=7303, |S|=7558, Oracle MIS=7500, Improvement=197
n=15000, coeff=10, trial=7, GT MIS=7500, Greedy MIS=7475, |S|=15000, Oracle MIS=7475, Improvement=0
n=15000, coeff=10, trial=7, GT MIS=7500, Greedy MIS=7475, |S|=15000, Oracle MIS=7475, Improvement=0
n=15000, coeff=10, trial=7, GT MIS=7500, Greedy MIS=7475, |S|=15000, Oracle MIS=7475, Improvement=0
n=15000, coeff=10, trial=7, GT MIS=7500, Greedy MIS=7475, |S|=14994, Oracle MIS=7469, Improvement=-6
n=15000, coeff=10, trial=7, GT MIS=7500, Greedy MIS=7475, |S|=14870, Oracle MIS=7320, Improvement=-155
n=15000, coeff=10, trial=7, GT MIS=7500, Greedy MIS=7475, |S|=13987, Oracle MIS=7500, Improvement=25
n=15000, coeff=10, trial=7, GT MIS=7500, Greedy MIS=7475, |S|=11759, Oracle MIS=7500, Improvement=25
n=15000, coeff=10, trial=7, GT MIS=7500, Greedy MIS=7475, |S|=9209, Oracle MIS=7500, Improvement=25
n=15000, coeff=10, trial=7, GT MIS=7500, Greedy MIS=7475, |S|=7936, Oracle MIS=7500, Improvement=25
n=15000, coeff=10, trial=7, GT MIS=7500, Greedy MIS=7475, |S|=7562, Oracle MIS=7500, Improvement=25
n=15000, coeff=10, trial=8, GT MIS=7500, Greedy MIS=7382, |S|=15000, Oracle MIS=7382, Improvement=0
n=15000, coeff=10, trial=8, GT MIS=7500, Greedy MIS=7382, |S|=15000, Oracle MIS=7382, Improvement=0
n=15000, coeff=10, trial=8, GT MIS=7500, Greedy MIS=7382, |S|=15000, Oracle MIS=7382, Improvement=0
n=15000, coeff=10, trial=8, GT MIS=7500, Greedy MIS=7382, |S|=14999, Oracle MIS=7381, Improvement=-1
n=15000, coeff=10, trial=8, GT MIS=7500, Greedy MIS=7382, |S|=14930, Oracle MIS=7312, Improvement=-70
n=15000, coeff=10, trial=8, GT MIS=7500, Greedy MIS=7382, |S|=14345, Oracle MIS=7500, Improvement=118
n=15000, coeff=10, trial=8, GT MIS=7500, Greedy MIS=7382, |S|=12440, Oracle MIS=7500, Improvement=118
n=15000, coeff=10, trial=8, GT MIS=7500, Greedy MIS=7382, |S|=9920, Oracle MIS=7500, Improvement=118
n=15000, coeff=10, trial=8, GT MIS=7500, Greedy MIS=7382, |S|=8108, Oracle MIS=7500, Improvement=118
n=15000, coeff=10, trial=8, GT MIS=7500, Greedy MIS=7382, |S|=7589, Oracle MIS=7500, Improvement=118
n=15000, coeff=10, trial=9, GT MIS=7500, Greedy MIS=7221, |S|=15000, Oracle MIS=7221, Improvement=0
n=15000, coeff=10, trial=9, GT MIS=7500, Greedy MIS=7221, |S|=15000, Oracle MIS=7221, Improvement=0
n=15000, coeff=10, trial=9, GT MIS=7500, Greedy MIS=7221, |S|=15000, Oracle MIS=7221, Improvement=0
n=15000, coeff=10, trial=9, GT MIS=7500, Greedy MIS=7221, |S|=14993, Oracle MIS=7214, Improvement=-7
n=15000, coeff=10, trial=9, GT MIS=7500, Greedy MIS=7221, |S|=14906, Oracle MIS=7429, Improvement=208
n=15000, coeff=10, trial=9, GT MIS=7500, Greedy MIS=7221, |S|=14167, Oracle MIS=7479, Improvement=258
n=15000, coeff=10, trial=9, GT MIS=7500, Greedy MIS=7221, |S|=12035, Oracle MIS=7500, Improvement=279
n=15000, coeff=10, trial=9, GT MIS=7500, Greedy MIS=7221, |S|=9542, Oracle MIS=7500, Improvement=279
n=15000, coeff=10, trial=9, GT MIS=7500, Greedy MIS=7221, |S|=7985, Oracle MIS=7500, Improvement=279
n=15000, coeff=10, trial=9, GT MIS=7500, Greedy MIS=7221, |S|=7576, Oracle MIS=7500, Improvement=279
Results saved to bipartite_experiment_results_epislons_15000.csv
