Running job on compute-0-40
Requested resources:
  - CPUs: 18
  - GPUs: 
  - Memory: 18000
n=60000, coeff=10.0, trial=0, GT MIS=30000, Greedy MIS=29940, |S|=60000, Oracle MIS=29940, Improvement=0
n=60000, coeff=10.0, trial=0, GT MIS=30000, Greedy MIS=29940, |S|=60000, Oracle MIS=29940, Improvement=0
n=60000, coeff=10.0, trial=0, GT MIS=30000, Greedy MIS=29940, |S|=60000, Oracle MIS=29940, Improvement=0
n=60000, coeff=10.0, trial=0, GT MIS=30000, Greedy MIS=29940, |S|=59965, Oracle MIS=29875, Improvement=-65
n=60000, coeff=10.0, trial=0, GT MIS=30000, Greedy MIS=29940, |S|=59313, Oracle MIS=28988, Improvement=-952
n=60000, coeff=10.0, trial=0, GT MIS=30000, Greedy MIS=29940, |S|=55213, Oracle MIS=30000, Improvement=60
n=60000, coeff=10.0, trial=0, GT MIS=30000, Greedy MIS=29940, |S|=45177, Oracle MIS=30000, Improvement=60
n=60000, coeff=10.0, trial=0, GT MIS=30000, Greedy MIS=29940, |S|=35343, Oracle MIS=30000, Improvement=60
n=60000, coeff=10.0, trial=0, GT MIS=30000, Greedy MIS=29940, |S|=30960, Oracle MIS=30000, Improvement=60
n=60000, coeff=10.0, trial=0, GT MIS=30000, Greedy MIS=29940, |S|=30097, Oracle MIS=30000, Improvement=60
n=60000, coeff=10.0, trial=1, GT MIS=30000, Greedy MIS=29000, |S|=60000, Oracle MIS=29000, Improvement=0
n=60000, coeff=10.0, trial=1, GT MIS=30000, Greedy MIS=29000, |S|=60000, Oracle MIS=29000, Improvement=0
n=60000, coeff=10.0, trial=1, GT MIS=30000, Greedy MIS=29000, |S|=60000, Oracle MIS=29000, Improvement=0
n=60000, coeff=10.0, trial=1, GT MIS=30000, Greedy MIS=29000, |S|=59964, Oracle MIS=28938, Improvement=-62
n=60000, coeff=10.0, trial=1, GT MIS=30000, Greedy MIS=29000, |S|=59381, Oracle MIS=29771, Improvement=771
n=60000, coeff=10.0, trial=1, GT MIS=30000, Greedy MIS=29000, |S|=55273, Oracle MIS=30000, Improvement=1000
n=60000, coeff=10.0, trial=1, GT MIS=30000, Greedy MIS=29000, |S|=45235, Oracle MIS=30000, Improvement=1000
n=60000, coeff=10.0, trial=1, GT MIS=30000, Greedy MIS=29000, |S|=35325, Oracle MIS=30000, Improvement=1000
n=60000, coeff=10.0, trial=1, GT MIS=30000, Greedy MIS=29000, |S|=30897, Oracle MIS=30000, Improvement=1000
n=60000, coeff=10.0, trial=1, GT MIS=30000, Greedy MIS=29000, |S|=30086, Oracle MIS=29999, Improvement=999
n=60000, coeff=10.0, trial=2, GT MIS=30000, Greedy MIS=29756, |S|=60000, Oracle MIS=29756, Improvement=0
n=60000, coeff=10.0, trial=2, GT MIS=30000, Greedy MIS=29756, |S|=60000, Oracle MIS=29756, Improvement=0
n=60000, coeff=10.0, trial=2, GT MIS=30000, Greedy MIS=29756, |S|=60000, Oracle MIS=29756, Improvement=0
n=60000, coeff=10.0, trial=2, GT MIS=30000, Greedy MIS=29756, |S|=59977, Oracle MIS=29733, Improvement=-23
n=60000, coeff=10.0, trial=2, GT MIS=30000, Greedy MIS=29756, |S|=59401, Oracle MIS=28630, Improvement=-1126
n=60000, coeff=10.0, trial=2, GT MIS=30000, Greedy MIS=29756, |S|=55295, Oracle MIS=30000, Improvement=244
n=60000, coeff=10.0, trial=2, GT MIS=30000, Greedy MIS=29756, |S|=45212, Oracle MIS=30000, Improvement=244
n=60000, coeff=10.0, trial=2, GT MIS=30000, Greedy MIS=29756, |S|=35422, Oracle MIS=30000, Improvement=244
n=60000, coeff=10.0, trial=2, GT MIS=30000, Greedy MIS=29756, |S|=30988, Oracle MIS=30000, Improvement=244
n=60000, coeff=10.0, trial=2, GT MIS=30000, Greedy MIS=29756, |S|=30108, Oracle MIS=30000, Improvement=244
n=60000, coeff=10.0, trial=3, GT MIS=30000, Greedy MIS=29764, |S|=60000, Oracle MIS=29764, Improvement=0
n=60000, coeff=10.0, trial=3, GT MIS=30000, Greedy MIS=29764, |S|=60000, Oracle MIS=29764, Improvement=0
n=60000, coeff=10.0, trial=3, GT MIS=30000, Greedy MIS=29764, |S|=60000, Oracle MIS=29764, Improvement=0
n=60000, coeff=10.0, trial=3, GT MIS=30000, Greedy MIS=29764, |S|=59974, Oracle MIS=29738, Improvement=-26
n=60000, coeff=10.0, trial=3, GT MIS=30000, Greedy MIS=29764, |S|=59367, Oracle MIS=28282, Improvement=-1482
n=60000, coeff=10.0, trial=3, GT MIS=30000, Greedy MIS=29764, |S|=55309, Oracle MIS=30000, Improvement=236
n=60000, coeff=10.0, trial=3, GT MIS=30000, Greedy MIS=29764, |S|=44918, Oracle MIS=30000, Improvement=236
n=60000, coeff=10.0, trial=3, GT MIS=30000, Greedy MIS=29764, |S|=35229, Oracle MIS=30000, Improvement=236
n=60000, coeff=10.0, trial=3, GT MIS=30000, Greedy MIS=29764, |S|=30936, Oracle MIS=30000, Improvement=236
n=60000, coeff=10.0, trial=3, GT MIS=30000, Greedy MIS=29764, |S|=30090, Oracle MIS=29999, Improvement=235
n=60000, coeff=10.0, trial=4, GT MIS=30000, Greedy MIS=29219, |S|=60000, Oracle MIS=29219, Improvement=0
n=60000, coeff=10.0, trial=4, GT MIS=30000, Greedy MIS=29219, |S|=60000, Oracle MIS=29219, Improvement=0
n=60000, coeff=10.0, trial=4, GT MIS=30000, Greedy MIS=29219, |S|=60000, Oracle MIS=29219, Improvement=0
n=60000, coeff=10.0, trial=4, GT MIS=30000, Greedy MIS=29219, |S|=59971, Oracle MIS=29219, Improvement=0
n=60000, coeff=10.0, trial=4, GT MIS=30000, Greedy MIS=29219, |S|=59388, Oracle MIS=29528, Improvement=309
n=60000, coeff=10.0, trial=4, GT MIS=30000, Greedy MIS=29219, |S|=55484, Oracle MIS=30000, Improvement=781
n=60000, coeff=10.0, trial=4, GT MIS=30000, Greedy MIS=29219, |S|=45395, Oracle MIS=30000, Improvement=781
n=60000, coeff=10.0, trial=4, GT MIS=30000, Greedy MIS=29219, |S|=35378, Oracle MIS=30000, Improvement=781
n=60000, coeff=10.0, trial=4, GT MIS=30000, Greedy MIS=29219, |S|=30956, Oracle MIS=30000, Improvement=781
n=60000, coeff=10.0, trial=4, GT MIS=30000, Greedy MIS=29219, |S|=30089, Oracle MIS=29999, Improvement=780
n=60000, coeff=10.0, trial=5, GT MIS=30000, Greedy MIS=29738, |S|=60000, Oracle MIS=29738, Improvement=0
n=60000, coeff=10.0, trial=5, GT MIS=30000, Greedy MIS=29738, |S|=60000, Oracle MIS=29738, Improvement=0
n=60000, coeff=10.0, trial=5, GT MIS=30000, Greedy MIS=29738, |S|=59996, Oracle MIS=29734, Improvement=-4
n=60000, coeff=10.0, trial=5, GT MIS=30000, Greedy MIS=29738, |S|=59959, Oracle MIS=29697, Improvement=-41
n=60000, coeff=10.0, trial=5, GT MIS=30000, Greedy MIS=29738, |S|=59411, Oracle MIS=29660, Improvement=-78
n=60000, coeff=10.0, trial=5, GT MIS=30000, Greedy MIS=29738, |S|=55303, Oracle MIS=29976, Improvement=238
n=60000, coeff=10.0, trial=5, GT MIS=30000, Greedy MIS=29738, |S|=45449, Oracle MIS=30000, Improvement=262
n=60000, coeff=10.0, trial=5, GT MIS=30000, Greedy MIS=29738, |S|=35469, Oracle MIS=30000, Improvement=262
n=60000, coeff=10.0, trial=5, GT MIS=30000, Greedy MIS=29738, |S|=31013, Oracle MIS=30000, Improvement=262
n=60000, coeff=10.0, trial=5, GT MIS=30000, Greedy MIS=29738, |S|=30082, Oracle MIS=29999, Improvement=261
n=60000, coeff=10.0, trial=6, GT MIS=30000, Greedy MIS=29494, |S|=60000, Oracle MIS=29494, Improvement=0
n=60000, coeff=10.0, trial=6, GT MIS=30000, Greedy MIS=29494, |S|=60000, Oracle MIS=29494, Improvement=0
n=60000, coeff=10.0, trial=6, GT MIS=30000, Greedy MIS=29494, |S|=60000, Oracle MIS=29494, Improvement=0
n=60000, coeff=10.0, trial=6, GT MIS=30000, Greedy MIS=29494, |S|=59966, Oracle MIS=29494, Improvement=0
n=60000, coeff=10.0, trial=6, GT MIS=30000, Greedy MIS=29494, |S|=59382, Oracle MIS=29768, Improvement=274
n=60000, coeff=10.0, trial=6, GT MIS=30000, Greedy MIS=29494, |S|=55252, Oracle MIS=30000, Improvement=506
n=60000, coeff=10.0, trial=6, GT MIS=30000, Greedy MIS=29494, |S|=45167, Oracle MIS=30000, Improvement=506
n=60000, coeff=10.0, trial=6, GT MIS=30000, Greedy MIS=29494, |S|=35381, Oracle MIS=30000, Improvement=506
n=60000, coeff=10.0, trial=6, GT MIS=30000, Greedy MIS=29494, |S|=30925, Oracle MIS=30000, Improvement=506
n=60000, coeff=10.0, trial=6, GT MIS=30000, Greedy MIS=29494, |S|=30084, Oracle MIS=30000, Improvement=506
n=60000, coeff=10.0, trial=7, GT MIS=30000, Greedy MIS=29507, |S|=60000, Oracle MIS=29507, Improvement=0
n=60000, coeff=10.0, trial=7, GT MIS=30000, Greedy MIS=29507, |S|=60000, Oracle MIS=29507, Improvement=0
n=60000, coeff=10.0, trial=7, GT MIS=30000, Greedy MIS=29507, |S|=59999, Oracle MIS=29506, Improvement=-1
n=60000, coeff=10.0, trial=7, GT MIS=30000, Greedy MIS=29507, |S|=59970, Oracle MIS=29477, Improvement=-30
n=60000, coeff=10.0, trial=7, GT MIS=30000, Greedy MIS=29507, |S|=59352, Oracle MIS=29503, Improvement=-4
n=60000, coeff=10.0, trial=7, GT MIS=30000, Greedy MIS=29507, |S|=55142, Oracle MIS=30000, Improvement=493
n=60000, coeff=10.0, trial=7, GT MIS=30000, Greedy MIS=29507, |S|=44817, Oracle MIS=30000, Improvement=493
n=60000, coeff=10.0, trial=7, GT MIS=30000, Greedy MIS=29507, |S|=35096, Oracle MIS=30000, Improvement=493
n=60000, coeff=10.0, trial=7, GT MIS=30000, Greedy MIS=29507, |S|=30940, Oracle MIS=30000, Improvement=493
n=60000, coeff=10.0, trial=7, GT MIS=30000, Greedy MIS=29507, |S|=30077, Oracle MIS=30000, Improvement=493
n=60000, coeff=10.0, trial=8, GT MIS=30000, Greedy MIS=29660, |S|=60000, Oracle MIS=29660, Improvement=0
n=60000, coeff=10.0, trial=8, GT MIS=30000, Greedy MIS=29660, |S|=60000, Oracle MIS=29660, Improvement=0
n=60000, coeff=10.0, trial=8, GT MIS=30000, Greedy MIS=29660, |S|=59999, Oracle MIS=29659, Improvement=-1
n=60000, coeff=10.0, trial=8, GT MIS=30000, Greedy MIS=29660, |S|=59968, Oracle MIS=29598, Improvement=-62
n=60000, coeff=10.0, trial=8, GT MIS=30000, Greedy MIS=29660, |S|=59409, Oracle MIS=28665, Improvement=-995
n=60000, coeff=10.0, trial=8, GT MIS=30000, Greedy MIS=29660, |S|=55545, Oracle MIS=29978, Improvement=318
n=60000, coeff=10.0, trial=8, GT MIS=30000, Greedy MIS=29660, |S|=45545, Oracle MIS=30000, Improvement=340
n=60000, coeff=10.0, trial=8, GT MIS=30000, Greedy MIS=29660, |S|=35287, Oracle MIS=30000, Improvement=340
n=60000, coeff=10.0, trial=8, GT MIS=30000, Greedy MIS=29660, |S|=30893, Oracle MIS=30000, Improvement=340
n=60000, coeff=10.0, trial=8, GT MIS=30000, Greedy MIS=29660, |S|=30090, Oracle MIS=30000, Improvement=340
n=60000, coeff=10.0, trial=9, GT MIS=30000, Greedy MIS=29331, |S|=60000, Oracle MIS=29331, Improvement=0
n=60000, coeff=10.0, trial=9, GT MIS=30000, Greedy MIS=29331, |S|=60000, Oracle MIS=29331, Improvement=0
n=60000, coeff=10.0, trial=9, GT MIS=30000, Greedy MIS=29331, |S|=60000, Oracle MIS=29331, Improvement=0
n=60000, coeff=10.0, trial=9, GT MIS=30000, Greedy MIS=29331, |S|=59983, Oracle MIS=29331, Improvement=0
n=60000, coeff=10.0, trial=9, GT MIS=30000, Greedy MIS=29331, |S|=59510, Oracle MIS=29763, Improvement=432
n=60000, coeff=10.0, trial=9, GT MIS=30000, Greedy MIS=29331, |S|=55763, Oracle MIS=30000, Improvement=669
n=60000, coeff=10.0, trial=9, GT MIS=30000, Greedy MIS=29331, |S|=46111, Oracle MIS=30000, Improvement=669
n=60000, coeff=10.0, trial=9, GT MIS=30000, Greedy MIS=29331, |S|=35701, Oracle MIS=30000, Improvement=669
n=60000, coeff=10.0, trial=9, GT MIS=30000, Greedy MIS=29331, |S|=31041, Oracle MIS=30000, Improvement=669
n=60000, coeff=10.0, trial=9, GT MIS=30000, Greedy MIS=29331, |S|=30109, Oracle MIS=30000, Improvement=669
Results saved to bipartite_experiment_results_epislons_60000.csv
