Running job on compute-3-03
Requested resources:
  - CPUs: 12
  - GPUs: 
  - Memory: 18000
Skipping n=85000, coeff=2.0, trial=0, epsilon=0.025 as entry already exists.
Skipping n=85000, coeff=2.0, trial=0, epsilon=0.05 as entry already exists.
Skipping n=85000, coeff=2.0, trial=0, epsilon=0.075 as entry already exists.
Skipping n=85000, coeff=2.0, trial=0, epsilon=0.1 as entry already exists.
Skipping n=85000, coeff=2.0, trial=0, epsilon=0.125 as entry already exists.
Skipping n=85000, coeff=2.0, trial=0, epsilon=0.15 as entry already exists.
Skipping n=85000, coeff=2.0, trial=0, epsilon=0.175 as entry already exists.
Skipping n=85000, coeff=2.0, trial=0, epsilon=0.2 as entry already exists.
Skipping n=85000, coeff=2.0, trial=0, epsilon=0.225 as entry already exists.
Skipping n=85000, coeff=2.0, trial=0, epsilon=0.25 as entry already exists.
Skipping n=85000, coeff=2.0, trial=1, epsilon=0.025 as entry already exists.
Skipping n=85000, coeff=2.0, trial=1, epsilon=0.05 as entry already exists.
Skipping n=85000, coeff=2.0, trial=1, epsilon=0.075 as entry already exists.
Skipping n=85000, coeff=2.0, trial=1, epsilon=0.1 as entry already exists.
Skipping n=85000, coeff=2.0, trial=1, epsilon=0.125 as entry already exists.
Skipping n=85000, coeff=2.0, trial=1, epsilon=0.15 as entry already exists.
Skipping n=85000, coeff=2.0, trial=1, epsilon=0.175 as entry already exists.
Skipping n=85000, coeff=2.0, trial=1, epsilon=0.2 as entry already exists.
Skipping n=85000, coeff=2.0, trial=1, epsilon=0.225 as entry already exists.
Skipping n=85000, coeff=2.0, trial=1, epsilon=0.25 as entry already exists.
Skipping n=85000, coeff=2.0, trial=2, epsilon=0.025 as entry already exists.
Skipping n=85000, coeff=2.0, trial=2, epsilon=0.05 as entry already exists.
Skipping n=85000, coeff=2.0, trial=2, epsilon=0.075 as entry already exists.
Skipping n=85000, coeff=2.0, trial=2, epsilon=0.1 as entry already exists.
Skipping n=85000, coeff=2.0, trial=2, epsilon=0.125 as entry already exists.
Skipping n=85000, coeff=2.0, trial=2, epsilon=0.15 as entry already exists.
Skipping n=85000, coeff=2.0, trial=2, epsilon=0.175 as entry already exists.
Skipping n=85000, coeff=2.0, trial=2, epsilon=0.2 as entry already exists.
Skipping n=85000, coeff=2.0, trial=2, epsilon=0.225 as entry already exists.
Skipping n=85000, coeff=2.0, trial=2, epsilon=0.25 as entry already exists.
Skipping n=85000, coeff=2.0, trial=3, epsilon=0.025 as entry already exists.
Skipping n=85000, coeff=2.0, trial=3, epsilon=0.05 as entry already exists.
Skipping n=85000, coeff=2.0, trial=3, epsilon=0.075 as entry already exists.
Skipping n=85000, coeff=2.0, trial=3, epsilon=0.1 as entry already exists.
Skipping n=85000, coeff=2.0, trial=3, epsilon=0.125 as entry already exists.
Skipping n=85000, coeff=2.0, trial=3, epsilon=0.15 as entry already exists.
Skipping n=85000, coeff=2.0, trial=3, epsilon=0.175 as entry already exists.
Skipping n=85000, coeff=2.0, trial=3, epsilon=0.2 as entry already exists.
Skipping n=85000, coeff=2.0, trial=3, epsilon=0.225 as entry already exists.
Skipping n=85000, coeff=2.0, trial=3, epsilon=0.25 as entry already exists.
Skipping n=85000, coeff=2.0, trial=4, epsilon=0.025 as entry already exists.
Skipping n=85000, coeff=2.0, trial=4, epsilon=0.05 as entry already exists.
Skipping n=85000, coeff=2.0, trial=4, epsilon=0.075 as entry already exists.
Skipping n=85000, coeff=2.0, trial=4, epsilon=0.1 as entry already exists.
Skipping n=85000, coeff=2.0, trial=4, epsilon=0.125 as entry already exists.
Skipping n=85000, coeff=2.0, trial=4, epsilon=0.15 as entry already exists.
Skipping n=85000, coeff=2.0, trial=4, epsilon=0.175 as entry already exists.
Skipping n=85000, coeff=2.0, trial=4, epsilon=0.2 as entry already exists.
Skipping n=85000, coeff=2.0, trial=4, epsilon=0.225 as entry already exists.
Skipping n=85000, coeff=2.0, trial=4, epsilon=0.25 as entry already exists.
Skipping n=85000, coeff=2.0, trial=5, epsilon=0.025 as entry already exists.
Skipping n=85000, coeff=2.0, trial=5, epsilon=0.05 as entry already exists.
Skipping n=85000, coeff=2.0, trial=5, epsilon=0.075 as entry already exists.
Skipping n=85000, coeff=2.0, trial=5, epsilon=0.1 as entry already exists.
Skipping n=85000, coeff=2.0, trial=5, epsilon=0.125 as entry already exists.
Skipping n=85000, coeff=2.0, trial=5, epsilon=0.15 as entry already exists.
Skipping n=85000, coeff=2.0, trial=5, epsilon=0.175 as entry already exists.
Skipping n=85000, coeff=2.0, trial=5, epsilon=0.2 as entry already exists.
Skipping n=85000, coeff=2.0, trial=5, epsilon=0.225 as entry already exists.
Skipping n=85000, coeff=2.0, trial=5, epsilon=0.25 as entry already exists.
Skipping n=85000, coeff=2.0, trial=6, epsilon=0.025 as entry already exists.
Skipping n=85000, coeff=2.0, trial=6, epsilon=0.05 as entry already exists.
Skipping n=85000, coeff=2.0, trial=6, epsilon=0.075 as entry already exists.
Skipping n=85000, coeff=2.0, trial=6, epsilon=0.1 as entry already exists.
Skipping n=85000, coeff=2.0, trial=6, epsilon=0.125 as entry already exists.
Skipping n=85000, coeff=2.0, trial=6, epsilon=0.15 as entry already exists.
Skipping n=85000, coeff=2.0, trial=6, epsilon=0.175 as entry already exists.
Skipping n=85000, coeff=2.0, trial=6, epsilon=0.2 as entry already exists.
Skipping n=85000, coeff=2.0, trial=6, epsilon=0.225 as entry already exists.
Skipping n=85000, coeff=2.0, trial=6, epsilon=0.25 as entry already exists.
Skipping n=85000, coeff=2.0, trial=7, epsilon=0.025 as entry already exists.
Skipping n=85000, coeff=2.0, trial=7, epsilon=0.05 as entry already exists.
Skipping n=85000, coeff=2.0, trial=7, epsilon=0.075 as entry already exists.
Skipping n=85000, coeff=2.0, trial=7, epsilon=0.1 as entry already exists.
Skipping n=85000, coeff=2.0, trial=7, epsilon=0.125 as entry already exists.
Skipping n=85000, coeff=2.0, trial=7, epsilon=0.15 as entry already exists.
Skipping n=85000, coeff=2.0, trial=7, epsilon=0.175 as entry already exists.
Skipping n=85000, coeff=2.0, trial=7, epsilon=0.2 as entry already exists.
Skipping n=85000, coeff=2.0, trial=7, epsilon=0.225 as entry already exists.
Skipping n=85000, coeff=2.0, trial=7, epsilon=0.25 as entry already exists.
Skipping n=85000, coeff=2.0, trial=8, epsilon=0.025 as entry already exists.
Skipping n=85000, coeff=2.0, trial=8, epsilon=0.05 as entry already exists.
Skipping n=85000, coeff=2.0, trial=8, epsilon=0.075 as entry already exists.
Skipping n=85000, coeff=2.0, trial=8, epsilon=0.1 as entry already exists.
n=85000, coeff=2.0, trial=8, GT MIS=42501, Greedy MIS=40288, |S|=84751, Oracle MIS=40329, Improvement=41
n=85000, coeff=2.0, trial=8, GT MIS=42501, Greedy MIS=40288, |S|=83876, Oracle MIS=42216, Improvement=1928
n=85000, coeff=2.0, trial=8, GT MIS=42501, Greedy MIS=40288, |S|=81905, Oracle MIS=42212, Improvement=1924
n=85000, coeff=2.0, trial=8, GT MIS=42501, Greedy MIS=40288, |S|=76845, Oracle MIS=42470, Improvement=2182
n=85000, coeff=2.0, trial=8, GT MIS=42501, Greedy MIS=40288, |S|=69951, Oracle MIS=42472, Improvement=2184
n=85000, coeff=2.0, trial=8, GT MIS=42501, Greedy MIS=40288, |S|=60797, Oracle MIS=42439, Improvement=2151
n=85000, coeff=2.0, trial=9, GT MIS=42501, Greedy MIS=39780, |S|=85000, Oracle MIS=39780, Improvement=0
n=85000, coeff=2.0, trial=9, GT MIS=42501, Greedy MIS=39780, |S|=85000, Oracle MIS=39780, Improvement=0
n=85000, coeff=2.0, trial=9, GT MIS=42501, Greedy MIS=39780, |S|=84992, Oracle MIS=39761, Improvement=-19
n=85000, coeff=2.0, trial=9, GT MIS=42501, Greedy MIS=39780, |S|=84945, Oracle MIS=39634, Improvement=-146
n=85000, coeff=2.0, trial=9, GT MIS=42501, Greedy MIS=39780, |S|=84730, Oracle MIS=38835, Improvement=-945
n=85000, coeff=2.0, trial=9, GT MIS=42501, Greedy MIS=39780, |S|=83788, Oracle MIS=39024, Improvement=-756
n=85000, coeff=2.0, trial=9, GT MIS=42501, Greedy MIS=39780, |S|=81745, Oracle MIS=39061, Improvement=-719
n=85000, coeff=2.0, trial=9, GT MIS=42501, Greedy MIS=39780, |S|=76431, Oracle MIS=42137, Improvement=2357
n=85000, coeff=2.0, trial=9, GT MIS=42501, Greedy MIS=39780, |S|=69479, Oracle MIS=42453, Improvement=2673
n=85000, coeff=2.0, trial=9, GT MIS=42501, Greedy MIS=39780, |S|=60395, Oracle MIS=42449, Improvement=2669
Results saved to bipartite_experiment_results_epislons_85000.csv
