Running job on compute-3-03
Requested resources:
  - CPUs: 18
  - GPUs: 
  - Memory: 18000
n=10000, coeff=11, trial=0, GT MIS=5000, Greedy MIS=4948, |S|=10000, Oracle MIS=4948, Improvement=0
n=10000, coeff=11, trial=0, GT MIS=5000, Greedy MIS=4948, |S|=10000, Oracle MIS=4948, Improvement=0
n=10000, coeff=11, trial=0, GT MIS=5000, Greedy MIS=4948, |S|=10000, Oracle MIS=4948, Improvement=0
n=10000, coeff=11, trial=0, GT MIS=5000, Greedy MIS=4948, |S|=9999, Oracle MIS=4947, Improvement=-1
n=10000, coeff=11, trial=0, GT MIS=5000, Greedy MIS=4948, |S|=9933, Oracle MIS=4827, Improvement=-121
n=10000, coeff=11, trial=0, GT MIS=5000, Greedy MIS=4948, |S|=9500, Oracle MIS=5000, Improvement=52
n=10000, coeff=11, trial=0, GT MIS=5000, Greedy MIS=4948, |S|=8028, Oracle MIS=5000, Improvement=52
n=10000, coeff=11, trial=0, GT MIS=5000, Greedy MIS=4948, |S|=6337, Oracle MIS=5000, Improvement=52
n=10000, coeff=11, trial=0, GT MIS=5000, Greedy MIS=4948, |S|=5281, Oracle MIS=5000, Improvement=52
n=10000, coeff=11, trial=0, GT MIS=5000, Greedy MIS=4948, |S|=5033, Oracle MIS=5000, Improvement=52
n=10000, coeff=11, trial=1, GT MIS=5000, Greedy MIS=4847, |S|=10000, Oracle MIS=4847, Improvement=0
n=10000, coeff=11, trial=1, GT MIS=5000, Greedy MIS=4847, |S|=10000, Oracle MIS=4847, Improvement=0
n=10000, coeff=11, trial=1, GT MIS=5000, Greedy MIS=4847, |S|=10000, Oracle MIS=4847, Improvement=0
n=10000, coeff=11, trial=1, GT MIS=5000, Greedy MIS=4847, |S|=9992, Oracle MIS=4839, Improvement=-8
n=10000, coeff=11, trial=1, GT MIS=5000, Greedy MIS=4847, |S|=9902, Oracle MIS=4921, Improvement=74
n=10000, coeff=11, trial=1, GT MIS=5000, Greedy MIS=4847, |S|=9271, Oracle MIS=5000, Improvement=153
n=10000, coeff=11, trial=1, GT MIS=5000, Greedy MIS=4847, |S|=7804, Oracle MIS=5000, Improvement=153
n=10000, coeff=11, trial=1, GT MIS=5000, Greedy MIS=4847, |S|=6001, Oracle MIS=5000, Improvement=153
n=10000, coeff=11, trial=1, GT MIS=5000, Greedy MIS=4847, |S|=5177, Oracle MIS=5000, Improvement=153
n=10000, coeff=11, trial=1, GT MIS=5000, Greedy MIS=4847, |S|=5012, Oracle MIS=5000, Improvement=153
n=10000, coeff=11, trial=2, GT MIS=5000, Greedy MIS=4917, |S|=10000, Oracle MIS=4917, Improvement=0
n=10000, coeff=11, trial=2, GT MIS=5000, Greedy MIS=4917, |S|=10000, Oracle MIS=4917, Improvement=0
n=10000, coeff=11, trial=2, GT MIS=5000, Greedy MIS=4917, |S|=10000, Oracle MIS=4917, Improvement=0
n=10000, coeff=11, trial=2, GT MIS=5000, Greedy MIS=4917, |S|=9999, Oracle MIS=4917, Improvement=0
n=10000, coeff=11, trial=2, GT MIS=5000, Greedy MIS=4917, |S|=9931, Oracle MIS=4825, Improvement=-92
n=10000, coeff=11, trial=2, GT MIS=5000, Greedy MIS=4917, |S|=9371, Oracle MIS=5000, Improvement=83
n=10000, coeff=11, trial=2, GT MIS=5000, Greedy MIS=4917, |S|=7846, Oracle MIS=5000, Improvement=83
n=10000, coeff=11, trial=2, GT MIS=5000, Greedy MIS=4917, |S|=6252, Oracle MIS=5000, Improvement=83
n=10000, coeff=11, trial=2, GT MIS=5000, Greedy MIS=4917, |S|=5276, Oracle MIS=5000, Improvement=83
n=10000, coeff=11, trial=2, GT MIS=5000, Greedy MIS=4917, |S|=5025, Oracle MIS=5000, Improvement=83
n=10000, coeff=11, trial=3, GT MIS=5000, Greedy MIS=4834, |S|=10000, Oracle MIS=4834, Improvement=0
n=10000, coeff=11, trial=3, GT MIS=5000, Greedy MIS=4834, |S|=10000, Oracle MIS=4834, Improvement=0
n=10000, coeff=11, trial=3, GT MIS=5000, Greedy MIS=4834, |S|=10000, Oracle MIS=4834, Improvement=0
n=10000, coeff=11, trial=3, GT MIS=5000, Greedy MIS=4834, |S|=9992, Oracle MIS=4742, Improvement=-92
n=10000, coeff=11, trial=3, GT MIS=5000, Greedy MIS=4834, |S|=9872, Oracle MIS=4979, Improvement=145
n=10000, coeff=11, trial=3, GT MIS=5000, Greedy MIS=4834, |S|=9177, Oracle MIS=4979, Improvement=145
n=10000, coeff=11, trial=3, GT MIS=5000, Greedy MIS=4834, |S|=7549, Oracle MIS=5000, Improvement=166
n=10000, coeff=11, trial=3, GT MIS=5000, Greedy MIS=4834, |S|=6036, Oracle MIS=5000, Improvement=166
n=10000, coeff=11, trial=3, GT MIS=5000, Greedy MIS=4834, |S|=5204, Oracle MIS=5000, Improvement=166
n=10000, coeff=11, trial=3, GT MIS=5000, Greedy MIS=4834, |S|=5011, Oracle MIS=4999, Improvement=165
n=10000, coeff=11, trial=4, GT MIS=5000, Greedy MIS=4921, |S|=10000, Oracle MIS=4921, Improvement=0
n=10000, coeff=11, trial=4, GT MIS=5000, Greedy MIS=4921, |S|=10000, Oracle MIS=4921, Improvement=0
n=10000, coeff=11, trial=4, GT MIS=5000, Greedy MIS=4921, |S|=10000, Oracle MIS=4921, Improvement=0
n=10000, coeff=11, trial=4, GT MIS=5000, Greedy MIS=4921, |S|=9991, Oracle MIS=4912, Improvement=-9
n=10000, coeff=11, trial=4, GT MIS=5000, Greedy MIS=4921, |S|=9901, Oracle MIS=4824, Improvement=-97
n=10000, coeff=11, trial=4, GT MIS=5000, Greedy MIS=4921, |S|=9231, Oracle MIS=5000, Improvement=79
n=10000, coeff=11, trial=4, GT MIS=5000, Greedy MIS=4921, |S|=7597, Oracle MIS=5000, Improvement=79
n=10000, coeff=11, trial=4, GT MIS=5000, Greedy MIS=4921, |S|=6024, Oracle MIS=5000, Improvement=79
n=10000, coeff=11, trial=4, GT MIS=5000, Greedy MIS=4921, |S|=5216, Oracle MIS=5000, Improvement=79
n=10000, coeff=11, trial=4, GT MIS=5000, Greedy MIS=4921, |S|=5030, Oracle MIS=5000, Improvement=79
n=10000, coeff=11, trial=5, GT MIS=5000, Greedy MIS=4945, |S|=10000, Oracle MIS=4945, Improvement=0
n=10000, coeff=11, trial=5, GT MIS=5000, Greedy MIS=4945, |S|=10000, Oracle MIS=4945, Improvement=0
n=10000, coeff=11, trial=5, GT MIS=5000, Greedy MIS=4945, |S|=10000, Oracle MIS=4945, Improvement=0
n=10000, coeff=11, trial=5, GT MIS=5000, Greedy MIS=4945, |S|=9997, Oracle MIS=4942, Improvement=-3
n=10000, coeff=11, trial=5, GT MIS=5000, Greedy MIS=4945, |S|=9934, Oracle MIS=4946, Improvement=1
n=10000, coeff=11, trial=5, GT MIS=5000, Greedy MIS=4945, |S|=9432, Oracle MIS=5000, Improvement=55
n=10000, coeff=11, trial=5, GT MIS=5000, Greedy MIS=4945, |S|=7924, Oracle MIS=5000, Improvement=55
n=10000, coeff=11, trial=5, GT MIS=5000, Greedy MIS=4945, |S|=6167, Oracle MIS=5000, Improvement=55
n=10000, coeff=11, trial=5, GT MIS=5000, Greedy MIS=4945, |S|=5248, Oracle MIS=5000, Improvement=55
n=10000, coeff=11, trial=5, GT MIS=5000, Greedy MIS=4945, |S|=5029, Oracle MIS=5000, Improvement=55
n=10000, coeff=11, trial=6, GT MIS=5000, Greedy MIS=4892, |S|=10000, Oracle MIS=4892, Improvement=0
n=10000, coeff=11, trial=6, GT MIS=5000, Greedy MIS=4892, |S|=10000, Oracle MIS=4892, Improvement=0
n=10000, coeff=11, trial=6, GT MIS=5000, Greedy MIS=4892, |S|=10000, Oracle MIS=4892, Improvement=0
n=10000, coeff=11, trial=6, GT MIS=5000, Greedy MIS=4892, |S|=9995, Oracle MIS=4887, Improvement=-5
n=10000, coeff=11, trial=6, GT MIS=5000, Greedy MIS=4892, |S|=9896, Oracle MIS=4973, Improvement=81
n=10000, coeff=11, trial=6, GT MIS=5000, Greedy MIS=4892, |S|=9278, Oracle MIS=5000, Improvement=108
n=10000, coeff=11, trial=6, GT MIS=5000, Greedy MIS=4892, |S|=7599, Oracle MIS=5000, Improvement=108
n=10000, coeff=11, trial=6, GT MIS=5000, Greedy MIS=4892, |S|=6043, Oracle MIS=5000, Improvement=108
n=10000, coeff=11, trial=6, GT MIS=5000, Greedy MIS=4892, |S|=5220, Oracle MIS=5000, Improvement=108
n=10000, coeff=11, trial=6, GT MIS=5000, Greedy MIS=4892, |S|=5028, Oracle MIS=5000, Improvement=108
n=10000, coeff=11, trial=7, GT MIS=5000, Greedy MIS=4865, |S|=10000, Oracle MIS=4865, Improvement=0
n=10000, coeff=11, trial=7, GT MIS=5000, Greedy MIS=4865, |S|=10000, Oracle MIS=4865, Improvement=0
n=10000, coeff=11, trial=7, GT MIS=5000, Greedy MIS=4865, |S|=10000, Oracle MIS=4865, Improvement=0
n=10000, coeff=11, trial=7, GT MIS=5000, Greedy MIS=4865, |S|=9997, Oracle MIS=4834, Improvement=-31
n=10000, coeff=11, trial=7, GT MIS=5000, Greedy MIS=4865, |S|=9922, Oracle MIS=4759, Improvement=-106
n=10000, coeff=11, trial=7, GT MIS=5000, Greedy MIS=4865, |S|=9393, Oracle MIS=4978, Improvement=113
n=10000, coeff=11, trial=7, GT MIS=5000, Greedy MIS=4865, |S|=7767, Oracle MIS=5000, Improvement=135
n=10000, coeff=11, trial=7, GT MIS=5000, Greedy MIS=4865, |S|=6168, Oracle MIS=5000, Improvement=135
n=10000, coeff=11, trial=7, GT MIS=5000, Greedy MIS=4865, |S|=5238, Oracle MIS=5000, Improvement=135
n=10000, coeff=11, trial=7, GT MIS=5000, Greedy MIS=4865, |S|=5028, Oracle MIS=4999, Improvement=134
n=10000, coeff=11, trial=8, GT MIS=5000, Greedy MIS=4673, |S|=10000, Oracle MIS=4673, Improvement=0
n=10000, coeff=11, trial=8, GT MIS=5000, Greedy MIS=4673, |S|=10000, Oracle MIS=4673, Improvement=0
n=10000, coeff=11, trial=8, GT MIS=5000, Greedy MIS=4673, |S|=10000, Oracle MIS=4673, Improvement=0
n=10000, coeff=11, trial=8, GT MIS=5000, Greedy MIS=4673, |S|=9998, Oracle MIS=4917, Improvement=244
n=10000, coeff=11, trial=8, GT MIS=5000, Greedy MIS=4673, |S|=9923, Oracle MIS=4917, Improvement=244
n=10000, coeff=11, trial=8, GT MIS=5000, Greedy MIS=4673, |S|=9413, Oracle MIS=5000, Improvement=327
n=10000, coeff=11, trial=8, GT MIS=5000, Greedy MIS=4673, |S|=7783, Oracle MIS=5000, Improvement=327
n=10000, coeff=11, trial=8, GT MIS=5000, Greedy MIS=4673, |S|=6144, Oracle MIS=5000, Improvement=327
n=10000, coeff=11, trial=8, GT MIS=5000, Greedy MIS=4673, |S|=5214, Oracle MIS=5000, Improvement=327
n=10000, coeff=11, trial=8, GT MIS=5000, Greedy MIS=4673, |S|=5026, Oracle MIS=5000, Improvement=327
n=10000, coeff=11, trial=9, GT MIS=5000, Greedy MIS=4948, |S|=10000, Oracle MIS=4948, Improvement=0
n=10000, coeff=11, trial=9, GT MIS=5000, Greedy MIS=4948, |S|=10000, Oracle MIS=4948, Improvement=0
n=10000, coeff=11, trial=9, GT MIS=5000, Greedy MIS=4948, |S|=10000, Oracle MIS=4948, Improvement=0
n=10000, coeff=11, trial=9, GT MIS=5000, Greedy MIS=4948, |S|=9999, Oracle MIS=4947, Improvement=-1
n=10000, coeff=11, trial=9, GT MIS=5000, Greedy MIS=4948, |S|=9918, Oracle MIS=4890, Improvement=-58
n=10000, coeff=11, trial=9, GT MIS=5000, Greedy MIS=4948, |S|=9337, Oracle MIS=5000, Improvement=52
n=10000, coeff=11, trial=9, GT MIS=5000, Greedy MIS=4948, |S|=7842, Oracle MIS=5000, Improvement=52
n=10000, coeff=11, trial=9, GT MIS=5000, Greedy MIS=4948, |S|=6192, Oracle MIS=5000, Improvement=52
n=10000, coeff=11, trial=9, GT MIS=5000, Greedy MIS=4948, |S|=5251, Oracle MIS=5000, Improvement=52
n=10000, coeff=11, trial=9, GT MIS=5000, Greedy MIS=4948, |S|=5031, Oracle MIS=5000, Improvement=52
n=10000, coeff=12, trial=0, GT MIS=5000, Greedy MIS=4971, |S|=10000, Oracle MIS=4971, Improvement=0
n=10000, coeff=12, trial=0, GT MIS=5000, Greedy MIS=4971, |S|=10000, Oracle MIS=4971, Improvement=0
n=10000, coeff=12, trial=0, GT MIS=5000, Greedy MIS=4971, |S|=10000, Oracle MIS=4971, Improvement=0
n=10000, coeff=12, trial=0, GT MIS=5000, Greedy MIS=4971, |S|=9996, Oracle MIS=4967, Improvement=-4
n=10000, coeff=12, trial=0, GT MIS=5000, Greedy MIS=4971, |S|=9913, Oracle MIS=4824, Improvement=-147
n=10000, coeff=12, trial=0, GT MIS=5000, Greedy MIS=4971, |S|=9389, Oracle MIS=5000, Improvement=29
n=10000, coeff=12, trial=0, GT MIS=5000, Greedy MIS=4971, |S|=7787, Oracle MIS=5000, Improvement=29
n=10000, coeff=12, trial=0, GT MIS=5000, Greedy MIS=4971, |S|=6043, Oracle MIS=5000, Improvement=29
n=10000, coeff=12, trial=0, GT MIS=5000, Greedy MIS=4971, |S|=5173, Oracle MIS=5000, Improvement=29
n=10000, coeff=12, trial=0, GT MIS=5000, Greedy MIS=4971, |S|=5014, Oracle MIS=5000, Improvement=29
n=10000, coeff=12, trial=1, GT MIS=5000, Greedy MIS=4908, |S|=10000, Oracle MIS=4908, Improvement=0
n=10000, coeff=12, trial=1, GT MIS=5000, Greedy MIS=4908, |S|=10000, Oracle MIS=4908, Improvement=0
n=10000, coeff=12, trial=1, GT MIS=5000, Greedy MIS=4908, |S|=10000, Oracle MIS=4908, Improvement=0
n=10000, coeff=12, trial=1, GT MIS=5000, Greedy MIS=4908, |S|=9989, Oracle MIS=4908, Improvement=0
n=10000, coeff=12, trial=1, GT MIS=5000, Greedy MIS=4908, |S|=9881, Oracle MIS=4970, Improvement=62
n=10000, coeff=12, trial=1, GT MIS=5000, Greedy MIS=4908, |S|=9194, Oracle MIS=5000, Improvement=92
n=10000, coeff=12, trial=1, GT MIS=5000, Greedy MIS=4908, |S|=7531, Oracle MIS=5000, Improvement=92
n=10000, coeff=12, trial=1, GT MIS=5000, Greedy MIS=4908, |S|=5769, Oracle MIS=5000, Improvement=92
n=10000, coeff=12, trial=1, GT MIS=5000, Greedy MIS=4908, |S|=5108, Oracle MIS=5000, Improvement=92
n=10000, coeff=12, trial=1, GT MIS=5000, Greedy MIS=4908, |S|=5006, Oracle MIS=5000, Improvement=92
n=10000, coeff=12, trial=2, GT MIS=5000, Greedy MIS=4876, |S|=10000, Oracle MIS=4876, Improvement=0
n=10000, coeff=12, trial=2, GT MIS=5000, Greedy MIS=4876, |S|=10000, Oracle MIS=4876, Improvement=0
n=10000, coeff=12, trial=2, GT MIS=5000, Greedy MIS=4876, |S|=10000, Oracle MIS=4876, Improvement=0
n=10000, coeff=12, trial=2, GT MIS=5000, Greedy MIS=4876, |S|=9999, Oracle MIS=4876, Improvement=0
n=10000, coeff=12, trial=2, GT MIS=5000, Greedy MIS=4876, |S|=9913, Oracle MIS=4910, Improvement=34
n=10000, coeff=12, trial=2, GT MIS=5000, Greedy MIS=4876, |S|=9237, Oracle MIS=5000, Improvement=124
n=10000, coeff=12, trial=2, GT MIS=5000, Greedy MIS=4876, |S|=7583, Oracle MIS=5000, Improvement=124
n=10000, coeff=12, trial=2, GT MIS=5000, Greedy MIS=4876, |S|=5988, Oracle MIS=5000, Improvement=124
n=10000, coeff=12, trial=2, GT MIS=5000, Greedy MIS=4876, |S|=5182, Oracle MIS=5000, Improvement=124
n=10000, coeff=12, trial=2, GT MIS=5000, Greedy MIS=4876, |S|=5011, Oracle MIS=5000, Improvement=124
n=10000, coeff=12, trial=3, GT MIS=5000, Greedy MIS=4972, |S|=10000, Oracle MIS=4972, Improvement=0
n=10000, coeff=12, trial=3, GT MIS=5000, Greedy MIS=4972, |S|=10000, Oracle MIS=4972, Improvement=0
n=10000, coeff=12, trial=3, GT MIS=5000, Greedy MIS=4972, |S|=10000, Oracle MIS=4972, Improvement=0
n=10000, coeff=12, trial=3, GT MIS=5000, Greedy MIS=4972, |S|=9995, Oracle MIS=4972, Improvement=0
n=10000, coeff=12, trial=3, GT MIS=5000, Greedy MIS=4972, |S|=9842, Oracle MIS=4972, Improvement=0
n=10000, coeff=12, trial=3, GT MIS=5000, Greedy MIS=4972, |S|=9064, Oracle MIS=5000, Improvement=28
n=10000, coeff=12, trial=3, GT MIS=5000, Greedy MIS=4972, |S|=7281, Oracle MIS=5000, Improvement=28
n=10000, coeff=12, trial=3, GT MIS=5000, Greedy MIS=4972, |S|=5797, Oracle MIS=5000, Improvement=28
n=10000, coeff=12, trial=3, GT MIS=5000, Greedy MIS=4972, |S|=5116, Oracle MIS=5000, Improvement=28
n=10000, coeff=12, trial=3, GT MIS=5000, Greedy MIS=4972, |S|=5004, Oracle MIS=4999, Improvement=27
n=10000, coeff=12, trial=4, GT MIS=5000, Greedy MIS=4911, |S|=10000, Oracle MIS=4911, Improvement=0
n=10000, coeff=12, trial=4, GT MIS=5000, Greedy MIS=4911, |S|=10000, Oracle MIS=4911, Improvement=0
n=10000, coeff=12, trial=4, GT MIS=5000, Greedy MIS=4911, |S|=9999, Oracle MIS=4910, Improvement=-1
n=10000, coeff=12, trial=4, GT MIS=5000, Greedy MIS=4911, |S|=9990, Oracle MIS=4901, Improvement=-10
n=10000, coeff=12, trial=4, GT MIS=5000, Greedy MIS=4911, |S|=9879, Oracle MIS=4976, Improvement=65
n=10000, coeff=12, trial=4, GT MIS=5000, Greedy MIS=4911, |S|=9107, Oracle MIS=5000, Improvement=89
n=10000, coeff=12, trial=4, GT MIS=5000, Greedy MIS=4911, |S|=7318, Oracle MIS=5000, Improvement=89
n=10000, coeff=12, trial=4, GT MIS=5000, Greedy MIS=4911, |S|=5733, Oracle MIS=5000, Improvement=89
n=10000, coeff=12, trial=4, GT MIS=5000, Greedy MIS=4911, |S|=5131, Oracle MIS=5000, Improvement=89
n=10000, coeff=12, trial=4, GT MIS=5000, Greedy MIS=4911, |S|=5011, Oracle MIS=5000, Improvement=89
n=10000, coeff=12, trial=5, GT MIS=5000, Greedy MIS=4970, |S|=10000, Oracle MIS=4970, Improvement=0
n=10000, coeff=12, trial=5, GT MIS=5000, Greedy MIS=4970, |S|=10000, Oracle MIS=4970, Improvement=0
n=10000, coeff=12, trial=5, GT MIS=5000, Greedy MIS=4970, |S|=10000, Oracle MIS=4970, Improvement=0
n=10000, coeff=12, trial=5, GT MIS=5000, Greedy MIS=4970, |S|=9997, Oracle MIS=4967, Improvement=-3
n=10000, coeff=12, trial=5, GT MIS=5000, Greedy MIS=4970, |S|=9909, Oracle MIS=4938, Improvement=-32
n=10000, coeff=12, trial=5, GT MIS=5000, Greedy MIS=4970, |S|=9301, Oracle MIS=5000, Improvement=30
n=10000, coeff=12, trial=5, GT MIS=5000, Greedy MIS=4970, |S|=7631, Oracle MIS=5000, Improvement=30
n=10000, coeff=12, trial=5, GT MIS=5000, Greedy MIS=4970, |S|=5897, Oracle MIS=5000, Improvement=30
n=10000, coeff=12, trial=5, GT MIS=5000, Greedy MIS=4970, |S|=5154, Oracle MIS=5000, Improvement=30
n=10000, coeff=12, trial=5, GT MIS=5000, Greedy MIS=4970, |S|=5018, Oracle MIS=5000, Improvement=30
n=10000, coeff=12, trial=6, GT MIS=5000, Greedy MIS=4882, |S|=10000, Oracle MIS=4882, Improvement=0
n=10000, coeff=12, trial=6, GT MIS=5000, Greedy MIS=4882, |S|=10000, Oracle MIS=4882, Improvement=0
n=10000, coeff=12, trial=6, GT MIS=5000, Greedy MIS=4882, |S|=10000, Oracle MIS=4882, Improvement=0
n=10000, coeff=12, trial=6, GT MIS=5000, Greedy MIS=4882, |S|=9995, Oracle MIS=4877, Improvement=-5
n=10000, coeff=12, trial=6, GT MIS=5000, Greedy MIS=4882, |S|=9874, Oracle MIS=5000, Improvement=118
n=10000, coeff=12, trial=6, GT MIS=5000, Greedy MIS=4882, |S|=9135, Oracle MIS=5000, Improvement=118
n=10000, coeff=12, trial=6, GT MIS=5000, Greedy MIS=4882, |S|=7326, Oracle MIS=5000, Improvement=118
n=10000, coeff=12, trial=6, GT MIS=5000, Greedy MIS=4882, |S|=5761, Oracle MIS=5000, Improvement=118
n=10000, coeff=12, trial=6, GT MIS=5000, Greedy MIS=4882, |S|=5140, Oracle MIS=5000, Improvement=118
n=10000, coeff=12, trial=6, GT MIS=5000, Greedy MIS=4882, |S|=5015, Oracle MIS=5000, Improvement=118
n=10000, coeff=12, trial=7, GT MIS=5000, Greedy MIS=4940, |S|=10000, Oracle MIS=4940, Improvement=0
n=10000, coeff=12, trial=7, GT MIS=5000, Greedy MIS=4940, |S|=10000, Oracle MIS=4940, Improvement=0
n=10000, coeff=12, trial=7, GT MIS=5000, Greedy MIS=4940, |S|=10000, Oracle MIS=4940, Improvement=0
n=10000, coeff=12, trial=7, GT MIS=5000, Greedy MIS=4940, |S|=9997, Oracle MIS=4937, Improvement=-3
n=10000, coeff=12, trial=7, GT MIS=5000, Greedy MIS=4940, |S|=9893, Oracle MIS=4883, Improvement=-57
n=10000, coeff=12, trial=7, GT MIS=5000, Greedy MIS=4940, |S|=9241, Oracle MIS=5000, Improvement=60
n=10000, coeff=12, trial=7, GT MIS=5000, Greedy MIS=4940, |S|=7501, Oracle MIS=5000, Improvement=60
n=10000, coeff=12, trial=7, GT MIS=5000, Greedy MIS=4940, |S|=5897, Oracle MIS=5000, Improvement=60
n=10000, coeff=12, trial=7, GT MIS=5000, Greedy MIS=4940, |S|=5164, Oracle MIS=5000, Improvement=60
n=10000, coeff=12, trial=7, GT MIS=5000, Greedy MIS=4940, |S|=5020, Oracle MIS=5000, Improvement=60
n=10000, coeff=12, trial=8, GT MIS=5000, Greedy MIS=5000, |S|=10000, Oracle MIS=5000, Improvement=0
n=10000, coeff=12, trial=8, GT MIS=5000, Greedy MIS=5000, |S|=10000, Oracle MIS=5000, Improvement=0
n=10000, coeff=12, trial=8, GT MIS=5000, Greedy MIS=5000, |S|=10000, Oracle MIS=5000, Improvement=0
n=10000, coeff=12, trial=8, GT MIS=5000, Greedy MIS=5000, |S|=9998, Oracle MIS=5000, Improvement=0
n=10000, coeff=12, trial=8, GT MIS=5000, Greedy MIS=5000, |S|=9908, Oracle MIS=5000, Improvement=0
n=10000, coeff=12, trial=8, GT MIS=5000, Greedy MIS=5000, |S|=9281, Oracle MIS=5000, Improvement=0
n=10000, coeff=12, trial=8, GT MIS=5000, Greedy MIS=5000, |S|=7563, Oracle MIS=5000, Improvement=0
n=10000, coeff=12, trial=8, GT MIS=5000, Greedy MIS=5000, |S|=5857, Oracle MIS=5000, Improvement=0
n=10000, coeff=12, trial=8, GT MIS=5000, Greedy MIS=5000, |S|=5127, Oracle MIS=5000, Improvement=0
n=10000, coeff=12, trial=8, GT MIS=5000, Greedy MIS=5000, |S|=5012, Oracle MIS=5000, Improvement=0
n=10000, coeff=12, trial=9, GT MIS=5000, Greedy MIS=4875, |S|=10000, Oracle MIS=4875, Improvement=0
n=10000, coeff=12, trial=9, GT MIS=5000, Greedy MIS=4875, |S|=10000, Oracle MIS=4875, Improvement=0
n=10000, coeff=12, trial=9, GT MIS=5000, Greedy MIS=4875, |S|=10000, Oracle MIS=4875, Improvement=0
n=10000, coeff=12, trial=9, GT MIS=5000, Greedy MIS=4875, |S|=9999, Oracle MIS=4875, Improvement=0
n=10000, coeff=12, trial=9, GT MIS=5000, Greedy MIS=4875, |S|=9904, Oracle MIS=4939, Improvement=64
n=10000, coeff=12, trial=9, GT MIS=5000, Greedy MIS=4875, |S|=9221, Oracle MIS=5000, Improvement=125
n=10000, coeff=12, trial=9, GT MIS=5000, Greedy MIS=4875, |S|=7534, Oracle MIS=5000, Improvement=125
n=10000, coeff=12, trial=9, GT MIS=5000, Greedy MIS=4875, |S|=5892, Oracle MIS=5000, Improvement=125
n=10000, coeff=12, trial=9, GT MIS=5000, Greedy MIS=4875, |S|=5155, Oracle MIS=5000, Improvement=125
n=10000, coeff=12, trial=9, GT MIS=5000, Greedy MIS=4875, |S|=5018, Oracle MIS=5000, Improvement=125
n=10000, coeff=13, trial=0, GT MIS=5000, Greedy MIS=4934, |S|=10000, Oracle MIS=4934, Improvement=0
n=10000, coeff=13, trial=0, GT MIS=5000, Greedy MIS=4934, |S|=10000, Oracle MIS=4934, Improvement=0
n=10000, coeff=13, trial=0, GT MIS=5000, Greedy MIS=4934, |S|=10000, Oracle MIS=4934, Improvement=0
n=10000, coeff=13, trial=0, GT MIS=5000, Greedy MIS=4934, |S|=9995, Oracle MIS=4929, Improvement=-5
n=10000, coeff=13, trial=0, GT MIS=5000, Greedy MIS=4934, |S|=9890, Oracle MIS=4757, Improvement=-177
n=10000, coeff=13, trial=0, GT MIS=5000, Greedy MIS=4934, |S|=9262, Oracle MIS=5000, Improvement=66
n=10000, coeff=13, trial=0, GT MIS=5000, Greedy MIS=4934, |S|=7562, Oracle MIS=5000, Improvement=66
n=10000, coeff=13, trial=0, GT MIS=5000, Greedy MIS=4934, |S|=5819, Oracle MIS=5000, Improvement=66
n=10000, coeff=13, trial=0, GT MIS=5000, Greedy MIS=4934, |S|=5101, Oracle MIS=5000, Improvement=66
n=10000, coeff=13, trial=0, GT MIS=5000, Greedy MIS=4934, |S|=5007, Oracle MIS=5000, Improvement=66
n=10000, coeff=13, trial=1, GT MIS=5000, Greedy MIS=4903, |S|=10000, Oracle MIS=4903, Improvement=0
n=10000, coeff=13, trial=1, GT MIS=5000, Greedy MIS=4903, |S|=10000, Oracle MIS=4903, Improvement=0
n=10000, coeff=13, trial=1, GT MIS=5000, Greedy MIS=4903, |S|=10000, Oracle MIS=4903, Improvement=0
n=10000, coeff=13, trial=1, GT MIS=5000, Greedy MIS=4903, |S|=9992, Oracle MIS=4903, Improvement=0
n=10000, coeff=13, trial=1, GT MIS=5000, Greedy MIS=4903, |S|=9868, Oracle MIS=4937, Improvement=34
n=10000, coeff=13, trial=1, GT MIS=5000, Greedy MIS=4903, |S|=9023, Oracle MIS=5000, Improvement=97
n=10000, coeff=13, trial=1, GT MIS=5000, Greedy MIS=4903, |S|=7263, Oracle MIS=5000, Improvement=97
n=10000, coeff=13, trial=1, GT MIS=5000, Greedy MIS=4903, |S|=5571, Oracle MIS=5000, Improvement=97
n=10000, coeff=13, trial=1, GT MIS=5000, Greedy MIS=4903, |S|=5069, Oracle MIS=5000, Improvement=97
n=10000, coeff=13, trial=1, GT MIS=5000, Greedy MIS=4903, |S|=5008, Oracle MIS=5000, Improvement=97
n=10000, coeff=13, trial=2, GT MIS=5000, Greedy MIS=4934, |S|=10000, Oracle MIS=4934, Improvement=0
n=10000, coeff=13, trial=2, GT MIS=5000, Greedy MIS=4934, |S|=10000, Oracle MIS=4934, Improvement=0
n=10000, coeff=13, trial=2, GT MIS=5000, Greedy MIS=4934, |S|=10000, Oracle MIS=4934, Improvement=0
n=10000, coeff=13, trial=2, GT MIS=5000, Greedy MIS=4934, |S|=9999, Oracle MIS=4934, Improvement=0
n=10000, coeff=13, trial=2, GT MIS=5000, Greedy MIS=4934, |S|=9886, Oracle MIS=4968, Improvement=34
n=10000, coeff=13, trial=2, GT MIS=5000, Greedy MIS=4934, |S|=9099, Oracle MIS=5000, Improvement=66
n=10000, coeff=13, trial=2, GT MIS=5000, Greedy MIS=4934, |S|=7328, Oracle MIS=5000, Improvement=66
n=10000, coeff=13, trial=2, GT MIS=5000, Greedy MIS=4934, |S|=5746, Oracle MIS=5000, Improvement=66
n=10000, coeff=13, trial=2, GT MIS=5000, Greedy MIS=4934, |S|=5097, Oracle MIS=5000, Improvement=66
n=10000, coeff=13, trial=2, GT MIS=5000, Greedy MIS=4934, |S|=5007, Oracle MIS=5000, Improvement=66
n=10000, coeff=13, trial=3, GT MIS=5000, Greedy MIS=4938, |S|=10000, Oracle MIS=4938, Improvement=0
n=10000, coeff=13, trial=3, GT MIS=5000, Greedy MIS=4938, |S|=10000, Oracle MIS=4938, Improvement=0
n=10000, coeff=13, trial=3, GT MIS=5000, Greedy MIS=4938, |S|=10000, Oracle MIS=4938, Improvement=0
n=10000, coeff=13, trial=3, GT MIS=5000, Greedy MIS=4938, |S|=9993, Oracle MIS=4931, Improvement=-7
n=10000, coeff=13, trial=3, GT MIS=5000, Greedy MIS=4938, |S|=9822, Oracle MIS=4901, Improvement=-37
n=10000, coeff=13, trial=3, GT MIS=5000, Greedy MIS=4938, |S|=8923, Oracle MIS=5000, Improvement=62
n=10000, coeff=13, trial=3, GT MIS=5000, Greedy MIS=4938, |S|=7021, Oracle MIS=5000, Improvement=62
n=10000, coeff=13, trial=3, GT MIS=5000, Greedy MIS=4938, |S|=5630, Oracle MIS=5000, Improvement=62
n=10000, coeff=13, trial=3, GT MIS=5000, Greedy MIS=4938, |S|=5073, Oracle MIS=5000, Improvement=62
n=10000, coeff=13, trial=3, GT MIS=5000, Greedy MIS=4938, |S|=5000, Oracle MIS=4999, Improvement=61
n=10000, coeff=13, trial=4, GT MIS=5000, Greedy MIS=4934, |S|=10000, Oracle MIS=4934, Improvement=0
n=10000, coeff=13, trial=4, GT MIS=5000, Greedy MIS=4934, |S|=10000, Oracle MIS=4934, Improvement=0
n=10000, coeff=13, trial=4, GT MIS=5000, Greedy MIS=4934, |S|=10000, Oracle MIS=4934, Improvement=0
n=10000, coeff=13, trial=4, GT MIS=5000, Greedy MIS=4934, |S|=9991, Oracle MIS=4925, Improvement=-9
n=10000, coeff=13, trial=4, GT MIS=5000, Greedy MIS=4934, |S|=9847, Oracle MIS=4784, Improvement=-150
n=10000, coeff=13, trial=4, GT MIS=5000, Greedy MIS=4934, |S|=8931, Oracle MIS=5000, Improvement=66
n=10000, coeff=13, trial=4, GT MIS=5000, Greedy MIS=4934, |S|=7069, Oracle MIS=5000, Improvement=66
n=10000, coeff=13, trial=4, GT MIS=5000, Greedy MIS=4934, |S|=5586, Oracle MIS=5000, Improvement=66
n=10000, coeff=13, trial=4, GT MIS=5000, Greedy MIS=4934, |S|=5080, Oracle MIS=5000, Improvement=66
n=10000, coeff=13, trial=4, GT MIS=5000, Greedy MIS=4934, |S|=5007, Oracle MIS=5000, Improvement=66
n=10000, coeff=13, trial=5, GT MIS=5000, Greedy MIS=4857, |S|=10000, Oracle MIS=4857, Improvement=0
n=10000, coeff=13, trial=5, GT MIS=5000, Greedy MIS=4857, |S|=10000, Oracle MIS=4857, Improvement=0
n=10000, coeff=13, trial=5, GT MIS=5000, Greedy MIS=4857, |S|=10000, Oracle MIS=4857, Improvement=0
n=10000, coeff=13, trial=5, GT MIS=5000, Greedy MIS=4857, |S|=9997, Oracle MIS=4857, Improvement=0
n=10000, coeff=13, trial=5, GT MIS=5000, Greedy MIS=4857, |S|=9887, Oracle MIS=5000, Improvement=143
n=10000, coeff=13, trial=5, GT MIS=5000, Greedy MIS=4857, |S|=9182, Oracle MIS=5000, Improvement=143
n=10000, coeff=13, trial=5, GT MIS=5000, Greedy MIS=4857, |S|=7349, Oracle MIS=5000, Improvement=143
n=10000, coeff=13, trial=5, GT MIS=5000, Greedy MIS=4857, |S|=5692, Oracle MIS=5000, Improvement=143
n=10000, coeff=13, trial=5, GT MIS=5000, Greedy MIS=4857, |S|=5096, Oracle MIS=5000, Improvement=143
n=10000, coeff=13, trial=5, GT MIS=5000, Greedy MIS=4857, |S|=5005, Oracle MIS=5000, Improvement=143
n=10000, coeff=13, trial=6, GT MIS=5000, Greedy MIS=4968, |S|=10000, Oracle MIS=4968, Improvement=0
n=10000, coeff=13, trial=6, GT MIS=5000, Greedy MIS=4968, |S|=10000, Oracle MIS=4968, Improvement=0
n=10000, coeff=13, trial=6, GT MIS=5000, Greedy MIS=4968, |S|=10000, Oracle MIS=4968, Improvement=0
n=10000, coeff=13, trial=6, GT MIS=5000, Greedy MIS=4968, |S|=9996, Oracle MIS=4968, Improvement=0
n=10000, coeff=13, trial=6, GT MIS=5000, Greedy MIS=4968, |S|=9852, Oracle MIS=4968, Improvement=0
n=10000, coeff=13, trial=6, GT MIS=5000, Greedy MIS=4968, |S|=8976, Oracle MIS=5000, Improvement=32
n=10000, coeff=13, trial=6, GT MIS=5000, Greedy MIS=4968, |S|=7034, Oracle MIS=5000, Improvement=32
n=10000, coeff=13, trial=6, GT MIS=5000, Greedy MIS=4968, |S|=5577, Oracle MIS=5000, Improvement=32
n=10000, coeff=13, trial=6, GT MIS=5000, Greedy MIS=4968, |S|=5093, Oracle MIS=5000, Improvement=32
n=10000, coeff=13, trial=6, GT MIS=5000, Greedy MIS=4968, |S|=5005, Oracle MIS=5000, Improvement=32
n=10000, coeff=13, trial=7, GT MIS=5000, Greedy MIS=4966, |S|=10000, Oracle MIS=4966, Improvement=0
n=10000, coeff=13, trial=7, GT MIS=5000, Greedy MIS=4966, |S|=10000, Oracle MIS=4966, Improvement=0
n=10000, coeff=13, trial=7, GT MIS=5000, Greedy MIS=4966, |S|=10000, Oracle MIS=4966, Improvement=0
n=10000, coeff=13, trial=7, GT MIS=5000, Greedy MIS=4966, |S|=9996, Oracle MIS=4962, Improvement=-4
n=10000, coeff=13, trial=7, GT MIS=5000, Greedy MIS=4966, |S|=9882, Oracle MIS=4848, Improvement=-118
n=10000, coeff=13, trial=7, GT MIS=5000, Greedy MIS=4966, |S|=9105, Oracle MIS=5000, Improvement=34
n=10000, coeff=13, trial=7, GT MIS=5000, Greedy MIS=4966, |S|=7262, Oracle MIS=5000, Improvement=34
n=10000, coeff=13, trial=7, GT MIS=5000, Greedy MIS=4966, |S|=5709, Oracle MIS=5000, Improvement=34
n=10000, coeff=13, trial=7, GT MIS=5000, Greedy MIS=4966, |S|=5095, Oracle MIS=5000, Improvement=34
n=10000, coeff=13, trial=7, GT MIS=5000, Greedy MIS=4966, |S|=5007, Oracle MIS=4999, Improvement=33
n=10000, coeff=13, trial=8, GT MIS=5000, Greedy MIS=4931, |S|=10000, Oracle MIS=4931, Improvement=0
n=10000, coeff=13, trial=8, GT MIS=5000, Greedy MIS=4931, |S|=10000, Oracle MIS=4931, Improvement=0
n=10000, coeff=13, trial=8, GT MIS=5000, Greedy MIS=4931, |S|=10000, Oracle MIS=4931, Improvement=0
n=10000, coeff=13, trial=8, GT MIS=5000, Greedy MIS=4931, |S|=9997, Oracle MIS=4931, Improvement=0
n=10000, coeff=13, trial=8, GT MIS=5000, Greedy MIS=4931, |S|=9887, Oracle MIS=5000, Improvement=69
n=10000, coeff=13, trial=8, GT MIS=5000, Greedy MIS=4931, |S|=9174, Oracle MIS=5000, Improvement=69
n=10000, coeff=13, trial=8, GT MIS=5000, Greedy MIS=4931, |S|=7301, Oracle MIS=5000, Improvement=69
n=10000, coeff=13, trial=8, GT MIS=5000, Greedy MIS=4931, |S|=5680, Oracle MIS=5000, Improvement=69
n=10000, coeff=13, trial=8, GT MIS=5000, Greedy MIS=4931, |S|=5083, Oracle MIS=5000, Improvement=69
n=10000, coeff=13, trial=8, GT MIS=5000, Greedy MIS=4931, |S|=5010, Oracle MIS=5000, Improvement=69
n=10000, coeff=13, trial=9, GT MIS=5000, Greedy MIS=5000, |S|=10000, Oracle MIS=5000, Improvement=0
n=10000, coeff=13, trial=9, GT MIS=5000, Greedy MIS=5000, |S|=10000, Oracle MIS=5000, Improvement=0
n=10000, coeff=13, trial=9, GT MIS=5000, Greedy MIS=5000, |S|=10000, Oracle MIS=5000, Improvement=0
n=10000, coeff=13, trial=9, GT MIS=5000, Greedy MIS=5000, |S|=9998, Oracle MIS=4998, Improvement=-2
n=10000, coeff=13, trial=9, GT MIS=5000, Greedy MIS=5000, |S|=9886, Oracle MIS=4932, Improvement=-68
n=10000, coeff=13, trial=9, GT MIS=5000, Greedy MIS=5000, |S|=9118, Oracle MIS=5000, Improvement=0
n=10000, coeff=13, trial=9, GT MIS=5000, Greedy MIS=5000, |S|=7263, Oracle MIS=5000, Improvement=0
n=10000, coeff=13, trial=9, GT MIS=5000, Greedy MIS=5000, |S|=5691, Oracle MIS=5000, Improvement=0
n=10000, coeff=13, trial=9, GT MIS=5000, Greedy MIS=5000, |S|=5094, Oracle MIS=5000, Improvement=0
n=10000, coeff=13, trial=9, GT MIS=5000, Greedy MIS=5000, |S|=5009, Oracle MIS=5000, Improvement=0
n=10000, coeff=14, trial=0, GT MIS=5000, Greedy MIS=4891, |S|=10000, Oracle MIS=4891, Improvement=0
n=10000, coeff=14, trial=0, GT MIS=5000, Greedy MIS=4891, |S|=10000, Oracle MIS=4891, Improvement=0
n=10000, coeff=14, trial=0, GT MIS=5000, Greedy MIS=4891, |S|=9999, Oracle MIS=4890, Improvement=-1
n=10000, coeff=14, trial=0, GT MIS=5000, Greedy MIS=4891, |S|=9995, Oracle MIS=4886, Improvement=-5
n=10000, coeff=14, trial=0, GT MIS=5000, Greedy MIS=4891, |S|=9898, Oracle MIS=4734, Improvement=-157
n=10000, coeff=14, trial=0, GT MIS=5000, Greedy MIS=4891, |S|=9170, Oracle MIS=5000, Improvement=109
n=10000, coeff=14, trial=0, GT MIS=5000, Greedy MIS=4891, |S|=7307, Oracle MIS=5000, Improvement=109
n=10000, coeff=14, trial=0, GT MIS=5000, Greedy MIS=4891, |S|=5641, Oracle MIS=5000, Improvement=109
n=10000, coeff=14, trial=0, GT MIS=5000, Greedy MIS=4891, |S|=5068, Oracle MIS=5000, Improvement=109
n=10000, coeff=14, trial=0, GT MIS=5000, Greedy MIS=4891, |S|=5002, Oracle MIS=5000, Improvement=109
n=10000, coeff=14, trial=1, GT MIS=5000, Greedy MIS=4892, |S|=10000, Oracle MIS=4892, Improvement=0
n=10000, coeff=14, trial=1, GT MIS=5000, Greedy MIS=4892, |S|=10000, Oracle MIS=4892, Improvement=0
n=10000, coeff=14, trial=1, GT MIS=5000, Greedy MIS=4892, |S|=10000, Oracle MIS=4892, Improvement=0
n=10000, coeff=14, trial=1, GT MIS=5000, Greedy MIS=4892, |S|=9988, Oracle MIS=4880, Improvement=-12
n=10000, coeff=14, trial=1, GT MIS=5000, Greedy MIS=4892, |S|=9815, Oracle MIS=4855, Improvement=-37
n=10000, coeff=14, trial=1, GT MIS=5000, Greedy MIS=4892, |S|=8865, Oracle MIS=5000, Improvement=108
n=10000, coeff=14, trial=1, GT MIS=5000, Greedy MIS=4892, |S|=6962, Oracle MIS=5000, Improvement=108
n=10000, coeff=14, trial=1, GT MIS=5000, Greedy MIS=4892, |S|=5424, Oracle MIS=5000, Improvement=108
n=10000, coeff=14, trial=1, GT MIS=5000, Greedy MIS=4892, |S|=5045, Oracle MIS=5000, Improvement=108
n=10000, coeff=14, trial=1, GT MIS=5000, Greedy MIS=4892, |S|=5003, Oracle MIS=5000, Improvement=108
n=10000, coeff=14, trial=2, GT MIS=5000, Greedy MIS=4847, |S|=10000, Oracle MIS=4847, Improvement=0
n=10000, coeff=14, trial=2, GT MIS=5000, Greedy MIS=4847, |S|=10000, Oracle MIS=4847, Improvement=0
n=10000, coeff=14, trial=2, GT MIS=5000, Greedy MIS=4847, |S|=10000, Oracle MIS=4847, Improvement=0
n=10000, coeff=14, trial=2, GT MIS=5000, Greedy MIS=4847, |S|=9999, Oracle MIS=4847, Improvement=0
n=10000, coeff=14, trial=2, GT MIS=5000, Greedy MIS=4847, |S|=9865, Oracle MIS=4963, Improvement=116
n=10000, coeff=14, trial=2, GT MIS=5000, Greedy MIS=4847, |S|=8969, Oracle MIS=5000, Improvement=153
n=10000, coeff=14, trial=2, GT MIS=5000, Greedy MIS=4847, |S|=7100, Oracle MIS=5000, Improvement=153
n=10000, coeff=14, trial=2, GT MIS=5000, Greedy MIS=4847, |S|=5594, Oracle MIS=5000, Improvement=153
n=10000, coeff=14, trial=2, GT MIS=5000, Greedy MIS=4847, |S|=5059, Oracle MIS=5000, Improvement=153
n=10000, coeff=14, trial=2, GT MIS=5000, Greedy MIS=4847, |S|=5004, Oracle MIS=5000, Improvement=153
n=10000, coeff=14, trial=3, GT MIS=5000, Greedy MIS=4929, |S|=10000, Oracle MIS=4929, Improvement=0
n=10000, coeff=14, trial=3, GT MIS=5000, Greedy MIS=4929, |S|=10000, Oracle MIS=4929, Improvement=0
n=10000, coeff=14, trial=3, GT MIS=5000, Greedy MIS=4929, |S|=10000, Oracle MIS=4929, Improvement=0
n=10000, coeff=14, trial=3, GT MIS=5000, Greedy MIS=4929, |S|=9988, Oracle MIS=4917, Improvement=-12
n=10000, coeff=14, trial=3, GT MIS=5000, Greedy MIS=4929, |S|=9796, Oracle MIS=4964, Improvement=35
n=10000, coeff=14, trial=3, GT MIS=5000, Greedy MIS=4929, |S|=8747, Oracle MIS=5000, Improvement=71
n=10000, coeff=14, trial=3, GT MIS=5000, Greedy MIS=4929, |S|=6803, Oracle MIS=5000, Improvement=71
n=10000, coeff=14, trial=3, GT MIS=5000, Greedy MIS=4929, |S|=5467, Oracle MIS=5000, Improvement=71
n=10000, coeff=14, trial=3, GT MIS=5000, Greedy MIS=4929, |S|=5040, Oracle MIS=5000, Improvement=71
n=10000, coeff=14, trial=3, GT MIS=5000, Greedy MIS=4929, |S|=4999, Oracle MIS=4999, Improvement=70
n=10000, coeff=14, trial=4, GT MIS=5000, Greedy MIS=4927, |S|=10000, Oracle MIS=4927, Improvement=0
n=10000, coeff=14, trial=4, GT MIS=5000, Greedy MIS=4927, |S|=10000, Oracle MIS=4927, Improvement=0
n=10000, coeff=14, trial=4, GT MIS=5000, Greedy MIS=4927, |S|=10000, Oracle MIS=4927, Improvement=0
n=10000, coeff=14, trial=4, GT MIS=5000, Greedy MIS=4927, |S|=9991, Oracle MIS=4918, Improvement=-9
n=10000, coeff=14, trial=4, GT MIS=5000, Greedy MIS=4927, |S|=9822, Oracle MIS=4750, Improvement=-177
n=10000, coeff=14, trial=4, GT MIS=5000, Greedy MIS=4927, |S|=8792, Oracle MIS=5000, Improvement=73
n=10000, coeff=14, trial=4, GT MIS=5000, Greedy MIS=4927, |S|=6826, Oracle MIS=5000, Improvement=73
n=10000, coeff=14, trial=4, GT MIS=5000, Greedy MIS=4927, |S|=5421, Oracle MIS=5000, Improvement=73
n=10000, coeff=14, trial=4, GT MIS=5000, Greedy MIS=4927, |S|=5059, Oracle MIS=5000, Improvement=73
n=10000, coeff=14, trial=4, GT MIS=5000, Greedy MIS=4927, |S|=5002, Oracle MIS=5000, Improvement=73
n=10000, coeff=14, trial=5, GT MIS=5000, Greedy MIS=4925, |S|=10000, Oracle MIS=4925, Improvement=0
n=10000, coeff=14, trial=5, GT MIS=5000, Greedy MIS=4925, |S|=10000, Oracle MIS=4925, Improvement=0
n=10000, coeff=14, trial=5, GT MIS=5000, Greedy MIS=4925, |S|=10000, Oracle MIS=4925, Improvement=0
n=10000, coeff=14, trial=5, GT MIS=5000, Greedy MIS=4925, |S|=9996, Oracle MIS=4925, Improvement=0
n=10000, coeff=14, trial=5, GT MIS=5000, Greedy MIS=4925, |S|=9872, Oracle MIS=4964, Improvement=39
n=10000, coeff=14, trial=5, GT MIS=5000, Greedy MIS=4925, |S|=9062, Oracle MIS=5000, Improvement=75
n=10000, coeff=14, trial=5, GT MIS=5000, Greedy MIS=4925, |S|=7095, Oracle MIS=5000, Improvement=75
n=10000, coeff=14, trial=5, GT MIS=5000, Greedy MIS=4925, |S|=5558, Oracle MIS=5000, Improvement=75
n=10000, coeff=14, trial=5, GT MIS=5000, Greedy MIS=4925, |S|=5065, Oracle MIS=5000, Improvement=75
n=10000, coeff=14, trial=5, GT MIS=5000, Greedy MIS=4925, |S|=5002, Oracle MIS=5000, Improvement=75
n=10000, coeff=14, trial=6, GT MIS=5000, Greedy MIS=4774, |S|=10000, Oracle MIS=4774, Improvement=0
n=10000, coeff=14, trial=6, GT MIS=5000, Greedy MIS=4774, |S|=10000, Oracle MIS=4774, Improvement=0
n=10000, coeff=14, trial=6, GT MIS=5000, Greedy MIS=4774, |S|=10000, Oracle MIS=4774, Improvement=0
n=10000, coeff=14, trial=6, GT MIS=5000, Greedy MIS=4774, |S|=9991, Oracle MIS=4774, Improvement=0
n=10000, coeff=14, trial=6, GT MIS=5000, Greedy MIS=4774, |S|=9827, Oracle MIS=4964, Improvement=190
n=10000, coeff=14, trial=6, GT MIS=5000, Greedy MIS=4774, |S|=8812, Oracle MIS=5000, Improvement=226
n=10000, coeff=14, trial=6, GT MIS=5000, Greedy MIS=4774, |S|=6828, Oracle MIS=5000, Improvement=226
n=10000, coeff=14, trial=6, GT MIS=5000, Greedy MIS=4774, |S|=5438, Oracle MIS=5000, Improvement=226
n=10000, coeff=14, trial=6, GT MIS=5000, Greedy MIS=4774, |S|=5061, Oracle MIS=5000, Improvement=226
n=10000, coeff=14, trial=6, GT MIS=5000, Greedy MIS=4774, |S|=5003, Oracle MIS=5000, Improvement=226
n=10000, coeff=14, trial=7, GT MIS=5000, Greedy MIS=5000, |S|=10000, Oracle MIS=5000, Improvement=0
n=10000, coeff=14, trial=7, GT MIS=5000, Greedy MIS=5000, |S|=10000, Oracle MIS=5000, Improvement=0
n=10000, coeff=14, trial=7, GT MIS=5000, Greedy MIS=5000, |S|=10000, Oracle MIS=5000, Improvement=0
n=10000, coeff=14, trial=7, GT MIS=5000, Greedy MIS=5000, |S|=9996, Oracle MIS=4996, Improvement=-4
n=10000, coeff=14, trial=7, GT MIS=5000, Greedy MIS=5000, |S|=9867, Oracle MIS=4794, Improvement=-206
n=10000, coeff=14, trial=7, GT MIS=5000, Greedy MIS=5000, |S|=8964, Oracle MIS=5000, Improvement=0
n=10000, coeff=14, trial=7, GT MIS=5000, Greedy MIS=5000, |S|=6997, Oracle MIS=5000, Improvement=0
n=10000, coeff=14, trial=7, GT MIS=5000, Greedy MIS=5000, |S|=5539, Oracle MIS=5000, Improvement=0
n=10000, coeff=14, trial=7, GT MIS=5000, Greedy MIS=5000, |S|=5063, Oracle MIS=5000, Improvement=0
n=10000, coeff=14, trial=7, GT MIS=5000, Greedy MIS=5000, |S|=5005, Oracle MIS=5000, Improvement=0
n=10000, coeff=14, trial=8, GT MIS=5000, Greedy MIS=4815, |S|=10000, Oracle MIS=4815, Improvement=0
n=10000, coeff=14, trial=8, GT MIS=5000, Greedy MIS=4815, |S|=10000, Oracle MIS=4815, Improvement=0
n=10000, coeff=14, trial=8, GT MIS=5000, Greedy MIS=4815, |S|=10000, Oracle MIS=4815, Improvement=0
n=10000, coeff=14, trial=8, GT MIS=5000, Greedy MIS=4815, |S|=9995, Oracle MIS=4811, Improvement=-4
n=10000, coeff=14, trial=8, GT MIS=5000, Greedy MIS=4815, |S|=9866, Oracle MIS=4926, Improvement=111
n=10000, coeff=14, trial=8, GT MIS=5000, Greedy MIS=4815, |S|=9009, Oracle MIS=5000, Improvement=185
n=10000, coeff=14, trial=8, GT MIS=5000, Greedy MIS=4815, |S|=7056, Oracle MIS=5000, Improvement=185
n=10000, coeff=14, trial=8, GT MIS=5000, Greedy MIS=4815, |S|=5492, Oracle MIS=5000, Improvement=185
n=10000, coeff=14, trial=8, GT MIS=5000, Greedy MIS=4815, |S|=5051, Oracle MIS=5000, Improvement=185
n=10000, coeff=14, trial=8, GT MIS=5000, Greedy MIS=4815, |S|=5007, Oracle MIS=5000, Improvement=185
n=10000, coeff=14, trial=9, GT MIS=5000, Greedy MIS=5000, |S|=10000, Oracle MIS=5000, Improvement=0
n=10000, coeff=14, trial=9, GT MIS=5000, Greedy MIS=5000, |S|=10000, Oracle MIS=5000, Improvement=0
n=10000, coeff=14, trial=9, GT MIS=5000, Greedy MIS=5000, |S|=10000, Oracle MIS=5000, Improvement=0
n=10000, coeff=14, trial=9, GT MIS=5000, Greedy MIS=5000, |S|=9999, Oracle MIS=4999, Improvement=-1
n=10000, coeff=14, trial=9, GT MIS=5000, Greedy MIS=5000, |S|=9865, Oracle MIS=4927, Improvement=-73
n=10000, coeff=14, trial=9, GT MIS=5000, Greedy MIS=5000, |S|=8985, Oracle MIS=5000, Improvement=0
n=10000, coeff=14, trial=9, GT MIS=5000, Greedy MIS=5000, |S|=7008, Oracle MIS=5000, Improvement=0
n=10000, coeff=14, trial=9, GT MIS=5000, Greedy MIS=5000, |S|=5516, Oracle MIS=5000, Improvement=0
n=10000, coeff=14, trial=9, GT MIS=5000, Greedy MIS=5000, |S|=5063, Oracle MIS=5000, Improvement=0
n=10000, coeff=14, trial=9, GT MIS=5000, Greedy MIS=5000, |S|=5007, Oracle MIS=5000, Improvement=0
n=10000, coeff=15, trial=0, GT MIS=5000, Greedy MIS=4879, |S|=10000, Oracle MIS=4879, Improvement=0
n=10000, coeff=15, trial=0, GT MIS=5000, Greedy MIS=4879, |S|=10000, Oracle MIS=4879, Improvement=0
n=10000, coeff=15, trial=0, GT MIS=5000, Greedy MIS=4879, |S|=10000, Oracle MIS=4879, Improvement=0
n=10000, coeff=15, trial=0, GT MIS=5000, Greedy MIS=4879, |S|=9994, Oracle MIS=4879, Improvement=0
n=10000, coeff=15, trial=0, GT MIS=5000, Greedy MIS=4879, |S|=9875, Oracle MIS=4920, Improvement=41
n=10000, coeff=15, trial=0, GT MIS=5000, Greedy MIS=4879, |S|=9001, Oracle MIS=5000, Improvement=121
n=10000, coeff=15, trial=0, GT MIS=5000, Greedy MIS=4879, |S|=7064, Oracle MIS=5000, Improvement=121
n=10000, coeff=15, trial=0, GT MIS=5000, Greedy MIS=4879, |S|=5488, Oracle MIS=5000, Improvement=121
n=10000, coeff=15, trial=0, GT MIS=5000, Greedy MIS=4879, |S|=5045, Oracle MIS=5000, Improvement=121
n=10000, coeff=15, trial=0, GT MIS=5000, Greedy MIS=4879, |S|=5001, Oracle MIS=5000, Improvement=121
n=10000, coeff=15, trial=1, GT MIS=5000, Greedy MIS=4759, |S|=10000, Oracle MIS=4759, Improvement=0
n=10000, coeff=15, trial=1, GT MIS=5000, Greedy MIS=4759, |S|=10000, Oracle MIS=4759, Improvement=0
n=10000, coeff=15, trial=1, GT MIS=5000, Greedy MIS=4759, |S|=10000, Oracle MIS=4759, Improvement=0
n=10000, coeff=15, trial=1, GT MIS=5000, Greedy MIS=4759, |S|=9985, Oracle MIS=4799, Improvement=40
n=10000, coeff=15, trial=1, GT MIS=5000, Greedy MIS=4759, |S|=9776, Oracle MIS=4961, Improvement=202
n=10000, coeff=15, trial=1, GT MIS=5000, Greedy MIS=4759, |S|=8705, Oracle MIS=5000, Improvement=241
n=10000, coeff=15, trial=1, GT MIS=5000, Greedy MIS=4759, |S|=6652, Oracle MIS=5000, Improvement=241
n=10000, coeff=15, trial=1, GT MIS=5000, Greedy MIS=4759, |S|=5315, Oracle MIS=5000, Improvement=241
n=10000, coeff=15, trial=1, GT MIS=5000, Greedy MIS=4759, |S|=5026, Oracle MIS=5000, Improvement=241
n=10000, coeff=15, trial=1, GT MIS=5000, Greedy MIS=4759, |S|=5001, Oracle MIS=5000, Improvement=241
n=10000, coeff=15, trial=2, GT MIS=5000, Greedy MIS=4835, |S|=10000, Oracle MIS=4835, Improvement=0
n=10000, coeff=15, trial=2, GT MIS=5000, Greedy MIS=4835, |S|=10000, Oracle MIS=4835, Improvement=0
n=10000, coeff=15, trial=2, GT MIS=5000, Greedy MIS=4835, |S|=10000, Oracle MIS=4835, Improvement=0
n=10000, coeff=15, trial=2, GT MIS=5000, Greedy MIS=4835, |S|=9998, Oracle MIS=4835, Improvement=0
n=10000, coeff=15, trial=2, GT MIS=5000, Greedy MIS=4835, |S|=9831, Oracle MIS=4960, Improvement=125
n=10000, coeff=15, trial=2, GT MIS=5000, Greedy MIS=4835, |S|=8817, Oracle MIS=5000, Improvement=165
n=10000, coeff=15, trial=2, GT MIS=5000, Greedy MIS=4835, |S|=6825, Oracle MIS=5000, Improvement=165
n=10000, coeff=15, trial=2, GT MIS=5000, Greedy MIS=4835, |S|=5445, Oracle MIS=5000, Improvement=165
n=10000, coeff=15, trial=2, GT MIS=5000, Greedy MIS=4835, |S|=5037, Oracle MIS=5000, Improvement=165
n=10000, coeff=15, trial=2, GT MIS=5000, Greedy MIS=4835, |S|=5002, Oracle MIS=5000, Improvement=165
n=10000, coeff=15, trial=3, GT MIS=5000, Greedy MIS=4921, |S|=10000, Oracle MIS=4921, Improvement=0
n=10000, coeff=15, trial=3, GT MIS=5000, Greedy MIS=4921, |S|=10000, Oracle MIS=4921, Improvement=0
n=10000, coeff=15, trial=3, GT MIS=5000, Greedy MIS=4921, |S|=10000, Oracle MIS=4921, Improvement=0
n=10000, coeff=15, trial=3, GT MIS=5000, Greedy MIS=4921, |S|=9988, Oracle MIS=4909, Improvement=-12
n=10000, coeff=15, trial=3, GT MIS=5000, Greedy MIS=4921, |S|=9769, Oracle MIS=5000, Improvement=79
n=10000, coeff=15, trial=3, GT MIS=5000, Greedy MIS=4921, |S|=8578, Oracle MIS=5000, Improvement=79
n=10000, coeff=15, trial=3, GT MIS=5000, Greedy MIS=4921, |S|=6526, Oracle MIS=5000, Improvement=79
n=10000, coeff=15, trial=3, GT MIS=5000, Greedy MIS=4921, |S|=5353, Oracle MIS=5000, Improvement=79
n=10000, coeff=15, trial=3, GT MIS=5000, Greedy MIS=4921, |S|=5027, Oracle MIS=5000, Improvement=79
n=10000, coeff=15, trial=3, GT MIS=5000, Greedy MIS=4921, |S|=5000, Oracle MIS=5000, Improvement=79
n=10000, coeff=15, trial=4, GT MIS=5000, Greedy MIS=5000, |S|=10000, Oracle MIS=5000, Improvement=0
n=10000, coeff=15, trial=4, GT MIS=5000, Greedy MIS=5000, |S|=10000, Oracle MIS=5000, Improvement=0
n=10000, coeff=15, trial=4, GT MIS=5000, Greedy MIS=5000, |S|=10000, Oracle MIS=5000, Improvement=0
n=10000, coeff=15, trial=4, GT MIS=5000, Greedy MIS=5000, |S|=9992, Oracle MIS=4992, Improvement=-8
n=10000, coeff=15, trial=4, GT MIS=5000, Greedy MIS=5000, |S|=9801, Oracle MIS=4962, Improvement=-38
n=10000, coeff=15, trial=4, GT MIS=5000, Greedy MIS=5000, |S|=8594, Oracle MIS=5000, Improvement=0
n=10000, coeff=15, trial=4, GT MIS=5000, Greedy MIS=5000, |S|=6561, Oracle MIS=5000, Improvement=0
n=10000, coeff=15, trial=4, GT MIS=5000, Greedy MIS=5000, |S|=5321, Oracle MIS=5000, Improvement=0
n=10000, coeff=15, trial=4, GT MIS=5000, Greedy MIS=5000, |S|=5040, Oracle MIS=5000, Improvement=0
n=10000, coeff=15, trial=4, GT MIS=5000, Greedy MIS=5000, |S|=5002, Oracle MIS=5000, Improvement=0
n=10000, coeff=15, trial=5, GT MIS=5000, Greedy MIS=4959, |S|=10000, Oracle MIS=4959, Improvement=0
n=10000, coeff=15, trial=5, GT MIS=5000, Greedy MIS=4959, |S|=10000, Oracle MIS=4959, Improvement=0
n=10000, coeff=15, trial=5, GT MIS=5000, Greedy MIS=4959, |S|=10000, Oracle MIS=4959, Improvement=0
n=10000, coeff=15, trial=5, GT MIS=5000, Greedy MIS=4959, |S|=9997, Oracle MIS=4956, Improvement=-3
n=10000, coeff=15, trial=5, GT MIS=5000, Greedy MIS=4959, |S|=9846, Oracle MIS=4960, Improvement=1
n=10000, coeff=15, trial=5, GT MIS=5000, Greedy MIS=4959, |S|=8906, Oracle MIS=5000, Improvement=41
n=10000, coeff=15, trial=5, GT MIS=5000, Greedy MIS=4959, |S|=6782, Oracle MIS=5000, Improvement=41
n=10000, coeff=15, trial=5, GT MIS=5000, Greedy MIS=4959, |S|=5420, Oracle MIS=5000, Improvement=41
n=10000, coeff=15, trial=5, GT MIS=5000, Greedy MIS=4959, |S|=5038, Oracle MIS=5000, Improvement=41
n=10000, coeff=15, trial=5, GT MIS=5000, Greedy MIS=4959, |S|=5003, Oracle MIS=5000, Improvement=41
n=10000, coeff=15, trial=6, GT MIS=5000, Greedy MIS=4917, |S|=10000, Oracle MIS=4917, Improvement=0
n=10000, coeff=15, trial=6, GT MIS=5000, Greedy MIS=4917, |S|=10000, Oracle MIS=4917, Improvement=0
n=10000, coeff=15, trial=6, GT MIS=5000, Greedy MIS=4917, |S|=10000, Oracle MIS=4917, Improvement=0
n=10000, coeff=15, trial=6, GT MIS=5000, Greedy MIS=4917, |S|=9992, Oracle MIS=4917, Improvement=0
n=10000, coeff=15, trial=6, GT MIS=5000, Greedy MIS=4917, |S|=9800, Oracle MIS=5000, Improvement=83
n=10000, coeff=15, trial=6, GT MIS=5000, Greedy MIS=4917, |S|=8647, Oracle MIS=5000, Improvement=83
n=10000, coeff=15, trial=6, GT MIS=5000, Greedy MIS=4917, |S|=6539, Oracle MIS=5000, Improvement=83
n=10000, coeff=15, trial=6, GT MIS=5000, Greedy MIS=4917, |S|=5320, Oracle MIS=5000, Improvement=83
n=10000, coeff=15, trial=6, GT MIS=5000, Greedy MIS=4917, |S|=5046, Oracle MIS=5000, Improvement=83
n=10000, coeff=15, trial=6, GT MIS=5000, Greedy MIS=4917, |S|=5001, Oracle MIS=5000, Improvement=83
n=10000, coeff=15, trial=7, GT MIS=5000, Greedy MIS=4921, |S|=10000, Oracle MIS=4921, Improvement=0
n=10000, coeff=15, trial=7, GT MIS=5000, Greedy MIS=4921, |S|=10000, Oracle MIS=4921, Improvement=0
n=10000, coeff=15, trial=7, GT MIS=5000, Greedy MIS=4921, |S|=10000, Oracle MIS=4921, Improvement=0
n=10000, coeff=15, trial=7, GT MIS=5000, Greedy MIS=4921, |S|=9992, Oracle MIS=4913, Improvement=-8
n=10000, coeff=15, trial=7, GT MIS=5000, Greedy MIS=4921, |S|=9835, Oracle MIS=4888, Improvement=-33
n=10000, coeff=15, trial=7, GT MIS=5000, Greedy MIS=4921, |S|=8793, Oracle MIS=5000, Improvement=79
n=10000, coeff=15, trial=7, GT MIS=5000, Greedy MIS=4921, |S|=6768, Oracle MIS=5000, Improvement=79
n=10000, coeff=15, trial=7, GT MIS=5000, Greedy MIS=4921, |S|=5413, Oracle MIS=5000, Improvement=79
n=10000, coeff=15, trial=7, GT MIS=5000, Greedy MIS=4921, |S|=5041, Oracle MIS=5000, Improvement=79
n=10000, coeff=15, trial=7, GT MIS=5000, Greedy MIS=4921, |S|=5002, Oracle MIS=5000, Improvement=79
n=10000, coeff=15, trial=8, GT MIS=5000, Greedy MIS=5000, |S|=10000, Oracle MIS=5000, Improvement=0
n=10000, coeff=15, trial=8, GT MIS=5000, Greedy MIS=5000, |S|=10000, Oracle MIS=5000, Improvement=0
n=10000, coeff=15, trial=8, GT MIS=5000, Greedy MIS=5000, |S|=10000, Oracle MIS=5000, Improvement=0
n=10000, coeff=15, trial=8, GT MIS=5000, Greedy MIS=5000, |S|=9994, Oracle MIS=4953, Improvement=-47
n=10000, coeff=15, trial=8, GT MIS=5000, Greedy MIS=5000, |S|=9843, Oracle MIS=5000, Improvement=0
n=10000, coeff=15, trial=8, GT MIS=5000, Greedy MIS=5000, |S|=8867, Oracle MIS=5000, Improvement=0
n=10000, coeff=15, trial=8, GT MIS=5000, Greedy MIS=5000, |S|=6795, Oracle MIS=5000, Improvement=0
n=10000, coeff=15, trial=8, GT MIS=5000, Greedy MIS=5000, |S|=5364, Oracle MIS=5000, Improvement=0
n=10000, coeff=15, trial=8, GT MIS=5000, Greedy MIS=5000, |S|=5029, Oracle MIS=5000, Improvement=0
n=10000, coeff=15, trial=8, GT MIS=5000, Greedy MIS=5000, |S|=5004, Oracle MIS=5000, Improvement=0
n=10000, coeff=15, trial=9, GT MIS=5000, Greedy MIS=5000, |S|=10000, Oracle MIS=5000, Improvement=0
n=10000, coeff=15, trial=9, GT MIS=5000, Greedy MIS=5000, |S|=10000, Oracle MIS=5000, Improvement=0
n=10000, coeff=15, trial=9, GT MIS=5000, Greedy MIS=5000, |S|=10000, Oracle MIS=5000, Improvement=0
n=10000, coeff=15, trial=9, GT MIS=5000, Greedy MIS=5000, |S|=9998, Oracle MIS=4998, Improvement=-2
n=10000, coeff=15, trial=9, GT MIS=5000, Greedy MIS=5000, |S|=9842, Oracle MIS=4677, Improvement=-323
n=10000, coeff=15, trial=9, GT MIS=5000, Greedy MIS=5000, |S|=8810, Oracle MIS=5000, Improvement=0
n=10000, coeff=15, trial=9, GT MIS=5000, Greedy MIS=5000, |S|=6714, Oracle MIS=5000, Improvement=0
n=10000, coeff=15, trial=9, GT MIS=5000, Greedy MIS=5000, |S|=5413, Oracle MIS=5000, Improvement=0
n=10000, coeff=15, trial=9, GT MIS=5000, Greedy MIS=5000, |S|=5036, Oracle MIS=5000, Improvement=0
n=10000, coeff=15, trial=9, GT MIS=5000, Greedy MIS=5000, |S|=5002, Oracle MIS=5000, Improvement=0
Results saved to bipartite_experiment_results_epislons_10000.csv
