Running job on compute-3-03
Requested resources:
  - CPUs: 18
  - GPUs: 
  - Memory: 18000
n=55000, coeff=13.0, trial=0, GT MIS=27500, Greedy MIS=26503, |S|=55000, Oracle MIS=26503, Improvement=0
n=55000, coeff=13.0, trial=0, GT MIS=27500, Greedy MIS=26503, |S|=55000, Oracle MIS=26503, Improvement=0
n=55000, coeff=13.0, trial=0, GT MIS=27500, Greedy MIS=26503, |S|=55000, Oracle MIS=26503, Improvement=0
n=55000, coeff=13.0, trial=0, GT MIS=27500, Greedy MIS=26503, |S|=54952, Oracle MIS=26417, Improvement=-86
n=55000, coeff=13.0, trial=0, GT MIS=27500, Greedy MIS=26503, |S|=54048, Oracle MIS=27500, Improvement=997
n=55000, coeff=13.0, trial=0, GT MIS=27500, Greedy MIS=26503, |S|=47972, Oracle MIS=27500, Improvement=997
n=55000, coeff=13.0, trial=0, GT MIS=27500, Greedy MIS=26503, |S|=36980, Oracle MIS=27500, Improvement=997
n=55000, coeff=13.0, trial=0, GT MIS=27500, Greedy MIS=26503, |S|=29454, Oracle MIS=27500, Improvement=997
n=55000, coeff=13.0, trial=0, GT MIS=27500, Greedy MIS=26503, |S|=27669, Oracle MIS=27500, Improvement=997
n=55000, coeff=13.0, trial=0, GT MIS=27500, Greedy MIS=26503, |S|=27507, Oracle MIS=27500, Improvement=997
n=55000, coeff=13.0, trial=1, GT MIS=27500, Greedy MIS=26921, |S|=55000, Oracle MIS=26921, Improvement=0
n=55000, coeff=13.0, trial=1, GT MIS=27500, Greedy MIS=26921, |S|=55000, Oracle MIS=26921, Improvement=0
n=55000, coeff=13.0, trial=1, GT MIS=27500, Greedy MIS=26921, |S|=55000, Oracle MIS=26921, Improvement=0
n=55000, coeff=13.0, trial=1, GT MIS=27500, Greedy MIS=26921, |S|=54951, Oracle MIS=26873, Improvement=-48
n=55000, coeff=13.0, trial=1, GT MIS=27500, Greedy MIS=26921, |S|=53830, Oracle MIS=27422, Improvement=501
n=55000, coeff=13.0, trial=1, GT MIS=27500, Greedy MIS=26921, |S|=47231, Oracle MIS=27500, Improvement=579
n=55000, coeff=13.0, trial=1, GT MIS=27500, Greedy MIS=26921, |S|=35874, Oracle MIS=27500, Improvement=579
n=55000, coeff=13.0, trial=1, GT MIS=27500, Greedy MIS=26921, |S|=29094, Oracle MIS=27500, Improvement=579
n=55000, coeff=13.0, trial=1, GT MIS=27500, Greedy MIS=26921, |S|=27643, Oracle MIS=27500, Improvement=579
n=55000, coeff=13.0, trial=1, GT MIS=27500, Greedy MIS=26921, |S|=27510, Oracle MIS=27499, Improvement=578
n=55000, coeff=13.0, trial=2, GT MIS=27500, Greedy MIS=26526, |S|=55000, Oracle MIS=26526, Improvement=0
n=55000, coeff=13.0, trial=2, GT MIS=27500, Greedy MIS=26526, |S|=55000, Oracle MIS=26526, Improvement=0
n=55000, coeff=13.0, trial=2, GT MIS=27500, Greedy MIS=26526, |S|=54999, Oracle MIS=26525, Improvement=-1
n=55000, coeff=13.0, trial=2, GT MIS=27500, Greedy MIS=26526, |S|=54956, Oracle MIS=26483, Improvement=-43
n=55000, coeff=13.0, trial=2, GT MIS=27500, Greedy MIS=26526, |S|=53816, Oracle MIS=27460, Improvement=934
n=55000, coeff=13.0, trial=2, GT MIS=27500, Greedy MIS=26526, |S|=47148, Oracle MIS=27500, Improvement=974
n=55000, coeff=13.0, trial=2, GT MIS=27500, Greedy MIS=26526, |S|=35732, Oracle MIS=27500, Improvement=974
n=55000, coeff=13.0, trial=2, GT MIS=27500, Greedy MIS=26526, |S|=29025, Oracle MIS=27500, Improvement=974
n=55000, coeff=13.0, trial=2, GT MIS=27500, Greedy MIS=26526, |S|=27648, Oracle MIS=27500, Improvement=974
n=55000, coeff=13.0, trial=2, GT MIS=27500, Greedy MIS=26526, |S|=27506, Oracle MIS=27500, Improvement=974
n=55000, coeff=13.0, trial=3, GT MIS=27500, Greedy MIS=26967, |S|=55000, Oracle MIS=26967, Improvement=0
n=55000, coeff=13.0, trial=3, GT MIS=27500, Greedy MIS=26967, |S|=55000, Oracle MIS=26967, Improvement=0
n=55000, coeff=13.0, trial=3, GT MIS=27500, Greedy MIS=26967, |S|=55000, Oracle MIS=26967, Improvement=0
n=55000, coeff=13.0, trial=3, GT MIS=27500, Greedy MIS=26967, |S|=54958, Oracle MIS=26967, Improvement=0
n=55000, coeff=13.0, trial=3, GT MIS=27500, Greedy MIS=26967, |S|=53893, Oracle MIS=27307, Improvement=340
n=55000, coeff=13.0, trial=3, GT MIS=27500, Greedy MIS=26967, |S|=47774, Oracle MIS=27500, Improvement=533
n=55000, coeff=13.0, trial=3, GT MIS=27500, Greedy MIS=26967, |S|=36836, Oracle MIS=27500, Improvement=533
n=55000, coeff=13.0, trial=3, GT MIS=27500, Greedy MIS=26967, |S|=29412, Oracle MIS=27500, Improvement=533
n=55000, coeff=13.0, trial=3, GT MIS=27500, Greedy MIS=26967, |S|=27696, Oracle MIS=27500, Improvement=533
n=55000, coeff=13.0, trial=3, GT MIS=27500, Greedy MIS=26967, |S|=27509, Oracle MIS=27500, Improvement=533
n=55000, coeff=13.0, trial=4, GT MIS=27500, Greedy MIS=26839, |S|=55000, Oracle MIS=26839, Improvement=0
n=55000, coeff=13.0, trial=4, GT MIS=27500, Greedy MIS=26839, |S|=55000, Oracle MIS=26839, Improvement=0
n=55000, coeff=13.0, trial=4, GT MIS=27500, Greedy MIS=26839, |S|=55000, Oracle MIS=26839, Improvement=0
n=55000, coeff=13.0, trial=4, GT MIS=27500, Greedy MIS=26839, |S|=54959, Oracle MIS=26714, Improvement=-125
n=55000, coeff=13.0, trial=4, GT MIS=27500, Greedy MIS=26839, |S|=53883, Oracle MIS=27296, Improvement=457
n=55000, coeff=13.0, trial=4, GT MIS=27500, Greedy MIS=26839, |S|=47813, Oracle MIS=27500, Improvement=661
n=55000, coeff=13.0, trial=4, GT MIS=27500, Greedy MIS=26839, |S|=36488, Oracle MIS=27500, Improvement=661
n=55000, coeff=13.0, trial=4, GT MIS=27500, Greedy MIS=26839, |S|=29266, Oracle MIS=27500, Improvement=661
n=55000, coeff=13.0, trial=4, GT MIS=27500, Greedy MIS=26839, |S|=27641, Oracle MIS=27500, Improvement=661
n=55000, coeff=13.0, trial=4, GT MIS=27500, Greedy MIS=26839, |S|=27505, Oracle MIS=27500, Improvement=661
n=55000, coeff=13.0, trial=5, GT MIS=27500, Greedy MIS=26779, |S|=55000, Oracle MIS=26779, Improvement=0
n=55000, coeff=13.0, trial=5, GT MIS=27500, Greedy MIS=26779, |S|=55000, Oracle MIS=26779, Improvement=0
n=55000, coeff=13.0, trial=5, GT MIS=27500, Greedy MIS=26779, |S|=54999, Oracle MIS=26779, Improvement=0
n=55000, coeff=13.0, trial=5, GT MIS=27500, Greedy MIS=26779, |S|=54972, Oracle MIS=26779, Improvement=0
n=55000, coeff=13.0, trial=5, GT MIS=27500, Greedy MIS=26779, |S|=54059, Oracle MIS=27461, Improvement=682
n=55000, coeff=13.0, trial=5, GT MIS=27500, Greedy MIS=26779, |S|=48545, Oracle MIS=27500, Improvement=721
n=55000, coeff=13.0, trial=5, GT MIS=27500, Greedy MIS=26779, |S|=37121, Oracle MIS=27500, Improvement=721
n=55000, coeff=13.0, trial=5, GT MIS=27500, Greedy MIS=26779, |S|=29566, Oracle MIS=27500, Improvement=721
n=55000, coeff=13.0, trial=5, GT MIS=27500, Greedy MIS=26779, |S|=27689, Oracle MIS=27500, Improvement=721
n=55000, coeff=13.0, trial=5, GT MIS=27500, Greedy MIS=26779, |S|=27507, Oracle MIS=27500, Improvement=721
n=55000, coeff=13.0, trial=6, GT MIS=27500, Greedy MIS=26947, |S|=55000, Oracle MIS=26947, Improvement=0
n=55000, coeff=13.0, trial=6, GT MIS=27500, Greedy MIS=26947, |S|=55000, Oracle MIS=26947, Improvement=0
n=55000, coeff=13.0, trial=6, GT MIS=27500, Greedy MIS=26947, |S|=55000, Oracle MIS=26947, Improvement=0
n=55000, coeff=13.0, trial=6, GT MIS=27500, Greedy MIS=26947, |S|=54942, Oracle MIS=26947, Improvement=0
n=55000, coeff=13.0, trial=6, GT MIS=27500, Greedy MIS=26947, |S|=53831, Oracle MIS=27459, Improvement=512
n=55000, coeff=13.0, trial=6, GT MIS=27500, Greedy MIS=26947, |S|=47499, Oracle MIS=27500, Improvement=553
n=55000, coeff=13.0, trial=6, GT MIS=27500, Greedy MIS=26947, |S|=36169, Oracle MIS=27500, Improvement=553
n=55000, coeff=13.0, trial=6, GT MIS=27500, Greedy MIS=26947, |S|=29202, Oracle MIS=27500, Improvement=553
n=55000, coeff=13.0, trial=6, GT MIS=27500, Greedy MIS=26947, |S|=27647, Oracle MIS=27500, Improvement=553
n=55000, coeff=13.0, trial=6, GT MIS=27500, Greedy MIS=26947, |S|=27502, Oracle MIS=27500, Improvement=553
n=55000, coeff=13.0, trial=7, GT MIS=27500, Greedy MIS=27380, |S|=55000, Oracle MIS=27380, Improvement=0
n=55000, coeff=13.0, trial=7, GT MIS=27500, Greedy MIS=27380, |S|=55000, Oracle MIS=27380, Improvement=0
n=55000, coeff=13.0, trial=7, GT MIS=27500, Greedy MIS=27380, |S|=54999, Oracle MIS=27379, Improvement=-1
n=55000, coeff=13.0, trial=7, GT MIS=27500, Greedy MIS=27380, |S|=54942, Oracle MIS=27322, Improvement=-58
n=55000, coeff=13.0, trial=7, GT MIS=27500, Greedy MIS=27380, |S|=53981, Oracle MIS=27015, Improvement=-365
n=55000, coeff=13.0, trial=7, GT MIS=27500, Greedy MIS=27380, |S|=48027, Oracle MIS=27500, Improvement=120
n=55000, coeff=13.0, trial=7, GT MIS=27500, Greedy MIS=27380, |S|=36868, Oracle MIS=27500, Improvement=120
n=55000, coeff=13.0, trial=7, GT MIS=27500, Greedy MIS=27380, |S|=29383, Oracle MIS=27500, Improvement=120
n=55000, coeff=13.0, trial=7, GT MIS=27500, Greedy MIS=27380, |S|=27666, Oracle MIS=27500, Improvement=120
n=55000, coeff=13.0, trial=7, GT MIS=27500, Greedy MIS=27380, |S|=27506, Oracle MIS=27499, Improvement=119
n=55000, coeff=13.0, trial=8, GT MIS=27500, Greedy MIS=26522, |S|=55000, Oracle MIS=26522, Improvement=0
n=55000, coeff=13.0, trial=8, GT MIS=27500, Greedy MIS=26522, |S|=55000, Oracle MIS=26522, Improvement=0
n=55000, coeff=13.0, trial=8, GT MIS=27500, Greedy MIS=26522, |S|=54999, Oracle MIS=26521, Improvement=-1
n=55000, coeff=13.0, trial=8, GT MIS=27500, Greedy MIS=26522, |S|=54957, Oracle MIS=26145, Improvement=-377
n=55000, coeff=13.0, trial=8, GT MIS=27500, Greedy MIS=26522, |S|=53982, Oracle MIS=27389, Improvement=867
n=55000, coeff=13.0, trial=8, GT MIS=27500, Greedy MIS=26522, |S|=48192, Oracle MIS=27500, Improvement=978
n=55000, coeff=13.0, trial=8, GT MIS=27500, Greedy MIS=26522, |S|=36974, Oracle MIS=27500, Improvement=978
n=55000, coeff=13.0, trial=8, GT MIS=27500, Greedy MIS=26522, |S|=29542, Oracle MIS=27500, Improvement=978
n=55000, coeff=13.0, trial=8, GT MIS=27500, Greedy MIS=26522, |S|=27692, Oracle MIS=27500, Improvement=978
n=55000, coeff=13.0, trial=8, GT MIS=27500, Greedy MIS=26522, |S|=27504, Oracle MIS=27500, Improvement=978
n=55000, coeff=13.0, trial=9, GT MIS=27500, Greedy MIS=26535, |S|=55000, Oracle MIS=26535, Improvement=0
n=55000, coeff=13.0, trial=9, GT MIS=27500, Greedy MIS=26535, |S|=55000, Oracle MIS=26535, Improvement=0
n=55000, coeff=13.0, trial=9, GT MIS=27500, Greedy MIS=26535, |S|=55000, Oracle MIS=26535, Improvement=0
n=55000, coeff=13.0, trial=9, GT MIS=27500, Greedy MIS=26535, |S|=54947, Oracle MIS=26443, Improvement=-92
n=55000, coeff=13.0, trial=9, GT MIS=27500, Greedy MIS=26535, |S|=53984, Oracle MIS=27418, Improvement=883
n=55000, coeff=13.0, trial=9, GT MIS=27500, Greedy MIS=26535, |S|=48215, Oracle MIS=27500, Improvement=965
n=55000, coeff=13.0, trial=9, GT MIS=27500, Greedy MIS=26535, |S|=36926, Oracle MIS=27500, Improvement=965
n=55000, coeff=13.0, trial=9, GT MIS=27500, Greedy MIS=26535, |S|=29410, Oracle MIS=27500, Improvement=965
n=55000, coeff=13.0, trial=9, GT MIS=27500, Greedy MIS=26535, |S|=27672, Oracle MIS=27499, Improvement=964
n=55000, coeff=13.0, trial=9, GT MIS=27500, Greedy MIS=26535, |S|=27503, Oracle MIS=27499, Improvement=964
Results saved to bipartite_experiment_results_epislons_55000.csv
