Running job on compute-0-52
Requested resources:
  - CPUs: 18
  - GPUs: 
  - Memory: 18000
n=55000, coeff=5.0, trial=0, GT MIS=27500, Greedy MIS=26661, |S|=55000, Oracle MIS=26661, Improvement=0
n=55000, coeff=5.0, trial=0, GT MIS=27500, Greedy MIS=26661, |S|=55000, Oracle MIS=26661, Improvement=0
n=55000, coeff=5.0, trial=0, GT MIS=27500, Greedy MIS=26661, |S|=54999, Oracle MIS=26660, Improvement=-1
n=55000, coeff=5.0, trial=0, GT MIS=27500, Greedy MIS=26661, |S|=54986, Oracle MIS=26648, Improvement=-13
n=55000, coeff=5.0, trial=0, GT MIS=27500, Greedy MIS=26661, |S|=54803, Oracle MIS=26921, Improvement=260
n=55000, coeff=5.0, trial=0, GT MIS=27500, Greedy MIS=26661, |S|=53774, Oracle MIS=26921, Improvement=260
n=55000, coeff=5.0, trial=0, GT MIS=27500, Greedy MIS=26661, |S|=50331, Oracle MIS=27467, Improvement=806
n=55000, coeff=5.0, trial=0, GT MIS=27500, Greedy MIS=26661, |S|=43341, Oracle MIS=27500, Improvement=839
n=55000, coeff=5.0, trial=0, GT MIS=27500, Greedy MIS=26661, |S|=35874, Oracle MIS=27498, Improvement=837
n=55000, coeff=5.0, trial=0, GT MIS=27500, Greedy MIS=26661, |S|=30493, Oracle MIS=27495, Improvement=834
n=55000, coeff=5.0, trial=1, GT MIS=27500, Greedy MIS=26396, |S|=55000, Oracle MIS=26396, Improvement=0
n=55000, coeff=5.0, trial=1, GT MIS=27500, Greedy MIS=26396, |S|=55000, Oracle MIS=26396, Improvement=0
n=55000, coeff=5.0, trial=1, GT MIS=27500, Greedy MIS=26396, |S|=55000, Oracle MIS=26396, Improvement=0
n=55000, coeff=5.0, trial=1, GT MIS=27500, Greedy MIS=26396, |S|=54986, Oracle MIS=26335, Improvement=-61
n=55000, coeff=5.0, trial=1, GT MIS=27500, Greedy MIS=26396, |S|=54774, Oracle MIS=26351, Improvement=-45
n=55000, coeff=5.0, trial=1, GT MIS=27500, Greedy MIS=26396, |S|=53561, Oracle MIS=27193, Improvement=797
n=55000, coeff=5.0, trial=1, GT MIS=27500, Greedy MIS=26396, |S|=49873, Oracle MIS=27475, Improvement=1079
n=55000, coeff=5.0, trial=1, GT MIS=27500, Greedy MIS=26396, |S|=42673, Oracle MIS=27499, Improvement=1103
n=55000, coeff=5.0, trial=1, GT MIS=27500, Greedy MIS=26396, |S|=35432, Oracle MIS=27498, Improvement=1102
n=55000, coeff=5.0, trial=1, GT MIS=27500, Greedy MIS=26396, |S|=30123, Oracle MIS=27499, Improvement=1103
n=55000, coeff=5.0, trial=2, GT MIS=27500, Greedy MIS=26498, |S|=55000, Oracle MIS=26498, Improvement=0
n=55000, coeff=5.0, trial=2, GT MIS=27500, Greedy MIS=26498, |S|=55000, Oracle MIS=26498, Improvement=0
n=55000, coeff=5.0, trial=2, GT MIS=27500, Greedy MIS=26498, |S|=55000, Oracle MIS=26498, Improvement=0
n=55000, coeff=5.0, trial=2, GT MIS=27500, Greedy MIS=26498, |S|=54984, Oracle MIS=26459, Improvement=-39
n=55000, coeff=5.0, trial=2, GT MIS=27500, Greedy MIS=26498, |S|=54784, Oracle MIS=26123, Improvement=-375
n=55000, coeff=5.0, trial=2, GT MIS=27500, Greedy MIS=26498, |S|=53565, Oracle MIS=27205, Improvement=707
n=55000, coeff=5.0, trial=2, GT MIS=27500, Greedy MIS=26498, |S|=49802, Oracle MIS=27500, Improvement=1002
n=55000, coeff=5.0, trial=2, GT MIS=27500, Greedy MIS=26498, |S|=42545, Oracle MIS=27500, Improvement=1002
n=55000, coeff=5.0, trial=2, GT MIS=27500, Greedy MIS=26498, |S|=35322, Oracle MIS=27500, Improvement=1002
n=55000, coeff=5.0, trial=2, GT MIS=27500, Greedy MIS=26498, |S|=30202, Oracle MIS=27494, Improvement=996
n=55000, coeff=5.0, trial=3, GT MIS=27500, Greedy MIS=26438, |S|=55000, Oracle MIS=26438, Improvement=0
n=55000, coeff=5.0, trial=3, GT MIS=27500, Greedy MIS=26438, |S|=55000, Oracle MIS=26438, Improvement=0
n=55000, coeff=5.0, trial=3, GT MIS=27500, Greedy MIS=26438, |S|=55000, Oracle MIS=26438, Improvement=0
n=55000, coeff=5.0, trial=3, GT MIS=27500, Greedy MIS=26438, |S|=54990, Oracle MIS=26188, Improvement=-250
n=55000, coeff=5.0, trial=3, GT MIS=27500, Greedy MIS=26438, |S|=54814, Oracle MIS=26552, Improvement=114
n=55000, coeff=5.0, trial=3, GT MIS=27500, Greedy MIS=26438, |S|=53739, Oracle MIS=26647, Improvement=209
n=55000, coeff=5.0, trial=3, GT MIS=27500, Greedy MIS=26438, |S|=50295, Oracle MIS=27483, Improvement=1045
n=55000, coeff=5.0, trial=3, GT MIS=27500, Greedy MIS=26438, |S|=43569, Oracle MIS=27500, Improvement=1062
n=55000, coeff=5.0, trial=3, GT MIS=27500, Greedy MIS=26438, |S|=35704, Oracle MIS=27500, Improvement=1062
n=55000, coeff=5.0, trial=3, GT MIS=27500, Greedy MIS=26438, |S|=30786, Oracle MIS=27500, Improvement=1062
n=55000, coeff=5.0, trial=4, GT MIS=27500, Greedy MIS=25998, |S|=55000, Oracle MIS=25998, Improvement=0
n=55000, coeff=5.0, trial=4, GT MIS=27500, Greedy MIS=25998, |S|=55000, Oracle MIS=25998, Improvement=0
n=55000, coeff=5.0, trial=4, GT MIS=27500, Greedy MIS=25998, |S|=55000, Oracle MIS=25998, Improvement=0
n=55000, coeff=5.0, trial=4, GT MIS=27500, Greedy MIS=25998, |S|=54985, Oracle MIS=25961, Improvement=-37
n=55000, coeff=5.0, trial=4, GT MIS=27500, Greedy MIS=25998, |S|=54802, Oracle MIS=26476, Improvement=478
n=55000, coeff=5.0, trial=4, GT MIS=27500, Greedy MIS=25998, |S|=53720, Oracle MIS=27165, Improvement=1167
n=55000, coeff=5.0, trial=4, GT MIS=27500, Greedy MIS=25998, |S|=50123, Oracle MIS=27457, Improvement=1459
n=55000, coeff=5.0, trial=4, GT MIS=27500, Greedy MIS=25998, |S|=43380, Oracle MIS=27500, Improvement=1502
n=55000, coeff=5.0, trial=4, GT MIS=27500, Greedy MIS=25998, |S|=35650, Oracle MIS=27500, Improvement=1502
n=55000, coeff=5.0, trial=4, GT MIS=27500, Greedy MIS=25998, |S|=30674, Oracle MIS=27500, Improvement=1502
n=55000, coeff=5.0, trial=5, GT MIS=27500, Greedy MIS=26227, |S|=55000, Oracle MIS=26227, Improvement=0
n=55000, coeff=5.0, trial=5, GT MIS=27500, Greedy MIS=26227, |S|=55000, Oracle MIS=26227, Improvement=0
n=55000, coeff=5.0, trial=5, GT MIS=27500, Greedy MIS=26227, |S|=55000, Oracle MIS=26227, Improvement=0
n=55000, coeff=5.0, trial=5, GT MIS=27500, Greedy MIS=26227, |S|=54986, Oracle MIS=26203, Improvement=-24
n=55000, coeff=5.0, trial=5, GT MIS=27500, Greedy MIS=26227, |S|=54812, Oracle MIS=25848, Improvement=-379
n=55000, coeff=5.0, trial=5, GT MIS=27500, Greedy MIS=26227, |S|=53843, Oracle MIS=25954, Improvement=-273
n=55000, coeff=5.0, trial=5, GT MIS=27500, Greedy MIS=26227, |S|=50469, Oracle MIS=27483, Improvement=1256
n=55000, coeff=5.0, trial=5, GT MIS=27500, Greedy MIS=26227, |S|=43413, Oracle MIS=27499, Improvement=1272
n=55000, coeff=5.0, trial=5, GT MIS=27500, Greedy MIS=26227, |S|=36054, Oracle MIS=27499, Improvement=1272
n=55000, coeff=5.0, trial=5, GT MIS=27500, Greedy MIS=26227, |S|=30545, Oracle MIS=27496, Improvement=1269
n=55000, coeff=5.0, trial=6, GT MIS=27500, Greedy MIS=26289, |S|=55000, Oracle MIS=26289, Improvement=0
n=55000, coeff=5.0, trial=6, GT MIS=27500, Greedy MIS=26289, |S|=55000, Oracle MIS=26289, Improvement=0
n=55000, coeff=5.0, trial=6, GT MIS=27500, Greedy MIS=26289, |S|=54999, Oracle MIS=26288, Improvement=-1
n=55000, coeff=5.0, trial=6, GT MIS=27500, Greedy MIS=26289, |S|=54987, Oracle MIS=26216, Improvement=-73
n=55000, coeff=5.0, trial=6, GT MIS=27500, Greedy MIS=26289, |S|=54780, Oracle MIS=26351, Improvement=62
n=55000, coeff=5.0, trial=6, GT MIS=27500, Greedy MIS=26289, |S|=53646, Oracle MIS=26373, Improvement=84
n=55000, coeff=5.0, trial=6, GT MIS=27500, Greedy MIS=26289, |S|=50032, Oracle MIS=27484, Improvement=1195
n=55000, coeff=5.0, trial=6, GT MIS=27500, Greedy MIS=26289, |S|=42787, Oracle MIS=27499, Improvement=1210
n=55000, coeff=5.0, trial=6, GT MIS=27500, Greedy MIS=26289, |S|=35586, Oracle MIS=27498, Improvement=1209
n=55000, coeff=5.0, trial=6, GT MIS=27500, Greedy MIS=26289, |S|=30349, Oracle MIS=27498, Improvement=1209
n=55000, coeff=5.0, trial=7, GT MIS=27500, Greedy MIS=26690, |S|=55000, Oracle MIS=26690, Improvement=0
n=55000, coeff=5.0, trial=7, GT MIS=27500, Greedy MIS=26690, |S|=55000, Oracle MIS=26690, Improvement=0
n=55000, coeff=5.0, trial=7, GT MIS=27500, Greedy MIS=26690, |S|=55000, Oracle MIS=26690, Improvement=0
n=55000, coeff=5.0, trial=7, GT MIS=27500, Greedy MIS=26690, |S|=54994, Oracle MIS=26684, Improvement=-6
n=55000, coeff=5.0, trial=7, GT MIS=27500, Greedy MIS=26690, |S|=54813, Oracle MIS=26272, Improvement=-418
n=55000, coeff=5.0, trial=7, GT MIS=27500, Greedy MIS=26690, |S|=53751, Oracle MIS=26251, Improvement=-439
n=55000, coeff=5.0, trial=7, GT MIS=27500, Greedy MIS=26690, |S|=50206, Oracle MIS=27441, Improvement=751
n=55000, coeff=5.0, trial=7, GT MIS=27500, Greedy MIS=26690, |S|=43585, Oracle MIS=27500, Improvement=810
n=55000, coeff=5.0, trial=7, GT MIS=27500, Greedy MIS=26690, |S|=35729, Oracle MIS=27500, Improvement=810
n=55000, coeff=5.0, trial=7, GT MIS=27500, Greedy MIS=26690, |S|=30824, Oracle MIS=27499, Improvement=809
n=55000, coeff=5.0, trial=8, GT MIS=27500, Greedy MIS=27163, |S|=55000, Oracle MIS=27163, Improvement=0
n=55000, coeff=5.0, trial=8, GT MIS=27500, Greedy MIS=27163, |S|=55000, Oracle MIS=27163, Improvement=0
n=55000, coeff=5.0, trial=8, GT MIS=27500, Greedy MIS=27163, |S|=55000, Oracle MIS=27163, Improvement=0
n=55000, coeff=5.0, trial=8, GT MIS=27500, Greedy MIS=27163, |S|=54982, Oracle MIS=27135, Improvement=-28
n=55000, coeff=5.0, trial=8, GT MIS=27500, Greedy MIS=27163, |S|=54807, Oracle MIS=26942, Improvement=-221
n=55000, coeff=5.0, trial=8, GT MIS=27500, Greedy MIS=27163, |S|=53771, Oracle MIS=26929, Improvement=-234
n=55000, coeff=5.0, trial=8, GT MIS=27500, Greedy MIS=27163, |S|=50497, Oracle MIS=27477, Improvement=314
n=55000, coeff=5.0, trial=8, GT MIS=27500, Greedy MIS=27163, |S|=43535, Oracle MIS=27500, Improvement=337
n=55000, coeff=5.0, trial=8, GT MIS=27500, Greedy MIS=27163, |S|=36038, Oracle MIS=27499, Improvement=336
n=55000, coeff=5.0, trial=8, GT MIS=27500, Greedy MIS=27163, |S|=30423, Oracle MIS=27499, Improvement=336
n=55000, coeff=5.0, trial=9, GT MIS=27500, Greedy MIS=26321, |S|=55000, Oracle MIS=26321, Improvement=0
n=55000, coeff=5.0, trial=9, GT MIS=27500, Greedy MIS=26321, |S|=55000, Oracle MIS=26321, Improvement=0
n=55000, coeff=5.0, trial=9, GT MIS=27500, Greedy MIS=26321, |S|=55000, Oracle MIS=26321, Improvement=0
n=55000, coeff=5.0, trial=9, GT MIS=27500, Greedy MIS=26321, |S|=54984, Oracle MIS=26259, Improvement=-62
n=55000, coeff=5.0, trial=9, GT MIS=27500, Greedy MIS=26321, |S|=54818, Oracle MIS=26211, Improvement=-110
n=55000, coeff=5.0, trial=9, GT MIS=27500, Greedy MIS=26321, |S|=53836, Oracle MIS=26234, Improvement=-87
n=55000, coeff=5.0, trial=9, GT MIS=27500, Greedy MIS=26321, |S|=50282, Oracle MIS=27439, Improvement=1118
n=55000, coeff=5.0, trial=9, GT MIS=27500, Greedy MIS=26321, |S|=43137, Oracle MIS=27500, Improvement=1179
n=55000, coeff=5.0, trial=9, GT MIS=27500, Greedy MIS=26321, |S|=35812, Oracle MIS=27499, Improvement=1178
n=55000, coeff=5.0, trial=9, GT MIS=27500, Greedy MIS=26321, |S|=30465, Oracle MIS=27495, Improvement=1174
Results saved to bipartite_experiment_results_epislons_55000.csv
