Running job on compute-0-01
Requested resources:
  - CPUs: 32
  - GPUs: 
  - Memory: 24000
n=35000, coeff=2, trial=0, GT MIS=17500, Greedy MIS=17211, |S|=35000, Oracle MIS=17211, Improvement=0
n=35000, coeff=2, trial=0, GT MIS=17500, Greedy MIS=17211, |S|=35000, Oracle MIS=17211, Improvement=0
n=35000, coeff=2, trial=0, GT MIS=17500, Greedy MIS=17211, |S|=34999, Oracle MIS=17208, Improvement=-3
n=35000, coeff=2, trial=0, GT MIS=17500, Greedy MIS=17211, |S|=34974, Oracle MIS=17170, Improvement=-41
n=35000, coeff=2, trial=0, GT MIS=17500, Greedy MIS=17211, |S|=34898, Oracle MIS=17072, Improvement=-139
n=35000, coeff=2, trial=0, GT MIS=17500, Greedy MIS=17211, |S|=34540, Oracle MIS=16617, Improvement=-594
n=35000, coeff=2, trial=0, GT MIS=17500, Greedy MIS=17211, |S|=33581, Oracle MIS=14924, Improvement=-2287
n=35000, coeff=2, trial=0, GT MIS=17500, Greedy MIS=17211, |S|=31644, Oracle MIS=17233, Improvement=22
n=35000, coeff=2, trial=0, GT MIS=17500, Greedy MIS=17211, |S|=29051, Oracle MIS=17455, Improvement=244
n=35000, coeff=2, trial=0, GT MIS=17500, Greedy MIS=17211, |S|=25419, Oracle MIS=17466, Improvement=255
n=35000, coeff=2, trial=1, GT MIS=17501, Greedy MIS=17196, |S|=35000, Oracle MIS=17196, Improvement=0
n=35000, coeff=2, trial=1, GT MIS=17501, Greedy MIS=17196, |S|=35000, Oracle MIS=17196, Improvement=0
n=35000, coeff=2, trial=1, GT MIS=17501, Greedy MIS=17196, |S|=34998, Oracle MIS=17192, Improvement=-4
n=35000, coeff=2, trial=1, GT MIS=17501, Greedy MIS=17196, |S|=34978, Oracle MIS=17171, Improvement=-25
n=35000, coeff=2, trial=1, GT MIS=17501, Greedy MIS=17196, |S|=34891, Oracle MIS=17058, Improvement=-138
n=35000, coeff=2, trial=1, GT MIS=17501, Greedy MIS=17196, |S|=34566, Oracle MIS=16626, Improvement=-570
n=35000, coeff=2, trial=1, GT MIS=17501, Greedy MIS=17196, |S|=33614, Oracle MIS=14703, Improvement=-2493
n=35000, coeff=2, trial=1, GT MIS=17501, Greedy MIS=17196, |S|=31788, Oracle MIS=17203, Improvement=7
n=35000, coeff=2, trial=1, GT MIS=17501, Greedy MIS=17196, |S|=29069, Oracle MIS=17457, Improvement=261
n=35000, coeff=2, trial=1, GT MIS=17501, Greedy MIS=17196, |S|=25437, Oracle MIS=17467, Improvement=271
n=35000, coeff=2, trial=2, GT MIS=17500, Greedy MIS=17212, |S|=35000, Oracle MIS=17212, Improvement=0
n=35000, coeff=2, trial=2, GT MIS=17500, Greedy MIS=17212, |S|=34999, Oracle MIS=17211, Improvement=-1
n=35000, coeff=2, trial=2, GT MIS=17500, Greedy MIS=17212, |S|=34997, Oracle MIS=17209, Improvement=-3
n=35000, coeff=2, trial=2, GT MIS=17500, Greedy MIS=17212, |S|=34975, Oracle MIS=17187, Improvement=-25
n=35000, coeff=2, trial=2, GT MIS=17500, Greedy MIS=17212, |S|=34901, Oracle MIS=17096, Improvement=-116
n=35000, coeff=2, trial=2, GT MIS=17500, Greedy MIS=17212, |S|=34569, Oracle MIS=16662, Improvement=-550
n=35000, coeff=2, trial=2, GT MIS=17500, Greedy MIS=17212, |S|=33521, Oracle MIS=14772, Improvement=-2440
n=35000, coeff=2, trial=2, GT MIS=17500, Greedy MIS=17212, |S|=31823, Oracle MIS=17207, Improvement=-5
n=35000, coeff=2, trial=2, GT MIS=17500, Greedy MIS=17212, |S|=29193, Oracle MIS=17463, Improvement=251
n=35000, coeff=2, trial=2, GT MIS=17500, Greedy MIS=17212, |S|=25566, Oracle MIS=17483, Improvement=271
n=35000, coeff=2, trial=3, GT MIS=17501, Greedy MIS=17200, |S|=35000, Oracle MIS=17200, Improvement=0
n=35000, coeff=2, trial=3, GT MIS=17501, Greedy MIS=17200, |S|=35000, Oracle MIS=17200, Improvement=0
n=35000, coeff=2, trial=3, GT MIS=17501, Greedy MIS=17200, |S|=34999, Oracle MIS=17200, Improvement=0
n=35000, coeff=2, trial=3, GT MIS=17501, Greedy MIS=17200, |S|=34985, Oracle MIS=17200, Improvement=0
n=35000, coeff=2, trial=3, GT MIS=17501, Greedy MIS=17200, |S|=34900, Oracle MIS=17200, Improvement=0
n=35000, coeff=2, trial=3, GT MIS=17501, Greedy MIS=17200, |S|=34570, Oracle MIS=17199, Improvement=-1
n=35000, coeff=2, trial=3, GT MIS=17501, Greedy MIS=17200, |S|=33676, Oracle MIS=17209, Improvement=9
n=35000, coeff=2, trial=3, GT MIS=17501, Greedy MIS=17200, |S|=31850, Oracle MIS=17475, Improvement=275
n=35000, coeff=2, trial=3, GT MIS=17501, Greedy MIS=17200, |S|=29136, Oracle MIS=17490, Improvement=290
n=35000, coeff=2, trial=3, GT MIS=17501, Greedy MIS=17200, |S|=25365, Oracle MIS=17472, Improvement=272
n=35000, coeff=2, trial=4, GT MIS=17500, Greedy MIS=17252, |S|=35000, Oracle MIS=17252, Improvement=0
n=35000, coeff=2, trial=4, GT MIS=17500, Greedy MIS=17252, |S|=35000, Oracle MIS=17252, Improvement=0
n=35000, coeff=2, trial=4, GT MIS=17500, Greedy MIS=17252, |S|=34998, Oracle MIS=17250, Improvement=-2
n=35000, coeff=2, trial=4, GT MIS=17500, Greedy MIS=17252, |S|=34981, Oracle MIS=17219, Improvement=-33
n=35000, coeff=2, trial=4, GT MIS=17500, Greedy MIS=17252, |S|=34891, Oracle MIS=17110, Improvement=-142
n=35000, coeff=2, trial=4, GT MIS=17500, Greedy MIS=17252, |S|=34509, Oracle MIS=16630, Improvement=-622
n=35000, coeff=2, trial=4, GT MIS=17500, Greedy MIS=17252, |S|=33543, Oracle MIS=14955, Improvement=-2297
n=35000, coeff=2, trial=4, GT MIS=17500, Greedy MIS=17252, |S|=31655, Oracle MIS=17241, Improvement=-11
n=35000, coeff=2, trial=4, GT MIS=17500, Greedy MIS=17252, |S|=28873, Oracle MIS=17460, Improvement=208
n=35000, coeff=2, trial=4, GT MIS=17500, Greedy MIS=17252, |S|=25253, Oracle MIS=17473, Improvement=221
Results saved to bipartite_experiment_results_epislons_35000.csv
