Running job on compute-3-06
Requested resources:
  - CPUs: 12
  - GPUs: 
  - Memory: 18000
n=5000, coeff=30.0, trial=0, GT MIS=2500, Greedy MIS=2500, |S|=5000, Oracle MIS=2500, Improvement=0
n=5000, coeff=30.0, trial=0, GT MIS=2500, Greedy MIS=2500, |S|=5000, Oracle MIS=2500, Improvement=0
n=5000, coeff=30.0, trial=0, GT MIS=2500, Greedy MIS=2500, |S|=5000, Oracle MIS=2500, Improvement=0
n=5000, coeff=30.0, trial=0, GT MIS=2500, Greedy MIS=2500, |S|=4955, Oracle MIS=2455, Improvement=-45
n=5000, coeff=30.0, trial=0, GT MIS=2500, Greedy MIS=2500, |S|=4436, Oracle MIS=2500, Improvement=0
n=5000, coeff=30.0, trial=0, GT MIS=2500, Greedy MIS=2500, |S|=3123, Oracle MIS=2500, Improvement=0
n=5000, coeff=30.0, trial=0, GT MIS=2500, Greedy MIS=2500, |S|=2565, Oracle MIS=2500, Improvement=0
n=5000, coeff=30.0, trial=0, GT MIS=2500, Greedy MIS=2500, |S|=2503, Oracle MIS=2500, Improvement=0
n=5000, coeff=30.0, trial=0, GT MIS=2500, Greedy MIS=2500, |S|=2500, Oracle MIS=2500, Improvement=0
n=5000, coeff=30.0, trial=0, GT MIS=2500, Greedy MIS=2500, |S|=2500, Oracle MIS=2500, Improvement=0
n=5000, coeff=30.0, trial=1, GT MIS=2500, Greedy MIS=2500, |S|=5000, Oracle MIS=2500, Improvement=0
n=5000, coeff=30.0, trial=1, GT MIS=2500, Greedy MIS=2500, |S|=5000, Oracle MIS=2500, Improvement=0
n=5000, coeff=30.0, trial=1, GT MIS=2500, Greedy MIS=2500, |S|=5000, Oracle MIS=2500, Improvement=0
n=5000, coeff=30.0, trial=1, GT MIS=2500, Greedy MIS=2500, |S|=4991, Oracle MIS=2491, Improvement=-9
n=5000, coeff=30.0, trial=1, GT MIS=2500, Greedy MIS=2500, |S|=4526, Oracle MIS=2500, Improvement=0
n=5000, coeff=30.0, trial=1, GT MIS=2500, Greedy MIS=2500, |S|=3287, Oracle MIS=2500, Improvement=0
n=5000, coeff=30.0, trial=1, GT MIS=2500, Greedy MIS=2500, |S|=2555, Oracle MIS=2500, Improvement=0
n=5000, coeff=30.0, trial=1, GT MIS=2500, Greedy MIS=2500, |S|=2500, Oracle MIS=2500, Improvement=0
n=5000, coeff=30.0, trial=1, GT MIS=2500, Greedy MIS=2500, |S|=2500, Oracle MIS=2500, Improvement=0
n=5000, coeff=30.0, trial=1, GT MIS=2500, Greedy MIS=2500, |S|=2500, Oracle MIS=2500, Improvement=0
n=5000, coeff=30.0, trial=2, GT MIS=2500, Greedy MIS=2500, |S|=5000, Oracle MIS=2500, Improvement=0
n=5000, coeff=30.0, trial=2, GT MIS=2500, Greedy MIS=2500, |S|=5000, Oracle MIS=2500, Improvement=0
n=5000, coeff=30.0, trial=2, GT MIS=2500, Greedy MIS=2500, |S|=5000, Oracle MIS=2500, Improvement=0
n=5000, coeff=30.0, trial=2, GT MIS=2500, Greedy MIS=2500, |S|=4985, Oracle MIS=2500, Improvement=0
n=5000, coeff=30.0, trial=2, GT MIS=2500, Greedy MIS=2500, |S|=4478, Oracle MIS=2500, Improvement=0
n=5000, coeff=30.0, trial=2, GT MIS=2500, Greedy MIS=2500, |S|=3240, Oracle MIS=2500, Improvement=0
n=5000, coeff=30.0, trial=2, GT MIS=2500, Greedy MIS=2500, |S|=2582, Oracle MIS=2500, Improvement=0
n=5000, coeff=30.0, trial=2, GT MIS=2500, Greedy MIS=2500, |S|=2501, Oracle MIS=2500, Improvement=0
n=5000, coeff=30.0, trial=2, GT MIS=2500, Greedy MIS=2500, |S|=2500, Oracle MIS=2500, Improvement=0
n=5000, coeff=30.0, trial=2, GT MIS=2500, Greedy MIS=2500, |S|=2500, Oracle MIS=2500, Improvement=0
n=5000, coeff=30.0, trial=3, GT MIS=2500, Greedy MIS=2500, |S|=5000, Oracle MIS=2500, Improvement=0
n=5000, coeff=30.0, trial=3, GT MIS=2500, Greedy MIS=2500, |S|=5000, Oracle MIS=2500, Improvement=0
n=5000, coeff=30.0, trial=3, GT MIS=2500, Greedy MIS=2500, |S|=5000, Oracle MIS=2500, Improvement=0
n=5000, coeff=30.0, trial=3, GT MIS=2500, Greedy MIS=2500, |S|=4974, Oracle MIS=2500, Improvement=0
n=5000, coeff=30.0, trial=3, GT MIS=2500, Greedy MIS=2500, |S|=4413, Oracle MIS=2500, Improvement=0
n=5000, coeff=30.0, trial=3, GT MIS=2500, Greedy MIS=2500, |S|=3109, Oracle MIS=2500, Improvement=0
n=5000, coeff=30.0, trial=3, GT MIS=2500, Greedy MIS=2500, |S|=2533, Oracle MIS=2500, Improvement=0
n=5000, coeff=30.0, trial=3, GT MIS=2500, Greedy MIS=2500, |S|=2502, Oracle MIS=2500, Improvement=0
n=5000, coeff=30.0, trial=3, GT MIS=2500, Greedy MIS=2500, |S|=2500, Oracle MIS=2500, Improvement=0
n=5000, coeff=30.0, trial=3, GT MIS=2500, Greedy MIS=2500, |S|=2500, Oracle MIS=2500, Improvement=0
n=5000, coeff=30.0, trial=4, GT MIS=2500, Greedy MIS=2500, |S|=5000, Oracle MIS=2500, Improvement=0
n=5000, coeff=30.0, trial=4, GT MIS=2500, Greedy MIS=2500, |S|=5000, Oracle MIS=2500, Improvement=0
n=5000, coeff=30.0, trial=4, GT MIS=2500, Greedy MIS=2500, |S|=5000, Oracle MIS=2500, Improvement=0
n=5000, coeff=30.0, trial=4, GT MIS=2500, Greedy MIS=2500, |S|=4976, Oracle MIS=2476, Improvement=-24
n=5000, coeff=30.0, trial=4, GT MIS=2500, Greedy MIS=2500, |S|=4572, Oracle MIS=2500, Improvement=0
n=5000, coeff=30.0, trial=4, GT MIS=2500, Greedy MIS=2500, |S|=3215, Oracle MIS=2500, Improvement=0
n=5000, coeff=30.0, trial=4, GT MIS=2500, Greedy MIS=2500, |S|=2574, Oracle MIS=2500, Improvement=0
n=5000, coeff=30.0, trial=4, GT MIS=2500, Greedy MIS=2500, |S|=2500, Oracle MIS=2500, Improvement=0
n=5000, coeff=30.0, trial=4, GT MIS=2500, Greedy MIS=2500, |S|=2500, Oracle MIS=2500, Improvement=0
n=5000, coeff=30.0, trial=4, GT MIS=2500, Greedy MIS=2500, |S|=2500, Oracle MIS=2500, Improvement=0
n=5000, coeff=30.0, trial=5, GT MIS=2500, Greedy MIS=2500, |S|=5000, Oracle MIS=2500, Improvement=0
n=5000, coeff=30.0, trial=5, GT MIS=2500, Greedy MIS=2500, |S|=5000, Oracle MIS=2500, Improvement=0
n=5000, coeff=30.0, trial=5, GT MIS=2500, Greedy MIS=2500, |S|=5000, Oracle MIS=2500, Improvement=0
n=5000, coeff=30.0, trial=5, GT MIS=2500, Greedy MIS=2500, |S|=4948, Oracle MIS=2448, Improvement=-52
n=5000, coeff=30.0, trial=5, GT MIS=2500, Greedy MIS=2500, |S|=4168, Oracle MIS=2500, Improvement=0
n=5000, coeff=30.0, trial=5, GT MIS=2500, Greedy MIS=2500, |S|=2920, Oracle MIS=2500, Improvement=0
n=5000, coeff=30.0, trial=5, GT MIS=2500, Greedy MIS=2500, |S|=2523, Oracle MIS=2500, Improvement=0
n=5000, coeff=30.0, trial=5, GT MIS=2500, Greedy MIS=2500, |S|=2500, Oracle MIS=2500, Improvement=0
n=5000, coeff=30.0, trial=5, GT MIS=2500, Greedy MIS=2500, |S|=2500, Oracle MIS=2500, Improvement=0
n=5000, coeff=30.0, trial=5, GT MIS=2500, Greedy MIS=2500, |S|=2500, Oracle MIS=2500, Improvement=0
n=5000, coeff=30.0, trial=6, GT MIS=2500, Greedy MIS=2500, |S|=5000, Oracle MIS=2500, Improvement=0
n=5000, coeff=30.0, trial=6, GT MIS=2500, Greedy MIS=2500, |S|=5000, Oracle MIS=2500, Improvement=0
n=5000, coeff=30.0, trial=6, GT MIS=2500, Greedy MIS=2500, |S|=5000, Oracle MIS=2500, Improvement=0
n=5000, coeff=30.0, trial=6, GT MIS=2500, Greedy MIS=2500, |S|=4992, Oracle MIS=2500, Improvement=0
n=5000, coeff=30.0, trial=6, GT MIS=2500, Greedy MIS=2500, |S|=4757, Oracle MIS=2500, Improvement=0
n=5000, coeff=30.0, trial=6, GT MIS=2500, Greedy MIS=2500, |S|=3627, Oracle MIS=2500, Improvement=0
n=5000, coeff=30.0, trial=6, GT MIS=2500, Greedy MIS=2500, |S|=2637, Oracle MIS=2500, Improvement=0
n=5000, coeff=30.0, trial=6, GT MIS=2500, Greedy MIS=2500, |S|=2504, Oracle MIS=2500, Improvement=0
n=5000, coeff=30.0, trial=6, GT MIS=2500, Greedy MIS=2500, |S|=2500, Oracle MIS=2500, Improvement=0
n=5000, coeff=30.0, trial=6, GT MIS=2500, Greedy MIS=2500, |S|=2500, Oracle MIS=2500, Improvement=0
n=5000, coeff=30.0, trial=7, GT MIS=2500, Greedy MIS=2500, |S|=5000, Oracle MIS=2500, Improvement=0
n=5000, coeff=30.0, trial=7, GT MIS=2500, Greedy MIS=2500, |S|=5000, Oracle MIS=2500, Improvement=0
n=5000, coeff=30.0, trial=7, GT MIS=2500, Greedy MIS=2500, |S|=5000, Oracle MIS=2500, Improvement=0
n=5000, coeff=30.0, trial=7, GT MIS=2500, Greedy MIS=2500, |S|=4974, Oracle MIS=2474, Improvement=-26
n=5000, coeff=30.0, trial=7, GT MIS=2500, Greedy MIS=2500, |S|=4486, Oracle MIS=2500, Improvement=0
n=5000, coeff=30.0, trial=7, GT MIS=2500, Greedy MIS=2500, |S|=3176, Oracle MIS=2500, Improvement=0
n=5000, coeff=30.0, trial=7, GT MIS=2500, Greedy MIS=2500, |S|=2568, Oracle MIS=2500, Improvement=0
n=5000, coeff=30.0, trial=7, GT MIS=2500, Greedy MIS=2500, |S|=2501, Oracle MIS=2500, Improvement=0
n=5000, coeff=30.0, trial=7, GT MIS=2500, Greedy MIS=2500, |S|=2500, Oracle MIS=2500, Improvement=0
n=5000, coeff=30.0, trial=7, GT MIS=2500, Greedy MIS=2500, |S|=2500, Oracle MIS=2500, Improvement=0
n=5000, coeff=30.0, trial=8, GT MIS=2500, Greedy MIS=2500, |S|=5000, Oracle MIS=2500, Improvement=0
n=5000, coeff=30.0, trial=8, GT MIS=2500, Greedy MIS=2500, |S|=5000, Oracle MIS=2500, Improvement=0
n=5000, coeff=30.0, trial=8, GT MIS=2500, Greedy MIS=2500, |S|=5000, Oracle MIS=2500, Improvement=0
n=5000, coeff=30.0, trial=8, GT MIS=2500, Greedy MIS=2500, |S|=4979, Oracle MIS=2500, Improvement=0
n=5000, coeff=30.0, trial=8, GT MIS=2500, Greedy MIS=2500, |S|=4585, Oracle MIS=2500, Improvement=0
n=5000, coeff=30.0, trial=8, GT MIS=2500, Greedy MIS=2500, |S|=3239, Oracle MIS=2500, Improvement=0
n=5000, coeff=30.0, trial=8, GT MIS=2500, Greedy MIS=2500, |S|=2560, Oracle MIS=2500, Improvement=0
n=5000, coeff=30.0, trial=8, GT MIS=2500, Greedy MIS=2500, |S|=2503, Oracle MIS=2500, Improvement=0
n=5000, coeff=30.0, trial=8, GT MIS=2500, Greedy MIS=2500, |S|=2500, Oracle MIS=2500, Improvement=0
n=5000, coeff=30.0, trial=8, GT MIS=2500, Greedy MIS=2500, |S|=2500, Oracle MIS=2500, Improvement=0
n=5000, coeff=30.0, trial=9, GT MIS=2500, Greedy MIS=2500, |S|=5000, Oracle MIS=2500, Improvement=0
n=5000, coeff=30.0, trial=9, GT MIS=2500, Greedy MIS=2500, |S|=5000, Oracle MIS=2500, Improvement=0
n=5000, coeff=30.0, trial=9, GT MIS=2500, Greedy MIS=2500, |S|=4999, Oracle MIS=2499, Improvement=-1
n=5000, coeff=30.0, trial=9, GT MIS=2500, Greedy MIS=2500, |S|=4974, Oracle MIS=2474, Improvement=-26
n=5000, coeff=30.0, trial=9, GT MIS=2500, Greedy MIS=2500, |S|=4492, Oracle MIS=2500, Improvement=0
n=5000, coeff=30.0, trial=9, GT MIS=2500, Greedy MIS=2500, |S|=3164, Oracle MIS=2500, Improvement=0
n=5000, coeff=30.0, trial=9, GT MIS=2500, Greedy MIS=2500, |S|=2574, Oracle MIS=2500, Improvement=0
n=5000, coeff=30.0, trial=9, GT MIS=2500, Greedy MIS=2500, |S|=2502, Oracle MIS=2500, Improvement=0
n=5000, coeff=30.0, trial=9, GT MIS=2500, Greedy MIS=2500, |S|=2500, Oracle MIS=2500, Improvement=0
n=5000, coeff=30.0, trial=9, GT MIS=2500, Greedy MIS=2500, |S|=2500, Oracle MIS=2500, Improvement=0
Results saved to bipartite_experiment_results_epislons_5000.csv
