Running job on compute-0-01
Requested resources:
  - CPUs: 32
  - GPUs: 
  - Memory: 24000
n=35000, coeff=3, trial=0, GT MIS=17500, Greedy MIS=16893, |S|=35000, Oracle MIS=16893, Improvement=0
n=35000, coeff=3, trial=0, GT MIS=17500, Greedy MIS=16893, |S|=35000, Oracle MIS=16893, Improvement=0
n=35000, coeff=3, trial=0, GT MIS=17500, Greedy MIS=16893, |S|=34999, Oracle MIS=16892, Improvement=-1
n=35000, coeff=3, trial=0, GT MIS=17500, Greedy MIS=16893, |S|=34991, Oracle MIS=16874, Improvement=-19
n=35000, coeff=3, trial=0, GT MIS=17500, Greedy MIS=16893, |S|=34932, Oracle MIS=16805, Improvement=-88
n=35000, coeff=3, trial=0, GT MIS=17500, Greedy MIS=16893, |S|=34522, Oracle MIS=16743, Improvement=-150
n=35000, coeff=3, trial=0, GT MIS=17500, Greedy MIS=16893, |S|=33371, Oracle MIS=16868, Improvement=-25
n=35000, coeff=3, trial=0, GT MIS=17500, Greedy MIS=16893, |S|=30560, Oracle MIS=17477, Improvement=584
n=35000, coeff=3, trial=0, GT MIS=17500, Greedy MIS=16893, |S|=27001, Oracle MIS=17493, Improvement=600
n=35000, coeff=3, trial=0, GT MIS=17500, Greedy MIS=16893, |S|=23357, Oracle MIS=17491, Improvement=598
n=35000, coeff=3, trial=1, GT MIS=17500, Greedy MIS=16915, |S|=35000, Oracle MIS=16915, Improvement=0
n=35000, coeff=3, trial=1, GT MIS=17500, Greedy MIS=16915, |S|=35000, Oracle MIS=16915, Improvement=0
n=35000, coeff=3, trial=1, GT MIS=17500, Greedy MIS=16915, |S|=35000, Oracle MIS=16915, Improvement=0
n=35000, coeff=3, trial=1, GT MIS=17500, Greedy MIS=16915, |S|=34990, Oracle MIS=16890, Improvement=-25
n=35000, coeff=3, trial=1, GT MIS=17500, Greedy MIS=16915, |S|=34904, Oracle MIS=16684, Improvement=-231
n=35000, coeff=3, trial=1, GT MIS=17500, Greedy MIS=16915, |S|=34506, Oracle MIS=16727, Improvement=-188
n=35000, coeff=3, trial=1, GT MIS=17500, Greedy MIS=16915, |S|=33404, Oracle MIS=16752, Improvement=-163
n=35000, coeff=3, trial=1, GT MIS=17500, Greedy MIS=16915, |S|=30486, Oracle MIS=17465, Improvement=550
n=35000, coeff=3, trial=1, GT MIS=17500, Greedy MIS=16915, |S|=27022, Oracle MIS=17497, Improvement=582
n=35000, coeff=3, trial=1, GT MIS=17500, Greedy MIS=16915, |S|=23400, Oracle MIS=17494, Improvement=579
n=35000, coeff=3, trial=2, GT MIS=17500, Greedy MIS=16887, |S|=35000, Oracle MIS=16887, Improvement=0
n=35000, coeff=3, trial=2, GT MIS=17500, Greedy MIS=16887, |S|=35000, Oracle MIS=16887, Improvement=0
n=35000, coeff=3, trial=2, GT MIS=17500, Greedy MIS=16887, |S|=34999, Oracle MIS=16886, Improvement=-1
n=35000, coeff=3, trial=2, GT MIS=17500, Greedy MIS=16887, |S|=34992, Oracle MIS=16880, Improvement=-7
n=35000, coeff=3, trial=2, GT MIS=17500, Greedy MIS=16887, |S|=34908, Oracle MIS=16754, Improvement=-133
n=35000, coeff=3, trial=2, GT MIS=17500, Greedy MIS=16887, |S|=34497, Oracle MIS=16605, Improvement=-282
n=35000, coeff=3, trial=2, GT MIS=17500, Greedy MIS=16887, |S|=33407, Oracle MIS=16689, Improvement=-198
n=35000, coeff=3, trial=2, GT MIS=17500, Greedy MIS=16887, |S|=30774, Oracle MIS=17473, Improvement=586
n=35000, coeff=3, trial=2, GT MIS=17500, Greedy MIS=16887, |S|=27074, Oracle MIS=17497, Improvement=610
n=35000, coeff=3, trial=2, GT MIS=17500, Greedy MIS=16887, |S|=23349, Oracle MIS=17495, Improvement=608
n=35000, coeff=3, trial=3, GT MIS=17500, Greedy MIS=16954, |S|=35000, Oracle MIS=16954, Improvement=0
n=35000, coeff=3, trial=3, GT MIS=17500, Greedy MIS=16954, |S|=35000, Oracle MIS=16954, Improvement=0
n=35000, coeff=3, trial=3, GT MIS=17500, Greedy MIS=16954, |S|=34999, Oracle MIS=16953, Improvement=-1
n=35000, coeff=3, trial=3, GT MIS=17500, Greedy MIS=16954, |S|=34988, Oracle MIS=16942, Improvement=-12
n=35000, coeff=3, trial=3, GT MIS=17500, Greedy MIS=16954, |S|=34888, Oracle MIS=16686, Improvement=-268
n=35000, coeff=3, trial=3, GT MIS=17500, Greedy MIS=16954, |S|=34522, Oracle MIS=16988, Improvement=34
n=35000, coeff=3, trial=3, GT MIS=17500, Greedy MIS=16954, |S|=33438, Oracle MIS=16998, Improvement=44
n=35000, coeff=3, trial=3, GT MIS=17500, Greedy MIS=16954, |S|=30765, Oracle MIS=17481, Improvement=527
n=35000, coeff=3, trial=3, GT MIS=17500, Greedy MIS=16954, |S|=27226, Oracle MIS=17499, Improvement=545
n=35000, coeff=3, trial=3, GT MIS=17500, Greedy MIS=16954, |S|=23543, Oracle MIS=17495, Improvement=541
n=35000, coeff=3, trial=4, GT MIS=17500, Greedy MIS=17090, |S|=35000, Oracle MIS=17090, Improvement=0
n=35000, coeff=3, trial=4, GT MIS=17500, Greedy MIS=17090, |S|=35000, Oracle MIS=17090, Improvement=0
n=35000, coeff=3, trial=4, GT MIS=17500, Greedy MIS=17090, |S|=34999, Oracle MIS=17089, Improvement=-1
n=35000, coeff=3, trial=4, GT MIS=17500, Greedy MIS=17090, |S|=34984, Oracle MIS=17049, Improvement=-41
n=35000, coeff=3, trial=4, GT MIS=17500, Greedy MIS=17090, |S|=34878, Oracle MIS=16859, Improvement=-231
n=35000, coeff=3, trial=4, GT MIS=17500, Greedy MIS=17090, |S|=34449, Oracle MIS=16822, Improvement=-268
n=35000, coeff=3, trial=4, GT MIS=17500, Greedy MIS=17090, |S|=33338, Oracle MIS=16866, Improvement=-224
n=35000, coeff=3, trial=4, GT MIS=17500, Greedy MIS=17090, |S|=30447, Oracle MIS=17467, Improvement=377
n=35000, coeff=3, trial=4, GT MIS=17500, Greedy MIS=17090, |S|=26906, Oracle MIS=17496, Improvement=406
n=35000, coeff=3, trial=4, GT MIS=17500, Greedy MIS=17090, |S|=23225, Oracle MIS=17493, Improvement=403
Results saved to bipartite_experiment_results_epislons_35000.csv
