Running job on compute-0-51
Requested resources:
  - CPUs: 12
  - GPUs: 
  - Memory: 18000
n=5000, coeff=20.0, trial=0, GT MIS=2500, Greedy MIS=2446, |S|=5000, Oracle MIS=2446, Improvement=0
n=5000, coeff=20.0, trial=0, GT MIS=2500, Greedy MIS=2446, |S|=5000, Oracle MIS=2446, Improvement=0
n=5000, coeff=20.0, trial=0, GT MIS=2500, Greedy MIS=2446, |S|=5000, Oracle MIS=2446, Improvement=0
n=5000, coeff=20.0, trial=0, GT MIS=2500, Greedy MIS=2446, |S|=4995, Oracle MIS=2446, Improvement=0
n=5000, coeff=20.0, trial=0, GT MIS=2500, Greedy MIS=2446, |S|=4808, Oracle MIS=2500, Improvement=54
n=5000, coeff=20.0, trial=0, GT MIS=2500, Greedy MIS=2446, |S|=4013, Oracle MIS=2500, Improvement=54
n=5000, coeff=20.0, trial=0, GT MIS=2500, Greedy MIS=2446, |S|=2937, Oracle MIS=2500, Improvement=54
n=5000, coeff=20.0, trial=0, GT MIS=2500, Greedy MIS=2446, |S|=2546, Oracle MIS=2500, Improvement=54
n=5000, coeff=20.0, trial=0, GT MIS=2500, Greedy MIS=2446, |S|=2502, Oracle MIS=2500, Improvement=54
n=5000, coeff=20.0, trial=0, GT MIS=2500, Greedy MIS=2446, |S|=2500, Oracle MIS=2500, Improvement=54
n=5000, coeff=20.0, trial=1, GT MIS=2500, Greedy MIS=2500, |S|=5000, Oracle MIS=2500, Improvement=0
n=5000, coeff=20.0, trial=1, GT MIS=2500, Greedy MIS=2500, |S|=5000, Oracle MIS=2500, Improvement=0
n=5000, coeff=20.0, trial=1, GT MIS=2500, Greedy MIS=2500, |S|=5000, Oracle MIS=2500, Improvement=0
n=5000, coeff=20.0, trial=1, GT MIS=2500, Greedy MIS=2500, |S|=4994, Oracle MIS=2500, Improvement=0
n=5000, coeff=20.0, trial=1, GT MIS=2500, Greedy MIS=2500, |S|=4843, Oracle MIS=2500, Improvement=0
n=5000, coeff=20.0, trial=1, GT MIS=2500, Greedy MIS=2500, |S|=4178, Oracle MIS=2500, Improvement=0
n=5000, coeff=20.0, trial=1, GT MIS=2500, Greedy MIS=2500, |S|=2996, Oracle MIS=2500, Improvement=0
n=5000, coeff=20.0, trial=1, GT MIS=2500, Greedy MIS=2500, |S|=2555, Oracle MIS=2500, Improvement=0
n=5000, coeff=20.0, trial=1, GT MIS=2500, Greedy MIS=2500, |S|=2500, Oracle MIS=2500, Improvement=0
n=5000, coeff=20.0, trial=1, GT MIS=2500, Greedy MIS=2500, |S|=2500, Oracle MIS=2500, Improvement=0
n=5000, coeff=20.0, trial=2, GT MIS=2500, Greedy MIS=2448, |S|=5000, Oracle MIS=2448, Improvement=0
n=5000, coeff=20.0, trial=2, GT MIS=2500, Greedy MIS=2448, |S|=5000, Oracle MIS=2448, Improvement=0
n=5000, coeff=20.0, trial=2, GT MIS=2500, Greedy MIS=2448, |S|=5000, Oracle MIS=2448, Improvement=0
n=5000, coeff=20.0, trial=2, GT MIS=2500, Greedy MIS=2448, |S|=4994, Oracle MIS=2386, Improvement=-62
n=5000, coeff=20.0, trial=2, GT MIS=2500, Greedy MIS=2448, |S|=4856, Oracle MIS=2500, Improvement=52
n=5000, coeff=20.0, trial=2, GT MIS=2500, Greedy MIS=2448, |S|=4091, Oracle MIS=2500, Improvement=52
n=5000, coeff=20.0, trial=2, GT MIS=2500, Greedy MIS=2448, |S|=3014, Oracle MIS=2500, Improvement=52
n=5000, coeff=20.0, trial=2, GT MIS=2500, Greedy MIS=2448, |S|=2565, Oracle MIS=2500, Improvement=52
n=5000, coeff=20.0, trial=2, GT MIS=2500, Greedy MIS=2448, |S|=2503, Oracle MIS=2500, Improvement=52
n=5000, coeff=20.0, trial=2, GT MIS=2500, Greedy MIS=2448, |S|=2500, Oracle MIS=2500, Improvement=52
n=5000, coeff=20.0, trial=3, GT MIS=2500, Greedy MIS=2500, |S|=5000, Oracle MIS=2500, Improvement=0
n=5000, coeff=20.0, trial=3, GT MIS=2500, Greedy MIS=2500, |S|=5000, Oracle MIS=2500, Improvement=0
n=5000, coeff=20.0, trial=3, GT MIS=2500, Greedy MIS=2500, |S|=5000, Oracle MIS=2500, Improvement=0
n=5000, coeff=20.0, trial=3, GT MIS=2500, Greedy MIS=2500, |S|=4992, Oracle MIS=2437, Improvement=-63
n=5000, coeff=20.0, trial=3, GT MIS=2500, Greedy MIS=2500, |S|=4812, Oracle MIS=2500, Improvement=0
n=5000, coeff=20.0, trial=3, GT MIS=2500, Greedy MIS=2500, |S|=4019, Oracle MIS=2500, Improvement=0
n=5000, coeff=20.0, trial=3, GT MIS=2500, Greedy MIS=2500, |S|=2888, Oracle MIS=2500, Improvement=0
n=5000, coeff=20.0, trial=3, GT MIS=2500, Greedy MIS=2500, |S|=2535, Oracle MIS=2500, Improvement=0
n=5000, coeff=20.0, trial=3, GT MIS=2500, Greedy MIS=2500, |S|=2502, Oracle MIS=2500, Improvement=0
n=5000, coeff=20.0, trial=3, GT MIS=2500, Greedy MIS=2500, |S|=2500, Oracle MIS=2500, Improvement=0
n=5000, coeff=20.0, trial=4, GT MIS=2500, Greedy MIS=2500, |S|=5000, Oracle MIS=2500, Improvement=0
n=5000, coeff=20.0, trial=4, GT MIS=2500, Greedy MIS=2500, |S|=5000, Oracle MIS=2500, Improvement=0
n=5000, coeff=20.0, trial=4, GT MIS=2500, Greedy MIS=2500, |S|=5000, Oracle MIS=2500, Improvement=0
n=5000, coeff=20.0, trial=4, GT MIS=2500, Greedy MIS=2500, |S|=4991, Oracle MIS=2500, Improvement=0
n=5000, coeff=20.0, trial=4, GT MIS=2500, Greedy MIS=2500, |S|=4861, Oracle MIS=2500, Improvement=0
n=5000, coeff=20.0, trial=4, GT MIS=2500, Greedy MIS=2500, |S|=4093, Oracle MIS=2500, Improvement=0
n=5000, coeff=20.0, trial=4, GT MIS=2500, Greedy MIS=2500, |S|=3053, Oracle MIS=2500, Improvement=0
n=5000, coeff=20.0, trial=4, GT MIS=2500, Greedy MIS=2500, |S|=2572, Oracle MIS=2500, Improvement=0
n=5000, coeff=20.0, trial=4, GT MIS=2500, Greedy MIS=2500, |S|=2501, Oracle MIS=2500, Improvement=0
n=5000, coeff=20.0, trial=4, GT MIS=2500, Greedy MIS=2500, |S|=2500, Oracle MIS=2500, Improvement=0
n=5000, coeff=20.0, trial=5, GT MIS=2500, Greedy MIS=2444, |S|=5000, Oracle MIS=2444, Improvement=0
n=5000, coeff=20.0, trial=5, GT MIS=2500, Greedy MIS=2444, |S|=5000, Oracle MIS=2444, Improvement=0
n=5000, coeff=20.0, trial=5, GT MIS=2500, Greedy MIS=2444, |S|=5000, Oracle MIS=2444, Improvement=0
n=5000, coeff=20.0, trial=5, GT MIS=2500, Greedy MIS=2444, |S|=4987, Oracle MIS=2500, Improvement=56
n=5000, coeff=20.0, trial=5, GT MIS=2500, Greedy MIS=2444, |S|=4706, Oracle MIS=2500, Improvement=56
n=5000, coeff=20.0, trial=5, GT MIS=2500, Greedy MIS=2444, |S|=3735, Oracle MIS=2500, Improvement=56
n=5000, coeff=20.0, trial=5, GT MIS=2500, Greedy MIS=2444, |S|=2817, Oracle MIS=2500, Improvement=56
n=5000, coeff=20.0, trial=5, GT MIS=2500, Greedy MIS=2444, |S|=2528, Oracle MIS=2500, Improvement=56
n=5000, coeff=20.0, trial=5, GT MIS=2500, Greedy MIS=2444, |S|=2501, Oracle MIS=2500, Improvement=56
n=5000, coeff=20.0, trial=5, GT MIS=2500, Greedy MIS=2444, |S|=2500, Oracle MIS=2500, Improvement=56
n=5000, coeff=20.0, trial=6, GT MIS=2500, Greedy MIS=2500, |S|=5000, Oracle MIS=2500, Improvement=0
n=5000, coeff=20.0, trial=6, GT MIS=2500, Greedy MIS=2500, |S|=5000, Oracle MIS=2500, Improvement=0
n=5000, coeff=20.0, trial=6, GT MIS=2500, Greedy MIS=2500, |S|=5000, Oracle MIS=2500, Improvement=0
n=5000, coeff=20.0, trial=6, GT MIS=2500, Greedy MIS=2500, |S|=4998, Oracle MIS=2498, Improvement=-2
n=5000, coeff=20.0, trial=6, GT MIS=2500, Greedy MIS=2500, |S|=4931, Oracle MIS=2431, Improvement=-69
n=5000, coeff=20.0, trial=6, GT MIS=2500, Greedy MIS=2500, |S|=4393, Oracle MIS=2500, Improvement=0
n=5000, coeff=20.0, trial=6, GT MIS=2500, Greedy MIS=2500, |S|=3241, Oracle MIS=2500, Improvement=0
n=5000, coeff=20.0, trial=6, GT MIS=2500, Greedy MIS=2500, |S|=2588, Oracle MIS=2500, Improvement=0
n=5000, coeff=20.0, trial=6, GT MIS=2500, Greedy MIS=2500, |S|=2511, Oracle MIS=2500, Improvement=0
n=5000, coeff=20.0, trial=6, GT MIS=2500, Greedy MIS=2500, |S|=2500, Oracle MIS=2500, Improvement=0
n=5000, coeff=20.0, trial=7, GT MIS=2500, Greedy MIS=2500, |S|=5000, Oracle MIS=2500, Improvement=0
n=5000, coeff=20.0, trial=7, GT MIS=2500, Greedy MIS=2500, |S|=5000, Oracle MIS=2500, Improvement=0
n=5000, coeff=20.0, trial=7, GT MIS=2500, Greedy MIS=2500, |S|=5000, Oracle MIS=2500, Improvement=0
n=5000, coeff=20.0, trial=7, GT MIS=2500, Greedy MIS=2500, |S|=4995, Oracle MIS=2495, Improvement=-5
n=5000, coeff=20.0, trial=7, GT MIS=2500, Greedy MIS=2500, |S|=4848, Oracle MIS=2500, Improvement=0
n=5000, coeff=20.0, trial=7, GT MIS=2500, Greedy MIS=2500, |S|=4016, Oracle MIS=2500, Improvement=0
n=5000, coeff=20.0, trial=7, GT MIS=2500, Greedy MIS=2500, |S|=2973, Oracle MIS=2500, Improvement=0
n=5000, coeff=20.0, trial=7, GT MIS=2500, Greedy MIS=2500, |S|=2562, Oracle MIS=2500, Improvement=0
n=5000, coeff=20.0, trial=7, GT MIS=2500, Greedy MIS=2500, |S|=2501, Oracle MIS=2500, Improvement=0
n=5000, coeff=20.0, trial=7, GT MIS=2500, Greedy MIS=2500, |S|=2500, Oracle MIS=2500, Improvement=0
n=5000, coeff=20.0, trial=8, GT MIS=2500, Greedy MIS=2500, |S|=5000, Oracle MIS=2500, Improvement=0
n=5000, coeff=20.0, trial=8, GT MIS=2500, Greedy MIS=2500, |S|=5000, Oracle MIS=2500, Improvement=0
n=5000, coeff=20.0, trial=8, GT MIS=2500, Greedy MIS=2500, |S|=5000, Oracle MIS=2500, Improvement=0
n=5000, coeff=20.0, trial=8, GT MIS=2500, Greedy MIS=2500, |S|=4993, Oracle MIS=2500, Improvement=0
n=5000, coeff=20.0, trial=8, GT MIS=2500, Greedy MIS=2500, |S|=4855, Oracle MIS=2500, Improvement=0
n=5000, coeff=20.0, trial=8, GT MIS=2500, Greedy MIS=2500, |S|=4062, Oracle MIS=2500, Improvement=0
n=5000, coeff=20.0, trial=8, GT MIS=2500, Greedy MIS=2500, |S|=2996, Oracle MIS=2500, Improvement=0
n=5000, coeff=20.0, trial=8, GT MIS=2500, Greedy MIS=2500, |S|=2568, Oracle MIS=2500, Improvement=0
n=5000, coeff=20.0, trial=8, GT MIS=2500, Greedy MIS=2500, |S|=2503, Oracle MIS=2500, Improvement=0
n=5000, coeff=20.0, trial=8, GT MIS=2500, Greedy MIS=2500, |S|=2500, Oracle MIS=2500, Improvement=0
n=5000, coeff=20.0, trial=9, GT MIS=2500, Greedy MIS=2500, |S|=5000, Oracle MIS=2500, Improvement=0
n=5000, coeff=20.0, trial=9, GT MIS=2500, Greedy MIS=2500, |S|=5000, Oracle MIS=2500, Improvement=0
n=5000, coeff=20.0, trial=9, GT MIS=2500, Greedy MIS=2500, |S|=5000, Oracle MIS=2500, Improvement=0
n=5000, coeff=20.0, trial=9, GT MIS=2500, Greedy MIS=2500, |S|=4994, Oracle MIS=2500, Improvement=0
n=5000, coeff=20.0, trial=9, GT MIS=2500, Greedy MIS=2500, |S|=4828, Oracle MIS=2500, Improvement=0
n=5000, coeff=20.0, trial=9, GT MIS=2500, Greedy MIS=2500, |S|=4023, Oracle MIS=2500, Improvement=0
n=5000, coeff=20.0, trial=9, GT MIS=2500, Greedy MIS=2500, |S|=2995, Oracle MIS=2500, Improvement=0
n=5000, coeff=20.0, trial=9, GT MIS=2500, Greedy MIS=2500, |S|=2558, Oracle MIS=2500, Improvement=0
n=5000, coeff=20.0, trial=9, GT MIS=2500, Greedy MIS=2500, |S|=2502, Oracle MIS=2500, Improvement=0
n=5000, coeff=20.0, trial=9, GT MIS=2500, Greedy MIS=2500, |S|=2500, Oracle MIS=2500, Improvement=0
Results saved to bipartite_experiment_results_epislons_5000.csv
