Running job on compute-2-03
Requested resources:
  - CPUs: 18
  - GPUs: 
  - Memory: 18000
n=5000, coeff=1, trial=5, GT MIS=2547, Greedy MIS=2538, |S|=5000, Oracle MIS=2538, Improvement=0
n=5000, coeff=1, trial=5, GT MIS=2547, Greedy MIS=2538, |S|=5000, Oracle MIS=2538, Improvement=0
n=5000, coeff=1, trial=5, GT MIS=2547, Greedy MIS=2538, |S|=4998, Oracle MIS=2536, Improvement=-2
n=5000, coeff=1, trial=5, GT MIS=2547, Greedy MIS=2538, |S|=4986, Oracle MIS=2528, Improvement=-10
n=5000, coeff=1, trial=5, GT MIS=2547, Greedy MIS=2538, |S|=4940, Oracle MIS=2489, Improvement=-49
n=5000, coeff=1, trial=5, GT MIS=2547, Greedy MIS=2538, |S|=4887, Oracle MIS=2444, Improvement=-94
n=5000, coeff=1, trial=5, GT MIS=2547, Greedy MIS=2538, |S|=4762, Oracle MIS=2346, Improvement=-192
n=5000, coeff=1, trial=5, GT MIS=2547, Greedy MIS=2538, |S|=4592, Oracle MIS=2541, Improvement=3
n=5000, coeff=1, trial=5, GT MIS=2547, Greedy MIS=2538, |S|=4295, Oracle MIS=2538, Improvement=0
n=5000, coeff=1, trial=5, GT MIS=2547, Greedy MIS=2538, |S|=3962, Oracle MIS=2522, Improvement=-16
n=5000, coeff=1, trial=6, GT MIS=2546, Greedy MIS=2525, |S|=5000, Oracle MIS=2525, Improvement=0
n=5000, coeff=1, trial=6, GT MIS=2546, Greedy MIS=2525, |S|=5000, Oracle MIS=2525, Improvement=0
n=5000, coeff=1, trial=6, GT MIS=2546, Greedy MIS=2525, |S|=4993, Oracle MIS=2521, Improvement=-4
n=5000, coeff=1, trial=6, GT MIS=2546, Greedy MIS=2525, |S|=4984, Oracle MIS=2512, Improvement=-13
n=5000, coeff=1, trial=6, GT MIS=2546, Greedy MIS=2525, |S|=4955, Oracle MIS=2489, Improvement=-36
n=5000, coeff=1, trial=6, GT MIS=2546, Greedy MIS=2525, |S|=4902, Oracle MIS=2445, Improvement=-80
n=5000, coeff=1, trial=6, GT MIS=2546, Greedy MIS=2525, |S|=4787, Oracle MIS=2353, Improvement=-172
n=5000, coeff=1, trial=6, GT MIS=2546, Greedy MIS=2525, |S|=4665, Oracle MIS=2285, Improvement=-240
n=5000, coeff=1, trial=6, GT MIS=2546, Greedy MIS=2525, |S|=4414, Oracle MIS=2538, Improvement=13
n=5000, coeff=1, trial=6, GT MIS=2546, Greedy MIS=2525, |S|=4055, Oracle MIS=2523, Improvement=-2
n=5000, coeff=1, trial=7, GT MIS=2545, Greedy MIS=2545, |S|=5000, Oracle MIS=2545, Improvement=0
n=5000, coeff=1, trial=7, GT MIS=2545, Greedy MIS=2545, |S|=5000, Oracle MIS=2545, Improvement=0
n=5000, coeff=1, trial=7, GT MIS=2545, Greedy MIS=2545, |S|=5000, Oracle MIS=2545, Improvement=0
n=5000, coeff=1, trial=7, GT MIS=2545, Greedy MIS=2545, |S|=4988, Oracle MIS=2545, Improvement=0
n=5000, coeff=1, trial=7, GT MIS=2545, Greedy MIS=2545, |S|=4970, Oracle MIS=2544, Improvement=-1
n=5000, coeff=1, trial=7, GT MIS=2545, Greedy MIS=2545, |S|=4901, Oracle MIS=2543, Improvement=-2
n=5000, coeff=1, trial=7, GT MIS=2545, Greedy MIS=2545, |S|=4783, Oracle MIS=2543, Improvement=-2
n=5000, coeff=1, trial=7, GT MIS=2545, Greedy MIS=2545, |S|=4665, Oracle MIS=2543, Improvement=-2
n=5000, coeff=1, trial=7, GT MIS=2545, Greedy MIS=2545, |S|=4395, Oracle MIS=2535, Improvement=-10
n=5000, coeff=1, trial=7, GT MIS=2545, Greedy MIS=2545, |S|=4155, Oracle MIS=2535, Improvement=-10
n=5000, coeff=1, trial=8, GT MIS=2545, Greedy MIS=2539, |S|=4999, Oracle MIS=2539, Improvement=0
n=5000, coeff=1, trial=8, GT MIS=2545, Greedy MIS=2539, |S|=4999, Oracle MIS=2539, Improvement=0
n=5000, coeff=1, trial=8, GT MIS=2545, Greedy MIS=2539, |S|=4999, Oracle MIS=2539, Improvement=0
n=5000, coeff=1, trial=8, GT MIS=2545, Greedy MIS=2539, |S|=4988, Oracle MIS=2534, Improvement=-5
n=5000, coeff=1, trial=8, GT MIS=2545, Greedy MIS=2539, |S|=4958, Oracle MIS=2509, Improvement=-30
n=5000, coeff=1, trial=8, GT MIS=2545, Greedy MIS=2539, |S|=4882, Oracle MIS=2456, Improvement=-83
n=5000, coeff=1, trial=8, GT MIS=2545, Greedy MIS=2539, |S|=4763, Oracle MIS=2366, Improvement=-173
n=5000, coeff=1, trial=8, GT MIS=2545, Greedy MIS=2539, |S|=4636, Oracle MIS=2296, Improvement=-243
n=5000, coeff=1, trial=8, GT MIS=2545, Greedy MIS=2539, |S|=4394, Oracle MIS=2529, Improvement=-10
n=5000, coeff=1, trial=8, GT MIS=2545, Greedy MIS=2539, |S|=4026, Oracle MIS=2514, Improvement=-25
n=5000, coeff=1, trial=9, GT MIS=2541, Greedy MIS=2538, |S|=5000, Oracle MIS=2538, Improvement=0
n=5000, coeff=1, trial=9, GT MIS=2541, Greedy MIS=2538, |S|=5000, Oracle MIS=2538, Improvement=0
n=5000, coeff=1, trial=9, GT MIS=2541, Greedy MIS=2538, |S|=4997, Oracle MIS=2536, Improvement=-2
n=5000, coeff=1, trial=9, GT MIS=2541, Greedy MIS=2538, |S|=4983, Oracle MIS=2524, Improvement=-14
n=5000, coeff=1, trial=9, GT MIS=2541, Greedy MIS=2538, |S|=4958, Oracle MIS=2506, Improvement=-32
n=5000, coeff=1, trial=9, GT MIS=2541, Greedy MIS=2538, |S|=4887, Oracle MIS=2449, Improvement=-89
n=5000, coeff=1, trial=9, GT MIS=2541, Greedy MIS=2538, |S|=4767, Oracle MIS=2366, Improvement=-172
n=5000, coeff=1, trial=9, GT MIS=2541, Greedy MIS=2538, |S|=4620, Oracle MIS=2288, Improvement=-250
n=5000, coeff=1, trial=9, GT MIS=2541, Greedy MIS=2538, |S|=4331, Oracle MIS=2532, Improvement=-6
n=5000, coeff=1, trial=9, GT MIS=2541, Greedy MIS=2538, |S|=4095, Oracle MIS=2529, Improvement=-9
n=5000, coeff=2, trial=5, GT MIS=2500, Greedy MIS=2486, |S|=5000, Oracle MIS=2486, Improvement=0
n=5000, coeff=2, trial=5, GT MIS=2500, Greedy MIS=2486, |S|=5000, Oracle MIS=2486, Improvement=0
n=5000, coeff=2, trial=5, GT MIS=2500, Greedy MIS=2486, |S|=4999, Oracle MIS=2485, Improvement=-1
n=5000, coeff=2, trial=5, GT MIS=2500, Greedy MIS=2486, |S|=4995, Oracle MIS=2481, Improvement=-5
n=5000, coeff=2, trial=5, GT MIS=2500, Greedy MIS=2486, |S|=4976, Oracle MIS=2461, Improvement=-25
n=5000, coeff=2, trial=5, GT MIS=2500, Greedy MIS=2486, |S|=4920, Oracle MIS=2399, Improvement=-87
n=5000, coeff=2, trial=5, GT MIS=2500, Greedy MIS=2486, |S|=4807, Oracle MIS=2276, Improvement=-210
n=5000, coeff=2, trial=5, GT MIS=2500, Greedy MIS=2486, |S|=4536, Oracle MIS=2471, Improvement=-15
n=5000, coeff=2, trial=5, GT MIS=2500, Greedy MIS=2486, |S|=4133, Oracle MIS=2469, Improvement=-17
n=5000, coeff=2, trial=5, GT MIS=2500, Greedy MIS=2486, |S|=3780, Oracle MIS=2497, Improvement=11
n=5000, coeff=2, trial=6, GT MIS=2500, Greedy MIS=2479, |S|=5000, Oracle MIS=2479, Improvement=0
n=5000, coeff=2, trial=6, GT MIS=2500, Greedy MIS=2479, |S|=5000, Oracle MIS=2479, Improvement=0
n=5000, coeff=2, trial=6, GT MIS=2500, Greedy MIS=2479, |S|=4999, Oracle MIS=2478, Improvement=-1
n=5000, coeff=2, trial=6, GT MIS=2500, Greedy MIS=2479, |S|=4998, Oracle MIS=2477, Improvement=-2
n=5000, coeff=2, trial=6, GT MIS=2500, Greedy MIS=2479, |S|=4993, Oracle MIS=2471, Improvement=-8
n=5000, coeff=2, trial=6, GT MIS=2500, Greedy MIS=2479, |S|=4952, Oracle MIS=2430, Improvement=-49
n=5000, coeff=2, trial=6, GT MIS=2500, Greedy MIS=2479, |S|=4857, Oracle MIS=2319, Improvement=-160
n=5000, coeff=2, trial=6, GT MIS=2500, Greedy MIS=2479, |S|=4645, Oracle MIS=2014, Improvement=-465
n=5000, coeff=2, trial=6, GT MIS=2500, Greedy MIS=2479, |S|=4282, Oracle MIS=2471, Improvement=-8
n=5000, coeff=2, trial=6, GT MIS=2500, Greedy MIS=2479, |S|=3918, Oracle MIS=2498, Improvement=19
n=5000, coeff=2, trial=7, GT MIS=2502, Greedy MIS=2489, |S|=5000, Oracle MIS=2489, Improvement=0
n=5000, coeff=2, trial=7, GT MIS=2502, Greedy MIS=2489, |S|=5000, Oracle MIS=2489, Improvement=0
n=5000, coeff=2, trial=7, GT MIS=2502, Greedy MIS=2489, |S|=5000, Oracle MIS=2489, Improvement=0
n=5000, coeff=2, trial=7, GT MIS=2502, Greedy MIS=2489, |S|=4996, Oracle MIS=2489, Improvement=0
n=5000, coeff=2, trial=7, GT MIS=2502, Greedy MIS=2489, |S|=4979, Oracle MIS=2489, Improvement=0
n=5000, coeff=2, trial=7, GT MIS=2502, Greedy MIS=2489, |S|=4917, Oracle MIS=2489, Improvement=0
n=5000, coeff=2, trial=7, GT MIS=2502, Greedy MIS=2489, |S|=4774, Oracle MIS=2489, Improvement=0
n=5000, coeff=2, trial=7, GT MIS=2502, Greedy MIS=2489, |S|=4528, Oracle MIS=2502, Improvement=13
n=5000, coeff=2, trial=7, GT MIS=2502, Greedy MIS=2489, |S|=4134, Oracle MIS=2499, Improvement=10
n=5000, coeff=2, trial=7, GT MIS=2502, Greedy MIS=2489, |S|=3761, Oracle MIS=2502, Improvement=13
n=5000, coeff=2, trial=8, GT MIS=2500, Greedy MIS=2477, |S|=5000, Oracle MIS=2477, Improvement=0
n=5000, coeff=2, trial=8, GT MIS=2500, Greedy MIS=2477, |S|=5000, Oracle MIS=2477, Improvement=0
n=5000, coeff=2, trial=8, GT MIS=2500, Greedy MIS=2477, |S|=5000, Oracle MIS=2477, Improvement=0
n=5000, coeff=2, trial=8, GT MIS=2500, Greedy MIS=2477, |S|=4997, Oracle MIS=2474, Improvement=-3
n=5000, coeff=2, trial=8, GT MIS=2500, Greedy MIS=2477, |S|=4980, Oracle MIS=2458, Improvement=-19
n=5000, coeff=2, trial=8, GT MIS=2500, Greedy MIS=2477, |S|=4925, Oracle MIS=2397, Improvement=-80
n=5000, coeff=2, trial=8, GT MIS=2500, Greedy MIS=2477, |S|=4809, Oracle MIS=2261, Improvement=-216
n=5000, coeff=2, trial=8, GT MIS=2500, Greedy MIS=2477, |S|=4593, Oracle MIS=2480, Improvement=3
n=5000, coeff=2, trial=8, GT MIS=2500, Greedy MIS=2477, |S|=4265, Oracle MIS=2476, Improvement=-1
n=5000, coeff=2, trial=8, GT MIS=2500, Greedy MIS=2477, |S|=3869, Oracle MIS=2496, Improvement=19
n=5000, coeff=2, trial=9, GT MIS=2501, Greedy MIS=2485, |S|=5000, Oracle MIS=2485, Improvement=0
n=5000, coeff=2, trial=9, GT MIS=2501, Greedy MIS=2485, |S|=5000, Oracle MIS=2485, Improvement=0
n=5000, coeff=2, trial=9, GT MIS=2501, Greedy MIS=2485, |S|=4999, Oracle MIS=2485, Improvement=0
n=5000, coeff=2, trial=9, GT MIS=2501, Greedy MIS=2485, |S|=4993, Oracle MIS=2485, Improvement=0
n=5000, coeff=2, trial=9, GT MIS=2501, Greedy MIS=2485, |S|=4980, Oracle MIS=2485, Improvement=0
n=5000, coeff=2, trial=9, GT MIS=2501, Greedy MIS=2485, |S|=4933, Oracle MIS=2485, Improvement=0
n=5000, coeff=2, trial=9, GT MIS=2501, Greedy MIS=2485, |S|=4833, Oracle MIS=2484, Improvement=-1
n=5000, coeff=2, trial=9, GT MIS=2501, Greedy MIS=2485, |S|=4604, Oracle MIS=2499, Improvement=14
n=5000, coeff=2, trial=9, GT MIS=2501, Greedy MIS=2485, |S|=4235, Oracle MIS=2500, Improvement=15
n=5000, coeff=2, trial=9, GT MIS=2501, Greedy MIS=2485, |S|=3870, Oracle MIS=2497, Improvement=12
n=5000, coeff=3, trial=5, GT MIS=2500, Greedy MIS=2435, |S|=5000, Oracle MIS=2435, Improvement=0
n=5000, coeff=3, trial=5, GT MIS=2500, Greedy MIS=2435, |S|=5000, Oracle MIS=2435, Improvement=0
n=5000, coeff=3, trial=5, GT MIS=2500, Greedy MIS=2435, |S|=5000, Oracle MIS=2435, Improvement=0
n=5000, coeff=3, trial=5, GT MIS=2500, Greedy MIS=2435, |S|=4999, Oracle MIS=2434, Improvement=-1
n=5000, coeff=3, trial=5, GT MIS=2500, Greedy MIS=2435, |S|=4981, Oracle MIS=2410, Improvement=-25
n=5000, coeff=3, trial=5, GT MIS=2500, Greedy MIS=2435, |S|=4914, Oracle MIS=2292, Improvement=-143
n=5000, coeff=3, trial=5, GT MIS=2500, Greedy MIS=2435, |S|=4732, Oracle MIS=2471, Improvement=36
n=5000, coeff=3, trial=5, GT MIS=2500, Greedy MIS=2435, |S|=4416, Oracle MIS=2495, Improvement=60
n=5000, coeff=3, trial=5, GT MIS=2500, Greedy MIS=2435, |S|=3888, Oracle MIS=2499, Improvement=64
n=5000, coeff=3, trial=5, GT MIS=2500, Greedy MIS=2435, |S|=3346, Oracle MIS=2497, Improvement=62
n=5000, coeff=3, trial=6, GT MIS=2500, Greedy MIS=2456, |S|=5000, Oracle MIS=2456, Improvement=0
n=5000, coeff=3, trial=6, GT MIS=2500, Greedy MIS=2456, |S|=5000, Oracle MIS=2456, Improvement=0
n=5000, coeff=3, trial=6, GT MIS=2500, Greedy MIS=2456, |S|=5000, Oracle MIS=2456, Improvement=0
n=5000, coeff=3, trial=6, GT MIS=2500, Greedy MIS=2456, |S|=5000, Oracle MIS=2456, Improvement=0
n=5000, coeff=3, trial=6, GT MIS=2500, Greedy MIS=2456, |S|=4992, Oracle MIS=2448, Improvement=-8
n=5000, coeff=3, trial=6, GT MIS=2500, Greedy MIS=2456, |S|=4952, Oracle MIS=2399, Improvement=-57
n=5000, coeff=3, trial=6, GT MIS=2500, Greedy MIS=2456, |S|=4829, Oracle MIS=2194, Improvement=-262
n=5000, coeff=3, trial=6, GT MIS=2500, Greedy MIS=2456, |S|=4555, Oracle MIS=2466, Improvement=10
n=5000, coeff=3, trial=6, GT MIS=2500, Greedy MIS=2456, |S|=4116, Oracle MIS=2495, Improvement=39
n=5000, coeff=3, trial=6, GT MIS=2500, Greedy MIS=2456, |S|=3554, Oracle MIS=2497, Improvement=41
n=5000, coeff=3, trial=7, GT MIS=2500, Greedy MIS=2249, |S|=5000, Oracle MIS=2249, Improvement=0
n=5000, coeff=3, trial=7, GT MIS=2500, Greedy MIS=2249, |S|=5000, Oracle MIS=2249, Improvement=0
n=5000, coeff=3, trial=7, GT MIS=2500, Greedy MIS=2249, |S|=5000, Oracle MIS=2249, Improvement=0
n=5000, coeff=3, trial=7, GT MIS=2500, Greedy MIS=2249, |S|=4999, Oracle MIS=2249, Improvement=0
n=5000, coeff=3, trial=7, GT MIS=2500, Greedy MIS=2249, |S|=4991, Oracle MIS=2249, Improvement=0
n=5000, coeff=3, trial=7, GT MIS=2500, Greedy MIS=2249, |S|=4932, Oracle MIS=2253, Improvement=4
n=5000, coeff=3, trial=7, GT MIS=2500, Greedy MIS=2249, |S|=4771, Oracle MIS=2470, Improvement=221
n=5000, coeff=3, trial=7, GT MIS=2500, Greedy MIS=2249, |S|=4459, Oracle MIS=2497, Improvement=248
n=5000, coeff=3, trial=7, GT MIS=2500, Greedy MIS=2249, |S|=3966, Oracle MIS=2498, Improvement=249
n=5000, coeff=3, trial=7, GT MIS=2500, Greedy MIS=2249, |S|=3429, Oracle MIS=2498, Improvement=249
n=5000, coeff=3, trial=8, GT MIS=2500, Greedy MIS=2468, |S|=5000, Oracle MIS=2468, Improvement=0
n=5000, coeff=3, trial=8, GT MIS=2500, Greedy MIS=2468, |S|=5000, Oracle MIS=2468, Improvement=0
n=5000, coeff=3, trial=8, GT MIS=2500, Greedy MIS=2468, |S|=5000, Oracle MIS=2468, Improvement=0
n=5000, coeff=3, trial=8, GT MIS=2500, Greedy MIS=2468, |S|=4997, Oracle MIS=2459, Improvement=-9
n=5000, coeff=3, trial=8, GT MIS=2500, Greedy MIS=2468, |S|=4990, Oracle MIS=2452, Improvement=-16
n=5000, coeff=3, trial=8, GT MIS=2500, Greedy MIS=2468, |S|=4930, Oracle MIS=2387, Improvement=-81
n=5000, coeff=3, trial=8, GT MIS=2500, Greedy MIS=2468, |S|=4752, Oracle MIS=2470, Improvement=2
n=5000, coeff=3, trial=8, GT MIS=2500, Greedy MIS=2468, |S|=4483, Oracle MIS=2488, Improvement=20
n=5000, coeff=3, trial=8, GT MIS=2500, Greedy MIS=2468, |S|=4083, Oracle MIS=2497, Improvement=29
n=5000, coeff=3, trial=8, GT MIS=2500, Greedy MIS=2468, |S|=3501, Oracle MIS=2496, Improvement=28
n=5000, coeff=3, trial=9, GT MIS=2500, Greedy MIS=2462, |S|=5000, Oracle MIS=2462, Improvement=0
n=5000, coeff=3, trial=9, GT MIS=2500, Greedy MIS=2462, |S|=5000, Oracle MIS=2462, Improvement=0
n=5000, coeff=3, trial=9, GT MIS=2500, Greedy MIS=2462, |S|=5000, Oracle MIS=2462, Improvement=0
n=5000, coeff=3, trial=9, GT MIS=2500, Greedy MIS=2462, |S|=4998, Oracle MIS=2460, Improvement=-2
n=5000, coeff=3, trial=9, GT MIS=2500, Greedy MIS=2462, |S|=4986, Oracle MIS=2442, Improvement=-20
n=5000, coeff=3, trial=9, GT MIS=2500, Greedy MIS=2462, |S|=4936, Oracle MIS=2367, Improvement=-95
n=5000, coeff=3, trial=9, GT MIS=2500, Greedy MIS=2462, |S|=4763, Oracle MIS=2473, Improvement=11
n=5000, coeff=3, trial=9, GT MIS=2500, Greedy MIS=2462, |S|=4498, Oracle MIS=2473, Improvement=11
n=5000, coeff=3, trial=9, GT MIS=2500, Greedy MIS=2462, |S|=3961, Oracle MIS=2500, Improvement=38
n=5000, coeff=3, trial=9, GT MIS=2500, Greedy MIS=2462, |S|=3444, Oracle MIS=2498, Improvement=36
n=5000, coeff=4, trial=5, GT MIS=2500, Greedy MIS=2328, |S|=5000, Oracle MIS=2328, Improvement=0
n=5000, coeff=4, trial=5, GT MIS=2500, Greedy MIS=2328, |S|=5000, Oracle MIS=2328, Improvement=0
n=5000, coeff=4, trial=5, GT MIS=2500, Greedy MIS=2328, |S|=5000, Oracle MIS=2328, Improvement=0
n=5000, coeff=4, trial=5, GT MIS=2500, Greedy MIS=2328, |S|=4998, Oracle MIS=2326, Improvement=-2
n=5000, coeff=4, trial=5, GT MIS=2500, Greedy MIS=2328, |S|=4979, Oracle MIS=2291, Improvement=-37
n=5000, coeff=4, trial=5, GT MIS=2500, Greedy MIS=2328, |S|=4923, Oracle MIS=2286, Improvement=-42
n=5000, coeff=4, trial=5, GT MIS=2500, Greedy MIS=2328, |S|=4694, Oracle MIS=2487, Improvement=159
n=5000, coeff=4, trial=5, GT MIS=2500, Greedy MIS=2328, |S|=4182, Oracle MIS=2500, Improvement=172
n=5000, coeff=4, trial=5, GT MIS=2500, Greedy MIS=2328, |S|=3669, Oracle MIS=2500, Improvement=172
n=5000, coeff=4, trial=5, GT MIS=2500, Greedy MIS=2328, |S|=3092, Oracle MIS=2499, Improvement=171
n=5000, coeff=4, trial=6, GT MIS=2500, Greedy MIS=2444, |S|=5000, Oracle MIS=2444, Improvement=0
n=5000, coeff=4, trial=6, GT MIS=2500, Greedy MIS=2444, |S|=5000, Oracle MIS=2444, Improvement=0
n=5000, coeff=4, trial=6, GT MIS=2500, Greedy MIS=2444, |S|=5000, Oracle MIS=2444, Improvement=0
n=5000, coeff=4, trial=6, GT MIS=2500, Greedy MIS=2444, |S|=5000, Oracle MIS=2444, Improvement=0
n=5000, coeff=4, trial=6, GT MIS=2500, Greedy MIS=2444, |S|=4994, Oracle MIS=2428, Improvement=-16
n=5000, coeff=4, trial=6, GT MIS=2500, Greedy MIS=2444, |S|=4952, Oracle MIS=2311, Improvement=-133
n=5000, coeff=4, trial=6, GT MIS=2500, Greedy MIS=2444, |S|=4799, Oracle MIS=2276, Improvement=-168
n=5000, coeff=4, trial=6, GT MIS=2500, Greedy MIS=2444, |S|=4459, Oracle MIS=2495, Improvement=51
n=5000, coeff=4, trial=6, GT MIS=2500, Greedy MIS=2444, |S|=3924, Oracle MIS=2498, Improvement=54
n=5000, coeff=4, trial=6, GT MIS=2500, Greedy MIS=2444, |S|=3290, Oracle MIS=2498, Improvement=54
n=5000, coeff=4, trial=7, GT MIS=2500, Greedy MIS=2320, |S|=5000, Oracle MIS=2320, Improvement=0
n=5000, coeff=4, trial=7, GT MIS=2500, Greedy MIS=2320, |S|=5000, Oracle MIS=2320, Improvement=0
n=5000, coeff=4, trial=7, GT MIS=2500, Greedy MIS=2320, |S|=5000, Oracle MIS=2320, Improvement=0
n=5000, coeff=4, trial=7, GT MIS=2500, Greedy MIS=2320, |S|=4999, Oracle MIS=2259, Improvement=-61
n=5000, coeff=4, trial=7, GT MIS=2500, Greedy MIS=2320, |S|=4987, Oracle MIS=2238, Improvement=-82
n=5000, coeff=4, trial=7, GT MIS=2500, Greedy MIS=2320, |S|=4921, Oracle MIS=2415, Improvement=95
n=5000, coeff=4, trial=7, GT MIS=2500, Greedy MIS=2320, |S|=4703, Oracle MIS=2486, Improvement=166
n=5000, coeff=4, trial=7, GT MIS=2500, Greedy MIS=2320, |S|=4305, Oracle MIS=2500, Improvement=180
n=5000, coeff=4, trial=7, GT MIS=2500, Greedy MIS=2320, |S|=3735, Oracle MIS=2500, Improvement=180
n=5000, coeff=4, trial=7, GT MIS=2500, Greedy MIS=2320, |S|=3134, Oracle MIS=2500, Improvement=180
n=5000, coeff=4, trial=8, GT MIS=2500, Greedy MIS=2467, |S|=5000, Oracle MIS=2467, Improvement=0
n=5000, coeff=4, trial=8, GT MIS=2500, Greedy MIS=2467, |S|=5000, Oracle MIS=2467, Improvement=0
n=5000, coeff=4, trial=8, GT MIS=2500, Greedy MIS=2467, |S|=5000, Oracle MIS=2467, Improvement=0
n=5000, coeff=4, trial=8, GT MIS=2500, Greedy MIS=2467, |S|=4999, Oracle MIS=2466, Improvement=-1
n=5000, coeff=4, trial=8, GT MIS=2500, Greedy MIS=2467, |S|=4985, Oracle MIS=2453, Improvement=-14
n=5000, coeff=4, trial=8, GT MIS=2500, Greedy MIS=2467, |S|=4928, Oracle MIS=2388, Improvement=-79
n=5000, coeff=4, trial=8, GT MIS=2500, Greedy MIS=2467, |S|=4721, Oracle MIS=2474, Improvement=7
n=5000, coeff=4, trial=8, GT MIS=2500, Greedy MIS=2467, |S|=4371, Oracle MIS=2497, Improvement=30
n=5000, coeff=4, trial=8, GT MIS=2500, Greedy MIS=2467, |S|=3825, Oracle MIS=2497, Improvement=30
n=5000, coeff=4, trial=8, GT MIS=2500, Greedy MIS=2467, |S|=3249, Oracle MIS=2498, Improvement=31
n=5000, coeff=4, trial=9, GT MIS=2500, Greedy MIS=2372, |S|=5000, Oracle MIS=2372, Improvement=0
n=5000, coeff=4, trial=9, GT MIS=2500, Greedy MIS=2372, |S|=5000, Oracle MIS=2372, Improvement=0
n=5000, coeff=4, trial=9, GT MIS=2500, Greedy MIS=2372, |S|=5000, Oracle MIS=2372, Improvement=0
n=5000, coeff=4, trial=9, GT MIS=2500, Greedy MIS=2372, |S|=4998, Oracle MIS=2372, Improvement=0
n=5000, coeff=4, trial=9, GT MIS=2500, Greedy MIS=2372, |S|=4988, Oracle MIS=2372, Improvement=0
n=5000, coeff=4, trial=9, GT MIS=2500, Greedy MIS=2372, |S|=4938, Oracle MIS=2372, Improvement=0
n=5000, coeff=4, trial=9, GT MIS=2500, Greedy MIS=2372, |S|=4766, Oracle MIS=2486, Improvement=114
n=5000, coeff=4, trial=9, GT MIS=2500, Greedy MIS=2372, |S|=4348, Oracle MIS=2500, Improvement=128
n=5000, coeff=4, trial=9, GT MIS=2500, Greedy MIS=2372, |S|=3698, Oracle MIS=2500, Improvement=128
n=5000, coeff=4, trial=9, GT MIS=2500, Greedy MIS=2372, |S|=3164, Oracle MIS=2499, Improvement=127
n=5000, coeff=5, trial=5, GT MIS=2500, Greedy MIS=2402, |S|=5000, Oracle MIS=2402, Improvement=0
n=5000, coeff=5, trial=5, GT MIS=2500, Greedy MIS=2402, |S|=5000, Oracle MIS=2402, Improvement=0
n=5000, coeff=5, trial=5, GT MIS=2500, Greedy MIS=2402, |S|=5000, Oracle MIS=2402, Improvement=0
n=5000, coeff=5, trial=5, GT MIS=2500, Greedy MIS=2402, |S|=4999, Oracle MIS=2401, Improvement=-1
n=5000, coeff=5, trial=5, GT MIS=2500, Greedy MIS=2402, |S|=4979, Oracle MIS=2381, Improvement=-21
n=5000, coeff=5, trial=5, GT MIS=2500, Greedy MIS=2402, |S|=4890, Oracle MIS=2433, Improvement=31
n=5000, coeff=5, trial=5, GT MIS=2500, Greedy MIS=2402, |S|=4591, Oracle MIS=2481, Improvement=79
n=5000, coeff=5, trial=5, GT MIS=2500, Greedy MIS=2402, |S|=4013, Oracle MIS=2499, Improvement=97
n=5000, coeff=5, trial=5, GT MIS=2500, Greedy MIS=2402, |S|=3397, Oracle MIS=2500, Improvement=98
n=5000, coeff=5, trial=5, GT MIS=2500, Greedy MIS=2402, |S|=2940, Oracle MIS=2499, Improvement=97
n=5000, coeff=5, trial=6, GT MIS=2500, Greedy MIS=2462, |S|=5000, Oracle MIS=2462, Improvement=0
n=5000, coeff=5, trial=6, GT MIS=2500, Greedy MIS=2462, |S|=5000, Oracle MIS=2462, Improvement=0
n=5000, coeff=5, trial=6, GT MIS=2500, Greedy MIS=2462, |S|=5000, Oracle MIS=2462, Improvement=0
n=5000, coeff=5, trial=6, GT MIS=2500, Greedy MIS=2462, |S|=5000, Oracle MIS=2462, Improvement=0
n=5000, coeff=5, trial=6, GT MIS=2500, Greedy MIS=2462, |S|=4995, Oracle MIS=2457, Improvement=-5
n=5000, coeff=5, trial=6, GT MIS=2500, Greedy MIS=2462, |S|=4951, Oracle MIS=2415, Improvement=-47
n=5000, coeff=5, trial=6, GT MIS=2500, Greedy MIS=2462, |S|=4736, Oracle MIS=2465, Improvement=3
n=5000, coeff=5, trial=6, GT MIS=2500, Greedy MIS=2462, |S|=4284, Oracle MIS=2500, Improvement=38
n=5000, coeff=5, trial=6, GT MIS=2500, Greedy MIS=2462, |S|=3668, Oracle MIS=2500, Improvement=38
n=5000, coeff=5, trial=6, GT MIS=2500, Greedy MIS=2462, |S|=3101, Oracle MIS=2498, Improvement=36
n=5000, coeff=5, trial=7, GT MIS=2500, Greedy MIS=2429, |S|=5000, Oracle MIS=2429, Improvement=0
n=5000, coeff=5, trial=7, GT MIS=2500, Greedy MIS=2429, |S|=5000, Oracle MIS=2429, Improvement=0
n=5000, coeff=5, trial=7, GT MIS=2500, Greedy MIS=2429, |S|=5000, Oracle MIS=2429, Improvement=0
n=5000, coeff=5, trial=7, GT MIS=2500, Greedy MIS=2429, |S|=5000, Oracle MIS=2429, Improvement=0
n=5000, coeff=5, trial=7, GT MIS=2500, Greedy MIS=2429, |S|=4987, Oracle MIS=2417, Improvement=-12
n=5000, coeff=5, trial=7, GT MIS=2500, Greedy MIS=2429, |S|=4909, Oracle MIS=2455, Improvement=26
n=5000, coeff=5, trial=7, GT MIS=2500, Greedy MIS=2429, |S|=4640, Oracle MIS=2494, Improvement=65
n=5000, coeff=5, trial=7, GT MIS=2500, Greedy MIS=2429, |S|=4157, Oracle MIS=2500, Improvement=71
n=5000, coeff=5, trial=7, GT MIS=2500, Greedy MIS=2429, |S|=3453, Oracle MIS=2500, Improvement=71
n=5000, coeff=5, trial=7, GT MIS=2500, Greedy MIS=2429, |S|=2951, Oracle MIS=2500, Improvement=71
n=5000, coeff=5, trial=8, GT MIS=2500, Greedy MIS=2425, |S|=5000, Oracle MIS=2425, Improvement=0
n=5000, coeff=5, trial=8, GT MIS=2500, Greedy MIS=2425, |S|=5000, Oracle MIS=2425, Improvement=0
n=5000, coeff=5, trial=8, GT MIS=2500, Greedy MIS=2425, |S|=5000, Oracle MIS=2425, Improvement=0
n=5000, coeff=5, trial=8, GT MIS=2500, Greedy MIS=2425, |S|=5000, Oracle MIS=2425, Improvement=0
n=5000, coeff=5, trial=8, GT MIS=2500, Greedy MIS=2425, |S|=4983, Oracle MIS=2378, Improvement=-47
n=5000, coeff=5, trial=8, GT MIS=2500, Greedy MIS=2425, |S|=4921, Oracle MIS=2313, Improvement=-112
n=5000, coeff=5, trial=8, GT MIS=2500, Greedy MIS=2425, |S|=4651, Oracle MIS=2481, Improvement=56
n=5000, coeff=5, trial=8, GT MIS=2500, Greedy MIS=2425, |S|=4187, Oracle MIS=2500, Improvement=75
n=5000, coeff=5, trial=8, GT MIS=2500, Greedy MIS=2425, |S|=3597, Oracle MIS=2499, Improvement=74
n=5000, coeff=5, trial=8, GT MIS=2500, Greedy MIS=2425, |S|=3042, Oracle MIS=2499, Improvement=74
n=5000, coeff=5, trial=9, GT MIS=2500, Greedy MIS=2463, |S|=5000, Oracle MIS=2463, Improvement=0
n=5000, coeff=5, trial=9, GT MIS=2500, Greedy MIS=2463, |S|=5000, Oracle MIS=2463, Improvement=0
n=5000, coeff=5, trial=9, GT MIS=2500, Greedy MIS=2463, |S|=5000, Oracle MIS=2463, Improvement=0
n=5000, coeff=5, trial=9, GT MIS=2500, Greedy MIS=2463, |S|=4998, Oracle MIS=2461, Improvement=-2
n=5000, coeff=5, trial=9, GT MIS=2500, Greedy MIS=2463, |S|=4991, Oracle MIS=2454, Improvement=-9
n=5000, coeff=5, trial=9, GT MIS=2500, Greedy MIS=2463, |S|=4922, Oracle MIS=2247, Improvement=-216
n=5000, coeff=5, trial=9, GT MIS=2500, Greedy MIS=2463, |S|=4678, Oracle MIS=2494, Improvement=31
n=5000, coeff=5, trial=9, GT MIS=2500, Greedy MIS=2463, |S|=4150, Oracle MIS=2500, Improvement=37
n=5000, coeff=5, trial=9, GT MIS=2500, Greedy MIS=2463, |S|=3472, Oracle MIS=2500, Improvement=37
n=5000, coeff=5, trial=9, GT MIS=2500, Greedy MIS=2463, |S|=2988, Oracle MIS=2500, Improvement=37
n=5000, coeff=6, trial=5, GT MIS=2500, Greedy MIS=2316, |S|=5000, Oracle MIS=2316, Improvement=0
n=5000, coeff=6, trial=5, GT MIS=2500, Greedy MIS=2316, |S|=5000, Oracle MIS=2316, Improvement=0
n=5000, coeff=6, trial=5, GT MIS=2500, Greedy MIS=2316, |S|=5000, Oracle MIS=2316, Improvement=0
n=5000, coeff=6, trial=5, GT MIS=2500, Greedy MIS=2316, |S|=4998, Oracle MIS=2316, Improvement=0
n=5000, coeff=6, trial=5, GT MIS=2500, Greedy MIS=2316, |S|=4979, Oracle MIS=2316, Improvement=0
n=5000, coeff=6, trial=5, GT MIS=2500, Greedy MIS=2316, |S|=4860, Oracle MIS=2490, Improvement=174
n=5000, coeff=6, trial=5, GT MIS=2500, Greedy MIS=2316, |S|=4483, Oracle MIS=2499, Improvement=183
n=5000, coeff=6, trial=5, GT MIS=2500, Greedy MIS=2316, |S|=3826, Oracle MIS=2499, Improvement=183
n=5000, coeff=6, trial=5, GT MIS=2500, Greedy MIS=2316, |S|=3192, Oracle MIS=2499, Improvement=183
n=5000, coeff=6, trial=5, GT MIS=2500, Greedy MIS=2316, |S|=2774, Oracle MIS=2499, Improvement=183
n=5000, coeff=6, trial=6, GT MIS=2500, Greedy MIS=2475, |S|=5000, Oracle MIS=2475, Improvement=0
n=5000, coeff=6, trial=6, GT MIS=2500, Greedy MIS=2475, |S|=5000, Oracle MIS=2475, Improvement=0
n=5000, coeff=6, trial=6, GT MIS=2500, Greedy MIS=2475, |S|=5000, Oracle MIS=2475, Improvement=0
n=5000, coeff=6, trial=6, GT MIS=2500, Greedy MIS=2475, |S|=4999, Oracle MIS=2474, Improvement=-1
n=5000, coeff=6, trial=6, GT MIS=2500, Greedy MIS=2475, |S|=4995, Oracle MIS=2470, Improvement=-5
n=5000, coeff=6, trial=6, GT MIS=2500, Greedy MIS=2475, |S|=4931, Oracle MIS=2409, Improvement=-66
n=5000, coeff=6, trial=6, GT MIS=2500, Greedy MIS=2475, |S|=4668, Oracle MIS=2484, Improvement=9
n=5000, coeff=6, trial=6, GT MIS=2500, Greedy MIS=2475, |S|=4111, Oracle MIS=2500, Improvement=25
n=5000, coeff=6, trial=6, GT MIS=2500, Greedy MIS=2475, |S|=3459, Oracle MIS=2500, Improvement=25
n=5000, coeff=6, trial=6, GT MIS=2500, Greedy MIS=2475, |S|=2901, Oracle MIS=2500, Improvement=25
n=5000, coeff=6, trial=7, GT MIS=2500, Greedy MIS=2313, |S|=5000, Oracle MIS=2313, Improvement=0
n=5000, coeff=6, trial=7, GT MIS=2500, Greedy MIS=2313, |S|=5000, Oracle MIS=2313, Improvement=0
n=5000, coeff=6, trial=7, GT MIS=2500, Greedy MIS=2313, |S|=5000, Oracle MIS=2313, Improvement=0
n=5000, coeff=6, trial=7, GT MIS=2500, Greedy MIS=2313, |S|=4999, Oracle MIS=2312, Improvement=-1
n=5000, coeff=6, trial=7, GT MIS=2500, Greedy MIS=2313, |S|=4979, Oracle MIS=2297, Improvement=-16
n=5000, coeff=6, trial=7, GT MIS=2500, Greedy MIS=2313, |S|=4878, Oracle MIS=2458, Improvement=145
n=5000, coeff=6, trial=7, GT MIS=2500, Greedy MIS=2313, |S|=4540, Oracle MIS=2500, Improvement=187
n=5000, coeff=6, trial=7, GT MIS=2500, Greedy MIS=2313, |S|=3967, Oracle MIS=2500, Improvement=187
n=5000, coeff=6, trial=7, GT MIS=2500, Greedy MIS=2313, |S|=3247, Oracle MIS=2500, Improvement=187
n=5000, coeff=6, trial=7, GT MIS=2500, Greedy MIS=2313, |S|=2796, Oracle MIS=2500, Improvement=187
n=5000, coeff=6, trial=8, GT MIS=2500, Greedy MIS=2470, |S|=5000, Oracle MIS=2470, Improvement=0
n=5000, coeff=6, trial=8, GT MIS=2500, Greedy MIS=2470, |S|=5000, Oracle MIS=2470, Improvement=0
n=5000, coeff=6, trial=8, GT MIS=2500, Greedy MIS=2470, |S|=5000, Oracle MIS=2470, Improvement=0
n=5000, coeff=6, trial=8, GT MIS=2500, Greedy MIS=2470, |S|=5000, Oracle MIS=2470, Improvement=0
n=5000, coeff=6, trial=8, GT MIS=2500, Greedy MIS=2470, |S|=4983, Oracle MIS=2457, Improvement=-13
n=5000, coeff=6, trial=8, GT MIS=2500, Greedy MIS=2470, |S|=4884, Oracle MIS=2322, Improvement=-148
n=5000, coeff=6, trial=8, GT MIS=2500, Greedy MIS=2470, |S|=4577, Oracle MIS=2500, Improvement=30
n=5000, coeff=6, trial=8, GT MIS=2500, Greedy MIS=2470, |S|=4033, Oracle MIS=2500, Improvement=30
n=5000, coeff=6, trial=8, GT MIS=2500, Greedy MIS=2470, |S|=3377, Oracle MIS=2500, Improvement=30
n=5000, coeff=6, trial=8, GT MIS=2500, Greedy MIS=2470, |S|=2867, Oracle MIS=2499, Improvement=29
n=5000, coeff=6, trial=9, GT MIS=2500, Greedy MIS=2427, |S|=5000, Oracle MIS=2427, Improvement=0
n=5000, coeff=6, trial=9, GT MIS=2500, Greedy MIS=2427, |S|=5000, Oracle MIS=2427, Improvement=0
n=5000, coeff=6, trial=9, GT MIS=2500, Greedy MIS=2427, |S|=5000, Oracle MIS=2427, Improvement=0
n=5000, coeff=6, trial=9, GT MIS=2500, Greedy MIS=2427, |S|=4998, Oracle MIS=2425, Improvement=-2
n=5000, coeff=6, trial=9, GT MIS=2500, Greedy MIS=2427, |S|=4979, Oracle MIS=2406, Improvement=-21
n=5000, coeff=6, trial=9, GT MIS=2500, Greedy MIS=2427, |S|=4897, Oracle MIS=2377, Improvement=-50
n=5000, coeff=6, trial=9, GT MIS=2500, Greedy MIS=2427, |S|=4572, Oracle MIS=2484, Improvement=57
n=5000, coeff=6, trial=9, GT MIS=2500, Greedy MIS=2427, |S|=3980, Oracle MIS=2500, Improvement=73
n=5000, coeff=6, trial=9, GT MIS=2500, Greedy MIS=2427, |S|=3255, Oracle MIS=2500, Improvement=73
n=5000, coeff=6, trial=9, GT MIS=2500, Greedy MIS=2427, |S|=2812, Oracle MIS=2500, Improvement=73
n=5000, coeff=7, trial=5, GT MIS=2500, Greedy MIS=2388, |S|=5000, Oracle MIS=2388, Improvement=0
n=5000, coeff=7, trial=5, GT MIS=2500, Greedy MIS=2388, |S|=5000, Oracle MIS=2388, Improvement=0
n=5000, coeff=7, trial=5, GT MIS=2500, Greedy MIS=2388, |S|=5000, Oracle MIS=2388, Improvement=0
n=5000, coeff=7, trial=5, GT MIS=2500, Greedy MIS=2388, |S|=4998, Oracle MIS=2386, Improvement=-2
n=5000, coeff=7, trial=5, GT MIS=2500, Greedy MIS=2388, |S|=4973, Oracle MIS=2322, Improvement=-66
n=5000, coeff=7, trial=5, GT MIS=2500, Greedy MIS=2388, |S|=4816, Oracle MIS=2488, Improvement=100
n=5000, coeff=7, trial=5, GT MIS=2500, Greedy MIS=2388, |S|=4388, Oracle MIS=2500, Improvement=112
n=5000, coeff=7, trial=5, GT MIS=2500, Greedy MIS=2388, |S|=3627, Oracle MIS=2500, Improvement=112
n=5000, coeff=7, trial=5, GT MIS=2500, Greedy MIS=2388, |S|=3014, Oracle MIS=2500, Improvement=112
n=5000, coeff=7, trial=5, GT MIS=2500, Greedy MIS=2388, |S|=2692, Oracle MIS=2499, Improvement=111
n=5000, coeff=7, trial=6, GT MIS=2500, Greedy MIS=2452, |S|=5000, Oracle MIS=2452, Improvement=0
n=5000, coeff=7, trial=6, GT MIS=2500, Greedy MIS=2452, |S|=5000, Oracle MIS=2452, Improvement=0
n=5000, coeff=7, trial=6, GT MIS=2500, Greedy MIS=2452, |S|=5000, Oracle MIS=2452, Improvement=0
n=5000, coeff=7, trial=6, GT MIS=2500, Greedy MIS=2452, |S|=5000, Oracle MIS=2452, Improvement=0
n=5000, coeff=7, trial=6, GT MIS=2500, Greedy MIS=2452, |S|=4995, Oracle MIS=2447, Improvement=-5
n=5000, coeff=7, trial=6, GT MIS=2500, Greedy MIS=2452, |S|=4916, Oracle MIS=2467, Improvement=15
n=5000, coeff=7, trial=6, GT MIS=2500, Greedy MIS=2452, |S|=4623, Oracle MIS=2492, Improvement=40
n=5000, coeff=7, trial=6, GT MIS=2500, Greedy MIS=2452, |S|=3984, Oracle MIS=2500, Improvement=48
n=5000, coeff=7, trial=6, GT MIS=2500, Greedy MIS=2452, |S|=3249, Oracle MIS=2500, Improvement=48
n=5000, coeff=7, trial=6, GT MIS=2500, Greedy MIS=2452, |S|=2776, Oracle MIS=2500, Improvement=48
n=5000, coeff=7, trial=7, GT MIS=2500, Greedy MIS=2473, |S|=5000, Oracle MIS=2473, Improvement=0
n=5000, coeff=7, trial=7, GT MIS=2500, Greedy MIS=2473, |S|=5000, Oracle MIS=2473, Improvement=0
n=5000, coeff=7, trial=7, GT MIS=2500, Greedy MIS=2473, |S|=5000, Oracle MIS=2473, Improvement=0
n=5000, coeff=7, trial=7, GT MIS=2500, Greedy MIS=2473, |S|=4998, Oracle MIS=2473, Improvement=0
n=5000, coeff=7, trial=7, GT MIS=2500, Greedy MIS=2473, |S|=4982, Oracle MIS=2473, Improvement=0
n=5000, coeff=7, trial=7, GT MIS=2500, Greedy MIS=2473, |S|=4861, Oracle MIS=2487, Improvement=14
n=5000, coeff=7, trial=7, GT MIS=2500, Greedy MIS=2473, |S|=4466, Oracle MIS=2500, Improvement=27
n=5000, coeff=7, trial=7, GT MIS=2500, Greedy MIS=2473, |S|=3786, Oracle MIS=2500, Improvement=27
n=5000, coeff=7, trial=7, GT MIS=2500, Greedy MIS=2473, |S|=3069, Oracle MIS=2500, Improvement=27
n=5000, coeff=7, trial=7, GT MIS=2500, Greedy MIS=2473, |S|=2696, Oracle MIS=2500, Improvement=27
n=5000, coeff=7, trial=8, GT MIS=2500, Greedy MIS=2376, |S|=5000, Oracle MIS=2376, Improvement=0
n=5000, coeff=7, trial=8, GT MIS=2500, Greedy MIS=2376, |S|=5000, Oracle MIS=2376, Improvement=0
n=5000, coeff=7, trial=8, GT MIS=2500, Greedy MIS=2376, |S|=5000, Oracle MIS=2376, Improvement=0
n=5000, coeff=7, trial=8, GT MIS=2500, Greedy MIS=2376, |S|=5000, Oracle MIS=2376, Improvement=0
n=5000, coeff=7, trial=8, GT MIS=2500, Greedy MIS=2376, |S|=4978, Oracle MIS=2357, Improvement=-19
n=5000, coeff=7, trial=8, GT MIS=2500, Greedy MIS=2376, |S|=4861, Oracle MIS=2384, Improvement=8
n=5000, coeff=7, trial=8, GT MIS=2500, Greedy MIS=2376, |S|=4504, Oracle MIS=2500, Improvement=124
n=5000, coeff=7, trial=8, GT MIS=2500, Greedy MIS=2376, |S|=3841, Oracle MIS=2500, Improvement=124
n=5000, coeff=7, trial=8, GT MIS=2500, Greedy MIS=2376, |S|=3169, Oracle MIS=2500, Improvement=124
n=5000, coeff=7, trial=8, GT MIS=2500, Greedy MIS=2376, |S|=2744, Oracle MIS=2500, Improvement=124
n=5000, coeff=7, trial=9, GT MIS=2500, Greedy MIS=2463, |S|=5000, Oracle MIS=2463, Improvement=0
n=5000, coeff=7, trial=9, GT MIS=2500, Greedy MIS=2463, |S|=5000, Oracle MIS=2463, Improvement=0
n=5000, coeff=7, trial=9, GT MIS=2500, Greedy MIS=2463, |S|=5000, Oracle MIS=2463, Improvement=0
n=5000, coeff=7, trial=9, GT MIS=2500, Greedy MIS=2463, |S|=4999, Oracle MIS=2462, Improvement=-1
n=5000, coeff=7, trial=9, GT MIS=2500, Greedy MIS=2463, |S|=4980, Oracle MIS=2430, Improvement=-33
n=5000, coeff=7, trial=9, GT MIS=2500, Greedy MIS=2463, |S|=4868, Oracle MIS=2438, Improvement=-25
n=5000, coeff=7, trial=9, GT MIS=2500, Greedy MIS=2463, |S|=4505, Oracle MIS=2500, Improvement=37
n=5000, coeff=7, trial=9, GT MIS=2500, Greedy MIS=2463, |S|=3775, Oracle MIS=2500, Improvement=37
n=5000, coeff=7, trial=9, GT MIS=2500, Greedy MIS=2463, |S|=3056, Oracle MIS=2500, Improvement=37
n=5000, coeff=7, trial=9, GT MIS=2500, Greedy MIS=2463, |S|=2703, Oracle MIS=2500, Improvement=37
n=5000, coeff=8, trial=5, GT MIS=2500, Greedy MIS=2410, |S|=5000, Oracle MIS=2410, Improvement=0
n=5000, coeff=8, trial=5, GT MIS=2500, Greedy MIS=2410, |S|=5000, Oracle MIS=2410, Improvement=0
n=5000, coeff=8, trial=5, GT MIS=2500, Greedy MIS=2410, |S|=5000, Oracle MIS=2410, Improvement=0
n=5000, coeff=8, trial=5, GT MIS=2500, Greedy MIS=2410, |S|=4998, Oracle MIS=2408, Improvement=-2
n=5000, coeff=8, trial=5, GT MIS=2500, Greedy MIS=2410, |S|=4962, Oracle MIS=2471, Improvement=61
n=5000, coeff=8, trial=5, GT MIS=2500, Greedy MIS=2410, |S|=4771, Oracle MIS=2486, Improvement=76
n=5000, coeff=8, trial=5, GT MIS=2500, Greedy MIS=2410, |S|=4199, Oracle MIS=2500, Improvement=90
n=5000, coeff=8, trial=5, GT MIS=2500, Greedy MIS=2410, |S|=3441, Oracle MIS=2500, Improvement=90
n=5000, coeff=8, trial=5, GT MIS=2500, Greedy MIS=2410, |S|=2862, Oracle MIS=2500, Improvement=90
n=5000, coeff=8, trial=5, GT MIS=2500, Greedy MIS=2410, |S|=2611, Oracle MIS=2500, Improvement=90
n=5000, coeff=8, trial=6, GT MIS=2500, Greedy MIS=2469, |S|=5000, Oracle MIS=2469, Improvement=0
n=5000, coeff=8, trial=6, GT MIS=2500, Greedy MIS=2469, |S|=5000, Oracle MIS=2469, Improvement=0
n=5000, coeff=8, trial=6, GT MIS=2500, Greedy MIS=2469, |S|=5000, Oracle MIS=2469, Improvement=0
n=5000, coeff=8, trial=6, GT MIS=2500, Greedy MIS=2469, |S|=5000, Oracle MIS=2469, Improvement=0
n=5000, coeff=8, trial=6, GT MIS=2500, Greedy MIS=2469, |S|=4993, Oracle MIS=2462, Improvement=-7
n=5000, coeff=8, trial=6, GT MIS=2500, Greedy MIS=2469, |S|=4897, Oracle MIS=2442, Improvement=-27
n=5000, coeff=8, trial=6, GT MIS=2500, Greedy MIS=2469, |S|=4529, Oracle MIS=2490, Improvement=21
n=5000, coeff=8, trial=6, GT MIS=2500, Greedy MIS=2469, |S|=3824, Oracle MIS=2500, Improvement=31
n=5000, coeff=8, trial=6, GT MIS=2500, Greedy MIS=2469, |S|=3089, Oracle MIS=2500, Improvement=31
n=5000, coeff=8, trial=6, GT MIS=2500, Greedy MIS=2469, |S|=2673, Oracle MIS=2500, Improvement=31
n=5000, coeff=8, trial=7, GT MIS=2500, Greedy MIS=2453, |S|=5000, Oracle MIS=2453, Improvement=0
n=5000, coeff=8, trial=7, GT MIS=2500, Greedy MIS=2453, |S|=5000, Oracle MIS=2453, Improvement=0
n=5000, coeff=8, trial=7, GT MIS=2500, Greedy MIS=2453, |S|=5000, Oracle MIS=2453, Improvement=0
n=5000, coeff=8, trial=7, GT MIS=2500, Greedy MIS=2453, |S|=4995, Oracle MIS=2448, Improvement=-5
n=5000, coeff=8, trial=7, GT MIS=2500, Greedy MIS=2453, |S|=4976, Oracle MIS=2413, Improvement=-40
n=5000, coeff=8, trial=7, GT MIS=2500, Greedy MIS=2453, |S|=4812, Oracle MIS=2500, Improvement=47
n=5000, coeff=8, trial=7, GT MIS=2500, Greedy MIS=2453, |S|=4335, Oracle MIS=2500, Improvement=47
n=5000, coeff=8, trial=7, GT MIS=2500, Greedy MIS=2453, |S|=3599, Oracle MIS=2500, Improvement=47
n=5000, coeff=8, trial=7, GT MIS=2500, Greedy MIS=2453, |S|=2934, Oracle MIS=2500, Improvement=47
n=5000, coeff=8, trial=7, GT MIS=2500, Greedy MIS=2453, |S|=2599, Oracle MIS=2500, Improvement=47
n=5000, coeff=8, trial=8, GT MIS=2500, Greedy MIS=2468, |S|=5000, Oracle MIS=2468, Improvement=0
n=5000, coeff=8, trial=8, GT MIS=2500, Greedy MIS=2468, |S|=5000, Oracle MIS=2468, Improvement=0
n=5000, coeff=8, trial=8, GT MIS=2500, Greedy MIS=2468, |S|=5000, Oracle MIS=2468, Improvement=0
n=5000, coeff=8, trial=8, GT MIS=2500, Greedy MIS=2468, |S|=5000, Oracle MIS=2468, Improvement=0
n=5000, coeff=8, trial=8, GT MIS=2500, Greedy MIS=2468, |S|=4981, Oracle MIS=2418, Improvement=-50
n=5000, coeff=8, trial=8, GT MIS=2500, Greedy MIS=2468, |S|=4847, Oracle MIS=2485, Improvement=17
n=5000, coeff=8, trial=8, GT MIS=2500, Greedy MIS=2468, |S|=4398, Oracle MIS=2500, Improvement=32
n=5000, coeff=8, trial=8, GT MIS=2500, Greedy MIS=2468, |S|=3680, Oracle MIS=2500, Improvement=32
n=5000, coeff=8, trial=8, GT MIS=2500, Greedy MIS=2468, |S|=2995, Oracle MIS=2500, Improvement=32
n=5000, coeff=8, trial=8, GT MIS=2500, Greedy MIS=2468, |S|=2635, Oracle MIS=2500, Improvement=32
n=5000, coeff=8, trial=9, GT MIS=2500, Greedy MIS=2453, |S|=5000, Oracle MIS=2453, Improvement=0
n=5000, coeff=8, trial=9, GT MIS=2500, Greedy MIS=2453, |S|=5000, Oracle MIS=2453, Improvement=0
n=5000, coeff=8, trial=9, GT MIS=2500, Greedy MIS=2453, |S|=5000, Oracle MIS=2453, Improvement=0
n=5000, coeff=8, trial=9, GT MIS=2500, Greedy MIS=2453, |S|=5000, Oracle MIS=2453, Improvement=0
n=5000, coeff=8, trial=9, GT MIS=2500, Greedy MIS=2453, |S|=4977, Oracle MIS=2432, Improvement=-21
n=5000, coeff=8, trial=9, GT MIS=2500, Greedy MIS=2453, |S|=4831, Oracle MIS=2471, Improvement=18
n=5000, coeff=8, trial=9, GT MIS=2500, Greedy MIS=2453, |S|=4371, Oracle MIS=2500, Improvement=47
n=5000, coeff=8, trial=9, GT MIS=2500, Greedy MIS=2453, |S|=3588, Oracle MIS=2500, Improvement=47
n=5000, coeff=8, trial=9, GT MIS=2500, Greedy MIS=2453, |S|=2905, Oracle MIS=2500, Improvement=47
n=5000, coeff=8, trial=9, GT MIS=2500, Greedy MIS=2453, |S|=2617, Oracle MIS=2500, Improvement=47
n=5000, coeff=9, trial=5, GT MIS=2500, Greedy MIS=2335, |S|=5000, Oracle MIS=2335, Improvement=0
n=5000, coeff=9, trial=5, GT MIS=2500, Greedy MIS=2335, |S|=5000, Oracle MIS=2335, Improvement=0
n=5000, coeff=9, trial=5, GT MIS=2500, Greedy MIS=2335, |S|=5000, Oracle MIS=2335, Improvement=0
n=5000, coeff=9, trial=5, GT MIS=2500, Greedy MIS=2335, |S|=4994, Oracle MIS=2329, Improvement=-6
n=5000, coeff=9, trial=5, GT MIS=2500, Greedy MIS=2335, |S|=4953, Oracle MIS=2464, Improvement=129
n=5000, coeff=9, trial=5, GT MIS=2500, Greedy MIS=2335, |S|=4717, Oracle MIS=2483, Improvement=148
n=5000, coeff=9, trial=5, GT MIS=2500, Greedy MIS=2335, |S|=4066, Oracle MIS=2500, Improvement=165
n=5000, coeff=9, trial=5, GT MIS=2500, Greedy MIS=2335, |S|=3284, Oracle MIS=2500, Improvement=165
n=5000, coeff=9, trial=5, GT MIS=2500, Greedy MIS=2335, |S|=2759, Oracle MIS=2500, Improvement=165
n=5000, coeff=9, trial=5, GT MIS=2500, Greedy MIS=2335, |S|=2567, Oracle MIS=2500, Improvement=165
n=5000, coeff=9, trial=6, GT MIS=2500, Greedy MIS=2483, |S|=5000, Oracle MIS=2483, Improvement=0
n=5000, coeff=9, trial=6, GT MIS=2500, Greedy MIS=2483, |S|=5000, Oracle MIS=2483, Improvement=0
n=5000, coeff=9, trial=6, GT MIS=2500, Greedy MIS=2483, |S|=5000, Oracle MIS=2483, Improvement=0
n=5000, coeff=9, trial=6, GT MIS=2500, Greedy MIS=2483, |S|=4999, Oracle MIS=2482, Improvement=-1
n=5000, coeff=9, trial=6, GT MIS=2500, Greedy MIS=2483, |S|=4992, Oracle MIS=2456, Improvement=-27
n=5000, coeff=9, trial=6, GT MIS=2500, Greedy MIS=2483, |S|=4871, Oracle MIS=2466, Improvement=-17
n=5000, coeff=9, trial=6, GT MIS=2500, Greedy MIS=2483, |S|=4416, Oracle MIS=2500, Improvement=17
n=5000, coeff=9, trial=6, GT MIS=2500, Greedy MIS=2483, |S|=3658, Oracle MIS=2500, Improvement=17
n=5000, coeff=9, trial=6, GT MIS=2500, Greedy MIS=2483, |S|=2959, Oracle MIS=2500, Improvement=17
n=5000, coeff=9, trial=6, GT MIS=2500, Greedy MIS=2483, |S|=2604, Oracle MIS=2500, Improvement=17
n=5000, coeff=9, trial=7, GT MIS=2500, Greedy MIS=2481, |S|=5000, Oracle MIS=2481, Improvement=0
n=5000, coeff=9, trial=7, GT MIS=2500, Greedy MIS=2481, |S|=5000, Oracle MIS=2481, Improvement=0
n=5000, coeff=9, trial=7, GT MIS=2500, Greedy MIS=2481, |S|=5000, Oracle MIS=2481, Improvement=0
n=5000, coeff=9, trial=7, GT MIS=2500, Greedy MIS=2481, |S|=4996, Oracle MIS=2477, Improvement=-4
n=5000, coeff=9, trial=7, GT MIS=2500, Greedy MIS=2481, |S|=4968, Oracle MIS=2354, Improvement=-127
n=5000, coeff=9, trial=7, GT MIS=2500, Greedy MIS=2481, |S|=4773, Oracle MIS=2500, Improvement=19
n=5000, coeff=9, trial=7, GT MIS=2500, Greedy MIS=2481, |S|=4280, Oracle MIS=2500, Improvement=19
n=5000, coeff=9, trial=7, GT MIS=2500, Greedy MIS=2481, |S|=3407, Oracle MIS=2500, Improvement=19
n=5000, coeff=9, trial=7, GT MIS=2500, Greedy MIS=2481, |S|=2797, Oracle MIS=2500, Improvement=19
n=5000, coeff=9, trial=7, GT MIS=2500, Greedy MIS=2481, |S|=2562, Oracle MIS=2500, Improvement=19
n=5000, coeff=9, trial=8, GT MIS=2500, Greedy MIS=2446, |S|=5000, Oracle MIS=2446, Improvement=0
n=5000, coeff=9, trial=8, GT MIS=2500, Greedy MIS=2446, |S|=5000, Oracle MIS=2446, Improvement=0
n=5000, coeff=9, trial=8, GT MIS=2500, Greedy MIS=2446, |S|=5000, Oracle MIS=2446, Improvement=0
n=5000, coeff=9, trial=8, GT MIS=2500, Greedy MIS=2446, |S|=5000, Oracle MIS=2446, Improvement=0
n=5000, coeff=9, trial=8, GT MIS=2500, Greedy MIS=2446, |S|=4978, Oracle MIS=2407, Improvement=-39
n=5000, coeff=9, trial=8, GT MIS=2500, Greedy MIS=2446, |S|=4801, Oracle MIS=2482, Improvement=36
n=5000, coeff=9, trial=8, GT MIS=2500, Greedy MIS=2446, |S|=4301, Oracle MIS=2500, Improvement=54
n=5000, coeff=9, trial=8, GT MIS=2500, Greedy MIS=2446, |S|=3504, Oracle MIS=2500, Improvement=54
n=5000, coeff=9, trial=8, GT MIS=2500, Greedy MIS=2446, |S|=2882, Oracle MIS=2500, Improvement=54
n=5000, coeff=9, trial=8, GT MIS=2500, Greedy MIS=2446, |S|=2588, Oracle MIS=2500, Improvement=54
n=5000, coeff=9, trial=9, GT MIS=2500, Greedy MIS=2462, |S|=5000, Oracle MIS=2462, Improvement=0
n=5000, coeff=9, trial=9, GT MIS=2500, Greedy MIS=2462, |S|=5000, Oracle MIS=2462, Improvement=0
n=5000, coeff=9, trial=9, GT MIS=2500, Greedy MIS=2462, |S|=5000, Oracle MIS=2462, Improvement=0
n=5000, coeff=9, trial=9, GT MIS=2500, Greedy MIS=2462, |S|=4999, Oracle MIS=2462, Improvement=0
n=5000, coeff=9, trial=9, GT MIS=2500, Greedy MIS=2462, |S|=4974, Oracle MIS=2400, Improvement=-62
n=5000, coeff=9, trial=9, GT MIS=2500, Greedy MIS=2462, |S|=4793, Oracle MIS=2430, Improvement=-32
n=5000, coeff=9, trial=9, GT MIS=2500, Greedy MIS=2462, |S|=4305, Oracle MIS=2500, Improvement=38
n=5000, coeff=9, trial=9, GT MIS=2500, Greedy MIS=2462, |S|=3415, Oracle MIS=2500, Improvement=38
n=5000, coeff=9, trial=9, GT MIS=2500, Greedy MIS=2462, |S|=2787, Oracle MIS=2500, Improvement=38
n=5000, coeff=9, trial=9, GT MIS=2500, Greedy MIS=2462, |S|=2574, Oracle MIS=2500, Improvement=38
n=5000, coeff=10, trial=5, GT MIS=2500, Greedy MIS=2461, |S|=5000, Oracle MIS=2461, Improvement=0
n=5000, coeff=10, trial=5, GT MIS=2500, Greedy MIS=2461, |S|=5000, Oracle MIS=2461, Improvement=0
n=5000, coeff=10, trial=5, GT MIS=2500, Greedy MIS=2461, |S|=5000, Oracle MIS=2461, Improvement=0
n=5000, coeff=10, trial=5, GT MIS=2500, Greedy MIS=2461, |S|=4995, Oracle MIS=2456, Improvement=-5
n=5000, coeff=10, trial=5, GT MIS=2500, Greedy MIS=2461, |S|=4943, Oracle MIS=2394, Improvement=-67
n=5000, coeff=10, trial=5, GT MIS=2500, Greedy MIS=2461, |S|=4670, Oracle MIS=2500, Improvement=39
n=5000, coeff=10, trial=5, GT MIS=2500, Greedy MIS=2461, |S|=3933, Oracle MIS=2500, Improvement=39
n=5000, coeff=10, trial=5, GT MIS=2500, Greedy MIS=2461, |S|=3136, Oracle MIS=2500, Improvement=39
n=5000, coeff=10, trial=5, GT MIS=2500, Greedy MIS=2461, |S|=2687, Oracle MIS=2500, Improvement=39
n=5000, coeff=10, trial=5, GT MIS=2500, Greedy MIS=2461, |S|=2533, Oracle MIS=2500, Improvement=39
n=5000, coeff=10, trial=6, GT MIS=2500, Greedy MIS=2500, |S|=5000, Oracle MIS=2500, Improvement=0
n=5000, coeff=10, trial=6, GT MIS=2500, Greedy MIS=2500, |S|=5000, Oracle MIS=2500, Improvement=0
n=5000, coeff=10, trial=6, GT MIS=2500, Greedy MIS=2500, |S|=5000, Oracle MIS=2500, Improvement=0
n=5000, coeff=10, trial=6, GT MIS=2500, Greedy MIS=2500, |S|=4999, Oracle MIS=2499, Improvement=-1
n=5000, coeff=10, trial=6, GT MIS=2500, Greedy MIS=2500, |S|=4988, Oracle MIS=2445, Improvement=-55
n=5000, coeff=10, trial=6, GT MIS=2500, Greedy MIS=2500, |S|=4857, Oracle MIS=2375, Improvement=-125
n=5000, coeff=10, trial=6, GT MIS=2500, Greedy MIS=2500, |S|=4340, Oracle MIS=2500, Improvement=0
n=5000, coeff=10, trial=6, GT MIS=2500, Greedy MIS=2500, |S|=3509, Oracle MIS=2500, Improvement=0
n=5000, coeff=10, trial=6, GT MIS=2500, Greedy MIS=2500, |S|=2829, Oracle MIS=2500, Improvement=0
n=5000, coeff=10, trial=6, GT MIS=2500, Greedy MIS=2500, |S|=2558, Oracle MIS=2500, Improvement=0
n=5000, coeff=10, trial=7, GT MIS=2500, Greedy MIS=2478, |S|=5000, Oracle MIS=2478, Improvement=0
n=5000, coeff=10, trial=7, GT MIS=2500, Greedy MIS=2478, |S|=5000, Oracle MIS=2478, Improvement=0
n=5000, coeff=10, trial=7, GT MIS=2500, Greedy MIS=2478, |S|=5000, Oracle MIS=2478, Improvement=0
n=5000, coeff=10, trial=7, GT MIS=2500, Greedy MIS=2478, |S|=4998, Oracle MIS=2478, Improvement=0
n=5000, coeff=10, trial=7, GT MIS=2500, Greedy MIS=2478, |S|=4969, Oracle MIS=2478, Improvement=0
n=5000, coeff=10, trial=7, GT MIS=2500, Greedy MIS=2478, |S|=4736, Oracle MIS=2500, Improvement=22
n=5000, coeff=10, trial=7, GT MIS=2500, Greedy MIS=2478, |S|=4171, Oracle MIS=2500, Improvement=22
n=5000, coeff=10, trial=7, GT MIS=2500, Greedy MIS=2478, |S|=3279, Oracle MIS=2500, Improvement=22
n=5000, coeff=10, trial=7, GT MIS=2500, Greedy MIS=2478, |S|=2695, Oracle MIS=2500, Improvement=22
n=5000, coeff=10, trial=7, GT MIS=2500, Greedy MIS=2478, |S|=2537, Oracle MIS=2500, Improvement=22
n=5000, coeff=10, trial=8, GT MIS=2500, Greedy MIS=2437, |S|=5000, Oracle MIS=2437, Improvement=0
n=5000, coeff=10, trial=8, GT MIS=2500, Greedy MIS=2437, |S|=5000, Oracle MIS=2437, Improvement=0
n=5000, coeff=10, trial=8, GT MIS=2500, Greedy MIS=2437, |S|=5000, Oracle MIS=2437, Improvement=0
n=5000, coeff=10, trial=8, GT MIS=2500, Greedy MIS=2437, |S|=5000, Oracle MIS=2437, Improvement=0
n=5000, coeff=10, trial=8, GT MIS=2500, Greedy MIS=2437, |S|=4968, Oracle MIS=2406, Improvement=-31
n=5000, coeff=10, trial=8, GT MIS=2500, Greedy MIS=2437, |S|=4756, Oracle MIS=2500, Improvement=63
n=5000, coeff=10, trial=8, GT MIS=2500, Greedy MIS=2437, |S|=4168, Oracle MIS=2500, Improvement=63
n=5000, coeff=10, trial=8, GT MIS=2500, Greedy MIS=2437, |S|=3340, Oracle MIS=2500, Improvement=63
n=5000, coeff=10, trial=8, GT MIS=2500, Greedy MIS=2437, |S|=2760, Oracle MIS=2500, Improvement=63
n=5000, coeff=10, trial=8, GT MIS=2500, Greedy MIS=2437, |S|=2544, Oracle MIS=2500, Improvement=63
n=5000, coeff=10, trial=9, GT MIS=2500, Greedy MIS=2435, |S|=5000, Oracle MIS=2435, Improvement=0
n=5000, coeff=10, trial=9, GT MIS=2500, Greedy MIS=2435, |S|=5000, Oracle MIS=2435, Improvement=0
n=5000, coeff=10, trial=9, GT MIS=2500, Greedy MIS=2435, |S|=5000, Oracle MIS=2435, Improvement=0
n=5000, coeff=10, trial=9, GT MIS=2500, Greedy MIS=2435, |S|=4999, Oracle MIS=2434, Improvement=-1
n=5000, coeff=10, trial=9, GT MIS=2500, Greedy MIS=2435, |S|=4954, Oracle MIS=2347, Improvement=-88
n=5000, coeff=10, trial=9, GT MIS=2500, Greedy MIS=2435, |S|=4735, Oracle MIS=2500, Improvement=65
n=5000, coeff=10, trial=9, GT MIS=2500, Greedy MIS=2435, |S|=4173, Oracle MIS=2500, Improvement=65
n=5000, coeff=10, trial=9, GT MIS=2500, Greedy MIS=2435, |S|=3249, Oracle MIS=2500, Improvement=65
n=5000, coeff=10, trial=9, GT MIS=2500, Greedy MIS=2435, |S|=2708, Oracle MIS=2500, Improvement=65
n=5000, coeff=10, trial=9, GT MIS=2500, Greedy MIS=2435, |S|=2544, Oracle MIS=2500, Improvement=65
Results saved to bipartite_experiment_results_epislons_5000.csv
