Running job on compute-0-01
Requested resources:
  - CPUs: 18
  - GPUs: 
  - Memory: 18000
n=40000, coeff=15.0, trial=0, GT MIS=20000, Greedy MIS=19381, |S|=40000, Oracle MIS=19381, Improvement=0
n=40000, coeff=15.0, trial=0, GT MIS=20000, Greedy MIS=19381, |S|=40000, Oracle MIS=19381, Improvement=0
n=40000, coeff=15.0, trial=0, GT MIS=20000, Greedy MIS=19381, |S|=39999, Oracle MIS=19380, Improvement=-1
n=40000, coeff=15.0, trial=0, GT MIS=20000, Greedy MIS=19381, |S|=39959, Oracle MIS=19341, Improvement=-40
n=40000, coeff=15.0, trial=0, GT MIS=20000, Greedy MIS=19381, |S|=38923, Oracle MIS=20000, Improvement=619
n=40000, coeff=15.0, trial=0, GT MIS=20000, Greedy MIS=19381, |S|=33189, Oracle MIS=20000, Improvement=619
n=40000, coeff=15.0, trial=0, GT MIS=20000, Greedy MIS=19381, |S|=24592, Oracle MIS=20000, Improvement=619
n=40000, coeff=15.0, trial=0, GT MIS=20000, Greedy MIS=19381, |S|=20674, Oracle MIS=20000, Improvement=619
n=40000, coeff=15.0, trial=0, GT MIS=20000, Greedy MIS=19381, |S|=20043, Oracle MIS=20000, Improvement=619
n=40000, coeff=15.0, trial=0, GT MIS=20000, Greedy MIS=19381, |S|=20000, Oracle MIS=20000, Improvement=619
n=40000, coeff=15.0, trial=1, GT MIS=20000, Greedy MIS=19661, |S|=40000, Oracle MIS=19661, Improvement=0
n=40000, coeff=15.0, trial=1, GT MIS=20000, Greedy MIS=19661, |S|=40000, Oracle MIS=19661, Improvement=0
n=40000, coeff=15.0, trial=1, GT MIS=20000, Greedy MIS=19661, |S|=39997, Oracle MIS=19658, Improvement=-3
n=40000, coeff=15.0, trial=1, GT MIS=20000, Greedy MIS=19661, |S|=39929, Oracle MIS=19377, Improvement=-284
n=40000, coeff=15.0, trial=1, GT MIS=20000, Greedy MIS=19661, |S|=38531, Oracle MIS=19956, Improvement=295
n=40000, coeff=15.0, trial=1, GT MIS=20000, Greedy MIS=19661, |S|=32530, Oracle MIS=20000, Improvement=339
n=40000, coeff=15.0, trial=1, GT MIS=20000, Greedy MIS=19661, |S|=24272, Oracle MIS=20000, Improvement=339
n=40000, coeff=15.0, trial=1, GT MIS=20000, Greedy MIS=19661, |S|=20584, Oracle MIS=20000, Improvement=339
n=40000, coeff=15.0, trial=1, GT MIS=20000, Greedy MIS=19661, |S|=20028, Oracle MIS=20000, Improvement=339
n=40000, coeff=15.0, trial=1, GT MIS=20000, Greedy MIS=19661, |S|=19999, Oracle MIS=19999, Improvement=338
n=40000, coeff=15.0, trial=2, GT MIS=20000, Greedy MIS=19712, |S|=40000, Oracle MIS=19712, Improvement=0
n=40000, coeff=15.0, trial=2, GT MIS=20000, Greedy MIS=19712, |S|=40000, Oracle MIS=19712, Improvement=0
n=40000, coeff=15.0, trial=2, GT MIS=20000, Greedy MIS=19712, |S|=40000, Oracle MIS=19712, Improvement=0
n=40000, coeff=15.0, trial=2, GT MIS=20000, Greedy MIS=19712, |S|=39957, Oracle MIS=19712, Improvement=0
n=40000, coeff=15.0, trial=2, GT MIS=20000, Greedy MIS=19712, |S|=38987, Oracle MIS=19954, Improvement=242
n=40000, coeff=15.0, trial=2, GT MIS=20000, Greedy MIS=19712, |S|=33417, Oracle MIS=20000, Improvement=288
n=40000, coeff=15.0, trial=2, GT MIS=20000, Greedy MIS=19712, |S|=24854, Oracle MIS=20000, Improvement=288
n=40000, coeff=15.0, trial=2, GT MIS=20000, Greedy MIS=19712, |S|=20726, Oracle MIS=20000, Improvement=288
n=40000, coeff=15.0, trial=2, GT MIS=20000, Greedy MIS=19712, |S|=20036, Oracle MIS=20000, Improvement=288
n=40000, coeff=15.0, trial=2, GT MIS=20000, Greedy MIS=19712, |S|=20002, Oracle MIS=20000, Improvement=288
n=40000, coeff=15.0, trial=3, GT MIS=20000, Greedy MIS=19241, |S|=40000, Oracle MIS=19241, Improvement=0
n=40000, coeff=15.0, trial=3, GT MIS=20000, Greedy MIS=19241, |S|=40000, Oracle MIS=19241, Improvement=0
n=40000, coeff=15.0, trial=3, GT MIS=20000, Greedy MIS=19241, |S|=39999, Oracle MIS=19241, Improvement=0
n=40000, coeff=15.0, trial=3, GT MIS=20000, Greedy MIS=19241, |S|=39943, Oracle MIS=19241, Improvement=0
n=40000, coeff=15.0, trial=3, GT MIS=20000, Greedy MIS=19241, |S|=38962, Oracle MIS=19955, Improvement=714
n=40000, coeff=15.0, trial=3, GT MIS=20000, Greedy MIS=19241, |S|=33499, Oracle MIS=20000, Improvement=759
n=40000, coeff=15.0, trial=3, GT MIS=20000, Greedy MIS=19241, |S|=24804, Oracle MIS=20000, Improvement=759
n=40000, coeff=15.0, trial=3, GT MIS=20000, Greedy MIS=19241, |S|=20774, Oracle MIS=20000, Improvement=759
n=40000, coeff=15.0, trial=3, GT MIS=20000, Greedy MIS=19241, |S|=20049, Oracle MIS=20000, Improvement=759
n=40000, coeff=15.0, trial=3, GT MIS=20000, Greedy MIS=19241, |S|=20000, Oracle MIS=20000, Improvement=759
n=40000, coeff=15.0, trial=4, GT MIS=20000, Greedy MIS=19705, |S|=40000, Oracle MIS=19705, Improvement=0
n=40000, coeff=15.0, trial=4, GT MIS=20000, Greedy MIS=19705, |S|=40000, Oracle MIS=19705, Improvement=0
n=40000, coeff=15.0, trial=4, GT MIS=20000, Greedy MIS=19705, |S|=40000, Oracle MIS=19705, Improvement=0
n=40000, coeff=15.0, trial=4, GT MIS=20000, Greedy MIS=19705, |S|=39966, Oracle MIS=19705, Improvement=0
n=40000, coeff=15.0, trial=4, GT MIS=20000, Greedy MIS=19705, |S|=39121, Oracle MIS=19953, Improvement=248
n=40000, coeff=15.0, trial=4, GT MIS=20000, Greedy MIS=19705, |S|=33725, Oracle MIS=20000, Improvement=295
n=40000, coeff=15.0, trial=4, GT MIS=20000, Greedy MIS=19705, |S|=25090, Oracle MIS=20000, Improvement=295
n=40000, coeff=15.0, trial=4, GT MIS=20000, Greedy MIS=19705, |S|=20723, Oracle MIS=20000, Improvement=295
n=40000, coeff=15.0, trial=4, GT MIS=20000, Greedy MIS=19705, |S|=20035, Oracle MIS=20000, Improvement=295
n=40000, coeff=15.0, trial=4, GT MIS=20000, Greedy MIS=19705, |S|=20001, Oracle MIS=20000, Improvement=295
n=40000, coeff=15.0, trial=5, GT MIS=20000, Greedy MIS=19759, |S|=40000, Oracle MIS=19759, Improvement=0
n=40000, coeff=15.0, trial=5, GT MIS=20000, Greedy MIS=19759, |S|=40000, Oracle MIS=19759, Improvement=0
n=40000, coeff=15.0, trial=5, GT MIS=20000, Greedy MIS=19759, |S|=40000, Oracle MIS=19759, Improvement=0
n=40000, coeff=15.0, trial=5, GT MIS=20000, Greedy MIS=19759, |S|=39977, Oracle MIS=19759, Improvement=0
n=40000, coeff=15.0, trial=5, GT MIS=20000, Greedy MIS=19759, |S|=39351, Oracle MIS=19857, Improvement=98
n=40000, coeff=15.0, trial=5, GT MIS=20000, Greedy MIS=19759, |S|=34890, Oracle MIS=20000, Improvement=241
n=40000, coeff=15.0, trial=5, GT MIS=20000, Greedy MIS=19759, |S|=26060, Oracle MIS=20000, Improvement=241
n=40000, coeff=15.0, trial=5, GT MIS=20000, Greedy MIS=19759, |S|=21084, Oracle MIS=20000, Improvement=241
n=40000, coeff=15.0, trial=5, GT MIS=20000, Greedy MIS=19759, |S|=20084, Oracle MIS=20000, Improvement=241
n=40000, coeff=15.0, trial=5, GT MIS=20000, Greedy MIS=19759, |S|=20002, Oracle MIS=20000, Improvement=241
n=40000, coeff=15.0, trial=6, GT MIS=20000, Greedy MIS=19666, |S|=40000, Oracle MIS=19666, Improvement=0
n=40000, coeff=15.0, trial=6, GT MIS=20000, Greedy MIS=19666, |S|=40000, Oracle MIS=19666, Improvement=0
n=40000, coeff=15.0, trial=6, GT MIS=20000, Greedy MIS=19666, |S|=39999, Oracle MIS=19665, Improvement=-1
n=40000, coeff=15.0, trial=6, GT MIS=20000, Greedy MIS=19666, |S|=39964, Oracle MIS=19631, Improvement=-35
n=40000, coeff=15.0, trial=6, GT MIS=20000, Greedy MIS=19666, |S|=39027, Oracle MIS=19908, Improvement=242
n=40000, coeff=15.0, trial=6, GT MIS=20000, Greedy MIS=19666, |S|=34013, Oracle MIS=20000, Improvement=334
n=40000, coeff=15.0, trial=6, GT MIS=20000, Greedy MIS=19666, |S|=25324, Oracle MIS=20000, Improvement=334
n=40000, coeff=15.0, trial=6, GT MIS=20000, Greedy MIS=19666, |S|=20793, Oracle MIS=20000, Improvement=334
n=40000, coeff=15.0, trial=6, GT MIS=20000, Greedy MIS=19666, |S|=20061, Oracle MIS=20000, Improvement=334
n=40000, coeff=15.0, trial=6, GT MIS=20000, Greedy MIS=19666, |S|=20004, Oracle MIS=20000, Improvement=334
n=40000, coeff=15.0, trial=7, GT MIS=20000, Greedy MIS=19863, |S|=40000, Oracle MIS=19863, Improvement=0
n=40000, coeff=15.0, trial=7, GT MIS=20000, Greedy MIS=19863, |S|=40000, Oracle MIS=19863, Improvement=0
n=40000, coeff=15.0, trial=7, GT MIS=20000, Greedy MIS=19863, |S|=39998, Oracle MIS=19861, Improvement=-2
n=40000, coeff=15.0, trial=7, GT MIS=20000, Greedy MIS=19863, |S|=39945, Oracle MIS=19760, Improvement=-103
n=40000, coeff=15.0, trial=7, GT MIS=20000, Greedy MIS=19863, |S|=38849, Oracle MIS=19911, Improvement=48
n=40000, coeff=15.0, trial=7, GT MIS=20000, Greedy MIS=19863, |S|=33176, Oracle MIS=20000, Improvement=137
n=40000, coeff=15.0, trial=7, GT MIS=20000, Greedy MIS=19863, |S|=24584, Oracle MIS=20000, Improvement=137
n=40000, coeff=15.0, trial=7, GT MIS=20000, Greedy MIS=19863, |S|=20685, Oracle MIS=20000, Improvement=137
n=40000, coeff=15.0, trial=7, GT MIS=20000, Greedy MIS=19863, |S|=20044, Oracle MIS=20000, Improvement=137
n=40000, coeff=15.0, trial=7, GT MIS=20000, Greedy MIS=19863, |S|=20001, Oracle MIS=20000, Improvement=137
n=40000, coeff=15.0, trial=8, GT MIS=20000, Greedy MIS=19868, |S|=40000, Oracle MIS=19868, Improvement=0
n=40000, coeff=15.0, trial=8, GT MIS=20000, Greedy MIS=19868, |S|=40000, Oracle MIS=19868, Improvement=0
n=40000, coeff=15.0, trial=8, GT MIS=20000, Greedy MIS=19868, |S|=39998, Oracle MIS=19866, Improvement=-2
n=40000, coeff=15.0, trial=8, GT MIS=20000, Greedy MIS=19868, |S|=39951, Oracle MIS=19579, Improvement=-289
n=40000, coeff=15.0, trial=8, GT MIS=20000, Greedy MIS=19868, |S|=38901, Oracle MIS=19955, Improvement=87
n=40000, coeff=15.0, trial=8, GT MIS=20000, Greedy MIS=19868, |S|=33329, Oracle MIS=20000, Improvement=132
n=40000, coeff=15.0, trial=8, GT MIS=20000, Greedy MIS=19868, |S|=24835, Oracle MIS=20000, Improvement=132
n=40000, coeff=15.0, trial=8, GT MIS=20000, Greedy MIS=19868, |S|=20791, Oracle MIS=20000, Improvement=132
n=40000, coeff=15.0, trial=8, GT MIS=20000, Greedy MIS=19868, |S|=20041, Oracle MIS=20000, Improvement=132
n=40000, coeff=15.0, trial=8, GT MIS=20000, Greedy MIS=19868, |S|=20003, Oracle MIS=20000, Improvement=132
n=40000, coeff=15.0, trial=9, GT MIS=20000, Greedy MIS=19864, |S|=40000, Oracle MIS=19864, Improvement=0
n=40000, coeff=15.0, trial=9, GT MIS=20000, Greedy MIS=19864, |S|=40000, Oracle MIS=19864, Improvement=0
n=40000, coeff=15.0, trial=9, GT MIS=20000, Greedy MIS=19864, |S|=40000, Oracle MIS=19864, Improvement=0
n=40000, coeff=15.0, trial=9, GT MIS=20000, Greedy MIS=19864, |S|=39969, Oracle MIS=19833, Improvement=-31
n=40000, coeff=15.0, trial=9, GT MIS=20000, Greedy MIS=19864, |S|=39080, Oracle MIS=19768, Improvement=-96
n=40000, coeff=15.0, trial=9, GT MIS=20000, Greedy MIS=19864, |S|=33700, Oracle MIS=20000, Improvement=136
n=40000, coeff=15.0, trial=9, GT MIS=20000, Greedy MIS=19864, |S|=24898, Oracle MIS=20000, Improvement=136
n=40000, coeff=15.0, trial=9, GT MIS=20000, Greedy MIS=19864, |S|=20729, Oracle MIS=20000, Improvement=136
n=40000, coeff=15.0, trial=9, GT MIS=20000, Greedy MIS=19864, |S|=20041, Oracle MIS=20000, Improvement=136
n=40000, coeff=15.0, trial=9, GT MIS=20000, Greedy MIS=19864, |S|=20002, Oracle MIS=20000, Improvement=136
Results saved to bipartite_experiment_results_epislons_40000.csv
