Running job on compute-2-02
Requested resources:
  - CPUs: 18
  - GPUs: 
  - Memory: 18000
n=75000, coeff=14.0, trial=0, GT MIS=37500, Greedy MIS=36540, |S|=75000, Oracle MIS=36540, Improvement=0
n=75000, coeff=14.0, trial=0, GT MIS=37500, Greedy MIS=36540, |S|=75000, Oracle MIS=36540, Improvement=0
n=75000, coeff=14.0, trial=0, GT MIS=37500, Greedy MIS=36540, |S|=75000, Oracle MIS=36540, Improvement=0
n=75000, coeff=14.0, trial=0, GT MIS=37500, Greedy MIS=36540, |S|=74915, Oracle MIS=36459, Improvement=-81
n=75000, coeff=14.0, trial=0, GT MIS=37500, Greedy MIS=36540, |S|=72977, Oracle MIS=37455, Improvement=915
n=75000, coeff=14.0, trial=0, GT MIS=37500, Greedy MIS=36540, |S|=62470, Oracle MIS=37500, Improvement=960
n=75000, coeff=14.0, trial=0, GT MIS=37500, Greedy MIS=36540, |S|=46698, Oracle MIS=37500, Improvement=960
n=75000, coeff=14.0, trial=0, GT MIS=37500, Greedy MIS=36540, |S|=38805, Oracle MIS=37500, Improvement=960
n=75000, coeff=14.0, trial=0, GT MIS=37500, Greedy MIS=36540, |S|=37576, Oracle MIS=37500, Improvement=960
n=75000, coeff=14.0, trial=0, GT MIS=37500, Greedy MIS=36540, |S|=37502, Oracle MIS=37500, Improvement=960
n=75000, coeff=14.0, trial=1, GT MIS=37500, Greedy MIS=36750, |S|=75000, Oracle MIS=36750, Improvement=0
n=75000, coeff=14.0, trial=1, GT MIS=37500, Greedy MIS=36750, |S|=75000, Oracle MIS=36750, Improvement=0
n=75000, coeff=14.0, trial=1, GT MIS=37500, Greedy MIS=36750, |S|=75000, Oracle MIS=36750, Improvement=0
n=75000, coeff=14.0, trial=1, GT MIS=37500, Greedy MIS=36750, |S|=74913, Oracle MIS=36750, Improvement=0
n=75000, coeff=14.0, trial=1, GT MIS=37500, Greedy MIS=36750, |S|=73171, Oracle MIS=37234, Improvement=484
n=75000, coeff=14.0, trial=1, GT MIS=37500, Greedy MIS=36750, |S|=63098, Oracle MIS=37500, Improvement=750
n=75000, coeff=14.0, trial=1, GT MIS=37500, Greedy MIS=36750, |S|=47317, Oracle MIS=37500, Improvement=750
n=75000, coeff=14.0, trial=1, GT MIS=37500, Greedy MIS=36750, |S|=38989, Oracle MIS=37500, Improvement=750
n=75000, coeff=14.0, trial=1, GT MIS=37500, Greedy MIS=36750, |S|=37578, Oracle MIS=37500, Improvement=750
n=75000, coeff=14.0, trial=1, GT MIS=37500, Greedy MIS=36750, |S|=37499, Oracle MIS=37499, Improvement=749
n=75000, coeff=14.0, trial=2, GT MIS=37500, Greedy MIS=37228, |S|=75000, Oracle MIS=37228, Improvement=0
n=75000, coeff=14.0, trial=2, GT MIS=37500, Greedy MIS=37228, |S|=75000, Oracle MIS=37228, Improvement=0
n=75000, coeff=14.0, trial=2, GT MIS=37500, Greedy MIS=37228, |S|=75000, Oracle MIS=37228, Improvement=0
n=75000, coeff=14.0, trial=2, GT MIS=37500, Greedy MIS=37228, |S|=74907, Oracle MIS=37135, Improvement=-93
n=75000, coeff=14.0, trial=2, GT MIS=37500, Greedy MIS=37228, |S|=73119, Oracle MIS=37371, Improvement=143
n=75000, coeff=14.0, trial=2, GT MIS=37500, Greedy MIS=37228, |S|=62946, Oracle MIS=37500, Improvement=272
n=75000, coeff=14.0, trial=2, GT MIS=37500, Greedy MIS=37228, |S|=47186, Oracle MIS=37500, Improvement=272
n=75000, coeff=14.0, trial=2, GT MIS=37500, Greedy MIS=37228, |S|=39034, Oracle MIS=37500, Improvement=272
n=75000, coeff=14.0, trial=2, GT MIS=37500, Greedy MIS=37228, |S|=37596, Oracle MIS=37500, Improvement=272
n=75000, coeff=14.0, trial=2, GT MIS=37500, Greedy MIS=37228, |S|=37504, Oracle MIS=37500, Improvement=272
n=75000, coeff=14.0, trial=3, GT MIS=37500, Greedy MIS=37127, |S|=75000, Oracle MIS=37127, Improvement=0
n=75000, coeff=14.0, trial=3, GT MIS=37500, Greedy MIS=37127, |S|=75000, Oracle MIS=37127, Improvement=0
n=75000, coeff=14.0, trial=3, GT MIS=37500, Greedy MIS=37127, |S|=74999, Oracle MIS=37126, Improvement=-1
n=75000, coeff=14.0, trial=3, GT MIS=37500, Greedy MIS=37127, |S|=74935, Oracle MIS=37062, Improvement=-65
n=75000, coeff=14.0, trial=3, GT MIS=37500, Greedy MIS=37127, |S|=73206, Oracle MIS=37319, Improvement=192
n=75000, coeff=14.0, trial=3, GT MIS=37500, Greedy MIS=37127, |S|=63263, Oracle MIS=37500, Improvement=373
n=75000, coeff=14.0, trial=3, GT MIS=37500, Greedy MIS=37127, |S|=47353, Oracle MIS=37500, Improvement=373
n=75000, coeff=14.0, trial=3, GT MIS=37500, Greedy MIS=37127, |S|=39002, Oracle MIS=37500, Improvement=373
n=75000, coeff=14.0, trial=3, GT MIS=37500, Greedy MIS=37127, |S|=37585, Oracle MIS=37500, Improvement=373
n=75000, coeff=14.0, trial=3, GT MIS=37500, Greedy MIS=37127, |S|=37500, Oracle MIS=37500, Improvement=373
n=75000, coeff=14.0, trial=4, GT MIS=37500, Greedy MIS=37215, |S|=75000, Oracle MIS=37215, Improvement=0
n=75000, coeff=14.0, trial=4, GT MIS=37500, Greedy MIS=37215, |S|=75000, Oracle MIS=37215, Improvement=0
n=75000, coeff=14.0, trial=4, GT MIS=37500, Greedy MIS=37215, |S|=75000, Oracle MIS=37215, Improvement=0
n=75000, coeff=14.0, trial=4, GT MIS=37500, Greedy MIS=37215, |S|=74933, Oracle MIS=37148, Improvement=-67
n=75000, coeff=14.0, trial=4, GT MIS=37500, Greedy MIS=37215, |S|=73257, Oracle MIS=37229, Improvement=14
n=75000, coeff=14.0, trial=4, GT MIS=37500, Greedy MIS=37215, |S|=62980, Oracle MIS=37500, Improvement=285
n=75000, coeff=14.0, trial=4, GT MIS=37500, Greedy MIS=37215, |S|=46929, Oracle MIS=37500, Improvement=285
n=75000, coeff=14.0, trial=4, GT MIS=37500, Greedy MIS=37215, |S|=38951, Oracle MIS=37500, Improvement=285
n=75000, coeff=14.0, trial=4, GT MIS=37500, Greedy MIS=37215, |S|=37594, Oracle MIS=37500, Improvement=285
n=75000, coeff=14.0, trial=4, GT MIS=37500, Greedy MIS=37215, |S|=37505, Oracle MIS=37499, Improvement=284
n=75000, coeff=14.0, trial=5, GT MIS=37500, Greedy MIS=36485, |S|=75000, Oracle MIS=36485, Improvement=0
n=75000, coeff=14.0, trial=5, GT MIS=37500, Greedy MIS=36485, |S|=75000, Oracle MIS=36485, Improvement=0
n=75000, coeff=14.0, trial=5, GT MIS=37500, Greedy MIS=36485, |S|=75000, Oracle MIS=36485, Improvement=0
n=75000, coeff=14.0, trial=5, GT MIS=37500, Greedy MIS=36485, |S|=74938, Oracle MIS=36485, Improvement=0
n=75000, coeff=14.0, trial=5, GT MIS=37500, Greedy MIS=36485, |S|=73343, Oracle MIS=37500, Improvement=1015
n=75000, coeff=14.0, trial=5, GT MIS=37500, Greedy MIS=36485, |S|=63257, Oracle MIS=37500, Improvement=1015
n=75000, coeff=14.0, trial=5, GT MIS=37500, Greedy MIS=36485, |S|=47159, Oracle MIS=37500, Improvement=1015
n=75000, coeff=14.0, trial=5, GT MIS=37500, Greedy MIS=36485, |S|=39056, Oracle MIS=37500, Improvement=1015
n=75000, coeff=14.0, trial=5, GT MIS=37500, Greedy MIS=36485, |S|=37599, Oracle MIS=37500, Improvement=1015
n=75000, coeff=14.0, trial=5, GT MIS=37500, Greedy MIS=36485, |S|=37502, Oracle MIS=37500, Improvement=1015
n=75000, coeff=14.0, trial=6, GT MIS=37500, Greedy MIS=36936, |S|=75000, Oracle MIS=36936, Improvement=0
n=75000, coeff=14.0, trial=6, GT MIS=37500, Greedy MIS=36936, |S|=75000, Oracle MIS=36936, Improvement=0
n=75000, coeff=14.0, trial=6, GT MIS=37500, Greedy MIS=36936, |S|=74999, Oracle MIS=36935, Improvement=-1
n=75000, coeff=14.0, trial=6, GT MIS=37500, Greedy MIS=36936, |S|=74900, Oracle MIS=36789, Improvement=-147
n=75000, coeff=14.0, trial=6, GT MIS=37500, Greedy MIS=36936, |S|=72932, Oracle MIS=37368, Improvement=432
n=75000, coeff=14.0, trial=6, GT MIS=37500, Greedy MIS=36936, |S|=62032, Oracle MIS=37500, Improvement=564
n=75000, coeff=14.0, trial=6, GT MIS=37500, Greedy MIS=36936, |S|=46086, Oracle MIS=37500, Improvement=564
n=75000, coeff=14.0, trial=6, GT MIS=37500, Greedy MIS=36936, |S|=38799, Oracle MIS=37500, Improvement=564
n=75000, coeff=14.0, trial=6, GT MIS=37500, Greedy MIS=36936, |S|=37589, Oracle MIS=37500, Improvement=564
n=75000, coeff=14.0, trial=6, GT MIS=37500, Greedy MIS=36936, |S|=37504, Oracle MIS=37500, Improvement=564
n=75000, coeff=14.0, trial=7, GT MIS=37500, Greedy MIS=37314, |S|=75000, Oracle MIS=37314, Improvement=0
n=75000, coeff=14.0, trial=7, GT MIS=37500, Greedy MIS=37314, |S|=75000, Oracle MIS=37314, Improvement=0
n=75000, coeff=14.0, trial=7, GT MIS=37500, Greedy MIS=37314, |S|=74999, Oracle MIS=37313, Improvement=-1
n=75000, coeff=14.0, trial=7, GT MIS=37500, Greedy MIS=37314, |S|=74915, Oracle MIS=37181, Improvement=-133
n=75000, coeff=14.0, trial=7, GT MIS=37500, Greedy MIS=37314, |S|=73218, Oracle MIS=37319, Improvement=5
n=75000, coeff=14.0, trial=7, GT MIS=37500, Greedy MIS=37314, |S|=63039, Oracle MIS=37500, Improvement=186
n=75000, coeff=14.0, trial=7, GT MIS=37500, Greedy MIS=37314, |S|=47112, Oracle MIS=37500, Improvement=186
n=75000, coeff=14.0, trial=7, GT MIS=37500, Greedy MIS=37314, |S|=39030, Oracle MIS=37500, Improvement=186
n=75000, coeff=14.0, trial=7, GT MIS=37500, Greedy MIS=37314, |S|=37598, Oracle MIS=37500, Improvement=186
n=75000, coeff=14.0, trial=7, GT MIS=37500, Greedy MIS=37314, |S|=37504, Oracle MIS=37500, Improvement=186
n=75000, coeff=14.0, trial=8, GT MIS=37500, Greedy MIS=36436, |S|=75000, Oracle MIS=36436, Improvement=0
n=75000, coeff=14.0, trial=8, GT MIS=37500, Greedy MIS=36436, |S|=75000, Oracle MIS=36436, Improvement=0
n=75000, coeff=14.0, trial=8, GT MIS=37500, Greedy MIS=36436, |S|=74999, Oracle MIS=36435, Improvement=-1
n=75000, coeff=14.0, trial=8, GT MIS=37500, Greedy MIS=36436, |S|=74940, Oracle MIS=36086, Improvement=-350
n=75000, coeff=14.0, trial=8, GT MIS=37500, Greedy MIS=36436, |S|=73214, Oracle MIS=37323, Improvement=887
n=75000, coeff=14.0, trial=8, GT MIS=37500, Greedy MIS=36436, |S|=63361, Oracle MIS=37500, Improvement=1064
n=75000, coeff=14.0, trial=8, GT MIS=37500, Greedy MIS=36436, |S|=47391, Oracle MIS=37500, Improvement=1064
n=75000, coeff=14.0, trial=8, GT MIS=37500, Greedy MIS=36436, |S|=38998, Oracle MIS=37500, Improvement=1064
n=75000, coeff=14.0, trial=8, GT MIS=37500, Greedy MIS=36436, |S|=37587, Oracle MIS=37500, Improvement=1064
n=75000, coeff=14.0, trial=8, GT MIS=37500, Greedy MIS=36436, |S|=37504, Oracle MIS=37500, Improvement=1064
n=75000, coeff=14.0, trial=9, GT MIS=37500, Greedy MIS=37040, |S|=75000, Oracle MIS=37040, Improvement=0
n=75000, coeff=14.0, trial=9, GT MIS=37500, Greedy MIS=37040, |S|=75000, Oracle MIS=37040, Improvement=0
n=75000, coeff=14.0, trial=9, GT MIS=37500, Greedy MIS=37040, |S|=75000, Oracle MIS=37040, Improvement=0
n=75000, coeff=14.0, trial=9, GT MIS=37500, Greedy MIS=37040, |S|=74938, Oracle MIS=36931, Improvement=-109
n=75000, coeff=14.0, trial=9, GT MIS=37500, Greedy MIS=37040, |S|=73358, Oracle MIS=37408, Improvement=368
n=75000, coeff=14.0, trial=9, GT MIS=37500, Greedy MIS=37040, |S|=63727, Oracle MIS=37500, Improvement=460
n=75000, coeff=14.0, trial=9, GT MIS=37500, Greedy MIS=37040, |S|=47768, Oracle MIS=37500, Improvement=460
n=75000, coeff=14.0, trial=9, GT MIS=37500, Greedy MIS=37040, |S|=39066, Oracle MIS=37500, Improvement=460
n=75000, coeff=14.0, trial=9, GT MIS=37500, Greedy MIS=37040, |S|=37581, Oracle MIS=37500, Improvement=460
n=75000, coeff=14.0, trial=9, GT MIS=37500, Greedy MIS=37040, |S|=37502, Oracle MIS=37500, Improvement=460
Results saved to bipartite_experiment_results_epislons_75000.csv
