Running job on compute-0-42
Requested resources:
  - CPUs: 18
  - GPUs: 
  - Memory: 18000
n=60000, coeff=14.0, trial=0, GT MIS=30000, Greedy MIS=29142, |S|=60000, Oracle MIS=29142, Improvement=0
n=60000, coeff=14.0, trial=0, GT MIS=30000, Greedy MIS=29142, |S|=60000, Oracle MIS=29142, Improvement=0
n=60000, coeff=14.0, trial=0, GT MIS=30000, Greedy MIS=29142, |S|=60000, Oracle MIS=29142, Improvement=0
n=60000, coeff=14.0, trial=0, GT MIS=30000, Greedy MIS=29142, |S|=59928, Oracle MIS=29142, Improvement=0
n=60000, coeff=14.0, trial=0, GT MIS=30000, Greedy MIS=29142, |S|=58487, Oracle MIS=30000, Improvement=858
n=60000, coeff=14.0, trial=0, GT MIS=30000, Greedy MIS=29142, |S|=50652, Oracle MIS=30000, Improvement=858
n=60000, coeff=14.0, trial=0, GT MIS=30000, Greedy MIS=29142, |S|=38022, Oracle MIS=30000, Improvement=858
n=60000, coeff=14.0, trial=0, GT MIS=30000, Greedy MIS=29142, |S|=31312, Oracle MIS=30000, Improvement=858
n=60000, coeff=14.0, trial=0, GT MIS=30000, Greedy MIS=29142, |S|=30089, Oracle MIS=30000, Improvement=858
n=60000, coeff=14.0, trial=0, GT MIS=30000, Greedy MIS=29142, |S|=30001, Oracle MIS=30000, Improvement=858
n=60000, coeff=14.0, trial=1, GT MIS=30000, Greedy MIS=29200, |S|=60000, Oracle MIS=29200, Improvement=0
n=60000, coeff=14.0, trial=1, GT MIS=30000, Greedy MIS=29200, |S|=60000, Oracle MIS=29200, Improvement=0
n=60000, coeff=14.0, trial=1, GT MIS=30000, Greedy MIS=29200, |S|=60000, Oracle MIS=29200, Improvement=0
n=60000, coeff=14.0, trial=1, GT MIS=30000, Greedy MIS=29200, |S|=59937, Oracle MIS=29200, Improvement=0
n=60000, coeff=14.0, trial=1, GT MIS=30000, Greedy MIS=29200, |S|=58504, Oracle MIS=30000, Improvement=800
n=60000, coeff=14.0, trial=1, GT MIS=30000, Greedy MIS=29200, |S|=50760, Oracle MIS=30000, Improvement=800
n=60000, coeff=14.0, trial=1, GT MIS=30000, Greedy MIS=29200, |S|=38009, Oracle MIS=30000, Improvement=800
n=60000, coeff=14.0, trial=1, GT MIS=30000, Greedy MIS=29200, |S|=31268, Oracle MIS=30000, Improvement=800
n=60000, coeff=14.0, trial=1, GT MIS=30000, Greedy MIS=29200, |S|=30069, Oracle MIS=30000, Improvement=800
n=60000, coeff=14.0, trial=1, GT MIS=30000, Greedy MIS=29200, |S|=30002, Oracle MIS=30000, Improvement=800
n=60000, coeff=14.0, trial=2, GT MIS=30000, Greedy MIS=29039, |S|=60000, Oracle MIS=29039, Improvement=0
n=60000, coeff=14.0, trial=2, GT MIS=30000, Greedy MIS=29039, |S|=60000, Oracle MIS=29039, Improvement=0
n=60000, coeff=14.0, trial=2, GT MIS=30000, Greedy MIS=29039, |S|=59999, Oracle MIS=29038, Improvement=-1
n=60000, coeff=14.0, trial=2, GT MIS=30000, Greedy MIS=29039, |S|=59963, Oracle MIS=29002, Improvement=-37
n=60000, coeff=14.0, trial=2, GT MIS=30000, Greedy MIS=29039, |S|=58577, Oracle MIS=29956, Improvement=917
n=60000, coeff=14.0, trial=2, GT MIS=30000, Greedy MIS=29039, |S|=50713, Oracle MIS=30000, Improvement=961
n=60000, coeff=14.0, trial=2, GT MIS=30000, Greedy MIS=29039, |S|=37895, Oracle MIS=30000, Improvement=961
n=60000, coeff=14.0, trial=2, GT MIS=30000, Greedy MIS=29039, |S|=31364, Oracle MIS=30000, Improvement=961
n=60000, coeff=14.0, trial=2, GT MIS=30000, Greedy MIS=29039, |S|=30084, Oracle MIS=30000, Improvement=961
n=60000, coeff=14.0, trial=2, GT MIS=30000, Greedy MIS=29039, |S|=30004, Oracle MIS=30000, Improvement=961
n=60000, coeff=14.0, trial=3, GT MIS=30000, Greedy MIS=29688, |S|=60000, Oracle MIS=29688, Improvement=0
n=60000, coeff=14.0, trial=3, GT MIS=30000, Greedy MIS=29688, |S|=60000, Oracle MIS=29688, Improvement=0
n=60000, coeff=14.0, trial=3, GT MIS=30000, Greedy MIS=29688, |S|=59999, Oracle MIS=29687, Improvement=-1
n=60000, coeff=14.0, trial=3, GT MIS=30000, Greedy MIS=29688, |S|=59938, Oracle MIS=29581, Improvement=-107
n=60000, coeff=14.0, trial=3, GT MIS=30000, Greedy MIS=29688, |S|=58531, Oracle MIS=29913, Improvement=225
n=60000, coeff=14.0, trial=3, GT MIS=30000, Greedy MIS=29688, |S|=50790, Oracle MIS=30000, Improvement=312
n=60000, coeff=14.0, trial=3, GT MIS=30000, Greedy MIS=29688, |S|=37861, Oracle MIS=30000, Improvement=312
n=60000, coeff=14.0, trial=3, GT MIS=30000, Greedy MIS=29688, |S|=31271, Oracle MIS=30000, Improvement=312
n=60000, coeff=14.0, trial=3, GT MIS=30000, Greedy MIS=29688, |S|=30086, Oracle MIS=30000, Improvement=312
n=60000, coeff=14.0, trial=3, GT MIS=30000, Greedy MIS=29688, |S|=30006, Oracle MIS=30000, Improvement=312
n=60000, coeff=14.0, trial=4, GT MIS=30000, Greedy MIS=29162, |S|=60000, Oracle MIS=29162, Improvement=0
n=60000, coeff=14.0, trial=4, GT MIS=30000, Greedy MIS=29162, |S|=60000, Oracle MIS=29162, Improvement=0
n=60000, coeff=14.0, trial=4, GT MIS=30000, Greedy MIS=29162, |S|=59999, Oracle MIS=29162, Improvement=0
n=60000, coeff=14.0, trial=4, GT MIS=30000, Greedy MIS=29162, |S|=59940, Oracle MIS=28964, Improvement=-198
n=60000, coeff=14.0, trial=4, GT MIS=30000, Greedy MIS=29162, |S|=58609, Oracle MIS=29911, Improvement=749
n=60000, coeff=14.0, trial=4, GT MIS=30000, Greedy MIS=29162, |S|=51069, Oracle MIS=30000, Improvement=838
n=60000, coeff=14.0, trial=4, GT MIS=30000, Greedy MIS=29162, |S|=38104, Oracle MIS=30000, Improvement=838
n=60000, coeff=14.0, trial=4, GT MIS=30000, Greedy MIS=29162, |S|=31341, Oracle MIS=30000, Improvement=838
n=60000, coeff=14.0, trial=4, GT MIS=30000, Greedy MIS=29162, |S|=30086, Oracle MIS=30000, Improvement=838
n=60000, coeff=14.0, trial=4, GT MIS=30000, Greedy MIS=29162, |S|=30004, Oracle MIS=30000, Improvement=838
n=60000, coeff=14.0, trial=5, GT MIS=30000, Greedy MIS=29632, |S|=60000, Oracle MIS=29632, Improvement=0
n=60000, coeff=14.0, trial=5, GT MIS=30000, Greedy MIS=29632, |S|=60000, Oracle MIS=29632, Improvement=0
n=60000, coeff=14.0, trial=5, GT MIS=30000, Greedy MIS=29632, |S|=59999, Oracle MIS=29631, Improvement=-1
n=60000, coeff=14.0, trial=5, GT MIS=30000, Greedy MIS=29632, |S|=59922, Oracle MIS=29555, Improvement=-77
n=60000, coeff=14.0, trial=5, GT MIS=30000, Greedy MIS=29632, |S|=58588, Oracle MIS=29916, Improvement=284
n=60000, coeff=14.0, trial=5, GT MIS=30000, Greedy MIS=29632, |S|=50735, Oracle MIS=30000, Improvement=368
n=60000, coeff=14.0, trial=5, GT MIS=30000, Greedy MIS=29632, |S|=38317, Oracle MIS=30000, Improvement=368
n=60000, coeff=14.0, trial=5, GT MIS=30000, Greedy MIS=29632, |S|=31354, Oracle MIS=30000, Improvement=368
n=60000, coeff=14.0, trial=5, GT MIS=30000, Greedy MIS=29632, |S|=30095, Oracle MIS=30000, Improvement=368
n=60000, coeff=14.0, trial=5, GT MIS=30000, Greedy MIS=29632, |S|=30003, Oracle MIS=30000, Improvement=368
n=60000, coeff=14.0, trial=6, GT MIS=30000, Greedy MIS=29729, |S|=60000, Oracle MIS=29729, Improvement=0
n=60000, coeff=14.0, trial=6, GT MIS=30000, Greedy MIS=29729, |S|=60000, Oracle MIS=29729, Improvement=0
n=60000, coeff=14.0, trial=6, GT MIS=30000, Greedy MIS=29729, |S|=60000, Oracle MIS=29729, Improvement=0
n=60000, coeff=14.0, trial=6, GT MIS=30000, Greedy MIS=29729, |S|=59939, Oracle MIS=29576, Improvement=-153
n=60000, coeff=14.0, trial=6, GT MIS=30000, Greedy MIS=29729, |S|=58528, Oracle MIS=29915, Improvement=186
n=60000, coeff=14.0, trial=6, GT MIS=30000, Greedy MIS=29729, |S|=50717, Oracle MIS=30000, Improvement=271
n=60000, coeff=14.0, trial=6, GT MIS=30000, Greedy MIS=29729, |S|=37935, Oracle MIS=30000, Improvement=271
n=60000, coeff=14.0, trial=6, GT MIS=30000, Greedy MIS=29729, |S|=31356, Oracle MIS=30000, Improvement=271
n=60000, coeff=14.0, trial=6, GT MIS=30000, Greedy MIS=29729, |S|=30085, Oracle MIS=30000, Improvement=271
n=60000, coeff=14.0, trial=6, GT MIS=30000, Greedy MIS=29729, |S|=30005, Oracle MIS=30000, Improvement=271
n=60000, coeff=14.0, trial=7, GT MIS=30000, Greedy MIS=29503, |S|=60000, Oracle MIS=29503, Improvement=0
n=60000, coeff=14.0, trial=7, GT MIS=30000, Greedy MIS=29503, |S|=60000, Oracle MIS=29503, Improvement=0
n=60000, coeff=14.0, trial=7, GT MIS=30000, Greedy MIS=29503, |S|=59999, Oracle MIS=29502, Improvement=-1
n=60000, coeff=14.0, trial=7, GT MIS=30000, Greedy MIS=29503, |S|=59920, Oracle MIS=29103, Improvement=-400
n=60000, coeff=14.0, trial=7, GT MIS=30000, Greedy MIS=29503, |S|=58462, Oracle MIS=29956, Improvement=453
n=60000, coeff=14.0, trial=7, GT MIS=30000, Greedy MIS=29503, |S|=50523, Oracle MIS=30000, Improvement=497
n=60000, coeff=14.0, trial=7, GT MIS=30000, Greedy MIS=29503, |S|=37551, Oracle MIS=30000, Improvement=497
n=60000, coeff=14.0, trial=7, GT MIS=30000, Greedy MIS=29503, |S|=31215, Oracle MIS=30000, Improvement=497
n=60000, coeff=14.0, trial=7, GT MIS=30000, Greedy MIS=29503, |S|=30086, Oracle MIS=30000, Improvement=497
n=60000, coeff=14.0, trial=7, GT MIS=30000, Greedy MIS=29503, |S|=30002, Oracle MIS=29999, Improvement=496
n=60000, coeff=14.0, trial=8, GT MIS=30000, Greedy MIS=29865, |S|=60000, Oracle MIS=29865, Improvement=0
n=60000, coeff=14.0, trial=8, GT MIS=30000, Greedy MIS=29865, |S|=60000, Oracle MIS=29865, Improvement=0
n=60000, coeff=14.0, trial=8, GT MIS=30000, Greedy MIS=29865, |S|=59999, Oracle MIS=29864, Improvement=-1
n=60000, coeff=14.0, trial=8, GT MIS=30000, Greedy MIS=29865, |S|=59932, Oracle MIS=29797, Improvement=-68
n=60000, coeff=14.0, trial=8, GT MIS=30000, Greedy MIS=29865, |S|=58605, Oracle MIS=29830, Improvement=-35
n=60000, coeff=14.0, trial=8, GT MIS=30000, Greedy MIS=29865, |S|=51177, Oracle MIS=30000, Improvement=135
n=60000, coeff=14.0, trial=8, GT MIS=30000, Greedy MIS=29865, |S|=38244, Oracle MIS=30000, Improvement=135
n=60000, coeff=14.0, trial=8, GT MIS=30000, Greedy MIS=29865, |S|=31367, Oracle MIS=30000, Improvement=135
n=60000, coeff=14.0, trial=8, GT MIS=30000, Greedy MIS=29865, |S|=30086, Oracle MIS=30000, Improvement=135
n=60000, coeff=14.0, trial=8, GT MIS=30000, Greedy MIS=29865, |S|=30004, Oracle MIS=30000, Improvement=135
n=60000, coeff=14.0, trial=9, GT MIS=30000, Greedy MIS=29585, |S|=60000, Oracle MIS=29585, Improvement=0
n=60000, coeff=14.0, trial=9, GT MIS=30000, Greedy MIS=29585, |S|=60000, Oracle MIS=29585, Improvement=0
n=60000, coeff=14.0, trial=9, GT MIS=30000, Greedy MIS=29585, |S|=59999, Oracle MIS=29585, Improvement=0
n=60000, coeff=14.0, trial=9, GT MIS=30000, Greedy MIS=29585, |S|=59964, Oracle MIS=29585, Improvement=0
n=60000, coeff=14.0, trial=9, GT MIS=30000, Greedy MIS=29585, |S|=58832, Oracle MIS=30000, Improvement=415
n=60000, coeff=14.0, trial=9, GT MIS=30000, Greedy MIS=29585, |S|=51519, Oracle MIS=30000, Improvement=415
n=60000, coeff=14.0, trial=9, GT MIS=30000, Greedy MIS=29585, |S|=38893, Oracle MIS=30000, Improvement=415
n=60000, coeff=14.0, trial=9, GT MIS=30000, Greedy MIS=29585, |S|=31495, Oracle MIS=30000, Improvement=415
n=60000, coeff=14.0, trial=9, GT MIS=30000, Greedy MIS=29585, |S|=30118, Oracle MIS=30000, Improvement=415
n=60000, coeff=14.0, trial=9, GT MIS=30000, Greedy MIS=29585, |S|=30002, Oracle MIS=30000, Improvement=415
Results saved to bipartite_experiment_results_epislons_60000.csv
