Running job on gpu-4-11
Requested resources:
  - CPUs: 12
  - GPUs: 
  - Memory: 18000
Skipping n=90000, coeff=11.0, trial=0, epsilon=0.025 as entry already exists.
Skipping n=90000, coeff=11.0, trial=0, epsilon=0.05 as entry already exists.
Skipping n=90000, coeff=11.0, trial=0, epsilon=0.075 as entry already exists.
Skipping n=90000, coeff=11.0, trial=0, epsilon=0.1 as entry already exists.
Skipping n=90000, coeff=11.0, trial=0, epsilon=0.125 as entry already exists.
Skipping n=90000, coeff=11.0, trial=0, epsilon=0.15 as entry already exists.
Skipping n=90000, coeff=11.0, trial=0, epsilon=0.175 as entry already exists.
Skipping n=90000, coeff=11.0, trial=0, epsilon=0.2 as entry already exists.
Skipping n=90000, coeff=11.0, trial=0, epsilon=0.225 as entry already exists.
Skipping n=90000, coeff=11.0, trial=0, epsilon=0.25 as entry already exists.
Skipping n=90000, coeff=11.0, trial=1, epsilon=0.025 as entry already exists.
Skipping n=90000, coeff=11.0, trial=1, epsilon=0.05 as entry already exists.
Skipping n=90000, coeff=11.0, trial=1, epsilon=0.075 as entry already exists.
Skipping n=90000, coeff=11.0, trial=1, epsilon=0.1 as entry already exists.
Skipping n=90000, coeff=11.0, trial=1, epsilon=0.125 as entry already exists.
Skipping n=90000, coeff=11.0, trial=1, epsilon=0.15 as entry already exists.
Skipping n=90000, coeff=11.0, trial=1, epsilon=0.175 as entry already exists.
Skipping n=90000, coeff=11.0, trial=1, epsilon=0.2 as entry already exists.
Skipping n=90000, coeff=11.0, trial=1, epsilon=0.225 as entry already exists.
Skipping n=90000, coeff=11.0, trial=1, epsilon=0.25 as entry already exists.
Skipping n=90000, coeff=11.0, trial=2, epsilon=0.025 as entry already exists.
Skipping n=90000, coeff=11.0, trial=2, epsilon=0.05 as entry already exists.
Skipping n=90000, coeff=11.0, trial=2, epsilon=0.075 as entry already exists.
Skipping n=90000, coeff=11.0, trial=2, epsilon=0.1 as entry already exists.
Skipping n=90000, coeff=11.0, trial=2, epsilon=0.125 as entry already exists.
Skipping n=90000, coeff=11.0, trial=2, epsilon=0.15 as entry already exists.
Skipping n=90000, coeff=11.0, trial=2, epsilon=0.175 as entry already exists.
Skipping n=90000, coeff=11.0, trial=2, epsilon=0.2 as entry already exists.
Skipping n=90000, coeff=11.0, trial=2, epsilon=0.225 as entry already exists.
Skipping n=90000, coeff=11.0, trial=2, epsilon=0.25 as entry already exists.
Skipping n=90000, coeff=11.0, trial=3, epsilon=0.025 as entry already exists.
Skipping n=90000, coeff=11.0, trial=3, epsilon=0.05 as entry already exists.
Skipping n=90000, coeff=11.0, trial=3, epsilon=0.075 as entry already exists.
Skipping n=90000, coeff=11.0, trial=3, epsilon=0.1 as entry already exists.
Skipping n=90000, coeff=11.0, trial=3, epsilon=0.125 as entry already exists.
Skipping n=90000, coeff=11.0, trial=3, epsilon=0.15 as entry already exists.
Skipping n=90000, coeff=11.0, trial=3, epsilon=0.175 as entry already exists.
Skipping n=90000, coeff=11.0, trial=3, epsilon=0.2 as entry already exists.
Skipping n=90000, coeff=11.0, trial=3, epsilon=0.225 as entry already exists.
Skipping n=90000, coeff=11.0, trial=3, epsilon=0.25 as entry already exists.
Skipping n=90000, coeff=11.0, trial=4, epsilon=0.025 as entry already exists.
Skipping n=90000, coeff=11.0, trial=4, epsilon=0.05 as entry already exists.
Skipping n=90000, coeff=11.0, trial=4, epsilon=0.075 as entry already exists.
Skipping n=90000, coeff=11.0, trial=4, epsilon=0.1 as entry already exists.
Skipping n=90000, coeff=11.0, trial=4, epsilon=0.125 as entry already exists.
Skipping n=90000, coeff=11.0, trial=4, epsilon=0.15 as entry already exists.
Skipping n=90000, coeff=11.0, trial=4, epsilon=0.175 as entry already exists.
Skipping n=90000, coeff=11.0, trial=4, epsilon=0.2 as entry already exists.
Skipping n=90000, coeff=11.0, trial=4, epsilon=0.225 as entry already exists.
Skipping n=90000, coeff=11.0, trial=4, epsilon=0.25 as entry already exists.
Skipping n=90000, coeff=11.0, trial=5, epsilon=0.025 as entry already exists.
Skipping n=90000, coeff=11.0, trial=5, epsilon=0.05 as entry already exists.
n=90000, coeff=11.0, trial=5, GT MIS=45000, Greedy MIS=44329, |S|=90000, Oracle MIS=44329, Improvement=0
n=90000, coeff=11.0, trial=5, GT MIS=45000, Greedy MIS=44329, |S|=89949, Oracle MIS=44278, Improvement=-51
n=90000, coeff=11.0, trial=5, GT MIS=45000, Greedy MIS=44329, |S|=88825, Oracle MIS=44549, Improvement=220
n=90000, coeff=11.0, trial=5, GT MIS=45000, Greedy MIS=44329, |S|=81424, Oracle MIS=44973, Improvement=644
n=90000, coeff=11.0, trial=5, GT MIS=45000, Greedy MIS=44329, |S|=64540, Oracle MIS=45000, Improvement=671
n=90000, coeff=11.0, trial=5, GT MIS=45000, Greedy MIS=44329, |S|=50413, Oracle MIS=45000, Improvement=671
n=90000, coeff=11.0, trial=5, GT MIS=45000, Greedy MIS=44329, |S|=45706, Oracle MIS=45000, Improvement=671
n=90000, coeff=11.0, trial=5, GT MIS=45000, Greedy MIS=44329, |S|=45047, Oracle MIS=45000, Improvement=671
n=90000, coeff=11.0, trial=6, GT MIS=45000, Greedy MIS=44686, |S|=90000, Oracle MIS=44686, Improvement=0
n=90000, coeff=11.0, trial=6, GT MIS=45000, Greedy MIS=44686, |S|=90000, Oracle MIS=44686, Improvement=0
n=90000, coeff=11.0, trial=6, GT MIS=45000, Greedy MIS=44686, |S|=90000, Oracle MIS=44686, Improvement=0
n=90000, coeff=11.0, trial=6, GT MIS=45000, Greedy MIS=44686, |S|=89937, Oracle MIS=44623, Improvement=-63
n=90000, coeff=11.0, trial=6, GT MIS=45000, Greedy MIS=44686, |S|=88870, Oracle MIS=44619, Improvement=-67
n=90000, coeff=11.0, trial=6, GT MIS=45000, Greedy MIS=44686, |S|=81538, Oracle MIS=45000, Improvement=314
n=90000, coeff=11.0, trial=6, GT MIS=45000, Greedy MIS=44686, |S|=65227, Oracle MIS=45000, Improvement=314
n=90000, coeff=11.0, trial=6, GT MIS=45000, Greedy MIS=44686, |S|=50421, Oracle MIS=45000, Improvement=314
n=90000, coeff=11.0, trial=6, GT MIS=45000, Greedy MIS=44686, |S|=45727, Oracle MIS=45000, Improvement=314
n=90000, coeff=11.0, trial=6, GT MIS=45000, Greedy MIS=44686, |S|=45042, Oracle MIS=45000, Improvement=314
n=90000, coeff=11.0, trial=7, GT MIS=45000, Greedy MIS=43800, |S|=90000, Oracle MIS=43800, Improvement=0
n=90000, coeff=11.0, trial=7, GT MIS=45000, Greedy MIS=43800, |S|=90000, Oracle MIS=43800, Improvement=0
n=90000, coeff=11.0, trial=7, GT MIS=45000, Greedy MIS=43800, |S|=89999, Oracle MIS=43799, Improvement=-1
n=90000, coeff=11.0, trial=7, GT MIS=45000, Greedy MIS=43800, |S|=89934, Oracle MIS=43736, Improvement=-64
n=90000, coeff=11.0, trial=7, GT MIS=45000, Greedy MIS=43800, |S|=88755, Oracle MIS=44800, Improvement=1000
n=90000, coeff=11.0, trial=7, GT MIS=45000, Greedy MIS=43800, |S|=80705, Oracle MIS=45000, Improvement=1200
n=90000, coeff=11.0, trial=7, GT MIS=45000, Greedy MIS=43800, |S|=63038, Oracle MIS=45000, Improvement=1200
n=90000, coeff=11.0, trial=7, GT MIS=45000, Greedy MIS=43800, |S|=49645, Oracle MIS=45000, Improvement=1200
n=90000, coeff=11.0, trial=7, GT MIS=45000, Greedy MIS=43800, |S|=45596, Oracle MIS=45000, Improvement=1200
n=90000, coeff=11.0, trial=7, GT MIS=45000, Greedy MIS=43800, |S|=45039, Oracle MIS=45000, Improvement=1200
n=90000, coeff=11.0, trial=8, GT MIS=45000, Greedy MIS=44407, |S|=90000, Oracle MIS=44407, Improvement=0
n=90000, coeff=11.0, trial=8, GT MIS=45000, Greedy MIS=44407, |S|=90000, Oracle MIS=44407, Improvement=0
n=90000, coeff=11.0, trial=8, GT MIS=45000, Greedy MIS=44407, |S|=89999, Oracle MIS=44406, Improvement=-1
n=90000, coeff=11.0, trial=8, GT MIS=45000, Greedy MIS=44407, |S|=89938, Oracle MIS=44347, Improvement=-60
n=90000, coeff=11.0, trial=8, GT MIS=45000, Greedy MIS=44407, |S|=88694, Oracle MIS=44727, Improvement=320
n=90000, coeff=11.0, trial=8, GT MIS=45000, Greedy MIS=44407, |S|=80696, Oracle MIS=45000, Improvement=593
n=90000, coeff=11.0, trial=8, GT MIS=45000, Greedy MIS=44407, |S|=63820, Oracle MIS=45000, Improvement=593
n=90000, coeff=11.0, trial=8, GT MIS=45000, Greedy MIS=44407, |S|=50026, Oracle MIS=45000, Improvement=593
n=90000, coeff=11.0, trial=8, GT MIS=45000, Greedy MIS=44407, |S|=45654, Oracle MIS=45000, Improvement=593
n=90000, coeff=11.0, trial=8, GT MIS=45000, Greedy MIS=44407, |S|=45041, Oracle MIS=45000, Improvement=593
n=90000, coeff=11.0, trial=9, GT MIS=45000, Greedy MIS=44253, |S|=90000, Oracle MIS=44253, Improvement=0
n=90000, coeff=11.0, trial=9, GT MIS=45000, Greedy MIS=44253, |S|=90000, Oracle MIS=44253, Improvement=0
n=90000, coeff=11.0, trial=9, GT MIS=45000, Greedy MIS=44253, |S|=90000, Oracle MIS=44253, Improvement=0
n=90000, coeff=11.0, trial=9, GT MIS=45000, Greedy MIS=44253, |S|=89923, Oracle MIS=44143, Improvement=-110
n=90000, coeff=11.0, trial=9, GT MIS=45000, Greedy MIS=44253, |S|=88878, Oracle MIS=44307, Improvement=54
n=90000, coeff=11.0, trial=9, GT MIS=45000, Greedy MIS=44253, |S|=81547, Oracle MIS=45000, Improvement=747
n=90000, coeff=11.0, trial=9, GT MIS=45000, Greedy MIS=44253, |S|=65206, Oracle MIS=45000, Improvement=747
n=90000, coeff=11.0, trial=9, GT MIS=45000, Greedy MIS=44253, |S|=50655, Oracle MIS=45000, Improvement=747
n=90000, coeff=11.0, trial=9, GT MIS=45000, Greedy MIS=44253, |S|=45707, Oracle MIS=45000, Improvement=747
n=90000, coeff=11.0, trial=9, GT MIS=45000, Greedy MIS=44253, |S|=45058, Oracle MIS=45000, Improvement=747
Results saved to bipartite_experiment_results_epislons_90000.csv
