Running job on compute-3-06
Requested resources:
  - CPUs: 18
  - GPUs: 
  - Memory: 18000
n=75000, coeff=13.0, trial=0, GT MIS=37500, Greedy MIS=37115, |S|=75000, Oracle MIS=37115, Improvement=0
n=75000, coeff=13.0, trial=0, GT MIS=37500, Greedy MIS=37115, |S|=75000, Oracle MIS=37115, Improvement=0
n=75000, coeff=13.0, trial=0, GT MIS=37500, Greedy MIS=37115, |S|=74999, Oracle MIS=37114, Improvement=-1
n=75000, coeff=13.0, trial=0, GT MIS=37500, Greedy MIS=37115, |S|=74911, Oracle MIS=37027, Improvement=-88
n=75000, coeff=13.0, trial=0, GT MIS=37500, Greedy MIS=37115, |S|=73329, Oracle MIS=37377, Improvement=262
n=75000, coeff=13.0, trial=0, GT MIS=37500, Greedy MIS=37115, |S|=64200, Oracle MIS=37500, Improvement=385
n=75000, coeff=13.0, trial=0, GT MIS=37500, Greedy MIS=37115, |S|=48705, Oracle MIS=37500, Improvement=385
n=75000, coeff=13.0, trial=0, GT MIS=37500, Greedy MIS=37115, |S|=39515, Oracle MIS=37500, Improvement=385
n=75000, coeff=13.0, trial=0, GT MIS=37500, Greedy MIS=37115, |S|=37646, Oracle MIS=37500, Improvement=385
n=75000, coeff=13.0, trial=0, GT MIS=37500, Greedy MIS=37115, |S|=37504, Oracle MIS=37500, Improvement=385
n=75000, coeff=13.0, trial=1, GT MIS=37500, Greedy MIS=36949, |S|=75000, Oracle MIS=36949, Improvement=0
n=75000, coeff=13.0, trial=1, GT MIS=37500, Greedy MIS=36949, |S|=75000, Oracle MIS=36949, Improvement=0
n=75000, coeff=13.0, trial=1, GT MIS=37500, Greedy MIS=36949, |S|=75000, Oracle MIS=36949, Improvement=0
n=75000, coeff=13.0, trial=1, GT MIS=37500, Greedy MIS=36949, |S|=74924, Oracle MIS=36949, Improvement=0
n=75000, coeff=13.0, trial=1, GT MIS=37500, Greedy MIS=36949, |S|=73484, Oracle MIS=37297, Improvement=348
n=75000, coeff=13.0, trial=1, GT MIS=37500, Greedy MIS=36949, |S|=64780, Oracle MIS=37500, Improvement=551
n=75000, coeff=13.0, trial=1, GT MIS=37500, Greedy MIS=36949, |S|=49436, Oracle MIS=37500, Improvement=551
n=75000, coeff=13.0, trial=1, GT MIS=37500, Greedy MIS=36949, |S|=39727, Oracle MIS=37500, Improvement=551
n=75000, coeff=13.0, trial=1, GT MIS=37500, Greedy MIS=36949, |S|=37672, Oracle MIS=37500, Improvement=551
n=75000, coeff=13.0, trial=1, GT MIS=37500, Greedy MIS=36949, |S|=37507, Oracle MIS=37499, Improvement=550
n=75000, coeff=13.0, trial=2, GT MIS=37500, Greedy MIS=37004, |S|=75000, Oracle MIS=37004, Improvement=0
n=75000, coeff=13.0, trial=2, GT MIS=37500, Greedy MIS=37004, |S|=75000, Oracle MIS=37004, Improvement=0
n=75000, coeff=13.0, trial=2, GT MIS=37500, Greedy MIS=37004, |S|=75000, Oracle MIS=37004, Improvement=0
n=75000, coeff=13.0, trial=2, GT MIS=37500, Greedy MIS=37004, |S|=74926, Oracle MIS=36931, Improvement=-73
n=75000, coeff=13.0, trial=2, GT MIS=37500, Greedy MIS=37004, |S|=73463, Oracle MIS=37303, Improvement=299
n=75000, coeff=13.0, trial=2, GT MIS=37500, Greedy MIS=37004, |S|=64616, Oracle MIS=37500, Improvement=496
n=75000, coeff=13.0, trial=2, GT MIS=37500, Greedy MIS=37004, |S|=49187, Oracle MIS=37500, Improvement=496
n=75000, coeff=13.0, trial=2, GT MIS=37500, Greedy MIS=37004, |S|=39763, Oracle MIS=37500, Improvement=496
n=75000, coeff=13.0, trial=2, GT MIS=37500, Greedy MIS=37004, |S|=37706, Oracle MIS=37500, Improvement=496
n=75000, coeff=13.0, trial=2, GT MIS=37500, Greedy MIS=37004, |S|=37505, Oracle MIS=37500, Improvement=496
n=75000, coeff=13.0, trial=3, GT MIS=37500, Greedy MIS=36194, |S|=75000, Oracle MIS=36194, Improvement=0
n=75000, coeff=13.0, trial=3, GT MIS=37500, Greedy MIS=36194, |S|=75000, Oracle MIS=36194, Improvement=0
n=75000, coeff=13.0, trial=3, GT MIS=37500, Greedy MIS=36194, |S|=75000, Oracle MIS=36194, Improvement=0
n=75000, coeff=13.0, trial=3, GT MIS=37500, Greedy MIS=36194, |S|=74940, Oracle MIS=36657, Improvement=463
n=75000, coeff=13.0, trial=3, GT MIS=37500, Greedy MIS=36194, |S|=73529, Oracle MIS=36921, Improvement=727
n=75000, coeff=13.0, trial=3, GT MIS=37500, Greedy MIS=36194, |S|=64975, Oracle MIS=37500, Improvement=1306
n=75000, coeff=13.0, trial=3, GT MIS=37500, Greedy MIS=36194, |S|=49381, Oracle MIS=37500, Improvement=1306
n=75000, coeff=13.0, trial=3, GT MIS=37500, Greedy MIS=36194, |S|=39806, Oracle MIS=37500, Improvement=1306
n=75000, coeff=13.0, trial=3, GT MIS=37500, Greedy MIS=36194, |S|=37679, Oracle MIS=37500, Improvement=1306
n=75000, coeff=13.0, trial=3, GT MIS=37500, Greedy MIS=36194, |S|=37502, Oracle MIS=37499, Improvement=1305
n=75000, coeff=13.0, trial=4, GT MIS=37500, Greedy MIS=37164, |S|=75000, Oracle MIS=37164, Improvement=0
n=75000, coeff=13.0, trial=4, GT MIS=37500, Greedy MIS=37164, |S|=75000, Oracle MIS=37164, Improvement=0
n=75000, coeff=13.0, trial=4, GT MIS=37500, Greedy MIS=37164, |S|=74999, Oracle MIS=37163, Improvement=-1
n=75000, coeff=13.0, trial=4, GT MIS=37500, Greedy MIS=37164, |S|=74941, Oracle MIS=36842, Improvement=-322
n=75000, coeff=13.0, trial=4, GT MIS=37500, Greedy MIS=37164, |S|=73587, Oracle MIS=37376, Improvement=212
n=75000, coeff=13.0, trial=4, GT MIS=37500, Greedy MIS=37164, |S|=64563, Oracle MIS=37500, Improvement=336
n=75000, coeff=13.0, trial=4, GT MIS=37500, Greedy MIS=37164, |S|=49073, Oracle MIS=37500, Improvement=336
n=75000, coeff=13.0, trial=4, GT MIS=37500, Greedy MIS=37164, |S|=39668, Oracle MIS=37500, Improvement=336
n=75000, coeff=13.0, trial=4, GT MIS=37500, Greedy MIS=37164, |S|=37676, Oracle MIS=37499, Improvement=335
n=75000, coeff=13.0, trial=4, GT MIS=37500, Greedy MIS=37164, |S|=37509, Oracle MIS=37499, Improvement=335
n=75000, coeff=13.0, trial=5, GT MIS=37500, Greedy MIS=36801, |S|=75000, Oracle MIS=36801, Improvement=0
n=75000, coeff=13.0, trial=5, GT MIS=37500, Greedy MIS=36801, |S|=75000, Oracle MIS=36801, Improvement=0
n=75000, coeff=13.0, trial=5, GT MIS=37500, Greedy MIS=36801, |S|=75000, Oracle MIS=36801, Improvement=0
n=75000, coeff=13.0, trial=5, GT MIS=37500, Greedy MIS=36801, |S|=74944, Oracle MIS=36801, Improvement=0
n=75000, coeff=13.0, trial=5, GT MIS=37500, Greedy MIS=36801, |S|=73607, Oracle MIS=37418, Improvement=617
n=75000, coeff=13.0, trial=5, GT MIS=37500, Greedy MIS=36801, |S|=64913, Oracle MIS=37500, Improvement=699
n=75000, coeff=13.0, trial=5, GT MIS=37500, Greedy MIS=36801, |S|=49233, Oracle MIS=37500, Improvement=699
n=75000, coeff=13.0, trial=5, GT MIS=37500, Greedy MIS=36801, |S|=39839, Oracle MIS=37500, Improvement=699
n=75000, coeff=13.0, trial=5, GT MIS=37500, Greedy MIS=36801, |S|=37697, Oracle MIS=37500, Improvement=699
n=75000, coeff=13.0, trial=5, GT MIS=37500, Greedy MIS=36801, |S|=37504, Oracle MIS=37500, Improvement=699
n=75000, coeff=13.0, trial=6, GT MIS=37500, Greedy MIS=36202, |S|=75000, Oracle MIS=36202, Improvement=0
n=75000, coeff=13.0, trial=6, GT MIS=37500, Greedy MIS=36202, |S|=75000, Oracle MIS=36202, Improvement=0
n=75000, coeff=13.0, trial=6, GT MIS=37500, Greedy MIS=36202, |S|=75000, Oracle MIS=36202, Improvement=0
n=75000, coeff=13.0, trial=6, GT MIS=37500, Greedy MIS=36202, |S|=74921, Oracle MIS=36562, Improvement=360
n=75000, coeff=13.0, trial=6, GT MIS=37500, Greedy MIS=36202, |S|=73276, Oracle MIS=37344, Improvement=1142
n=75000, coeff=13.0, trial=6, GT MIS=37500, Greedy MIS=36202, |S|=63769, Oracle MIS=37500, Improvement=1298
n=75000, coeff=13.0, trial=6, GT MIS=37500, Greedy MIS=36202, |S|=48054, Oracle MIS=37500, Improvement=1298
n=75000, coeff=13.0, trial=6, GT MIS=37500, Greedy MIS=36202, |S|=39377, Oracle MIS=37500, Improvement=1298
n=75000, coeff=13.0, trial=6, GT MIS=37500, Greedy MIS=36202, |S|=37666, Oracle MIS=37500, Improvement=1298
n=75000, coeff=13.0, trial=6, GT MIS=37500, Greedy MIS=36202, |S|=37503, Oracle MIS=37500, Improvement=1298
n=75000, coeff=13.0, trial=7, GT MIS=37500, Greedy MIS=37069, |S|=75000, Oracle MIS=37069, Improvement=0
n=75000, coeff=13.0, trial=7, GT MIS=37500, Greedy MIS=37069, |S|=75000, Oracle MIS=37069, Improvement=0
n=75000, coeff=13.0, trial=7, GT MIS=37500, Greedy MIS=37069, |S|=74999, Oracle MIS=37068, Improvement=-1
n=75000, coeff=13.0, trial=7, GT MIS=37500, Greedy MIS=37069, |S|=74935, Oracle MIS=36962, Improvement=-107
n=75000, coeff=13.0, trial=7, GT MIS=37500, Greedy MIS=37069, |S|=73493, Oracle MIS=37378, Improvement=309
n=75000, coeff=13.0, trial=7, GT MIS=37500, Greedy MIS=37069, |S|=64761, Oracle MIS=37500, Improvement=431
n=75000, coeff=13.0, trial=7, GT MIS=37500, Greedy MIS=37069, |S|=49162, Oracle MIS=37500, Improvement=431
n=75000, coeff=13.0, trial=7, GT MIS=37500, Greedy MIS=37069, |S|=39692, Oracle MIS=37500, Improvement=431
n=75000, coeff=13.0, trial=7, GT MIS=37500, Greedy MIS=37069, |S|=37683, Oracle MIS=37500, Improvement=431
n=75000, coeff=13.0, trial=7, GT MIS=37500, Greedy MIS=37069, |S|=37506, Oracle MIS=37500, Improvement=431
n=75000, coeff=13.0, trial=8, GT MIS=37500, Greedy MIS=36501, |S|=75000, Oracle MIS=36501, Improvement=0
n=75000, coeff=13.0, trial=8, GT MIS=37500, Greedy MIS=36501, |S|=75000, Oracle MIS=36501, Improvement=0
n=75000, coeff=13.0, trial=8, GT MIS=37500, Greedy MIS=36501, |S|=75000, Oracle MIS=36501, Improvement=0
n=75000, coeff=13.0, trial=8, GT MIS=37500, Greedy MIS=36501, |S|=74941, Oracle MIS=36501, Improvement=0
n=75000, coeff=13.0, trial=8, GT MIS=37500, Greedy MIS=36501, |S|=73519, Oracle MIS=37376, Improvement=875
n=75000, coeff=13.0, trial=8, GT MIS=37500, Greedy MIS=36501, |S|=64920, Oracle MIS=37500, Improvement=999
n=75000, coeff=13.0, trial=8, GT MIS=37500, Greedy MIS=36501, |S|=49389, Oracle MIS=37500, Improvement=999
n=75000, coeff=13.0, trial=8, GT MIS=37500, Greedy MIS=36501, |S|=39730, Oracle MIS=37500, Improvement=999
n=75000, coeff=13.0, trial=8, GT MIS=37500, Greedy MIS=36501, |S|=37673, Oracle MIS=37500, Improvement=999
n=75000, coeff=13.0, trial=8, GT MIS=37500, Greedy MIS=36501, |S|=37506, Oracle MIS=37500, Improvement=999
n=75000, coeff=13.0, trial=9, GT MIS=37500, Greedy MIS=37150, |S|=75000, Oracle MIS=37150, Improvement=0
n=75000, coeff=13.0, trial=9, GT MIS=37500, Greedy MIS=37150, |S|=75000, Oracle MIS=37150, Improvement=0
n=75000, coeff=13.0, trial=9, GT MIS=37500, Greedy MIS=37150, |S|=75000, Oracle MIS=37150, Improvement=0
n=75000, coeff=13.0, trial=9, GT MIS=37500, Greedy MIS=37150, |S|=74953, Oracle MIS=37150, Improvement=0
n=75000, coeff=13.0, trial=9, GT MIS=37500, Greedy MIS=37150, |S|=73658, Oracle MIS=37500, Improvement=350
n=75000, coeff=13.0, trial=9, GT MIS=37500, Greedy MIS=37150, |S|=65320, Oracle MIS=37500, Improvement=350
n=75000, coeff=13.0, trial=9, GT MIS=37500, Greedy MIS=37150, |S|=49832, Oracle MIS=37500, Improvement=350
n=75000, coeff=13.0, trial=9, GT MIS=37500, Greedy MIS=37150, |S|=39806, Oracle MIS=37500, Improvement=350
n=75000, coeff=13.0, trial=9, GT MIS=37500, Greedy MIS=37150, |S|=37672, Oracle MIS=37500, Improvement=350
n=75000, coeff=13.0, trial=9, GT MIS=37500, Greedy MIS=37150, |S|=37506, Oracle MIS=37500, Improvement=350
Results saved to bipartite_experiment_results_epislons_75000.csv
