Running job on compute-0-41
Requested resources:
  - CPUs: 18
  - GPUs: 
  - Memory: 18000
n=60000, coeff=12.0, trial=0, GT MIS=30000, Greedy MIS=29810, |S|=60000, Oracle MIS=29810, Improvement=0
n=60000, coeff=12.0, trial=0, GT MIS=30000, Greedy MIS=29810, |S|=60000, Oracle MIS=29810, Improvement=0
n=60000, coeff=12.0, trial=0, GT MIS=30000, Greedy MIS=29810, |S|=60000, Oracle MIS=29810, Improvement=0
n=60000, coeff=12.0, trial=0, GT MIS=30000, Greedy MIS=29810, |S|=59944, Oracle MIS=29715, Improvement=-95
n=60000, coeff=12.0, trial=0, GT MIS=30000, Greedy MIS=29810, |S|=58938, Oracle MIS=29815, Improvement=5
n=60000, coeff=12.0, trial=0, GT MIS=30000, Greedy MIS=29810, |S|=53068, Oracle MIS=30000, Improvement=190
n=60000, coeff=12.0, trial=0, GT MIS=30000, Greedy MIS=29810, |S|=41528, Oracle MIS=30000, Improvement=190
n=60000, coeff=12.0, trial=0, GT MIS=30000, Greedy MIS=29810, |S|=32747, Oracle MIS=30000, Improvement=190
n=60000, coeff=12.0, trial=0, GT MIS=30000, Greedy MIS=29810, |S|=30301, Oracle MIS=30000, Improvement=190
n=60000, coeff=12.0, trial=0, GT MIS=30000, Greedy MIS=29810, |S|=30017, Oracle MIS=30000, Improvement=190
n=60000, coeff=12.0, trial=1, GT MIS=30000, Greedy MIS=28705, |S|=60000, Oracle MIS=28705, Improvement=0
n=60000, coeff=12.0, trial=1, GT MIS=30000, Greedy MIS=28705, |S|=60000, Oracle MIS=28705, Improvement=0
n=60000, coeff=12.0, trial=1, GT MIS=30000, Greedy MIS=28705, |S|=59999, Oracle MIS=28704, Improvement=-1
n=60000, coeff=12.0, trial=1, GT MIS=30000, Greedy MIS=28705, |S|=59954, Oracle MIS=28546, Improvement=-159
n=60000, coeff=12.0, trial=1, GT MIS=30000, Greedy MIS=28705, |S|=59005, Oracle MIS=29894, Improvement=1189
n=60000, coeff=12.0, trial=1, GT MIS=30000, Greedy MIS=28705, |S|=53138, Oracle MIS=30000, Improvement=1295
n=60000, coeff=12.0, trial=1, GT MIS=30000, Greedy MIS=28705, |S|=41430, Oracle MIS=30000, Improvement=1295
n=60000, coeff=12.0, trial=1, GT MIS=30000, Greedy MIS=28705, |S|=32753, Oracle MIS=30000, Improvement=1295
n=60000, coeff=12.0, trial=1, GT MIS=30000, Greedy MIS=28705, |S|=30289, Oracle MIS=30000, Improvement=1295
n=60000, coeff=12.0, trial=1, GT MIS=30000, Greedy MIS=28705, |S|=30013, Oracle MIS=30000, Improvement=1295
n=60000, coeff=12.0, trial=2, GT MIS=30000, Greedy MIS=29549, |S|=60000, Oracle MIS=29549, Improvement=0
n=60000, coeff=12.0, trial=2, GT MIS=30000, Greedy MIS=29549, |S|=60000, Oracle MIS=29549, Improvement=0
n=60000, coeff=12.0, trial=2, GT MIS=30000, Greedy MIS=29549, |S|=60000, Oracle MIS=29549, Improvement=0
n=60000, coeff=12.0, trial=2, GT MIS=30000, Greedy MIS=29549, |S|=59961, Oracle MIS=29198, Improvement=-351
n=60000, coeff=12.0, trial=2, GT MIS=30000, Greedy MIS=29549, |S|=59062, Oracle MIS=29666, Improvement=117
n=60000, coeff=12.0, trial=2, GT MIS=30000, Greedy MIS=29549, |S|=53162, Oracle MIS=30000, Improvement=451
n=60000, coeff=12.0, trial=2, GT MIS=30000, Greedy MIS=29549, |S|=41398, Oracle MIS=30000, Improvement=451
n=60000, coeff=12.0, trial=2, GT MIS=30000, Greedy MIS=29549, |S|=32778, Oracle MIS=30000, Improvement=451
n=60000, coeff=12.0, trial=2, GT MIS=30000, Greedy MIS=29549, |S|=30326, Oracle MIS=30000, Improvement=451
n=60000, coeff=12.0, trial=2, GT MIS=30000, Greedy MIS=29549, |S|=30015, Oracle MIS=30000, Improvement=451
n=60000, coeff=12.0, trial=3, GT MIS=30000, Greedy MIS=29785, |S|=60000, Oracle MIS=29785, Improvement=0
n=60000, coeff=12.0, trial=3, GT MIS=30000, Greedy MIS=29785, |S|=60000, Oracle MIS=29785, Improvement=0
n=60000, coeff=12.0, trial=3, GT MIS=30000, Greedy MIS=29785, |S|=60000, Oracle MIS=29785, Improvement=0
n=60000, coeff=12.0, trial=3, GT MIS=30000, Greedy MIS=29785, |S|=59957, Oracle MIS=29742, Improvement=-43
n=60000, coeff=12.0, trial=3, GT MIS=30000, Greedy MIS=29785, |S|=59037, Oracle MIS=29740, Improvement=-45
n=60000, coeff=12.0, trial=3, GT MIS=30000, Greedy MIS=29785, |S|=53158, Oracle MIS=30000, Improvement=215
n=60000, coeff=12.0, trial=3, GT MIS=30000, Greedy MIS=29785, |S|=41305, Oracle MIS=30000, Improvement=215
n=60000, coeff=12.0, trial=3, GT MIS=30000, Greedy MIS=29785, |S|=32674, Oracle MIS=30000, Improvement=215
n=60000, coeff=12.0, trial=3, GT MIS=30000, Greedy MIS=29785, |S|=30310, Oracle MIS=30000, Improvement=215
n=60000, coeff=12.0, trial=3, GT MIS=30000, Greedy MIS=29785, |S|=30025, Oracle MIS=30000, Improvement=215
n=60000, coeff=12.0, trial=4, GT MIS=30000, Greedy MIS=29548, |S|=60000, Oracle MIS=29548, Improvement=0
n=60000, coeff=12.0, trial=4, GT MIS=30000, Greedy MIS=29548, |S|=60000, Oracle MIS=29548, Improvement=0
n=60000, coeff=12.0, trial=4, GT MIS=30000, Greedy MIS=29548, |S|=60000, Oracle MIS=29548, Improvement=0
n=60000, coeff=12.0, trial=4, GT MIS=30000, Greedy MIS=29548, |S|=59958, Oracle MIS=29548, Improvement=0
n=60000, coeff=12.0, trial=4, GT MIS=30000, Greedy MIS=29548, |S|=59055, Oracle MIS=29859, Improvement=311
n=60000, coeff=12.0, trial=4, GT MIS=30000, Greedy MIS=29548, |S|=53499, Oracle MIS=30000, Improvement=452
n=60000, coeff=12.0, trial=4, GT MIS=30000, Greedy MIS=29548, |S|=41665, Oracle MIS=30000, Improvement=452
n=60000, coeff=12.0, trial=4, GT MIS=30000, Greedy MIS=29548, |S|=32787, Oracle MIS=30000, Improvement=452
n=60000, coeff=12.0, trial=4, GT MIS=30000, Greedy MIS=29548, |S|=30303, Oracle MIS=30000, Improvement=452
n=60000, coeff=12.0, trial=4, GT MIS=30000, Greedy MIS=29548, |S|=30015, Oracle MIS=30000, Improvement=452
n=60000, coeff=12.0, trial=5, GT MIS=30000, Greedy MIS=29669, |S|=60000, Oracle MIS=29669, Improvement=0
n=60000, coeff=12.0, trial=5, GT MIS=30000, Greedy MIS=29669, |S|=60000, Oracle MIS=29669, Improvement=0
n=60000, coeff=12.0, trial=5, GT MIS=30000, Greedy MIS=29669, |S|=59997, Oracle MIS=29666, Improvement=-3
n=60000, coeff=12.0, trial=5, GT MIS=30000, Greedy MIS=29669, |S|=59952, Oracle MIS=29622, Improvement=-47
n=60000, coeff=12.0, trial=5, GT MIS=30000, Greedy MIS=29669, |S|=59022, Oracle MIS=29714, Improvement=45
n=60000, coeff=12.0, trial=5, GT MIS=30000, Greedy MIS=29669, |S|=53213, Oracle MIS=30000, Improvement=331
n=60000, coeff=12.0, trial=5, GT MIS=30000, Greedy MIS=29669, |S|=41805, Oracle MIS=30000, Improvement=331
n=60000, coeff=12.0, trial=5, GT MIS=30000, Greedy MIS=29669, |S|=32892, Oracle MIS=30000, Improvement=331
n=60000, coeff=12.0, trial=5, GT MIS=30000, Greedy MIS=29669, |S|=30317, Oracle MIS=30000, Improvement=331
n=60000, coeff=12.0, trial=5, GT MIS=30000, Greedy MIS=29669, |S|=30019, Oracle MIS=30000, Improvement=331
n=60000, coeff=12.0, trial=6, GT MIS=30000, Greedy MIS=29155, |S|=60000, Oracle MIS=29155, Improvement=0
n=60000, coeff=12.0, trial=6, GT MIS=30000, Greedy MIS=29155, |S|=60000, Oracle MIS=29155, Improvement=0
n=60000, coeff=12.0, trial=6, GT MIS=30000, Greedy MIS=29155, |S|=60000, Oracle MIS=29155, Improvement=0
n=60000, coeff=12.0, trial=6, GT MIS=30000, Greedy MIS=29155, |S|=59952, Oracle MIS=28993, Improvement=-162
n=60000, coeff=12.0, trial=6, GT MIS=30000, Greedy MIS=29155, |S|=59045, Oracle MIS=29586, Improvement=431
n=60000, coeff=12.0, trial=6, GT MIS=30000, Greedy MIS=29155, |S|=53154, Oracle MIS=30000, Improvement=845
n=60000, coeff=12.0, trial=6, GT MIS=30000, Greedy MIS=29155, |S|=41394, Oracle MIS=30000, Improvement=845
n=60000, coeff=12.0, trial=6, GT MIS=30000, Greedy MIS=29155, |S|=32806, Oracle MIS=30000, Improvement=845
n=60000, coeff=12.0, trial=6, GT MIS=30000, Greedy MIS=29155, |S|=30293, Oracle MIS=30000, Improvement=845
n=60000, coeff=12.0, trial=6, GT MIS=30000, Greedy MIS=29155, |S|=30016, Oracle MIS=29999, Improvement=844
n=60000, coeff=12.0, trial=7, GT MIS=30000, Greedy MIS=29190, |S|=60000, Oracle MIS=29190, Improvement=0
n=60000, coeff=12.0, trial=7, GT MIS=30000, Greedy MIS=29190, |S|=60000, Oracle MIS=29190, Improvement=0
n=60000, coeff=12.0, trial=7, GT MIS=30000, Greedy MIS=29190, |S|=59997, Oracle MIS=29190, Improvement=0
n=60000, coeff=12.0, trial=7, GT MIS=30000, Greedy MIS=29190, |S|=59952, Oracle MIS=29190, Improvement=0
n=60000, coeff=12.0, trial=7, GT MIS=30000, Greedy MIS=29190, |S|=58966, Oracle MIS=29926, Improvement=736
n=60000, coeff=12.0, trial=7, GT MIS=30000, Greedy MIS=29190, |S|=52974, Oracle MIS=30000, Improvement=810
n=60000, coeff=12.0, trial=7, GT MIS=30000, Greedy MIS=29190, |S|=41033, Oracle MIS=30000, Improvement=810
n=60000, coeff=12.0, trial=7, GT MIS=30000, Greedy MIS=29190, |S|=32605, Oracle MIS=30000, Improvement=810
n=60000, coeff=12.0, trial=7, GT MIS=30000, Greedy MIS=29190, |S|=30291, Oracle MIS=30000, Improvement=810
n=60000, coeff=12.0, trial=7, GT MIS=30000, Greedy MIS=29190, |S|=30011, Oracle MIS=29999, Improvement=809
n=60000, coeff=12.0, trial=8, GT MIS=30000, Greedy MIS=29405, |S|=60000, Oracle MIS=29405, Improvement=0
n=60000, coeff=12.0, trial=8, GT MIS=30000, Greedy MIS=29405, |S|=60000, Oracle MIS=29405, Improvement=0
n=60000, coeff=12.0, trial=8, GT MIS=30000, Greedy MIS=29405, |S|=59998, Oracle MIS=29403, Improvement=-2
n=60000, coeff=12.0, trial=8, GT MIS=30000, Greedy MIS=29405, |S|=59960, Oracle MIS=29366, Improvement=-39
n=60000, coeff=12.0, trial=8, GT MIS=30000, Greedy MIS=29405, |S|=59046, Oracle MIS=29898, Improvement=493
n=60000, coeff=12.0, trial=8, GT MIS=30000, Greedy MIS=29405, |S|=53553, Oracle MIS=30000, Improvement=595
n=60000, coeff=12.0, trial=8, GT MIS=30000, Greedy MIS=29405, |S|=41779, Oracle MIS=30000, Improvement=595
n=60000, coeff=12.0, trial=8, GT MIS=30000, Greedy MIS=29405, |S|=32758, Oracle MIS=30000, Improvement=595
n=60000, coeff=12.0, trial=8, GT MIS=30000, Greedy MIS=29405, |S|=30305, Oracle MIS=30000, Improvement=595
n=60000, coeff=12.0, trial=8, GT MIS=30000, Greedy MIS=29405, |S|=30019, Oracle MIS=30000, Improvement=595
n=60000, coeff=12.0, trial=9, GT MIS=30000, Greedy MIS=29268, |S|=60000, Oracle MIS=29268, Improvement=0
n=60000, coeff=12.0, trial=9, GT MIS=30000, Greedy MIS=29268, |S|=60000, Oracle MIS=29268, Improvement=0
n=60000, coeff=12.0, trial=9, GT MIS=30000, Greedy MIS=29268, |S|=60000, Oracle MIS=29268, Improvement=0
n=60000, coeff=12.0, trial=9, GT MIS=30000, Greedy MIS=29268, |S|=59979, Oracle MIS=29268, Improvement=0
n=60000, coeff=12.0, trial=9, GT MIS=30000, Greedy MIS=29268, |S|=59215, Oracle MIS=29892, Improvement=624
n=60000, coeff=12.0, trial=9, GT MIS=30000, Greedy MIS=29268, |S|=53870, Oracle MIS=30000, Improvement=732
n=60000, coeff=12.0, trial=9, GT MIS=30000, Greedy MIS=29268, |S|=42475, Oracle MIS=30000, Improvement=732
n=60000, coeff=12.0, trial=9, GT MIS=30000, Greedy MIS=29268, |S|=33051, Oracle MIS=30000, Improvement=732
n=60000, coeff=12.0, trial=9, GT MIS=30000, Greedy MIS=29268, |S|=30334, Oracle MIS=30000, Improvement=732
n=60000, coeff=12.0, trial=9, GT MIS=30000, Greedy MIS=29268, |S|=30017, Oracle MIS=30000, Improvement=732
Results saved to bipartite_experiment_results_epislons_60000.csv
