Running job on compute-0-39
Requested resources:
  - CPUs: 18
  - GPUs: 
  - Memory: 18000
n=60000, coeff=5.0, trial=0, GT MIS=30000, Greedy MIS=28704, |S|=60000, Oracle MIS=28704, Improvement=0
n=60000, coeff=5.0, trial=0, GT MIS=30000, Greedy MIS=28704, |S|=60000, Oracle MIS=28704, Improvement=0
n=60000, coeff=5.0, trial=0, GT MIS=30000, Greedy MIS=28704, |S|=60000, Oracle MIS=28704, Improvement=0
n=60000, coeff=5.0, trial=0, GT MIS=30000, Greedy MIS=28704, |S|=59979, Oracle MIS=28686, Improvement=-18
n=60000, coeff=5.0, trial=0, GT MIS=30000, Greedy MIS=28704, |S|=59773, Oracle MIS=29143, Improvement=439
n=60000, coeff=5.0, trial=0, GT MIS=30000, Greedy MIS=28704, |S|=58464, Oracle MIS=29191, Improvement=487
n=60000, coeff=5.0, trial=0, GT MIS=30000, Greedy MIS=28704, |S|=54539, Oracle MIS=29982, Improvement=1278
n=60000, coeff=5.0, trial=0, GT MIS=30000, Greedy MIS=28704, |S|=47022, Oracle MIS=30000, Improvement=1296
n=60000, coeff=5.0, trial=0, GT MIS=30000, Greedy MIS=28704, |S|=38711, Oracle MIS=29999, Improvement=1295
n=60000, coeff=5.0, trial=0, GT MIS=30000, Greedy MIS=28704, |S|=33332, Oracle MIS=29998, Improvement=1294
n=60000, coeff=5.0, trial=1, GT MIS=30000, Greedy MIS=29066, |S|=60000, Oracle MIS=29066, Improvement=0
n=60000, coeff=5.0, trial=1, GT MIS=30000, Greedy MIS=29066, |S|=60000, Oracle MIS=29066, Improvement=0
n=60000, coeff=5.0, trial=1, GT MIS=30000, Greedy MIS=29066, |S|=59998, Oracle MIS=29064, Improvement=-2
n=60000, coeff=5.0, trial=1, GT MIS=30000, Greedy MIS=29066, |S|=59979, Oracle MIS=29045, Improvement=-21
n=60000, coeff=5.0, trial=1, GT MIS=30000, Greedy MIS=29066, |S|=59776, Oracle MIS=28589, Improvement=-477
n=60000, coeff=5.0, trial=1, GT MIS=30000, Greedy MIS=29066, |S|=58525, Oracle MIS=29041, Improvement=-25
n=60000, coeff=5.0, trial=1, GT MIS=30000, Greedy MIS=29066, |S|=54497, Oracle MIS=29974, Improvement=908
n=60000, coeff=5.0, trial=1, GT MIS=30000, Greedy MIS=29066, |S|=46851, Oracle MIS=30000, Improvement=934
n=60000, coeff=5.0, trial=1, GT MIS=30000, Greedy MIS=29066, |S|=38821, Oracle MIS=29999, Improvement=933
n=60000, coeff=5.0, trial=1, GT MIS=30000, Greedy MIS=29066, |S|=33343, Oracle MIS=29995, Improvement=929
n=60000, coeff=5.0, trial=2, GT MIS=30000, Greedy MIS=28904, |S|=60000, Oracle MIS=28904, Improvement=0
n=60000, coeff=5.0, trial=2, GT MIS=30000, Greedy MIS=28904, |S|=60000, Oracle MIS=28904, Improvement=0
n=60000, coeff=5.0, trial=2, GT MIS=30000, Greedy MIS=28904, |S|=60000, Oracle MIS=28904, Improvement=0
n=60000, coeff=5.0, trial=2, GT MIS=30000, Greedy MIS=28904, |S|=59984, Oracle MIS=28865, Improvement=-39
n=60000, coeff=5.0, trial=2, GT MIS=30000, Greedy MIS=28904, |S|=59805, Oracle MIS=29214, Improvement=310
n=60000, coeff=5.0, trial=2, GT MIS=30000, Greedy MIS=28904, |S|=58547, Oracle MIS=29836, Improvement=932
n=60000, coeff=5.0, trial=2, GT MIS=30000, Greedy MIS=28904, |S|=54587, Oracle MIS=29976, Improvement=1072
n=60000, coeff=5.0, trial=2, GT MIS=30000, Greedy MIS=28904, |S|=47137, Oracle MIS=29999, Improvement=1095
n=60000, coeff=5.0, trial=2, GT MIS=30000, Greedy MIS=28904, |S|=38984, Oracle MIS=29998, Improvement=1094
n=60000, coeff=5.0, trial=2, GT MIS=30000, Greedy MIS=28904, |S|=33533, Oracle MIS=29998, Improvement=1094
n=60000, coeff=5.0, trial=3, GT MIS=30000, Greedy MIS=28560, |S|=60000, Oracle MIS=28560, Improvement=0
n=60000, coeff=5.0, trial=3, GT MIS=30000, Greedy MIS=28560, |S|=60000, Oracle MIS=28560, Improvement=0
n=60000, coeff=5.0, trial=3, GT MIS=30000, Greedy MIS=28560, |S|=59998, Oracle MIS=28558, Improvement=-2
n=60000, coeff=5.0, trial=3, GT MIS=30000, Greedy MIS=28560, |S|=59985, Oracle MIS=28450, Improvement=-110
n=60000, coeff=5.0, trial=3, GT MIS=30000, Greedy MIS=28560, |S|=59772, Oracle MIS=29377, Improvement=817
n=60000, coeff=5.0, trial=3, GT MIS=30000, Greedy MIS=28560, |S|=58568, Oracle MIS=29377, Improvement=817
n=60000, coeff=5.0, trial=3, GT MIS=30000, Greedy MIS=28560, |S|=54422, Oracle MIS=29965, Improvement=1405
n=60000, coeff=5.0, trial=3, GT MIS=30000, Greedy MIS=28560, |S|=46756, Oracle MIS=29999, Improvement=1439
n=60000, coeff=5.0, trial=3, GT MIS=30000, Greedy MIS=28560, |S|=38612, Oracle MIS=29998, Improvement=1438
n=60000, coeff=5.0, trial=3, GT MIS=30000, Greedy MIS=28560, |S|=33311, Oracle MIS=29994, Improvement=1434
n=60000, coeff=5.0, trial=4, GT MIS=30000, Greedy MIS=29291, |S|=60000, Oracle MIS=29291, Improvement=0
n=60000, coeff=5.0, trial=4, GT MIS=30000, Greedy MIS=29291, |S|=60000, Oracle MIS=29291, Improvement=0
n=60000, coeff=5.0, trial=4, GT MIS=30000, Greedy MIS=29291, |S|=60000, Oracle MIS=29291, Improvement=0
n=60000, coeff=5.0, trial=4, GT MIS=30000, Greedy MIS=29291, |S|=59974, Oracle MIS=29242, Improvement=-49
n=60000, coeff=5.0, trial=4, GT MIS=30000, Greedy MIS=29291, |S|=59782, Oracle MIS=28628, Improvement=-663
n=60000, coeff=5.0, trial=4, GT MIS=30000, Greedy MIS=29291, |S|=58567, Oracle MIS=29141, Improvement=-150
n=60000, coeff=5.0, trial=4, GT MIS=30000, Greedy MIS=29291, |S|=54641, Oracle MIS=29965, Improvement=674
n=60000, coeff=5.0, trial=4, GT MIS=30000, Greedy MIS=29291, |S|=47063, Oracle MIS=30000, Improvement=709
n=60000, coeff=5.0, trial=4, GT MIS=30000, Greedy MIS=29291, |S|=39024, Oracle MIS=30000, Improvement=709
n=60000, coeff=5.0, trial=4, GT MIS=30000, Greedy MIS=29291, |S|=33410, Oracle MIS=29999, Improvement=708
n=60000, coeff=5.0, trial=5, GT MIS=30000, Greedy MIS=29186, |S|=60000, Oracle MIS=29186, Improvement=0
n=60000, coeff=5.0, trial=5, GT MIS=30000, Greedy MIS=29186, |S|=60000, Oracle MIS=29186, Improvement=0
n=60000, coeff=5.0, trial=5, GT MIS=30000, Greedy MIS=29186, |S|=60000, Oracle MIS=29186, Improvement=0
n=60000, coeff=5.0, trial=5, GT MIS=30000, Greedy MIS=29186, |S|=59981, Oracle MIS=29168, Improvement=-18
n=60000, coeff=5.0, trial=5, GT MIS=30000, Greedy MIS=29186, |S|=59782, Oracle MIS=28702, Improvement=-484
n=60000, coeff=5.0, trial=5, GT MIS=30000, Greedy MIS=29186, |S|=58540, Oracle MIS=28788, Improvement=-398
n=60000, coeff=5.0, trial=5, GT MIS=30000, Greedy MIS=29186, |S|=54623, Oracle MIS=29965, Improvement=779
n=60000, coeff=5.0, trial=5, GT MIS=30000, Greedy MIS=29186, |S|=47068, Oracle MIS=30000, Improvement=814
n=60000, coeff=5.0, trial=5, GT MIS=30000, Greedy MIS=29186, |S|=39066, Oracle MIS=29999, Improvement=813
n=60000, coeff=5.0, trial=5, GT MIS=30000, Greedy MIS=29186, |S|=33538, Oracle MIS=29998, Improvement=812
n=60000, coeff=5.0, trial=6, GT MIS=30000, Greedy MIS=28753, |S|=60000, Oracle MIS=28753, Improvement=0
n=60000, coeff=5.0, trial=6, GT MIS=30000, Greedy MIS=28753, |S|=60000, Oracle MIS=28753, Improvement=0
n=60000, coeff=5.0, trial=6, GT MIS=30000, Greedy MIS=28753, |S|=59999, Oracle MIS=28752, Improvement=-1
n=60000, coeff=5.0, trial=6, GT MIS=30000, Greedy MIS=28753, |S|=59988, Oracle MIS=28717, Improvement=-36
n=60000, coeff=5.0, trial=6, GT MIS=30000, Greedy MIS=28753, |S|=59792, Oracle MIS=27394, Improvement=-1359
n=60000, coeff=5.0, trial=6, GT MIS=30000, Greedy MIS=28753, |S|=58525, Oracle MIS=29298, Improvement=545
n=60000, coeff=5.0, trial=6, GT MIS=30000, Greedy MIS=28753, |S|=54456, Oracle MIS=29982, Improvement=1229
n=60000, coeff=5.0, trial=6, GT MIS=30000, Greedy MIS=28753, |S|=47018, Oracle MIS=30000, Improvement=1247
n=60000, coeff=5.0, trial=6, GT MIS=30000, Greedy MIS=28753, |S|=38840, Oracle MIS=30000, Improvement=1247
n=60000, coeff=5.0, trial=6, GT MIS=30000, Greedy MIS=28753, |S|=33344, Oracle MIS=29997, Improvement=1244
n=60000, coeff=5.0, trial=7, GT MIS=30000, Greedy MIS=29071, |S|=60000, Oracle MIS=29071, Improvement=0
n=60000, coeff=5.0, trial=7, GT MIS=30000, Greedy MIS=29071, |S|=60000, Oracle MIS=29071, Improvement=0
n=60000, coeff=5.0, trial=7, GT MIS=30000, Greedy MIS=29071, |S|=60000, Oracle MIS=29071, Improvement=0
n=60000, coeff=5.0, trial=7, GT MIS=30000, Greedy MIS=29071, |S|=59988, Oracle MIS=29049, Improvement=-22
n=60000, coeff=5.0, trial=7, GT MIS=30000, Greedy MIS=29071, |S|=59800, Oracle MIS=28241, Improvement=-830
n=60000, coeff=5.0, trial=7, GT MIS=30000, Greedy MIS=29071, |S|=58480, Oracle MIS=28707, Improvement=-364
n=60000, coeff=5.0, trial=7, GT MIS=30000, Greedy MIS=29071, |S|=54308, Oracle MIS=29951, Improvement=880
n=60000, coeff=5.0, trial=7, GT MIS=30000, Greedy MIS=29071, |S|=46576, Oracle MIS=30000, Improvement=929
n=60000, coeff=5.0, trial=7, GT MIS=30000, Greedy MIS=29071, |S|=38695, Oracle MIS=29998, Improvement=927
n=60000, coeff=5.0, trial=7, GT MIS=30000, Greedy MIS=29071, |S|=33324, Oracle MIS=29995, Improvement=924
n=60000, coeff=5.0, trial=8, GT MIS=30000, Greedy MIS=28610, |S|=60000, Oracle MIS=28610, Improvement=0
n=60000, coeff=5.0, trial=8, GT MIS=30000, Greedy MIS=28610, |S|=60000, Oracle MIS=28610, Improvement=0
n=60000, coeff=5.0, trial=8, GT MIS=30000, Greedy MIS=28610, |S|=59998, Oracle MIS=28609, Improvement=-1
n=60000, coeff=5.0, trial=8, GT MIS=30000, Greedy MIS=28610, |S|=59978, Oracle MIS=28518, Improvement=-92
n=60000, coeff=5.0, trial=8, GT MIS=30000, Greedy MIS=28610, |S|=59794, Oracle MIS=28936, Improvement=326
n=60000, coeff=5.0, trial=8, GT MIS=30000, Greedy MIS=28610, |S|=58608, Oracle MIS=29675, Improvement=1065
n=60000, coeff=5.0, trial=8, GT MIS=30000, Greedy MIS=28610, |S|=54742, Oracle MIS=29959, Improvement=1349
n=60000, coeff=5.0, trial=8, GT MIS=30000, Greedy MIS=28610, |S|=47009, Oracle MIS=30000, Improvement=1390
n=60000, coeff=5.0, trial=8, GT MIS=30000, Greedy MIS=28610, |S|=38645, Oracle MIS=29998, Improvement=1388
n=60000, coeff=5.0, trial=8, GT MIS=30000, Greedy MIS=28610, |S|=33365, Oracle MIS=29995, Improvement=1385
n=60000, coeff=5.0, trial=9, GT MIS=30000, Greedy MIS=28764, |S|=60000, Oracle MIS=28764, Improvement=0
n=60000, coeff=5.0, trial=9, GT MIS=30000, Greedy MIS=28764, |S|=60000, Oracle MIS=28764, Improvement=0
n=60000, coeff=5.0, trial=9, GT MIS=30000, Greedy MIS=28764, |S|=60000, Oracle MIS=28764, Improvement=0
n=60000, coeff=5.0, trial=9, GT MIS=30000, Greedy MIS=28764, |S|=59983, Oracle MIS=28750, Improvement=-14
n=60000, coeff=5.0, trial=9, GT MIS=30000, Greedy MIS=28764, |S|=59818, Oracle MIS=27628, Improvement=-1136
n=60000, coeff=5.0, trial=9, GT MIS=30000, Greedy MIS=28764, |S|=58621, Oracle MIS=29283, Improvement=519
n=60000, coeff=5.0, trial=9, GT MIS=30000, Greedy MIS=28764, |S|=54952, Oracle MIS=30000, Improvement=1236
n=60000, coeff=5.0, trial=9, GT MIS=30000, Greedy MIS=28764, |S|=47404, Oracle MIS=30000, Improvement=1236
n=60000, coeff=5.0, trial=9, GT MIS=30000, Greedy MIS=28764, |S|=39120, Oracle MIS=30000, Improvement=1236
n=60000, coeff=5.0, trial=9, GT MIS=30000, Greedy MIS=28764, |S|=33585, Oracle MIS=30000, Improvement=1236
Results saved to bipartite_experiment_results_epislons_60000.csv
