Running job on compute-0-01
Requested resources:
  - CPUs: 18
  - GPUs: 
  - Memory: 18000
n=65000, coeff=11.0, trial=0, GT MIS=32500, Greedy MIS=32022, |S|=65000, Oracle MIS=32022, Improvement=0
n=65000, coeff=11.0, trial=0, GT MIS=32500, Greedy MIS=32022, |S|=65000, Oracle MIS=32022, Improvement=0
n=65000, coeff=11.0, trial=0, GT MIS=32500, Greedy MIS=32022, |S|=64999, Oracle MIS=32021, Improvement=-1
n=65000, coeff=11.0, trial=0, GT MIS=32500, Greedy MIS=32022, |S|=64961, Oracle MIS=31984, Improvement=-38
n=65000, coeff=11.0, trial=0, GT MIS=32500, Greedy MIS=32022, |S|=64223, Oracle MIS=32159, Improvement=137
n=65000, coeff=11.0, trial=0, GT MIS=32500, Greedy MIS=32022, |S|=59162, Oracle MIS=32500, Improvement=478
n=65000, coeff=11.0, trial=0, GT MIS=32500, Greedy MIS=32022, |S|=47083, Oracle MIS=32500, Improvement=478
n=65000, coeff=11.0, trial=0, GT MIS=32500, Greedy MIS=32022, |S|=36749, Oracle MIS=32500, Improvement=478
n=65000, coeff=11.0, trial=0, GT MIS=32500, Greedy MIS=32022, |S|=33085, Oracle MIS=32500, Improvement=478
n=65000, coeff=11.0, trial=0, GT MIS=32500, Greedy MIS=32022, |S|=32550, Oracle MIS=32500, Improvement=478
n=65000, coeff=11.0, trial=1, GT MIS=32500, Greedy MIS=31927, |S|=65000, Oracle MIS=31927, Improvement=0
n=65000, coeff=11.0, trial=1, GT MIS=32500, Greedy MIS=31927, |S|=65000, Oracle MIS=31927, Improvement=0
n=65000, coeff=11.0, trial=1, GT MIS=32500, Greedy MIS=31927, |S|=65000, Oracle MIS=31927, Improvement=0
n=65000, coeff=11.0, trial=1, GT MIS=32500, Greedy MIS=31927, |S|=64974, Oracle MIS=31902, Improvement=-25
n=65000, coeff=11.0, trial=1, GT MIS=32500, Greedy MIS=31927, |S|=64216, Oracle MIS=31505, Improvement=-422
n=65000, coeff=11.0, trial=1, GT MIS=32500, Greedy MIS=31927, |S|=59388, Oracle MIS=32500, Improvement=573
n=65000, coeff=11.0, trial=1, GT MIS=32500, Greedy MIS=31927, |S|=47584, Oracle MIS=32500, Improvement=573
n=65000, coeff=11.0, trial=1, GT MIS=32500, Greedy MIS=31927, |S|=36892, Oracle MIS=32500, Improvement=573
n=65000, coeff=11.0, trial=1, GT MIS=32500, Greedy MIS=31927, |S|=33130, Oracle MIS=32500, Improvement=573
n=65000, coeff=11.0, trial=1, GT MIS=32500, Greedy MIS=31927, |S|=32541, Oracle MIS=32500, Improvement=573
n=65000, coeff=11.0, trial=2, GT MIS=32500, Greedy MIS=32166, |S|=65000, Oracle MIS=32166, Improvement=0
n=65000, coeff=11.0, trial=2, GT MIS=32500, Greedy MIS=32166, |S|=65000, Oracle MIS=32166, Improvement=0
n=65000, coeff=11.0, trial=2, GT MIS=32500, Greedy MIS=32166, |S|=64999, Oracle MIS=32165, Improvement=-1
n=65000, coeff=11.0, trial=2, GT MIS=32500, Greedy MIS=32166, |S|=64965, Oracle MIS=32133, Improvement=-33
n=65000, coeff=11.0, trial=2, GT MIS=32500, Greedy MIS=32166, |S|=64196, Oracle MIS=32206, Improvement=40
n=65000, coeff=11.0, trial=2, GT MIS=32500, Greedy MIS=32166, |S|=58805, Oracle MIS=32500, Improvement=334
n=65000, coeff=11.0, trial=2, GT MIS=32500, Greedy MIS=32166, |S|=47144, Oracle MIS=32500, Improvement=334
n=65000, coeff=11.0, trial=2, GT MIS=32500, Greedy MIS=32166, |S|=36603, Oracle MIS=32500, Improvement=334
n=65000, coeff=11.0, trial=2, GT MIS=32500, Greedy MIS=32166, |S|=33094, Oracle MIS=32500, Improvement=334
n=65000, coeff=11.0, trial=2, GT MIS=32500, Greedy MIS=32166, |S|=32546, Oracle MIS=32500, Improvement=334
n=65000, coeff=11.0, trial=3, GT MIS=32500, Greedy MIS=32270, |S|=65000, Oracle MIS=32270, Improvement=0
n=65000, coeff=11.0, trial=3, GT MIS=32500, Greedy MIS=32270, |S|=65000, Oracle MIS=32270, Improvement=0
n=65000, coeff=11.0, trial=3, GT MIS=32500, Greedy MIS=32270, |S|=64999, Oracle MIS=32269, Improvement=-1
n=65000, coeff=11.0, trial=3, GT MIS=32500, Greedy MIS=32270, |S|=64966, Oracle MIS=32238, Improvement=-32
n=65000, coeff=11.0, trial=3, GT MIS=32500, Greedy MIS=32270, |S|=64211, Oracle MIS=31654, Improvement=-616
n=65000, coeff=11.0, trial=3, GT MIS=32500, Greedy MIS=32270, |S|=59226, Oracle MIS=32500, Improvement=230
n=65000, coeff=11.0, trial=3, GT MIS=32500, Greedy MIS=32270, |S|=47438, Oracle MIS=32500, Improvement=230
n=65000, coeff=11.0, trial=3, GT MIS=32500, Greedy MIS=32270, |S|=36858, Oracle MIS=32500, Improvement=230
n=65000, coeff=11.0, trial=3, GT MIS=32500, Greedy MIS=32270, |S|=33155, Oracle MIS=32500, Improvement=230
n=65000, coeff=11.0, trial=3, GT MIS=32500, Greedy MIS=32270, |S|=32552, Oracle MIS=32500, Improvement=230
n=65000, coeff=11.0, trial=4, GT MIS=32500, Greedy MIS=31600, |S|=65000, Oracle MIS=31600, Improvement=0
n=65000, coeff=11.0, trial=4, GT MIS=32500, Greedy MIS=31600, |S|=65000, Oracle MIS=31600, Improvement=0
n=65000, coeff=11.0, trial=4, GT MIS=32500, Greedy MIS=31600, |S|=64999, Oracle MIS=31599, Improvement=-1
n=65000, coeff=11.0, trial=4, GT MIS=32500, Greedy MIS=31600, |S|=64956, Oracle MIS=31522, Improvement=-78
n=65000, coeff=11.0, trial=4, GT MIS=32500, Greedy MIS=31600, |S|=64181, Oracle MIS=32267, Improvement=667
n=65000, coeff=11.0, trial=4, GT MIS=32500, Greedy MIS=31600, |S|=58778, Oracle MIS=32500, Improvement=900
n=65000, coeff=11.0, trial=4, GT MIS=32500, Greedy MIS=31600, |S|=47019, Oracle MIS=32500, Improvement=900
n=65000, coeff=11.0, trial=4, GT MIS=32500, Greedy MIS=31600, |S|=36785, Oracle MIS=32500, Improvement=900
n=65000, coeff=11.0, trial=4, GT MIS=32500, Greedy MIS=31600, |S|=33096, Oracle MIS=32500, Improvement=900
n=65000, coeff=11.0, trial=4, GT MIS=32500, Greedy MIS=31600, |S|=32539, Oracle MIS=32500, Improvement=900
n=65000, coeff=11.0, trial=5, GT MIS=32500, Greedy MIS=32168, |S|=65000, Oracle MIS=32168, Improvement=0
n=65000, coeff=11.0, trial=5, GT MIS=32500, Greedy MIS=32168, |S|=65000, Oracle MIS=32168, Improvement=0
n=65000, coeff=11.0, trial=5, GT MIS=32500, Greedy MIS=32168, |S|=64999, Oracle MIS=32167, Improvement=-1
n=65000, coeff=11.0, trial=5, GT MIS=32500, Greedy MIS=32168, |S|=64982, Oracle MIS=32116, Improvement=-52
n=65000, coeff=11.0, trial=5, GT MIS=32500, Greedy MIS=32168, |S|=64312, Oracle MIS=32270, Improvement=102
n=65000, coeff=11.0, trial=5, GT MIS=32500, Greedy MIS=32168, |S|=59552, Oracle MIS=32500, Improvement=332
n=65000, coeff=11.0, trial=5, GT MIS=32500, Greedy MIS=32168, |S|=47709, Oracle MIS=32500, Improvement=332
n=65000, coeff=11.0, trial=5, GT MIS=32500, Greedy MIS=32168, |S|=36949, Oracle MIS=32500, Improvement=332
n=65000, coeff=11.0, trial=5, GT MIS=32500, Greedy MIS=32168, |S|=33141, Oracle MIS=32500, Improvement=332
n=65000, coeff=11.0, trial=5, GT MIS=32500, Greedy MIS=32168, |S|=32548, Oracle MIS=32499, Improvement=331
n=65000, coeff=11.0, trial=6, GT MIS=32500, Greedy MIS=31445, |S|=65000, Oracle MIS=31445, Improvement=0
n=65000, coeff=11.0, trial=6, GT MIS=32500, Greedy MIS=31445, |S|=65000, Oracle MIS=31445, Improvement=0
n=65000, coeff=11.0, trial=6, GT MIS=32500, Greedy MIS=31445, |S|=65000, Oracle MIS=31445, Improvement=0
n=65000, coeff=11.0, trial=6, GT MIS=32500, Greedy MIS=31445, |S|=64964, Oracle MIS=31341, Improvement=-104
n=65000, coeff=11.0, trial=6, GT MIS=32500, Greedy MIS=31445, |S|=64081, Oracle MIS=32061, Improvement=616
n=65000, coeff=11.0, trial=6, GT MIS=32500, Greedy MIS=31445, |S|=58762, Oracle MIS=32500, Improvement=1055
n=65000, coeff=11.0, trial=6, GT MIS=32500, Greedy MIS=31445, |S|=46895, Oracle MIS=32500, Improvement=1055
n=65000, coeff=11.0, trial=6, GT MIS=32500, Greedy MIS=31445, |S|=36421, Oracle MIS=32500, Improvement=1055
n=65000, coeff=11.0, trial=6, GT MIS=32500, Greedy MIS=31445, |S|=33050, Oracle MIS=32500, Improvement=1055
n=65000, coeff=11.0, trial=6, GT MIS=32500, Greedy MIS=31445, |S|=32543, Oracle MIS=32500, Improvement=1055
n=65000, coeff=11.0, trial=7, GT MIS=32500, Greedy MIS=32104, |S|=65000, Oracle MIS=32104, Improvement=0
n=65000, coeff=11.0, trial=7, GT MIS=32500, Greedy MIS=32104, |S|=65000, Oracle MIS=32104, Improvement=0
n=65000, coeff=11.0, trial=7, GT MIS=32500, Greedy MIS=32104, |S|=65000, Oracle MIS=32104, Improvement=0
n=65000, coeff=11.0, trial=7, GT MIS=32500, Greedy MIS=32104, |S|=64972, Oracle MIS=32009, Improvement=-95
n=65000, coeff=11.0, trial=7, GT MIS=32500, Greedy MIS=32104, |S|=64139, Oracle MIS=32105, Improvement=1
n=65000, coeff=11.0, trial=7, GT MIS=32500, Greedy MIS=32104, |S|=58925, Oracle MIS=32500, Improvement=396
n=65000, coeff=11.0, trial=7, GT MIS=32500, Greedy MIS=32104, |S|=47091, Oracle MIS=32500, Improvement=396
n=65000, coeff=11.0, trial=7, GT MIS=32500, Greedy MIS=32104, |S|=36508, Oracle MIS=32500, Improvement=396
n=65000, coeff=11.0, trial=7, GT MIS=32500, Greedy MIS=32104, |S|=33087, Oracle MIS=32500, Improvement=396
n=65000, coeff=11.0, trial=7, GT MIS=32500, Greedy MIS=32104, |S|=32551, Oracle MIS=32500, Improvement=396
n=65000, coeff=11.0, trial=8, GT MIS=32500, Greedy MIS=31336, |S|=65000, Oracle MIS=31336, Improvement=0
n=65000, coeff=11.0, trial=8, GT MIS=32500, Greedy MIS=31336, |S|=65000, Oracle MIS=31336, Improvement=0
n=65000, coeff=11.0, trial=8, GT MIS=32500, Greedy MIS=31336, |S|=65000, Oracle MIS=31336, Improvement=0
n=65000, coeff=11.0, trial=8, GT MIS=32500, Greedy MIS=31336, |S|=64960, Oracle MIS=31336, Improvement=0
n=65000, coeff=11.0, trial=8, GT MIS=32500, Greedy MIS=31336, |S|=64125, Oracle MIS=31966, Improvement=630
n=65000, coeff=11.0, trial=8, GT MIS=32500, Greedy MIS=31336, |S|=58915, Oracle MIS=32500, Improvement=1164
n=65000, coeff=11.0, trial=8, GT MIS=32500, Greedy MIS=31336, |S|=47047, Oracle MIS=32500, Improvement=1164
n=65000, coeff=11.0, trial=8, GT MIS=32500, Greedy MIS=31336, |S|=36571, Oracle MIS=32500, Improvement=1164
n=65000, coeff=11.0, trial=8, GT MIS=32500, Greedy MIS=31336, |S|=33105, Oracle MIS=32500, Improvement=1164
n=65000, coeff=11.0, trial=8, GT MIS=32500, Greedy MIS=31336, |S|=32539, Oracle MIS=32500, Improvement=1164
n=65000, coeff=11.0, trial=9, GT MIS=32500, Greedy MIS=31308, |S|=65000, Oracle MIS=31308, Improvement=0
n=65000, coeff=11.0, trial=9, GT MIS=32500, Greedy MIS=31308, |S|=65000, Oracle MIS=31308, Improvement=0
n=65000, coeff=11.0, trial=9, GT MIS=32500, Greedy MIS=31308, |S|=65000, Oracle MIS=31308, Improvement=0
n=65000, coeff=11.0, trial=9, GT MIS=32500, Greedy MIS=31308, |S|=64950, Oracle MIS=31308, Improvement=0
n=65000, coeff=11.0, trial=9, GT MIS=32500, Greedy MIS=31308, |S|=64134, Oracle MIS=32141, Improvement=833
n=65000, coeff=11.0, trial=9, GT MIS=32500, Greedy MIS=31308, |S|=58565, Oracle MIS=32500, Improvement=1192
n=65000, coeff=11.0, trial=9, GT MIS=32500, Greedy MIS=31308, |S|=46553, Oracle MIS=32500, Improvement=1192
n=65000, coeff=11.0, trial=9, GT MIS=32500, Greedy MIS=31308, |S|=36392, Oracle MIS=32500, Improvement=1192
n=65000, coeff=11.0, trial=9, GT MIS=32500, Greedy MIS=31308, |S|=33026, Oracle MIS=32500, Improvement=1192
n=65000, coeff=11.0, trial=9, GT MIS=32500, Greedy MIS=31308, |S|=32542, Oracle MIS=32500, Improvement=1192
Results saved to bipartite_experiment_results_epislons_65000.csv
