Running job on compute-3-01
Requested resources:
  - CPUs: 12
  - GPUs: 
  - Memory: 18000
n=15000, coeff=20.0, trial=0, GT MIS=7500, Greedy MIS=7446, |S|=15000, Oracle MIS=7446, Improvement=0
n=15000, coeff=20.0, trial=0, GT MIS=7500, Greedy MIS=7446, |S|=15000, Oracle MIS=7446, Improvement=0
n=15000, coeff=20.0, trial=0, GT MIS=7500, Greedy MIS=7446, |S|=15000, Oracle MIS=7446, Improvement=0
n=15000, coeff=20.0, trial=0, GT MIS=7500, Greedy MIS=7446, |S|=14973, Oracle MIS=7419, Improvement=-27
n=15000, coeff=20.0, trial=0, GT MIS=7500, Greedy MIS=7446, |S|=14464, Oracle MIS=7500, Improvement=54
n=15000, coeff=20.0, trial=0, GT MIS=7500, Greedy MIS=7446, |S|=11954, Oracle MIS=7500, Improvement=54
n=15000, coeff=20.0, trial=0, GT MIS=7500, Greedy MIS=7446, |S|=8632, Oracle MIS=7500, Improvement=54
n=15000, coeff=20.0, trial=0, GT MIS=7500, Greedy MIS=7446, |S|=7588, Oracle MIS=7500, Improvement=54
n=15000, coeff=20.0, trial=0, GT MIS=7500, Greedy MIS=7446, |S|=7507, Oracle MIS=7500, Improvement=54
n=15000, coeff=20.0, trial=0, GT MIS=7500, Greedy MIS=7446, |S|=7500, Oracle MIS=7500, Improvement=54
n=15000, coeff=20.0, trial=1, GT MIS=7500, Greedy MIS=7380, |S|=15000, Oracle MIS=7380, Improvement=0
n=15000, coeff=20.0, trial=1, GT MIS=7500, Greedy MIS=7380, |S|=15000, Oracle MIS=7380, Improvement=0
n=15000, coeff=20.0, trial=1, GT MIS=7500, Greedy MIS=7380, |S|=15000, Oracle MIS=7380, Improvement=0
n=15000, coeff=20.0, trial=1, GT MIS=7500, Greedy MIS=7380, |S|=14964, Oracle MIS=7345, Improvement=-35
n=15000, coeff=20.0, trial=1, GT MIS=7500, Greedy MIS=7380, |S|=14196, Oracle MIS=7500, Improvement=120
n=15000, coeff=20.0, trial=1, GT MIS=7500, Greedy MIS=7380, |S|=11379, Oracle MIS=7500, Improvement=120
n=15000, coeff=20.0, trial=1, GT MIS=7500, Greedy MIS=7380, |S|=8366, Oracle MIS=7500, Improvement=120
n=15000, coeff=20.0, trial=1, GT MIS=7500, Greedy MIS=7380, |S|=7553, Oracle MIS=7500, Improvement=120
n=15000, coeff=20.0, trial=1, GT MIS=7500, Greedy MIS=7380, |S|=7500, Oracle MIS=7500, Improvement=120
n=15000, coeff=20.0, trial=1, GT MIS=7500, Greedy MIS=7380, |S|=7500, Oracle MIS=7500, Improvement=120
n=15000, coeff=20.0, trial=2, GT MIS=7500, Greedy MIS=7379, |S|=15000, Oracle MIS=7379, Improvement=0
n=15000, coeff=20.0, trial=2, GT MIS=7500, Greedy MIS=7379, |S|=15000, Oracle MIS=7379, Improvement=0
n=15000, coeff=20.0, trial=2, GT MIS=7500, Greedy MIS=7379, |S|=15000, Oracle MIS=7379, Improvement=0
n=15000, coeff=20.0, trial=2, GT MIS=7500, Greedy MIS=7379, |S|=14968, Oracle MIS=7285, Improvement=-94
n=15000, coeff=20.0, trial=2, GT MIS=7500, Greedy MIS=7379, |S|=14285, Oracle MIS=7500, Improvement=121
n=15000, coeff=20.0, trial=2, GT MIS=7500, Greedy MIS=7379, |S|=11326, Oracle MIS=7500, Improvement=121
n=15000, coeff=20.0, trial=2, GT MIS=7500, Greedy MIS=7379, |S|=8324, Oracle MIS=7500, Improvement=121
n=15000, coeff=20.0, trial=2, GT MIS=7500, Greedy MIS=7379, |S|=7560, Oracle MIS=7500, Improvement=121
n=15000, coeff=20.0, trial=2, GT MIS=7500, Greedy MIS=7379, |S|=7500, Oracle MIS=7500, Improvement=121
n=15000, coeff=20.0, trial=2, GT MIS=7500, Greedy MIS=7379, |S|=7500, Oracle MIS=7500, Improvement=121
n=15000, coeff=20.0, trial=3, GT MIS=7500, Greedy MIS=7385, |S|=15000, Oracle MIS=7385, Improvement=0
n=15000, coeff=20.0, trial=3, GT MIS=7500, Greedy MIS=7385, |S|=15000, Oracle MIS=7385, Improvement=0
n=15000, coeff=20.0, trial=3, GT MIS=7500, Greedy MIS=7385, |S|=15000, Oracle MIS=7385, Improvement=0
n=15000, coeff=20.0, trial=3, GT MIS=7500, Greedy MIS=7385, |S|=14989, Oracle MIS=7374, Improvement=-11
n=15000, coeff=20.0, trial=3, GT MIS=7500, Greedy MIS=7385, |S|=14525, Oracle MIS=7500, Improvement=115
n=15000, coeff=20.0, trial=3, GT MIS=7500, Greedy MIS=7385, |S|=11964, Oracle MIS=7500, Improvement=115
n=15000, coeff=20.0, trial=3, GT MIS=7500, Greedy MIS=7385, |S|=8622, Oracle MIS=7500, Improvement=115
n=15000, coeff=20.0, trial=3, GT MIS=7500, Greedy MIS=7385, |S|=7597, Oracle MIS=7500, Improvement=115
n=15000, coeff=20.0, trial=3, GT MIS=7500, Greedy MIS=7385, |S|=7500, Oracle MIS=7500, Improvement=115
n=15000, coeff=20.0, trial=3, GT MIS=7500, Greedy MIS=7385, |S|=7500, Oracle MIS=7500, Improvement=115
n=15000, coeff=20.0, trial=4, GT MIS=7500, Greedy MIS=7500, |S|=15000, Oracle MIS=7500, Improvement=0
n=15000, coeff=20.0, trial=4, GT MIS=7500, Greedy MIS=7500, |S|=15000, Oracle MIS=7500, Improvement=0
n=15000, coeff=20.0, trial=4, GT MIS=7500, Greedy MIS=7500, |S|=15000, Oracle MIS=7500, Improvement=0
n=15000, coeff=20.0, trial=4, GT MIS=7500, Greedy MIS=7500, |S|=14955, Oracle MIS=7393, Improvement=-107
n=15000, coeff=20.0, trial=4, GT MIS=7500, Greedy MIS=7500, |S|=14120, Oracle MIS=7500, Improvement=0
n=15000, coeff=20.0, trial=4, GT MIS=7500, Greedy MIS=7500, |S|=11171, Oracle MIS=7500, Improvement=0
n=15000, coeff=20.0, trial=4, GT MIS=7500, Greedy MIS=7500, |S|=8250, Oracle MIS=7500, Improvement=0
n=15000, coeff=20.0, trial=4, GT MIS=7500, Greedy MIS=7500, |S|=7546, Oracle MIS=7500, Improvement=0
n=15000, coeff=20.0, trial=4, GT MIS=7500, Greedy MIS=7500, |S|=7500, Oracle MIS=7500, Improvement=0
n=15000, coeff=20.0, trial=4, GT MIS=7500, Greedy MIS=7500, |S|=7500, Oracle MIS=7500, Improvement=0
n=15000, coeff=20.0, trial=5, GT MIS=7500, Greedy MIS=7500, |S|=15000, Oracle MIS=7500, Improvement=0
n=15000, coeff=20.0, trial=5, GT MIS=7500, Greedy MIS=7500, |S|=15000, Oracle MIS=7500, Improvement=0
n=15000, coeff=20.0, trial=5, GT MIS=7500, Greedy MIS=7500, |S|=15000, Oracle MIS=7500, Improvement=0
n=15000, coeff=20.0, trial=5, GT MIS=7500, Greedy MIS=7500, |S|=14975, Oracle MIS=7475, Improvement=-25
n=15000, coeff=20.0, trial=5, GT MIS=7500, Greedy MIS=7500, |S|=14371, Oracle MIS=7500, Improvement=0
n=15000, coeff=20.0, trial=5, GT MIS=7500, Greedy MIS=7500, |S|=11547, Oracle MIS=7500, Improvement=0
n=15000, coeff=20.0, trial=5, GT MIS=7500, Greedy MIS=7500, |S|=8518, Oracle MIS=7500, Improvement=0
n=15000, coeff=20.0, trial=5, GT MIS=7500, Greedy MIS=7500, |S|=7601, Oracle MIS=7500, Improvement=0
n=15000, coeff=20.0, trial=5, GT MIS=7500, Greedy MIS=7500, |S|=7502, Oracle MIS=7500, Improvement=0
n=15000, coeff=20.0, trial=5, GT MIS=7500, Greedy MIS=7500, |S|=7500, Oracle MIS=7500, Improvement=0
n=15000, coeff=20.0, trial=6, GT MIS=7500, Greedy MIS=7264, |S|=15000, Oracle MIS=7264, Improvement=0
n=15000, coeff=20.0, trial=6, GT MIS=7500, Greedy MIS=7264, |S|=15000, Oracle MIS=7264, Improvement=0
n=15000, coeff=20.0, trial=6, GT MIS=7500, Greedy MIS=7264, |S|=14999, Oracle MIS=7263, Improvement=-1
n=15000, coeff=20.0, trial=6, GT MIS=7500, Greedy MIS=7264, |S|=14976, Oracle MIS=7500, Improvement=236
n=15000, coeff=20.0, trial=6, GT MIS=7500, Greedy MIS=7264, |S|=14326, Oracle MIS=7500, Improvement=236
n=15000, coeff=20.0, trial=6, GT MIS=7500, Greedy MIS=7264, |S|=11521, Oracle MIS=7500, Improvement=236
n=15000, coeff=20.0, trial=6, GT MIS=7500, Greedy MIS=7264, |S|=8532, Oracle MIS=7500, Improvement=236
n=15000, coeff=20.0, trial=6, GT MIS=7500, Greedy MIS=7264, |S|=7575, Oracle MIS=7500, Improvement=236
n=15000, coeff=20.0, trial=6, GT MIS=7500, Greedy MIS=7264, |S|=7502, Oracle MIS=7500, Improvement=236
n=15000, coeff=20.0, trial=6, GT MIS=7500, Greedy MIS=7264, |S|=7500, Oracle MIS=7500, Improvement=236
n=15000, coeff=20.0, trial=7, GT MIS=7500, Greedy MIS=7379, |S|=15000, Oracle MIS=7379, Improvement=0
n=15000, coeff=20.0, trial=7, GT MIS=7500, Greedy MIS=7379, |S|=15000, Oracle MIS=7379, Improvement=0
n=15000, coeff=20.0, trial=7, GT MIS=7500, Greedy MIS=7379, |S|=15000, Oracle MIS=7379, Improvement=0
n=15000, coeff=20.0, trial=7, GT MIS=7500, Greedy MIS=7379, |S|=14963, Oracle MIS=7379, Improvement=0
n=15000, coeff=20.0, trial=7, GT MIS=7500, Greedy MIS=7379, |S|=14275, Oracle MIS=7500, Improvement=121
n=15000, coeff=20.0, trial=7, GT MIS=7500, Greedy MIS=7379, |S|=11319, Oracle MIS=7500, Improvement=121
n=15000, coeff=20.0, trial=7, GT MIS=7500, Greedy MIS=7379, |S|=8284, Oracle MIS=7500, Improvement=121
n=15000, coeff=20.0, trial=7, GT MIS=7500, Greedy MIS=7379, |S|=7553, Oracle MIS=7500, Improvement=121
n=15000, coeff=20.0, trial=7, GT MIS=7500, Greedy MIS=7379, |S|=7504, Oracle MIS=7500, Improvement=121
n=15000, coeff=20.0, trial=7, GT MIS=7500, Greedy MIS=7379, |S|=7500, Oracle MIS=7500, Improvement=121
n=15000, coeff=20.0, trial=8, GT MIS=7500, Greedy MIS=7500, |S|=15000, Oracle MIS=7500, Improvement=0
n=15000, coeff=20.0, trial=8, GT MIS=7500, Greedy MIS=7500, |S|=15000, Oracle MIS=7500, Improvement=0
n=15000, coeff=20.0, trial=8, GT MIS=7500, Greedy MIS=7500, |S|=15000, Oracle MIS=7500, Improvement=0
n=15000, coeff=20.0, trial=8, GT MIS=7500, Greedy MIS=7500, |S|=14985, Oracle MIS=7485, Improvement=-15
n=15000, coeff=20.0, trial=8, GT MIS=7500, Greedy MIS=7500, |S|=14614, Oracle MIS=7500, Improvement=0
n=15000, coeff=20.0, trial=8, GT MIS=7500, Greedy MIS=7500, |S|=12319, Oracle MIS=7500, Improvement=0
n=15000, coeff=20.0, trial=8, GT MIS=7500, Greedy MIS=7500, |S|=8940, Oracle MIS=7500, Improvement=0
n=15000, coeff=20.0, trial=8, GT MIS=7500, Greedy MIS=7500, |S|=7649, Oracle MIS=7500, Improvement=0
n=15000, coeff=20.0, trial=8, GT MIS=7500, Greedy MIS=7500, |S|=7503, Oracle MIS=7500, Improvement=0
n=15000, coeff=20.0, trial=8, GT MIS=7500, Greedy MIS=7500, |S|=7500, Oracle MIS=7500, Improvement=0
n=15000, coeff=20.0, trial=9, GT MIS=7500, Greedy MIS=7500, |S|=15000, Oracle MIS=7500, Improvement=0
n=15000, coeff=20.0, trial=9, GT MIS=7500, Greedy MIS=7500, |S|=15000, Oracle MIS=7500, Improvement=0
n=15000, coeff=20.0, trial=9, GT MIS=7500, Greedy MIS=7500, |S|=15000, Oracle MIS=7500, Improvement=0
n=15000, coeff=20.0, trial=9, GT MIS=7500, Greedy MIS=7500, |S|=14975, Oracle MIS=7475, Improvement=-25
n=15000, coeff=20.0, trial=9, GT MIS=7500, Greedy MIS=7500, |S|=14498, Oracle MIS=7500, Improvement=0
n=15000, coeff=20.0, trial=9, GT MIS=7500, Greedy MIS=7500, |S|=11693, Oracle MIS=7500, Improvement=0
n=15000, coeff=20.0, trial=9, GT MIS=7500, Greedy MIS=7500, |S|=8505, Oracle MIS=7500, Improvement=0
n=15000, coeff=20.0, trial=9, GT MIS=7500, Greedy MIS=7500, |S|=7576, Oracle MIS=7500, Improvement=0
n=15000, coeff=20.0, trial=9, GT MIS=7500, Greedy MIS=7500, |S|=7502, Oracle MIS=7500, Improvement=0
n=15000, coeff=20.0, trial=9, GT MIS=7500, Greedy MIS=7500, |S|=7500, Oracle MIS=7500, Improvement=0
Results saved to bipartite_experiment_results_epislons_15000.csv
