Running job on compute-1-05
Requested resources:
  - CPUs: 18
  - GPUs: 
  - Memory: 18000
n=65000, coeff=7.0, trial=0, GT MIS=32500, Greedy MIS=31731, |S|=65000, Oracle MIS=31731, Improvement=0
n=65000, coeff=7.0, trial=0, GT MIS=32500, Greedy MIS=31731, |S|=65000, Oracle MIS=31731, Improvement=0
n=65000, coeff=7.0, trial=0, GT MIS=32500, Greedy MIS=31731, |S|=64999, Oracle MIS=31730, Improvement=-1
n=65000, coeff=7.0, trial=0, GT MIS=32500, Greedy MIS=31731, |S|=64981, Oracle MIS=31712, Improvement=-19
n=65000, coeff=7.0, trial=0, GT MIS=32500, Greedy MIS=31731, |S|=64663, Oracle MIS=31137, Improvement=-594
n=65000, coeff=7.0, trial=0, GT MIS=32500, Greedy MIS=31731, |S|=62623, Oracle MIS=32309, Improvement=578
n=65000, coeff=7.0, trial=0, GT MIS=32500, Greedy MIS=31731, |S|=55607, Oracle MIS=32500, Improvement=769
n=65000, coeff=7.0, trial=0, GT MIS=32500, Greedy MIS=31731, |S|=44960, Oracle MIS=32500, Improvement=769
n=65000, coeff=7.0, trial=0, GT MIS=32500, Greedy MIS=31731, |S|=37031, Oracle MIS=32500, Improvement=769
n=65000, coeff=7.0, trial=0, GT MIS=32500, Greedy MIS=31731, |S|=33501, Oracle MIS=32499, Improvement=768
n=65000, coeff=7.0, trial=1, GT MIS=32500, Greedy MIS=32094, |S|=65000, Oracle MIS=32094, Improvement=0
n=65000, coeff=7.0, trial=1, GT MIS=32500, Greedy MIS=32094, |S|=65000, Oracle MIS=32094, Improvement=0
n=65000, coeff=7.0, trial=1, GT MIS=32500, Greedy MIS=32094, |S|=65000, Oracle MIS=32094, Improvement=0
n=65000, coeff=7.0, trial=1, GT MIS=32500, Greedy MIS=32094, |S|=64985, Oracle MIS=32060, Improvement=-34
n=65000, coeff=7.0, trial=1, GT MIS=32500, Greedy MIS=32094, |S|=64682, Oracle MIS=31423, Improvement=-671
n=65000, coeff=7.0, trial=1, GT MIS=32500, Greedy MIS=32094, |S|=62637, Oracle MIS=32283, Improvement=189
n=65000, coeff=7.0, trial=1, GT MIS=32500, Greedy MIS=32094, |S|=55785, Oracle MIS=32500, Improvement=406
n=65000, coeff=7.0, trial=1, GT MIS=32500, Greedy MIS=32094, |S|=45150, Oracle MIS=32500, Improvement=406
n=65000, coeff=7.0, trial=1, GT MIS=32500, Greedy MIS=32094, |S|=37184, Oracle MIS=32500, Improvement=406
n=65000, coeff=7.0, trial=1, GT MIS=32500, Greedy MIS=32094, |S|=33450, Oracle MIS=32498, Improvement=404
n=65000, coeff=7.0, trial=2, GT MIS=32500, Greedy MIS=31893, |S|=65000, Oracle MIS=31893, Improvement=0
n=65000, coeff=7.0, trial=2, GT MIS=32500, Greedy MIS=31893, |S|=65000, Oracle MIS=31893, Improvement=0
n=65000, coeff=7.0, trial=2, GT MIS=32500, Greedy MIS=31893, |S|=65000, Oracle MIS=31893, Improvement=0
n=65000, coeff=7.0, trial=2, GT MIS=32500, Greedy MIS=31893, |S|=64979, Oracle MIS=31872, Improvement=-21
n=65000, coeff=7.0, trial=2, GT MIS=32500, Greedy MIS=31893, |S|=64675, Oracle MIS=31270, Improvement=-623
n=65000, coeff=7.0, trial=2, GT MIS=32500, Greedy MIS=31893, |S|=62463, Oracle MIS=32387, Improvement=494
n=65000, coeff=7.0, trial=2, GT MIS=32500, Greedy MIS=31893, |S|=55714, Oracle MIS=32500, Improvement=607
n=65000, coeff=7.0, trial=2, GT MIS=32500, Greedy MIS=31893, |S|=45053, Oracle MIS=32500, Improvement=607
n=65000, coeff=7.0, trial=2, GT MIS=32500, Greedy MIS=31893, |S|=36943, Oracle MIS=32500, Improvement=607
n=65000, coeff=7.0, trial=2, GT MIS=32500, Greedy MIS=31893, |S|=33494, Oracle MIS=32497, Improvement=604
n=65000, coeff=7.0, trial=3, GT MIS=32500, Greedy MIS=31975, |S|=65000, Oracle MIS=31975, Improvement=0
n=65000, coeff=7.0, trial=3, GT MIS=32500, Greedy MIS=31975, |S|=65000, Oracle MIS=31975, Improvement=0
n=65000, coeff=7.0, trial=3, GT MIS=32500, Greedy MIS=31975, |S|=64999, Oracle MIS=31974, Improvement=-1
n=65000, coeff=7.0, trial=3, GT MIS=32500, Greedy MIS=31975, |S|=64981, Oracle MIS=31939, Improvement=-36
n=65000, coeff=7.0, trial=3, GT MIS=32500, Greedy MIS=31975, |S|=64676, Oracle MIS=31496, Improvement=-479
n=65000, coeff=7.0, trial=3, GT MIS=32500, Greedy MIS=31975, |S|=62682, Oracle MIS=32313, Improvement=338
n=65000, coeff=7.0, trial=3, GT MIS=32500, Greedy MIS=31975, |S|=55739, Oracle MIS=32500, Improvement=525
n=65000, coeff=7.0, trial=3, GT MIS=32500, Greedy MIS=31975, |S|=45153, Oracle MIS=32500, Improvement=525
n=65000, coeff=7.0, trial=3, GT MIS=32500, Greedy MIS=31975, |S|=37193, Oracle MIS=32500, Improvement=525
n=65000, coeff=7.0, trial=3, GT MIS=32500, Greedy MIS=31975, |S|=33523, Oracle MIS=32500, Improvement=525
n=65000, coeff=7.0, trial=4, GT MIS=32500, Greedy MIS=32026, |S|=65000, Oracle MIS=32026, Improvement=0
n=65000, coeff=7.0, trial=4, GT MIS=32500, Greedy MIS=32026, |S|=65000, Oracle MIS=32026, Improvement=0
n=65000, coeff=7.0, trial=4, GT MIS=32500, Greedy MIS=32026, |S|=65000, Oracle MIS=32026, Improvement=0
n=65000, coeff=7.0, trial=4, GT MIS=32500, Greedy MIS=32026, |S|=64991, Oracle MIS=32018, Improvement=-8
n=65000, coeff=7.0, trial=4, GT MIS=32500, Greedy MIS=32026, |S|=64684, Oracle MIS=31488, Improvement=-538
n=65000, coeff=7.0, trial=4, GT MIS=32500, Greedy MIS=32026, |S|=62377, Oracle MIS=32299, Improvement=273
n=65000, coeff=7.0, trial=4, GT MIS=32500, Greedy MIS=32026, |S|=55317, Oracle MIS=32500, Improvement=474
n=65000, coeff=7.0, trial=4, GT MIS=32500, Greedy MIS=32026, |S|=45270, Oracle MIS=32500, Improvement=474
n=65000, coeff=7.0, trial=4, GT MIS=32500, Greedy MIS=32026, |S|=37079, Oracle MIS=32500, Improvement=474
n=65000, coeff=7.0, trial=4, GT MIS=32500, Greedy MIS=32026, |S|=33491, Oracle MIS=32499, Improvement=473
n=65000, coeff=7.0, trial=5, GT MIS=32500, Greedy MIS=31921, |S|=65000, Oracle MIS=31921, Improvement=0
n=65000, coeff=7.0, trial=5, GT MIS=32500, Greedy MIS=31921, |S|=65000, Oracle MIS=31921, Improvement=0
n=65000, coeff=7.0, trial=5, GT MIS=32500, Greedy MIS=31921, |S|=65000, Oracle MIS=31921, Improvement=0
n=65000, coeff=7.0, trial=5, GT MIS=32500, Greedy MIS=31921, |S|=64990, Oracle MIS=31911, Improvement=-10
n=65000, coeff=7.0, trial=5, GT MIS=32500, Greedy MIS=31921, |S|=64714, Oracle MIS=31495, Improvement=-426
n=65000, coeff=7.0, trial=5, GT MIS=32500, Greedy MIS=31921, |S|=62777, Oracle MIS=32323, Improvement=402
n=65000, coeff=7.0, trial=5, GT MIS=32500, Greedy MIS=31921, |S|=56013, Oracle MIS=32500, Improvement=579
n=65000, coeff=7.0, trial=5, GT MIS=32500, Greedy MIS=31921, |S|=45269, Oracle MIS=32500, Improvement=579
n=65000, coeff=7.0, trial=5, GT MIS=32500, Greedy MIS=31921, |S|=37194, Oracle MIS=32500, Improvement=579
n=65000, coeff=7.0, trial=5, GT MIS=32500, Greedy MIS=31921, |S|=33529, Oracle MIS=32499, Improvement=578
n=65000, coeff=7.0, trial=6, GT MIS=32500, Greedy MIS=31996, |S|=65000, Oracle MIS=31996, Improvement=0
n=65000, coeff=7.0, trial=6, GT MIS=32500, Greedy MIS=31996, |S|=65000, Oracle MIS=31996, Improvement=0
n=65000, coeff=7.0, trial=6, GT MIS=32500, Greedy MIS=31996, |S|=65000, Oracle MIS=31996, Improvement=0
n=65000, coeff=7.0, trial=6, GT MIS=32500, Greedy MIS=31996, |S|=64983, Oracle MIS=31903, Improvement=-93
n=65000, coeff=7.0, trial=6, GT MIS=32500, Greedy MIS=31996, |S|=64625, Oracle MIS=31160, Improvement=-836
n=65000, coeff=7.0, trial=6, GT MIS=32500, Greedy MIS=31996, |S|=62383, Oracle MIS=32352, Improvement=356
n=65000, coeff=7.0, trial=6, GT MIS=32500, Greedy MIS=31996, |S|=55365, Oracle MIS=32500, Improvement=504
n=65000, coeff=7.0, trial=6, GT MIS=32500, Greedy MIS=31996, |S|=44697, Oracle MIS=32500, Improvement=504
n=65000, coeff=7.0, trial=6, GT MIS=32500, Greedy MIS=31996, |S|=36673, Oracle MIS=32500, Improvement=504
n=65000, coeff=7.0, trial=6, GT MIS=32500, Greedy MIS=31996, |S|=33394, Oracle MIS=32499, Improvement=503
n=65000, coeff=7.0, trial=7, GT MIS=32500, Greedy MIS=31924, |S|=65000, Oracle MIS=31924, Improvement=0
n=65000, coeff=7.0, trial=7, GT MIS=32500, Greedy MIS=31924, |S|=65000, Oracle MIS=31924, Improvement=0
n=65000, coeff=7.0, trial=7, GT MIS=32500, Greedy MIS=31924, |S|=64999, Oracle MIS=31923, Improvement=-1
n=65000, coeff=7.0, trial=7, GT MIS=32500, Greedy MIS=31924, |S|=64977, Oracle MIS=31885, Improvement=-39
n=65000, coeff=7.0, trial=7, GT MIS=32500, Greedy MIS=31924, |S|=64681, Oracle MIS=31279, Improvement=-645
n=65000, coeff=7.0, trial=7, GT MIS=32500, Greedy MIS=31924, |S|=62502, Oracle MIS=32190, Improvement=266
n=65000, coeff=7.0, trial=7, GT MIS=32500, Greedy MIS=31924, |S|=55451, Oracle MIS=32500, Improvement=576
n=65000, coeff=7.0, trial=7, GT MIS=32500, Greedy MIS=31924, |S|=44788, Oracle MIS=32500, Improvement=576
n=65000, coeff=7.0, trial=7, GT MIS=32500, Greedy MIS=31924, |S|=36856, Oracle MIS=32500, Improvement=576
n=65000, coeff=7.0, trial=7, GT MIS=32500, Greedy MIS=31924, |S|=33422, Oracle MIS=32500, Improvement=576
n=65000, coeff=7.0, trial=8, GT MIS=32500, Greedy MIS=31696, |S|=65000, Oracle MIS=31696, Improvement=0
n=65000, coeff=7.0, trial=8, GT MIS=32500, Greedy MIS=31696, |S|=65000, Oracle MIS=31696, Improvement=0
n=65000, coeff=7.0, trial=8, GT MIS=32500, Greedy MIS=31696, |S|=64999, Oracle MIS=31695, Improvement=-1
n=65000, coeff=7.0, trial=8, GT MIS=32500, Greedy MIS=31696, |S|=64978, Oracle MIS=31676, Improvement=-20
n=65000, coeff=7.0, trial=8, GT MIS=32500, Greedy MIS=31696, |S|=64642, Oracle MIS=30556, Improvement=-1140
n=65000, coeff=7.0, trial=8, GT MIS=32500, Greedy MIS=31696, |S|=62588, Oracle MIS=32276, Improvement=580
n=65000, coeff=7.0, trial=8, GT MIS=32500, Greedy MIS=31696, |S|=55683, Oracle MIS=32500, Improvement=804
n=65000, coeff=7.0, trial=8, GT MIS=32500, Greedy MIS=31696, |S|=44852, Oracle MIS=32500, Improvement=804
n=65000, coeff=7.0, trial=8, GT MIS=32500, Greedy MIS=31696, |S|=36903, Oracle MIS=32500, Improvement=804
n=65000, coeff=7.0, trial=8, GT MIS=32500, Greedy MIS=31696, |S|=33467, Oracle MIS=32499, Improvement=803
n=65000, coeff=7.0, trial=9, GT MIS=32500, Greedy MIS=31800, |S|=65000, Oracle MIS=31800, Improvement=0
n=65000, coeff=7.0, trial=9, GT MIS=32500, Greedy MIS=31800, |S|=65000, Oracle MIS=31800, Improvement=0
n=65000, coeff=7.0, trial=9, GT MIS=32500, Greedy MIS=31800, |S|=65000, Oracle MIS=31800, Improvement=0
n=65000, coeff=7.0, trial=9, GT MIS=32500, Greedy MIS=31800, |S|=64979, Oracle MIS=31742, Improvement=-58
n=65000, coeff=7.0, trial=9, GT MIS=32500, Greedy MIS=31800, |S|=64632, Oracle MIS=31157, Improvement=-643
n=65000, coeff=7.0, trial=9, GT MIS=32500, Greedy MIS=31800, |S|=62375, Oracle MIS=32418, Improvement=618
n=65000, coeff=7.0, trial=9, GT MIS=32500, Greedy MIS=31800, |S|=55260, Oracle MIS=32500, Improvement=700
n=65000, coeff=7.0, trial=9, GT MIS=32500, Greedy MIS=31800, |S|=44330, Oracle MIS=32500, Improvement=700
n=65000, coeff=7.0, trial=9, GT MIS=32500, Greedy MIS=31800, |S|=36633, Oracle MIS=32499, Improvement=699
n=65000, coeff=7.0, trial=9, GT MIS=32500, Greedy MIS=31800, |S|=33349, Oracle MIS=32497, Improvement=697
Results saved to bipartite_experiment_results_epislons_65000.csv
