Running job on compute-0-01
Requested resources:
  - CPUs: 18
  - GPUs: 
  - Memory: 18000
n=50000, coeff=14.0, trial=0, GT MIS=25000, Greedy MIS=24638, |S|=50000, Oracle MIS=24638, Improvement=0
n=50000, coeff=14.0, trial=0, GT MIS=25000, Greedy MIS=24638, |S|=50000, Oracle MIS=24638, Improvement=0
n=50000, coeff=14.0, trial=0, GT MIS=25000, Greedy MIS=24638, |S|=49999, Oracle MIS=24637, Improvement=-1
n=50000, coeff=14.0, trial=0, GT MIS=25000, Greedy MIS=24638, |S|=49943, Oracle MIS=24581, Improvement=-57
n=50000, coeff=14.0, trial=0, GT MIS=25000, Greedy MIS=24638, |S|=48949, Oracle MIS=24874, Improvement=236
n=50000, coeff=14.0, trial=0, GT MIS=25000, Greedy MIS=24638, |S|=42523, Oracle MIS=25000, Improvement=362
n=50000, coeff=14.0, trial=0, GT MIS=25000, Greedy MIS=24638, |S|=31976, Oracle MIS=25000, Improvement=362
n=50000, coeff=14.0, trial=0, GT MIS=25000, Greedy MIS=24638, |S|=26199, Oracle MIS=25000, Improvement=362
n=50000, coeff=14.0, trial=0, GT MIS=25000, Greedy MIS=24638, |S|=25098, Oracle MIS=25000, Improvement=362
n=50000, coeff=14.0, trial=0, GT MIS=25000, Greedy MIS=24638, |S|=25003, Oracle MIS=25000, Improvement=362
n=50000, coeff=14.0, trial=1, GT MIS=25000, Greedy MIS=24182, |S|=50000, Oracle MIS=24182, Improvement=0
n=50000, coeff=14.0, trial=1, GT MIS=25000, Greedy MIS=24182, |S|=50000, Oracle MIS=24182, Improvement=0
n=50000, coeff=14.0, trial=1, GT MIS=25000, Greedy MIS=24182, |S|=50000, Oracle MIS=24182, Improvement=0
n=50000, coeff=14.0, trial=1, GT MIS=25000, Greedy MIS=24182, |S|=49957, Oracle MIS=24182, Improvement=0
n=50000, coeff=14.0, trial=1, GT MIS=25000, Greedy MIS=24182, |S|=49013, Oracle MIS=24912, Improvement=730
n=50000, coeff=14.0, trial=1, GT MIS=25000, Greedy MIS=24182, |S|=42958, Oracle MIS=25000, Improvement=818
n=50000, coeff=14.0, trial=1, GT MIS=25000, Greedy MIS=24182, |S|=32053, Oracle MIS=25000, Improvement=818
n=50000, coeff=14.0, trial=1, GT MIS=25000, Greedy MIS=24182, |S|=26231, Oracle MIS=25000, Improvement=818
n=50000, coeff=14.0, trial=1, GT MIS=25000, Greedy MIS=24182, |S|=25074, Oracle MIS=25000, Improvement=818
n=50000, coeff=14.0, trial=1, GT MIS=25000, Greedy MIS=24182, |S|=25003, Oracle MIS=25000, Improvement=818
n=50000, coeff=14.0, trial=2, GT MIS=25000, Greedy MIS=24774, |S|=50000, Oracle MIS=24774, Improvement=0
n=50000, coeff=14.0, trial=2, GT MIS=25000, Greedy MIS=24774, |S|=50000, Oracle MIS=24774, Improvement=0
n=50000, coeff=14.0, trial=2, GT MIS=25000, Greedy MIS=24774, |S|=49999, Oracle MIS=24774, Improvement=0
n=50000, coeff=14.0, trial=2, GT MIS=25000, Greedy MIS=24774, |S|=49947, Oracle MIS=24821, Improvement=47
n=50000, coeff=14.0, trial=2, GT MIS=25000, Greedy MIS=24774, |S|=48916, Oracle MIS=24958, Improvement=184
n=50000, coeff=14.0, trial=2, GT MIS=25000, Greedy MIS=24774, |S|=42559, Oracle MIS=25000, Improvement=226
n=50000, coeff=14.0, trial=2, GT MIS=25000, Greedy MIS=24774, |S|=31879, Oracle MIS=25000, Improvement=226
n=50000, coeff=14.0, trial=2, GT MIS=25000, Greedy MIS=24774, |S|=26321, Oracle MIS=25000, Improvement=226
n=50000, coeff=14.0, trial=2, GT MIS=25000, Greedy MIS=24774, |S|=25103, Oracle MIS=25000, Improvement=226
n=50000, coeff=14.0, trial=2, GT MIS=25000, Greedy MIS=24774, |S|=25001, Oracle MIS=25000, Improvement=226
n=50000, coeff=14.0, trial=3, GT MIS=25000, Greedy MIS=24543, |S|=50000, Oracle MIS=24543, Improvement=0
n=50000, coeff=14.0, trial=3, GT MIS=25000, Greedy MIS=24543, |S|=50000, Oracle MIS=24543, Improvement=0
n=50000, coeff=14.0, trial=3, GT MIS=25000, Greedy MIS=24543, |S|=50000, Oracle MIS=24543, Improvement=0
n=50000, coeff=14.0, trial=3, GT MIS=25000, Greedy MIS=24543, |S|=49935, Oracle MIS=24481, Improvement=-62
n=50000, coeff=14.0, trial=3, GT MIS=25000, Greedy MIS=24543, |S|=48913, Oracle MIS=24780, Improvement=237
n=50000, coeff=14.0, trial=3, GT MIS=25000, Greedy MIS=24543, |S|=42494, Oracle MIS=25000, Improvement=457
n=50000, coeff=14.0, trial=3, GT MIS=25000, Greedy MIS=24543, |S|=32207, Oracle MIS=25000, Improvement=457
n=50000, coeff=14.0, trial=3, GT MIS=25000, Greedy MIS=24543, |S|=26283, Oracle MIS=25000, Improvement=457
n=50000, coeff=14.0, trial=3, GT MIS=25000, Greedy MIS=24543, |S|=25078, Oracle MIS=25000, Improvement=457
n=50000, coeff=14.0, trial=3, GT MIS=25000, Greedy MIS=24543, |S|=25001, Oracle MIS=25000, Improvement=457
n=50000, coeff=14.0, trial=4, GT MIS=25000, Greedy MIS=24493, |S|=50000, Oracle MIS=24493, Improvement=0
n=50000, coeff=14.0, trial=4, GT MIS=25000, Greedy MIS=24493, |S|=50000, Oracle MIS=24493, Improvement=0
n=50000, coeff=14.0, trial=4, GT MIS=25000, Greedy MIS=24493, |S|=50000, Oracle MIS=24493, Improvement=0
n=50000, coeff=14.0, trial=4, GT MIS=25000, Greedy MIS=24493, |S|=49954, Oracle MIS=24775, Improvement=282
n=50000, coeff=14.0, trial=4, GT MIS=25000, Greedy MIS=24493, |S|=48991, Oracle MIS=24912, Improvement=419
n=50000, coeff=14.0, trial=4, GT MIS=25000, Greedy MIS=24493, |S|=43174, Oracle MIS=25000, Improvement=507
n=50000, coeff=14.0, trial=4, GT MIS=25000, Greedy MIS=24493, |S|=32683, Oracle MIS=25000, Improvement=507
n=50000, coeff=14.0, trial=4, GT MIS=25000, Greedy MIS=24493, |S|=26432, Oracle MIS=25000, Improvement=507
n=50000, coeff=14.0, trial=4, GT MIS=25000, Greedy MIS=24493, |S|=25096, Oracle MIS=25000, Improvement=507
n=50000, coeff=14.0, trial=4, GT MIS=25000, Greedy MIS=24493, |S|=25003, Oracle MIS=25000, Improvement=507
n=50000, coeff=14.0, trial=5, GT MIS=25000, Greedy MIS=24775, |S|=50000, Oracle MIS=24775, Improvement=0
n=50000, coeff=14.0, trial=5, GT MIS=25000, Greedy MIS=24775, |S|=50000, Oracle MIS=24775, Improvement=0
n=50000, coeff=14.0, trial=5, GT MIS=25000, Greedy MIS=24775, |S|=50000, Oracle MIS=24775, Improvement=0
n=50000, coeff=14.0, trial=5, GT MIS=25000, Greedy MIS=24775, |S|=49938, Oracle MIS=24775, Improvement=0
n=50000, coeff=14.0, trial=5, GT MIS=25000, Greedy MIS=24775, |S|=48685, Oracle MIS=24957, Improvement=182
n=50000, coeff=14.0, trial=5, GT MIS=25000, Greedy MIS=24775, |S|=42050, Oracle MIS=25000, Improvement=225
n=50000, coeff=14.0, trial=5, GT MIS=25000, Greedy MIS=24775, |S|=31333, Oracle MIS=25000, Improvement=225
n=50000, coeff=14.0, trial=5, GT MIS=25000, Greedy MIS=24775, |S|=26039, Oracle MIS=25000, Improvement=225
n=50000, coeff=14.0, trial=5, GT MIS=25000, Greedy MIS=24775, |S|=25073, Oracle MIS=25000, Improvement=225
n=50000, coeff=14.0, trial=5, GT MIS=25000, Greedy MIS=24775, |S|=25004, Oracle MIS=25000, Improvement=225
n=50000, coeff=14.0, trial=6, GT MIS=25000, Greedy MIS=24636, |S|=50000, Oracle MIS=24636, Improvement=0
n=50000, coeff=14.0, trial=6, GT MIS=25000, Greedy MIS=24636, |S|=50000, Oracle MIS=24636, Improvement=0
n=50000, coeff=14.0, trial=6, GT MIS=25000, Greedy MIS=24636, |S|=49999, Oracle MIS=24635, Improvement=-1
n=50000, coeff=14.0, trial=6, GT MIS=25000, Greedy MIS=24636, |S|=49950, Oracle MIS=24586, Improvement=-50
n=50000, coeff=14.0, trial=6, GT MIS=25000, Greedy MIS=24636, |S|=48885, Oracle MIS=25000, Improvement=364
n=50000, coeff=14.0, trial=6, GT MIS=25000, Greedy MIS=24636, |S|=42788, Oracle MIS=25000, Improvement=364
n=50000, coeff=14.0, trial=6, GT MIS=25000, Greedy MIS=24636, |S|=32131, Oracle MIS=25000, Improvement=364
n=50000, coeff=14.0, trial=6, GT MIS=25000, Greedy MIS=24636, |S|=26177, Oracle MIS=25000, Improvement=364
n=50000, coeff=14.0, trial=6, GT MIS=25000, Greedy MIS=24636, |S|=25083, Oracle MIS=25000, Improvement=364
n=50000, coeff=14.0, trial=6, GT MIS=25000, Greedy MIS=24636, |S|=25004, Oracle MIS=25000, Improvement=364
n=50000, coeff=14.0, trial=7, GT MIS=25000, Greedy MIS=24510, |S|=50000, Oracle MIS=24510, Improvement=0
n=50000, coeff=14.0, trial=7, GT MIS=25000, Greedy MIS=24510, |S|=50000, Oracle MIS=24510, Improvement=0
n=50000, coeff=14.0, trial=7, GT MIS=25000, Greedy MIS=24510, |S|=50000, Oracle MIS=24510, Improvement=0
n=50000, coeff=14.0, trial=7, GT MIS=25000, Greedy MIS=24510, |S|=49939, Oracle MIS=24510, Improvement=0
n=50000, coeff=14.0, trial=7, GT MIS=25000, Greedy MIS=24510, |S|=48775, Oracle MIS=24832, Improvement=322
n=50000, coeff=14.0, trial=7, GT MIS=25000, Greedy MIS=24510, |S|=42485, Oracle MIS=25000, Improvement=490
n=50000, coeff=14.0, trial=7, GT MIS=25000, Greedy MIS=24510, |S|=31848, Oracle MIS=25000, Improvement=490
n=50000, coeff=14.0, trial=7, GT MIS=25000, Greedy MIS=24510, |S|=26185, Oracle MIS=25000, Improvement=490
n=50000, coeff=14.0, trial=7, GT MIS=25000, Greedy MIS=24510, |S|=25085, Oracle MIS=25000, Improvement=490
n=50000, coeff=14.0, trial=7, GT MIS=25000, Greedy MIS=24510, |S|=25001, Oracle MIS=24999, Improvement=489
n=50000, coeff=14.0, trial=8, GT MIS=25000, Greedy MIS=24909, |S|=50000, Oracle MIS=24909, Improvement=0
n=50000, coeff=14.0, trial=8, GT MIS=25000, Greedy MIS=24909, |S|=50000, Oracle MIS=24909, Improvement=0
n=50000, coeff=14.0, trial=8, GT MIS=25000, Greedy MIS=24909, |S|=49999, Oracle MIS=24908, Improvement=-1
n=50000, coeff=14.0, trial=8, GT MIS=25000, Greedy MIS=24909, |S|=49948, Oracle MIS=24858, Improvement=-51
n=50000, coeff=14.0, trial=8, GT MIS=25000, Greedy MIS=24909, |S|=48993, Oracle MIS=24784, Improvement=-125
n=50000, coeff=14.0, trial=8, GT MIS=25000, Greedy MIS=24909, |S|=43373, Oracle MIS=25000, Improvement=91
n=50000, coeff=14.0, trial=8, GT MIS=25000, Greedy MIS=24909, |S|=32455, Oracle MIS=25000, Improvement=91
n=50000, coeff=14.0, trial=8, GT MIS=25000, Greedy MIS=24909, |S|=26287, Oracle MIS=25000, Improvement=91
n=50000, coeff=14.0, trial=8, GT MIS=25000, Greedy MIS=24909, |S|=25102, Oracle MIS=25000, Improvement=91
n=50000, coeff=14.0, trial=8, GT MIS=25000, Greedy MIS=24909, |S|=25004, Oracle MIS=25000, Improvement=91
n=50000, coeff=14.0, trial=9, GT MIS=25000, Greedy MIS=24681, |S|=50000, Oracle MIS=24681, Improvement=0
n=50000, coeff=14.0, trial=9, GT MIS=25000, Greedy MIS=24681, |S|=50000, Oracle MIS=24681, Improvement=0
n=50000, coeff=14.0, trial=9, GT MIS=25000, Greedy MIS=24681, |S|=49998, Oracle MIS=24681, Improvement=0
n=50000, coeff=14.0, trial=9, GT MIS=25000, Greedy MIS=24681, |S|=49950, Oracle MIS=24681, Improvement=0
n=50000, coeff=14.0, trial=9, GT MIS=25000, Greedy MIS=24681, |S|=48979, Oracle MIS=24956, Improvement=275
n=50000, coeff=14.0, trial=9, GT MIS=25000, Greedy MIS=24681, |S|=42850, Oracle MIS=25000, Improvement=319
n=50000, coeff=14.0, trial=9, GT MIS=25000, Greedy MIS=24681, |S|=32179, Oracle MIS=25000, Improvement=319
n=50000, coeff=14.0, trial=9, GT MIS=25000, Greedy MIS=24681, |S|=26233, Oracle MIS=25000, Improvement=319
n=50000, coeff=14.0, trial=9, GT MIS=25000, Greedy MIS=24681, |S|=25067, Oracle MIS=25000, Improvement=319
n=50000, coeff=14.0, trial=9, GT MIS=25000, Greedy MIS=24681, |S|=25002, Oracle MIS=25000, Improvement=319
Results saved to bipartite_experiment_results_epislons_50000.csv
