Running job on compute-1-05
Requested resources:
  - CPUs: 12
  - GPUs: 
  - Memory: 18000
Skipping n=80000, coeff=8.0, trial=0, epsilon=0.025 as entry already exists.
Skipping n=80000, coeff=8.0, trial=0, epsilon=0.05 as entry already exists.
Skipping n=80000, coeff=8.0, trial=0, epsilon=0.075 as entry already exists.
Skipping n=80000, coeff=8.0, trial=0, epsilon=0.1 as entry already exists.
Skipping n=80000, coeff=8.0, trial=0, epsilon=0.125 as entry already exists.
Skipping n=80000, coeff=8.0, trial=0, epsilon=0.15 as entry already exists.
Skipping n=80000, coeff=8.0, trial=0, epsilon=0.175 as entry already exists.
Skipping n=80000, coeff=8.0, trial=0, epsilon=0.2 as entry already exists.
Skipping n=80000, coeff=8.0, trial=0, epsilon=0.225 as entry already exists.
Skipping n=80000, coeff=8.0, trial=0, epsilon=0.25 as entry already exists.
Skipping n=80000, coeff=8.0, trial=1, epsilon=0.025 as entry already exists.
Skipping n=80000, coeff=8.0, trial=1, epsilon=0.05 as entry already exists.
Skipping n=80000, coeff=8.0, trial=1, epsilon=0.075 as entry already exists.
Skipping n=80000, coeff=8.0, trial=1, epsilon=0.1 as entry already exists.
Skipping n=80000, coeff=8.0, trial=1, epsilon=0.125 as entry already exists.
Skipping n=80000, coeff=8.0, trial=1, epsilon=0.15 as entry already exists.
Skipping n=80000, coeff=8.0, trial=1, epsilon=0.175 as entry already exists.
Skipping n=80000, coeff=8.0, trial=1, epsilon=0.2 as entry already exists.
Skipping n=80000, coeff=8.0, trial=1, epsilon=0.225 as entry already exists.
Skipping n=80000, coeff=8.0, trial=1, epsilon=0.25 as entry already exists.
Skipping n=80000, coeff=8.0, trial=2, epsilon=0.025 as entry already exists.
Skipping n=80000, coeff=8.0, trial=2, epsilon=0.05 as entry already exists.
Skipping n=80000, coeff=8.0, trial=2, epsilon=0.075 as entry already exists.
Skipping n=80000, coeff=8.0, trial=2, epsilon=0.1 as entry already exists.
Skipping n=80000, coeff=8.0, trial=2, epsilon=0.125 as entry already exists.
Skipping n=80000, coeff=8.0, trial=2, epsilon=0.15 as entry already exists.
Skipping n=80000, coeff=8.0, trial=2, epsilon=0.175 as entry already exists.
Skipping n=80000, coeff=8.0, trial=2, epsilon=0.2 as entry already exists.
Skipping n=80000, coeff=8.0, trial=2, epsilon=0.225 as entry already exists.
Skipping n=80000, coeff=8.0, trial=2, epsilon=0.25 as entry already exists.
Skipping n=80000, coeff=8.0, trial=3, epsilon=0.025 as entry already exists.
Skipping n=80000, coeff=8.0, trial=3, epsilon=0.05 as entry already exists.
Skipping n=80000, coeff=8.0, trial=3, epsilon=0.075 as entry already exists.
Skipping n=80000, coeff=8.0, trial=3, epsilon=0.1 as entry already exists.
Skipping n=80000, coeff=8.0, trial=3, epsilon=0.125 as entry already exists.
Skipping n=80000, coeff=8.0, trial=3, epsilon=0.15 as entry already exists.
Skipping n=80000, coeff=8.0, trial=3, epsilon=0.175 as entry already exists.
Skipping n=80000, coeff=8.0, trial=3, epsilon=0.2 as entry already exists.
Skipping n=80000, coeff=8.0, trial=3, epsilon=0.225 as entry already exists.
Skipping n=80000, coeff=8.0, trial=3, epsilon=0.25 as entry already exists.
Skipping n=80000, coeff=8.0, trial=4, epsilon=0.025 as entry already exists.
Skipping n=80000, coeff=8.0, trial=4, epsilon=0.05 as entry already exists.
Skipping n=80000, coeff=8.0, trial=4, epsilon=0.075 as entry already exists.
Skipping n=80000, coeff=8.0, trial=4, epsilon=0.1 as entry already exists.
Skipping n=80000, coeff=8.0, trial=4, epsilon=0.125 as entry already exists.
Skipping n=80000, coeff=8.0, trial=4, epsilon=0.15 as entry already exists.
Skipping n=80000, coeff=8.0, trial=4, epsilon=0.175 as entry already exists.
Skipping n=80000, coeff=8.0, trial=4, epsilon=0.2 as entry already exists.
Skipping n=80000, coeff=8.0, trial=4, epsilon=0.225 as entry already exists.
Skipping n=80000, coeff=8.0, trial=4, epsilon=0.25 as entry already exists.
Skipping n=80000, coeff=8.0, trial=5, epsilon=0.025 as entry already exists.
Skipping n=80000, coeff=8.0, trial=5, epsilon=0.05 as entry already exists.
Skipping n=80000, coeff=8.0, trial=5, epsilon=0.075 as entry already exists.
Skipping n=80000, coeff=8.0, trial=5, epsilon=0.1 as entry already exists.
Skipping n=80000, coeff=8.0, trial=5, epsilon=0.125 as entry already exists.
Skipping n=80000, coeff=8.0, trial=5, epsilon=0.15 as entry already exists.
Skipping n=80000, coeff=8.0, trial=5, epsilon=0.175 as entry already exists.
Skipping n=80000, coeff=8.0, trial=5, epsilon=0.2 as entry already exists.
Skipping n=80000, coeff=8.0, trial=5, epsilon=0.225 as entry already exists.
Skipping n=80000, coeff=8.0, trial=5, epsilon=0.25 as entry already exists.
Skipping n=80000, coeff=8.0, trial=6, epsilon=0.025 as entry already exists.
Skipping n=80000, coeff=8.0, trial=6, epsilon=0.05 as entry already exists.
Skipping n=80000, coeff=8.0, trial=6, epsilon=0.075 as entry already exists.
Skipping n=80000, coeff=8.0, trial=6, epsilon=0.1 as entry already exists.
Skipping n=80000, coeff=8.0, trial=6, epsilon=0.125 as entry already exists.
Skipping n=80000, coeff=8.0, trial=6, epsilon=0.15 as entry already exists.
Skipping n=80000, coeff=8.0, trial=6, epsilon=0.175 as entry already exists.
Skipping n=80000, coeff=8.0, trial=6, epsilon=0.2 as entry already exists.
Skipping n=80000, coeff=8.0, trial=6, epsilon=0.225 as entry already exists.
Skipping n=80000, coeff=8.0, trial=6, epsilon=0.25 as entry already exists.
Skipping n=80000, coeff=8.0, trial=7, epsilon=0.025 as entry already exists.
Skipping n=80000, coeff=8.0, trial=7, epsilon=0.05 as entry already exists.
Skipping n=80000, coeff=8.0, trial=7, epsilon=0.075 as entry already exists.
Skipping n=80000, coeff=8.0, trial=7, epsilon=0.1 as entry already exists.
Skipping n=80000, coeff=8.0, trial=7, epsilon=0.125 as entry already exists.
Skipping n=80000, coeff=8.0, trial=7, epsilon=0.15 as entry already exists.
Skipping n=80000, coeff=8.0, trial=7, epsilon=0.175 as entry already exists.
Skipping n=80000, coeff=8.0, trial=7, epsilon=0.2 as entry already exists.
Skipping n=80000, coeff=8.0, trial=7, epsilon=0.225 as entry already exists.
Skipping n=80000, coeff=8.0, trial=7, epsilon=0.25 as entry already exists.
Skipping n=80000, coeff=8.0, trial=8, epsilon=0.025 as entry already exists.
Skipping n=80000, coeff=8.0, trial=8, epsilon=0.05 as entry already exists.
Skipping n=80000, coeff=8.0, trial=8, epsilon=0.075 as entry already exists.
Skipping n=80000, coeff=8.0, trial=8, epsilon=0.1 as entry already exists.
n=80000, coeff=8.0, trial=8, GT MIS=40000, Greedy MIS=39391, |S|=79434, Oracle MIS=38746, Improvement=-645
n=80000, coeff=8.0, trial=8, GT MIS=40000, Greedy MIS=39391, |S|=75681, Oracle MIS=39942, Improvement=551
n=80000, coeff=8.0, trial=8, GT MIS=40000, Greedy MIS=39391, |S|=64808, Oracle MIS=40000, Improvement=609
n=80000, coeff=8.0, trial=8, GT MIS=40000, Greedy MIS=39391, |S|=51757, Oracle MIS=40000, Improvement=609
n=80000, coeff=8.0, trial=8, GT MIS=40000, Greedy MIS=39391, |S|=43178, Oracle MIS=39999, Improvement=608
n=80000, coeff=8.0, trial=8, GT MIS=40000, Greedy MIS=39391, |S|=40496, Oracle MIS=39998, Improvement=607
n=80000, coeff=8.0, trial=9, GT MIS=40000, Greedy MIS=39445, |S|=80000, Oracle MIS=39445, Improvement=0
n=80000, coeff=8.0, trial=9, GT MIS=40000, Greedy MIS=39445, |S|=80000, Oracle MIS=39445, Improvement=0
n=80000, coeff=8.0, trial=9, GT MIS=40000, Greedy MIS=39445, |S|=80000, Oracle MIS=39445, Improvement=0
n=80000, coeff=8.0, trial=9, GT MIS=40000, Greedy MIS=39445, |S|=79965, Oracle MIS=39411, Improvement=-34
n=80000, coeff=8.0, trial=9, GT MIS=40000, Greedy MIS=39445, |S|=79461, Oracle MIS=38478, Improvement=-967
n=80000, coeff=8.0, trial=9, GT MIS=40000, Greedy MIS=39445, |S|=75780, Oracle MIS=39943, Improvement=498
n=80000, coeff=8.0, trial=9, GT MIS=40000, Greedy MIS=39445, |S|=65291, Oracle MIS=40000, Improvement=555
n=80000, coeff=8.0, trial=9, GT MIS=40000, Greedy MIS=39445, |S|=52100, Oracle MIS=40000, Improvement=555
n=80000, coeff=8.0, trial=9, GT MIS=40000, Greedy MIS=39445, |S|=43477, Oracle MIS=40000, Improvement=555
n=80000, coeff=8.0, trial=9, GT MIS=40000, Greedy MIS=39445, |S|=40543, Oracle MIS=39997, Improvement=552
Results saved to bipartite_experiment_results_epislons_80000.csv
