Running job on compute-3-02
Requested resources:
  - CPUs: 18
  - GPUs: 
  - Memory: 18000
n=75000, coeff=7.0, trial=0, GT MIS=37500, Greedy MIS=36823, |S|=75000, Oracle MIS=36823, Improvement=0
n=75000, coeff=7.0, trial=0, GT MIS=37500, Greedy MIS=36823, |S|=75000, Oracle MIS=36823, Improvement=0
n=75000, coeff=7.0, trial=0, GT MIS=37500, Greedy MIS=36823, |S|=74999, Oracle MIS=36822, Improvement=-1
n=75000, coeff=7.0, trial=0, GT MIS=37500, Greedy MIS=36823, |S|=74976, Oracle MIS=36799, Improvement=-24
n=75000, coeff=7.0, trial=0, GT MIS=37500, Greedy MIS=36823, |S|=74592, Oracle MIS=36218, Improvement=-605
n=75000, coeff=7.0, trial=0, GT MIS=37500, Greedy MIS=36823, |S|=71664, Oracle MIS=37413, Improvement=590
n=75000, coeff=7.0, trial=0, GT MIS=37500, Greedy MIS=36823, |S|=62988, Oracle MIS=37500, Improvement=677
n=75000, coeff=7.0, trial=0, GT MIS=37500, Greedy MIS=36823, |S|=51147, Oracle MIS=37500, Improvement=677
n=75000, coeff=7.0, trial=0, GT MIS=37500, Greedy MIS=36823, |S|=42163, Oracle MIS=37500, Improvement=677
n=75000, coeff=7.0, trial=0, GT MIS=37500, Greedy MIS=36823, |S|=38576, Oracle MIS=37499, Improvement=676
n=75000, coeff=7.0, trial=1, GT MIS=37500, Greedy MIS=36684, |S|=75000, Oracle MIS=36684, Improvement=0
n=75000, coeff=7.0, trial=1, GT MIS=37500, Greedy MIS=36684, |S|=75000, Oracle MIS=36684, Improvement=0
n=75000, coeff=7.0, trial=1, GT MIS=37500, Greedy MIS=36684, |S|=75000, Oracle MIS=36684, Improvement=0
n=75000, coeff=7.0, trial=1, GT MIS=37500, Greedy MIS=36684, |S|=74987, Oracle MIS=36611, Improvement=-73
n=75000, coeff=7.0, trial=1, GT MIS=37500, Greedy MIS=36684, |S|=74626, Oracle MIS=35910, Improvement=-774
n=75000, coeff=7.0, trial=1, GT MIS=37500, Greedy MIS=36684, |S|=71892, Oracle MIS=37301, Improvement=617
n=75000, coeff=7.0, trial=1, GT MIS=37500, Greedy MIS=36684, |S|=63529, Oracle MIS=37490, Improvement=806
n=75000, coeff=7.0, trial=1, GT MIS=37500, Greedy MIS=36684, |S|=51499, Oracle MIS=37500, Improvement=816
n=75000, coeff=7.0, trial=1, GT MIS=37500, Greedy MIS=36684, |S|=42321, Oracle MIS=37500, Improvement=816
n=75000, coeff=7.0, trial=1, GT MIS=37500, Greedy MIS=36684, |S|=38623, Oracle MIS=37499, Improvement=815
n=75000, coeff=7.0, trial=2, GT MIS=37500, Greedy MIS=37111, |S|=75000, Oracle MIS=37111, Improvement=0
n=75000, coeff=7.0, trial=2, GT MIS=37500, Greedy MIS=37111, |S|=75000, Oracle MIS=37111, Improvement=0
n=75000, coeff=7.0, trial=2, GT MIS=37500, Greedy MIS=37111, |S|=75000, Oracle MIS=37111, Improvement=0
n=75000, coeff=7.0, trial=2, GT MIS=37500, Greedy MIS=37111, |S|=74982, Oracle MIS=37074, Improvement=-37
n=75000, coeff=7.0, trial=2, GT MIS=37500, Greedy MIS=37111, |S|=74628, Oracle MIS=36615, Improvement=-496
n=75000, coeff=7.0, trial=2, GT MIS=37500, Greedy MIS=37111, |S|=72019, Oracle MIS=37275, Improvement=164
n=75000, coeff=7.0, trial=2, GT MIS=37500, Greedy MIS=37111, |S|=63272, Oracle MIS=37500, Improvement=389
n=75000, coeff=7.0, trial=2, GT MIS=37500, Greedy MIS=37111, |S|=51703, Oracle MIS=37500, Improvement=389
n=75000, coeff=7.0, trial=2, GT MIS=37500, Greedy MIS=37111, |S|=42406, Oracle MIS=37500, Improvement=389
n=75000, coeff=7.0, trial=2, GT MIS=37500, Greedy MIS=37111, |S|=38690, Oracle MIS=37500, Improvement=389
n=75000, coeff=7.0, trial=3, GT MIS=37500, Greedy MIS=37243, |S|=75000, Oracle MIS=37243, Improvement=0
n=75000, coeff=7.0, trial=3, GT MIS=37500, Greedy MIS=37243, |S|=75000, Oracle MIS=37243, Improvement=0
n=75000, coeff=7.0, trial=3, GT MIS=37500, Greedy MIS=37243, |S|=75000, Oracle MIS=37243, Improvement=0
n=75000, coeff=7.0, trial=3, GT MIS=37500, Greedy MIS=37243, |S|=74972, Oracle MIS=37196, Improvement=-47
n=75000, coeff=7.0, trial=3, GT MIS=37500, Greedy MIS=37243, |S|=74644, Oracle MIS=36572, Improvement=-671
n=75000, coeff=7.0, trial=3, GT MIS=37500, Greedy MIS=37243, |S|=71971, Oracle MIS=37225, Improvement=-18
n=75000, coeff=7.0, trial=3, GT MIS=37500, Greedy MIS=37243, |S|=63616, Oracle MIS=37500, Improvement=257
n=75000, coeff=7.0, trial=3, GT MIS=37500, Greedy MIS=37243, |S|=51696, Oracle MIS=37500, Improvement=257
n=75000, coeff=7.0, trial=3, GT MIS=37500, Greedy MIS=37243, |S|=42484, Oracle MIS=37500, Improvement=257
n=75000, coeff=7.0, trial=3, GT MIS=37500, Greedy MIS=37243, |S|=38608, Oracle MIS=37499, Improvement=256
n=75000, coeff=7.0, trial=4, GT MIS=37500, Greedy MIS=35767, |S|=75000, Oracle MIS=35767, Improvement=0
n=75000, coeff=7.0, trial=4, GT MIS=37500, Greedy MIS=35767, |S|=75000, Oracle MIS=35767, Improvement=0
n=75000, coeff=7.0, trial=4, GT MIS=37500, Greedy MIS=35767, |S|=74999, Oracle MIS=35767, Improvement=0
n=75000, coeff=7.0, trial=4, GT MIS=37500, Greedy MIS=35767, |S|=74974, Oracle MIS=35767, Improvement=0
n=75000, coeff=7.0, trial=4, GT MIS=37500, Greedy MIS=35767, |S|=74623, Oracle MIS=35767, Improvement=0
n=75000, coeff=7.0, trial=4, GT MIS=37500, Greedy MIS=35767, |S|=71868, Oracle MIS=37378, Improvement=1611
n=75000, coeff=7.0, trial=4, GT MIS=37500, Greedy MIS=35767, |S|=63219, Oracle MIS=37500, Improvement=1733
n=75000, coeff=7.0, trial=4, GT MIS=37500, Greedy MIS=35767, |S|=51550, Oracle MIS=37500, Improvement=1733
n=75000, coeff=7.0, trial=4, GT MIS=37500, Greedy MIS=35767, |S|=42279, Oracle MIS=37499, Improvement=1732
n=75000, coeff=7.0, trial=4, GT MIS=37500, Greedy MIS=35767, |S|=38613, Oracle MIS=37498, Improvement=1731
n=75000, coeff=7.0, trial=5, GT MIS=37500, Greedy MIS=36054, |S|=75000, Oracle MIS=36054, Improvement=0
n=75000, coeff=7.0, trial=5, GT MIS=37500, Greedy MIS=36054, |S|=75000, Oracle MIS=36054, Improvement=0
n=75000, coeff=7.0, trial=5, GT MIS=37500, Greedy MIS=36054, |S|=75000, Oracle MIS=36054, Improvement=0
n=75000, coeff=7.0, trial=5, GT MIS=37500, Greedy MIS=36054, |S|=74976, Oracle MIS=36054, Improvement=0
n=75000, coeff=7.0, trial=5, GT MIS=37500, Greedy MIS=36054, |S|=74636, Oracle MIS=36054, Improvement=0
n=75000, coeff=7.0, trial=5, GT MIS=37500, Greedy MIS=36054, |S|=71993, Oracle MIS=37418, Improvement=1364
n=75000, coeff=7.0, trial=5, GT MIS=37500, Greedy MIS=36054, |S|=63526, Oracle MIS=37500, Improvement=1446
n=75000, coeff=7.0, trial=5, GT MIS=37500, Greedy MIS=36054, |S|=51762, Oracle MIS=37500, Improvement=1446
n=75000, coeff=7.0, trial=5, GT MIS=37500, Greedy MIS=36054, |S|=42465, Oracle MIS=37500, Improvement=1446
n=75000, coeff=7.0, trial=5, GT MIS=37500, Greedy MIS=36054, |S|=38628, Oracle MIS=37500, Improvement=1446
n=75000, coeff=7.0, trial=6, GT MIS=37500, Greedy MIS=36843, |S|=75000, Oracle MIS=36843, Improvement=0
n=75000, coeff=7.0, trial=6, GT MIS=37500, Greedy MIS=36843, |S|=75000, Oracle MIS=36843, Improvement=0
n=75000, coeff=7.0, trial=6, GT MIS=37500, Greedy MIS=36843, |S|=75000, Oracle MIS=36843, Improvement=0
n=75000, coeff=7.0, trial=6, GT MIS=37500, Greedy MIS=36843, |S|=74971, Oracle MIS=36760, Improvement=-83
n=75000, coeff=7.0, trial=6, GT MIS=37500, Greedy MIS=36843, |S|=74541, Oracle MIS=36019, Improvement=-824
n=75000, coeff=7.0, trial=6, GT MIS=37500, Greedy MIS=36843, |S|=71640, Oracle MIS=37451, Improvement=608
n=75000, coeff=7.0, trial=6, GT MIS=37500, Greedy MIS=36843, |S|=62617, Oracle MIS=37500, Improvement=657
n=75000, coeff=7.0, trial=6, GT MIS=37500, Greedy MIS=36843, |S|=50869, Oracle MIS=37500, Improvement=657
n=75000, coeff=7.0, trial=6, GT MIS=37500, Greedy MIS=36843, |S|=41953, Oracle MIS=37500, Improvement=657
n=75000, coeff=7.0, trial=6, GT MIS=37500, Greedy MIS=36843, |S|=38464, Oracle MIS=37500, Improvement=657
n=75000, coeff=7.0, trial=7, GT MIS=37500, Greedy MIS=35871, |S|=75000, Oracle MIS=35871, Improvement=0
n=75000, coeff=7.0, trial=7, GT MIS=37500, Greedy MIS=35871, |S|=75000, Oracle MIS=35871, Improvement=0
n=75000, coeff=7.0, trial=7, GT MIS=37500, Greedy MIS=35871, |S|=75000, Oracle MIS=35871, Improvement=0
n=75000, coeff=7.0, trial=7, GT MIS=37500, Greedy MIS=35871, |S|=74977, Oracle MIS=35871, Improvement=0
n=75000, coeff=7.0, trial=7, GT MIS=37500, Greedy MIS=35871, |S|=74604, Oracle MIS=35871, Improvement=0
n=75000, coeff=7.0, trial=7, GT MIS=37500, Greedy MIS=35871, |S|=71826, Oracle MIS=37277, Improvement=1406
n=75000, coeff=7.0, trial=7, GT MIS=37500, Greedy MIS=35871, |S|=63461, Oracle MIS=37500, Improvement=1629
n=75000, coeff=7.0, trial=7, GT MIS=37500, Greedy MIS=35871, |S|=51437, Oracle MIS=37500, Improvement=1629
n=75000, coeff=7.0, trial=7, GT MIS=37500, Greedy MIS=35871, |S|=42266, Oracle MIS=37500, Improvement=1629
n=75000, coeff=7.0, trial=7, GT MIS=37500, Greedy MIS=35871, |S|=38593, Oracle MIS=37498, Improvement=1627
n=75000, coeff=7.0, trial=8, GT MIS=37500, Greedy MIS=36265, |S|=75000, Oracle MIS=36265, Improvement=0
n=75000, coeff=7.0, trial=8, GT MIS=37500, Greedy MIS=36265, |S|=75000, Oracle MIS=36265, Improvement=0
n=75000, coeff=7.0, trial=8, GT MIS=37500, Greedy MIS=36265, |S|=75000, Oracle MIS=36265, Improvement=0
n=75000, coeff=7.0, trial=8, GT MIS=37500, Greedy MIS=36265, |S|=74985, Oracle MIS=36265, Improvement=0
n=75000, coeff=7.0, trial=8, GT MIS=37500, Greedy MIS=36265, |S|=74621, Oracle MIS=36265, Improvement=0
n=75000, coeff=7.0, trial=8, GT MIS=37500, Greedy MIS=36265, |S|=71970, Oracle MIS=37326, Improvement=1061
n=75000, coeff=7.0, trial=8, GT MIS=37500, Greedy MIS=36265, |S|=63545, Oracle MIS=37500, Improvement=1235
n=75000, coeff=7.0, trial=8, GT MIS=37500, Greedy MIS=36265, |S|=51840, Oracle MIS=37500, Improvement=1235
n=75000, coeff=7.0, trial=8, GT MIS=37500, Greedy MIS=36265, |S|=42442, Oracle MIS=37500, Improvement=1235
n=75000, coeff=7.0, trial=8, GT MIS=37500, Greedy MIS=36265, |S|=38588, Oracle MIS=37500, Improvement=1235
n=75000, coeff=7.0, trial=9, GT MIS=37500, Greedy MIS=37035, |S|=75000, Oracle MIS=37035, Improvement=0
n=75000, coeff=7.0, trial=9, GT MIS=37500, Greedy MIS=37035, |S|=75000, Oracle MIS=37035, Improvement=0
n=75000, coeff=7.0, trial=9, GT MIS=37500, Greedy MIS=37035, |S|=75000, Oracle MIS=37035, Improvement=0
n=75000, coeff=7.0, trial=9, GT MIS=37500, Greedy MIS=37035, |S|=74980, Oracle MIS=37015, Improvement=-20
n=75000, coeff=7.0, trial=9, GT MIS=37500, Greedy MIS=37035, |S|=74668, Oracle MIS=36559, Improvement=-476
n=75000, coeff=7.0, trial=9, GT MIS=37500, Greedy MIS=37035, |S|=72149, Oracle MIS=37398, Improvement=363
n=75000, coeff=7.0, trial=9, GT MIS=37500, Greedy MIS=37035, |S|=63968, Oracle MIS=37500, Improvement=465
n=75000, coeff=7.0, trial=9, GT MIS=37500, Greedy MIS=37035, |S|=51976, Oracle MIS=37500, Improvement=465
n=75000, coeff=7.0, trial=9, GT MIS=37500, Greedy MIS=37035, |S|=42545, Oracle MIS=37500, Improvement=465
n=75000, coeff=7.0, trial=9, GT MIS=37500, Greedy MIS=37035, |S|=38579, Oracle MIS=37499, Improvement=464
Results saved to bipartite_experiment_results_epislons_75000.csv
