Running job on gpu-3-01
Requested resources:
  - CPUs: 64
  - GPUs: 
  - Memory: 48000
n=500, coeff=1, trial=0, GT MIS=267, Greedy MIS=264, |S|=500, Oracle MIS=264, Improvement=0
n=500, coeff=1, trial=0, GT MIS=267, Greedy MIS=264, |S|=500, Oracle MIS=264, Improvement=0
n=500, coeff=1, trial=0, GT MIS=267, Greedy MIS=264, |S|=500, Oracle MIS=264, Improvement=0
n=500, coeff=1, trial=0, GT MIS=267, Greedy MIS=264, |S|=494, Oracle MIS=262, Improvement=-2
n=500, coeff=1, trial=0, GT MIS=267, Greedy MIS=264, |S|=490, Oracle MIS=261, Improvement=-3
n=500, coeff=1, trial=0, GT MIS=267, Greedy MIS=264, |S|=482, Oracle MIS=259, Improvement=-5
n=500, coeff=1, trial=0, GT MIS=267, Greedy MIS=264, |S|=468, Oracle MIS=266, Improvement=2
n=500, coeff=1, trial=0, GT MIS=267, Greedy MIS=264, |S|=454, Oracle MIS=266, Improvement=2
n=500, coeff=1, trial=0, GT MIS=267, Greedy MIS=264, |S|=423, Oracle MIS=267, Improvement=3
n=500, coeff=1, trial=0, GT MIS=267, Greedy MIS=264, |S|=395, Oracle MIS=264, Improvement=0
n=500, coeff=1, trial=1, GT MIS=267, Greedy MIS=267, |S|=500, Oracle MIS=267, Improvement=0
n=500, coeff=1, trial=1, GT MIS=267, Greedy MIS=267, |S|=500, Oracle MIS=267, Improvement=0
n=500, coeff=1, trial=1, GT MIS=267, Greedy MIS=267, |S|=499, Oracle MIS=267, Improvement=0
n=500, coeff=1, trial=1, GT MIS=267, Greedy MIS=267, |S|=496, Oracle MIS=267, Improvement=0
n=500, coeff=1, trial=1, GT MIS=267, Greedy MIS=267, |S|=493, Oracle MIS=267, Improvement=0
n=500, coeff=1, trial=1, GT MIS=267, Greedy MIS=267, |S|=493, Oracle MIS=267, Improvement=0
n=500, coeff=1, trial=1, GT MIS=267, Greedy MIS=267, |S|=484, Oracle MIS=264, Improvement=-3
n=500, coeff=1, trial=1, GT MIS=267, Greedy MIS=267, |S|=462, Oracle MIS=264, Improvement=-3
n=500, coeff=1, trial=1, GT MIS=267, Greedy MIS=267, |S|=448, Oracle MIS=264, Improvement=-3
n=500, coeff=1, trial=1, GT MIS=267, Greedy MIS=267, |S|=427, Oracle MIS=262, Improvement=-5
n=500, coeff=1, trial=2, GT MIS=267, Greedy MIS=263, |S|=500, Oracle MIS=263, Improvement=0
n=500, coeff=1, trial=2, GT MIS=267, Greedy MIS=263, |S|=500, Oracle MIS=263, Improvement=0
n=500, coeff=1, trial=2, GT MIS=267, Greedy MIS=263, |S|=498, Oracle MIS=261, Improvement=-2
n=500, coeff=1, trial=2, GT MIS=267, Greedy MIS=263, |S|=496, Oracle MIS=261, Improvement=-2
n=500, coeff=1, trial=2, GT MIS=267, Greedy MIS=263, |S|=490, Oracle MIS=261, Improvement=-2
n=500, coeff=1, trial=2, GT MIS=267, Greedy MIS=263, |S|=485, Oracle MIS=260, Improvement=-3
n=500, coeff=1, trial=2, GT MIS=267, Greedy MIS=263, |S|=469, Oracle MIS=265, Improvement=2
n=500, coeff=1, trial=2, GT MIS=267, Greedy MIS=263, |S|=457, Oracle MIS=264, Improvement=1
n=500, coeff=1, trial=2, GT MIS=267, Greedy MIS=263, |S|=431, Oracle MIS=265, Improvement=2
n=500, coeff=1, trial=2, GT MIS=267, Greedy MIS=263, |S|=400, Oracle MIS=266, Improvement=3
n=500, coeff=1, trial=3, GT MIS=267, Greedy MIS=264, |S|=500, Oracle MIS=264, Improvement=0
n=500, coeff=1, trial=3, GT MIS=267, Greedy MIS=264, |S|=499, Oracle MIS=263, Improvement=-1
n=500, coeff=1, trial=3, GT MIS=267, Greedy MIS=264, |S|=498, Oracle MIS=262, Improvement=-2
n=500, coeff=1, trial=3, GT MIS=267, Greedy MIS=264, |S|=496, Oracle MIS=261, Improvement=-3
n=500, coeff=1, trial=3, GT MIS=267, Greedy MIS=264, |S|=490, Oracle MIS=264, Improvement=0
n=500, coeff=1, trial=3, GT MIS=267, Greedy MIS=264, |S|=485, Oracle MIS=264, Improvement=0
n=500, coeff=1, trial=3, GT MIS=267, Greedy MIS=264, |S|=467, Oracle MIS=267, Improvement=3
n=500, coeff=1, trial=3, GT MIS=267, Greedy MIS=264, |S|=457, Oracle MIS=266, Improvement=2
n=500, coeff=1, trial=3, GT MIS=267, Greedy MIS=264, |S|=417, Oracle MIS=261, Improvement=-3
n=500, coeff=1, trial=3, GT MIS=267, Greedy MIS=264, |S|=388, Oracle MIS=258, Improvement=-6
n=500, coeff=1, trial=4, GT MIS=268, Greedy MIS=263, |S|=500, Oracle MIS=263, Improvement=0
n=500, coeff=1, trial=4, GT MIS=268, Greedy MIS=263, |S|=499, Oracle MIS=262, Improvement=-1
n=500, coeff=1, trial=4, GT MIS=268, Greedy MIS=263, |S|=499, Oracle MIS=262, Improvement=-1
n=500, coeff=1, trial=4, GT MIS=268, Greedy MIS=263, |S|=492, Oracle MIS=266, Improvement=3
n=500, coeff=1, trial=4, GT MIS=268, Greedy MIS=263, |S|=490, Oracle MIS=266, Improvement=3
n=500, coeff=1, trial=4, GT MIS=268, Greedy MIS=263, |S|=476, Oracle MIS=266, Improvement=3
n=500, coeff=1, trial=4, GT MIS=268, Greedy MIS=263, |S|=464, Oracle MIS=266, Improvement=3
n=500, coeff=1, trial=4, GT MIS=268, Greedy MIS=263, |S|=461, Oracle MIS=267, Improvement=4
n=500, coeff=1, trial=4, GT MIS=268, Greedy MIS=263, |S|=425, Oracle MIS=265, Improvement=2
n=500, coeff=1, trial=4, GT MIS=268, Greedy MIS=263, |S|=395, Oracle MIS=263, Improvement=0
n=500, coeff=2, trial=0, GT MIS=250, Greedy MIS=250, |S|=500, Oracle MIS=250, Improvement=0
n=500, coeff=2, trial=0, GT MIS=250, Greedy MIS=250, |S|=500, Oracle MIS=250, Improvement=0
n=500, coeff=2, trial=0, GT MIS=250, Greedy MIS=250, |S|=500, Oracle MIS=250, Improvement=0
n=500, coeff=2, trial=0, GT MIS=250, Greedy MIS=250, |S|=500, Oracle MIS=250, Improvement=0
n=500, coeff=2, trial=0, GT MIS=250, Greedy MIS=250, |S|=496, Oracle MIS=247, Improvement=-3
n=500, coeff=2, trial=0, GT MIS=250, Greedy MIS=250, |S|=492, Oracle MIS=242, Improvement=-8
n=500, coeff=2, trial=0, GT MIS=250, Greedy MIS=250, |S|=479, Oracle MIS=231, Improvement=-19
n=500, coeff=2, trial=0, GT MIS=250, Greedy MIS=250, |S|=456, Oracle MIS=212, Improvement=-38
n=500, coeff=2, trial=0, GT MIS=250, Greedy MIS=250, |S|=423, Oracle MIS=250, Improvement=0
n=500, coeff=2, trial=0, GT MIS=250, Greedy MIS=250, |S|=387, Oracle MIS=249, Improvement=-1
n=500, coeff=2, trial=1, GT MIS=251, Greedy MIS=219, |S|=500, Oracle MIS=219, Improvement=0
n=500, coeff=2, trial=1, GT MIS=251, Greedy MIS=219, |S|=500, Oracle MIS=219, Improvement=0
n=500, coeff=2, trial=1, GT MIS=251, Greedy MIS=219, |S|=500, Oracle MIS=219, Improvement=0
n=500, coeff=2, trial=1, GT MIS=251, Greedy MIS=219, |S|=500, Oracle MIS=219, Improvement=0
n=500, coeff=2, trial=1, GT MIS=251, Greedy MIS=219, |S|=500, Oracle MIS=219, Improvement=0
n=500, coeff=2, trial=1, GT MIS=251, Greedy MIS=219, |S|=498, Oracle MIS=219, Improvement=0
n=500, coeff=2, trial=1, GT MIS=251, Greedy MIS=219, |S|=488, Oracle MIS=232, Improvement=13
n=500, coeff=2, trial=1, GT MIS=251, Greedy MIS=219, |S|=474, Oracle MIS=231, Improvement=12
n=500, coeff=2, trial=1, GT MIS=251, Greedy MIS=219, |S|=444, Oracle MIS=235, Improvement=16
n=500, coeff=2, trial=1, GT MIS=251, Greedy MIS=219, |S|=402, Oracle MIS=251, Improvement=32
n=500, coeff=2, trial=2, GT MIS=252, Greedy MIS=250, |S|=500, Oracle MIS=250, Improvement=0
n=500, coeff=2, trial=2, GT MIS=252, Greedy MIS=250, |S|=500, Oracle MIS=250, Improvement=0
n=500, coeff=2, trial=2, GT MIS=252, Greedy MIS=250, |S|=500, Oracle MIS=250, Improvement=0
n=500, coeff=2, trial=2, GT MIS=252, Greedy MIS=250, |S|=500, Oracle MIS=250, Improvement=0
n=500, coeff=2, trial=2, GT MIS=252, Greedy MIS=250, |S|=495, Oracle MIS=245, Improvement=-5
n=500, coeff=2, trial=2, GT MIS=252, Greedy MIS=250, |S|=490, Oracle MIS=240, Improvement=-10
n=500, coeff=2, trial=2, GT MIS=252, Greedy MIS=250, |S|=475, Oracle MIS=225, Improvement=-25
n=500, coeff=2, trial=2, GT MIS=252, Greedy MIS=250, |S|=457, Oracle MIS=210, Improvement=-40
n=500, coeff=2, trial=2, GT MIS=252, Greedy MIS=250, |S|=428, Oracle MIS=252, Improvement=2
n=500, coeff=2, trial=2, GT MIS=252, Greedy MIS=250, |S|=383, Oracle MIS=252, Improvement=2
n=500, coeff=2, trial=3, GT MIS=251, Greedy MIS=238, |S|=500, Oracle MIS=238, Improvement=0
n=500, coeff=2, trial=3, GT MIS=251, Greedy MIS=238, |S|=500, Oracle MIS=238, Improvement=0
n=500, coeff=2, trial=3, GT MIS=251, Greedy MIS=238, |S|=500, Oracle MIS=238, Improvement=0
n=500, coeff=2, trial=3, GT MIS=251, Greedy MIS=238, |S|=500, Oracle MIS=238, Improvement=0
n=500, coeff=2, trial=3, GT MIS=251, Greedy MIS=238, |S|=499, Oracle MIS=238, Improvement=0
n=500, coeff=2, trial=3, GT MIS=251, Greedy MIS=238, |S|=492, Oracle MIS=251, Improvement=13
n=500, coeff=2, trial=3, GT MIS=251, Greedy MIS=238, |S|=482, Oracle MIS=251, Improvement=13
n=500, coeff=2, trial=3, GT MIS=251, Greedy MIS=238, |S|=459, Oracle MIS=251, Improvement=13
n=500, coeff=2, trial=3, GT MIS=251, Greedy MIS=238, |S|=433, Oracle MIS=251, Improvement=13
n=500, coeff=2, trial=3, GT MIS=251, Greedy MIS=238, |S|=402, Oracle MIS=251, Improvement=13
n=500, coeff=2, trial=4, GT MIS=250, Greedy MIS=250, |S|=500, Oracle MIS=250, Improvement=0
n=500, coeff=2, trial=4, GT MIS=250, Greedy MIS=250, |S|=500, Oracle MIS=250, Improvement=0
n=500, coeff=2, trial=4, GT MIS=250, Greedy MIS=250, |S|=500, Oracle MIS=250, Improvement=0
n=500, coeff=2, trial=4, GT MIS=250, Greedy MIS=250, |S|=500, Oracle MIS=250, Improvement=0
n=500, coeff=2, trial=4, GT MIS=250, Greedy MIS=250, |S|=499, Oracle MIS=249, Improvement=-1
n=500, coeff=2, trial=4, GT MIS=250, Greedy MIS=250, |S|=492, Oracle MIS=242, Improvement=-8
n=500, coeff=2, trial=4, GT MIS=250, Greedy MIS=250, |S|=473, Oracle MIS=224, Improvement=-26
n=500, coeff=2, trial=4, GT MIS=250, Greedy MIS=250, |S|=452, Oracle MIS=210, Improvement=-40
n=500, coeff=2, trial=4, GT MIS=250, Greedy MIS=250, |S|=419, Oracle MIS=250, Improvement=0
n=500, coeff=2, trial=4, GT MIS=250, Greedy MIS=250, |S|=381, Oracle MIS=248, Improvement=-2
n=500, coeff=3, trial=0, GT MIS=250, Greedy MIS=237, |S|=500, Oracle MIS=237, Improvement=0
n=500, coeff=3, trial=0, GT MIS=250, Greedy MIS=237, |S|=500, Oracle MIS=237, Improvement=0
n=500, coeff=3, trial=0, GT MIS=250, Greedy MIS=237, |S|=500, Oracle MIS=237, Improvement=0
n=500, coeff=3, trial=0, GT MIS=250, Greedy MIS=237, |S|=500, Oracle MIS=237, Improvement=0
n=500, coeff=3, trial=0, GT MIS=250, Greedy MIS=237, |S|=497, Oracle MIS=235, Improvement=-2
n=500, coeff=3, trial=0, GT MIS=250, Greedy MIS=237, |S|=492, Oracle MIS=229, Improvement=-8
n=500, coeff=3, trial=0, GT MIS=250, Greedy MIS=237, |S|=474, Oracle MIS=211, Improvement=-26
n=500, coeff=3, trial=0, GT MIS=250, Greedy MIS=237, |S|=445, Oracle MIS=233, Improvement=-4
n=500, coeff=3, trial=0, GT MIS=250, Greedy MIS=237, |S|=410, Oracle MIS=249, Improvement=12
n=500, coeff=3, trial=0, GT MIS=250, Greedy MIS=237, |S|=373, Oracle MIS=249, Improvement=12
n=500, coeff=3, trial=1, GT MIS=250, Greedy MIS=240, |S|=500, Oracle MIS=240, Improvement=0
n=500, coeff=3, trial=1, GT MIS=250, Greedy MIS=240, |S|=500, Oracle MIS=240, Improvement=0
n=500, coeff=3, trial=1, GT MIS=250, Greedy MIS=240, |S|=500, Oracle MIS=240, Improvement=0
n=500, coeff=3, trial=1, GT MIS=250, Greedy MIS=240, |S|=500, Oracle MIS=240, Improvement=0
n=500, coeff=3, trial=1, GT MIS=250, Greedy MIS=240, |S|=500, Oracle MIS=240, Improvement=0
n=500, coeff=3, trial=1, GT MIS=250, Greedy MIS=240, |S|=497, Oracle MIS=237, Improvement=-3
n=500, coeff=3, trial=1, GT MIS=250, Greedy MIS=240, |S|=492, Oracle MIS=227, Improvement=-13
n=500, coeff=3, trial=1, GT MIS=250, Greedy MIS=240, |S|=474, Oracle MIS=247, Improvement=7
n=500, coeff=3, trial=1, GT MIS=250, Greedy MIS=240, |S|=442, Oracle MIS=249, Improvement=9
n=500, coeff=3, trial=1, GT MIS=250, Greedy MIS=240, |S|=390, Oracle MIS=250, Improvement=10
n=500, coeff=3, trial=2, GT MIS=250, Greedy MIS=238, |S|=500, Oracle MIS=238, Improvement=0
n=500, coeff=3, trial=2, GT MIS=250, Greedy MIS=238, |S|=500, Oracle MIS=238, Improvement=0
n=500, coeff=3, trial=2, GT MIS=250, Greedy MIS=238, |S|=500, Oracle MIS=238, Improvement=0
n=500, coeff=3, trial=2, GT MIS=250, Greedy MIS=238, |S|=499, Oracle MIS=238, Improvement=0
n=500, coeff=3, trial=2, GT MIS=250, Greedy MIS=238, |S|=497, Oracle MIS=236, Improvement=-2
n=500, coeff=3, trial=2, GT MIS=250, Greedy MIS=238, |S|=485, Oracle MIS=235, Improvement=-3
n=500, coeff=3, trial=2, GT MIS=250, Greedy MIS=238, |S|=471, Oracle MIS=240, Improvement=2
n=500, coeff=3, trial=2, GT MIS=250, Greedy MIS=238, |S|=439, Oracle MIS=250, Improvement=12
n=500, coeff=3, trial=2, GT MIS=250, Greedy MIS=238, |S|=401, Oracle MIS=249, Improvement=11
n=500, coeff=3, trial=2, GT MIS=250, Greedy MIS=238, |S|=361, Oracle MIS=249, Improvement=11
n=500, coeff=3, trial=3, GT MIS=250, Greedy MIS=246, |S|=500, Oracle MIS=246, Improvement=0
n=500, coeff=3, trial=3, GT MIS=250, Greedy MIS=246, |S|=500, Oracle MIS=246, Improvement=0
n=500, coeff=3, trial=3, GT MIS=250, Greedy MIS=246, |S|=499, Oracle MIS=245, Improvement=-1
n=500, coeff=3, trial=3, GT MIS=250, Greedy MIS=246, |S|=499, Oracle MIS=245, Improvement=-1
n=500, coeff=3, trial=3, GT MIS=250, Greedy MIS=246, |S|=498, Oracle MIS=244, Improvement=-2
n=500, coeff=3, trial=3, GT MIS=250, Greedy MIS=246, |S|=494, Oracle MIS=238, Improvement=-8
n=500, coeff=3, trial=3, GT MIS=250, Greedy MIS=246, |S|=480, Oracle MIS=248, Improvement=2
n=500, coeff=3, trial=3, GT MIS=250, Greedy MIS=246, |S|=455, Oracle MIS=248, Improvement=2
n=500, coeff=3, trial=3, GT MIS=250, Greedy MIS=246, |S|=411, Oracle MIS=250, Improvement=4
n=500, coeff=3, trial=3, GT MIS=250, Greedy MIS=246, |S|=369, Oracle MIS=249, Improvement=3
n=500, coeff=3, trial=4, GT MIS=250, Greedy MIS=224, |S|=500, Oracle MIS=224, Improvement=0
n=500, coeff=3, trial=4, GT MIS=250, Greedy MIS=224, |S|=500, Oracle MIS=224, Improvement=0
n=500, coeff=3, trial=4, GT MIS=250, Greedy MIS=224, |S|=500, Oracle MIS=224, Improvement=0
n=500, coeff=3, trial=4, GT MIS=250, Greedy MIS=224, |S|=500, Oracle MIS=224, Improvement=0
n=500, coeff=3, trial=4, GT MIS=250, Greedy MIS=224, |S|=497, Oracle MIS=243, Improvement=19
n=500, coeff=3, trial=4, GT MIS=250, Greedy MIS=224, |S|=489, Oracle MIS=243, Improvement=19
n=500, coeff=3, trial=4, GT MIS=250, Greedy MIS=224, |S|=480, Oracle MIS=243, Improvement=19
n=500, coeff=3, trial=4, GT MIS=250, Greedy MIS=224, |S|=452, Oracle MIS=243, Improvement=19
n=500, coeff=3, trial=4, GT MIS=250, Greedy MIS=224, |S|=415, Oracle MIS=249, Improvement=25
n=500, coeff=3, trial=4, GT MIS=250, Greedy MIS=224, |S|=360, Oracle MIS=250, Improvement=26
n=500, coeff=4, trial=0, GT MIS=250, Greedy MIS=242, |S|=500, Oracle MIS=242, Improvement=0
n=500, coeff=4, trial=0, GT MIS=250, Greedy MIS=242, |S|=500, Oracle MIS=242, Improvement=0
n=500, coeff=4, trial=0, GT MIS=250, Greedy MIS=242, |S|=500, Oracle MIS=242, Improvement=0
n=500, coeff=4, trial=0, GT MIS=250, Greedy MIS=242, |S|=499, Oracle MIS=241, Improvement=-1
n=500, coeff=4, trial=0, GT MIS=250, Greedy MIS=242, |S|=496, Oracle MIS=238, Improvement=-4
n=500, coeff=4, trial=0, GT MIS=250, Greedy MIS=242, |S|=493, Oracle MIS=236, Improvement=-6
n=500, coeff=4, trial=0, GT MIS=250, Greedy MIS=242, |S|=475, Oracle MIS=249, Improvement=7
n=500, coeff=4, trial=0, GT MIS=250, Greedy MIS=242, |S|=439, Oracle MIS=249, Improvement=7
n=500, coeff=4, trial=0, GT MIS=250, Greedy MIS=242, |S|=387, Oracle MIS=249, Improvement=7
n=500, coeff=4, trial=0, GT MIS=250, Greedy MIS=242, |S|=344, Oracle MIS=250, Improvement=8
n=500, coeff=4, trial=1, GT MIS=250, Greedy MIS=246, |S|=500, Oracle MIS=246, Improvement=0
n=500, coeff=4, trial=1, GT MIS=250, Greedy MIS=246, |S|=500, Oracle MIS=246, Improvement=0
n=500, coeff=4, trial=1, GT MIS=250, Greedy MIS=246, |S|=500, Oracle MIS=246, Improvement=0
n=500, coeff=4, trial=1, GT MIS=250, Greedy MIS=246, |S|=500, Oracle MIS=246, Improvement=0
n=500, coeff=4, trial=1, GT MIS=250, Greedy MIS=246, |S|=500, Oracle MIS=246, Improvement=0
n=500, coeff=4, trial=1, GT MIS=250, Greedy MIS=246, |S|=498, Oracle MIS=244, Improvement=-2
n=500, coeff=4, trial=1, GT MIS=250, Greedy MIS=246, |S|=492, Oracle MIS=238, Improvement=-8
n=500, coeff=4, trial=1, GT MIS=250, Greedy MIS=246, |S|=466, Oracle MIS=250, Improvement=4
n=500, coeff=4, trial=1, GT MIS=250, Greedy MIS=246, |S|=417, Oracle MIS=250, Improvement=4
n=500, coeff=4, trial=1, GT MIS=250, Greedy MIS=246, |S|=358, Oracle MIS=250, Improvement=4
n=500, coeff=4, trial=2, GT MIS=250, Greedy MIS=248, |S|=500, Oracle MIS=248, Improvement=0
n=500, coeff=4, trial=2, GT MIS=250, Greedy MIS=248, |S|=500, Oracle MIS=248, Improvement=0
n=500, coeff=4, trial=2, GT MIS=250, Greedy MIS=248, |S|=500, Oracle MIS=248, Improvement=0
n=500, coeff=4, trial=2, GT MIS=250, Greedy MIS=248, |S|=500, Oracle MIS=248, Improvement=0
n=500, coeff=4, trial=2, GT MIS=250, Greedy MIS=248, |S|=498, Oracle MIS=244, Improvement=-4
n=500, coeff=4, trial=2, GT MIS=250, Greedy MIS=248, |S|=487, Oracle MIS=233, Improvement=-15
n=500, coeff=4, trial=2, GT MIS=250, Greedy MIS=248, |S|=467, Oracle MIS=238, Improvement=-10
n=500, coeff=4, trial=2, GT MIS=250, Greedy MIS=248, |S|=430, Oracle MIS=250, Improvement=2
n=500, coeff=4, trial=2, GT MIS=250, Greedy MIS=248, |S|=384, Oracle MIS=250, Improvement=2
n=500, coeff=4, trial=2, GT MIS=250, Greedy MIS=248, |S|=335, Oracle MIS=250, Improvement=2
n=500, coeff=4, trial=3, GT MIS=250, Greedy MIS=242, |S|=500, Oracle MIS=242, Improvement=0
n=500, coeff=4, trial=3, GT MIS=250, Greedy MIS=242, |S|=500, Oracle MIS=242, Improvement=0
n=500, coeff=4, trial=3, GT MIS=250, Greedy MIS=242, |S|=500, Oracle MIS=242, Improvement=0
n=500, coeff=4, trial=3, GT MIS=250, Greedy MIS=242, |S|=499, Oracle MIS=241, Improvement=-1
n=500, coeff=4, trial=3, GT MIS=250, Greedy MIS=242, |S|=496, Oracle MIS=238, Improvement=-4
n=500, coeff=4, trial=3, GT MIS=250, Greedy MIS=242, |S|=492, Oracle MIS=246, Improvement=4
n=500, coeff=4, trial=3, GT MIS=250, Greedy MIS=242, |S|=476, Oracle MIS=246, Improvement=4
n=500, coeff=4, trial=3, GT MIS=250, Greedy MIS=242, |S|=452, Oracle MIS=250, Improvement=8
n=500, coeff=4, trial=3, GT MIS=250, Greedy MIS=242, |S|=389, Oracle MIS=250, Improvement=8
n=500, coeff=4, trial=3, GT MIS=250, Greedy MIS=242, |S|=334, Oracle MIS=250, Improvement=8
n=500, coeff=4, trial=4, GT MIS=250, Greedy MIS=245, |S|=500, Oracle MIS=245, Improvement=0
n=500, coeff=4, trial=4, GT MIS=250, Greedy MIS=245, |S|=500, Oracle MIS=245, Improvement=0
n=500, coeff=4, trial=4, GT MIS=250, Greedy MIS=245, |S|=500, Oracle MIS=245, Improvement=0
n=500, coeff=4, trial=4, GT MIS=250, Greedy MIS=245, |S|=499, Oracle MIS=244, Improvement=-1
n=500, coeff=4, trial=4, GT MIS=250, Greedy MIS=245, |S|=497, Oracle MIS=239, Improvement=-6
n=500, coeff=4, trial=4, GT MIS=250, Greedy MIS=245, |S|=490, Oracle MIS=233, Improvement=-12
n=500, coeff=4, trial=4, GT MIS=250, Greedy MIS=245, |S|=470, Oracle MIS=244, Improvement=-1
n=500, coeff=4, trial=4, GT MIS=250, Greedy MIS=245, |S|=431, Oracle MIS=250, Improvement=5
n=500, coeff=4, trial=4, GT MIS=250, Greedy MIS=245, |S|=394, Oracle MIS=250, Improvement=5
n=500, coeff=4, trial=4, GT MIS=250, Greedy MIS=245, |S|=336, Oracle MIS=250, Improvement=5
n=500, coeff=5, trial=0, GT MIS=250, Greedy MIS=250, |S|=500, Oracle MIS=250, Improvement=0
n=500, coeff=5, trial=0, GT MIS=250, Greedy MIS=250, |S|=500, Oracle MIS=250, Improvement=0
n=500, coeff=5, trial=0, GT MIS=250, Greedy MIS=250, |S|=500, Oracle MIS=250, Improvement=0
n=500, coeff=5, trial=0, GT MIS=250, Greedy MIS=250, |S|=500, Oracle MIS=250, Improvement=0
n=500, coeff=5, trial=0, GT MIS=250, Greedy MIS=250, |S|=498, Oracle MIS=250, Improvement=0
n=500, coeff=5, trial=0, GT MIS=250, Greedy MIS=250, |S|=490, Oracle MIS=250, Improvement=0
n=500, coeff=5, trial=0, GT MIS=250, Greedy MIS=250, |S|=469, Oracle MIS=250, Improvement=0
n=500, coeff=5, trial=0, GT MIS=250, Greedy MIS=250, |S|=423, Oracle MIS=250, Improvement=0
n=500, coeff=5, trial=0, GT MIS=250, Greedy MIS=250, |S|=366, Oracle MIS=250, Improvement=0
n=500, coeff=5, trial=0, GT MIS=250, Greedy MIS=250, |S|=323, Oracle MIS=250, Improvement=0
n=500, coeff=5, trial=1, GT MIS=250, Greedy MIS=234, |S|=500, Oracle MIS=234, Improvement=0
n=500, coeff=5, trial=1, GT MIS=250, Greedy MIS=234, |S|=500, Oracle MIS=234, Improvement=0
n=500, coeff=5, trial=1, GT MIS=250, Greedy MIS=234, |S|=500, Oracle MIS=234, Improvement=0
n=500, coeff=5, trial=1, GT MIS=250, Greedy MIS=234, |S|=500, Oracle MIS=234, Improvement=0
n=500, coeff=5, trial=1, GT MIS=250, Greedy MIS=234, |S|=500, Oracle MIS=234, Improvement=0
n=500, coeff=5, trial=1, GT MIS=250, Greedy MIS=234, |S|=498, Oracle MIS=234, Improvement=0
n=500, coeff=5, trial=1, GT MIS=250, Greedy MIS=234, |S|=486, Oracle MIS=250, Improvement=16
n=500, coeff=5, trial=1, GT MIS=250, Greedy MIS=234, |S|=458, Oracle MIS=250, Improvement=16
n=500, coeff=5, trial=1, GT MIS=250, Greedy MIS=234, |S|=399, Oracle MIS=250, Improvement=16
n=500, coeff=5, trial=1, GT MIS=250, Greedy MIS=234, |S|=341, Oracle MIS=250, Improvement=16
n=500, coeff=5, trial=2, GT MIS=250, Greedy MIS=250, |S|=500, Oracle MIS=250, Improvement=0
n=500, coeff=5, trial=2, GT MIS=250, Greedy MIS=250, |S|=500, Oracle MIS=250, Improvement=0
n=500, coeff=5, trial=2, GT MIS=250, Greedy MIS=250, |S|=500, Oracle MIS=250, Improvement=0
n=500, coeff=5, trial=2, GT MIS=250, Greedy MIS=250, |S|=500, Oracle MIS=250, Improvement=0
n=500, coeff=5, trial=2, GT MIS=250, Greedy MIS=250, |S|=496, Oracle MIS=246, Improvement=-4
n=500, coeff=5, trial=2, GT MIS=250, Greedy MIS=250, |S|=485, Oracle MIS=225, Improvement=-25
n=500, coeff=5, trial=2, GT MIS=250, Greedy MIS=250, |S|=459, Oracle MIS=250, Improvement=0
n=500, coeff=5, trial=2, GT MIS=250, Greedy MIS=250, |S|=415, Oracle MIS=250, Improvement=0
n=500, coeff=5, trial=2, GT MIS=250, Greedy MIS=250, |S|=370, Oracle MIS=250, Improvement=0
n=500, coeff=5, trial=2, GT MIS=250, Greedy MIS=250, |S|=314, Oracle MIS=250, Improvement=0
n=500, coeff=5, trial=3, GT MIS=250, Greedy MIS=244, |S|=500, Oracle MIS=244, Improvement=0
n=500, coeff=5, trial=3, GT MIS=250, Greedy MIS=244, |S|=500, Oracle MIS=244, Improvement=0
n=500, coeff=5, trial=3, GT MIS=250, Greedy MIS=244, |S|=500, Oracle MIS=244, Improvement=0
n=500, coeff=5, trial=3, GT MIS=250, Greedy MIS=244, |S|=499, Oracle MIS=244, Improvement=0
n=500, coeff=5, trial=3, GT MIS=250, Greedy MIS=244, |S|=499, Oracle MIS=244, Improvement=0
n=500, coeff=5, trial=3, GT MIS=250, Greedy MIS=244, |S|=490, Oracle MIS=244, Improvement=0
n=500, coeff=5, trial=3, GT MIS=250, Greedy MIS=244, |S|=473, Oracle MIS=250, Improvement=6
n=500, coeff=5, trial=3, GT MIS=250, Greedy MIS=244, |S|=444, Oracle MIS=250, Improvement=6
n=500, coeff=5, trial=3, GT MIS=250, Greedy MIS=244, |S|=379, Oracle MIS=250, Improvement=6
n=500, coeff=5, trial=3, GT MIS=250, Greedy MIS=244, |S|=323, Oracle MIS=250, Improvement=6
n=500, coeff=5, trial=4, GT MIS=250, Greedy MIS=242, |S|=500, Oracle MIS=242, Improvement=0
n=500, coeff=5, trial=4, GT MIS=250, Greedy MIS=242, |S|=500, Oracle MIS=242, Improvement=0
n=500, coeff=5, trial=4, GT MIS=250, Greedy MIS=242, |S|=500, Oracle MIS=242, Improvement=0
n=500, coeff=5, trial=4, GT MIS=250, Greedy MIS=242, |S|=500, Oracle MIS=242, Improvement=0
n=500, coeff=5, trial=4, GT MIS=250, Greedy MIS=242, |S|=498, Oracle MIS=240, Improvement=-2
n=500, coeff=5, trial=4, GT MIS=250, Greedy MIS=242, |S|=487, Oracle MIS=250, Improvement=8
n=500, coeff=5, trial=4, GT MIS=250, Greedy MIS=242, |S|=461, Oracle MIS=250, Improvement=8
n=500, coeff=5, trial=4, GT MIS=250, Greedy MIS=242, |S|=416, Oracle MIS=250, Improvement=8
n=500, coeff=5, trial=4, GT MIS=250, Greedy MIS=242, |S|=375, Oracle MIS=250, Improvement=8
n=500, coeff=5, trial=4, GT MIS=250, Greedy MIS=242, |S|=312, Oracle MIS=250, Improvement=8
n=500, coeff=6, trial=0, GT MIS=250, Greedy MIS=250, |S|=500, Oracle MIS=250, Improvement=0
n=500, coeff=6, trial=0, GT MIS=250, Greedy MIS=250, |S|=500, Oracle MIS=250, Improvement=0
n=500, coeff=6, trial=0, GT MIS=250, Greedy MIS=250, |S|=500, Oracle MIS=250, Improvement=0
n=500, coeff=6, trial=0, GT MIS=250, Greedy MIS=250, |S|=500, Oracle MIS=250, Improvement=0
n=500, coeff=6, trial=0, GT MIS=250, Greedy MIS=250, |S|=499, Oracle MIS=250, Improvement=0
n=500, coeff=6, trial=0, GT MIS=250, Greedy MIS=250, |S|=486, Oracle MIS=250, Improvement=0
n=500, coeff=6, trial=0, GT MIS=250, Greedy MIS=250, |S|=462, Oracle MIS=250, Improvement=0
n=500, coeff=6, trial=0, GT MIS=250, Greedy MIS=250, |S|=412, Oracle MIS=250, Improvement=0
n=500, coeff=6, trial=0, GT MIS=250, Greedy MIS=250, |S|=346, Oracle MIS=249, Improvement=-1
n=500, coeff=6, trial=0, GT MIS=250, Greedy MIS=250, |S|=296, Oracle MIS=250, Improvement=0
n=500, coeff=6, trial=1, GT MIS=250, Greedy MIS=238, |S|=500, Oracle MIS=238, Improvement=0
n=500, coeff=6, trial=1, GT MIS=250, Greedy MIS=238, |S|=500, Oracle MIS=238, Improvement=0
n=500, coeff=6, trial=1, GT MIS=250, Greedy MIS=238, |S|=500, Oracle MIS=238, Improvement=0
n=500, coeff=6, trial=1, GT MIS=250, Greedy MIS=238, |S|=500, Oracle MIS=238, Improvement=0
n=500, coeff=6, trial=1, GT MIS=250, Greedy MIS=238, |S|=500, Oracle MIS=238, Improvement=0
n=500, coeff=6, trial=1, GT MIS=250, Greedy MIS=238, |S|=499, Oracle MIS=243, Improvement=5
n=500, coeff=6, trial=1, GT MIS=250, Greedy MIS=238, |S|=487, Oracle MIS=243, Improvement=5
n=500, coeff=6, trial=1, GT MIS=250, Greedy MIS=238, |S|=455, Oracle MIS=250, Improvement=12
n=500, coeff=6, trial=1, GT MIS=250, Greedy MIS=238, |S|=387, Oracle MIS=250, Improvement=12
n=500, coeff=6, trial=1, GT MIS=250, Greedy MIS=238, |S|=320, Oracle MIS=250, Improvement=12
n=500, coeff=6, trial=2, GT MIS=250, Greedy MIS=250, |S|=500, Oracle MIS=250, Improvement=0
n=500, coeff=6, trial=2, GT MIS=250, Greedy MIS=250, |S|=500, Oracle MIS=250, Improvement=0
n=500, coeff=6, trial=2, GT MIS=250, Greedy MIS=250, |S|=500, Oracle MIS=250, Improvement=0
n=500, coeff=6, trial=2, GT MIS=250, Greedy MIS=250, |S|=500, Oracle MIS=250, Improvement=0
n=500, coeff=6, trial=2, GT MIS=250, Greedy MIS=250, |S|=496, Oracle MIS=246, Improvement=-4
n=500, coeff=6, trial=2, GT MIS=250, Greedy MIS=250, |S|=487, Oracle MIS=237, Improvement=-13
n=500, coeff=6, trial=2, GT MIS=250, Greedy MIS=250, |S|=450, Oracle MIS=244, Improvement=-6
n=500, coeff=6, trial=2, GT MIS=250, Greedy MIS=250, |S|=391, Oracle MIS=250, Improvement=0
n=500, coeff=6, trial=2, GT MIS=250, Greedy MIS=250, |S|=340, Oracle MIS=250, Improvement=0
n=500, coeff=6, trial=2, GT MIS=250, Greedy MIS=250, |S|=297, Oracle MIS=250, Improvement=0
n=500, coeff=6, trial=3, GT MIS=250, Greedy MIS=236, |S|=500, Oracle MIS=236, Improvement=0
n=500, coeff=6, trial=3, GT MIS=250, Greedy MIS=236, |S|=500, Oracle MIS=236, Improvement=0
n=500, coeff=6, trial=3, GT MIS=250, Greedy MIS=236, |S|=500, Oracle MIS=236, Improvement=0
n=500, coeff=6, trial=3, GT MIS=250, Greedy MIS=236, |S|=499, Oracle MIS=235, Improvement=-1
n=500, coeff=6, trial=3, GT MIS=250, Greedy MIS=236, |S|=498, Oracle MIS=234, Improvement=-2
n=500, coeff=6, trial=3, GT MIS=250, Greedy MIS=236, |S|=488, Oracle MIS=224, Improvement=-12
n=500, coeff=6, trial=3, GT MIS=250, Greedy MIS=236, |S|=470, Oracle MIS=236, Improvement=0
n=500, coeff=6, trial=3, GT MIS=250, Greedy MIS=236, |S|=428, Oracle MIS=250, Improvement=14
n=500, coeff=6, trial=3, GT MIS=250, Greedy MIS=236, |S|=355, Oracle MIS=250, Improvement=14
n=500, coeff=6, trial=3, GT MIS=250, Greedy MIS=236, |S|=301, Oracle MIS=250, Improvement=14
n=500, coeff=6, trial=4, GT MIS=250, Greedy MIS=243, |S|=500, Oracle MIS=243, Improvement=0
n=500, coeff=6, trial=4, GT MIS=250, Greedy MIS=243, |S|=500, Oracle MIS=243, Improvement=0
n=500, coeff=6, trial=4, GT MIS=250, Greedy MIS=243, |S|=500, Oracle MIS=243, Improvement=0
n=500, coeff=6, trial=4, GT MIS=250, Greedy MIS=243, |S|=500, Oracle MIS=243, Improvement=0
n=500, coeff=6, trial=4, GT MIS=250, Greedy MIS=243, |S|=498, Oracle MIS=234, Improvement=-9
n=500, coeff=6, trial=4, GT MIS=250, Greedy MIS=243, |S|=489, Oracle MIS=243, Improvement=0
n=500, coeff=6, trial=4, GT MIS=250, Greedy MIS=243, |S|=445, Oracle MIS=250, Improvement=7
n=500, coeff=6, trial=4, GT MIS=250, Greedy MIS=243, |S|=397, Oracle MIS=250, Improvement=7
n=500, coeff=6, trial=4, GT MIS=250, Greedy MIS=243, |S|=350, Oracle MIS=250, Improvement=7
n=500, coeff=6, trial=4, GT MIS=250, Greedy MIS=243, |S|=288, Oracle MIS=250, Improvement=7
n=500, coeff=7, trial=0, GT MIS=250, Greedy MIS=240, |S|=500, Oracle MIS=240, Improvement=0
n=500, coeff=7, trial=0, GT MIS=250, Greedy MIS=240, |S|=500, Oracle MIS=240, Improvement=0
n=500, coeff=7, trial=0, GT MIS=250, Greedy MIS=240, |S|=500, Oracle MIS=240, Improvement=0
n=500, coeff=7, trial=0, GT MIS=250, Greedy MIS=240, |S|=500, Oracle MIS=240, Improvement=0
n=500, coeff=7, trial=0, GT MIS=250, Greedy MIS=240, |S|=497, Oracle MIS=240, Improvement=0
n=500, coeff=7, trial=0, GT MIS=250, Greedy MIS=240, |S|=484, Oracle MIS=250, Improvement=10
n=500, coeff=7, trial=0, GT MIS=250, Greedy MIS=240, |S|=451, Oracle MIS=250, Improvement=10
n=500, coeff=7, trial=0, GT MIS=250, Greedy MIS=240, |S|=395, Oracle MIS=250, Improvement=10
n=500, coeff=7, trial=0, GT MIS=250, Greedy MIS=240, |S|=329, Oracle MIS=250, Improvement=10
n=500, coeff=7, trial=0, GT MIS=250, Greedy MIS=240, |S|=278, Oracle MIS=250, Improvement=10
n=500, coeff=7, trial=1, GT MIS=250, Greedy MIS=240, |S|=500, Oracle MIS=240, Improvement=0
n=500, coeff=7, trial=1, GT MIS=250, Greedy MIS=240, |S|=500, Oracle MIS=240, Improvement=0
n=500, coeff=7, trial=1, GT MIS=250, Greedy MIS=240, |S|=500, Oracle MIS=240, Improvement=0
n=500, coeff=7, trial=1, GT MIS=250, Greedy MIS=240, |S|=500, Oracle MIS=240, Improvement=0
n=500, coeff=7, trial=1, GT MIS=250, Greedy MIS=240, |S|=500, Oracle MIS=240, Improvement=0
n=500, coeff=7, trial=1, GT MIS=250, Greedy MIS=240, |S|=499, Oracle MIS=240, Improvement=0
n=500, coeff=7, trial=1, GT MIS=250, Greedy MIS=240, |S|=486, Oracle MIS=250, Improvement=10
n=500, coeff=7, trial=1, GT MIS=250, Greedy MIS=240, |S|=449, Oracle MIS=250, Improvement=10
n=500, coeff=7, trial=1, GT MIS=250, Greedy MIS=240, |S|=367, Oracle MIS=250, Improvement=10
n=500, coeff=7, trial=1, GT MIS=250, Greedy MIS=240, |S|=300, Oracle MIS=250, Improvement=10
n=500, coeff=7, trial=2, GT MIS=250, Greedy MIS=250, |S|=500, Oracle MIS=250, Improvement=0
n=500, coeff=7, trial=2, GT MIS=250, Greedy MIS=250, |S|=500, Oracle MIS=250, Improvement=0
n=500, coeff=7, trial=2, GT MIS=250, Greedy MIS=250, |S|=500, Oracle MIS=250, Improvement=0
n=500, coeff=7, trial=2, GT MIS=250, Greedy MIS=250, |S|=500, Oracle MIS=250, Improvement=0
n=500, coeff=7, trial=2, GT MIS=250, Greedy MIS=250, |S|=497, Oracle MIS=225, Improvement=-25
n=500, coeff=7, trial=2, GT MIS=250, Greedy MIS=250, |S|=483, Oracle MIS=211, Improvement=-39
n=500, coeff=7, trial=2, GT MIS=250, Greedy MIS=250, |S|=446, Oracle MIS=250, Improvement=0
n=500, coeff=7, trial=2, GT MIS=250, Greedy MIS=250, |S|=381, Oracle MIS=250, Improvement=0
n=500, coeff=7, trial=2, GT MIS=250, Greedy MIS=250, |S|=329, Oracle MIS=250, Improvement=0
n=500, coeff=7, trial=2, GT MIS=250, Greedy MIS=250, |S|=280, Oracle MIS=250, Improvement=0
n=500, coeff=7, trial=3, GT MIS=250, Greedy MIS=240, |S|=500, Oracle MIS=240, Improvement=0
n=500, coeff=7, trial=3, GT MIS=250, Greedy MIS=240, |S|=500, Oracle MIS=240, Improvement=0
n=500, coeff=7, trial=3, GT MIS=250, Greedy MIS=240, |S|=500, Oracle MIS=240, Improvement=0
n=500, coeff=7, trial=3, GT MIS=250, Greedy MIS=240, |S|=500, Oracle MIS=240, Improvement=0
n=500, coeff=7, trial=3, GT MIS=250, Greedy MIS=240, |S|=497, Oracle MIS=240, Improvement=0
n=500, coeff=7, trial=3, GT MIS=250, Greedy MIS=240, |S|=490, Oracle MIS=240, Improvement=0
n=500, coeff=7, trial=3, GT MIS=250, Greedy MIS=240, |S|=458, Oracle MIS=250, Improvement=10
n=500, coeff=7, trial=3, GT MIS=250, Greedy MIS=240, |S|=413, Oracle MIS=250, Improvement=10
n=500, coeff=7, trial=3, GT MIS=250, Greedy MIS=240, |S|=334, Oracle MIS=250, Improvement=10
n=500, coeff=7, trial=3, GT MIS=250, Greedy MIS=240, |S|=279, Oracle MIS=250, Improvement=10
n=500, coeff=7, trial=4, GT MIS=250, Greedy MIS=250, |S|=500, Oracle MIS=250, Improvement=0
n=500, coeff=7, trial=4, GT MIS=250, Greedy MIS=250, |S|=500, Oracle MIS=250, Improvement=0
n=500, coeff=7, trial=4, GT MIS=250, Greedy MIS=250, |S|=500, Oracle MIS=250, Improvement=0
n=500, coeff=7, trial=4, GT MIS=250, Greedy MIS=250, |S|=500, Oracle MIS=250, Improvement=0
n=500, coeff=7, trial=4, GT MIS=250, Greedy MIS=250, |S|=496, Oracle MIS=246, Improvement=-4
n=500, coeff=7, trial=4, GT MIS=250, Greedy MIS=250, |S|=480, Oracle MIS=222, Improvement=-28
n=500, coeff=7, trial=4, GT MIS=250, Greedy MIS=250, |S|=432, Oracle MIS=250, Improvement=0
n=500, coeff=7, trial=4, GT MIS=250, Greedy MIS=250, |S|=371, Oracle MIS=250, Improvement=0
n=500, coeff=7, trial=4, GT MIS=250, Greedy MIS=250, |S|=329, Oracle MIS=250, Improvement=0
n=500, coeff=7, trial=4, GT MIS=250, Greedy MIS=250, |S|=282, Oracle MIS=250, Improvement=0
n=500, coeff=8, trial=0, GT MIS=250, Greedy MIS=250, |S|=500, Oracle MIS=250, Improvement=0
n=500, coeff=8, trial=0, GT MIS=250, Greedy MIS=250, |S|=500, Oracle MIS=250, Improvement=0
n=500, coeff=8, trial=0, GT MIS=250, Greedy MIS=250, |S|=500, Oracle MIS=250, Improvement=0
n=500, coeff=8, trial=0, GT MIS=250, Greedy MIS=250, |S|=500, Oracle MIS=250, Improvement=0
n=500, coeff=8, trial=0, GT MIS=250, Greedy MIS=250, |S|=495, Oracle MIS=245, Improvement=-5
n=500, coeff=8, trial=0, GT MIS=250, Greedy MIS=250, |S|=479, Oracle MIS=250, Improvement=0
n=500, coeff=8, trial=0, GT MIS=250, Greedy MIS=250, |S|=442, Oracle MIS=250, Improvement=0
n=500, coeff=8, trial=0, GT MIS=250, Greedy MIS=250, |S|=373, Oracle MIS=250, Improvement=0
n=500, coeff=8, trial=0, GT MIS=250, Greedy MIS=250, |S|=319, Oracle MIS=250, Improvement=0
n=500, coeff=8, trial=0, GT MIS=250, Greedy MIS=250, |S|=269, Oracle MIS=250, Improvement=0
n=500, coeff=8, trial=1, GT MIS=250, Greedy MIS=250, |S|=500, Oracle MIS=250, Improvement=0
n=500, coeff=8, trial=1, GT MIS=250, Greedy MIS=250, |S|=500, Oracle MIS=250, Improvement=0
n=500, coeff=8, trial=1, GT MIS=250, Greedy MIS=250, |S|=500, Oracle MIS=250, Improvement=0
n=500, coeff=8, trial=1, GT MIS=250, Greedy MIS=250, |S|=500, Oracle MIS=250, Improvement=0
n=500, coeff=8, trial=1, GT MIS=250, Greedy MIS=250, |S|=499, Oracle MIS=250, Improvement=0
n=500, coeff=8, trial=1, GT MIS=250, Greedy MIS=250, |S|=495, Oracle MIS=250, Improvement=0
n=500, coeff=8, trial=1, GT MIS=250, Greedy MIS=250, |S|=481, Oracle MIS=250, Improvement=0
n=500, coeff=8, trial=1, GT MIS=250, Greedy MIS=250, |S|=432, Oracle MIS=250, Improvement=0
n=500, coeff=8, trial=1, GT MIS=250, Greedy MIS=250, |S|=356, Oracle MIS=250, Improvement=0
n=500, coeff=8, trial=1, GT MIS=250, Greedy MIS=250, |S|=284, Oracle MIS=250, Improvement=0
n=500, coeff=8, trial=2, GT MIS=250, Greedy MIS=250, |S|=500, Oracle MIS=250, Improvement=0
n=500, coeff=8, trial=2, GT MIS=250, Greedy MIS=250, |S|=500, Oracle MIS=250, Improvement=0
n=500, coeff=8, trial=2, GT MIS=250, Greedy MIS=250, |S|=500, Oracle MIS=250, Improvement=0
n=500, coeff=8, trial=2, GT MIS=250, Greedy MIS=250, |S|=500, Oracle MIS=250, Improvement=0
n=500, coeff=8, trial=2, GT MIS=250, Greedy MIS=250, |S|=497, Oracle MIS=247, Improvement=-3
n=500, coeff=8, trial=2, GT MIS=250, Greedy MIS=250, |S|=483, Oracle MIS=243, Improvement=-7
n=500, coeff=8, trial=2, GT MIS=250, Greedy MIS=250, |S|=428, Oracle MIS=243, Improvement=-7
n=500, coeff=8, trial=2, GT MIS=250, Greedy MIS=250, |S|=358, Oracle MIS=250, Improvement=0
n=500, coeff=8, trial=2, GT MIS=250, Greedy MIS=250, |S|=303, Oracle MIS=250, Improvement=0
n=500, coeff=8, trial=2, GT MIS=250, Greedy MIS=250, |S|=270, Oracle MIS=250, Improvement=0
n=500, coeff=8, trial=3, GT MIS=250, Greedy MIS=250, |S|=500, Oracle MIS=250, Improvement=0
n=500, coeff=8, trial=3, GT MIS=250, Greedy MIS=250, |S|=500, Oracle MIS=250, Improvement=0
n=500, coeff=8, trial=3, GT MIS=250, Greedy MIS=250, |S|=500, Oracle MIS=250, Improvement=0
n=500, coeff=8, trial=3, GT MIS=250, Greedy MIS=250, |S|=500, Oracle MIS=250, Improvement=0
n=500, coeff=8, trial=3, GT MIS=250, Greedy MIS=250, |S|=498, Oracle MIS=250, Improvement=0
n=500, coeff=8, trial=3, GT MIS=250, Greedy MIS=250, |S|=487, Oracle MIS=250, Improvement=0
n=500, coeff=8, trial=3, GT MIS=250, Greedy MIS=250, |S|=450, Oracle MIS=250, Improvement=0
n=500, coeff=8, trial=3, GT MIS=250, Greedy MIS=250, |S|=389, Oracle MIS=250, Improvement=0
n=500, coeff=8, trial=3, GT MIS=250, Greedy MIS=250, |S|=313, Oracle MIS=250, Improvement=0
n=500, coeff=8, trial=3, GT MIS=250, Greedy MIS=250, |S|=272, Oracle MIS=250, Improvement=0
n=500, coeff=8, trial=4, GT MIS=250, Greedy MIS=250, |S|=500, Oracle MIS=250, Improvement=0
n=500, coeff=8, trial=4, GT MIS=250, Greedy MIS=250, |S|=500, Oracle MIS=250, Improvement=0
n=500, coeff=8, trial=4, GT MIS=250, Greedy MIS=250, |S|=500, Oracle MIS=250, Improvement=0
n=500, coeff=8, trial=4, GT MIS=250, Greedy MIS=250, |S|=500, Oracle MIS=250, Improvement=0
n=500, coeff=8, trial=4, GT MIS=250, Greedy MIS=250, |S|=496, Oracle MIS=246, Improvement=-4
n=500, coeff=8, trial=4, GT MIS=250, Greedy MIS=250, |S|=474, Oracle MIS=224, Improvement=-26
n=500, coeff=8, trial=4, GT MIS=250, Greedy MIS=250, |S|=418, Oracle MIS=250, Improvement=0
n=500, coeff=8, trial=4, GT MIS=250, Greedy MIS=250, |S|=361, Oracle MIS=250, Improvement=0
n=500, coeff=8, trial=4, GT MIS=250, Greedy MIS=250, |S|=309, Oracle MIS=250, Improvement=0
n=500, coeff=8, trial=4, GT MIS=250, Greedy MIS=250, |S|=270, Oracle MIS=250, Improvement=0
n=500, coeff=9, trial=0, GT MIS=250, Greedy MIS=250, |S|=500, Oracle MIS=250, Improvement=0
n=500, coeff=9, trial=0, GT MIS=250, Greedy MIS=250, |S|=500, Oracle MIS=250, Improvement=0
n=500, coeff=9, trial=0, GT MIS=250, Greedy MIS=250, |S|=500, Oracle MIS=250, Improvement=0
n=500, coeff=9, trial=0, GT MIS=250, Greedy MIS=250, |S|=500, Oracle MIS=250, Improvement=0
n=500, coeff=9, trial=0, GT MIS=250, Greedy MIS=250, |S|=494, Oracle MIS=250, Improvement=0
n=500, coeff=9, trial=0, GT MIS=250, Greedy MIS=250, |S|=481, Oracle MIS=250, Improvement=0
n=500, coeff=9, trial=0, GT MIS=250, Greedy MIS=250, |S|=435, Oracle MIS=250, Improvement=0
n=500, coeff=9, trial=0, GT MIS=250, Greedy MIS=250, |S|=360, Oracle MIS=250, Improvement=0
n=500, coeff=9, trial=0, GT MIS=250, Greedy MIS=250, |S|=293, Oracle MIS=250, Improvement=0
n=500, coeff=9, trial=0, GT MIS=250, Greedy MIS=250, |S|=261, Oracle MIS=250, Improvement=0
n=500, coeff=9, trial=1, GT MIS=250, Greedy MIS=250, |S|=500, Oracle MIS=250, Improvement=0
n=500, coeff=9, trial=1, GT MIS=250, Greedy MIS=250, |S|=500, Oracle MIS=250, Improvement=0
n=500, coeff=9, trial=1, GT MIS=250, Greedy MIS=250, |S|=500, Oracle MIS=250, Improvement=0
n=500, coeff=9, trial=1, GT MIS=250, Greedy MIS=250, |S|=500, Oracle MIS=250, Improvement=0
n=500, coeff=9, trial=1, GT MIS=250, Greedy MIS=250, |S|=500, Oracle MIS=250, Improvement=0
n=500, coeff=9, trial=1, GT MIS=250, Greedy MIS=250, |S|=493, Oracle MIS=250, Improvement=0
n=500, coeff=9, trial=1, GT MIS=250, Greedy MIS=250, |S|=473, Oracle MIS=250, Improvement=0
n=500, coeff=9, trial=1, GT MIS=250, Greedy MIS=250, |S|=423, Oracle MIS=250, Improvement=0
n=500, coeff=9, trial=1, GT MIS=250, Greedy MIS=250, |S|=340, Oracle MIS=250, Improvement=0
n=500, coeff=9, trial=1, GT MIS=250, Greedy MIS=250, |S|=275, Oracle MIS=250, Improvement=0
n=500, coeff=9, trial=2, GT MIS=250, Greedy MIS=250, |S|=500, Oracle MIS=250, Improvement=0
n=500, coeff=9, trial=2, GT MIS=250, Greedy MIS=250, |S|=500, Oracle MIS=250, Improvement=0
n=500, coeff=9, trial=2, GT MIS=250, Greedy MIS=250, |S|=500, Oracle MIS=250, Improvement=0
n=500, coeff=9, trial=2, GT MIS=250, Greedy MIS=250, |S|=500, Oracle MIS=250, Improvement=0
n=500, coeff=9, trial=2, GT MIS=250, Greedy MIS=250, |S|=496, Oracle MIS=235, Improvement=-15
n=500, coeff=9, trial=2, GT MIS=250, Greedy MIS=250, |S|=478, Oracle MIS=198, Improvement=-52
n=500, coeff=9, trial=2, GT MIS=250, Greedy MIS=250, |S|=411, Oracle MIS=250, Improvement=0
n=500, coeff=9, trial=2, GT MIS=250, Greedy MIS=250, |S|=340, Oracle MIS=250, Improvement=0
n=500, coeff=9, trial=2, GT MIS=250, Greedy MIS=250, |S|=287, Oracle MIS=250, Improvement=0
n=500, coeff=9, trial=2, GT MIS=250, Greedy MIS=250, |S|=263, Oracle MIS=250, Improvement=0
n=500, coeff=9, trial=3, GT MIS=250, Greedy MIS=250, |S|=500, Oracle MIS=250, Improvement=0
n=500, coeff=9, trial=3, GT MIS=250, Greedy MIS=250, |S|=500, Oracle MIS=250, Improvement=0
n=500, coeff=9, trial=3, GT MIS=250, Greedy MIS=250, |S|=500, Oracle MIS=250, Improvement=0
n=500, coeff=9, trial=3, GT MIS=250, Greedy MIS=250, |S|=500, Oracle MIS=250, Improvement=0
n=500, coeff=9, trial=3, GT MIS=250, Greedy MIS=250, |S|=497, Oracle MIS=250, Improvement=0
n=500, coeff=9, trial=3, GT MIS=250, Greedy MIS=250, |S|=487, Oracle MIS=250, Improvement=0
n=500, coeff=9, trial=3, GT MIS=250, Greedy MIS=250, |S|=437, Oracle MIS=250, Improvement=0
n=500, coeff=9, trial=3, GT MIS=250, Greedy MIS=250, |S|=378, Oracle MIS=250, Improvement=0
n=500, coeff=9, trial=3, GT MIS=250, Greedy MIS=250, |S|=301, Oracle MIS=250, Improvement=0
n=500, coeff=9, trial=3, GT MIS=250, Greedy MIS=250, |S|=265, Oracle MIS=250, Improvement=0
n=500, coeff=9, trial=4, GT MIS=250, Greedy MIS=250, |S|=500, Oracle MIS=250, Improvement=0
n=500, coeff=9, trial=4, GT MIS=250, Greedy MIS=250, |S|=500, Oracle MIS=250, Improvement=0
n=500, coeff=9, trial=4, GT MIS=250, Greedy MIS=250, |S|=500, Oracle MIS=250, Improvement=0
n=500, coeff=9, trial=4, GT MIS=250, Greedy MIS=250, |S|=500, Oracle MIS=250, Improvement=0
n=500, coeff=9, trial=4, GT MIS=250, Greedy MIS=250, |S|=497, Oracle MIS=247, Improvement=-3
n=500, coeff=9, trial=4, GT MIS=250, Greedy MIS=250, |S|=467, Oracle MIS=208, Improvement=-42
n=500, coeff=9, trial=4, GT MIS=250, Greedy MIS=250, |S|=410, Oracle MIS=250, Improvement=0
n=500, coeff=9, trial=4, GT MIS=250, Greedy MIS=250, |S|=333, Oracle MIS=250, Improvement=0
n=500, coeff=9, trial=4, GT MIS=250, Greedy MIS=250, |S|=295, Oracle MIS=250, Improvement=0
n=500, coeff=9, trial=4, GT MIS=250, Greedy MIS=250, |S|=264, Oracle MIS=250, Improvement=0
n=500, coeff=10, trial=0, GT MIS=250, Greedy MIS=250, |S|=500, Oracle MIS=250, Improvement=0
n=500, coeff=10, trial=0, GT MIS=250, Greedy MIS=250, |S|=500, Oracle MIS=250, Improvement=0
n=500, coeff=10, trial=0, GT MIS=250, Greedy MIS=250, |S|=500, Oracle MIS=250, Improvement=0
n=500, coeff=10, trial=0, GT MIS=250, Greedy MIS=250, |S|=500, Oracle MIS=250, Improvement=0
n=500, coeff=10, trial=0, GT MIS=250, Greedy MIS=250, |S|=494, Oracle MIS=250, Improvement=0
n=500, coeff=10, trial=0, GT MIS=250, Greedy MIS=250, |S|=479, Oracle MIS=250, Improvement=0
n=500, coeff=10, trial=0, GT MIS=250, Greedy MIS=250, |S|=426, Oracle MIS=250, Improvement=0
n=500, coeff=10, trial=0, GT MIS=250, Greedy MIS=250, |S|=352, Oracle MIS=250, Improvement=0
n=500, coeff=10, trial=0, GT MIS=250, Greedy MIS=250, |S|=278, Oracle MIS=250, Improvement=0
n=500, coeff=10, trial=0, GT MIS=250, Greedy MIS=250, |S|=257, Oracle MIS=250, Improvement=0
n=500, coeff=10, trial=1, GT MIS=250, Greedy MIS=250, |S|=500, Oracle MIS=250, Improvement=0
n=500, coeff=10, trial=1, GT MIS=250, Greedy MIS=250, |S|=500, Oracle MIS=250, Improvement=0
n=500, coeff=10, trial=1, GT MIS=250, Greedy MIS=250, |S|=500, Oracle MIS=250, Improvement=0
n=500, coeff=10, trial=1, GT MIS=250, Greedy MIS=250, |S|=500, Oracle MIS=250, Improvement=0
n=500, coeff=10, trial=1, GT MIS=250, Greedy MIS=250, |S|=499, Oracle MIS=250, Improvement=0
n=500, coeff=10, trial=1, GT MIS=250, Greedy MIS=250, |S|=493, Oracle MIS=250, Improvement=0
n=500, coeff=10, trial=1, GT MIS=250, Greedy MIS=250, |S|=473, Oracle MIS=250, Improvement=0
n=500, coeff=10, trial=1, GT MIS=250, Greedy MIS=250, |S|=420, Oracle MIS=250, Improvement=0
n=500, coeff=10, trial=1, GT MIS=250, Greedy MIS=250, |S|=327, Oracle MIS=250, Improvement=0
n=500, coeff=10, trial=1, GT MIS=250, Greedy MIS=250, |S|=266, Oracle MIS=250, Improvement=0
n=500, coeff=10, trial=2, GT MIS=250, Greedy MIS=250, |S|=500, Oracle MIS=250, Improvement=0
n=500, coeff=10, trial=2, GT MIS=250, Greedy MIS=250, |S|=500, Oracle MIS=250, Improvement=0
n=500, coeff=10, trial=2, GT MIS=250, Greedy MIS=250, |S|=500, Oracle MIS=250, Improvement=0
n=500, coeff=10, trial=2, GT MIS=250, Greedy MIS=250, |S|=500, Oracle MIS=250, Improvement=0
n=500, coeff=10, trial=2, GT MIS=250, Greedy MIS=250, |S|=494, Oracle MIS=244, Improvement=-6
n=500, coeff=10, trial=2, GT MIS=250, Greedy MIS=250, |S|=464, Oracle MIS=237, Improvement=-13
n=500, coeff=10, trial=2, GT MIS=250, Greedy MIS=250, |S|=401, Oracle MIS=250, Improvement=0
n=500, coeff=10, trial=2, GT MIS=250, Greedy MIS=250, |S|=325, Oracle MIS=250, Improvement=0
n=500, coeff=10, trial=2, GT MIS=250, Greedy MIS=250, |S|=280, Oracle MIS=250, Improvement=0
n=500, coeff=10, trial=2, GT MIS=250, Greedy MIS=250, |S|=258, Oracle MIS=250, Improvement=0
n=500, coeff=10, trial=3, GT MIS=250, Greedy MIS=250, |S|=500, Oracle MIS=250, Improvement=0
n=500, coeff=10, trial=3, GT MIS=250, Greedy MIS=250, |S|=500, Oracle MIS=250, Improvement=0
n=500, coeff=10, trial=3, GT MIS=250, Greedy MIS=250, |S|=500, Oracle MIS=250, Improvement=0
n=500, coeff=10, trial=3, GT MIS=250, Greedy MIS=250, |S|=500, Oracle MIS=250, Improvement=0
n=500, coeff=10, trial=3, GT MIS=250, Greedy MIS=250, |S|=498, Oracle MIS=250, Improvement=0
n=500, coeff=10, trial=3, GT MIS=250, Greedy MIS=250, |S|=484, Oracle MIS=250, Improvement=0
n=500, coeff=10, trial=3, GT MIS=250, Greedy MIS=250, |S|=432, Oracle MIS=250, Improvement=0
n=500, coeff=10, trial=3, GT MIS=250, Greedy MIS=250, |S|=359, Oracle MIS=250, Improvement=0
n=500, coeff=10, trial=3, GT MIS=250, Greedy MIS=250, |S|=291, Oracle MIS=250, Improvement=0
n=500, coeff=10, trial=3, GT MIS=250, Greedy MIS=250, |S|=263, Oracle MIS=250, Improvement=0
n=500, coeff=10, trial=4, GT MIS=250, Greedy MIS=250, |S|=500, Oracle MIS=250, Improvement=0
n=500, coeff=10, trial=4, GT MIS=250, Greedy MIS=250, |S|=500, Oracle MIS=250, Improvement=0
n=500, coeff=10, trial=4, GT MIS=250, Greedy MIS=250, |S|=500, Oracle MIS=250, Improvement=0
n=500, coeff=10, trial=4, GT MIS=250, Greedy MIS=250, |S|=500, Oracle MIS=250, Improvement=0
n=500, coeff=10, trial=4, GT MIS=250, Greedy MIS=250, |S|=494, Oracle MIS=244, Improvement=-6
n=500, coeff=10, trial=4, GT MIS=250, Greedy MIS=250, |S|=457, Oracle MIS=250, Improvement=0
n=500, coeff=10, trial=4, GT MIS=250, Greedy MIS=250, |S|=402, Oracle MIS=250, Improvement=0
n=500, coeff=10, trial=4, GT MIS=250, Greedy MIS=250, |S|=323, Oracle MIS=250, Improvement=0
n=500, coeff=10, trial=4, GT MIS=250, Greedy MIS=250, |S|=282, Oracle MIS=250, Improvement=0
n=500, coeff=10, trial=4, GT MIS=250, Greedy MIS=250, |S|=257, Oracle MIS=250, Improvement=0
Results saved to bipartite_experiment_results_epislons_500.csv
