Running job on compute-3-02
Requested resources:
  - CPUs: 12
  - GPUs: 
  - Memory: 18000
n=20000, coeff=20.0, trial=0, GT MIS=10000, Greedy MIS=9868, |S|=20000, Oracle MIS=9868, Improvement=0
n=20000, coeff=20.0, trial=0, GT MIS=10000, Greedy MIS=9868, |S|=20000, Oracle MIS=9868, Improvement=0
n=20000, coeff=20.0, trial=0, GT MIS=10000, Greedy MIS=9868, |S|=20000, Oracle MIS=9868, Improvement=0
n=20000, coeff=20.0, trial=0, GT MIS=10000, Greedy MIS=9868, |S|=19971, Oracle MIS=9866, Improvement=-2
n=20000, coeff=20.0, trial=0, GT MIS=10000, Greedy MIS=9868, |S|=19245, Oracle MIS=10000, Improvement=132
n=20000, coeff=20.0, trial=0, GT MIS=10000, Greedy MIS=9868, |S|=15515, Oracle MIS=10000, Improvement=132
n=20000, coeff=20.0, trial=0, GT MIS=10000, Greedy MIS=9868, |S|=11332, Oracle MIS=10000, Improvement=132
n=20000, coeff=20.0, trial=0, GT MIS=10000, Greedy MIS=9868, |S|=10087, Oracle MIS=10000, Improvement=132
n=20000, coeff=20.0, trial=0, GT MIS=10000, Greedy MIS=9868, |S|=10002, Oracle MIS=10000, Improvement=132
n=20000, coeff=20.0, trial=0, GT MIS=10000, Greedy MIS=9868, |S|=10000, Oracle MIS=10000, Improvement=132
n=20000, coeff=20.0, trial=1, GT MIS=10000, Greedy MIS=9815, |S|=20000, Oracle MIS=9815, Improvement=0
n=20000, coeff=20.0, trial=1, GT MIS=10000, Greedy MIS=9815, |S|=20000, Oracle MIS=9815, Improvement=0
n=20000, coeff=20.0, trial=1, GT MIS=10000, Greedy MIS=9815, |S|=19998, Oracle MIS=9815, Improvement=0
n=20000, coeff=20.0, trial=1, GT MIS=10000, Greedy MIS=9815, |S|=19920, Oracle MIS=9815, Improvement=0
n=20000, coeff=20.0, trial=1, GT MIS=10000, Greedy MIS=9815, |S|=18777, Oracle MIS=10000, Improvement=185
n=20000, coeff=20.0, trial=1, GT MIS=10000, Greedy MIS=9815, |S|=14624, Oracle MIS=10000, Improvement=185
n=20000, coeff=20.0, trial=1, GT MIS=10000, Greedy MIS=9815, |S|=10916, Oracle MIS=10000, Improvement=185
n=20000, coeff=20.0, trial=1, GT MIS=10000, Greedy MIS=9815, |S|=10054, Oracle MIS=10000, Improvement=185
n=20000, coeff=20.0, trial=1, GT MIS=10000, Greedy MIS=9815, |S|=10001, Oracle MIS=10000, Improvement=185
n=20000, coeff=20.0, trial=1, GT MIS=10000, Greedy MIS=9815, |S|=10000, Oracle MIS=10000, Improvement=185
n=20000, coeff=20.0, trial=2, GT MIS=10000, Greedy MIS=9615, |S|=20000, Oracle MIS=9615, Improvement=0
n=20000, coeff=20.0, trial=2, GT MIS=10000, Greedy MIS=9615, |S|=20000, Oracle MIS=9615, Improvement=0
n=20000, coeff=20.0, trial=2, GT MIS=10000, Greedy MIS=9615, |S|=20000, Oracle MIS=9615, Improvement=0
n=20000, coeff=20.0, trial=2, GT MIS=10000, Greedy MIS=9615, |S|=19956, Oracle MIS=9615, Improvement=0
n=20000, coeff=20.0, trial=2, GT MIS=10000, Greedy MIS=9615, |S|=19039, Oracle MIS=10000, Improvement=385
n=20000, coeff=20.0, trial=2, GT MIS=10000, Greedy MIS=9615, |S|=14991, Oracle MIS=10000, Improvement=385
n=20000, coeff=20.0, trial=2, GT MIS=10000, Greedy MIS=9615, |S|=11015, Oracle MIS=10000, Improvement=385
n=20000, coeff=20.0, trial=2, GT MIS=10000, Greedy MIS=9615, |S|=10062, Oracle MIS=10000, Improvement=385
n=20000, coeff=20.0, trial=2, GT MIS=10000, Greedy MIS=9615, |S|=10000, Oracle MIS=10000, Improvement=385
n=20000, coeff=20.0, trial=2, GT MIS=10000, Greedy MIS=9615, |S|=10000, Oracle MIS=10000, Improvement=385
n=20000, coeff=20.0, trial=3, GT MIS=10000, Greedy MIS=9757, |S|=20000, Oracle MIS=9757, Improvement=0
n=20000, coeff=20.0, trial=3, GT MIS=10000, Greedy MIS=9757, |S|=20000, Oracle MIS=9757, Improvement=0
n=20000, coeff=20.0, trial=3, GT MIS=10000, Greedy MIS=9757, |S|=19999, Oracle MIS=9757, Improvement=0
n=20000, coeff=20.0, trial=3, GT MIS=10000, Greedy MIS=9757, |S|=19962, Oracle MIS=9658, Improvement=-99
n=20000, coeff=20.0, trial=3, GT MIS=10000, Greedy MIS=9757, |S|=19083, Oracle MIS=10000, Improvement=243
n=20000, coeff=20.0, trial=3, GT MIS=10000, Greedy MIS=9757, |S|=15092, Oracle MIS=10000, Improvement=243
n=20000, coeff=20.0, trial=3, GT MIS=10000, Greedy MIS=9757, |S|=11148, Oracle MIS=10000, Improvement=243
n=20000, coeff=20.0, trial=3, GT MIS=10000, Greedy MIS=9757, |S|=10075, Oracle MIS=10000, Improvement=243
n=20000, coeff=20.0, trial=3, GT MIS=10000, Greedy MIS=9757, |S|=10001, Oracle MIS=10000, Improvement=243
n=20000, coeff=20.0, trial=3, GT MIS=10000, Greedy MIS=9757, |S|=10000, Oracle MIS=10000, Improvement=243
n=20000, coeff=20.0, trial=4, GT MIS=10000, Greedy MIS=10000, |S|=20000, Oracle MIS=10000, Improvement=0
n=20000, coeff=20.0, trial=4, GT MIS=10000, Greedy MIS=10000, |S|=20000, Oracle MIS=10000, Improvement=0
n=20000, coeff=20.0, trial=4, GT MIS=10000, Greedy MIS=10000, |S|=19999, Oracle MIS=10000, Improvement=0
n=20000, coeff=20.0, trial=4, GT MIS=10000, Greedy MIS=10000, |S|=19966, Oracle MIS=10000, Improvement=0
n=20000, coeff=20.0, trial=4, GT MIS=10000, Greedy MIS=10000, |S|=19084, Oracle MIS=10000, Improvement=0
n=20000, coeff=20.0, trial=4, GT MIS=10000, Greedy MIS=10000, |S|=15065, Oracle MIS=10000, Improvement=0
n=20000, coeff=20.0, trial=4, GT MIS=10000, Greedy MIS=10000, |S|=11014, Oracle MIS=10000, Improvement=0
n=20000, coeff=20.0, trial=4, GT MIS=10000, Greedy MIS=10000, |S|=10072, Oracle MIS=10000, Improvement=0
n=20000, coeff=20.0, trial=4, GT MIS=10000, Greedy MIS=10000, |S|=10001, Oracle MIS=10000, Improvement=0
n=20000, coeff=20.0, trial=4, GT MIS=10000, Greedy MIS=10000, |S|=10000, Oracle MIS=10000, Improvement=0
n=20000, coeff=20.0, trial=5, GT MIS=10000, Greedy MIS=9744, |S|=20000, Oracle MIS=9744, Improvement=0
n=20000, coeff=20.0, trial=5, GT MIS=10000, Greedy MIS=9744, |S|=20000, Oracle MIS=9744, Improvement=0
n=20000, coeff=20.0, trial=5, GT MIS=10000, Greedy MIS=9744, |S|=20000, Oracle MIS=9744, Improvement=0
n=20000, coeff=20.0, trial=5, GT MIS=10000, Greedy MIS=9744, |S|=19962, Oracle MIS=9872, Improvement=128
n=20000, coeff=20.0, trial=5, GT MIS=10000, Greedy MIS=9744, |S|=18981, Oracle MIS=10000, Improvement=256
n=20000, coeff=20.0, trial=5, GT MIS=10000, Greedy MIS=9744, |S|=15025, Oracle MIS=10000, Improvement=256
n=20000, coeff=20.0, trial=5, GT MIS=10000, Greedy MIS=9744, |S|=11039, Oracle MIS=10000, Improvement=256
n=20000, coeff=20.0, trial=5, GT MIS=10000, Greedy MIS=9744, |S|=10062, Oracle MIS=10000, Improvement=256
n=20000, coeff=20.0, trial=5, GT MIS=10000, Greedy MIS=9744, |S|=10000, Oracle MIS=10000, Improvement=256
n=20000, coeff=20.0, trial=5, GT MIS=10000, Greedy MIS=9744, |S|=10000, Oracle MIS=10000, Improvement=256
n=20000, coeff=20.0, trial=6, GT MIS=10000, Greedy MIS=10000, |S|=20000, Oracle MIS=10000, Improvement=0
n=20000, coeff=20.0, trial=6, GT MIS=10000, Greedy MIS=10000, |S|=20000, Oracle MIS=10000, Improvement=0
n=20000, coeff=20.0, trial=6, GT MIS=10000, Greedy MIS=10000, |S|=20000, Oracle MIS=10000, Improvement=0
n=20000, coeff=20.0, trial=6, GT MIS=10000, Greedy MIS=10000, |S|=19960, Oracle MIS=9896, Improvement=-104
n=20000, coeff=20.0, trial=6, GT MIS=10000, Greedy MIS=10000, |S|=19030, Oracle MIS=10000, Improvement=0
n=20000, coeff=20.0, trial=6, GT MIS=10000, Greedy MIS=10000, |S|=15250, Oracle MIS=10000, Improvement=0
n=20000, coeff=20.0, trial=6, GT MIS=10000, Greedy MIS=10000, |S|=11112, Oracle MIS=10000, Improvement=0
n=20000, coeff=20.0, trial=6, GT MIS=10000, Greedy MIS=10000, |S|=10095, Oracle MIS=10000, Improvement=0
n=20000, coeff=20.0, trial=6, GT MIS=10000, Greedy MIS=10000, |S|=10003, Oracle MIS=10000, Improvement=0
n=20000, coeff=20.0, trial=6, GT MIS=10000, Greedy MIS=10000, |S|=10000, Oracle MIS=10000, Improvement=0
n=20000, coeff=20.0, trial=7, GT MIS=10000, Greedy MIS=9936, |S|=20000, Oracle MIS=9936, Improvement=0
n=20000, coeff=20.0, trial=7, GT MIS=10000, Greedy MIS=9936, |S|=20000, Oracle MIS=9936, Improvement=0
n=20000, coeff=20.0, trial=7, GT MIS=10000, Greedy MIS=9936, |S|=20000, Oracle MIS=9936, Improvement=0
n=20000, coeff=20.0, trial=7, GT MIS=10000, Greedy MIS=9936, |S|=19933, Oracle MIS=9805, Improvement=-131
n=20000, coeff=20.0, trial=7, GT MIS=10000, Greedy MIS=9936, |S|=18829, Oracle MIS=10000, Improvement=64
n=20000, coeff=20.0, trial=7, GT MIS=10000, Greedy MIS=9936, |S|=14642, Oracle MIS=10000, Improvement=64
n=20000, coeff=20.0, trial=7, GT MIS=10000, Greedy MIS=9936, |S|=10929, Oracle MIS=10000, Improvement=64
n=20000, coeff=20.0, trial=7, GT MIS=10000, Greedy MIS=9936, |S|=10058, Oracle MIS=10000, Improvement=64
n=20000, coeff=20.0, trial=7, GT MIS=10000, Greedy MIS=9936, |S|=10000, Oracle MIS=10000, Improvement=64
n=20000, coeff=20.0, trial=7, GT MIS=10000, Greedy MIS=9936, |S|=10000, Oracle MIS=10000, Improvement=64
n=20000, coeff=20.0, trial=8, GT MIS=10000, Greedy MIS=10000, |S|=20000, Oracle MIS=10000, Improvement=0
n=20000, coeff=20.0, trial=8, GT MIS=10000, Greedy MIS=10000, |S|=20000, Oracle MIS=10000, Improvement=0
n=20000, coeff=20.0, trial=8, GT MIS=10000, Greedy MIS=10000, |S|=19999, Oracle MIS=9999, Improvement=-1
n=20000, coeff=20.0, trial=8, GT MIS=10000, Greedy MIS=10000, |S|=19971, Oracle MIS=9971, Improvement=-29
n=20000, coeff=20.0, trial=8, GT MIS=10000, Greedy MIS=10000, |S|=19298, Oracle MIS=10000, Improvement=0
n=20000, coeff=20.0, trial=8, GT MIS=10000, Greedy MIS=10000, |S|=15527, Oracle MIS=10000, Improvement=0
n=20000, coeff=20.0, trial=8, GT MIS=10000, Greedy MIS=10000, |S|=11235, Oracle MIS=10000, Improvement=0
n=20000, coeff=20.0, trial=8, GT MIS=10000, Greedy MIS=10000, |S|=10087, Oracle MIS=10000, Improvement=0
n=20000, coeff=20.0, trial=8, GT MIS=10000, Greedy MIS=10000, |S|=10006, Oracle MIS=10000, Improvement=0
n=20000, coeff=20.0, trial=8, GT MIS=10000, Greedy MIS=10000, |S|=10000, Oracle MIS=10000, Improvement=0
n=20000, coeff=20.0, trial=9, GT MIS=10000, Greedy MIS=10000, |S|=20000, Oracle MIS=10000, Improvement=0
n=20000, coeff=20.0, trial=9, GT MIS=10000, Greedy MIS=10000, |S|=20000, Oracle MIS=10000, Improvement=0
n=20000, coeff=20.0, trial=9, GT MIS=10000, Greedy MIS=10000, |S|=20000, Oracle MIS=10000, Improvement=0
n=20000, coeff=20.0, trial=9, GT MIS=10000, Greedy MIS=10000, |S|=19964, Oracle MIS=10000, Improvement=0
n=20000, coeff=20.0, trial=9, GT MIS=10000, Greedy MIS=10000, |S|=19016, Oracle MIS=10000, Improvement=0
n=20000, coeff=20.0, trial=9, GT MIS=10000, Greedy MIS=10000, |S|=15053, Oracle MIS=10000, Improvement=0
n=20000, coeff=20.0, trial=9, GT MIS=10000, Greedy MIS=10000, |S|=11206, Oracle MIS=10000, Improvement=0
n=20000, coeff=20.0, trial=9, GT MIS=10000, Greedy MIS=10000, |S|=10089, Oracle MIS=10000, Improvement=0
n=20000, coeff=20.0, trial=9, GT MIS=10000, Greedy MIS=10000, |S|=10002, Oracle MIS=10000, Improvement=0
n=20000, coeff=20.0, trial=9, GT MIS=10000, Greedy MIS=10000, |S|=10000, Oracle MIS=10000, Improvement=0
Results saved to bipartite_experiment_results_epislons_20000.csv
